/out/sourcedata/freesurfer/sub-v1s4x0050687_ses-1/mri
/opt/freesurfer/bin/talairach_avi
--i orig_nu.mgz --xfm transforms/talairach.auto.xfm
talairach_avi 7.3.2
Linux dna029 5.14.0-427.37.1.el9_4.x86_64 #1 SMP PREEMPT_DYNAMIC Fri Sep 13 12:41:50 EDT 2024 x86_64 x86_64 x86_64 GNU/Linux
Tue Mar 10 02:06:49 CET 2026
mri_convert orig_nu.mgz talsrcimg.img 
reading from orig_nu.mgz...
TR=0.00, TE=0.00, TI=0.00, flip angle=0.00
i_ras = (-1, -1.97906e-09, 0)
j_ras = (0, 7.45058e-09, -1)
k_ras = (0, 1, 0)
writing to talsrcimg.img...
Analyze Output Matrix
-1.00000   0.00000   0.00000   132.50644;
-0.00000   0.00000   1.00000  -113.77269;
 0.00000  -1.00000   0.00000   144.83957;
 0.00000   0.00000   0.00000   1.00000;
--------------------
INFO: set hdr.hist.orient to -1
mpr2mni305 talsrcimg
Tue Mar 10 02:06:50 CET 2026
/opt/freesurfer/bin/mpr2mni305 talsrcimg
mpr2mni305 7.3.2
target=711-2C_as_mni_average_305

---------------------------------------------------------------------
analyzeto4dfp talsrcimg -O0 -y
---------------------------------------------------------------------

freesurfer ifh2hdr.c
Tue Mar 10 02:06:50 2026
Writing: talsrcimg.4dfp.hdr
freesurfer analyzeto4dfp.c
Reading: talsrcimg.hdr
header size 348 bytes
hdr.dime.datatype	offset=70	value=2
hdr.dime.bitpix		offset=72	value=8
hdr.hist.orient		offset=252	value=-1
dimensionality     4
dimensions       256       256       256         1
Reading: talsrcimg.img
Writing: talsrcimg.4dfp.img
Writing: talsrcimg.4dfp.ifh
ifh2hdr talsrcimg -r0to240
ori=2

---------------------------------------------------------------------
gauss_4dfp talsrcimg 1.1
---------------------------------------------------------------------

freesurfer gauss_4dfp.c
Reading: talsrcimg.4dfp.img
Writing: talsrcimg_g11.4dfp.img
image dimensions 256 256 256 padded to 288 288 288
processing volume 1freesurfer ifh2hdr.c
Tue Mar 10 02:06:51 2026
Writing: talsrcimg_g11.4dfp.hdr

Writing: talsrcimg_g11.4dfp.ifh
including: talsrcimg.4dfp.img.rec in talsrcimg_g11.4dfp.img.rec

---------------------------------------------------------------------
imgreg_4dfp /opt/freesurfer/average/711-2C_as_mni_average_305 none talsrcimg_g11 none talsrcimg_to_711-2C_as_mni_average_305_t4 4355
---------------------------------------------------------------------

freesurfer imgreg_4dfp.c
/opt/freesurfer/average/711-2C_as_mni_average_305.4dfp.img
       256       256       256         1
  1.000000  1.000000  1.000000
orientation T byte_order littleendian
Reading image: /opt/freesurfer/average/711-2C_as_mni_average_305.4dfp.img
dimensions:      256       256       256
mmppix:       1.0000   -1.0000   -1.0000
center:     128.0000 -129.0000 -129.0000
talsrcimg_g11.4dfp.img
       256       256       256         1
  1.000000  1.000000  1.000000
orientation T byte_order littleendian
Reading image: talsrcimg_g11.4dfp.img
dimensions:      256       256       256
mmppix:       1.0000   -1.0000   -1.0000
center:     128.0000 -129.0000 -129.0000
t4_read: open error in t4_sub.f l:  41 t4_file(1:l)talsrcimg_to_711-2C_as_mni_average_305_t4 
t4_read: transform initialized to I4
rotation matrix determinant  1.000000
image alignment mode   4355 decimal     1103 hex
   -7.5000  -45.0000  -45.0000 8963.2764   14.8783
    0.0000  -45.0000  -45.0000 9338.0938   14.8669
    7.5000  -45.0000  -45.0000 8988.7969   14.8748
   -7.5000  -37.5000  -45.0000 9466.8271   14.7448
    0.0000  -37.5000  -45.0000 9859.7158   14.7322
    7.5000  -37.5000  -45.0000 9486.5947   14.7395
   -7.5000  -30.0000  -45.000010354.2842   14.6446
    0.0000  -30.0000  -45.000010818.7051   14.6339
    7.5000  -30.0000  -45.000010385.1250   14.6390
   -7.5000  -22.5000  -45.000010997.5664   14.6179
    0.0000  -22.5000  -45.000011490.8672   14.6093
    7.5000  -22.5000  -45.000011008.9150   14.6122
   -7.5000  -15.0000  -45.000011468.0283   14.6265
    0.0000  -15.0000  -45.000012018.2031   14.6189
    7.5000  -15.0000  -45.000011474.6895   14.6226
   -7.5000   -7.5000  -45.000011863.5498   14.6421
    0.0000   -7.5000  -45.000012437.8496   14.6332
    7.5000   -7.5000  -45.000011845.6396   14.6397
   -7.5000    0.0000  -45.000012157.4844   14.6490
    0.0000    0.0000  -45.000012759.8770   14.6374
    7.5000    0.0000  -45.000012133.0615   14.6455
   -7.5000    7.5000  -45.000011512.8037   14.6404
    0.0000    7.5000  -45.000012098.8555   14.6280
    7.5000    7.5000  -45.000011481.9189   14.6354
   -7.5000   15.0000  -45.000010820.2734   14.6249
    0.0000   15.0000  -45.000011339.6777   14.6141
    7.5000   15.0000  -45.000010800.7598   14.6192
   -7.5000   22.5000  -45.000010096.1221   14.8271
    0.0000   22.5000  -45.000010572.0850   14.8186
    7.5000   22.5000  -45.000010064.9209   14.8202
   -7.5000   30.0000  -45.0000 9426.1045   15.0273
    0.0000   30.0000  -45.0000 9935.0586   15.0183
    7.5000   30.0000  -45.0000 9429.7070   15.0220
   -7.5000   37.5000  -45.0000 9126.1875   15.4748
    0.0000   37.5000  -45.0000 9612.2998   15.4647
    7.5000   37.5000  -45.0000 9140.7549   15.4737
   -7.5000   45.0000  -45.0000 8501.8359   15.5508
    0.0000   45.0000  -45.0000 8945.7451   15.5412
    7.5000   45.0000  -45.0000 8509.7314   15.5517
   -7.5000  -45.0000  -37.5000 9446.1602   14.8194
    0.0000  -45.0000  -37.5000 9892.2695   14.8009
    7.5000  -45.0000  -37.5000 9475.5107   14.8031
   -7.5000  -37.5000  -37.5000 9999.9111   14.6879
    0.0000  -37.5000  -37.500010468.3242   14.6677
    7.5000  -37.5000  -37.500010027.6143   14.6679
   -7.5000  -30.0000  -37.500010951.9541   14.5919
    0.0000  -30.0000  -37.500011488.7061   14.5729
    7.5000  -30.0000  -37.500010977.4902   14.5690
   -7.5000  -22.5000  -37.500011613.2217   14.5682
    0.0000  -22.5000  -37.500012168.5068   14.5512
    7.5000  -22.5000  -37.500011624.6914   14.5443
   -7.5000  -15.0000  -37.500012119.3652   14.5761
    0.0000  -15.0000  -37.500012697.7100   14.5603
    7.5000  -15.0000  -37.500012132.9346   14.5553
   -7.5000   -7.5000  -37.500012526.6230   14.5875
    0.0000   -7.5000  -37.500013123.3662   14.5713
    7.5000   -7.5000  -37.500012532.7373   14.5714
   -7.5000    0.0000  -37.500012862.1455   14.5916
    0.0000    0.0000  -37.500013490.2734   14.5732
    7.5000    0.0000  -37.500012840.1426   14.5758
   -7.5000    7.5000  -37.500012188.1855   14.5843
    0.0000    7.5000  -37.500012783.7393   14.5645
    7.5000    7.5000  -37.500012167.9355   14.5648
   -7.5000   15.0000  -37.500011426.1553   14.5724
    0.0000   15.0000  -37.500011973.1455   14.5533
    7.5000   15.0000  -37.500011400.5850   14.5494
   -7.5000   22.5000  -37.500010648.4111   14.7738
    0.0000   22.5000  -37.500011169.5859   14.7567
    7.5000   22.5000  -37.500010607.1680   14.7488
   -7.5000   30.0000  -37.5000 9955.8252   14.9714
    0.0000   30.0000  -37.500010481.7881   14.9526
    7.5000   30.0000  -37.5000 9965.9082   14.9461
   -7.5000   37.5000  -37.5000 9659.5869   15.4108
    0.0000   37.5000  -37.500010161.2969   15.3901
    7.5000   37.5000  -37.5000 9665.6299   15.3907
   -7.5000   45.0000  -37.5000 8975.7412   15.4780
    0.0000   45.0000  -37.5000 9441.0547   15.4593
    7.5000   45.0000  -37.5000 8983.7793   15.4649
   -7.5000  -45.0000  -30.000010092.7148   15.4356
    0.0000  -45.0000  -30.000010582.1699   15.4035
    7.5000  -45.0000  -30.000010143.0234   15.3992
   -7.5000  -37.5000  -30.000010704.9531   15.3015
    0.0000  -37.5000  -30.000011201.1699   15.2700
    7.5000  -37.5000  -30.000010753.1465   15.2623
   -7.5000  -30.0000  -30.000011706.7607   15.2029
    0.0000  -30.0000  -30.000012252.4629   15.1751
    7.5000  -30.0000  -30.000011734.6855   15.1637
   -7.5000  -22.5000  -30.000012408.7852   15.1767
    0.0000  -22.5000  -30.000012979.1064   15.1515
    7.5000  -22.5000  -30.000012418.6885   15.1387
   -7.5000  -15.0000  -30.000012957.0146   15.1820
    0.0000  -15.0000  -30.000013565.5078   15.1563
    7.5000  -15.0000  -30.000012965.8867   15.1465
   -7.5000   -7.5000  -30.000013425.3828   15.1925
    0.0000   -7.5000  -30.000014072.8115   15.1635
    7.5000   -7.5000  -30.000013433.5400   15.1586
   -7.5000    0.0000  -30.000013807.6328   15.1981
    0.0000    0.0000  -30.000014472.3320   15.1665
    7.5000    0.0000  -30.000013772.8457   15.1626
   -7.5000    7.5000  -30.000013109.1543   15.1936
    0.0000    7.5000  -30.000013751.5732   15.1626
    7.5000    7.5000  -30.000013057.8408   15.1552
   -7.5000   15.0000  -30.000012255.5977   15.1826
    0.0000   15.0000  -30.000012857.9902   15.1549
    7.5000   15.0000  -30.000012197.1660   15.1434
   -7.5000   22.5000  -30.000011403.4014   15.3869
    0.0000   22.5000  -30.000011978.5615   15.3616
    7.5000   22.5000  -30.000011322.6797   15.3481
   -7.5000   30.0000  -30.000010640.3184   15.5934
    0.0000   30.0000  -30.000011216.5723   15.5640
    7.5000   30.0000  -30.000010620.9375   15.5521
   -7.5000   37.5000  -30.000010333.2656   16.0556
    0.0000   37.5000  -30.000010881.3594   16.0203
    7.5000   37.5000  -30.000010309.9102   16.0140
   -7.5000   45.0000  -30.0000 9590.4395   16.1395
    0.0000   45.0000  -30.000010080.9053   16.1065
    7.5000   45.0000  -30.0000 9574.4971   16.1052
   -7.5000  -45.0000  -22.500010703.8994   15.9460
    0.0000  -45.0000  -22.500011216.2480   15.9067
    7.5000  -45.0000  -22.500010750.9678   15.9004
   -7.5000  -37.5000  -22.500011363.1289   15.8088
    0.0000  -37.5000  -22.500011903.3047   15.7730
    7.5000  -37.5000  -22.500011440.9492   15.7637
   -7.5000  -30.0000  -22.500012416.6221   15.7055
    0.0000  -30.0000  -22.500013006.1182   15.6766
    7.5000  -30.0000  -22.500012469.1621   15.6661
   -7.5000  -22.5000  -22.500013172.7627   15.6750
    0.0000  -22.5000  -22.500013770.2031   15.6496
    7.5000  -22.5000  -22.500013160.8389   15.6405
   -7.5000  -15.0000  -22.500013756.0303   15.6790
    0.0000  -15.0000  -22.500014432.4727   15.6507
    7.5000  -15.0000  -22.500013761.9795   15.6446
   -7.5000   -7.5000  -22.500014282.5664   15.6921
    0.0000   -7.5000  -22.500014999.0254   15.6570
    7.5000   -7.5000  -22.500014302.2295   15.6526
   -7.5000    0.0000  -22.500014701.7695   15.7008
    0.0000    0.0000  -22.500015431.0537   15.6621
    7.5000    0.0000  -22.500014673.3379   15.6561
   -7.5000    7.5000  -22.500013970.5449   15.6975
    0.0000    7.5000  -22.500014680.6396   15.6622
    7.5000    7.5000  -22.500013891.6328   15.6532
   -7.5000   15.0000  -22.500013075.8203   15.6845
    0.0000   15.0000  -22.500013739.6455   15.6557
    7.5000   15.0000  -22.500012968.2217   15.6452
   -7.5000   22.5000  -22.500012147.9453   15.8906
    0.0000   22.5000  -22.500012788.5273   15.8653
    7.5000   22.5000  -22.500012055.2988   15.8552
   -7.5000   30.0000  -22.500011332.0010   16.1051
    0.0000   30.0000  -22.500011954.3613   16.0746
    7.5000   30.0000  -22.500011272.7021   16.0672
   -7.5000   37.5000  -22.500011000.0186   16.5911
    0.0000   37.5000  -22.500011585.1504   16.5519
    7.5000   37.5000  -22.500010952.8301   16.5464
   -7.5000   45.0000  -22.500010217.6836   16.6962
    0.0000   45.0000  -22.500010745.1514   16.6586
    7.5000   45.0000  -22.500010169.4766   16.6544
   -7.5000  -45.0000  -15.000011274.0293   16.3107
    0.0000  -45.0000  -15.000011824.4014   16.2763
    7.5000  -45.0000  -15.000011340.1543   16.2756
   -7.5000  -37.5000  -15.000011976.8770   16.1696
    0.0000  -37.5000  -15.000012576.1221   16.1394
    7.5000  -37.5000  -15.000012067.7139   16.1371
   -7.5000  -30.0000  -15.000013068.9062   16.0616
    0.0000  -30.0000  -15.000013696.6377   16.0392
    7.5000  -30.0000  -15.000013131.3936   16.0373
   -7.5000  -22.5000  -15.000013863.6846   16.0286
    0.0000  -22.5000  -15.000014508.5381   16.0098
    7.5000  -22.5000  -15.000013887.9492   16.0097
   -7.5000  -15.0000  -15.000014513.6367   16.0333
    0.0000  -15.0000  -15.000015228.5117   16.0113
    7.5000  -15.0000  -15.000014522.5078   16.0132
   -7.5000   -7.5000  -15.000015108.7256   16.0497
    0.0000   -7.5000  -15.000015852.2314   16.0199
    7.5000   -7.5000  -15.000015104.2949   16.0213
   -7.5000    0.0000  -15.000015557.1914   16.0604
    0.0000    0.0000  -15.000016311.4883   16.0264
    7.5000    0.0000  -15.000015525.0420   16.0258
   -7.5000    7.5000  -15.000014783.7354   16.0558
    0.0000    7.5000  -15.000015527.8906   16.0260
    7.5000    7.5000  -15.000014702.6475   16.0239
   -7.5000   15.0000  -15.000013876.2695   16.0402
    0.0000   15.0000  -15.000014575.7363   16.0178
    7.5000   15.0000  -15.000013731.4688   16.0158
   -7.5000   22.5000  -15.000012918.2646   16.2499
    0.0000   22.5000  -15.000013588.7939   16.2314
    7.5000   22.5000  -15.000012769.2607   16.2299
   -7.5000   30.0000  -15.000012048.0596   16.4718
    0.0000   30.0000  -15.000012670.9209   16.4493
    7.5000   30.0000  -15.000011916.3223   16.4516
   -7.5000   37.5000  -15.000011676.9775   16.9719
    0.0000   37.5000  -15.000012251.8633   16.9418
    7.5000   37.5000  -15.000011571.7461   16.9443
   -7.5000   45.0000  -15.000010838.0791   17.0922
    0.0000   45.0000  -15.000011375.9727   17.0625
    7.5000   45.0000  -15.000010762.5645   17.0634
   -7.5000  -45.0000   -7.500011871.1182   16.5033
    0.0000  -45.0000   -7.500012449.2412   16.4827
    7.5000  -45.0000   -7.500011953.4277   16.4896
   -7.5000  -37.5000   -7.500012642.6484   16.3579
    0.0000  -37.5000   -7.500013249.2793   16.3388
    7.5000  -37.5000   -7.500012740.0498   16.3453
   -7.5000  -30.0000   -7.500013749.5674   16.2473
    0.0000  -30.0000   -7.500014371.1348   16.2334
    7.5000  -30.0000   -7.500013821.4287   16.2395
   -7.5000  -22.5000   -7.500014553.4629   16.2154
    0.0000  -22.5000   -7.500015214.9248   16.2045
    7.5000  -22.5000   -7.500014615.7549   16.2104
   -7.5000  -15.0000   -7.500015232.7939   16.2227
    0.0000  -15.0000   -7.500015962.4434   16.2107
    7.5000  -15.0000   -7.500015287.2129   16.2176
   -7.5000   -7.5000   -7.500015862.8018   16.2407
    0.0000   -7.5000   -7.500016634.3379   16.2238
    7.5000   -7.5000   -7.500015886.8936   16.2312
   -7.5000    0.0000   -7.500016377.2627   16.2504
    0.0000    0.0000   -7.500017186.2207   16.2299
    7.5000    0.0000   -7.500016391.7422   16.2368
   -7.5000    7.5000   -7.500015600.5205   16.2428
    0.0000    7.5000   -7.500016413.9668   16.2239
    7.5000    7.5000   -7.500015597.9150   16.2305
   -7.5000   15.0000   -7.500014675.4902   16.2256
    0.0000   15.0000   -7.500015425.3477   16.2116
    7.5000   15.0000   -7.500014569.0879   16.2177
   -7.5000   22.5000   -7.500013692.6787   16.4400
    0.0000   22.5000   -7.500014351.0703   16.4294
    7.5000   22.5000   -7.500013521.6328   16.4337
   -7.5000   30.0000   -7.500012752.7949   16.6684
    0.0000   30.0000   -7.500013352.5645   16.6561
    7.5000   30.0000   -7.500012605.7764   16.6641
   -7.5000   37.5000   -7.500012347.2148   17.1693
    0.0000   37.5000   -7.500012948.5752   17.1530
    7.5000   37.5000   -7.500012213.1689   17.1634
   -7.5000   45.0000   -7.500011446.7002   17.2911
    0.0000   45.0000   -7.500012045.0225   17.2748
    7.5000   45.0000   -7.500011362.2119   17.2835
   -7.5000  -45.0000    0.000012367.0557   16.5576
    0.0000  -45.0000    0.000012955.9404   16.5448
    7.5000  -45.0000    0.000012480.9482   16.5531
   -7.5000  -37.5000    0.000013154.8984   16.4098
    0.0000  -37.5000    0.000013818.0684   16.3953
    7.5000  -37.5000    0.000013287.8828   16.4030
   -7.5000  -30.0000    0.000014290.9287   16.2997
    0.0000  -30.0000    0.000014938.0938   16.2871
    7.5000  -30.0000    0.000014393.4805   16.2922
   -7.5000  -22.5000    0.000015118.5781   16.2711
    0.0000  -22.5000    0.000015816.3848   16.2608
    7.5000  -22.5000    0.000015219.4736   16.2634
   -7.5000  -15.0000    0.000015811.1094   16.2806
    0.0000  -15.0000    0.000016556.3008   16.2717
    7.5000  -15.0000    0.000015937.4961   16.2752
   -7.5000   -7.5000    0.000016466.8027   16.2971
    0.0000   -7.5000    0.000017215.1777   16.2870
    7.5000   -7.5000    0.000016550.3535   16.2938
   -7.5000    0.0000    0.000017080.0469   16.3038
    0.0000    0.0000    0.000017880.3379   16.2908
    7.5000    0.0000    0.000017138.0977   16.2994
   -7.5000    7.5000    0.000016421.1426   16.2942
    0.0000    7.5000    0.000017372.2949   16.2800
    7.5000    7.5000    0.000016479.4258   16.2878
   -7.5000   15.0000    0.000015559.9883   16.2779
    0.0000   15.0000    0.000016476.2344   16.2652
    7.5000   15.0000    0.000015494.9521   16.2703
   -7.5000   22.5000    0.000014473.7246   16.4973
    0.0000   22.5000    0.000015207.1943   16.4872
    7.5000   22.5000    0.000014321.7510   16.4883
   -7.5000   30.0000    0.000013386.0449   16.7296
    0.0000   30.0000    0.000014016.2383   16.7190
    7.5000   30.0000    0.000013250.3945   16.7226
   -7.5000   37.5000    0.000012913.7021   17.2241
    0.0000   37.5000    0.000013570.3379   17.2125
    7.5000   37.5000    0.000012788.4033   17.2221
   -7.5000   45.0000    0.000011966.1416   17.3384
    0.0000   45.0000    0.000012618.5361   17.3276
    7.5000   45.0000    0.000011857.0645   17.3388
   -7.5000  -45.0000    7.500011908.4336   16.5773
    0.0000  -45.0000    7.500012502.7285   16.5566
    7.5000  -45.0000    7.500012047.7207   16.5591
   -7.5000  -37.5000    7.500012734.8096   16.4305
    0.0000  -37.5000    7.500013344.7490   16.4079
    7.5000  -37.5000    7.500012866.9492   16.4081
   -7.5000  -30.0000    7.500013821.8945   16.3232
    0.0000  -30.0000    7.500014411.1338   16.3019
    7.5000  -30.0000    7.500013947.8975   16.2975
   -7.5000  -22.5000    7.500014652.2393   16.2965
    0.0000  -22.5000    7.500015252.0918   16.2774
    7.5000  -22.5000    7.500014779.6289   16.2697
   -7.5000  -15.0000    7.500015365.2002   16.3052
    0.0000  -15.0000    7.500016019.9844   16.2875
    7.5000  -15.0000    7.500015502.6025   16.2819
   -7.5000   -7.5000    7.500016014.2119   16.3179
    0.0000   -7.5000    7.500016700.0527   16.2998
    7.5000   -7.5000    7.500016099.1270   16.2998
   -7.5000    0.0000    7.500016603.5391   16.3226
    0.0000    0.0000    7.500017501.0781   16.3020
    7.5000    0.0000    7.500016669.7246   16.3049
   -7.5000    7.5000    7.500016029.0283   16.3147
    0.0000    7.5000    7.500017154.8418   16.2925
    7.5000    7.5000    7.500016106.3301   16.2928
   -7.5000   15.0000    7.500015283.6191   16.3014
    0.0000   15.0000    7.500016451.1367   16.2800
    7.5000   15.0000    7.500015243.1406   16.2756
   -7.5000   22.5000    7.500014119.6904   16.5211
    0.0000   22.5000    7.500015068.4180   16.5019
    7.5000   22.5000    7.500014070.7764   16.4932
   -7.5000   30.0000    7.500012958.6367   16.7537
    0.0000   30.0000    7.500013721.9316   16.7326
    7.5000   30.0000    7.500012930.7246   16.7253
   -7.5000   37.5000    7.500012436.7861   17.2451
    0.0000   37.5000    7.500013118.2451   17.2219
    7.5000   37.5000    7.500012421.0469   17.2226
   -7.5000   45.0000    7.500011550.1592   17.3543
    0.0000   45.0000    7.500012151.4023   17.3333
    7.5000   45.0000    7.500011514.4316   17.3395
   -7.5000  -45.0000   15.000011402.1074   16.5751
    0.0000  -45.0000   15.000011971.8096   16.5406
    7.5000  -45.0000   15.000011534.0996   16.5359
   -7.5000  -37.5000   15.000012232.1650   16.4310
    0.0000  -37.5000   15.000012801.3223   16.3971
    7.5000  -37.5000   15.000012338.8652   16.3889
   -7.5000  -30.0000   15.000013239.5596   16.3252
    0.0000  -30.0000   15.000013831.5742   16.2953
    7.5000  -30.0000   15.000013342.3955   16.2830
   -7.5000  -22.5000   15.000014029.4277   16.2970
    0.0000  -22.5000   15.000014680.9395   16.2699
    7.5000  -22.5000   15.000014139.4541   16.2562
   -7.5000  -15.0000   15.000014697.0137   16.3027
    0.0000  -15.0000   15.000015409.9199   16.2750
    7.5000  -15.0000   15.000014832.0430   16.2646
   -7.5000   -7.5000   15.000015303.8906   16.3140
    0.0000   -7.5000   15.000016072.0684   16.2828
    7.5000   -7.5000   15.000015415.5381   16.2776
   -7.5000    0.0000   15.000015884.8398   16.3200
    0.0000    0.0000   15.000016747.4434   16.2860
    7.5000    0.0000   15.000015979.1660   16.2818
   -7.5000    7.5000   15.000015247.1855   16.3151
    0.0000    7.5000   15.000016125.3682   16.2819
    7.5000    7.5000   15.000015353.3428   16.2739
   -7.5000   15.0000   15.000014403.3984   16.3034
    0.0000   15.0000   15.000015191.4521   16.2735
    7.5000   15.0000   15.000014404.5068   16.2612
   -7.5000   22.5000   15.000013311.3291   16.5191
    0.0000   22.5000   15.000014021.6621   16.4919
    7.5000   22.5000   15.000013344.9189   16.4774
   -7.5000   30.0000   15.000012279.7441   16.7494
    0.0000   30.0000   15.000012952.4570   16.7178
    7.5000   30.0000   15.000012353.1484   16.7050
   -7.5000   37.5000   15.000011825.2803   17.2458
    0.0000   37.5000   15.000012412.1680   17.2079
    7.5000   37.5000   15.000011914.4395   17.2011
   -7.5000   45.0000   15.000011038.7148   17.3589
    0.0000   45.0000   15.000011563.6348   17.3234
    7.5000   45.0000   15.000011070.1855   17.3220
   -7.5000  -45.0000   22.500010866.3877   16.5535
    0.0000  -45.0000   22.500011401.5020   16.5127
    7.5000  -45.0000   22.500010957.7480   16.5061
   -7.5000  -37.5000   22.500011630.2900   16.4111
    0.0000  -37.5000   22.500012216.9951   16.3739
    7.5000  -37.5000   22.500011721.1660   16.3642
   -7.5000  -30.0000   22.500012530.0879   16.3038
    0.0000  -30.0000   22.500013149.9531   16.2738
    7.5000  -30.0000   22.500012622.5000   16.2629
   -7.5000  -22.5000   22.500013241.6250   16.2721
    0.0000  -22.5000   22.500013883.7559   16.2458
    7.5000  -22.5000   22.500013328.9229   16.2363
   -7.5000  -15.0000   22.500013869.3984   16.2763
    0.0000  -15.0000   22.500014546.9561   16.2470
    7.5000  -15.0000   22.500013971.3613   16.2406
   -7.5000   -7.5000   22.500014454.4893   16.2899
    0.0000   -7.5000   22.500015168.7861   16.2534
    7.5000   -7.5000   22.500014564.3740   16.2489
   -7.5000    0.0000   22.500014903.2148   16.2989
    0.0000    0.0000   22.500015635.4824   16.2587
    7.5000    0.0000   22.500015039.2002   16.2525
   -7.5000    7.5000   22.500014190.1465   16.2955
    0.0000    7.5000   22.500014859.4453   16.2589
    7.5000    7.5000   22.500014299.5195   16.2495
   -7.5000   15.0000   22.500013315.9453   16.2821
    0.0000   15.0000   22.500013913.1055   16.2521
    7.5000   15.0000   22.500013354.9004   16.2412
   -7.5000   22.5000   22.500012379.9082   16.4934
    0.0000   22.5000   22.500012958.1191   16.4672
    7.5000   22.5000   22.500012434.3359   16.4567
   -7.5000   30.0000   22.500011531.2969   16.7210
    0.0000   30.0000   22.500012082.5713   16.6893
    7.5000   30.0000   22.500011592.5293   16.6817
   -7.5000   37.5000   22.500011170.6211   17.2256
    0.0000   37.5000   22.500011698.0020   17.1849
    7.5000   37.5000   22.500011232.7119   17.1792
   -7.5000   45.0000   22.500010441.5889   17.3473
    0.0000   45.0000   22.500010912.2236   17.3083
    7.5000   45.0000   22.500010467.9268   17.3039
   -7.5000  -45.0000   30.000010176.7988   16.5872
    0.0000  -45.0000   30.000010685.2432   16.5518
    7.5000  -45.0000   30.000010237.6055   16.5510
   -7.5000  -37.5000   30.000010875.9365   16.4432
    0.0000  -37.5000   30.000011420.1709   16.4121
    7.5000  -37.5000   30.000010939.7803   16.4096
   -7.5000  -30.0000   30.000011684.4795   16.3327
    0.0000  -30.0000   30.000012277.5371   16.3098
    7.5000  -30.0000   30.000011749.0381   16.3077
   -7.5000  -22.5000   30.000012319.0566   16.2987
    0.0000  -22.5000   30.000012934.8916   16.2796
    7.5000  -22.5000   30.000012396.6709   16.2794
   -7.5000  -15.0000   30.000012901.8730   16.3037
    0.0000  -15.0000   30.000013552.7861   16.2811
    7.5000  -15.0000   30.000012981.8350   16.2830
   -7.5000   -7.5000   30.000013439.0322   16.3207
    0.0000   -7.5000   30.000014123.8213   16.2901
    7.5000   -7.5000   30.000013546.3076   16.2915
   -7.5000    0.0000   30.000013809.1211   16.3318
    0.0000    0.0000   30.000014472.7188   16.2969
    7.5000    0.0000   30.000013923.4795   16.2962
   -7.5000    7.5000   30.000013083.3594   16.3270
    0.0000    7.5000   30.000013681.4180   16.2965
    7.5000    7.5000   30.000013193.3262   16.2942
   -7.5000   15.0000   30.000012239.7129   16.3108
    0.0000   15.0000   30.000012800.3271   16.2879
    7.5000   15.0000   30.000012316.6748   16.2857
   -7.5000   22.5000   30.000011428.1973   16.5228
    0.0000   22.5000   30.000011963.2051   16.5039
    7.5000   22.5000   30.000011512.1191   16.5023
   -7.5000   30.0000   30.000010675.8584   16.7517
    0.0000   30.0000   30.000011157.5107   16.7286
    7.5000   30.0000   30.000010751.7158   16.7310
   -7.5000   37.5000   30.000010390.1113   17.2623
    0.0000   37.5000   30.000010869.7393   17.2313
    7.5000   37.5000   30.000010452.9580   17.2339
   -7.5000   45.0000   30.0000 9703.8340   17.3914
    0.0000   45.0000   30.000010156.1768   17.3607
    7.5000   45.0000   30.0000 9759.0537   17.3615
   -7.5000  -45.0000   37.5000 9816.7100   16.7240
    0.0000  -45.0000   37.500010290.1055   16.7028
    7.5000  -45.0000   37.5000 9862.9385   16.7098
   -7.5000  -37.5000   37.500010471.0879   16.5750
    0.0000  -37.5000   37.500010982.3018   16.5553
    7.5000  -37.5000   37.500010520.9395   16.5618
   -7.5000  -30.0000   37.500011223.2451   16.4622
    0.0000  -30.0000   37.500011798.6562   16.4478
    7.5000  -30.0000   37.500011266.4736   16.4535
   -7.5000  -22.5000   37.500011844.2109   16.4301
    0.0000  -22.5000   37.500012462.9404   16.4187
    7.5000  -22.5000   37.500011919.2158   16.4240
   -7.5000  -15.0000   37.500012386.8594   16.4377
    0.0000  -15.0000   37.500013030.8818   16.4252
    7.5000  -15.0000   37.500012479.2998   16.4316
   -7.5000   -7.5000   37.500012866.3701   16.4556
    0.0000   -7.5000   37.500013528.6406   16.4381
    7.5000   -7.5000   37.500012970.8604   16.4454
   -7.5000    0.0000   37.500013225.7812   16.4650
    0.0000    0.0000   37.500013849.3242   16.4438
    7.5000    0.0000   37.500013318.3525   16.4509
   -7.5000    7.5000   37.500012507.6123   16.4571
    0.0000    7.5000   37.500013060.8994   16.4377
    7.5000    7.5000   37.500012557.9004   16.4443
   -7.5000   15.0000   37.500011718.5938   16.4400
    0.0000   15.0000   37.500012232.7080   16.4256
    7.5000   15.0000   37.500011743.2178   16.4312
   -7.5000   22.5000   37.500010952.9199   16.6604
    0.0000   22.5000   37.500011442.8584   16.6493
    7.5000   22.5000   37.500010978.3389   16.6529
   -7.5000   30.0000   37.500010233.4004   16.8975
    0.0000   30.0000   37.500010679.7773   16.8847
    7.5000   30.0000   37.500010272.5820   16.8921
   -7.5000   37.5000   37.5000 9974.3535   17.4108
    0.0000   37.5000   37.500010427.6533   17.3938
    7.5000   37.5000   37.500010053.7100   17.4042
   -7.5000   45.0000   37.5000 9338.9707   17.5411
    0.0000   45.0000   37.5000 9765.4688   17.5241
    7.5000   45.0000   37.5000 9394.8125   17.5331
   -7.5000  -45.0000   45.0000 9059.8154   16.9857
    0.0000  -45.0000   45.0000 9494.5439   16.9705
    7.5000  -45.0000   45.0000 9100.5010   16.9793
   -7.5000  -37.5000   45.0000 9654.4561   16.8292
    0.0000  -37.5000   45.000010132.7197   16.8127
    7.5000  -37.5000   45.0000 9673.7305   16.8211
   -7.5000  -30.0000   45.000010329.9482   16.7141
    0.0000  -30.0000   45.000010859.6777   16.7001
    7.5000  -30.0000   45.000010349.2168   16.7055
   -7.5000  -22.5000   45.000010905.7715   16.6854
    0.0000  -22.5000   45.000011473.9277   16.6738
    7.5000  -22.5000   45.000010955.4258   16.6762
   -7.5000  -15.0000   45.000011388.6641   16.6958
    0.0000  -15.0000   45.000011967.6885   16.6851
    7.5000  -15.0000   45.000011462.8369   16.6883
   -7.5000   -7.5000   45.000011817.8457   16.7116
    0.0000   -7.5000   45.000012416.6934   16.6992
    7.5000   -7.5000   45.000011889.6738   16.7061
   -7.5000    0.0000   45.000012129.1250   16.7171
    0.0000    0.0000   45.000012715.6982   16.7017
    7.5000    0.0000   45.000012179.8506   16.7108
   -7.5000    7.5000   45.000011455.7803   16.7069
    0.0000    7.5000   45.000011997.4873   16.6908
    7.5000    7.5000   45.000011496.7734   16.6992
   -7.5000   15.0000   45.000010724.8281   16.6911
    0.0000   15.0000   45.000011213.4688   16.6769
    7.5000   15.0000   45.000010748.2979   16.6823
   -7.5000   22.5000   45.000010051.5059   16.9253
    0.0000   22.5000   45.000010522.8994   16.9137
    7.5000   22.5000   45.000010081.8574   16.9146
   -7.5000   30.0000   45.0000 9404.7871   17.1756
    0.0000   30.0000   45.0000 9832.0039   17.1630
    7.5000   30.0000   45.0000 9435.7656   17.1662
   -7.5000   37.5000   45.0000 9167.3682   17.6976
    0.0000   37.5000   45.0000 9600.9766   17.6833
    7.5000   37.5000   45.0000 9239.1240   17.6930
   -7.5000   45.0000   45.0000 8595.9004   17.8399
    0.0000   45.0000   45.0000 8995.3682   17.8263
    7.5000   45.0000   45.0000 8642.0625   17.8383

---------------------------------------------------------------------
imgreg_4dfp /opt/freesurfer/average/711-2C_as_mni_average_305 /opt/freesurfer/average/711-2B_as_mni_average_305_mask talsrcimg_g11 none talsrcimg_to_711-2C_as_mni_average_305_t4 4355
---------------------------------------------------------------------

freesurfer imgreg_4dfp.c
/opt/freesurfer/average/711-2C_as_mni_average_305.4dfp.img
       256       256       256         1
  1.000000  1.000000  1.000000
orientation T byte_order littleendian
Reading image: /opt/freesurfer/average/711-2C_as_mni_average_305.4dfp.img
dimensions:      256       256       256
mmppix:       1.0000   -1.0000   -1.0000
center:     128.0000 -129.0000 -129.0000
/opt/freesurfer/average/711-2B_as_mni_average_305_mask.4dfp.img
       256       256       256         1
  1.000000  1.000000  1.000000
orientation T byte_order littleendian
Reading mask: /opt/freesurfer/average/711-2B_as_mni_average_305_mask.4dfp.img (2306576 pixels)
talsrcimg_g11.4dfp.img
       256       256       256         1
  1.000000  1.000000  1.000000
orientation T byte_order littleendian
Reading image: talsrcimg_g11.4dfp.img
dimensions:      256       256       256
mmppix:       1.0000   -1.0000   -1.0000
center:     128.0000 -129.0000 -129.0000
rotation matrix determinant  1.000000
image alignment mode   4355 decimal     1103 hex
   -7.5000  -45.0000  -45.0000 2223.6040   19.4610
    0.0000  -45.0000  -45.0000 2243.0427   19.2628
    7.5000  -45.0000  -45.0000 2235.0359   19.3989
   -7.5000  -37.5000  -45.0000 2240.7827   18.9385
    0.0000  -37.5000  -45.0000 2262.2983   18.7312
    7.5000  -37.5000  -45.0000 2253.2529   18.7815
   -7.5000  -30.0000  -45.0000 2268.5378   18.4763
    0.0000  -30.0000  -45.0000 2296.3391   18.2782
    7.5000  -30.0000  -45.0000 2286.3408   18.3418
   -7.5000  -22.5000  -45.0000 2298.1309   18.1641
    0.0000  -22.5000  -45.0000 2326.1638   18.0298
    7.5000  -22.5000  -45.0000 2319.3674   18.0285
   -7.5000  -15.0000  -45.0000 2314.6128   17.9239
    0.0000  -15.0000  -45.0000 2346.1631   17.8047
    7.5000  -15.0000  -45.0000 2333.5312   17.8075
   -7.5000   -7.5000  -45.0000 2321.5286   17.7946
    0.0000   -7.5000  -45.0000 2358.6614   17.6230
    7.5000   -7.5000  -45.0000 2340.7253   17.6188
   -7.5000    0.0000  -45.0000 2315.3884   17.7164
    0.0000    0.0000  -45.0000 2353.9165   17.5216
    7.5000    0.0000  -45.0000 2336.5681   17.5723
   -7.5000    7.5000  -45.0000 2302.5107   17.7880
    0.0000    7.5000  -45.0000 2336.6069   17.5873
    7.5000    7.5000  -45.0000 2327.8621   17.5863
   -7.5000   15.0000  -45.0000 2292.7517   17.9524
    0.0000   15.0000  -45.0000 2323.6938   17.6886
    7.5000   15.0000  -45.0000 2318.5349   17.7220
   -7.5000   22.5000  -45.0000 2273.2673   18.4405
    0.0000   22.5000  -45.0000 2310.6506   18.1521
    7.5000   22.5000  -45.0000 2303.8989   18.2042
   -7.5000   30.0000  -45.0000 2234.7644   19.2961
    0.0000   30.0000  -45.0000 2279.3157   19.0141
    7.5000   30.0000  -45.0000 2266.4121   19.0437
   -7.5000   37.5000  -45.0000 2183.1682   20.5256
    0.0000   37.5000  -45.0000 2223.2764   20.2866
    7.5000   37.5000  -45.0000 2213.6326   20.2851
   -7.5000   45.0000  -45.0000 2101.9382   22.1467
    0.0000   45.0000  -45.0000 2137.9578   21.8958
    7.5000   45.0000  -45.0000 2128.2666   21.8554
   -7.5000  -45.0000  -37.5000 2316.8989   17.8452
    0.0000  -45.0000  -37.5000 2341.2036   17.7030
    7.5000  -45.0000  -37.5000 2330.9802   17.7548
   -7.5000  -37.5000  -37.5000 2339.3958   17.3355
    0.0000  -37.5000  -37.5000 2366.0898   17.1686
    7.5000  -37.5000  -37.5000 2355.3257   17.2287
   -7.5000  -30.0000  -37.5000 2371.8308   16.9006
    0.0000  -30.0000  -37.5000 2403.4927   16.7397
    7.5000  -30.0000  -37.5000 2385.9045   16.7949
   -7.5000  -22.5000  -37.5000 2400.1082   16.6670
    0.0000  -22.5000  -37.5000 2433.4424   16.5140
    7.5000  -22.5000  -37.5000 2419.0659   16.5474
   -7.5000  -15.0000  -37.5000 2413.0957   16.4430
    0.0000  -15.0000  -37.5000 2448.3562   16.3080
    7.5000  -15.0000  -37.5000 2436.8943   16.3261
   -7.5000   -7.5000  -37.5000 2416.1487   16.3300
    0.0000   -7.5000  -37.5000 2452.6926   16.1381
    7.5000   -7.5000  -37.5000 2444.2764   16.1168
   -7.5000    0.0000  -37.5000 2418.7510   16.3015
    0.0000    0.0000  -37.5000 2458.1194   16.0707
    7.5000    0.0000  -37.5000 2443.6194   16.0740
   -7.5000    7.5000  -37.5000 2414.1548   16.3677
    0.0000    7.5000  -37.5000 2447.7627   16.1355
    7.5000    7.5000  -37.5000 2440.4155   16.1639
   -7.5000   15.0000  -37.5000 2401.2283   16.5463
    0.0000   15.0000  -37.5000 2431.4121   16.3006
    7.5000   15.0000  -37.5000 2428.4272   16.3321
   -7.5000   22.5000  -37.5000 2377.7788   16.9917
    0.0000   22.5000  -37.5000 2417.8210   16.7489
    7.5000   22.5000  -37.5000 2406.9211   16.7980
   -7.5000   30.0000  -37.5000 2333.9995   17.8197
    0.0000   30.0000  -37.5000 2378.1113   17.5347
    7.5000   30.0000  -37.5000 2370.9519   17.5715
   -7.5000   37.5000  -37.5000 2279.6709   18.9044
    0.0000   37.5000  -37.5000 2319.1321   18.6310
    7.5000   37.5000  -37.5000 2309.0681   18.6633
   -7.5000   45.0000  -37.5000 2194.8008   20.4116
    0.0000   45.0000  -37.5000 2235.4614   20.1431
    7.5000   45.0000  -37.5000 2227.5225   20.1570
   -7.5000  -45.0000  -30.0000 2446.3530   17.0557
    0.0000  -45.0000  -30.0000 2474.1987   16.9214
    7.5000  -45.0000  -30.0000 2466.0867   16.9820
   -7.5000  -37.5000  -30.0000 2474.0068   16.5997
    0.0000  -37.5000  -30.0000 2497.9629   16.4180
    7.5000  -37.5000  -30.0000 2491.4580   16.4753
   -7.5000  -30.0000  -30.0000 2504.2827   16.1832
    0.0000  -30.0000  -30.0000 2535.4460   15.9859
    7.5000  -30.0000  -30.0000 2518.5376   16.0352
   -7.5000  -22.5000  -30.0000 2533.9739   15.8431
    0.0000  -22.5000  -30.0000 2564.9883   15.6382
    7.5000  -22.5000  -30.0000 2554.6633   15.7421
   -7.5000  -15.0000  -30.0000 2544.2483   15.6568
    0.0000  -15.0000  -30.0000 2580.2510   15.4366
    7.5000  -15.0000  -30.0000 2569.2253   15.5114
   -7.5000   -7.5000  -30.0000 2549.8135   15.5690
    0.0000   -7.5000  -30.0000 2585.4360   15.3315
    7.5000   -7.5000  -30.0000 2579.1797   15.3561
   -7.5000    0.0000  -30.0000 2559.4204   15.5351
    0.0000    0.0000  -30.0000 2597.3545   15.3187
    7.5000    0.0000  -30.0000 2588.4651   15.3035
   -7.5000    7.5000  -30.0000 2568.3787   15.5763
    0.0000    7.5000  -30.0000 2606.2512   15.3500
    7.5000    7.5000  -30.0000 2598.3132   15.3687
   -7.5000   15.0000  -30.0000 2553.4976   15.7407
    0.0000   15.0000  -30.0000 2594.4705   15.5411
    7.5000   15.0000  -30.0000 2587.9314   15.5823
   -7.5000   22.5000  -30.0000 2528.3445   16.2454
    0.0000   22.5000  -30.0000 2577.8381   15.9899
    7.5000   22.5000  -30.0000 2560.4800   16.0388
   -7.5000   30.0000  -30.0000 2482.0845   17.0482
    0.0000   30.0000  -30.0000 2532.0835   16.7790
    7.5000   30.0000  -30.0000 2520.7488   16.8169
   -7.5000   37.5000  -30.0000 2422.1897   18.1319
    0.0000   37.5000  -30.0000 2468.5220   17.8264
    7.5000   37.5000  -30.0000 2452.6545   17.8420
   -7.5000   45.0000  -30.0000 2330.2637   19.5611
    0.0000   45.0000  -30.0000 2372.9285   19.2705
    7.5000   45.0000  -30.0000 2358.6409   19.2892
   -7.5000  -45.0000  -22.5000 2539.1814   16.3271
    0.0000  -45.0000  -22.5000 2565.8188   16.1015
    7.5000  -45.0000  -22.5000 2557.2356   16.2202
   -7.5000  -37.5000  -22.5000 2567.1851   15.8475
    0.0000  -37.5000  -22.5000 2597.6218   15.6228
    7.5000  -37.5000  -22.5000 2588.2371   15.7113
   -7.5000  -30.0000  -22.5000 2597.5459   15.4095
    0.0000  -30.0000  -22.5000 2630.7588   15.2150
    7.5000  -30.0000  -22.5000 2620.0698   15.2994
   -7.5000  -22.5000  -22.5000 2627.6323   15.0024
    0.0000  -22.5000  -22.5000 2661.2693   14.8062
    7.5000  -22.5000  -22.5000 2651.4529   14.8908
   -7.5000  -15.0000  -22.5000 2642.0581   14.7614
    0.0000  -15.0000  -22.5000 2680.0637   14.5488
    7.5000  -15.0000  -22.5000 2667.4348   14.6035
   -7.5000   -7.5000  -22.5000 2656.4343   14.6544
    0.0000   -7.5000  -22.5000 2695.3945   14.4441
    7.5000   -7.5000  -22.5000 2688.3354   14.4624
   -7.5000    0.0000  -22.5000 2666.1580   14.6737
    0.0000    0.0000  -22.5000 2710.4456   14.4547
    7.5000    0.0000  -22.5000 2700.0808   14.4522
   -7.5000    7.5000  -22.5000 2682.3291   14.7067
    0.0000    7.5000  -22.5000 2738.0051   14.5033
    7.5000    7.5000  -22.5000 2717.4653   14.5242
   -7.5000   15.0000  -22.5000 2681.6667   14.9171
    0.0000   15.0000  -22.5000 2731.3816   14.7061
    7.5000   15.0000  -22.5000 2713.5730   14.7450
   -7.5000   22.5000  -22.5000 2657.5181   15.4111
    0.0000   22.5000  -22.5000 2713.8865   15.1546
    7.5000   22.5000  -22.5000 2696.0522   15.2019
   -7.5000   30.0000  -22.5000 2610.5928   16.2093
    0.0000   30.0000  -22.5000 2666.9119   15.9352
    7.5000   30.0000  -22.5000 2649.6848   15.9711
   -7.5000   37.5000  -22.5000 2539.6980   17.2534
    0.0000   37.5000  -22.5000 2589.8735   16.9746
    7.5000   37.5000  -22.5000 2573.2747   16.9799
   -7.5000   45.0000  -22.5000 2439.0481   18.5870
    0.0000   45.0000  -22.5000 2480.4797   18.3312
    7.5000   45.0000  -22.5000 2463.3672   18.3426
   -7.5000  -45.0000  -15.0000 2591.8953   15.7073
    0.0000  -45.0000  -15.0000 2618.5405   15.4699
    7.5000  -45.0000  -15.0000 2611.0796   15.6618
   -7.5000  -37.5000  -15.0000 2618.7122   15.1961
    0.0000  -37.5000  -15.0000 2655.7026   14.9541
    7.5000  -37.5000  -15.0000 2644.9788   15.1145
   -7.5000  -30.0000  -15.0000 2647.1143   14.7342
    0.0000  -30.0000  -15.0000 2687.0581   14.5104
    7.5000  -30.0000  -15.0000 2675.6145   14.6425
   -7.5000  -22.5000  -15.0000 2680.5662   14.3071
    0.0000  -22.5000  -15.0000 2718.8342   14.0818
    7.5000  -22.5000  -15.0000 2709.7019   14.1630
   -7.5000  -15.0000  -15.0000 2706.4165   13.9766
    0.0000  -15.0000  -15.0000 2747.8481   13.7982
    7.5000  -15.0000  -15.0000 2738.0327   13.8518
   -7.5000   -7.5000  -15.0000 2730.6733   13.8051
    0.0000   -7.5000  -15.0000 2776.6223   13.6133
    7.5000   -7.5000  -15.0000 2768.6064   13.6472
   -7.5000    0.0000  -15.0000 2750.8015   13.8362
    0.0000    0.0000  -15.0000 2793.7156   13.6165
    7.5000    0.0000  -15.0000 2786.4685   13.6656
   -7.5000    7.5000  -15.0000 2774.0505   13.9444
    0.0000    7.5000  -15.0000 2828.1851   13.7199
    7.5000    7.5000  -15.0000 2808.3005   13.7800
   -7.5000   15.0000  -15.0000 2777.7473   14.1731
    0.0000   15.0000  -15.0000 2830.3599   13.9387
    7.5000   15.0000  -15.0000 2809.7798   13.9774
   -7.5000   22.5000  -15.0000 2756.0183   14.6184
    0.0000   22.5000  -15.0000 2814.4539   14.3793
    7.5000   22.5000  -15.0000 2791.3345   14.4052
   -7.5000   30.0000  -15.0000 2701.4519   15.3847
    0.0000   30.0000  -15.0000 2758.1929   15.1482
    7.5000   30.0000  -15.0000 2738.8884   15.1885
   -7.5000   37.5000  -15.0000 2621.0525   16.4093
    0.0000   37.5000  -15.0000 2668.7026   16.1506
    7.5000   37.5000  -15.0000 2653.7620   16.2032
   -7.5000   45.0000  -15.0000 2510.0090   17.7317
    0.0000   45.0000  -15.0000 2548.2478   17.4418
    7.5000   45.0000  -15.0000 2536.3726   17.5216
   -7.5000  -45.0000   -7.5000 2630.4773   15.2029
    0.0000  -45.0000   -7.5000 2660.1462   14.9526
    7.5000  -45.0000   -7.5000 2644.2500   15.1508
   -7.5000  -37.5000   -7.5000 2657.3657   14.6853
    0.0000  -37.5000   -7.5000 2689.6538   14.4165
    7.5000  -37.5000   -7.5000 2679.2075   14.5961
   -7.5000  -30.0000   -7.5000 2682.2009   14.1871
    0.0000  -30.0000   -7.5000 2720.4163   13.9170
    7.5000  -30.0000   -7.5000 2706.5493   14.1072
   -7.5000  -22.5000   -7.5000 2710.7646   13.6993
    0.0000  -22.5000   -7.5000 2750.2590   13.4451
    7.5000  -22.5000   -7.5000 2743.8645   13.6318
   -7.5000  -15.0000   -7.5000 2742.7451   13.3445
    0.0000  -15.0000   -7.5000 2784.9661   13.1045
    7.5000  -15.0000   -7.5000 2777.7468   13.2373
   -7.5000   -7.5000   -7.5000 2777.7688   13.1415
    0.0000   -7.5000   -7.5000 2823.0474   12.9067
    7.5000   -7.5000   -7.5000 2817.9958   13.0128
   -7.5000    0.0000   -7.5000 2816.4219   13.1333
    0.0000    0.0000   -7.5000 2861.5994   12.9076
    7.5000    0.0000   -7.5000 2853.8582   13.0049
   -7.5000    7.5000   -7.5000 2845.4944   13.3309
    0.0000    7.5000   -7.5000 2901.4268   13.1061
    7.5000    7.5000   -7.5000 2881.1143   13.1831
   -7.5000   15.0000   -7.5000 2851.6775   13.5879
    0.0000   15.0000   -7.5000 2916.1013   13.3288
    7.5000   15.0000   -7.5000 2885.9785   13.4115
   -7.5000   22.5000   -7.5000 2831.9675   13.9812
    0.0000   22.5000   -7.5000 2894.2427   13.7012
    7.5000   22.5000   -7.5000 2865.7085   13.7753
   -7.5000   30.0000   -7.5000 2763.2314   14.6553
    0.0000   30.0000   -7.5000 2815.8777   14.3982
    7.5000   30.0000   -7.5000 2798.0122   14.4954
   -7.5000   37.5000   -7.5000 2671.3875   15.6633
    0.0000   37.5000   -7.5000 2720.1187   15.3751
    7.5000   37.5000   -7.5000 2703.4873   15.4907
   -7.5000   45.0000   -7.5000 2556.1289   16.9873
    0.0000   45.0000   -7.5000 2598.6548   16.6791
    7.5000   45.0000   -7.5000 2584.0627   16.8022
   -7.5000  -45.0000    0.0000 2651.9231   14.8721
    0.0000  -45.0000    0.0000 2685.4722   14.6245
    7.5000  -45.0000    0.0000 2664.7051   14.8546
   -7.5000  -37.5000    0.0000 2673.8611   14.2934
    0.0000  -37.5000    0.0000 2710.3079   14.0349
    7.5000  -37.5000    0.0000 2691.0771   14.2324
   -7.5000  -30.0000    0.0000 2693.8396   13.7818
    0.0000  -30.0000    0.0000 2728.6289   13.4930
    7.5000  -30.0000    0.0000 2714.9172   13.7370
   -7.5000  -22.5000    0.0000 2721.2681   13.3179
    0.0000  -22.5000    0.0000 2762.2444   13.0200
    7.5000  -22.5000    0.0000 2746.8743   13.2518
   -7.5000  -15.0000    0.0000 2757.8555   12.9487
    0.0000  -15.0000    0.0000 2798.7314   12.6490
    7.5000  -15.0000    0.0000 2785.0352   12.8512
   -7.5000   -7.5000    0.0000 2801.2598   12.7131
    0.0000   -7.5000    0.0000 2844.9976   12.4491
    7.5000   -7.5000    0.0000 2832.6323   12.6003
   -7.5000    0.0000    0.0000 2859.8181   12.7146
    0.0000    0.0000    0.0000 2901.5271   12.4500
    7.5000    0.0000    0.0000 2886.4050   12.5880
   -7.5000    7.5000    0.0000 2906.1672   12.9633
    0.0000    7.5000    0.0000 2968.4604   12.7390
    7.5000    7.5000    0.0000 2933.5696   12.8283
   -7.5000   15.0000    0.0000 2915.6189   13.2685
    0.0000   15.0000    0.0000 3000.4929   13.0826
    7.5000   15.0000    0.0000 2946.3450   13.1039
   -7.5000   22.5000    0.0000 2884.4158   13.6298
    0.0000   22.5000    0.0000 2960.7407   13.3999
    7.5000   22.5000    0.0000 2915.4587   13.4362
   -7.5000   30.0000    0.0000 2803.5022   14.1548
    0.0000   30.0000    0.0000 2863.5190   13.9121
    7.5000   30.0000    0.0000 2835.7454   13.9707
   -7.5000   37.5000    0.0000 2704.8804   15.1085
    0.0000   37.5000    0.0000 2754.9514   14.8509
    7.5000   37.5000    0.0000 2732.5962   14.8979
   -7.5000   45.0000    0.0000 2576.5261   16.4646
    0.0000   45.0000    0.0000 2622.4700   16.2130
    7.5000   45.0000    0.0000 2604.0698   16.2442
   -7.5000  -45.0000    7.5000 2650.1094   14.7765
    0.0000  -45.0000    7.5000 2687.6873   14.5331
    7.5000  -45.0000    7.5000 2664.2864   14.7372
   -7.5000  -37.5000    7.5000 2669.6611   14.1587
    0.0000  -37.5000    7.5000 2708.2563   13.8993
    7.5000  -37.5000    7.5000 2686.0315   14.1021
   -7.5000  -30.0000    7.5000 2687.2017   13.6639
    0.0000  -30.0000    7.5000 2718.5344   13.3164
    7.5000  -30.0000    7.5000 2711.8940   13.5827
   -7.5000  -22.5000    7.5000 2721.1008   13.2239
    0.0000  -22.5000    7.5000 2750.5918   12.8429
    7.5000  -22.5000    7.5000 2744.3745   13.1238
   -7.5000  -15.0000    7.5000 2761.6133   12.8480
    0.0000  -15.0000    7.5000 2792.1216   12.5056
    7.5000  -15.0000    7.5000 2781.8088   12.7571
   -7.5000   -7.5000    7.5000 2808.9192   12.6428
    0.0000   -7.5000    7.5000 2846.6511   12.3505
    7.5000   -7.5000    7.5000 2832.0947   12.5363
   -7.5000    0.0000    7.5000 2872.8167   12.6103
    0.0000    0.0000    7.5000 2922.6060   12.3912
    7.5000    0.0000    7.5000 2890.5088   12.4973
   -7.5000    7.5000    7.5000 2937.4382   12.8064
    0.0000    7.5000    7.5000 3011.9246   12.6890
    7.5000    7.5000    7.5000 2954.4185   12.7178
   -7.5000   15.0000    7.5000 2960.2627   13.1577
    0.0000   15.0000    7.5000 3070.5857   13.0462
    7.5000   15.0000    7.5000 2976.9563   13.0637
   -7.5000   22.5000    7.5000 2903.9231   13.5444
    0.0000   22.5000    7.5000 2987.8379   13.3997
    7.5000   22.5000    7.5000 2932.9880   13.3887
   -7.5000   30.0000    7.5000 2818.7292   13.9741
    0.0000   30.0000    7.5000 2882.6108   13.7380
    7.5000   30.0000    7.5000 2850.5493   13.7900
   -7.5000   37.5000    7.5000 2715.9626   14.8661
    0.0000   37.5000    7.5000 2765.8684   14.6110
    7.5000   37.5000    7.5000 2743.3259   14.6311
   -7.5000   45.0000    7.5000 2585.7605   16.2152
    0.0000   45.0000    7.5000 2626.2302   15.9653
    7.5000   45.0000    7.5000 2610.4170   15.9880
   -7.5000  -45.0000   15.0000 2620.7490   14.8970
    0.0000  -45.0000   15.0000 2664.3154   14.6033
    7.5000  -45.0000   15.0000 2634.5610   14.8574
   -7.5000  -37.5000   15.0000 2648.3633   14.2887
    0.0000  -37.5000   15.0000 2686.9988   13.9898
    7.5000  -37.5000   15.0000 2664.8657   14.2050
   -7.5000  -30.0000   15.0000 2670.7932   13.7952
    0.0000  -30.0000   15.0000 2699.7959   13.4449
    7.5000  -30.0000   15.0000 2684.5859   13.6931
   -7.5000  -22.5000   15.0000 2700.6970   13.3517
    0.0000  -22.5000   15.0000 2736.6990   13.0351
    7.5000  -22.5000   15.0000 2714.6379   13.2629
   -7.5000  -15.0000   15.0000 2747.1775   13.0082
    0.0000  -15.0000   15.0000 2779.1636   12.7086
    7.5000  -15.0000   15.0000 2758.3123   12.9326
   -7.5000   -7.5000   15.0000 2798.1777   12.8009
    0.0000   -7.5000   15.0000 2831.2854   12.5293
    7.5000   -7.5000   15.0000 2811.4639   12.7544
   -7.5000    0.0000   15.0000 2864.4255   12.7776
    0.0000    0.0000   15.0000 2904.3574   12.5410
    7.5000    0.0000   15.0000 2876.4458   12.7050
   -7.5000    7.5000   15.0000 2921.9146   12.9470
    0.0000    7.5000   15.0000 2989.0857   12.7319
    7.5000    7.5000   15.0000 2935.1460   12.8625
   -7.5000   15.0000   15.0000 2938.7903   13.2378
    0.0000   15.0000   15.0000 3028.3970   12.9520
    7.5000   15.0000   15.0000 2952.4829   13.1467
   -7.5000   22.5000   15.0000 2882.8162   13.6195
    0.0000   22.5000   15.0000 2959.2256   13.3049
    7.5000   22.5000   15.0000 2911.0168   13.4824
   -7.5000   30.0000   15.0000 2802.1851   14.1359
    0.0000   30.0000   15.0000 2862.1882   13.8492
    7.5000   30.0000   15.0000 2830.3352   13.9821
   -7.5000   37.5000   15.0000 2695.2383   15.0383
    0.0000   37.5000   15.0000 2742.0159   14.7706
    7.5000   37.5000   15.0000 2722.8391   14.8338
   -7.5000   45.0000   15.0000 2570.8889   16.3190
    0.0000   45.0000   15.0000 2611.8381   16.0355
    7.5000   45.0000   15.0000 2593.4565   16.0953
   -7.5000  -45.0000   22.5000 2570.2766   15.2271
    0.0000  -45.0000   22.5000 2610.5234   14.8778
    7.5000  -45.0000   22.5000 2581.8010   15.1789
   -7.5000  -37.5000   22.5000 2607.6792   14.6240
    0.0000  -37.5000   22.5000 2644.0403   14.3357
    7.5000  -37.5000   22.5000 2618.3621   14.5830
   -7.5000  -30.0000   22.5000 2637.5723   14.0965
    0.0000  -30.0000   22.5000 2672.0085   13.8370
    7.5000  -30.0000   22.5000 2642.9060   14.0501
   -7.5000  -22.5000   22.5000 2673.0388   13.6254
    0.0000  -22.5000   22.5000 2707.0220   13.3596
    7.5000  -22.5000   22.5000 2676.8618   13.5968
   -7.5000  -15.0000   22.5000 2725.0818   13.3305
    0.0000  -15.0000   22.5000 2753.9302   13.0424
    7.5000  -15.0000   22.5000 2729.6421   13.2552
   -7.5000   -7.5000   22.5000 2780.5718   13.1622
    0.0000   -7.5000   22.5000 2813.8210   12.8703
    7.5000   -7.5000   22.5000 2792.0457   13.0921
   -7.5000    0.0000   22.5000 2836.5266   13.1419
    0.0000    0.0000   22.5000 2871.2073   12.8453
    7.5000    0.0000   22.5000 2846.4597   13.0596
   -7.5000    7.5000   22.5000 2877.3218   13.2400
    0.0000    7.5000   22.5000 2929.4585   12.9311
    7.5000    7.5000   22.5000 2889.2126   13.1751
   -7.5000   15.0000   22.5000 2880.7102   13.4788
    0.0000   15.0000   22.5000 2943.5515   13.1326
    7.5000   15.0000   22.5000 2893.5503   13.3757
   -7.5000   22.5000   22.5000 2831.7002   13.9023
    0.0000   22.5000   22.5000 2892.6902   13.6083
    7.5000   22.5000   22.5000 2855.5413   13.7598
   -7.5000   30.0000   22.5000 2758.6179   14.5421
    0.0000   30.0000   22.5000 2809.5361   14.2359
    7.5000   30.0000   22.5000 2783.4194   14.3577
   -7.5000   37.5000   22.5000 2659.1951   15.5060
    0.0000   37.5000   22.5000 2703.1121   15.2026
    7.5000   37.5000   22.5000 2681.5859   15.2900
   -7.5000   45.0000   22.5000 2539.1338   16.7563
    0.0000   45.0000   22.5000 2578.0979   16.4694
    7.5000   45.0000   22.5000 2558.6682   16.5042
   -7.5000  -45.0000   30.0000 2517.2117   15.7124
    0.0000  -45.0000   30.0000 2548.3279   15.4474
    7.5000  -45.0000   30.0000 2520.7151   15.6863
   -7.5000  -37.5000   30.0000 2557.2764   15.0858
    0.0000  -37.5000   30.0000 2590.6736   14.8447
    7.5000  -37.5000   30.0000 2562.7578   15.0999
   -7.5000  -30.0000   30.0000 2596.8152   14.5479
    0.0000  -30.0000   30.0000 2633.1091   14.3062
    7.5000  -30.0000   30.0000 2595.1426   14.5499
   -7.5000  -22.5000   30.0000 2634.8040   14.0928
    0.0000  -22.5000   30.0000 2671.3250   13.8455
    7.5000  -22.5000   30.0000 2636.8699   14.0580
   -7.5000  -15.0000   30.0000 2683.7207   13.7961
    0.0000  -15.0000   30.0000 2721.2166   13.5237
    7.5000  -15.0000   30.0000 2686.7964   13.7352
   -7.5000   -7.5000   30.0000 2742.9392   13.6443
    0.0000   -7.5000   30.0000 2779.4998   13.3944
    7.5000   -7.5000   30.0000 2745.6392   13.6159
   -7.5000    0.0000   30.0000 2790.8523   13.6424
    0.0000    0.0000   30.0000 2824.4148   13.3604
    7.5000    0.0000   30.0000 2792.0051   13.5936
   -7.5000    7.5000   30.0000 2814.8152   13.7680
    0.0000    7.5000   30.0000 2857.0496   13.4235
    7.5000    7.5000   30.0000 2828.7673   13.6945
   -7.5000   15.0000   30.0000 2806.6257   13.9682
    0.0000   15.0000   30.0000 2856.7063   13.6731
    7.5000   15.0000   30.0000 2816.4492   13.8966
   -7.5000   22.5000   30.0000 2767.7102   14.3953
    0.0000   22.5000   30.0000 2817.5190   14.1276
    7.5000   22.5000   30.0000 2780.7678   14.2902
   -7.5000   30.0000   30.0000 2692.0427   15.0637
    0.0000   30.0000   30.0000 2731.9707   14.7678
    7.5000   30.0000   30.0000 2710.5933   14.9398
   -7.5000   37.5000   30.0000 2597.9805   16.0480
    0.0000   37.5000   30.0000 2634.4272   15.7672
    7.5000   37.5000   30.0000 2613.4548   15.8959
   -7.5000   45.0000   30.0000 2482.7788   17.3526
    0.0000   45.0000   30.0000 2520.0129   17.0619
    7.5000   45.0000   30.0000 2500.5256   17.1360
   -7.5000  -45.0000   37.5000 2461.3989   16.4509
    0.0000  -45.0000   37.5000 2485.1450   16.2141
    7.5000  -45.0000   37.5000 2457.8435   16.4520
   -7.5000  -37.5000   37.5000 2507.6907   15.7704
    0.0000  -37.5000   37.5000 2529.4368   15.5777
    7.5000  -37.5000   37.5000 2502.6519   15.7935
   -7.5000  -30.0000   37.5000 2547.5508   15.2136
    0.0000  -30.0000   37.5000 2578.3848   15.0283
    7.5000  -30.0000   37.5000 2537.6863   15.2153
   -7.5000  -22.5000   37.5000 2588.0403   14.7700
    0.0000  -22.5000   37.5000 2623.5601   14.5628
    7.5000  -22.5000   37.5000 2585.4136   14.7647
   -7.5000  -15.0000   37.5000 2633.3760   14.4665
    0.0000  -15.0000   37.5000 2666.9976   14.2458
    7.5000  -15.0000   37.5000 2633.8809   14.4496
   -7.5000   -7.5000   37.5000 2685.7075   14.3359
    0.0000   -7.5000   37.5000 2722.3550   14.1140
    7.5000   -7.5000   37.5000 2680.7207   14.3170
   -7.5000    0.0000   37.5000 2724.2805   14.3562
    0.0000    0.0000   37.5000 2763.8027   14.0693
    7.5000    0.0000   37.5000 2729.1633   14.2851
   -7.5000    7.5000   37.5000 2742.1763   14.4404
    0.0000    7.5000   37.5000 2783.4587   14.1221
    7.5000    7.5000   37.5000 2748.1855   14.3661
   -7.5000   15.0000   37.5000 2736.9089   14.6621
    0.0000   15.0000   37.5000 2776.8679   14.3971
    7.5000   15.0000   37.5000 2739.5464   14.6020
   -7.5000   22.5000   37.5000 2691.2820   15.1425
    0.0000   22.5000   37.5000 2730.1521   14.8706
    7.5000   22.5000   37.5000 2694.6082   15.0437
   -7.5000   30.0000   37.5000 2619.6672   15.7961
    0.0000   30.0000   37.5000 2651.4014   15.5213
    7.5000   30.0000   37.5000 2627.2385   15.6762
   -7.5000   37.5000   37.5000 2528.2056   16.7410
    0.0000   37.5000   37.5000 2561.6257   16.4892
    7.5000   37.5000   37.5000 2543.1531   16.6402
   -7.5000   45.0000   37.5000 2426.3711   18.0674
    0.0000   45.0000   37.5000 2457.1128   17.7786
    7.5000   45.0000   37.5000 2439.1987   17.8651
   -7.5000  -45.0000   45.0000 2395.2544   17.4554
    0.0000  -45.0000   45.0000 2415.0637   17.2422
    7.5000  -45.0000   45.0000 2389.1797   17.4587
   -7.5000  -37.5000   45.0000 2443.0977   16.7193
    0.0000  -37.5000   45.0000 2467.0034   16.5316
    7.5000  -37.5000   45.0000 2431.6934   16.6866
   -7.5000  -30.0000   45.0000 2485.7585   16.1706
    0.0000  -30.0000   45.0000 2514.4133   15.9760
    7.5000  -30.0000   45.0000 2472.8704   16.1081
   -7.5000  -22.5000   45.0000 2528.3804   15.7030
    0.0000  -22.5000   45.0000 2559.4563   15.5272
    7.5000  -22.5000   45.0000 2521.9243   15.6572
   -7.5000  -15.0000   45.0000 2568.7898   15.3811
    0.0000  -15.0000   45.0000 2600.7522   15.1934
    7.5000  -15.0000   45.0000 2568.3508   15.3533
   -7.5000   -7.5000   45.0000 2614.5759   15.2118
    0.0000   -7.5000   45.0000 2649.2080   14.9782
    7.5000   -7.5000   45.0000 2612.9424   15.1764
   -7.5000    0.0000   45.0000 2645.4377   15.1932
    0.0000    0.0000   45.0000 2684.5271   14.9667
    7.5000    0.0000   45.0000 2646.8594   15.1274
   -7.5000    7.5000   45.0000 2659.6165   15.3122
    0.0000    7.5000   45.0000 2693.7329   15.0663
    7.5000    7.5000   45.0000 2660.4690   15.2658
   -7.5000   15.0000   45.0000 2647.7917   15.5638
    0.0000   15.0000   45.0000 2678.0964   15.3763
    7.5000   15.0000   45.0000 2645.1968   15.5331
   -7.5000   22.5000   45.0000 2606.8442   16.0892
    0.0000   22.5000   45.0000 2640.8259   15.8501
    7.5000   22.5000   45.0000 2603.8733   16.0408
   -7.5000   30.0000   45.0000 2536.0688   16.7296
    0.0000   30.0000   45.0000 2563.5698   16.5005
    7.5000   30.0000   45.0000 2537.2830   16.6792
   -7.5000   37.5000   45.0000 2449.9766   17.6554
    0.0000   37.5000   45.0000 2480.7378   17.3963
    7.5000   37.5000   45.0000 2466.2659   17.5640
   -7.5000   45.0000   45.0000 2357.2097   18.9529
    0.0000   45.0000   45.0000 2381.5076   18.7143
    7.5000   45.0000   45.0000 2366.2551   18.7967

---------------------------------------------------------------------
imgreg_4dfp /opt/freesurfer/average/711-2C_as_mni_average_305 /opt/freesurfer/average/711-2B_as_mni_average_305_mask talsrcimg_g11 none talsrcimg_to_711-2C_as_mni_average_305_t4 1283
---------------------------------------------------------------------

freesurfer imgreg_4dfp.c
/opt/freesurfer/average/711-2C_as_mni_average_305.4dfp.img
       256       256       256         1
  1.000000  1.000000  1.000000
orientation T byte_order littleendian
Reading image: /opt/freesurfer/average/711-2C_as_mni_average_305.4dfp.img
dimensions:      256       256       256
mmppix:       1.0000   -1.0000   -1.0000
center:     128.0000 -129.0000 -129.0000
/opt/freesurfer/average/711-2B_as_mni_average_305_mask.4dfp.img
       256       256       256         1
  1.000000  1.000000  1.000000
orientation T byte_order littleendian
Reading mask: /opt/freesurfer/average/711-2B_as_mni_average_305_mask.4dfp.img (2306576 pixels)
talsrcimg_g11.4dfp.img
       256       256       256         1
  1.000000  1.000000  1.000000
orientation T byte_order littleendian
Reading image: talsrcimg_g11.4dfp.img
dimensions:      256       256       256
mmppix:       1.0000   -1.0000   -1.0000
center:     128.0000 -129.0000 -129.0000
rotation matrix determinant  1.000000
fimgreg.f
image alignment mode   1283 decimal      503 hex
parameters
    0.0000   15.0000    7.5000    0.0000    0.0000    0.0000
eta,q 0.96259 13.09277
niter,ni,del,rscale     5    3   12.0000    1.2000
parameters
    0.5270   14.3952    8.0821   -0.0639    0.6596   -0.6914
eta,q 0.96240 13.07170
  0.0677  0.0503  0.0503  0.0455  0.0506  0.0436
  0.0542  0.0418  0.0438  0.0411  0.0437  0.0403
  0.0438  0.0378  0.0396  0.0377  0.0393  0.0385
  0.0386  0.0381  0.0373  0.0374  0.0374  0.0372
  0.0404  0.0413  0.0380  0.0393  0.0379  0.0384
  0.0485  0.0474  0.0412  0.0415  0.0406  0.0425
  0.0593  0.0544  0.0461  0.0452  0.0458  0.0483
niter,ni,del,rscale     4    3   12.0000    1.2000
parameters
    0.3515   14.5152    8.0994   -0.3101    1.0409   -0.8364
eta,q 0.96248 13.06426
  0.0605  0.0538  0.0486  0.0448  0.0490  0.0449
  0.0484  0.0446  0.0424  0.0404  0.0431  0.0410
  0.0397  0.0388  0.0388  0.0376  0.0391  0.0386
  0.0376  0.0375  0.0375  0.0375  0.0374  0.0375
  0.0422  0.0394  0.0390  0.0391  0.0381  0.0377
  0.0510  0.0448  0.0429  0.0416  0.0412  0.0410
  0.0623  0.0515  0.0480  0.0454  0.0465  0.0465
niter,ni,del,rscale     3    3   12.0000    1.2000
parameters
    0.2179   14.6396    8.0334   -0.5003    1.2434   -0.8988
eta,q 0.96261 13.05847
  0.0610  0.0537  0.0485  0.0447  0.0483  0.0451
  0.0485  0.0447  0.0422  0.0405  0.0427  0.0412
  0.0396  0.0389  0.0384  0.0375  0.0387  0.0385
  0.0375  0.0374  0.0375  0.0375  0.0374  0.0374
  0.0420  0.0395  0.0392  0.0389  0.0381  0.0376
  0.0507  0.0448  0.0432  0.0414  0.0416  0.0408
  0.0620  0.0515  0.0483  0.0452  0.0471  0.0462
niter,ni,del,rscale     2    3   12.0000    1.2000
parameters
    0.1520   14.7211    7.9768   -0.6088    1.3457   -0.9243
eta,q 0.96268 13.05467
  0.0616  0.0534  0.0488  0.0449  0.0480  0.0452
  0.0489  0.0446  0.0422  0.0407  0.0426  0.0412
  0.0396  0.0388  0.0382  0.0376  0.0386  0.0384
  0.0374  0.0374  0.0374  0.0374  0.0373  0.0373
  0.0416  0.0395  0.0392  0.0387  0.0382  0.0376
  0.0503  0.0449  0.0432  0.0412  0.0419  0.0407
  0.0616  0.0516  0.0484  0.0450  0.0475  0.0461
niter,ni,del,rscale     1    3   12.0000    1.2000
parameters
    0.1180   14.7652    7.9442   -0.6718    1.3992   -0.9351
eta,q 0.96272 13.05237
  0.0620  0.0531  0.0490  0.0449  0.0479  0.0453
  0.0491  0.0444  0.0423  0.0408  0.0425  0.0412
  0.0397  0.0387  0.0381  0.0376  0.0385  0.0384
  0.0373  0.0373  0.0373  0.0373  0.0373  0.0373
  0.0414  0.0396  0.0392  0.0386  0.0382  0.0376
  0.0502  0.0450  0.0432  0.0411  0.0421  0.0407
  0.0615  0.0517  0.0484  0.0449  0.0477  0.0460
registration optimization eta report
parameter search radius
    6.0000    6.0000    6.0000    6.0000    6.0000    6.0000
100000*second partial in parameter space
       67.       42.       31.       21.       29.       24.
  0.0620  0.0531  0.0490  0.0449  0.0479  0.0453
  0.0491  0.0444  0.0423  0.0408  0.0425  0.0412
  0.0397  0.0387  0.0381  0.0376  0.0385  0.0384
  0.0373  0.0373  0.0373  0.0373  0.0373  0.0373
  0.0414  0.0396  0.0392  0.0386  0.0382  0.0376
  0.0502  0.0450  0.0432  0.0411  0.0421  0.0407
  0.0615  0.0517  0.0484  0.0449  0.0477  0.0460
    0.1180   14.7652    7.9442   -0.6718    1.3992   -0.9351
eta,q 0.96272 13.05237

---------------------------------------------------------------------
imgreg_4dfp /opt/freesurfer/average/711-2C_as_mni_average_305 /opt/freesurfer/average/711-2B_as_mni_average_305_mask talsrcimg_g11 none talsrcimg_to_711-2C_as_mni_average_305_t4 3335
---------------------------------------------------------------------

freesurfer imgreg_4dfp.c
/opt/freesurfer/average/711-2C_as_mni_average_305.4dfp.img
       256       256       256         1
  1.000000  1.000000  1.000000
orientation T byte_order littleendian
Reading image: /opt/freesurfer/average/711-2C_as_mni_average_305.4dfp.img
dimensions:      256       256       256
mmppix:       1.0000   -1.0000   -1.0000
center:     128.0000 -129.0000 -129.0000
/opt/freesurfer/average/711-2B_as_mni_average_305_mask.4dfp.img
       256       256       256         1
  1.000000  1.000000  1.000000
orientation T byte_order littleendian
Reading mask: /opt/freesurfer/average/711-2B_as_mni_average_305_mask.4dfp.img (2306576 pixels)
talsrcimg_g11.4dfp.img
       256       256       256         1
  1.000000  1.000000  1.000000
orientation T byte_order littleendian
Reading image: talsrcimg_g11.4dfp.img
dimensions:      256       256       256
mmppix:       1.0000   -1.0000   -1.0000
center:     128.0000 -129.0000 -129.0000
fimgreg.f
image alignment mode   3335 decimal      D07 hex
parameters
    0.1180   14.7652    7.9442   -0.0431   -0.0207   -0.0367
    1.6605   -2.4221   -1.6315    1.2123    2.4417   -1.1722
eta,q 0.96419 13.06197
niter,ni,del,rscale     5    3    5.0000    1.2000
parameter  4  0.763306 ->  0.500000 qaram    1.1500
parameter  5  0.887728 ->  0.500000 qaram    1.1500
parameter 11  0.556802 ->  0.500000 qaram    1.1500
parameter 12  0.528462 ->  0.500000 qaram    1.1500
parameters
   -0.0371   14.7534    8.1329   -4.1831   -4.1607   -0.8240
    2.7107   -2.7854   -0.2389   -0.3929   -1.6983   -5.3122
eta,q 0.96877 12.61314
  0.0397  0.0387  0.0380  0.0340  0.0320  0.0342  0.0364  0.0366  0.0350  0.0338  0.0318  0.0316
  0.0374  0.0371  0.0368  0.0340  0.0321  0.0330  0.0343  0.0341  0.0336  0.0325  0.0316  0.0313
  0.0361  0.0361  0.0361  0.0345  0.0328  0.0324  0.0329  0.0326  0.0327  0.0320  0.0317  0.0313
  0.0358  0.0358  0.0358  0.0358  0.0341  0.0322  0.0322  0.0322  0.0322  0.0321  0.0319  0.0316
  0.0365  0.0361  0.0359  0.0379  0.0360  0.0323  0.0323  0.0328  0.0321  0.0329  0.0324  0.0323
  0.0382  0.0371  0.0364  0.0409  0.0386  0.0334  0.0331  0.0347  0.0325  0.0344  0.0331  0.0332
  0.0408  0.0388  0.0374  0.0444  0.0416  0.0359  0.0345  0.0377  0.0334  0.0364  0.0341  0.0343
niter,ni,del,rscale     7    3    5.0000    1.2000
parameters
    0.0706   14.8530    8.3192   -5.9059   -6.6174    0.0395
    2.3722   -2.8621    0.5463    0.0979   -1.5395   -5.0137
eta,q 0.96921 12.43480
  0.0360  0.0346  0.0334  0.0332  0.0324  0.0340  0.0339  0.0358  0.0333  0.0340  0.0324  0.0330
  0.0334  0.0328  0.0323  0.0318  0.0313  0.0323  0.0321  0.0330  0.0321  0.0323  0.0316  0.0318
  0.0318  0.0317  0.0315  0.0312  0.0309  0.0313  0.0311  0.0313  0.0312  0.0312  0.0310  0.0310
  0.0312  0.0312  0.0312  0.0312  0.0311  0.0309  0.0309  0.0308  0.0308  0.0308  0.0308  0.0308
  0.0316  0.0315  0.0313  0.0320  0.0321  0.0308  0.0314  0.0315  0.0309  0.0310  0.0309  0.0310
  0.0329  0.0325  0.0319  0.0337  0.0338  0.0312  0.0326  0.0332  0.0314  0.0318  0.0314  0.0317
  0.0352  0.0341  0.0328  0.0365  0.0365  0.0329  0.0344  0.0359  0.0325  0.0332  0.0324  0.0327
niter,ni,del,rscale     6    3    5.0000    1.2000
parameters
    0.1068   14.8788    8.6656   -5.8292   -6.9353    0.3266
    2.2639   -2.8701    0.4811    0.0434   -1.6853   -4.6800
eta,q 0.96926 12.43577
  0.0352  0.0339  0.0333  0.0341  0.0335  0.0335  0.0340  0.0358  0.0327  0.0335  0.0323  0.0329
  0.0329  0.0322  0.0320  0.0323  0.0321  0.0320  0.0322  0.0330  0.0317  0.0319  0.0314  0.0318
  0.0314  0.0311  0.0312  0.0312  0.0311  0.0311  0.0311  0.0313  0.0310  0.0310  0.0309  0.0310
  0.0308  0.0308  0.0308  0.0308  0.0308  0.0308  0.0307  0.0307  0.0307  0.0307  0.0307  0.0307
  0.0312  0.0311  0.0308  0.0310  0.0311  0.0307  0.0312  0.0314  0.0310  0.0311  0.0309  0.0310
  0.0327  0.0321  0.0313  0.0321  0.0322  0.0314  0.0324  0.0330  0.0317  0.0320  0.0315  0.0316
  0.0350  0.0337  0.0322  0.0341  0.0342  0.0334  0.0341  0.0357  0.0329  0.0335  0.0325  0.0325
niter,ni,del,rscale     5    3    5.0000    1.2000
parameters
    0.0963   14.8367    8.7759   -5.8309   -6.9459    0.3869
    2.2554   -2.8716    0.4893   -0.0758   -1.7370   -4.5112
eta,q 0.96927 12.43635
  0.0350  0.0336  0.0329  0.0340  0.0338  0.0334  0.0341  0.0358  0.0328  0.0335  0.0323  0.0328
  0.0327  0.0320  0.0317  0.0323  0.0322  0.0319  0.0322  0.0330  0.0317  0.0318  0.0314  0.0317
  0.0312  0.0310  0.0310  0.0311  0.0312  0.0311  0.0311  0.0313  0.0310  0.0310  0.0309  0.0310
  0.0307  0.0307  0.0307  0.0307  0.0307  0.0307  0.0307  0.0307  0.0307  0.0307  0.0307  0.0307
  0.0312  0.0311  0.0309  0.0310  0.0310  0.0307  0.0311  0.0314  0.0309  0.0311  0.0308  0.0310
  0.0327  0.0322  0.0315  0.0321  0.0321  0.0315  0.0323  0.0331  0.0316  0.0320  0.0314  0.0316
  0.0351  0.0338  0.0325  0.0342  0.0339  0.0336  0.0340  0.0357  0.0328  0.0336  0.0324  0.0326
niter,ni,del,rscale     4    3    5.0000    1.2000
parameters
    0.0904   14.8013    8.8141   -5.8295   -6.9367    0.4096
    2.2523   -2.8743    0.4966   -0.1496   -1.7589   -4.4253
eta,q 0.96928 12.43684
  0.0351  0.0337  0.0327  0.0340  0.0338  0.0333  0.0341  0.0358  0.0328  0.0335  0.0323  0.0327
  0.0327  0.0320  0.0316  0.0322  0.0322  0.0318  0.0322  0.0330  0.0317  0.0319  0.0315  0.0316
  0.0312  0.0310  0.0310  0.0311  0.0312  0.0310  0.0311  0.0313  0.0310  0.0310  0.0309  0.0310
  0.0307  0.0307  0.0307  0.0307  0.0307  0.0307  0.0307  0.0307  0.0307  0.0307  0.0307  0.0307
  0.0312  0.0311  0.0309  0.0310  0.0310  0.0307  0.0311  0.0314  0.0309  0.0311  0.0308  0.0310
  0.0327  0.0322  0.0316  0.0321  0.0321  0.0315  0.0323  0.0331  0.0316  0.0320  0.0314  0.0316
  0.0351  0.0338  0.0326  0.0342  0.0339  0.0336  0.0340  0.0358  0.0328  0.0336  0.0324  0.0326
niter,ni,del,rscale     3    3    5.0000    1.2000
parameters
    0.0874   14.7819    8.8324   -5.8337   -6.9298    0.4186
    2.2496   -2.8742    0.4901   -0.1855   -1.7584   -4.3818
eta,q 0.96928 12.43676
  0.0351  0.0337  0.0327  0.0340  0.0338  0.0333  0.0341  0.0358  0.0328  0.0335  0.0323  0.0327
  0.0327  0.0320  0.0316  0.0322  0.0322  0.0318  0.0322  0.0330  0.0317  0.0319  0.0315  0.0316
  0.0312  0.0310  0.0309  0.0311  0.0312  0.0310  0.0311  0.0313  0.0310  0.0310  0.0309  0.0309
  0.0307  0.0307  0.0307  0.0307  0.0307  0.0307  0.0307  0.0307  0.0307  0.0307  0.0307  0.0307
  0.0312  0.0311  0.0309  0.0310  0.0310  0.0307  0.0311  0.0314  0.0309  0.0311  0.0308  0.0310
  0.0327  0.0322  0.0316  0.0321  0.0321  0.0315  0.0323  0.0331  0.0316  0.0320  0.0314  0.0317
  0.0351  0.0337  0.0326  0.0342  0.0339  0.0336  0.0340  0.0358  0.0328  0.0335  0.0324  0.0326
registration optimization eta report
parameter search radius
    2.4000    2.4000    2.4000    8.2800    8.2800    7.2000
    7.2000    7.2000    7.2000    7.2000    8.2800    8.2800
100000*second partial in parameter space
       76.       52.       33.        5.        5.        6.
        6.       10.        4.        5.        2.        3.
  0.0351  0.0337  0.0327  0.0340  0.0338  0.0333  0.0341  0.0358  0.0328  0.0335  0.0323  0.0327
  0.0327  0.0320  0.0316  0.0322  0.0322  0.0318  0.0322  0.0330  0.0317  0.0319  0.0315  0.0316
  0.0312  0.0310  0.0309  0.0311  0.0312  0.0310  0.0311  0.0313  0.0310  0.0310  0.0309  0.0309
  0.0307  0.0307  0.0307  0.0307  0.0307  0.0307  0.0307  0.0307  0.0307  0.0307  0.0307  0.0307
  0.0312  0.0311  0.0309  0.0310  0.0310  0.0307  0.0311  0.0314  0.0309  0.0311  0.0308  0.0310
  0.0327  0.0322  0.0316  0.0321  0.0321  0.0315  0.0323  0.0331  0.0316  0.0320  0.0314  0.0317
  0.0351  0.0337  0.0326  0.0342  0.0339  0.0336  0.0340  0.0358  0.0328  0.0335  0.0324  0.0326
    0.0874   14.7819    8.8324   -5.8337   -6.9298    0.4186
    2.2496   -2.8742    0.4901   -0.1855   -1.7584   -4.3818
eta,q 0.96928 12.43676

---------------------------------------------------------------------
imgreg_4dfp /opt/freesurfer/average/711-2C_as_mni_average_305 /opt/freesurfer/average/711-2B_as_mni_average_305_mask talsrcimg_g11 none talsrcimg_to_711-2C_as_mni_average_305_t4 2311
---------------------------------------------------------------------

freesurfer imgreg_4dfp.c
/opt/freesurfer/average/711-2C_as_mni_average_305.4dfp.img
       256       256       256         1
  1.000000  1.000000  1.000000
orientation T byte_order littleendian
Reading image: /opt/freesurfer/average/711-2C_as_mni_average_305.4dfp.img
dimensions:      256       256       256
mmppix:       1.0000   -1.0000   -1.0000
center:     128.0000 -129.0000 -129.0000
/opt/freesurfer/average/711-2B_as_mni_average_305_mask.4dfp.img
       256       256       256         1
  1.000000  1.000000  1.000000
orientation T byte_order littleendian
Reading mask: /opt/freesurfer/average/711-2B_as_mni_average_305_mask.4dfp.img (2306576 pixels)
talsrcimg_g11.4dfp.img
       256       256       256         1
  1.000000  1.000000  1.000000
orientation T byte_order littleendian
Reading image: talsrcimg_g11.4dfp.img
dimensions:      256       256       256
mmppix:       1.0000   -1.0000   -1.0000
center:     128.0000 -129.0000 -129.0000
fimgreg.f
image alignment mode   2311 decimal      907 hex
parameters
    0.0874   14.7819    8.8324   -5.8337   -6.9298    0.4186
    2.2496   -2.8742    0.4901   -0.1855   -1.7584   -4.3818
eta,q 0.96928 12.43676
niter,ni,del,rscale     5    3    5.0000    0.8000
parameters
    0.0914   14.7509    8.8272   -5.6316   -6.6629    1.0283
    2.2368   -2.9887    0.5770   -0.2068   -1.5939   -4.5324
eta,q 0.96934 12.50446
  0.0327  0.0320  0.0316  0.0319  0.0319  0.0318  0.0322  0.0329  0.0316  0.0319  0.0312  0.0314
  0.0316  0.0313  0.0311  0.0313  0.0313  0.0312  0.0313  0.0316  0.0311  0.0312  0.0309  0.0310
  0.0309  0.0308  0.0308  0.0309  0.0309  0.0309  0.0308  0.0309  0.0308  0.0308  0.0307  0.0307
  0.0307  0.0307  0.0307  0.0307  0.0307  0.0307  0.0307  0.0307  0.0307  0.0307  0.0307  0.0307
  0.0309  0.0309  0.0308  0.0308  0.0308  0.0306  0.0308  0.0310  0.0307  0.0308  0.0307  0.0308
  0.0316  0.0314  0.0311  0.0311  0.0311  0.0308  0.0313  0.0318  0.0311  0.0313  0.0309  0.0311
  0.0327  0.0321  0.0316  0.0317  0.0317  0.0315  0.0322  0.0331  0.0316  0.0320  0.0312  0.0314
niter,ni,del,rscale     4    3    5.0000    0.7000
parameters
    0.0769   14.7303    8.8300   -5.5620   -6.5864    1.1245
    2.2366   -3.0390    0.5643   -0.2090   -1.5179   -4.5210
eta,q 0.96935 12.51899
  0.0322  0.0317  0.0314  0.0315  0.0315  0.0314  0.0318  0.0324  0.0314  0.0317  0.0311  0.0312
  0.0313  0.0311  0.0310  0.0311  0.0311  0.0310  0.0312  0.0314  0.0310  0.0311  0.0309  0.0309
  0.0308  0.0308  0.0307  0.0308  0.0308  0.0308  0.0308  0.0308  0.0307  0.0308  0.0307  0.0307
  0.0307  0.0307  0.0307  0.0307  0.0307  0.0306  0.0307  0.0307  0.0306  0.0307  0.0307  0.0306
  0.0308  0.0308  0.0307  0.0307  0.0307  0.0306  0.0308  0.0309  0.0307  0.0308  0.0307  0.0307
  0.0314  0.0312  0.0310  0.0310  0.0310  0.0308  0.0312  0.0315  0.0310  0.0311  0.0308  0.0309
  0.0322  0.0318  0.0313  0.0315  0.0315  0.0314  0.0318  0.0325  0.0314  0.0316  0.0311  0.0312
niter,ni,del,rscale     3    3    5.0000    0.6000
parameters
    0.0701   14.7241    8.8235   -5.5477   -6.5464    1.3293
    2.2465   -3.0857    0.5585   -0.1864   -1.4645   -4.5385
eta,q 0.96936 12.53594
  0.0318  0.0314  0.0312  0.0313  0.0313  0.0312  0.0315  0.0320  0.0312  0.0314  0.0310  0.0311
  0.0311  0.0310  0.0309  0.0309  0.0310  0.0309  0.0310  0.0312  0.0309  0.0310  0.0308  0.0309
  0.0308  0.0307  0.0307  0.0307  0.0307  0.0307  0.0307  0.0308  0.0307  0.0307  0.0307  0.0307
  0.0306  0.0306  0.0306  0.0306  0.0306  0.0306  0.0306  0.0306  0.0306  0.0306  0.0306  0.0306
  0.0308  0.0307  0.0307  0.0307  0.0307  0.0306  0.0307  0.0308  0.0307  0.0307  0.0307  0.0307
  0.0312  0.0310  0.0309  0.0309  0.0309  0.0307  0.0310  0.0313  0.0309  0.0310  0.0308  0.0308
  0.0318  0.0315  0.0312  0.0313  0.0313  0.0311  0.0315  0.0320  0.0312  0.0314  0.0310  0.0311
niter,ni,del,rscale     2    3    5.0000    0.5000
parameters
    0.0647   14.7192    8.8252   -5.5369   -6.4959    1.5102
    2.2571   -3.1239    0.5582   -0.1533   -1.4111   -4.5216
eta,q 0.96937 12.55175
  0.0314  0.0312  0.0310  0.0311  0.0311  0.0310  0.0312  0.0316  0.0310  0.0312  0.0309  0.0310
  0.0310  0.0309  0.0308  0.0308  0.0309  0.0308  0.0309  0.0310  0.0308  0.0309  0.0307  0.0308
  0.0307  0.0307  0.0307  0.0307  0.0307  0.0307  0.0307  0.0307  0.0307  0.0307  0.0307  0.0307
  0.0306  0.0306  0.0306  0.0306  0.0306  0.0306  0.0306  0.0306  0.0306  0.0306  0.0306  0.0306
  0.0307  0.0307  0.0307  0.0307  0.0307  0.0306  0.0307  0.0308  0.0307  0.0307  0.0306  0.0307
  0.0310  0.0309  0.0308  0.0308  0.0308  0.0307  0.0309  0.0311  0.0308  0.0309  0.0307  0.0308
  0.0314  0.0312  0.0310  0.0311  0.0311  0.0310  0.0312  0.0316  0.0310  0.0311  0.0308  0.0310
niter,ni,del,rscale     1    3    5.0000    0.4000
parameters
    0.0589   14.7132    8.8327   -5.5172   -6.4548    1.7322
    2.2757   -3.1553    0.5563   -0.1352   -1.3457   -4.4669
eta,q 0.96939 12.57033
  0.0311  0.0310  0.0309  0.0309  0.0309  0.0309  0.0310  0.0312  0.0309  0.0310  0.0308  0.0308
  0.0309  0.0308  0.0307  0.0308  0.0308  0.0308  0.0308  0.0309  0.0307  0.0308  0.0307  0.0307
  0.0307  0.0307  0.0307  0.0307  0.0307  0.0307  0.0307  0.0307  0.0306  0.0307  0.0306  0.0306
  0.0306  0.0306  0.0306  0.0306  0.0306  0.0306  0.0306  0.0306  0.0306  0.0306  0.0306  0.0306
  0.0307  0.0307  0.0307  0.0307  0.0307  0.0306  0.0307  0.0307  0.0306  0.0307  0.0306  0.0306
  0.0309  0.0308  0.0307  0.0308  0.0308  0.0307  0.0308  0.0309  0.0307  0.0308  0.0307  0.0307
  0.0311  0.0310  0.0309  0.0309  0.0309  0.0308  0.0310  0.0313  0.0309  0.0310  0.0308  0.0308
registration optimization eta report
parameter search radius
    0.8000    0.8000    0.8000    2.4000    2.4000    2.4000
    2.4000    2.4000    2.4000    2.4000    2.4000    2.4000
100000*second partial in parameter space
       80.       56.       37.        5.        5.        4.
        7.       11.        4.        6.        3.        4.
  0.0311  0.0310  0.0309  0.0309  0.0309  0.0309  0.0310  0.0312  0.0309  0.0310  0.0308  0.0308
  0.0309  0.0308  0.0307  0.0308  0.0308  0.0308  0.0308  0.0309  0.0307  0.0308  0.0307  0.0307
  0.0307  0.0307  0.0307  0.0307  0.0307  0.0307  0.0307  0.0307  0.0306  0.0307  0.0306  0.0306
  0.0306  0.0306  0.0306  0.0306  0.0306  0.0306  0.0306  0.0306  0.0306  0.0306  0.0306  0.0306
  0.0307  0.0307  0.0307  0.0307  0.0307  0.0306  0.0307  0.0307  0.0306  0.0307  0.0306  0.0306
  0.0309  0.0308  0.0307  0.0308  0.0308  0.0307  0.0308  0.0309  0.0307  0.0308  0.0307  0.0307
  0.0311  0.0310  0.0309  0.0309  0.0309  0.0308  0.0310  0.0313  0.0309  0.0310  0.0308  0.0308
    0.0589   14.7132    8.8327   -5.5172   -6.4548    1.7322
    2.2757   -3.1553    0.5563   -0.1352   -1.3457   -4.4669
eta,q 0.96939 12.57033

---------------------------------------------------------------------
imgreg_4dfp /opt/freesurfer/average/711-2C_as_mni_average_305 /opt/freesurfer/average/711-2B_as_mni_average_305_mask talsrcimg_g11 none talsrcimg_to_711-2C_as_mni_average_305_t4 2311
---------------------------------------------------------------------

freesurfer imgreg_4dfp.c
/opt/freesurfer/average/711-2C_as_mni_average_305.4dfp.img
       256       256       256         1
  1.000000  1.000000  1.000000
orientation T byte_order littleendian
Reading image: /opt/freesurfer/average/711-2C_as_mni_average_305.4dfp.img
dimensions:      256       256       256
mmppix:       1.0000   -1.0000   -1.0000
center:     128.0000 -129.0000 -129.0000
/opt/freesurfer/average/711-2B_as_mni_average_305_mask.4dfp.img
       256       256       256         1
  1.000000  1.000000  1.000000
orientation T byte_order littleendian
Reading mask: /opt/freesurfer/average/711-2B_as_mni_average_305_mask.4dfp.img (2306576 pixels)
talsrcimg_g11.4dfp.img
       256       256       256         1
  1.000000  1.000000  1.000000
orientation T byte_order littleendian
Reading image: talsrcimg_g11.4dfp.img
dimensions:      256       256       256
mmppix:       1.0000   -1.0000   -1.0000
center:     128.0000 -129.0000 -129.0000
fimgreg.f
image alignment mode   2311 decimal      907 hex
parameters
    0.0589   14.7132    8.8327   -5.5172   -6.4548    1.7322
    2.2757   -3.1553    0.5563   -0.1352   -1.3457   -4.4669
eta,q 0.96938 12.57033
niter,ni,del,rscale     5    3    5.0000    0.8000
parameters
    0.0503   14.7175    8.8713   -5.5442   -6.5943    1.0287
    2.2306   -3.0225    0.4688   -0.2595   -1.5307   -4.4416
eta,q 0.96934 12.51245
  0.0326  0.0321  0.0316  0.0317  0.0317  0.0314  0.0322  0.0331  0.0316  0.0319  0.0312  0.0314
  0.0315  0.0313  0.0311  0.0311  0.0311  0.0310  0.0313  0.0318  0.0311  0.0312  0.0309  0.0310
  0.0308  0.0308  0.0307  0.0308  0.0308  0.0307  0.0308  0.0309  0.0308  0.0308  0.0307  0.0308
  0.0306  0.0306  0.0306  0.0306  0.0306  0.0306  0.0307  0.0307  0.0307  0.0307  0.0307  0.0307
  0.0309  0.0308  0.0307  0.0307  0.0308  0.0307  0.0308  0.0309  0.0308  0.0308  0.0307  0.0308
  0.0315  0.0313  0.0310  0.0311  0.0312  0.0312  0.0314  0.0317  0.0311  0.0313  0.0309  0.0310
  0.0327  0.0320  0.0315  0.0318  0.0319  0.0324  0.0322  0.0328  0.0316  0.0320  0.0313  0.0314
niter,ni,del,rscale     4    3    5.0000    0.7000
parameters
    0.0670   14.7165    8.8341   -5.5774   -6.5845    1.1310
    2.2459   -3.0419    0.5474   -0.2343   -1.5017   -4.5143
eta,q 0.96935 12.51821
  0.0322  0.0317  0.0313  0.0315  0.0315  0.0314  0.0318  0.0325  0.0314  0.0317  0.0311  0.0312
  0.0314  0.0311  0.0309  0.0310  0.0311  0.0310  0.0312  0.0314  0.0310  0.0311  0.0308  0.0309
  0.0308  0.0308  0.0307  0.0307  0.0308  0.0308  0.0308  0.0308  0.0307  0.0308  0.0307  0.0307
  0.0307  0.0307  0.0307  0.0307  0.0307  0.0307  0.0307  0.0307  0.0306  0.0306  0.0306  0.0306
  0.0308  0.0308  0.0308  0.0308  0.0307  0.0306  0.0308  0.0309  0.0307  0.0308  0.0307  0.0307
  0.0313  0.0311  0.0310  0.0310  0.0310  0.0308  0.0312  0.0315  0.0309  0.0311  0.0308  0.0309
  0.0322  0.0317  0.0314  0.0315  0.0315  0.0314  0.0318  0.0324  0.0314  0.0316  0.0311  0.0313
niter,ni,del,rscale     3    3    5.0000    0.6000
parameters
    0.0674   14.7195    8.8286   -5.5432   -6.5398    1.3332
    2.2475   -3.0881    0.5457   -0.1911   -1.4531   -4.5296
eta,q 0.96937 12.53670
  0.0318  0.0315  0.0312  0.0313  0.0313  0.0312  0.0315  0.0320  0.0312  0.0314  0.0310  0.0311
  0.0312  0.0310  0.0309  0.0309  0.0310  0.0309  0.0310  0.0312  0.0309  0.0310  0.0308  0.0309
  0.0308  0.0307  0.0307  0.0307  0.0307  0.0307  0.0307  0.0308  0.0307  0.0307  0.0307  0.0307
  0.0306  0.0307  0.0306  0.0306  0.0306  0.0306  0.0306  0.0306  0.0306  0.0306  0.0306  0.0306
  0.0308  0.0307  0.0307  0.0307  0.0307  0.0306  0.0307  0.0308  0.0307  0.0307  0.0307  0.0307
  0.0312  0.0310  0.0309  0.0309  0.0309  0.0307  0.0310  0.0313  0.0309  0.0310  0.0308  0.0308
  0.0318  0.0314  0.0312  0.0313  0.0313  0.0311  0.0315  0.0320  0.0312  0.0314  0.0310  0.0311
niter,ni,del,rscale     2    3    5.0000    0.5000
parameters
    0.0627   14.7175    8.8308   -5.5345   -6.4899    1.5196
    2.2585   -3.1248    0.5463   -0.1573   -1.3888   -4.5113
eta,q 0.96937 12.55292
  0.0314  0.0312  0.0310  0.0311  0.0311  0.0310  0.0312  0.0316  0.0310  0.0312  0.0309  0.0310
  0.0310  0.0309  0.0308  0.0308  0.0309  0.0308  0.0309  0.0310  0.0308  0.0309  0.0307  0.0308
  0.0307  0.0307  0.0307  0.0307  0.0307  0.0307  0.0307  0.0307  0.0307  0.0307  0.0307  0.0307
  0.0306  0.0306  0.0306  0.0306  0.0306  0.0306  0.0306  0.0306  0.0306  0.0306  0.0306  0.0306
  0.0307  0.0307  0.0307  0.0307  0.0307  0.0306  0.0307  0.0308  0.0307  0.0307  0.0306  0.0307
  0.0310  0.0309  0.0308  0.0308  0.0308  0.0307  0.0309  0.0311  0.0308  0.0309  0.0307  0.0308
  0.0314  0.0312  0.0310  0.0311  0.0311  0.0310  0.0312  0.0316  0.0310  0.0311  0.0308  0.0310
niter,ni,del,rscale     1    3    5.0000    0.4000
parameters
    0.0588   14.7120    8.8297   -5.5018   -6.4511    1.7144
    2.2779   -3.1565    0.5572   -0.1414   -1.3480   -4.4660
eta,q 0.96939 12.57017
  0.0311  0.0310  0.0309  0.0309  0.0309  0.0309  0.0310  0.0312  0.0309  0.0310  0.0308  0.0309
  0.0309  0.0308  0.0307  0.0308  0.0308  0.0307  0.0308  0.0309  0.0307  0.0308  0.0307  0.0307
  0.0307  0.0307  0.0306  0.0307  0.0307  0.0307  0.0307  0.0307  0.0307  0.0307  0.0306  0.0306
  0.0306  0.0306  0.0306  0.0306  0.0306  0.0306  0.0306  0.0306  0.0306  0.0306  0.0306  0.0306
  0.0307  0.0307  0.0307  0.0307  0.0306  0.0306  0.0307  0.0307  0.0306  0.0307  0.0306  0.0306
  0.0309  0.0308  0.0307  0.0307  0.0308  0.0307  0.0308  0.0309  0.0307  0.0308  0.0307  0.0307
  0.0311  0.0310  0.0309  0.0309  0.0309  0.0308  0.0310  0.0313  0.0309  0.0310  0.0308  0.0308
registration optimization eta report
parameter search radius
    0.8000    0.8000    0.8000    2.4000    2.4000    2.4000
    2.4000    2.4000    2.4000    2.4000    2.4000    2.4000
100000*second partial in parameter space
       79.       57.       37.        5.        5.        4.
        7.       11.        4.        6.        3.        4.
  0.0311  0.0310  0.0309  0.0309  0.0309  0.0309  0.0310  0.0312  0.0309  0.0310  0.0308  0.0309
  0.0309  0.0308  0.0307  0.0308  0.0308  0.0307  0.0308  0.0309  0.0307  0.0308  0.0307  0.0307
  0.0307  0.0307  0.0306  0.0307  0.0307  0.0307  0.0307  0.0307  0.0307  0.0307  0.0306  0.0306
  0.0306  0.0306  0.0306  0.0306  0.0306  0.0306  0.0306  0.0306  0.0306  0.0306  0.0306  0.0306
  0.0307  0.0307  0.0307  0.0307  0.0306  0.0306  0.0307  0.0307  0.0306  0.0307  0.0306  0.0306
  0.0309  0.0308  0.0307  0.0307  0.0308  0.0307  0.0308  0.0309  0.0307  0.0308  0.0307  0.0307
  0.0311  0.0310  0.0309  0.0309  0.0309  0.0308  0.0310  0.0313  0.0309  0.0310  0.0308  0.0308
    0.0588   14.7120    8.8297   -5.5018   -6.4511    1.7144
    2.2779   -3.1565    0.5572   -0.1414   -1.3480   -4.4660
eta,q 0.96939 12.57017

---------------------------------------------------------------------
compute_vox2vox talsrcimg talsrcimg_to_711-2C_as_mni_average_305_t4 /opt/freesurfer/average/711-2C_as_mni_average_305
---------------------------------------------------------------------

freesurfer compute_vox2vox.c
Reading: talsrcimg.4dfp.ifh
Reading: talsrcimg_to_711-2C_as_mni_average_305_t4
Reading: /opt/freesurfer/average/711-2C_as_mni_average_305.4dfp.ifh
Writing: talsrcimg_to_711-2C_as_mni_average_305_t4_vox2vox.txt

start time Tue Mar 10 02:06:50 CET 2026
end		time Tue Mar 10 02:08:16 CET 2026

mpr2mni305 success

avi2talxfm orig_nu.mgz /opt/freesurfer/average/mni305.cor.mgz talsrcimg_to_711-2C_as_mni_average_305_t4_vox2vox.txt transforms/talairach.auto.xfm
avi2talxfm done
mv -f /out/sourcedata/freesurfer/sub-v1s4x0050687_ses-1/mri/talsrcimg_to_711-2C_as_mni_average_305_t4_vox2vox.txt /out/sourcedata/freesurfer/sub-v1s4x0050687_ses-1/mri/transforms/talsrcimg_to_711-2C_as_mni_average_305_t4_vox2vox.txt
lta_convert --src orig_nu.mgz --trg /opt/freesurfer/average/mni305.cor.mgz --inxfm transforms/talairach.auto.xfm --outlta transforms/talairach.auto.xfm.lta --subject fsaverage
7.3.2

--src: orig_nu.mgz src image (geometry).
--trg: /opt/freesurfer/average/mni305.cor.mgz trg image (geometry).
--inmni: transforms/talairach.auto.xfm input MNI/XFM transform.
--outlta: transforms/talairach.auto.xfm.lta output LTA.
--s: fsaverage subject name
 LTA read, type : 1
 1.05883   0.03283  -0.02421  -3.79207;
 0.01376   0.98364   0.04662  -25.15321;
-0.00629   0.00129   1.06917  -32.67235;
 0.00000   0.00000   0.00000   1.00000;
setting subject to fsaverage
Writing  LTA to file transforms/talairach.auto.xfm.lta...
lta_convert successful.
 
 
Started at Tue Mar 10 02:06:49 CET 2026
Ended   at Tue Mar 10 02:08:16 CET 2026
talairach_avi done
