/out/sourcedata/freesurfer/sub-v1s4x0050699_ses-1/mri
/opt/freesurfer/bin/talairach_avi
--i orig_nu.mgz --xfm transforms/talairach.auto.xfm
talairach_avi 7.3.2
Linux dna066 5.14.0-427.37.1.el9_4.x86_64 #1 SMP PREEMPT_DYNAMIC Fri Sep 13 12:41:50 EDT 2024 x86_64 x86_64 x86_64 GNU/Linux
Tue Mar 10 02:39:43 CET 2026
mri_convert orig_nu.mgz talsrcimg.img 
reading from orig_nu.mgz...
TR=0.00, TE=0.00, TI=0.00, flip angle=0.00
i_ras = (-1, 1.86265e-09, 3.72529e-09)
j_ras = (3.72529e-09, -1.49012e-08, -1)
k_ras = (1.39698e-09, 1, 0)
writing to talsrcimg.img...
Analyze Output Matrix
-1.00000   0.00000   0.00000   132.40869;
 0.00000  -0.00000   1.00000  -120.26649;
 0.00000  -1.00000   0.00000   138.11559;
 0.00000   0.00000   0.00000   1.00000;
--------------------
INFO: set hdr.hist.orient to -1
mpr2mni305 talsrcimg
Tue Mar 10 02:39:44 CET 2026
/opt/freesurfer/bin/mpr2mni305 talsrcimg
mpr2mni305 7.3.2
target=711-2C_as_mni_average_305

---------------------------------------------------------------------
analyzeto4dfp talsrcimg -O0 -y
---------------------------------------------------------------------

freesurfer ifh2hdr.c
Tue Mar 10 02:39:44 2026
Writing: talsrcimg.4dfp.hdr
freesurfer analyzeto4dfp.c
Reading: talsrcimg.hdr
header size 348 bytes
hdr.dime.datatype	offset=70	value=2
hdr.dime.bitpix		offset=72	value=8
hdr.hist.orient		offset=252	value=-1
dimensionality     4
dimensions       256       256       256         1
Reading: talsrcimg.img
Writing: talsrcimg.4dfp.img
Writing: talsrcimg.4dfp.ifh
ifh2hdr talsrcimg -r0to234
ori=2

---------------------------------------------------------------------
gauss_4dfp talsrcimg 1.1
---------------------------------------------------------------------

freesurfer gauss_4dfp.c
Reading: talsrcimg.4dfp.img
Writing: talsrcimg_g11.4dfp.img
image dimensions 256 256 256 padded to 288 288 288
processing volume 1freesurfer ifh2hdr.c
Tue Mar 10 02:39:45 2026
Writing: talsrcimg_g11.4dfp.hdr

Writing: talsrcimg_g11.4dfp.ifh
including: talsrcimg.4dfp.img.rec in talsrcimg_g11.4dfp.img.rec

---------------------------------------------------------------------
imgreg_4dfp /opt/freesurfer/average/711-2C_as_mni_average_305 none talsrcimg_g11 none talsrcimg_to_711-2C_as_mni_average_305_t4 4355
---------------------------------------------------------------------

freesurfer imgreg_4dfp.c
/opt/freesurfer/average/711-2C_as_mni_average_305.4dfp.img
       256       256       256         1
  1.000000  1.000000  1.000000
orientation T byte_order littleendian
Reading image: /opt/freesurfer/average/711-2C_as_mni_average_305.4dfp.img
dimensions:      256       256       256
mmppix:       1.0000   -1.0000   -1.0000
center:     128.0000 -129.0000 -129.0000
talsrcimg_g11.4dfp.img
       256       256       256         1
  1.000000  1.000000  1.000000
orientation T byte_order littleendian
Reading image: talsrcimg_g11.4dfp.img
dimensions:      256       256       256
mmppix:       1.0000   -1.0000   -1.0000
center:     128.0000 -129.0000 -129.0000
t4_read: open error in t4_sub.f l:  41 t4_file(1:l)talsrcimg_to_711-2C_as_mni_average_305_t4 
t4_read: transform initialized to I4
rotation matrix determinant  1.000000
image alignment mode   4355 decimal     1103 hex
   -7.5000  -45.0000  -45.0000 8542.3887   16.1550
    0.0000  -45.0000  -45.0000 8965.6475   16.1743
    7.5000  -45.0000  -45.0000 8679.2793   16.2141
   -7.5000  -37.5000  -45.0000 8995.3369   16.0338
    0.0000  -37.5000  -45.0000 9444.1699   16.0591
    7.5000  -37.5000  -45.0000 9109.0781   16.1041
   -7.5000  -30.0000  -45.0000 9855.7051   15.9732
    0.0000  -30.0000  -45.000010336.0010   16.0004
    7.5000  -30.0000  -45.0000 9940.0596   16.0434
   -7.5000  -22.5000  -45.000010675.2412   15.9960
    0.0000  -22.5000  -45.000011220.5635   16.0197
    7.5000  -22.5000  -45.000010770.3105   16.0557
   -7.5000  -15.0000  -45.000011245.8604   16.0176
    0.0000  -15.0000  -45.000011835.9658   16.0353
    7.5000  -15.0000  -45.000011323.9434   16.0656
   -7.5000   -7.5000  -45.000011665.2236   16.0129
    0.0000   -7.5000  -45.000012275.7998   16.0285
    7.5000   -7.5000  -45.000011746.8848   16.0604
   -7.5000    0.0000  -45.000011949.9775   15.9893
    0.0000    0.0000  -45.000012595.3135   16.0086
    7.5000    0.0000  -45.000012057.4424   16.0479
   -7.5000    7.5000  -45.000011368.2920   15.9696
    0.0000    7.5000  -45.000011981.4307   15.9945
    7.5000    7.5000  -45.000011444.4941   16.0390
   -7.5000   15.0000  -45.000010735.7344   15.9799
    0.0000   15.0000  -45.000011299.1523   16.0071
    7.5000   15.0000  -45.000010782.4434   16.0502
   -7.5000   22.5000  -45.000010053.2578   16.1377
    0.0000   22.5000  -45.000010562.0186   16.1619
    7.5000   22.5000  -45.000010090.4443   16.1991
   -7.5000   30.0000  -45.0000 9386.8457   16.2428
    0.0000   30.0000  -45.0000 9864.4609   16.2619
    7.5000   30.0000  -45.0000 9406.0410   16.2951
   -7.5000   37.5000  -45.0000 9089.9668   16.6881
    0.0000   37.5000  -45.0000 9562.2334   16.7062
    7.5000   37.5000  -45.0000 9096.9033   16.7420
   -7.5000   45.0000  -45.0000 8467.2598   16.7344
    0.0000   45.0000  -45.0000 8898.7217   16.7530
    7.5000   45.0000  -45.0000 8452.9961   16.7982
   -7.5000  -45.0000  -37.5000 9124.3213   16.1114
    0.0000  -45.0000  -37.5000 9569.5156   16.1380
    7.5000  -45.0000  -37.5000 9234.7266   16.1798
   -7.5000  -37.5000  -37.5000 9624.1182   15.9931
    0.0000  -37.5000  -37.500010110.7783   16.0236
    7.5000  -37.5000  -37.5000 9740.5889   16.0691
   -7.5000  -30.0000  -37.500010520.3623   15.9314
    0.0000  -30.0000  -37.500011027.2275   15.9627
    7.5000  -30.0000  -37.500010599.8438   16.0068
   -7.5000  -22.5000  -37.500011400.5381   15.9491
    0.0000  -22.5000  -37.500011986.0391   15.9782
    7.5000  -22.5000  -37.500011482.2070   16.0181
   -7.5000  -15.0000  -37.500012019.5322   15.9671
    0.0000  -15.0000  -37.500012653.0078   15.9924
    7.5000  -15.0000  -37.500012107.4717   16.0287
   -7.5000   -7.5000  -37.500012450.7461   15.9645
    0.0000   -7.5000  -37.500013117.5352   15.9881
    7.5000   -7.5000  -37.500012545.0449   16.0250
   -7.5000    0.0000  -37.500012764.1445   15.9460
    0.0000    0.0000  -37.500013451.9531   15.9723
    7.5000    0.0000  -37.500012845.3525   16.0135
   -7.5000    7.5000  -37.500012124.5078   15.9291
    0.0000    7.5000  -37.500012783.3115   15.9591
    7.5000    7.5000  -37.500012164.8555   16.0042
   -7.5000   15.0000  -37.500011416.3525   15.9377
    0.0000   15.0000  -37.500012025.9258   15.9690
    7.5000   15.0000  -37.500011429.2969   16.0132
   -7.5000   22.5000  -37.500010683.9473   16.0888
    0.0000   22.5000  -37.500011250.0977   16.1185
    7.5000   22.5000  -37.500010694.0605   16.1595
   -7.5000   30.0000  -37.5000 9957.9814   16.1926
    0.0000   30.0000  -37.500010503.0908   16.2204
    7.5000   30.0000  -37.5000 9980.2627   16.2598
   -7.5000   37.5000  -37.5000 9634.3701   16.6412
    0.0000   37.5000  -37.500010161.2402   16.6697
    7.5000   37.5000  -37.5000 9643.7910   16.7105
   -7.5000   45.0000  -37.5000 8937.8867   16.6883
    0.0000   45.0000  -37.5000 9425.8506   16.7154
    7.5000   45.0000  -37.5000 8938.4580   16.7634
   -7.5000  -45.0000  -30.0000 9833.3848   16.7852
    0.0000  -45.0000  -30.000010349.9678   16.8172
    7.5000  -45.0000  -30.0000 9945.6885   16.8626
   -7.5000  -37.5000  -30.000010411.2754   16.6676
    0.0000  -37.5000  -30.000010961.6260   16.7028
    7.5000  -37.5000  -30.000010540.7559   16.7518
   -7.5000  -30.0000  -30.000011342.3818   16.6029
    0.0000  -30.0000  -30.000011939.0117   16.6381
    7.5000  -30.0000  -30.000011440.1699   16.6880
   -7.5000  -22.5000  -30.000012278.4297   16.6142
    0.0000  -22.5000  -30.000012938.0713   16.6475
    7.5000  -22.5000  -30.000012366.9629   16.6955
   -7.5000  -15.0000  -30.000012958.7803   16.6264
    0.0000  -15.0000  -30.000013665.5449   16.6569
    7.5000  -15.0000  -30.000013045.5098   16.7019
   -7.5000   -7.5000  -30.000013416.7158   16.6250
    0.0000   -7.5000  -30.000014163.7852   16.6542
    7.5000   -7.5000  -30.000013517.0107   16.6974
   -7.5000    0.0000  -30.000013764.7451   16.6125
    0.0000    0.0000  -30.000014513.7930   16.6442
    7.5000    0.0000  -30.000013813.1592   16.6889
   -7.5000    7.5000  -30.000013074.2871   16.6008
    0.0000    7.5000  -30.000013781.9160   16.6354
    7.5000    7.5000  -30.000013068.3281   16.6840
   -7.5000   15.0000  -30.000012268.8223   16.6090
    0.0000   15.0000  -30.000012972.3906   16.6440
    7.5000   15.0000  -30.000012255.0146   16.6941
   -7.5000   22.5000  -30.000011466.9951   16.7551
    0.0000   22.5000  -30.000012136.5771   16.7886
    7.5000   22.5000  -30.000011454.5693   16.8374
   -7.5000   30.0000  -30.000010659.9121   16.8589
    0.0000   30.0000  -30.000011304.9268   16.8918
    7.5000   30.0000  -30.000010685.3086   16.9404
   -7.5000   37.5000  -30.000010312.5244   17.3301
    0.0000   37.5000  -30.000010921.8447   17.3650
    7.5000   37.5000  -30.000010322.7129   17.4126
   -7.5000   45.0000  -30.0000 9555.7471   17.3996
    0.0000   45.0000  -30.000010099.8730   17.4334
    7.5000   45.0000  -30.0000 9558.0225   17.4854
   -7.5000  -45.0000  -22.500010478.5098   17.3779
    0.0000  -45.0000  -22.500011045.2588   17.4066
    7.5000  -45.0000  -22.500010611.5986   17.4522
   -7.5000  -37.5000  -22.500011129.8281   17.2583
    0.0000  -37.5000  -22.500011735.0566   17.2916
    7.5000  -37.5000  -22.500011254.3652   17.3427
   -7.5000  -30.0000  -22.500012101.2598   17.1915
    0.0000  -30.0000  -22.500012752.5020   17.2251
    7.5000  -30.0000  -22.500012201.3848   17.2787
   -7.5000  -22.5000  -22.500013087.2305   17.2010
    0.0000  -22.5000  -22.500013778.9971   17.2316
    7.5000  -22.5000  -22.500013146.2539   17.2826
   -7.5000  -15.0000  -22.500013833.1436   17.2119
    0.0000  -15.0000  -22.500014586.8281   17.2381
    7.5000  -15.0000  -22.500013887.8691   17.2843
   -7.5000   -7.5000  -22.500014340.7725   17.2104
    0.0000   -7.5000  -22.500015136.4688   17.2355
    7.5000   -7.5000  -22.500014409.8145   17.2785
   -7.5000    0.0000  -22.500014685.0840   17.1994
    0.0000    0.0000  -22.500015475.7725   17.2277
    7.5000    0.0000  -22.500014695.0576   17.2726
   -7.5000    7.5000  -22.500013916.9678   17.1892
    0.0000    7.5000  -22.500014691.5674   17.2218
    7.5000    7.5000  -22.500013884.9531   17.2725
   -7.5000   15.0000  -22.500013079.9941   17.1976
    0.0000   15.0000  -22.500013815.5596   17.2311
    7.5000   15.0000  -22.500013023.4287   17.2848
   -7.5000   22.5000  -22.500012227.5908   17.3442
    0.0000   22.5000  -22.500012925.4268   17.3743
    7.5000   22.5000  -22.500012169.5723   17.4258
   -7.5000   30.0000  -22.500011343.6807   17.4488
    0.0000   30.0000  -22.500012001.1758   17.4757
    7.5000   30.0000  -22.500011299.8975   17.5254
   -7.5000   37.5000  -22.500010947.6680   17.9357
    0.0000   37.5000  -22.500011554.5527   17.9639
    7.5000   37.5000  -22.500010904.8574   18.0115
   -7.5000   45.0000  -22.500010119.8174   18.0267
    0.0000   45.0000  -22.500010678.1699   18.0566
    7.5000   45.0000  -22.500010094.6953   18.1089
   -7.5000  -45.0000  -15.000011112.2324   17.8132
    0.0000  -45.0000  -15.000011686.1680   17.8340
    7.5000  -45.0000  -15.000011266.6475   17.8777
   -7.5000  -37.5000  -15.000011768.9111   17.6866
    0.0000  -37.5000  -15.000012396.7188   17.7144
    7.5000  -37.5000  -15.000011927.8389   17.7659
   -7.5000  -30.0000  -15.000012788.9316   17.6184
    0.0000  -30.0000  -15.000013448.2646   17.6479
    7.5000  -30.0000  -15.000012915.3193   17.7016
   -7.5000  -22.5000  -15.000013791.0176   17.6338
    0.0000  -22.5000  -15.000014492.3945   17.6587
    7.5000  -22.5000  -15.000013881.6406   17.7067
   -7.5000  -15.0000  -15.000014605.7549   17.6499
    0.0000  -15.0000  -15.000015357.7139   17.6680
    7.5000  -15.0000  -15.000014682.0186   17.7081
   -7.5000   -7.5000  -15.000015190.5000   17.6472
    0.0000   -7.5000  -15.000015956.1963   17.6636
    7.5000   -7.5000  -15.000015213.8389   17.7014
   -7.5000    0.0000  -15.000015546.8760   17.6305
    0.0000    0.0000  -15.000016350.5400   17.6513
    7.5000    0.0000  -15.000015541.3516   17.6943
   -7.5000    7.5000  -15.000014727.2490   17.6157
    0.0000    7.5000  -15.000015503.2783   17.6430
    7.5000    7.5000  -15.000014678.6299   17.6939
   -7.5000   15.0000  -15.000013819.1230   17.6249
    0.0000   15.0000  -15.000014545.0430   17.6544
    7.5000   15.0000  -15.000013745.8936   17.7082
   -7.5000   22.5000  -15.000012910.6357   17.7809
    0.0000   22.5000  -15.000013601.5195   17.8051
    7.5000   22.5000  -15.000012831.2168   17.8538
   -7.5000   30.0000  -15.000011969.8242   17.8928
    0.0000   30.0000  -15.000012628.3193   17.9100
    7.5000   30.0000  -15.000011906.6553   17.9535
   -7.5000   37.5000  -15.000011521.8916   18.3867
    0.0000   37.5000  -15.000012115.4912   18.4034
    7.5000   37.5000  -15.000011443.2549   18.4460
   -7.5000   45.0000  -15.000010664.7188   18.4875
    0.0000   45.0000  -15.000011216.4912   18.5079
    7.5000   45.0000  -15.000010611.8340   18.5578
   -7.5000  -45.0000   -7.500011738.2012   18.0210
    0.0000  -45.0000   -7.500012312.8428   18.0385
    7.5000  -45.0000   -7.500011855.6582   18.0811
   -7.5000  -37.5000   -7.500012462.2783   17.8868
    0.0000  -37.5000   -7.500013091.4785   17.9123
    7.5000  -37.5000   -7.500012569.6318   17.9629
   -7.5000  -30.0000   -7.500013512.5137   17.8186
    0.0000  -30.0000   -7.500014176.8369   17.8467
    7.5000  -30.0000   -7.500013630.0547   17.8971
   -7.5000  -22.5000   -7.500014551.1504   17.8424
    0.0000  -22.5000   -7.500015214.8750   17.8654
    7.5000  -22.5000   -7.500014630.6475   17.9076
   -7.5000  -15.0000   -7.500015452.3174   17.8657
    0.0000  -15.0000   -7.500016159.6738   17.8808
    7.5000  -15.0000   -7.500015482.8096   17.9144
   -7.5000   -7.5000   -7.500016060.0986   17.8611
    0.0000   -7.5000   -7.500016808.2832   17.8740
    7.5000   -7.5000   -7.500016051.0469   17.9077
   -7.5000    0.0000   -7.500016456.0488   17.8364
    0.0000    0.0000   -7.500017310.1641   17.8539
    7.5000    0.0000   -7.500016457.7051   17.8960
   -7.5000    7.5000   -7.500015586.6396   17.8152
    0.0000    7.5000   -7.500016381.9453   17.8401
    7.5000    7.5000   -7.500015557.8232   17.8902
   -7.5000   15.0000   -7.500014608.4678   17.8258
    0.0000   15.0000   -7.500015322.9785   17.8538
    7.5000   15.0000   -7.500014545.5674   17.9043
   -7.5000   22.5000   -7.500013626.6895   17.9923
    0.0000   22.5000   -7.500014263.5732   18.0153
    7.5000   22.5000   -7.500013529.9043   18.0586
   -7.5000   30.0000   -7.500012621.2617   18.1159
    0.0000   30.0000   -7.500013231.6230   18.1306
    7.5000   30.0000   -7.500012527.7637   18.1676
   -7.5000   37.5000   -7.500012108.7861   18.6110
    0.0000   37.5000   -7.500012747.3438   18.6241
    7.5000   37.5000   -7.500012036.2217   18.6626
   -7.5000   45.0000   -7.500011193.0703   18.7056
    0.0000   45.0000   -7.500011788.6660   18.7218
    7.5000   45.0000   -7.500011130.1553   18.7704
   -7.5000  -45.0000    0.000012266.5566   18.0426
    0.0000  -45.0000    0.000012854.2812   18.0642
    7.5000  -45.0000    0.000012372.9072   18.1081
   -7.5000  -37.5000    0.000013015.5459   17.9064
    0.0000  -37.5000    0.000013642.5225   17.9346
    7.5000  -37.5000    0.000013121.4639   17.9844
   -7.5000  -30.0000    0.000014111.8564   17.8382
    0.0000  -30.0000    0.000014768.5850   17.8685
    7.5000  -30.0000    0.000014222.7109   17.9161
   -7.5000  -22.5000    0.000015165.8916   17.8640
    0.0000  -22.5000    0.000015838.2988   17.8904
    7.5000  -22.5000    0.000015218.2139   17.9301
   -7.5000  -15.0000    0.000016088.3945   17.8892
    0.0000  -15.0000    0.000016789.6465   17.9089
    7.5000  -15.0000    0.000016106.0332   17.9422
   -7.5000   -7.5000    0.000016727.8203   17.8844
    0.0000   -7.5000    0.000017499.1680   17.9018
    7.5000   -7.5000    0.000016719.3770   17.9369
   -7.5000    0.0000    0.000017189.0879   17.8576
    0.0000    0.0000    0.000018122.7891   17.8791
    7.5000    0.0000    0.000017208.5625   17.9225
   -7.5000    7.5000    0.000016409.1387   17.8347
    0.0000    7.5000    0.000017294.2031   17.8623
    7.5000    7.5000    0.000016401.2812   17.9117
   -7.5000   15.0000    0.000015435.6982   17.8456
    0.0000   15.0000    0.000016153.3838   17.8759
    7.5000   15.0000    0.000015336.7822   17.9235
   -7.5000   22.5000    0.000014355.3867   18.0161
    0.0000   22.5000    0.000014990.6074   18.0431
    7.5000   22.5000    0.000014207.5830   18.0842
   -7.5000   30.0000    0.000013269.2656   18.1469
    0.0000   30.0000    0.000013856.0703   18.1680
    7.5000   30.0000    0.000013084.8809   18.2047
   -7.5000   37.5000    0.000012679.5000   18.6438
    0.0000   37.5000    0.000013326.1543   18.6639
    7.5000   37.5000    0.000012556.2480   18.7034
   -7.5000   45.0000    0.000011695.5537   18.7306
    0.0000   45.0000    0.000012300.6943   18.7513
    7.5000   45.0000    0.000011572.1582   18.8014
   -7.5000  -45.0000    7.500011892.8613   18.0275
    0.0000  -45.0000    7.500012413.4258   18.0572
    7.5000  -45.0000    7.500011957.5205   18.1041
   -7.5000  -37.5000    7.500012620.1797   17.8950
    0.0000  -37.5000    7.500013194.5713   17.9292
    7.5000  -37.5000    7.500012696.4121   17.9802
   -7.5000  -30.0000    7.500013691.0322   17.8261
    0.0000  -30.0000    7.500014249.3555   17.8611
    7.5000  -30.0000    7.500013729.4746   17.9106
   -7.5000  -22.5000    7.500014646.1582   17.8460
    0.0000  -22.5000    7.500015206.2617   17.8785
    7.5000  -22.5000    7.500014651.1641   17.9232
   -7.5000  -15.0000    7.500015508.2109   17.8662
    0.0000  -15.0000    7.500016105.9902   17.8944
    7.5000  -15.0000    7.500015491.7822   17.9351
   -7.5000   -7.5000    7.500016136.9385   17.8632
    0.0000   -7.5000    7.500016804.1152   17.8896
    7.5000   -7.5000    7.500016101.5225   17.9308
   -7.5000    0.0000    7.500016636.9727   17.8423
    0.0000    0.0000    7.500017511.8789   17.8717
    7.5000    0.0000    7.500016618.3848   17.9179
   -7.5000    7.5000    7.500015945.5967   17.8233
    0.0000    7.5000    7.500016906.0234   17.8570
    7.5000    7.5000    7.500015941.2803   17.9075
   -7.5000   15.0000    7.500015037.6953   17.8331
    0.0000   15.0000    7.500015868.7588   17.8681
    7.5000   15.0000    7.500014922.2773   17.9177
   -7.5000   22.5000    7.500013916.9658   17.9965
    0.0000   22.5000    7.500014632.0732   18.0297
    7.5000   22.5000    7.500013763.6094   18.0756
   -7.5000   30.0000    7.500012837.4600   18.1255
    0.0000   30.0000    7.500013453.2744   18.1566
    7.5000   30.0000    7.500012639.5576   18.2008
   -7.5000   37.5000    7.500012256.3799   18.6275
    0.0000   37.5000    7.500012858.1729   18.6594
    7.5000   37.5000    7.500012124.6514   18.7051
   -7.5000   45.0000    7.500011320.3223   18.7168
    0.0000   45.0000    7.500011822.2852   18.7471
    7.5000   45.0000    7.500011189.1660   18.8010
   -7.5000  -45.0000   15.000011338.2207   18.0243
    0.0000  -45.0000   15.000011853.0166   18.0586
    7.5000  -45.0000   15.000011432.9570   18.1073
   -7.5000  -37.5000   15.000012042.7305   17.8979
    0.0000  -37.5000   15.000012578.5918   17.9357
    7.5000  -37.5000   15.000012106.2109   17.9884
   -7.5000  -30.0000   15.000013067.8486   17.8285
    0.0000  -30.0000   15.000013572.7891   17.8663
    7.5000  -30.0000   15.000013081.9043   17.9199
   -7.5000  -22.5000   15.000013966.8828   17.8407
    0.0000  -22.5000   15.000014489.1836   17.8765
    7.5000  -22.5000   15.000013952.4736   17.9280
   -7.5000  -15.0000   15.000014781.9863   17.8539
    0.0000  -15.0000   15.000015338.5312   17.8866
    7.5000  -15.0000   15.000014742.6895   17.9349
   -7.5000   -7.5000   15.000015426.3096   17.8522
    0.0000   -7.5000   15.000016063.1289   17.8837
    7.5000   -7.5000   15.000015372.3740   17.9300
   -7.5000    0.0000   15.000015930.0654   17.8389
    0.0000    0.0000   15.000016708.3242   17.8728
    7.5000    0.0000   15.000015907.5566   17.9208
   -7.5000    7.5000   15.000015202.3184   17.8263
    0.0000    7.5000   15.000015994.4609   17.8634
    7.5000    7.5000   15.000015232.4336   17.9156
   -7.5000   15.0000   15.000014277.4482   17.8351
    0.0000   15.0000   15.000014973.5830   17.8727
    7.5000   15.0000   15.000014256.6807   17.9265
   -7.5000   22.5000   15.000013227.4336   17.9880
    0.0000   22.5000   15.000013850.8516   18.0240
    7.5000   22.5000   15.000013170.8828   18.0764
   -7.5000   30.0000   15.000012217.5762   18.1088
    0.0000   30.0000   15.000012784.4121   18.1441
    7.5000   30.0000   15.000012109.1885   18.1963
   -7.5000   37.5000   15.000011698.0615   18.6149
    0.0000   37.5000   15.000012213.8818   18.6524
    7.5000   37.5000   15.000011587.9648   18.7035
   -7.5000   45.0000   15.000010781.9619   18.7142
    0.0000   45.0000   15.000011255.7510   18.7506
    7.5000   45.0000   15.000010707.5977   18.8065
   -7.5000  -45.0000   22.500010684.9219   18.0406
    0.0000  -45.0000   22.500011184.1895   18.0703
    7.5000  -45.0000   22.500010766.4111   18.1177
   -7.5000  -37.5000   22.500011360.7217   17.9165
    0.0000  -37.5000   22.500011874.8721   17.9509
    7.5000  -37.5000   22.500011438.6787   18.0040
   -7.5000  -30.0000   22.500012371.7441   17.8470
    0.0000  -30.0000   22.500012856.3330   17.8820
    7.5000  -30.0000   22.500012401.9092   17.9376
   -7.5000  -22.5000   22.500013205.0889   17.8570
    0.0000  -22.5000   22.500013713.0312   17.8886
    7.5000  -22.5000   22.500013212.1035   17.9416
   -7.5000  -15.0000   22.500013959.0098   17.8682
    0.0000  -15.0000   22.500014478.8467   17.8955
    7.5000  -15.0000   22.500013940.7139   17.9434
   -7.5000   -7.5000   22.500014555.0059   17.8667
    0.0000   -7.5000   22.500015133.5693   17.8927
    7.5000   -7.5000   22.500014517.7666   17.9373
   -7.5000    0.0000   22.500014999.9551   17.8552
    0.0000    0.0000   22.500015699.5156   17.8846
    7.5000    0.0000   22.500014981.5312   17.9313
   -7.5000    7.5000   22.500014292.6963   17.8447
    0.0000    7.5000   22.500014959.4395   17.8785
    7.5000    7.5000   22.500014279.0117   17.9311
   -7.5000   15.0000   22.500013361.1689   17.8534
    0.0000   15.0000   22.500013971.0156   17.8882
    7.5000   15.0000   22.500013334.5234   17.9439
   -7.5000   22.5000   22.500012390.9521   18.0028
    0.0000   22.5000   22.500012929.7031   18.0341
    7.5000   22.5000   22.500012349.7363   18.0875
   -7.5000   30.0000   22.500011474.3818   18.1168
    0.0000   30.0000   22.500011975.1943   18.1446
    7.5000   30.0000   22.500011395.4727   18.1962
   -7.5000   37.5000   22.500011021.9697   18.6223
    0.0000   37.5000   22.500011501.9297   18.6516
    7.5000   37.5000   22.500010951.7637   18.7010
   -7.5000   45.0000   22.500010161.5439   18.7305
    0.0000   45.0000   22.500010621.1455   18.7615
    7.5000   45.0000   22.500010140.2959   18.8158
   -7.5000  -45.0000   30.0000 9978.5146   18.1123
    0.0000  -45.0000   30.000010433.1221   18.1336
    7.5000  -45.0000   30.000010072.5137   18.1780
   -7.5000  -37.5000   30.000010656.3643   17.9831
    0.0000  -37.5000   30.000011134.9834   18.0115
    7.5000  -37.5000   30.000010740.9033   18.0639
   -7.5000  -30.0000   30.000011602.6035   17.9136
    0.0000  -30.0000   30.000012107.6562   17.9437
    7.5000  -30.0000   30.000011650.5928   17.9984
   -7.5000  -22.5000   30.000012355.5439   17.9294
    0.0000  -22.5000   30.000012882.1709   17.9547
    7.5000  -22.5000   30.000012379.7021   18.0037
   -7.5000  -15.0000   30.000012994.3086   17.9457
    0.0000  -15.0000   30.000013558.0352   17.9643
    7.5000  -15.0000   30.000012994.4258   18.0051
   -7.5000   -7.5000   30.000013512.2871   17.9430
    0.0000   -7.5000   30.000014118.6318   17.9598
    7.5000   -7.5000   30.000013485.5596   17.9983
   -7.5000    0.0000   30.000013913.4072   17.9259
    0.0000    0.0000   30.000014559.1699   17.9472
    7.5000    0.0000   30.000013881.8545   17.9909
   -7.5000    7.5000   30.000013232.7842   17.9108
    0.0000    7.5000   30.000013821.1543   17.9386
    7.5000    7.5000   30.000013201.2510   17.9905
   -7.5000   15.0000   30.000012359.5039   17.9203
    0.0000   15.0000   30.000012877.8135   17.9503
    7.5000   15.0000   30.000012332.4717   18.0051
   -7.5000   22.5000   30.000011441.5420   18.0774
    0.0000   22.5000   30.000011916.2295   18.1022
    7.5000   22.5000   30.000011417.7979   18.1517
   -7.5000   30.0000   30.000010605.8193   18.1943
    0.0000   30.0000   30.000011055.2783   18.2119
    7.5000   30.0000   30.000010564.2207   18.2562
   -7.5000   37.5000   30.000010223.4326   18.6980
    0.0000   37.5000   30.000010660.9336   18.7151
    7.5000   37.5000   30.000010170.0869   18.7585
   -7.5000   45.0000   30.0000 9456.7422   18.8072
    0.0000   45.0000   30.0000 9857.0449   18.8281
    7.5000   45.0000   30.0000 9417.0752   18.8789
   -7.5000  -45.0000   37.5000 9690.0312   18.2382
    0.0000  -45.0000   37.500010115.0820   18.2556
    7.5000  -45.0000   37.5000 9766.6631   18.2997
   -7.5000  -37.5000   37.500010332.7354   18.1005
    0.0000  -37.5000   37.500010798.1865   18.1259
    7.5000  -37.5000   37.500010410.3916   18.1781
   -7.5000  -30.0000   37.500011192.7031   18.0312
    0.0000  -30.0000   37.500011711.2793   18.0593
    7.5000  -30.0000   37.500011261.5693   18.1112
   -7.5000  -22.5000   37.500011909.4170   18.0566
    0.0000  -22.5000   37.500012463.0195   18.0797
    7.5000  -22.5000   37.500011946.9307   18.1232
   -7.5000  -15.0000   37.500012503.9727   18.0811
    0.0000  -15.0000   37.500013080.6992   18.0964
    7.5000  -15.0000   37.500012492.3281   18.1311
   -7.5000   -7.5000   37.500012942.7393   18.0759
    0.0000   -7.5000   37.500013562.1963   18.0888
    7.5000   -7.5000   37.500012948.3057   18.1237
   -7.5000    0.0000   37.500013292.7559   18.0495
    0.0000    0.0000   37.500013917.7227   18.0670
    7.5000    0.0000   37.500013284.0244   18.1105
   -7.5000    7.5000   37.500012614.2959   18.0273
    0.0000    7.5000   37.500013183.6172   18.0522
    7.5000    7.5000   37.500012588.2695   18.1038
   -7.5000   15.0000   37.500011791.1162   18.0385
    0.0000   15.0000   37.500012284.3477   18.0666
    7.5000   15.0000   37.500011741.4590   18.1186
   -7.5000   22.5000   37.500010922.5908   18.2100
    0.0000   22.5000   37.500011372.0430   18.2330
    7.5000   22.5000   37.500010888.2939   18.2777
   -7.5000   30.0000   37.500010117.9033   18.3398
    0.0000   30.0000   37.500010556.9561   18.3546
    7.5000   30.0000   37.500010111.7266   18.3929
   -7.5000   37.5000   37.5000 9754.8232   18.8456
    0.0000   37.5000   37.500010202.0439   18.8589
    7.5000   37.5000   37.5000 9744.9307   18.8988
   -7.5000   45.0000   37.5000 9030.7471   18.9470
    0.0000   45.0000   37.5000 9446.0029   18.9632
    7.5000   45.0000   37.5000 9034.2822   19.0136
   -7.5000  -45.0000   45.0000 8961.2109   18.3844
    0.0000  -45.0000   45.0000 9375.5898   18.4075
    7.5000  -45.0000   45.0000 9026.0635   18.4526
   -7.5000  -37.5000   45.0000 9534.2139   18.2437
    0.0000  -37.5000   45.0000 9966.5146   18.2736
    7.5000  -37.5000   45.0000 9579.6016   18.3247
   -7.5000  -30.0000   45.000010326.0869   18.1741
    0.0000  -30.0000   45.000010802.6152   18.2056
    7.5000  -30.0000   45.000010373.0049   18.2541
   -7.5000  -22.5000   45.000010971.9287   18.2010
    0.0000  -22.5000   45.000011473.0605   18.2278
    7.5000  -22.5000   45.000011017.1455   18.2683
   -7.5000  -15.0000   45.000011480.4707   18.2254
    0.0000  -15.0000   45.000012004.7480   18.2454
    7.5000  -15.0000   45.000011494.1641   18.2792
   -7.5000   -7.5000   45.000011863.7803   18.2189
    0.0000   -7.5000   45.000012411.0176   18.2370
    7.5000   -7.5000   45.000011865.8105   18.2730
   -7.5000    0.0000   45.000012124.4580   18.1912
    0.0000    0.0000   45.000012687.3145   18.2142
    7.5000    0.0000   45.000012118.7549   18.2587
   -7.5000    7.5000   45.000011482.1396   18.1688
    0.0000    7.5000   45.000011992.2510   18.1982
    7.5000    7.5000   45.000011461.2021   18.2488
   -7.5000   15.0000   45.000010730.0381   18.1819
    0.0000   15.0000   45.000011209.7881   18.2133
    7.5000   15.0000   45.000010708.6963   18.2619
   -7.5000   22.5000   45.0000 9957.6377   18.3600
    0.0000   22.5000   45.000010407.4746   18.3874
    7.5000   22.5000   45.0000 9930.8789   18.4293
   -7.5000   30.0000   45.0000 9254.1162   18.4993
    0.0000   30.0000   45.0000 9665.3389   18.5208
    7.5000   30.0000   45.0000 9245.8193   18.5582
   -7.5000   37.5000   45.0000 8926.1904   19.0179
    0.0000   37.5000   45.0000 9334.5928   19.0390
    7.5000   37.5000   45.0000 8895.7637   19.0796
   -7.5000   45.0000   45.0000 8259.2051   19.1318
    0.0000   45.0000   45.0000 8660.0703   19.1543
    7.5000   45.0000   45.0000 8252.6943   19.2059

---------------------------------------------------------------------
imgreg_4dfp /opt/freesurfer/average/711-2C_as_mni_average_305 /opt/freesurfer/average/711-2B_as_mni_average_305_mask talsrcimg_g11 none talsrcimg_to_711-2C_as_mni_average_305_t4 4355
---------------------------------------------------------------------

freesurfer imgreg_4dfp.c
/opt/freesurfer/average/711-2C_as_mni_average_305.4dfp.img
       256       256       256         1
  1.000000  1.000000  1.000000
orientation T byte_order littleendian
Reading image: /opt/freesurfer/average/711-2C_as_mni_average_305.4dfp.img
dimensions:      256       256       256
mmppix:       1.0000   -1.0000   -1.0000
center:     128.0000 -129.0000 -129.0000
/opt/freesurfer/average/711-2B_as_mni_average_305_mask.4dfp.img
       256       256       256         1
  1.000000  1.000000  1.000000
orientation T byte_order littleendian
Reading mask: /opt/freesurfer/average/711-2B_as_mni_average_305_mask.4dfp.img (2306576 pixels)
talsrcimg_g11.4dfp.img
       256       256       256         1
  1.000000  1.000000  1.000000
orientation T byte_order littleendian
Reading image: talsrcimg_g11.4dfp.img
dimensions:      256       256       256
mmppix:       1.0000   -1.0000   -1.0000
center:     128.0000 -129.0000 -129.0000
rotation matrix determinant  1.000000
image alignment mode   4355 decimal     1103 hex
   -7.5000  -45.0000  -45.0000 2120.0630   21.6394
    0.0000  -45.0000  -45.0000 2143.4448   21.4653
    7.5000  -45.0000  -45.0000 2139.6458   21.5308
   -7.5000  -37.5000  -45.0000 2164.7361   20.7948
    0.0000  -37.5000  -45.0000 2187.8562   20.6702
    7.5000  -37.5000  -45.0000 2177.4705   20.6654
   -7.5000  -30.0000  -45.0000 2211.6101   20.1134
    0.0000  -30.0000  -45.0000 2229.4656   19.9703
    7.5000  -30.0000  -45.0000 2222.8206   19.9800
   -7.5000  -22.5000  -45.0000 2254.7144   19.5596
    0.0000  -22.5000  -45.0000 2272.8391   19.4474
    7.5000  -22.5000  -45.0000 2269.3557   19.4308
   -7.5000  -15.0000  -45.0000 2279.0601   19.1739
    0.0000  -15.0000  -45.0000 2300.0603   19.0608
    7.5000  -15.0000  -45.0000 2292.5308   19.0093
   -7.5000   -7.5000  -45.0000 2292.1350   18.8248
    0.0000   -7.5000  -45.0000 2315.9182   18.6787
    7.5000   -7.5000  -45.0000 2300.8213   18.6822
   -7.5000    0.0000  -45.0000 2293.8806   18.5921
    0.0000    0.0000  -45.0000 2320.1082   18.3891
    7.5000    0.0000  -45.0000 2302.7212   18.4277
   -7.5000    7.5000  -45.0000 2300.3650   18.4284
    0.0000    7.5000  -45.0000 2328.1130   18.1968
    7.5000    7.5000  -45.0000 2312.4834   18.2777
   -7.5000   15.0000  -45.0000 2296.2710   18.6256
    0.0000   15.0000  -45.0000 2320.9617   18.3563
    7.5000   15.0000  -45.0000 2305.8542   18.4883
   -7.5000   22.5000  -45.0000 2270.9434   19.2391
    0.0000   22.5000  -45.0000 2298.7554   19.0227
    7.5000   22.5000  -45.0000 2277.7395   19.1152
   -7.5000   30.0000  -45.0000 2221.0164   20.2403
    0.0000   30.0000  -45.0000 2250.4297   20.0371
    7.5000   30.0000  -45.0000 2223.9902   20.1373
   -7.5000   37.5000  -45.0000 2154.3376   21.5150
    0.0000   37.5000  -45.0000 2177.2639   21.3411
    7.5000   37.5000  -45.0000 2151.8306   21.4650
   -7.5000   45.0000  -45.0000 2064.9438   23.1726
    0.0000   45.0000  -45.0000 2085.0454   23.0189
    7.5000   45.0000  -45.0000 2062.1482   23.1347
   -7.5000  -45.0000  -37.5000 2216.9238   19.7496
    0.0000  -45.0000  -37.5000 2234.1345   19.6314
    7.5000  -45.0000  -37.5000 2229.5295   19.6780
   -7.5000  -37.5000  -37.5000 2263.1436   19.0165
    0.0000  -37.5000  -37.5000 2285.7646   18.9134
    7.5000  -37.5000  -37.5000 2276.6516   18.9334
   -7.5000  -30.0000  -37.5000 2311.4004   18.4760
    0.0000  -30.0000  -37.5000 2329.0413   18.3430
    7.5000  -30.0000  -37.5000 2323.4985   18.3391
   -7.5000  -22.5000  -37.5000 2355.5703   17.9887
    0.0000  -22.5000  -37.5000 2377.3057   17.8903
    7.5000  -22.5000  -37.5000 2365.6440   17.8769
   -7.5000  -15.0000  -37.5000 2377.6453   17.5738
    0.0000  -15.0000  -37.5000 2404.2976   17.4846
    7.5000  -15.0000  -37.5000 2391.9192   17.4999
   -7.5000   -7.5000  -37.5000 2391.2107   17.2922
    0.0000   -7.5000  -37.5000 2418.5300   17.1732
    7.5000   -7.5000  -37.5000 2404.8711   17.1759
   -7.5000    0.0000  -37.5000 2398.0400   17.1635
    0.0000    0.0000  -37.5000 2420.1956   17.0178
    7.5000    0.0000  -37.5000 2407.3201   17.0257
   -7.5000    7.5000  -37.5000 2401.9446   17.0805
    0.0000    7.5000  -37.5000 2426.8860   16.9091
    7.5000    7.5000  -37.5000 2407.7007   16.9655
   -7.5000   15.0000  -37.5000 2395.5750   17.2650
    0.0000   15.0000  -37.5000 2420.8140   17.0376
    7.5000   15.0000  -37.5000 2401.2141   17.1320
   -7.5000   22.5000  -37.5000 2372.5254   17.7739
    0.0000   22.5000  -37.5000 2397.9626   17.5370
    7.5000   22.5000  -37.5000 2375.7727   17.6746
   -7.5000   30.0000  -37.5000 2324.0701   18.6366
    0.0000   30.0000  -37.5000 2354.4402   18.4647
    7.5000   30.0000  -37.5000 2326.4170   18.5576
   -7.5000   37.5000  -37.5000 2254.5715   19.7753
    0.0000   37.5000  -37.5000 2276.6326   19.6530
    7.5000   37.5000  -37.5000 2250.3574   19.7737
   -7.5000   45.0000  -37.5000 2157.7974   21.2436
    0.0000   45.0000  -37.5000 2179.9375   21.1304
    7.5000   45.0000  -37.5000 2157.9451   21.2769
   -7.5000  -45.0000  -30.0000 2351.2366   18.7182
    0.0000  -45.0000  -30.0000 2375.1990   18.6472
    7.5000  -45.0000  -30.0000 2368.7434   18.6950
   -7.5000  -37.5000  -30.0000 2399.7930   18.1152
    0.0000  -37.5000  -30.0000 2429.2222   18.0280
    7.5000  -37.5000  -30.0000 2424.5630   18.0403
   -7.5000  -30.0000  -30.0000 2444.2654   17.5621
    0.0000  -30.0000  -30.0000 2476.6653   17.4407
    7.5000  -30.0000  -30.0000 2468.2769   17.5034
   -7.5000  -22.5000  -30.0000 2483.3247   17.0787
    0.0000  -22.5000  -30.0000 2519.8064   16.9839
    7.5000  -22.5000  -30.0000 2501.3215   17.0263
   -7.5000  -15.0000  -30.0000 2508.2725   16.6716
    0.0000  -15.0000  -30.0000 2542.1458   16.5576
    7.5000  -15.0000  -30.0000 2526.2412   16.6293
   -7.5000   -7.5000  -30.0000 2528.6687   16.4593
    0.0000   -7.5000  -30.0000 2559.8752   16.3224
    7.5000   -7.5000  -30.0000 2544.4348   16.3384
   -7.5000    0.0000  -30.0000 2547.5161   16.3651
    0.0000    0.0000  -30.0000 2575.6443   16.2303
    7.5000    0.0000  -30.0000 2553.3564   16.2144
   -7.5000    7.5000  -30.0000 2552.9121   16.3812
    0.0000    7.5000  -30.0000 2577.7856   16.2183
    7.5000    7.5000  -30.0000 2553.7295   16.2643
   -7.5000   15.0000  -30.0000 2544.8289   16.5824
    0.0000   15.0000  -30.0000 2568.3157   16.4311
    7.5000   15.0000  -30.0000 2540.6599   16.5091
   -7.5000   22.5000  -30.0000 2518.5190   17.0717
    0.0000   22.5000  -30.0000 2549.5378   16.9228
    7.5000   22.5000  -30.0000 2520.5566   16.9985
   -7.5000   30.0000  -30.0000 2469.5640   17.8109
    0.0000   30.0000  -30.0000 2506.8899   17.6710
    7.5000   30.0000  -30.0000 2474.0452   17.7839
   -7.5000   37.5000  -30.0000 2399.5801   18.8919
    0.0000   37.5000  -30.0000 2428.1809   18.7834
    7.5000   37.5000  -30.0000 2391.7317   18.9035
   -7.5000   45.0000  -30.0000 2294.3684   20.3228
    0.0000   45.0000  -30.0000 2314.1091   20.1855
    7.5000   45.0000  -30.0000 2291.0286   20.3290
   -7.5000  -45.0000  -22.5000 2456.5120   17.7848
    0.0000  -45.0000  -22.5000 2486.7822   17.6502
    7.5000  -45.0000  -22.5000 2480.8928   17.7061
   -7.5000  -37.5000  -22.5000 2506.1228   17.1749
    0.0000  -37.5000  -22.5000 2540.3188   17.0245
    7.5000  -37.5000  -22.5000 2534.9500   17.0635
   -7.5000  -30.0000  -22.5000 2544.6726   16.6340
    0.0000  -30.0000  -22.5000 2582.5786   16.5138
    7.5000  -30.0000  -22.5000 2573.9302   16.5162
   -7.5000  -22.5000  -22.5000 2584.5569   16.1626
    0.0000  -22.5000  -22.5000 2619.3210   16.0264
    7.5000  -22.5000  -22.5000 2603.9119   16.0701
   -7.5000  -15.0000  -22.5000 2614.3145   15.7712
    0.0000  -15.0000  -22.5000 2644.5500   15.6308
    7.5000  -15.0000  -22.5000 2625.6726   15.6832
   -7.5000   -7.5000  -22.5000 2643.8518   15.5534
    0.0000   -7.5000  -22.5000 2673.0427   15.4152
    7.5000   -7.5000  -22.5000 2652.3005   15.4281
   -7.5000    0.0000  -22.5000 2666.4458   15.5009
    0.0000    0.0000  -22.5000 2693.1208   15.3376
    7.5000    0.0000  -22.5000 2669.2390   15.3495
   -7.5000    7.5000  -22.5000 2678.9492   15.5283
    0.0000    7.5000  -22.5000 2707.2417   15.3875
    7.5000    7.5000  -22.5000 2674.7764   15.4307
   -7.5000   15.0000  -22.5000 2668.2524   15.8034
    0.0000   15.0000  -22.5000 2700.7305   15.6662
    7.5000   15.0000  -22.5000 2667.4666   15.7041
   -7.5000   22.5000  -22.5000 2641.0813   16.3802
    0.0000   22.5000  -22.5000 2678.0222   16.2108
    7.5000   22.5000  -22.5000 2644.5811   16.2565
   -7.5000   30.0000  -22.5000 2588.4805   17.0602
    0.0000   30.0000  -22.5000 2624.2595   16.9013
    7.5000   30.0000  -22.5000 2590.9756   16.9950
   -7.5000   37.5000  -22.5000 2511.3271   18.0281
    0.0000   37.5000  -22.5000 2538.5540   17.8949
    7.5000   37.5000  -22.5000 2510.0730   18.0202
   -7.5000   45.0000  -22.5000 2398.7642   19.3970
    0.0000   45.0000  -22.5000 2420.2236   19.2785
    7.5000   45.0000  -22.5000 2399.3630   19.3722
   -7.5000  -45.0000  -15.0000 2526.0747   17.0551
    0.0000  -45.0000  -15.0000 2558.0256   16.8309
    7.5000  -45.0000  -15.0000 2555.5891   16.8811
   -7.5000  -37.5000  -15.0000 2565.0776   16.4039
    0.0000  -37.5000  -15.0000 2603.0977   16.1725
    7.5000  -37.5000  -15.0000 2599.6206   16.2701
   -7.5000  -30.0000  -15.0000 2604.1790   15.8365
    0.0000  -30.0000  -15.0000 2644.4150   15.6215
    7.5000  -30.0000  -15.0000 2637.5303   15.6947
   -7.5000  -22.5000  -15.0000 2642.6238   15.3519
    0.0000  -22.5000  -15.0000 2678.5793   15.1593
    7.5000  -22.5000  -15.0000 2667.3589   15.2578
   -7.5000  -15.0000  -15.0000 2677.7307   14.9931
    0.0000  -15.0000  -15.0000 2709.2319   14.8120
    7.5000  -15.0000  -15.0000 2696.2952   14.8958
   -7.5000   -7.5000  -15.0000 2717.7388   14.7777
    0.0000   -7.5000  -15.0000 2749.9426   14.5854
    7.5000   -7.5000  -15.0000 2729.2434   14.6522
   -7.5000    0.0000  -15.0000 2746.0503   14.6916
    0.0000    0.0000  -15.0000 2776.1699   14.4972
    7.5000    0.0000  -15.0000 2752.4934   14.5600
   -7.5000    7.5000  -15.0000 2763.8879   14.7416
    0.0000    7.5000  -15.0000 2799.0505   14.5543
    7.5000    7.5000  -15.0000 2766.3479   14.6287
   -7.5000   15.0000  -15.0000 2762.9507   15.0403
    0.0000   15.0000  -15.0000 2799.5339   14.8567
    7.5000   15.0000  -15.0000 2763.8965   14.9188
   -7.5000   22.5000  -15.0000 2735.1406   15.6541
    0.0000   22.5000  -15.0000 2773.5205   15.4547
    7.5000   22.5000  -15.0000 2743.0662   15.4949
   -7.5000   30.0000  -15.0000 2670.6580   16.3530
    0.0000   30.0000  -15.0000 2709.5881   16.1789
    7.5000   30.0000  -15.0000 2675.6538   16.2758
   -7.5000   37.5000  -15.0000 2582.0049   17.2535
    0.0000   37.5000  -15.0000 2610.4993   17.0850
    7.5000   37.5000  -15.0000 2582.0549   17.2361
   -7.5000   45.0000  -15.0000 2468.7119   18.5589
    0.0000   45.0000  -15.0000 2494.1194   18.3895
    7.5000   45.0000  -15.0000 2464.3691   18.5532
   -7.5000  -45.0000   -7.5000 2569.7539   16.4346
    0.0000  -45.0000   -7.5000 2603.9729   16.1299
    7.5000  -45.0000   -7.5000 2595.3521   16.2186
   -7.5000  -37.5000   -7.5000 2604.4177   15.7941
    0.0000  -37.5000   -7.5000 2648.0737   15.4760
    7.5000  -37.5000   -7.5000 2634.5320   15.5938
   -7.5000  -30.0000   -7.5000 2640.2712   15.2142
    0.0000  -30.0000   -7.5000 2681.9653   14.9238
    7.5000  -30.0000   -7.5000 2676.3567   15.0609
   -7.5000  -22.5000   -7.5000 2677.1677   14.7626
    0.0000  -22.5000   -7.5000 2711.8430   14.4740
    7.5000  -22.5000   -7.5000 2710.9751   14.6376
   -7.5000  -15.0000   -7.5000 2723.2634   14.3975
    0.0000  -15.0000   -7.5000 2757.2546   14.1670
    7.5000  -15.0000   -7.5000 2746.8174   14.2600
   -7.5000   -7.5000   -7.5000 2771.2981   14.1850
    0.0000   -7.5000   -7.5000 2804.4714   13.9457
    7.5000   -7.5000   -7.5000 2780.7507   14.0324
   -7.5000    0.0000   -7.5000 2809.2842   14.0656
    0.0000    0.0000   -7.5000 2847.6096   13.8168
    7.5000    0.0000   -7.5000 2814.2373   13.9280
   -7.5000    7.5000   -7.5000 2832.3030   14.1349
    0.0000    7.5000   -7.5000 2878.5728   13.8754
    7.5000    7.5000   -7.5000 2839.9919   14.0096
   -7.5000   15.0000   -7.5000 2836.2058   14.4076
    0.0000   15.0000   -7.5000 2884.1765   14.1130
    7.5000   15.0000   -7.5000 2842.3633   14.2721
   -7.5000   22.5000   -7.5000 2807.6992   14.9732
    0.0000   22.5000   -7.5000 2850.1672   14.7049
    7.5000   22.5000   -7.5000 2809.9072   14.8357
   -7.5000   30.0000   -7.5000 2734.6255   15.7126
    0.0000   30.0000   -7.5000 2770.6758   15.4726
    7.5000   30.0000   -7.5000 2735.8936   15.6176
   -7.5000   37.5000   -7.5000 2636.6433   16.5979
    0.0000   37.5000   -7.5000 2671.8955   16.3940
    7.5000   37.5000   -7.5000 2635.1558   16.5412
   -7.5000   45.0000   -7.5000 2511.5344   17.8620
    0.0000   45.0000   -7.5000 2541.5864   17.6472
    7.5000   45.0000   -7.5000 2514.4192   17.8318
   -7.5000  -45.0000    0.0000 2594.8242   16.0464
    0.0000  -45.0000    0.0000 2629.9297   15.6849
    7.5000  -45.0000    0.0000 2624.1658   15.8291
   -7.5000  -37.5000    0.0000 2620.0234   15.3957
    0.0000  -37.5000    0.0000 2659.3135   15.0696
    7.5000  -37.5000    0.0000 2658.6587   15.1752
   -7.5000  -30.0000    0.0000 2651.8425   14.7870
    0.0000  -30.0000    0.0000 2688.1848   14.4791
    7.5000  -30.0000    0.0000 2689.4417   14.6105
   -7.5000  -22.5000    0.0000 2694.8152   14.3063
    0.0000  -22.5000    0.0000 2728.2041   14.0239
    7.5000  -22.5000    0.0000 2726.9558   14.1613
   -7.5000  -15.0000    0.0000 2743.2649   13.9405
    0.0000  -15.0000    0.0000 2777.0042   13.6925
    7.5000  -15.0000    0.0000 2764.8242   13.8212
   -7.5000   -7.5000    0.0000 2795.8740   13.7508
    0.0000   -7.5000    0.0000 2832.0730   13.4527
    7.5000   -7.5000    0.0000 2807.2437   13.5999
   -7.5000    0.0000    0.0000 2839.0073   13.6701
    0.0000    0.0000    0.0000 2889.5896   13.3966
    7.5000    0.0000    0.0000 2853.0952   13.5287
   -7.5000    7.5000    0.0000 2875.9485   13.8062
    0.0000    7.5000    0.0000 2931.4380   13.5380
    7.5000    7.5000    0.0000 2889.2820   13.6590
   -7.5000   15.0000    0.0000 2888.1223   14.0728
    0.0000   15.0000    0.0000 2950.6709   13.7639
    7.5000   15.0000    0.0000 2891.5776   13.9284
   -7.5000   22.5000    0.0000 2859.4326   14.5475
    0.0000   22.5000    0.0000 2911.2109   14.2524
    7.5000   22.5000    0.0000 2850.9114   14.3896
   -7.5000   30.0000    0.0000 2779.6086   15.2183
    0.0000   30.0000    0.0000 2811.1174   15.0046
    7.5000   30.0000    0.0000 2767.8940   15.0950
   -7.5000   37.5000    0.0000 2666.3230   16.1776
    0.0000   37.5000    0.0000 2700.0400   15.9706
    7.5000   37.5000    0.0000 2666.2935   16.0432
   -7.5000   45.0000    0.0000 2534.4265   17.4349
    0.0000   45.0000    0.0000 2565.0017   17.2406
    7.5000   45.0000    0.0000 2538.9739   17.3480
   -7.5000  -45.0000    7.5000 2612.2996   15.8762
    0.0000  -45.0000    7.5000 2650.3572   15.4999
    7.5000  -45.0000    7.5000 2646.3467   15.6510
   -7.5000  -37.5000    7.5000 2628.3828   15.2152
    0.0000  -37.5000    7.5000 2672.1641   14.8473
    7.5000  -37.5000    7.5000 2664.5229   15.0139
   -7.5000  -30.0000    7.5000 2653.0627   14.5987
    0.0000  -30.0000    7.5000 2689.5500   14.2383
    7.5000  -30.0000    7.5000 2684.5427   14.4308
   -7.5000  -22.5000    7.5000 2692.6841   14.0877
    0.0000  -22.5000    7.5000 2726.4429   13.7541
    7.5000  -22.5000    7.5000 2719.2769   13.9551
   -7.5000  -15.0000    7.5000 2743.3333   13.7105
    0.0000  -15.0000    7.5000 2775.1328   13.3823
    7.5000  -15.0000    7.5000 2759.3948   13.5972
   -7.5000   -7.5000    7.5000 2798.9431   13.5196
    0.0000   -7.5000    7.5000 2836.0359   13.1876
    7.5000   -7.5000    7.5000 2812.0564   13.3900
   -7.5000    0.0000    7.5000 2852.4194   13.4948
    0.0000    0.0000    7.5000 2897.8210   13.2072
    7.5000    0.0000    7.5000 2865.2834   13.3727
   -7.5000    7.5000    7.5000 2896.5625   13.6625
    0.0000    7.5000    7.5000 2956.4768   13.4101
    7.5000    7.5000    7.5000 2909.0847   13.5502
   -7.5000   15.0000    7.5000 2913.4697   13.9236
    0.0000   15.0000    7.5000 2979.6543   13.6875
    7.5000   15.0000    7.5000 2910.9080   13.7969
   -7.5000   22.5000    7.5000 2879.1086   14.2920
    0.0000   22.5000    7.5000 2933.3813   14.0454
    7.5000   22.5000    7.5000 2868.5862   14.1725
   -7.5000   30.0000    7.5000 2797.6504   14.9515
    0.0000   30.0000    7.5000 2831.7776   14.7120
    7.5000   30.0000    7.5000 2775.5027   14.8554
   -7.5000   37.5000    7.5000 2674.9309   15.9850
    0.0000   37.5000    7.5000 2706.6208   15.7475
    7.5000   37.5000    7.5000 2672.7195   15.8699
   -7.5000   45.0000    7.5000 2544.4849   17.3065
    0.0000   45.0000    7.5000 2566.5095   17.0843
    7.5000   45.0000    7.5000 2543.5142   17.2100
   -7.5000  -45.0000   15.0000 2613.5432   15.8454
    0.0000  -45.0000   15.0000 2659.0459   15.4716
    7.5000  -45.0000   15.0000 2651.4307   15.6477
   -7.5000  -37.5000   15.0000 2626.1829   15.1807
    0.0000  -37.5000   15.0000 2671.8059   14.8118
    7.5000  -37.5000   15.0000 2658.9753   15.0170
   -7.5000  -30.0000   15.0000 2641.2859   14.6135
    0.0000  -30.0000   15.0000 2678.4819   14.2208
    7.5000  -30.0000   15.0000 2664.5200   14.4508
   -7.5000  -22.5000   15.0000 2677.6189   14.1346
    0.0000  -22.5000   15.0000 2709.2078   13.7402
    7.5000  -22.5000   15.0000 2692.5496   13.9745
   -7.5000  -15.0000   15.0000 2713.2256   13.7745
    0.0000  -15.0000   15.0000 2748.4473   13.4302
    7.5000  -15.0000   15.0000 2726.6648   13.6366
   -7.5000   -7.5000   15.0000 2770.8389   13.6267
    0.0000   -7.5000   15.0000 2808.0686   13.2869
    7.5000   -7.5000   15.0000 2779.0676   13.5087
   -7.5000    0.0000   15.0000 2827.6326   13.6488
    0.0000    0.0000   15.0000 2871.1077   13.3195
    7.5000    0.0000   15.0000 2838.9456   13.5295
   -7.5000    7.5000   15.0000 2876.2358   13.7829
    0.0000    7.5000   15.0000 2934.2048   13.4824
    7.5000    7.5000   15.0000 2887.5789   13.7014
   -7.5000   15.0000   15.0000 2891.9829   13.9679
    0.0000   15.0000   15.0000 2957.5354   13.6193
    7.5000   15.0000   15.0000 2895.0427   13.8966
   -7.5000   22.5000   15.0000 2853.5342   14.3556
    0.0000   22.5000   15.0000 2902.7180   14.0156
    7.5000   22.5000   15.0000 2845.7124   14.2926
   -7.5000   30.0000   15.0000 2771.1274   15.0398
    0.0000   30.0000   15.0000 2805.8250   14.7665
    7.5000   30.0000   15.0000 2753.4084   14.9798
   -7.5000   37.5000   15.0000 2653.1887   16.1273
    0.0000   37.5000   15.0000 2680.2998   15.8757
    7.5000   37.5000   15.0000 2645.5540   16.0182
   -7.5000   45.0000   15.0000 2520.3413   17.5193
    0.0000   45.0000   15.0000 2542.1023   17.2749
    7.5000   45.0000   15.0000 2518.7644   17.4107
   -7.5000  -45.0000   22.5000 2591.5359   16.0360
    0.0000  -45.0000   22.5000 2639.8779   15.6322
    7.5000  -45.0000   22.5000 2629.0332   15.7982
   -7.5000  -37.5000   22.5000 2597.2358   15.3851
    0.0000  -37.5000   22.5000 2646.3752   15.0195
    7.5000  -37.5000   22.5000 2632.9175   15.2116
   -7.5000  -30.0000   22.5000 2613.8384   14.8652
    0.0000  -30.0000   22.5000 2649.9133   14.4933
    7.5000  -30.0000   22.5000 2633.8359   14.7161
   -7.5000  -22.5000   22.5000 2640.0344   14.4360
    0.0000  -22.5000   22.5000 2670.1089   14.0771
    7.5000  -22.5000   22.5000 2650.7764   14.2940
   -7.5000  -15.0000   22.5000 2673.2581   14.0963
    0.0000  -15.0000   22.5000 2704.4712   13.7747
    7.5000  -15.0000   22.5000 2680.2407   13.9869
   -7.5000   -7.5000   22.5000 2728.8752   13.9138
    0.0000   -7.5000   22.5000 2759.9910   13.6006
    7.5000   -7.5000   22.5000 2735.9988   13.8446
   -7.5000    0.0000   22.5000 2782.5825   13.9652
    0.0000    0.0000   22.5000 2820.7295   13.6407
    7.5000    0.0000   22.5000 2790.6062   13.8583
   -7.5000    7.5000   22.5000 2827.7893   14.1368
    0.0000    7.5000   22.5000 2873.8516   13.8272
    7.5000    7.5000   22.5000 2835.3457   14.0595
   -7.5000   15.0000   22.5000 2831.2656   14.3363
    0.0000   15.0000   22.5000 2881.1809   13.9748
    7.5000   15.0000   22.5000 2838.4895   14.2910
   -7.5000   22.5000   22.5000 2792.9126   14.7721
    0.0000   22.5000   22.5000 2833.3040   14.4595
    7.5000   22.5000   22.5000 2795.5239   14.7263
   -7.5000   30.0000   22.5000 2716.9734   15.4906
    0.0000   30.0000   22.5000 2749.6838   15.2015
    7.5000   30.0000   22.5000 2704.9231   15.4349
   -7.5000   37.5000   22.5000 2611.6018   16.5357
    0.0000   37.5000   22.5000 2640.6006   16.2375
    7.5000   37.5000   22.5000 2605.5083   16.4343
   -7.5000   45.0000   22.5000 2479.3115   17.9123
    0.0000   45.0000   22.5000 2504.7737   17.6560
    7.5000   45.0000   22.5000 2483.8352   17.8471
   -7.5000  -45.0000   30.0000 2540.1506   16.4465
    0.0000  -45.0000   30.0000 2581.7009   16.0280
    7.5000  -45.0000   30.0000 2569.2139   16.2138
   -7.5000  -37.5000   30.0000 2549.3474   15.8780
    0.0000  -37.5000   30.0000 2588.5908   15.4622
    7.5000  -37.5000   30.0000 2580.8867   15.6840
   -7.5000  -30.0000   30.0000 2563.7588   15.3720
    0.0000  -30.0000   30.0000 2604.2002   15.0047
    7.5000  -30.0000   30.0000 2588.9355   15.2138
   -7.5000  -22.5000   30.0000 2589.2068   14.9568
    0.0000  -22.5000   30.0000 2628.6548   14.6370
    7.5000  -22.5000   30.0000 2607.2234   14.7969
   -7.5000  -15.0000   30.0000 2619.2561   14.6379
    0.0000  -15.0000   30.0000 2659.6562   14.3492
    7.5000  -15.0000   30.0000 2633.6953   14.5512
   -7.5000   -7.5000   30.0000 2673.0134   14.4872
    0.0000   -7.5000   30.0000 2703.2766   14.2075
    7.5000   -7.5000   30.0000 2673.7007   14.4010
   -7.5000    0.0000   30.0000 2719.4302   14.5490
    0.0000    0.0000   30.0000 2754.3354   14.2748
    7.5000    0.0000   30.0000 2721.3162   14.4271
   -7.5000    7.5000   30.0000 2751.2200   14.7308
    0.0000    7.5000   30.0000 2792.9546   14.4035
    7.5000    7.5000   30.0000 2753.4443   14.6199
   -7.5000   15.0000   30.0000 2749.7720   14.9759
    0.0000   15.0000   30.0000 2784.2544   14.6813
    7.5000   15.0000   30.0000 2750.3943   14.9253
   -7.5000   22.5000   30.0000 2701.6787   15.4768
    0.0000   22.5000   30.0000 2732.8442   15.2386
    7.5000   22.5000   30.0000 2707.8391   15.4637
   -7.5000   30.0000   30.0000 2634.2480   16.2606
    0.0000   30.0000   30.0000 2662.1897   15.9956
    7.5000   30.0000   30.0000 2628.8262   16.1967
   -7.5000   37.5000   30.0000 2548.2297   17.2444
    0.0000   37.5000   30.0000 2574.1594   16.9710
    7.5000   37.5000   30.0000 2535.2922   17.1542
   -7.5000   45.0000   30.0000 2429.6592   18.5640
    0.0000   45.0000   30.0000 2449.7375   18.3014
    7.5000   45.0000   30.0000 2423.7024   18.4992
   -7.5000  -45.0000   37.5000 2471.5818   17.1104
    0.0000  -45.0000   37.5000 2507.5010   16.7091
    7.5000  -45.0000   37.5000 2497.1313   16.9446
   -7.5000  -37.5000   37.5000 2490.4004   16.5559
    0.0000  -37.5000   37.5000 2523.4429   16.1633
    7.5000  -37.5000   37.5000 2514.0798   16.3481
   -7.5000  -30.0000   37.5000 2503.3660   16.0325
    0.0000  -30.0000   37.5000 2541.0342   15.7189
    7.5000  -30.0000   37.5000 2529.2437   15.8759
   -7.5000  -22.5000   37.5000 2533.9460   15.6890
    0.0000  -22.5000   37.5000 2574.1978   15.3777
    7.5000  -22.5000   37.5000 2556.5552   15.4862
   -7.5000  -15.0000   37.5000 2568.5164   15.3892
    0.0000  -15.0000   37.5000 2608.0476   15.1203
    7.5000  -15.0000   37.5000 2584.0945   15.2400
   -7.5000   -7.5000   37.5000 2608.0767   15.2516
    0.0000   -7.5000   37.5000 2647.8337   15.0122
    7.5000   -7.5000   37.5000 2614.7117   15.1237
   -7.5000    0.0000   37.5000 2646.3848   15.3077
    0.0000    0.0000   37.5000 2684.8955   15.0346
    7.5000    0.0000   37.5000 2648.5535   15.1955
   -7.5000    7.5000   37.5000 2670.4905   15.5252
    0.0000    7.5000   37.5000 2708.8062   15.2273
    7.5000    7.5000   37.5000 2667.9551   15.4022
   -7.5000   15.0000   37.5000 2660.6780   15.8677
    0.0000   15.0000   37.5000 2689.9592   15.6205
    7.5000   15.0000   37.5000 2656.8977   15.7807
   -7.5000   22.5000   37.5000 2605.7554   16.4555
    0.0000   22.5000   37.5000 2635.5850   16.2192
    7.5000   22.5000   37.5000 2611.3923   16.3678
   -7.5000   30.0000   37.5000 2540.8481   17.2241
    0.0000   30.0000   37.5000 2571.3982   16.9844
    7.5000   30.0000   37.5000 2540.2324   17.1376
   -7.5000   37.5000   37.5000 2468.5991   18.1664
    0.0000   37.5000   37.5000 2497.7886   17.9171
    7.5000   37.5000   37.5000 2459.0225   18.1192
   -7.5000   45.0000   37.5000 2361.0645   19.4277
    0.0000   45.0000   37.5000 2383.7715   19.1690
    7.5000   45.0000   37.5000 2358.3484   19.3807
   -7.5000  -45.0000   45.0000 2390.5464   18.0638
    0.0000  -45.0000   45.0000 2429.6677   17.7046
    7.5000  -45.0000   45.0000 2417.6899   17.8920
   -7.5000  -37.5000   45.0000 2417.5654   17.4267
    0.0000  -37.5000   45.0000 2451.5676   17.0691
    7.5000  -37.5000   45.0000 2441.4189   17.2133
   -7.5000  -30.0000   45.0000 2440.0652   16.9260
    0.0000  -30.0000   45.0000 2476.0415   16.6046
    7.5000  -30.0000   45.0000 2460.3833   16.7371
   -7.5000  -22.5000   45.0000 2473.1738   16.5489
    0.0000  -22.5000   45.0000 2510.1467   16.2567
    7.5000  -22.5000   45.0000 2495.0217   16.3950
   -7.5000  -15.0000   45.0000 2506.0134   16.2731
    0.0000  -15.0000   45.0000 2540.1643   16.0342
    7.5000  -15.0000   45.0000 2520.0742   16.1706
   -7.5000   -7.5000   45.0000 2535.3342   16.1787
    0.0000   -7.5000   45.0000 2567.6621   15.9428
    7.5000   -7.5000   45.0000 2539.5576   16.0683
   -7.5000    0.0000   45.0000 2558.9958   16.2523
    0.0000    0.0000   45.0000 2591.3196   16.0196
    7.5000    0.0000   45.0000 2558.2537   16.1792
   -7.5000    7.5000   45.0000 2574.3767   16.5058
    0.0000    7.5000   45.0000 2604.5769   16.3073
    7.5000    7.5000   45.0000 2572.0840   16.4650
   -7.5000   15.0000   45.0000 2563.4431   16.9530
    0.0000   15.0000   45.0000 2586.7209   16.7592
    7.5000   15.0000   45.0000 2559.0886   16.8902
   -7.5000   22.5000   45.0000 2512.6812   17.5901
    0.0000   22.5000   45.0000 2538.2100   17.3989
    7.5000   22.5000   45.0000 2515.0857   17.4905
   -7.5000   30.0000   45.0000 2451.3293   18.3808
    0.0000   30.0000   45.0000 2474.0654   18.2282
    7.5000   30.0000   45.0000 2450.7517   18.3125
   -7.5000   37.5000   45.0000 2388.5547   19.2476
    0.0000   37.5000   45.0000 2411.5164   19.0473
    7.5000   37.5000   45.0000 2375.4395   19.2056
   -7.5000   45.0000   45.0000 2292.4937   20.4143
    0.0000   45.0000   45.0000 2318.9019   20.1895
    7.5000   45.0000   45.0000 2287.7249   20.3841

---------------------------------------------------------------------
imgreg_4dfp /opt/freesurfer/average/711-2C_as_mni_average_305 /opt/freesurfer/average/711-2B_as_mni_average_305_mask talsrcimg_g11 none talsrcimg_to_711-2C_as_mni_average_305_t4 1283
---------------------------------------------------------------------

freesurfer imgreg_4dfp.c
/opt/freesurfer/average/711-2C_as_mni_average_305.4dfp.img
       256       256       256         1
  1.000000  1.000000  1.000000
orientation T byte_order littleendian
Reading image: /opt/freesurfer/average/711-2C_as_mni_average_305.4dfp.img
dimensions:      256       256       256
mmppix:       1.0000   -1.0000   -1.0000
center:     128.0000 -129.0000 -129.0000
/opt/freesurfer/average/711-2B_as_mni_average_305_mask.4dfp.img
       256       256       256         1
  1.000000  1.000000  1.000000
orientation T byte_order littleendian
Reading mask: /opt/freesurfer/average/711-2B_as_mni_average_305_mask.4dfp.img (2306576 pixels)
talsrcimg_g11.4dfp.img
       256       256       256         1
  1.000000  1.000000  1.000000
orientation T byte_order littleendian
Reading image: talsrcimg_g11.4dfp.img
dimensions:      256       256       256
mmppix:       1.0000   -1.0000   -1.0000
center:     128.0000 -129.0000 -129.0000
rotation matrix determinant  1.000000
fimgreg.f
image alignment mode   1283 decimal      503 hex
parameters
    0.0000   15.0000    7.5000    0.0000    0.0000    0.0000
eta,q 0.93307 13.74312
niter,ni,del,rscale     5    3   12.0000    1.2000
parameter  4  2.298084 ->  0.500000 qaram    1.1500
parameter  6 -0.569113 -> -0.500000 qaram    1.1500
parameters
   -0.4429   14.0377    7.1032   -3.4500    2.5046    3.4500
eta,q 0.94147 13.56975
  0.0793  0.0737  0.0711  0.0588  0.0727  0.0698
  0.0716  0.0707  0.0690  0.0608  0.0678  0.0655
  0.0681  0.0677  0.0675  0.0636  0.0639  0.0630
  0.0672  0.0667  0.0667  0.0670  0.0615  0.0606
  0.0695  0.0695  0.0670  0.0708  0.0607  0.0589
  0.0753  0.0748  0.0692  0.0754  0.0606  0.0586
  0.0826  0.0799  0.0735  0.0797  0.0626  0.0601
niter,ni,del,rscale     6    3   12.0000    1.2000
parameter  4  1.420358 ->  0.500000 qaram    1.3225
parameters
   -0.5134   14.8233    7.2697   -7.4175    1.9141    3.1956
eta,q 0.94661 13.58179
  0.0739  0.0745  0.0641  0.0517  0.0597  0.0606
  0.0645  0.0677  0.0607  0.0529  0.0547  0.0571
  0.0591  0.0613  0.0593  0.0553  0.0534  0.0542
  0.0585  0.0585  0.0587  0.0587  0.0535  0.0534
  0.0600  0.0601  0.0583  0.0636  0.0540  0.0548
  0.0652  0.0634  0.0598  0.0686  0.0570  0.0575
  0.0743  0.0679  0.0641  0.0741  0.0629  0.0619
niter,ni,del,rscale     6    3   12.0000    1.2000
parameter  4  1.182047 ->  0.500000 qaram    1.5209
parameters
   -0.3202   17.0801    6.2994  -11.9801    2.4877    2.6575
eta,q 0.95664 13.64693
  0.0724  0.0706  0.0566  0.0447  0.0556  0.0525
  0.0623  0.0627  0.0533  0.0430  0.0494  0.0481
  0.0550  0.0566  0.0521  0.0468  0.0449  0.0445
  0.0534  0.0535  0.0519  0.0519  0.0435  0.0434
  0.0551  0.0520  0.0530  0.0587  0.0437  0.0456
  0.0608  0.0525  0.0558  0.0656  0.0462  0.0502
  0.0698  0.0558  0.0623  0.0717  0.0519  0.0557
niter,ni,del,rscale     6    3   12.0000    1.2000
parameters
   -0.5326   18.0975    5.0042  -14.3068    2.5458    3.3954
eta,q 0.95921 13.61528
  0.0648  0.0636  0.0506  0.0510  0.0521  0.0545
  0.0526  0.0567  0.0448  0.0440  0.0460  0.0482
  0.0452  0.0488  0.0418  0.0415  0.0427  0.0434
  0.0434  0.0433  0.0428  0.0417  0.0411  0.0411
  0.0464  0.0436  0.0468  0.0482  0.0415  0.0412
  0.0553  0.0475  0.0530  0.0561  0.0454  0.0443
  0.0677  0.0552  0.0607  0.0659  0.0523  0.0503
niter,ni,del,rscale     5    3   12.0000    1.2000
parameters
   -0.6606   18.1068    4.4247  -14.6452    2.4248    3.5298
eta,q 0.95948 13.61602
  0.0629  0.0587  0.0523  0.0568  0.0511  0.0519
  0.0502  0.0506  0.0442  0.0484  0.0450  0.0461
  0.0428  0.0436  0.0405  0.0420  0.0418  0.0422
  0.0408  0.0408  0.0408  0.0404  0.0405  0.0406
  0.0439  0.0424  0.0437  0.0433  0.0410  0.0413
  0.0523  0.0493  0.0491  0.0504  0.0454  0.0452
  0.0642  0.0598  0.0563  0.0590  0.0526  0.0515
niter,ni,del,rscale     4    3   12.0000    1.2000
parameters
   -0.6667   18.0652    4.3459  -14.7041    2.3910    3.5460
eta,q 0.95949 13.61691
  0.0638  0.0576  0.0551  0.0577  0.0514  0.0515
  0.0507  0.0494  0.0458  0.0493  0.0452  0.0457
  0.0427  0.0430  0.0408  0.0423  0.0418  0.0421
  0.0405  0.0405  0.0405  0.0405  0.0405  0.0405
  0.0435  0.0421  0.0428  0.0427  0.0409  0.0414
  0.0516  0.0488  0.0475  0.0498  0.0451  0.0454
  0.0631  0.0590  0.0545  0.0579  0.0522  0.0517
niter,ni,del,rscale     3    3   12.0000    1.2000
parameters
   -0.6614   18.0595    4.3275  -14.7173    2.3805    3.5481
eta,q 0.95949 13.61727
  0.0640  0.0576  0.0555  0.0578  0.0515  0.0514
  0.0508  0.0495  0.0461  0.0494  0.0453  0.0457
  0.0427  0.0430  0.0408  0.0424  0.0418  0.0420
  0.0405  0.0405  0.0405  0.0405  0.0405  0.0405
  0.0436  0.0420  0.0427  0.0426  0.0409  0.0415
  0.0516  0.0485  0.0473  0.0497  0.0450  0.0455
  0.0630  0.0587  0.0543  0.0577  0.0521  0.0518
registration optimization eta report
parameter search radius
    6.0000    6.0000    6.0000    9.1253    6.0000    6.9000
100000*second partial in parameter space
       64.       49.       40.       21.       32.       23.
  0.0640  0.0576  0.0555  0.0578  0.0515  0.0514
  0.0508  0.0495  0.0461  0.0494  0.0453  0.0457
  0.0427  0.0430  0.0408  0.0424  0.0418  0.0420
  0.0405  0.0405  0.0405  0.0405  0.0405  0.0405
  0.0436  0.0420  0.0427  0.0426  0.0409  0.0415
  0.0516  0.0485  0.0473  0.0497  0.0450  0.0455
  0.0630  0.0587  0.0543  0.0577  0.0521  0.0518
   -0.6614   18.0595    4.3275  -14.7173    2.3805    3.5481
eta,q 0.95949 13.61727

---------------------------------------------------------------------
imgreg_4dfp /opt/freesurfer/average/711-2C_as_mni_average_305 /opt/freesurfer/average/711-2B_as_mni_average_305_mask talsrcimg_g11 none talsrcimg_to_711-2C_as_mni_average_305_t4 3335
---------------------------------------------------------------------

freesurfer imgreg_4dfp.c
/opt/freesurfer/average/711-2C_as_mni_average_305.4dfp.img
       256       256       256         1
  1.000000  1.000000  1.000000
orientation T byte_order littleendian
Reading image: /opt/freesurfer/average/711-2C_as_mni_average_305.4dfp.img
dimensions:      256       256       256
mmppix:       1.0000   -1.0000   -1.0000
center:     128.0000 -129.0000 -129.0000
/opt/freesurfer/average/711-2B_as_mni_average_305_mask.4dfp.img
       256       256       256         1
  1.000000  1.000000  1.000000
orientation T byte_order littleendian
Reading mask: /opt/freesurfer/average/711-2B_as_mni_average_305_mask.4dfp.img (2306576 pixels)
talsrcimg_g11.4dfp.img
       256       256       256         1
  1.000000  1.000000  1.000000
orientation T byte_order littleendian
Reading image: talsrcimg_g11.4dfp.img
dimensions:      256       256       256
mmppix:       1.0000   -1.0000   -1.0000
center:     128.0000 -129.0000 -129.0000
fimgreg.f
image alignment mode   3335 decimal      D07 hex
parameters
   -0.6614   18.0595    4.3275   -0.2778   -3.4010   -3.3644
   -4.9324   -5.5819    6.1833   25.1078    4.1536  -25.3831
eta,q 0.95985 13.68022
niter,ni,del,rscale     5    3    5.0000    1.2000
parameter  4  1.068967 ->  0.500000 qaram    1.1500
parameter  5  1.267028 ->  0.500000 qaram    1.1500
parameter 10  0.562663 ->  0.500000 qaram    1.1500
parameters
   -0.7726   18.8773    4.3792   -4.4178   -7.5410   -5.7424
   -3.4172   -4.1432    6.8418   20.9678    1.2948  -26.4314
eta,q 0.96699 13.15083
  0.0441  0.0448  0.0424  0.0363  0.0338  0.0359  0.0393  0.0410  0.0367  0.0339  0.0335  0.0342
  0.0419  0.0427  0.0410  0.0369  0.0344  0.0350  0.0370  0.0380  0.0354  0.0333  0.0331  0.0334
  0.0405  0.0412  0.0401  0.0380  0.0355  0.0346  0.0354  0.0358  0.0346  0.0334  0.0330  0.0331
  0.0401  0.0401  0.0398  0.0398  0.0371  0.0347  0.0346  0.0345  0.0342  0.0342  0.0332  0.0330
  0.0408  0.0398  0.0400  0.0424  0.0392  0.0359  0.0346  0.0343  0.0344  0.0357  0.0336  0.0334
  0.0424  0.0401  0.0408  0.0457  0.0417  0.0381  0.0352  0.0353  0.0349  0.0378  0.0343  0.0341
  0.0449  0.0411  0.0422  0.0495  0.0447  0.0413  0.0365  0.0375  0.0359  0.0403  0.0352  0.0351
niter,ni,del,rscale     7    3    5.0000    1.2000
parameter  5  0.511209 ->  0.500000 qaram    1.3225
parameters
   -0.6178   18.5532    3.8349   -8.4013  -12.3020   -7.0260
   -3.7048   -3.8818    6.5171   20.5307    1.5904  -27.6270
eta,q 0.96927 12.51120
  0.0380  0.0355  0.0341  0.0329  0.0318  0.0328  0.0343  0.0363  0.0332  0.0346  0.0323  0.0319
  0.0353  0.0339  0.0332  0.0320  0.0311  0.0315  0.0324  0.0336  0.0319  0.0322  0.0315  0.0312
  0.0337  0.0331  0.0328  0.0320  0.0312  0.0309  0.0312  0.0317  0.0310  0.0309  0.0310  0.0308
  0.0330  0.0330  0.0329  0.0328  0.0319  0.0310  0.0309  0.0309  0.0308  0.0308  0.0308  0.0308
  0.0333  0.0337  0.0335  0.0343  0.0332  0.0316  0.0315  0.0313  0.0312  0.0316  0.0309  0.0312
  0.0346  0.0351  0.0345  0.0368  0.0351  0.0328  0.0329  0.0330  0.0322  0.0330  0.0313  0.0320
  0.0368  0.0372  0.0359  0.0403  0.0377  0.0349  0.0348  0.0357  0.0336  0.0351  0.0321  0.0330
niter,ni,del,rscale     7    3    5.0000    1.2000
parameters
   -0.5706   18.7338    4.1240   -8.8531  -11.9469   -6.8939
   -3.6607   -3.8649    6.2972   20.8535    1.4497  -27.5169
eta,q 0.96930 12.51891
  0.0356  0.0345  0.0333  0.0339  0.0351  0.0337  0.0345  0.0358  0.0332  0.0353  0.0321  0.0325
  0.0329  0.0326  0.0320  0.0322  0.0329  0.0319  0.0324  0.0332  0.0318  0.0326  0.0313  0.0316
  0.0313  0.0313  0.0311  0.0310  0.0312  0.0309  0.0311  0.0314  0.0309  0.0310  0.0308  0.0309
  0.0307  0.0307  0.0307  0.0307  0.0307  0.0307  0.0307  0.0307  0.0307  0.0307  0.0307  0.0307
  0.0312  0.0309  0.0308  0.0313  0.0312  0.0311  0.0311  0.0313  0.0311  0.0312  0.0309  0.0309
  0.0328  0.0319  0.0313  0.0327  0.0324  0.0319  0.0324  0.0331  0.0321  0.0325  0.0314  0.0315
  0.0352  0.0336  0.0323  0.0347  0.0345  0.0333  0.0343  0.0359  0.0335  0.0343  0.0322  0.0324
niter,ni,del,rscale     6    3    5.0000    1.2000
parameters
   -0.5688   18.7679    4.1651   -8.8857  -11.9597   -6.7943
   -3.6524   -3.8523    6.2992   20.8779    1.4481  -27.4879
eta,q 0.96929 12.52294
  0.0354  0.0341  0.0329  0.0343  0.0348  0.0336  0.0344  0.0358  0.0334  0.0350  0.0321  0.0324
  0.0328  0.0323  0.0317  0.0324  0.0326  0.0319  0.0324  0.0332  0.0319  0.0324  0.0313  0.0315
  0.0312  0.0311  0.0310  0.0312  0.0311  0.0309  0.0311  0.0314  0.0310  0.0310  0.0308  0.0309
  0.0307  0.0307  0.0307  0.0307  0.0307  0.0307  0.0307  0.0307  0.0307  0.0307  0.0307  0.0307
  0.0313  0.0311  0.0309  0.0312  0.0313  0.0311  0.0312  0.0313  0.0310  0.0313  0.0309  0.0309
  0.0328  0.0322  0.0316  0.0324  0.0326  0.0319  0.0325  0.0331  0.0319  0.0327  0.0313  0.0315
  0.0353  0.0339  0.0328  0.0344  0.0348  0.0334  0.0344  0.0359  0.0333  0.0346  0.0321  0.0324
niter,ni,del,rscale     5    3    5.0000    1.2000
parameters
   -0.5686   18.7726    4.1842   -8.8806  -11.9724   -6.7732
   -3.6567   -3.8515    6.3035   20.8784    1.4466  -27.4646
eta,q 0.96929 12.52341
  0.0354  0.0340  0.0329  0.0343  0.0348  0.0336  0.0344  0.0358  0.0334  0.0349  0.0321  0.0324
  0.0328  0.0322  0.0317  0.0325  0.0326  0.0319  0.0324  0.0332  0.0319  0.0324  0.0313  0.0315
  0.0312  0.0311  0.0310  0.0312  0.0311  0.0309  0.0311  0.0314  0.0310  0.0309  0.0308  0.0309
  0.0307  0.0307  0.0307  0.0307  0.0307  0.0307  0.0307  0.0307  0.0307  0.0307  0.0307  0.0307
  0.0313  0.0311  0.0309  0.0312  0.0313  0.0311  0.0312  0.0313  0.0310  0.0313  0.0309  0.0309
  0.0328  0.0322  0.0316  0.0324  0.0327  0.0319  0.0325  0.0331  0.0319  0.0327  0.0313  0.0315
  0.0353  0.0340  0.0328  0.0343  0.0348  0.0334  0.0344  0.0359  0.0333  0.0346  0.0321  0.0324
registration optimization eta report
parameter search radius
    2.4000    2.4000    2.4000    8.2800    9.5220    7.2000
    7.2000    7.2000    7.2000    8.2800    7.2000    7.2000
100000*second partial in parameter space
       80.       58.       37.        5.        4.        5.
        7.       10.        5.        6.        3.        3.
  0.0354  0.0340  0.0329  0.0343  0.0348  0.0336  0.0344  0.0358  0.0334  0.0349  0.0321  0.0324
  0.0328  0.0322  0.0317  0.0325  0.0326  0.0319  0.0324  0.0332  0.0319  0.0324  0.0313  0.0315
  0.0312  0.0311  0.0310  0.0312  0.0311  0.0309  0.0311  0.0314  0.0310  0.0309  0.0308  0.0309
  0.0307  0.0307  0.0307  0.0307  0.0307  0.0307  0.0307  0.0307  0.0307  0.0307  0.0307  0.0307
  0.0313  0.0311  0.0309  0.0312  0.0313  0.0311  0.0312  0.0313  0.0310  0.0313  0.0309  0.0309
  0.0328  0.0322  0.0316  0.0324  0.0327  0.0319  0.0325  0.0331  0.0319  0.0327  0.0313  0.0315
  0.0353  0.0340  0.0328  0.0343  0.0348  0.0334  0.0344  0.0359  0.0333  0.0346  0.0321  0.0324
   -0.5686   18.7726    4.1842   -8.8806  -11.9724   -6.7732
   -3.6567   -3.8515    6.3035   20.8784    1.4466  -27.4646
eta,q 0.96929 12.52341

---------------------------------------------------------------------
imgreg_4dfp /opt/freesurfer/average/711-2C_as_mni_average_305 /opt/freesurfer/average/711-2B_as_mni_average_305_mask talsrcimg_g11 none talsrcimg_to_711-2C_as_mni_average_305_t4 2311
---------------------------------------------------------------------

freesurfer imgreg_4dfp.c
/opt/freesurfer/average/711-2C_as_mni_average_305.4dfp.img
       256       256       256         1
  1.000000  1.000000  1.000000
orientation T byte_order littleendian
Reading image: /opt/freesurfer/average/711-2C_as_mni_average_305.4dfp.img
dimensions:      256       256       256
mmppix:       1.0000   -1.0000   -1.0000
center:     128.0000 -129.0000 -129.0000
/opt/freesurfer/average/711-2B_as_mni_average_305_mask.4dfp.img
       256       256       256         1
  1.000000  1.000000  1.000000
orientation T byte_order littleendian
Reading mask: /opt/freesurfer/average/711-2B_as_mni_average_305_mask.4dfp.img (2306576 pixels)
talsrcimg_g11.4dfp.img
       256       256       256         1
  1.000000  1.000000  1.000000
orientation T byte_order littleendian
Reading image: talsrcimg_g11.4dfp.img
dimensions:      256       256       256
mmppix:       1.0000   -1.0000   -1.0000
center:     128.0000 -129.0000 -129.0000
fimgreg.f
image alignment mode   2311 decimal      907 hex
parameters
   -0.5686   18.7726    4.1842   -8.8806  -11.9724   -6.7732
   -3.6567   -3.8515    6.3035   20.8784    1.4466  -27.4646
eta,q 0.96929 12.52342
niter,ni,del,rscale     5    3    5.0000    0.8000
parameters
   -0.5832   18.7723    4.1884   -8.8580  -12.1697   -6.9070
   -3.7054   -3.7826    6.2551   20.4055    1.3330  -27.3266
eta,q 0.96935 12.48930
  0.0328  0.0322  0.0317  0.0321  0.0318  0.0319  0.0324  0.0332  0.0319  0.0319  0.0313  0.0315
  0.0316  0.0314  0.0311  0.0313  0.0311  0.0312  0.0315  0.0319  0.0312  0.0311  0.0309  0.0311
  0.0309  0.0309  0.0308  0.0309  0.0308  0.0308  0.0309  0.0310  0.0308  0.0307  0.0307  0.0308
  0.0307  0.0307  0.0307  0.0307  0.0307  0.0307  0.0307  0.0307  0.0307  0.0307  0.0306  0.0306
  0.0310  0.0309  0.0308  0.0309  0.0309  0.0309  0.0309  0.0309  0.0308  0.0310  0.0307  0.0307
  0.0317  0.0314  0.0311  0.0313  0.0313  0.0313  0.0315  0.0318  0.0313  0.0315  0.0310  0.0310
  0.0328  0.0322  0.0317  0.0320  0.0319  0.0319  0.0325  0.0331  0.0319  0.0323  0.0313  0.0314
niter,ni,del,rscale     4    3    5.0000    0.7000
parameters
   -0.5765   18.7532    4.2080   -8.8739  -12.2403   -7.0962
   -3.7096   -3.7544    6.2225   20.2327    1.3333  -27.2636
eta,q 0.96938 12.46476
  0.0323  0.0318  0.0314  0.0317  0.0316  0.0316  0.0320  0.0326  0.0316  0.0317  0.0311  0.0313
  0.0314  0.0312  0.0310  0.0311  0.0310  0.0310  0.0313  0.0316  0.0311  0.0310  0.0308  0.0309
  0.0308  0.0308  0.0307  0.0308  0.0307  0.0307  0.0308  0.0309  0.0307  0.0307  0.0307  0.0307
  0.0306  0.0306  0.0306  0.0306  0.0306  0.0306  0.0306  0.0306  0.0306  0.0306  0.0306  0.0306
  0.0308  0.0308  0.0307  0.0308  0.0308  0.0308  0.0308  0.0309  0.0307  0.0308  0.0307  0.0307
  0.0314  0.0312  0.0310  0.0311  0.0311  0.0312  0.0313  0.0315  0.0311  0.0312  0.0308  0.0309
  0.0323  0.0319  0.0314  0.0317  0.0316  0.0317  0.0320  0.0326  0.0316  0.0318  0.0311  0.0312
niter,ni,del,rscale     3    3    5.0000    0.6000
parameters
   -0.5782   18.7481    4.1950   -8.8855  -12.2766   -7.2236
   -3.7086   -3.7490    6.2129   20.1130    1.2921  -27.2396
eta,q 0.96939 12.45011
  0.0318  0.0315  0.0312  0.0314  0.0313  0.0313  0.0316  0.0321  0.0313  0.0314  0.0310  0.0311
  0.0311  0.0310  0.0309  0.0310  0.0309  0.0309  0.0311  0.0313  0.0309  0.0309  0.0308  0.0308
  0.0307  0.0307  0.0307  0.0307  0.0307  0.0307  0.0307  0.0308  0.0307  0.0307  0.0306  0.0307
  0.0306  0.0306  0.0306  0.0306  0.0306  0.0306  0.0306  0.0306  0.0306  0.0306  0.0306  0.0306
  0.0308  0.0307  0.0307  0.0307  0.0307  0.0308  0.0307  0.0308  0.0307  0.0308  0.0307  0.0307
  0.0312  0.0310  0.0309  0.0310  0.0310  0.0310  0.0311  0.0313  0.0309  0.0311  0.0308  0.0308
  0.0318  0.0315  0.0312  0.0314  0.0313  0.0314  0.0316  0.0321  0.0313  0.0315  0.0310  0.0311
niter,ni,del,rscale     2    3    5.0000    0.5000
parameters
   -0.5795   18.7438    4.1874   -8.8955  -12.3136   -7.3367
   -3.7116   -3.7429    6.2265   20.0047    1.2536  -27.2348
eta,q 0.96940 12.43694
  0.0314  0.0312  0.0310  0.0312  0.0311  0.0311  0.0313  0.0316  0.0311  0.0312  0.0309  0.0310
  0.0310  0.0309  0.0308  0.0309  0.0308  0.0308  0.0309  0.0311  0.0308  0.0308  0.0307  0.0308
  0.0307  0.0307  0.0307  0.0307  0.0307  0.0306  0.0307  0.0307  0.0307  0.0306  0.0306  0.0306
  0.0306  0.0306  0.0306  0.0306  0.0306  0.0306  0.0306  0.0306  0.0306  0.0306  0.0306  0.0306
  0.0307  0.0307  0.0307  0.0307  0.0307  0.0307  0.0307  0.0307  0.0307  0.0307  0.0306  0.0306
  0.0310  0.0309  0.0308  0.0309  0.0309  0.0309  0.0309  0.0311  0.0308  0.0309  0.0307  0.0308
  0.0314  0.0312  0.0310  0.0312  0.0311  0.0312  0.0313  0.0316  0.0311  0.0312  0.0308  0.0309
niter,ni,del,rscale     1    3    5.0000    0.4000
parameters
   -0.5838   18.7372    4.1741   -8.8868  -12.3350   -7.4238
   -3.7137   -3.7448    6.2446   19.9226    1.2122  -27.2378
eta,q 0.96940 12.42860
  0.0311  0.0310  0.0308  0.0310  0.0309  0.0309  0.0311  0.0313  0.0309  0.0310  0.0308  0.0308
  0.0308  0.0308  0.0307  0.0308  0.0307  0.0307  0.0308  0.0309  0.0308  0.0307  0.0307  0.0307
  0.0307  0.0306  0.0306  0.0307  0.0306  0.0306  0.0306  0.0307  0.0306  0.0306  0.0306  0.0306
  0.0306  0.0306  0.0306  0.0306  0.0306  0.0306  0.0306  0.0306  0.0306  0.0306  0.0306  0.0306
  0.0307  0.0307  0.0306  0.0306  0.0306  0.0307  0.0307  0.0307  0.0306  0.0307  0.0306  0.0306
  0.0308  0.0308  0.0307  0.0308  0.0308  0.0308  0.0308  0.0309  0.0307  0.0308  0.0307  0.0307
  0.0311  0.0310  0.0309  0.0310  0.0309  0.0310  0.0311  0.0313  0.0309  0.0310  0.0308  0.0308
registration optimization eta report
parameter search radius
    0.8000    0.8000    0.8000    2.4000    2.4000    2.4000
    2.4000    2.4000    2.4000    2.4000    2.4000    2.4000
100000*second partial in parameter space
       83.       62.       40.        6.        6.        6.
        8.       12.        6.        7.        3.        4.
  0.0311  0.0310  0.0308  0.0310  0.0309  0.0309  0.0311  0.0313  0.0309  0.0310  0.0308  0.0308
  0.0308  0.0308  0.0307  0.0308  0.0307  0.0307  0.0308  0.0309  0.0308  0.0307  0.0307  0.0307
  0.0307  0.0306  0.0306  0.0307  0.0306  0.0306  0.0306  0.0307  0.0306  0.0306  0.0306  0.0306
  0.0306  0.0306  0.0306  0.0306  0.0306  0.0306  0.0306  0.0306  0.0306  0.0306  0.0306  0.0306
  0.0307  0.0307  0.0306  0.0306  0.0306  0.0307  0.0307  0.0307  0.0306  0.0307  0.0306  0.0306
  0.0308  0.0308  0.0307  0.0308  0.0308  0.0308  0.0308  0.0309  0.0307  0.0308  0.0307  0.0307
  0.0311  0.0310  0.0309  0.0310  0.0309  0.0310  0.0311  0.0313  0.0309  0.0310  0.0308  0.0308
   -0.5838   18.7372    4.1741   -8.8868  -12.3350   -7.4238
   -3.7137   -3.7448    6.2446   19.9226    1.2122  -27.2378
eta,q 0.96940 12.42860

---------------------------------------------------------------------
imgreg_4dfp /opt/freesurfer/average/711-2C_as_mni_average_305 /opt/freesurfer/average/711-2B_as_mni_average_305_mask talsrcimg_g11 none talsrcimg_to_711-2C_as_mni_average_305_t4 2311
---------------------------------------------------------------------

freesurfer imgreg_4dfp.c
/opt/freesurfer/average/711-2C_as_mni_average_305.4dfp.img
       256       256       256         1
  1.000000  1.000000  1.000000
orientation T byte_order littleendian
Reading image: /opt/freesurfer/average/711-2C_as_mni_average_305.4dfp.img
dimensions:      256       256       256
mmppix:       1.0000   -1.0000   -1.0000
center:     128.0000 -129.0000 -129.0000
/opt/freesurfer/average/711-2B_as_mni_average_305_mask.4dfp.img
       256       256       256         1
  1.000000  1.000000  1.000000
orientation T byte_order littleendian
Reading mask: /opt/freesurfer/average/711-2B_as_mni_average_305_mask.4dfp.img (2306576 pixels)
talsrcimg_g11.4dfp.img
       256       256       256         1
  1.000000  1.000000  1.000000
orientation T byte_order littleendian
Reading image: talsrcimg_g11.4dfp.img
dimensions:      256       256       256
mmppix:       1.0000   -1.0000   -1.0000
center:     128.0000 -129.0000 -129.0000
fimgreg.f
image alignment mode   2311 decimal      907 hex
parameters
   -0.5838   18.7372    4.1741   -8.8868  -12.3350   -7.4238
   -3.7137   -3.7448    6.2446   19.9226    1.2122  -27.2378
eta,q 0.96940 12.42860
niter,ni,del,rscale     5    3    5.0000    0.8000
parameters
   -0.5714   18.7319    4.1587   -8.8797  -12.1770   -7.2127
   -3.6865   -3.7688    6.2189   20.2415    1.4148  -27.3000
eta,q 0.96938 12.46159
  0.0328  0.0321  0.0316  0.0320  0.0319  0.0321  0.0324  0.0331  0.0319  0.0324  0.0313  0.0314
  0.0316  0.0313  0.0310  0.0312  0.0312  0.0313  0.0314  0.0318  0.0312  0.0314  0.0309  0.0310
  0.0308  0.0308  0.0307  0.0308  0.0308  0.0307  0.0308  0.0309  0.0308  0.0308  0.0307  0.0307
  0.0306  0.0306  0.0306  0.0306  0.0306  0.0306  0.0306  0.0306  0.0306  0.0306  0.0306  0.0306
  0.0308  0.0308  0.0307  0.0308  0.0308  0.0308  0.0308  0.0309  0.0308  0.0308  0.0307  0.0307
  0.0315  0.0313  0.0311  0.0312  0.0312  0.0312  0.0314  0.0318  0.0312  0.0312  0.0309  0.0310
  0.0327  0.0322  0.0316  0.0320  0.0317  0.0318  0.0324  0.0332  0.0319  0.0319  0.0312  0.0315
niter,ni,del,rscale     4    3    5.0000    0.7000
parameters
   -0.5797   18.7420    4.1735   -8.8834  -12.2032   -7.1853
   -3.6948   -3.7599    6.2097   20.2047    1.3579  -27.2838
eta,q 0.96938 12.46040
  0.0322  0.0318  0.0314  0.0317  0.0316  0.0317  0.0320  0.0326  0.0316  0.0318  0.0311  0.0313
  0.0313  0.0312  0.0310  0.0311  0.0310  0.0311  0.0312  0.0315  0.0311  0.0311  0.0308  0.0309
  0.0308  0.0308  0.0307  0.0307  0.0307  0.0307  0.0308  0.0309  0.0307  0.0307  0.0307  0.0307
  0.0306  0.0306  0.0306  0.0306  0.0306  0.0306  0.0306  0.0306  0.0306  0.0306  0.0306  0.0306
  0.0308  0.0307  0.0307  0.0307  0.0308  0.0308  0.0308  0.0308  0.0307  0.0308  0.0307  0.0307
  0.0314  0.0312  0.0309  0.0311  0.0311  0.0311  0.0312  0.0315  0.0311  0.0312  0.0309  0.0309
  0.0323  0.0318  0.0314  0.0317  0.0315  0.0316  0.0320  0.0326  0.0316  0.0317  0.0311  0.0313
niter,ni,del,rscale     3    3    5.0000    0.6000
parameters
   -0.5792   18.7421    4.1803   -8.8922  -12.2657   -7.2551
   -3.7043   -3.7496    6.2067   20.1038    1.2949  -27.2540
eta,q 0.96939 12.44822
  0.0318  0.0315  0.0312  0.0314  0.0313  0.0314  0.0316  0.0321  0.0313  0.0314  0.0310  0.0311
  0.0312  0.0310  0.0309  0.0310  0.0309  0.0309  0.0311  0.0313  0.0309  0.0309  0.0308  0.0308
  0.0307  0.0307  0.0307  0.0307  0.0307  0.0307  0.0307  0.0308  0.0307  0.0307  0.0306  0.0307
  0.0306  0.0306  0.0306  0.0306  0.0306  0.0306  0.0306  0.0306  0.0306  0.0306  0.0306  0.0306
  0.0308  0.0307  0.0307  0.0307  0.0307  0.0307  0.0307  0.0308  0.0307  0.0308  0.0307  0.0307
  0.0312  0.0310  0.0309  0.0310  0.0310  0.0310  0.0311  0.0313  0.0309  0.0310  0.0308  0.0308
  0.0318  0.0315  0.0312  0.0314  0.0313  0.0314  0.0316  0.0321  0.0313  0.0315  0.0310  0.0311
niter,ni,del,rscale     2    3    5.0000    0.5000
parameters
   -0.5810   18.7400    4.1770   -8.8875  -12.3116   -7.3412
   -3.7074   -3.7458    6.2280   20.0067    1.2504  -27.2420
eta,q 0.96940 12.43752
  0.0314  0.0312  0.0310  0.0312  0.0311  0.0311  0.0313  0.0316  0.0311  0.0312  0.0308  0.0310
  0.0310  0.0309  0.0308  0.0309  0.0308  0.0308  0.0309  0.0311  0.0308  0.0308  0.0307  0.0308
  0.0307  0.0307  0.0307  0.0307  0.0307  0.0306  0.0307  0.0307  0.0307  0.0306  0.0306  0.0306
  0.0306  0.0306  0.0306  0.0306  0.0306  0.0306  0.0306  0.0306  0.0306  0.0306  0.0306  0.0306
  0.0307  0.0307  0.0307  0.0307  0.0307  0.0307  0.0307  0.0307  0.0307  0.0307  0.0306  0.0306
  0.0310  0.0309  0.0308  0.0309  0.0309  0.0309  0.0309  0.0311  0.0308  0.0309  0.0307  0.0308
  0.0314  0.0312  0.0310  0.0312  0.0311  0.0312  0.0313  0.0316  0.0311  0.0312  0.0308  0.0309
niter,ni,del,rscale     1    3    5.0000    0.4000
parameters
   -0.5860   18.7392    4.1703   -8.8860  -12.3382   -7.4332
   -3.7050   -3.7457    6.2411   19.9151    1.2028  -27.2285
eta,q 0.96940 12.42763
  0.0311  0.0310  0.0308  0.0310  0.0309  0.0309  0.0311  0.0313  0.0309  0.0310  0.0308  0.0308
  0.0308  0.0308  0.0307  0.0308  0.0307  0.0307  0.0308  0.0309  0.0308  0.0307  0.0307  0.0307
  0.0307  0.0306  0.0306  0.0306  0.0306  0.0306  0.0307  0.0307  0.0306  0.0306  0.0306  0.0306
  0.0306  0.0306  0.0306  0.0306  0.0306  0.0306  0.0306  0.0306  0.0306  0.0306  0.0306  0.0306
  0.0307  0.0307  0.0306  0.0306  0.0306  0.0307  0.0307  0.0307  0.0306  0.0307  0.0306  0.0306
  0.0308  0.0308  0.0307  0.0308  0.0308  0.0308  0.0308  0.0309  0.0307  0.0308  0.0307  0.0307
  0.0311  0.0310  0.0309  0.0310  0.0309  0.0310  0.0311  0.0313  0.0309  0.0310  0.0308  0.0308
registration optimization eta report
parameter search radius
    0.8000    0.8000    0.8000    2.4000    2.4000    2.4000
    2.4000    2.4000    2.4000    2.4000    2.4000    2.4000
100000*second partial in parameter space
       84.       63.       39.        6.        6.        6.
        8.       12.        6.        7.        3.        4.
  0.0311  0.0310  0.0308  0.0310  0.0309  0.0309  0.0311  0.0313  0.0309  0.0310  0.0308  0.0308
  0.0308  0.0308  0.0307  0.0308  0.0307  0.0307  0.0308  0.0309  0.0308  0.0307  0.0307  0.0307
  0.0307  0.0306  0.0306  0.0306  0.0306  0.0306  0.0307  0.0307  0.0306  0.0306  0.0306  0.0306
  0.0306  0.0306  0.0306  0.0306  0.0306  0.0306  0.0306  0.0306  0.0306  0.0306  0.0306  0.0306
  0.0307  0.0307  0.0306  0.0306  0.0306  0.0307  0.0307  0.0307  0.0306  0.0307  0.0306  0.0306
  0.0308  0.0308  0.0307  0.0308  0.0308  0.0308  0.0308  0.0309  0.0307  0.0308  0.0307  0.0307
  0.0311  0.0310  0.0309  0.0310  0.0309  0.0310  0.0311  0.0313  0.0309  0.0310  0.0308  0.0308
   -0.5860   18.7392    4.1703   -8.8860  -12.3382   -7.4332
   -3.7050   -3.7457    6.2411   19.9151    1.2028  -27.2285
eta,q 0.96940 12.42763

---------------------------------------------------------------------
compute_vox2vox talsrcimg talsrcimg_to_711-2C_as_mni_average_305_t4 /opt/freesurfer/average/711-2C_as_mni_average_305
---------------------------------------------------------------------

freesurfer compute_vox2vox.c
Reading: talsrcimg.4dfp.ifh
Reading: talsrcimg_to_711-2C_as_mni_average_305_t4
Reading: /opt/freesurfer/average/711-2C_as_mni_average_305.4dfp.ifh
Writing: talsrcimg_to_711-2C_as_mni_average_305_t4_vox2vox.txt

start time Tue Mar 10 02:39:44 CET 2026
end		time Tue Mar 10 02:39:57 CET 2026

mpr2mni305 success

avi2talxfm orig_nu.mgz /opt/freesurfer/average/mni305.cor.mgz talsrcimg_to_711-2C_as_mni_average_305_t4_vox2vox.txt transforms/talairach.auto.xfm
avi2talxfm done
mv -f /out/sourcedata/freesurfer/sub-v1s4x0050699_ses-1/mri/talsrcimg_to_711-2C_as_mni_average_305_t4_vox2vox.txt /out/sourcedata/freesurfer/sub-v1s4x0050699_ses-1/mri/transforms/talsrcimg_to_711-2C_as_mni_average_305_t4_vox2vox.txt
lta_convert --src orig_nu.mgz --trg /opt/freesurfer/average/mni305.cor.mgz --inxfm transforms/talairach.auto.xfm --outlta transforms/talairach.auto.xfm.lta --subject fsaverage
7.3.2

--src: orig_nu.mgz src image (geometry).
--trg: /opt/freesurfer/average/mni305.cor.mgz trg image (geometry).
--inmni: transforms/talairach.auto.xfm input MNI/XFM transform.
--outlta: transforms/talairach.auto.xfm.lta output LTA.
--s: fsaverage subject name
 LTA read, type : 1
 1.09325   0.03215   0.05619  -5.03386;
-0.03478   1.01161   0.31274  -21.65530;
-0.06993  -0.23211   1.06570  -26.72438;
 0.00000   0.00000   0.00000   1.00000;
setting subject to fsaverage
Writing  LTA to file transforms/talairach.auto.xfm.lta...
lta_convert successful.
 
 
Started at Tue Mar 10 02:39:43 CET 2026
Ended   at Tue Mar 10 02:39:57 CET 2026
talairach_avi done
