/out/sourcedata/freesurfer/sub-v1s4x0050692_ses-1/mri
/opt/freesurfer/bin/talairach_avi
--i orig_nu.mgz --xfm transforms/talairach.auto.xfm
talairach_avi 7.3.2
Linux dna063 5.14.0-427.37.1.el9_4.x86_64 #1 SMP PREEMPT_DYNAMIC Fri Sep 13 12:41:50 EDT 2024 x86_64 x86_64 x86_64 GNU/Linux
Tue Mar 10 02:20:23 CET 2026
mri_convert orig_nu.mgz talsrcimg.img 
reading from orig_nu.mgz...
TR=0.00, TE=0.00, TI=0.00, flip angle=0.00
i_ras = (-1, 3.0268e-09, 0)
j_ras = (3.72529e-09, 0, -1)
k_ras = (-2.79397e-09, 1, 0)
writing to talsrcimg.img...
Analyze Output Matrix
-1.00000   0.00000  -0.00000   134.03612;
 0.00000   0.00000   1.00000  -112.81489;
 0.00000  -1.00000   0.00000   119.41113;
 0.00000   0.00000   0.00000   1.00000;
--------------------
INFO: set hdr.hist.orient to -1
mpr2mni305 talsrcimg
Tue Mar 10 02:20:23 CET 2026
/opt/freesurfer/bin/mpr2mni305 talsrcimg
mpr2mni305 7.3.2
target=711-2C_as_mni_average_305

---------------------------------------------------------------------
analyzeto4dfp talsrcimg -O0 -y
---------------------------------------------------------------------

freesurfer ifh2hdr.c
Tue Mar 10 02:20:24 2026
Writing: talsrcimg.4dfp.hdr
freesurfer analyzeto4dfp.c
Reading: talsrcimg.hdr
header size 348 bytes
hdr.dime.datatype	offset=70	value=2
hdr.dime.bitpix		offset=72	value=8
hdr.hist.orient		offset=252	value=-1
dimensionality     4
dimensions       256       256       256         1
Reading: talsrcimg.img
Writing: talsrcimg.4dfp.img
Writing: talsrcimg.4dfp.ifh
ifh2hdr talsrcimg -r0to255
ori=2

---------------------------------------------------------------------
gauss_4dfp talsrcimg 1.1
---------------------------------------------------------------------

freesurfer gauss_4dfp.c
Reading: talsrcimg.4dfp.img
Writing: talsrcimg_g11.4dfp.img
image dimensions 256 256 256 padded to 288 288 288
processing volume 1freesurfer ifh2hdr.c
Tue Mar 10 02:20:25 2026
Writing: talsrcimg_g11.4dfp.hdr

Writing: talsrcimg_g11.4dfp.ifh
including: talsrcimg.4dfp.img.rec in talsrcimg_g11.4dfp.img.rec

---------------------------------------------------------------------
imgreg_4dfp /opt/freesurfer/average/711-2C_as_mni_average_305 none talsrcimg_g11 none talsrcimg_to_711-2C_as_mni_average_305_t4 4355
---------------------------------------------------------------------

freesurfer imgreg_4dfp.c
/opt/freesurfer/average/711-2C_as_mni_average_305.4dfp.img
       256       256       256         1
  1.000000  1.000000  1.000000
orientation T byte_order littleendian
Reading image: /opt/freesurfer/average/711-2C_as_mni_average_305.4dfp.img
dimensions:      256       256       256
mmppix:       1.0000   -1.0000   -1.0000
center:     128.0000 -129.0000 -129.0000
talsrcimg_g11.4dfp.img
       256       256       256         1
  1.000000  1.000000  1.000000
orientation T byte_order littleendian
Reading image: talsrcimg_g11.4dfp.img
dimensions:      256       256       256
mmppix:       1.0000   -1.0000   -1.0000
center:     128.0000 -129.0000 -129.0000
t4_read: open error in t4_sub.f l:  41 t4_file(1:l)talsrcimg_to_711-2C_as_mni_average_305_t4 
t4_read: transform initialized to I4
rotation matrix determinant  1.000000
image alignment mode   4355 decimal     1103 hex
   -7.5000  -45.0000  -45.0000 8792.1172   13.9288
    0.0000  -45.0000  -45.0000 9131.5518   13.9523
    7.5000  -45.0000  -45.0000 8749.8652   13.9683
   -7.5000  -37.5000  -45.0000 9295.5645   13.7770
    0.0000  -37.5000  -45.0000 9663.1045   13.7996
    7.5000  -37.5000  -45.0000 9280.3652   13.8143
   -7.5000  -30.0000  -45.000010154.4883   13.6931
    0.0000  -30.0000  -45.000010533.2305   13.7135
    7.5000  -30.0000  -45.000010088.3809   13.7290
   -7.5000  -22.5000  -45.000010989.0674   13.6905
    0.0000  -22.5000  -45.000011382.0225   13.7095
    7.5000  -22.5000  -45.000010844.8828   13.7280
   -7.5000  -15.0000  -45.000011570.3408   13.6857
    0.0000  -15.0000  -45.000012000.5820   13.7050
    7.5000  -15.0000  -45.000011416.4814   13.7252
   -7.5000   -7.5000  -45.000012058.7852   13.6654
    0.0000   -7.5000  -45.000012500.8955   13.6871
    7.5000   -7.5000  -45.000011861.8115   13.7058
   -7.5000    0.0000  -45.000012377.7969   13.6500
    0.0000    0.0000  -45.000012842.7168   13.6735
    7.5000    0.0000  -45.000012169.1807   13.6894
   -7.5000    7.5000  -45.000011792.2080   13.6571
    0.0000    7.5000  -45.000012245.8105   13.6795
    7.5000    7.5000  -45.000011603.2910   13.6939
   -7.5000   15.0000  -45.000011183.5693   13.6770
    0.0000   15.0000  -45.000011609.4990   13.6974
    7.5000   15.0000  -45.000010989.2812   13.7129
   -7.5000   22.5000  -45.000010512.4609   13.7884
    0.0000   22.5000  -45.000010919.7412   13.8075
    7.5000   22.5000  -45.000010347.0664   13.8272
   -7.5000   30.0000  -45.0000 9886.9395   13.9073
    0.0000   30.0000  -45.000010252.2119   13.9270
    7.5000   30.0000  -45.0000 9734.3574   13.9504
   -7.5000   37.5000  -45.0000 9590.7451   14.2531
    0.0000   37.5000  -45.0000 9944.9619   14.2775
    7.5000   37.5000  -45.0000 9449.4258   14.3025
   -7.5000   45.0000  -45.0000 8981.3291   14.2794
    0.0000   45.0000  -45.0000 9301.0615   14.3096
    7.5000   45.0000  -45.0000 8823.9990   14.3326
   -7.5000  -45.0000  -37.5000 9284.8535   13.8727
    0.0000  -45.0000  -37.5000 9633.5381   13.8998
    7.5000  -45.0000  -37.5000 9261.5605   13.9212
   -7.5000  -37.5000  -37.5000 9857.0889   13.7198
    0.0000  -37.5000  -37.500010232.3730   13.7444
    7.5000  -37.5000  -37.5000 9827.5293   13.7641
   -7.5000  -30.0000  -37.500010750.6270   13.6362
    0.0000  -30.0000  -37.500011165.7197   13.6568
    7.5000  -30.0000  -37.500010703.0137   13.6776
   -7.5000  -22.5000  -37.500011643.1611   13.6371
    0.0000  -22.5000  -37.500012090.7314   13.6564
    7.5000  -22.5000  -37.500011537.6133   13.6805
   -7.5000  -15.0000  -37.500012280.8662   13.6362
    0.0000  -15.0000  -37.500012760.4834   13.6573
    7.5000  -15.0000  -37.500012131.6836   13.6834
   -7.5000   -7.5000  -37.500012792.3486   13.6154
    0.0000   -7.5000  -37.500013288.0078   13.6404
    7.5000   -7.5000  -37.500012614.4424   13.6651
   -7.5000    0.0000  -37.500013127.3135   13.5966
    0.0000    0.0000  -37.500013626.3594   13.6237
    7.5000    0.0000  -37.500012926.7246   13.6450
   -7.5000    7.5000  -37.500012481.0098   13.6009
    0.0000    7.5000  -37.500012950.7305   13.6253
    7.5000    7.5000  -37.500012311.6309   13.6448
   -7.5000   15.0000  -37.500011787.3271   13.6202
    0.0000   15.0000  -37.500012245.5635   13.6408
    7.5000   15.0000  -37.500011637.5762   13.6616
   -7.5000   22.5000  -37.500011079.2090   13.7346
    0.0000   22.5000  -37.500011504.6514   13.7536
    7.5000   22.5000  -37.500010923.0244   13.7789
   -7.5000   30.0000  -37.500010470.2080   13.8561
    0.0000   30.0000  -37.500010873.3711   13.8786
    7.5000   30.0000  -37.500010327.0381   13.9091
   -7.5000   37.5000  -37.500010162.6553   14.2013
    0.0000   37.5000  -37.500010544.0908   14.2304
    7.5000   37.5000  -37.500010036.5010   14.2615
   -7.5000   45.0000  -37.5000 9458.9082   14.2207
    0.0000   45.0000  -37.5000 9809.8594   14.2539
    7.5000   45.0000  -37.5000 9334.6006   14.2811
   -7.5000  -45.0000  -30.0000 9909.9805   14.4436
    0.0000  -45.0000  -30.000010299.6875   14.4734
    7.5000  -45.0000  -30.0000 9894.5732   14.4983
   -7.5000  -37.5000  -30.000010563.5859   14.2910
    0.0000  -37.5000  -30.000010981.2539   14.3160
    7.5000  -37.5000  -30.000010526.9180   14.3381
   -7.5000  -30.0000  -30.000011541.0850   14.2073
    0.0000  -30.0000  -30.000011985.8145   14.2248
    7.5000  -30.0000  -30.000011454.6533   14.2459
   -7.5000  -22.5000  -30.000012482.6426   14.2050
    0.0000  -22.5000  -30.000012955.6113   14.2201
    7.5000  -22.5000  -30.000012345.4141   14.2436
   -7.5000  -15.0000  -30.000013158.1934   14.1982
    0.0000  -15.0000  -30.000013662.7793   14.2173
    7.5000  -15.0000  -30.000013000.5596   14.2439
   -7.5000   -7.5000  -30.000013695.7695   14.1735
    0.0000   -7.5000  -30.000014245.4092   14.2000
    7.5000   -7.5000  -30.000013528.1846   14.2271
   -7.5000    0.0000  -30.000014086.7217   14.1568
    0.0000    0.0000  -30.000014626.1035   14.1865
    7.5000    0.0000  -30.000013897.2930   14.2112
   -7.5000    7.5000  -30.000013423.3096   14.1674
    0.0000    7.5000  -30.000013937.8652   14.1923
    7.5000    7.5000  -30.000013236.0557   14.2140
   -7.5000   15.0000  -30.000012669.5332   14.1907
    0.0000   15.0000  -30.000013145.7812   14.2082
    7.5000   15.0000  -30.000012503.0928   14.2292
   -7.5000   22.5000  -30.000011869.1035   14.3056
    0.0000   22.5000  -30.000012325.0020   14.3199
    7.5000   22.5000  -30.000011720.0459   14.3448
   -7.5000   30.0000  -30.000011204.3701   14.4299
    0.0000   30.0000  -30.000011632.7764   14.4507
    7.5000   30.0000  -30.000011099.4619   14.4825
   -7.5000   37.5000  -30.000010879.1924   14.7841
    0.0000   37.5000  -30.000011283.4277   14.8140
    7.5000   37.5000  -30.000010791.8896   14.8484
   -7.5000   45.0000  -30.000010093.5879   14.8127
    0.0000   45.0000  -30.000010466.3154   14.8476
    7.5000   45.0000  -30.000010030.0469   14.8791
   -7.5000  -45.0000  -22.500010510.3271   14.9567
    0.0000  -45.0000  -22.500010928.8047   14.9841
    7.5000  -45.0000  -22.500010532.4482   15.0058
   -7.5000  -37.5000  -22.500011256.7139   14.8079
    0.0000  -37.5000  -22.500011707.6543   14.8299
    7.5000  -37.5000  -22.500011226.6953   14.8472
   -7.5000  -30.0000  -22.500012319.0684   14.7247
    0.0000  -30.0000  -22.500012799.4561   14.7370
    7.5000  -30.0000  -22.500012210.7012   14.7504
   -7.5000  -22.5000  -22.500013307.0059   14.7141
    0.0000  -22.5000  -22.500013810.5518   14.7229
    7.5000  -22.5000  -22.500013139.1836   14.7377
   -7.5000  -15.0000  -22.500014017.4248   14.6961
    0.0000  -15.0000  -22.500014558.4805   14.7100
    7.5000  -15.0000  -22.500013840.5127   14.7291
   -7.5000   -7.5000  -22.500014614.9580   14.6690
    0.0000   -7.5000  -22.500015214.8076   14.6919
    7.5000   -7.5000  -22.500014445.3789   14.7142
   -7.5000    0.0000  -22.500015072.8223   14.6590
    0.0000    0.0000  -22.500015685.7002   14.6863
    7.5000    0.0000  -22.500014839.8545   14.7079
   -7.5000    7.5000  -22.500014382.7617   14.6798
    0.0000    7.5000  -22.500014960.3545   14.7015
    7.5000    7.5000  -22.500014143.5107   14.7186
   -7.5000   15.0000  -22.500013560.3779   14.7074
    0.0000   15.0000  -22.500014109.5107   14.7197
    7.5000   15.0000  -22.500013392.2139   14.7332
   -7.5000   22.5000  -22.500012704.7256   14.8177
    0.0000   22.5000  -22.500013207.9072   14.8254
    7.5000   22.5000  -22.500012558.9492   14.8417
   -7.5000   30.0000  -22.500011945.9160   14.9389
    0.0000   30.0000  -22.500012416.4854   14.9533
    7.5000   30.0000  -22.500011834.5898   14.9772
   -7.5000   37.5000  -22.500011573.9141   15.2990
    0.0000   37.5000  -22.500012001.9014   15.3227
    7.5000   37.5000  -22.500011494.9385   15.3529
   -7.5000   45.0000  -22.500010719.2451   15.3442
    0.0000   45.0000  -22.500011127.3916   15.3760
    7.5000   45.0000  -22.500010671.3564   15.4066
   -7.5000  -45.0000  -15.000011111.6328   15.3313
    0.0000  -45.0000  -15.000011538.1934   15.3544
    7.5000  -45.0000  -15.000011111.3799   15.3702
   -7.5000  -37.5000  -15.000011912.3135   15.1820
    0.0000  -37.5000  -15.000012378.1143   15.2007
    7.5000  -37.5000  -15.000011871.9141   15.2120
   -7.5000  -30.0000  -15.000013019.0752   15.0965
    0.0000  -30.0000  -15.000013541.6455   15.1065
    7.5000  -30.0000  -15.000012928.3096   15.1134
   -7.5000  -22.5000  -15.000014044.1299   15.0806
    0.0000  -22.5000  -15.000014589.1406   15.0870
    7.5000  -22.5000  -15.000013895.8398   15.0951
   -7.5000  -15.0000  -15.000014795.9424   15.0572
    0.0000  -15.0000  -15.000015411.8291   15.0677
    7.5000  -15.0000  -15.000014657.9707   15.0801
   -7.5000   -7.5000  -15.000015497.0273   15.0307
    0.0000   -7.5000  -15.000016157.2666   15.0494
    7.5000   -7.5000  -15.000015331.5996   15.0652
   -7.5000    0.0000  -15.000016020.1982   15.0252
    0.0000    0.0000  -15.000016697.6133   15.0483
    7.5000    0.0000  -15.000015774.1982   15.0640
   -7.5000    7.5000  -15.000015322.6094   15.0503
    0.0000    7.5000  -15.000015949.3887   15.0689
    7.5000    7.5000  -15.000015046.5439   15.0800
   -7.5000   15.0000  -15.000014470.3818   15.0788
    0.0000   15.0000  -15.000015065.4023   15.0888
    7.5000   15.0000  -15.000014245.0205   15.0958
   -7.5000   22.5000  -15.000013531.8779   15.1859
    0.0000   22.5000  -15.000014122.2021   15.1915
    7.5000   22.5000  -15.000013375.8955   15.2010
   -7.5000   30.0000  -15.000012656.3750   15.3070
    0.0000   30.0000  -15.000013195.8359   15.3165
    7.5000   30.0000  -15.000012555.1777   15.3328
   -7.5000   37.5000  -15.000012245.9746   15.6743
    0.0000   37.5000  -15.000012741.8701   15.6918
    7.5000   37.5000  -15.000012168.2441   15.7156
   -7.5000   45.0000  -15.000011372.5459   15.7344
    0.0000   45.0000  -15.000011813.2031   15.7624
    7.5000   45.0000  -15.000011320.6309   15.7888
   -7.5000  -45.0000   -7.500011735.2832   15.5038
    0.0000  -45.0000   -7.500012179.6689   15.5265
    7.5000  -45.0000   -7.500011698.8086   15.5406
   -7.5000  -37.5000   -7.500012591.6631   15.3453
    0.0000  -37.5000   -7.500013081.7393   15.3660
    7.5000  -37.5000   -7.500012534.4834   15.3774
   -7.5000  -30.0000   -7.500013723.4629   15.2554
    0.0000  -30.0000   -7.500014277.4512   15.2711
    7.5000  -30.0000   -7.500013658.9531   15.2809
   -7.5000  -22.5000   -7.500014763.8682   15.2440
    0.0000  -22.5000   -7.500015355.5801   15.2571
    7.5000  -22.5000   -7.500014671.7812   15.2689
   -7.5000  -15.0000   -7.500015562.7158   15.2277
    0.0000  -15.0000   -7.500016214.6758   15.2422
    7.5000  -15.0000   -7.500015462.6699   15.2568
   -7.5000   -7.5000   -7.500016291.2217   15.2036
    0.0000   -7.5000   -7.500017036.2148   15.2230
    7.5000   -7.5000   -7.500016169.4551   15.2384
   -7.5000    0.0000   -7.500016950.1758   15.1941
    0.0000    0.0000   -7.500017702.3262   15.2169
    7.5000    0.0000   -7.500016722.6426   15.2309
   -7.5000    7.5000   -7.500016313.9053   15.2121
    0.0000    7.5000   -7.500017013.8203   15.2327
    7.5000    7.5000   -7.500015976.2539   15.2439
   -7.5000   15.0000   -7.500015396.2168   15.2375
    0.0000   15.0000   -7.500016108.4170   15.2533
    7.5000   15.0000   -7.500015116.4824   15.2631
   -7.5000   22.5000   -7.500014349.4160   15.3481
    0.0000   22.5000   -7.500015028.0879   15.3609
    7.5000   22.5000   -7.500014159.3721   15.3740
   -7.5000   30.0000   -7.500013400.3008   15.4787
    0.0000   30.0000   -7.500013978.0352   15.4924
    7.5000   30.0000   -7.500013237.8809   15.5101
   -7.5000   37.5000   -7.500012974.7627   15.8552
    0.0000   37.5000   -7.500013509.8701   15.8748
    7.5000   37.5000   -7.500012832.2637   15.8976
   -7.5000   45.0000   -7.500012112.6318   15.9188
    0.0000   45.0000   -7.500012558.8125   15.9478
    7.5000   45.0000   -7.500011983.0684   15.9718
   -7.5000  -45.0000    0.000012276.8418   15.5166
    0.0000  -45.0000    0.000012753.9004   15.5427
    7.5000  -45.0000    0.000012205.7402   15.5606
   -7.5000  -37.5000    0.000013151.6377   15.3481
    0.0000  -37.5000    0.000013674.1963   15.3732
    7.5000  -37.5000    0.000013088.4805   15.3898
   -7.5000  -30.0000    0.000014304.9424   15.2550
    0.0000  -30.0000    0.000014891.9834   15.2777
    7.5000  -30.0000    0.000014278.2607   15.2953
   -7.5000  -22.5000    0.000015358.0342   15.2524
    0.0000  -22.5000    0.000016007.0068   15.2736
    7.5000  -22.5000    0.000015332.7959   15.2944
   -7.5000  -15.0000    0.000016177.2715   15.2473
    0.0000  -15.0000    0.000016887.6426   15.2688
    7.5000  -15.0000    0.000016153.7080   15.2913
   -7.5000   -7.5000    0.000016940.2520   15.2247
    0.0000   -7.5000    0.000017712.3438   15.2488
    7.5000   -7.5000    0.000016881.2891   15.2697
   -7.5000    0.0000    0.000017709.4316   15.2073
    0.0000    0.0000    0.000018513.5234   15.2335
    7.5000    0.0000    0.000017493.5566   15.2512
   -7.5000    7.5000    0.000017243.6094   15.2150
    0.0000    7.5000    0.000018061.8965   15.2400
    7.5000    7.5000    0.000016822.6289   15.2563
   -7.5000   15.0000    0.000016347.0186   15.2372
    0.0000   15.0000    0.000017220.8164   15.2599
    7.5000   15.0000    0.000015979.7559   15.2775
   -7.5000   22.5000    0.000015174.4277   15.3561
    0.0000   22.5000    0.000015973.9189   15.3773
    7.5000   22.5000    0.000014934.5059   15.3994
   -7.5000   30.0000    0.000014095.2129   15.4982
    0.0000   30.0000    0.000014755.8184   15.5201
    7.5000   30.0000    0.000013917.1924   15.5463
   -7.5000   37.5000    0.000013641.3408   15.8817
    0.0000   37.5000    0.000014219.2939   15.9088
    7.5000   37.5000    0.000013445.5801   15.9366
   -7.5000   45.0000    0.000012707.7793   15.9399
    0.0000   45.0000    0.000013237.2168   15.9736
    7.5000   45.0000    0.000012560.9932   15.9992
   -7.5000  -45.0000    7.500011885.3633   15.5058
    0.0000  -45.0000    7.500012364.1855   15.5361
    7.5000  -45.0000    7.500011839.7910   15.5601
   -7.5000  -37.5000    7.500012724.8838   15.3353
    0.0000  -37.5000    7.500013264.4521   15.3629
    7.5000  -37.5000    7.500012727.8398   15.3850
   -7.5000  -30.0000    7.500013868.4268   15.2424
    0.0000  -30.0000    7.500014447.3799   15.2655
    7.5000  -30.0000    7.500013880.0176   15.2888
   -7.5000  -22.5000    7.500014863.3594   15.2435
    0.0000  -22.5000    7.500015474.6865   15.2652
    7.5000  -22.5000    7.500014867.9678   15.2922
   -7.5000  -15.0000    7.500015633.2627   15.2423
    0.0000  -15.0000    7.500016324.1084   15.2659
    7.5000  -15.0000    7.500015648.1045   15.2952
   -7.5000   -7.5000    7.500016403.4570   15.2187
    0.0000   -7.5000    7.500017155.5195   15.2467
    7.5000   -7.5000    7.500016350.6855   15.2743
   -7.5000    0.0000    7.500017223.2070   15.1975
    0.0000    0.0000    7.500018012.7852   15.2279
    7.5000    0.0000    7.500017024.8223   15.2517
   -7.5000    7.5000    7.500016862.2305   15.2026
    0.0000    7.5000    7.500017797.5430   15.2299
    7.5000    7.5000    7.500016528.7109   15.2518
   -7.5000   15.0000    7.500016062.3311   15.2245
    0.0000   15.0000    7.500017138.1836   15.2476
    7.5000   15.0000    7.500015788.4482   15.2709
   -7.5000   22.5000    7.500014818.3672   15.3474
    0.0000   22.5000    7.500015771.4316   15.3687
    7.5000   22.5000    7.500014687.4639   15.3971
   -7.5000   30.0000    7.500013677.0254   15.4936
    0.0000   30.0000    7.500014471.0635   15.5188
    7.5000   30.0000    7.500013606.8555   15.5530
   -7.5000   37.5000    7.500013179.5469   15.8787
    0.0000   37.5000    7.500013892.4961   15.9114
    7.5000   37.5000    7.500013108.2148   15.9461
   -7.5000   45.0000    7.500012241.9219   15.9310
    0.0000   45.0000    7.500012889.0869   15.9682
    7.5000   45.0000    7.500012181.0488   15.9987
   -7.5000  -45.0000   15.000011394.4180   15.5089
    0.0000  -45.0000   15.000011855.0557   15.5408
    7.5000  -45.0000   15.000011388.3623   15.5676
   -7.5000  -37.5000   15.000012217.1846   15.3450
    0.0000  -37.5000   15.000012712.4453   15.3719
    7.5000  -37.5000   15.000012227.4707   15.3956
   -7.5000  -30.0000   15.000013315.5293   15.2552
    0.0000  -30.0000   15.000013855.4082   15.2740
    7.5000  -30.0000   15.000013311.9795   15.2966
   -7.5000  -22.5000   15.000014280.3291   15.2527
    0.0000  -22.5000   15.000014874.2900   15.2689
    7.5000  -22.5000   15.000014271.1035   15.2942
   -7.5000  -15.0000   15.000015039.9873   15.2453
    0.0000  -15.0000   15.000015719.9668   15.2659
    7.5000  -15.0000   15.000015037.9434   15.2945
   -7.5000   -7.5000   15.000015762.7588   15.2189
    0.0000   -7.5000   15.000016514.9805   15.2472
    7.5000   -7.5000   15.000015719.0049   15.2763
   -7.5000    0.0000   15.000016461.7207   15.2009
    0.0000    0.0000   15.000017332.1445   15.2328
    7.5000    0.0000   15.000016432.5820   15.2593
   -7.5000    7.5000   15.000015946.9629   15.2123
    0.0000    7.5000   15.000016992.4844   15.2390
    7.5000    7.5000   15.000015957.2920   15.2623
   -7.5000   15.0000   15.000015090.0918   15.2374
    0.0000   15.0000   15.000016154.4424   15.2561
    7.5000   15.0000   15.000015156.3711   15.2787
   -7.5000   22.5000   15.000014002.2520   15.3573
    0.0000   22.5000   15.000014921.3184   15.3726
    7.5000   22.5000   15.000014113.0059   15.3993
   -7.5000   30.0000   15.000012980.2246   15.4987
    0.0000   30.0000   15.000013777.7910   15.5210
    7.5000   30.0000   15.000013080.1143   15.5552
   -7.5000   37.5000   15.000012523.0137   15.8791
    0.0000   37.5000   15.000013255.6504   15.9112
    7.5000   37.5000   15.000012596.8672   15.9481
   -7.5000   45.0000   15.000011662.4990   15.9309
    0.0000   45.0000   15.000012322.4648   15.9684
    7.5000   45.0000   15.000011703.8447   16.0022
   -7.5000  -45.0000   22.500010813.6445   15.5266
    0.0000  -45.0000   22.500011299.0410   15.5550
    7.5000  -45.0000   22.500010816.4453   15.5775
   -7.5000  -37.5000   22.500011613.5000   15.3721
    0.0000  -37.5000   22.500012112.9570   15.3948
    7.5000  -37.5000   22.500011594.7432   15.4129
   -7.5000  -30.0000   22.500012658.4785   15.2857
    0.0000  -30.0000   22.500013184.4111   15.2984
    7.5000  -30.0000   22.500012603.4746   15.3124
   -7.5000  -22.5000   22.500013524.9395   15.2747
    0.0000  -22.5000   22.500014095.5781   15.2838
    7.5000  -22.5000   22.500013494.4277   15.2992
   -7.5000  -15.0000   22.500014213.9893   15.2560
    0.0000  -15.0000   22.500014832.1836   15.2704
    7.5000  -15.0000   22.500014193.9033   15.2903
   -7.5000   -7.5000   22.500014853.1426   15.2279
    0.0000   -7.5000   22.500015521.3193   15.2517
    7.5000   -7.5000   22.500014846.9619   15.2748
   -7.5000    0.0000   22.500015461.4834   15.2175
    0.0000    0.0000   22.500016240.4502   15.2458
    7.5000    0.0000   22.500015488.6025   15.2682
   -7.5000    7.5000   22.500014858.4648   15.2391
    0.0000    7.5000   22.500015770.1211   15.2616
    7.5000    7.5000   22.500014949.0576   15.2793
   -7.5000   15.0000   22.500014060.8662   15.2678
    0.0000   15.0000   22.500014893.7598   15.2805
    7.5000   15.0000   22.500014103.9043   15.2945
   -7.5000   22.5000   22.500013136.9248   15.3798
    0.0000   22.5000   22.500013848.0938   15.3879
    7.5000   22.5000   22.500013186.8496   15.4048
   -7.5000   30.0000   22.500012237.5391   15.5102
    0.0000   30.0000   22.500012886.6279   15.5252
    7.5000   30.0000   22.500012320.8369   15.5500
   -7.5000   37.5000   22.500011828.2930   15.8841
    0.0000   37.5000   22.500012428.8223   15.9087
    7.5000   37.5000   22.500011896.2061   15.9401
   -7.5000   45.0000   22.500011052.6797   15.9426
    0.0000   45.0000   22.500011608.4355   15.9757
    7.5000   45.0000   22.500011094.9102   16.0074
   -7.5000  -45.0000   30.000010105.1758   15.5918
    0.0000  -45.0000   30.000010559.9971   15.6153
    7.5000  -45.0000   30.000010106.8906   15.6312
   -7.5000  -37.5000   30.000010852.0479   15.4395
    0.0000  -37.5000   30.000011311.5010   15.4584
    7.5000  -37.5000   30.000010828.3691   15.4698
   -7.5000  -30.0000   30.000011819.7471   15.3521
    0.0000  -30.0000   30.000012300.3311   15.3622
    7.5000  -30.0000   30.000011752.8379   15.3690
   -7.5000  -22.5000   30.000012616.5488   15.3356
    0.0000  -22.5000   30.000013108.5996   15.3420
    7.5000  -22.5000   30.000012549.1064   15.3503
   -7.5000  -15.0000   30.000013258.7412   15.3116
    0.0000  -15.0000   30.000013773.9355   15.3223
    7.5000  -15.0000   30.000013199.7217   15.3351
   -7.5000   -7.5000   30.000013831.5176   15.2847
    0.0000   -7.5000   30.000014422.5889   15.3038
    7.5000   -7.5000   30.000013816.9189   15.3200
   -7.5000    0.0000   30.000014352.5166   15.2794
    0.0000    0.0000   30.000015050.7803   15.3030
    7.5000    0.0000   30.000014389.8525   15.3189
   -7.5000    7.5000   30.000013759.7549   15.3051
    0.0000    7.5000   30.000014479.4824   15.3239
    7.5000    7.5000   30.000013806.9297   15.3351
   -7.5000   15.0000   30.000013008.9580   15.3341
    0.0000   15.0000   30.000013652.1357   15.3441
    7.5000   15.0000   30.000013003.9004   15.3510
   -7.5000   22.5000   30.000012201.7422   15.4413
    0.0000   22.5000   30.000012787.1035   15.4470
    7.5000   22.5000   30.000012190.8916   15.4567
   -7.5000   30.0000   30.000011419.2100   15.5670
    0.0000   30.0000   30.000011952.4170   15.5768
    7.5000   30.0000   30.000011426.6387   15.5935
   -7.5000   37.5000   30.000011058.5645   15.9421
    0.0000   37.5000   30.000011562.8232   15.9599
    7.5000   37.5000   30.000011054.6592   15.9843
   -7.5000   45.0000   30.000010333.9033   16.0092
    0.0000   45.0000   30.000010805.5898   16.0377
    7.5000   45.0000   30.000010337.1338   16.0646
   -7.5000  -45.0000   37.5000 9719.9854   15.7112
    0.0000  -45.0000   37.500010134.3223   15.7344
    7.5000  -45.0000   37.5000 9725.1768   15.7491
   -7.5000  -37.5000   37.500010437.2900   15.5493
    0.0000  -37.5000   37.500010861.3760   15.5705
    7.5000  -37.5000   37.500010412.6045   15.5824
   -7.5000  -30.0000   37.500011357.9805   15.4578
    0.0000  -30.0000   37.500011814.1641   15.4741
    7.5000  -30.0000   37.500011316.8848   15.4841
   -7.5000  -22.5000   37.500012125.8467   15.4463
    0.0000  -22.5000   37.500012600.3682   15.4598
    7.5000  -22.5000   37.500012084.5664   15.4718
   -7.5000  -15.0000   37.500012735.8730   15.4290
    0.0000  -15.0000   37.500013236.1396   15.4440
    7.5000  -15.0000   37.500012701.1250   15.4589
   -7.5000   -7.5000   37.500013323.0430   15.4037
    0.0000   -7.5000   37.500013873.0840   15.4236
    7.5000   -7.5000   37.500013292.4600   15.4395
   -7.5000    0.0000   37.500013794.8984   15.3939
    0.0000    0.0000   37.500014419.3154   15.4171
    7.5000    0.0000   37.500013799.7305   15.4317
   -7.5000    7.5000   37.500013202.4238   15.4128
    0.0000    7.5000   37.500013784.9102   15.4339
    7.5000    7.5000   37.500013189.4893   15.4455
   -7.5000   15.0000   37.500012463.6982   15.4395
    0.0000   15.0000   37.500012996.5859   15.4558
    7.5000   15.0000   37.500012422.2275   15.4659
   -7.5000   22.5000   37.500011694.1963   15.5528
    0.0000   22.5000   37.500012213.5088   15.5661
    7.5000   22.5000   37.500011674.4590   15.5795
   -7.5000   30.0000   37.500011009.7402   15.6886
    0.0000   30.0000   37.500011472.1963   15.7027
    7.5000   30.0000   37.500010988.8027   15.7209
   -7.5000   37.5000   37.500010669.4814   16.0739
    0.0000   37.5000   37.500011120.3916   16.0940
    7.5000   37.5000   37.500010644.7061   16.1174
   -7.5000   45.0000   37.5000 9959.6582   16.1441
    0.0000   45.0000   37.500010400.1709   16.1739
    7.5000   45.0000   37.5000 9955.4922   16.1988
   -7.5000  -45.0000   45.0000 8961.6113   15.8892
    0.0000  -45.0000   45.0000 9354.6689   15.9162
    7.5000  -45.0000   45.0000 8965.8203   15.9331
   -7.5000  -37.5000   45.0000 9593.1523   15.7127
    0.0000  -37.5000   45.0000 9981.5049   15.7386
    7.5000  -37.5000   45.0000 9561.7500   15.7541
   -7.5000  -30.0000   45.000010429.2510   15.6152
    0.0000  -30.0000   45.000010849.5576   15.6386
    7.5000  -30.0000   45.000010398.3477   15.6550
   -7.5000  -22.5000   45.000011151.0166   15.6116
    0.0000  -22.5000   45.000011589.1230   15.6336
    7.5000  -22.5000   45.000011104.9736   15.6532
   -7.5000  -15.0000   45.000011699.8955   15.6048
    0.0000  -15.0000   45.000012161.2041   15.6272
    7.5000  -15.0000   45.000011665.3213   15.6486
   -7.5000   -7.5000   45.000012206.6113   15.5805
    0.0000   -7.5000   45.000012724.4775   15.6055
    7.5000   -7.5000   45.000012198.7266   15.6255
   -7.5000    0.0000   45.000012622.4473   15.5630
    0.0000    0.0000   45.000013188.0684   15.5899
    7.5000    0.0000   45.000012645.0996   15.6069
   -7.5000    7.5000   45.000012073.9717   15.5724
    0.0000    7.5000   45.000012588.1865   15.5980
    7.5000    7.5000   45.000012091.8027   15.6133
   -7.5000   15.0000   45.000011407.8389   15.5963
    0.0000   15.0000   45.000011882.2959   15.6198
    7.5000   15.0000   45.000011399.9512   15.6362
   -7.5000   22.5000   45.000010719.7031   15.7174
    0.0000   22.5000   45.000011158.0400   15.7394
    7.5000   22.5000   45.000010701.3359   15.7602
   -7.5000   30.0000   45.000010105.8164   15.8613
    0.0000   30.0000   45.000010501.6113   15.8843
    7.5000   30.0000   45.000010090.5088   15.9093
   -7.5000   37.5000   45.0000 9817.3232   16.2561
    0.0000   37.5000   45.000010216.6270   16.2843
    7.5000   37.5000   45.0000 9790.9053   16.3115
   -7.5000   45.0000   45.0000 9174.9121   16.3314
    0.0000   45.0000   45.0000 9553.7158   16.3661
    7.5000   45.0000   45.0000 9147.1719   16.3912

---------------------------------------------------------------------
imgreg_4dfp /opt/freesurfer/average/711-2C_as_mni_average_305 /opt/freesurfer/average/711-2B_as_mni_average_305_mask talsrcimg_g11 none talsrcimg_to_711-2C_as_mni_average_305_t4 4355
---------------------------------------------------------------------

freesurfer imgreg_4dfp.c
/opt/freesurfer/average/711-2C_as_mni_average_305.4dfp.img
       256       256       256         1
  1.000000  1.000000  1.000000
orientation T byte_order littleendian
Reading image: /opt/freesurfer/average/711-2C_as_mni_average_305.4dfp.img
dimensions:      256       256       256
mmppix:       1.0000   -1.0000   -1.0000
center:     128.0000 -129.0000 -129.0000
/opt/freesurfer/average/711-2B_as_mni_average_305_mask.4dfp.img
       256       256       256         1
  1.000000  1.000000  1.000000
orientation T byte_order littleendian
Reading mask: /opt/freesurfer/average/711-2B_as_mni_average_305_mask.4dfp.img (2306576 pixels)
talsrcimg_g11.4dfp.img
       256       256       256         1
  1.000000  1.000000  1.000000
orientation T byte_order littleendian
Reading image: talsrcimg_g11.4dfp.img
dimensions:      256       256       256
mmppix:       1.0000   -1.0000   -1.0000
center:     128.0000 -129.0000 -129.0000
rotation matrix determinant  1.000000
image alignment mode   4355 decimal     1103 hex
   -7.5000  -45.0000  -45.0000 2222.8560   19.1538
    0.0000  -45.0000  -45.0000 2224.6721   19.1934
    7.5000  -45.0000  -45.0000 2209.7520   19.3547
   -7.5000  -37.5000  -45.0000 2240.0269   18.4902
    0.0000  -37.5000  -45.0000 2238.5513   18.5358
    7.5000  -37.5000  -45.0000 2231.5676   18.7132
   -7.5000  -30.0000  -45.0000 2274.6753   17.9118
    0.0000  -30.0000  -45.0000 2270.3208   17.9469
    7.5000  -30.0000  -45.0000 2252.8540   18.1676
   -7.5000  -22.5000  -45.0000 2306.5562   17.4117
    0.0000  -22.5000  -45.0000 2301.7146   17.4700
    7.5000  -22.5000  -45.0000 2280.2544   17.7308
   -7.5000  -15.0000  -45.0000 2332.1826   16.9830
    0.0000  -15.0000  -45.0000 2327.8320   17.0613
    7.5000  -15.0000  -45.0000 2306.1692   17.3826
   -7.5000   -7.5000  -45.0000 2347.0339   16.6463
    0.0000   -7.5000  -45.0000 2341.7053   16.7696
    7.5000   -7.5000  -45.0000 2314.6536   17.0623
   -7.5000    0.0000  -45.0000 2353.5579   16.4185
    0.0000    0.0000  -45.0000 2342.1611   16.5599
    7.5000    0.0000  -45.0000 2312.1296   16.8408
   -7.5000    7.5000  -45.0000 2353.4692   16.3369
    0.0000    7.5000  -45.0000 2343.5500   16.4558
    7.5000    7.5000  -45.0000 2316.6140   16.7335
   -7.5000   15.0000  -45.0000 2347.2393   16.4490
    0.0000   15.0000  -45.0000 2339.3418   16.5386
    7.5000   15.0000  -45.0000 2308.1265   16.8691
   -7.5000   22.5000  -45.0000 2330.1335   16.9052
    0.0000   22.5000  -45.0000 2324.3557   16.9785
    7.5000   22.5000  -45.0000 2290.5366   17.3339
   -7.5000   30.0000  -45.0000 2295.0718   17.6637
    0.0000   30.0000  -45.0000 2287.7009   17.7226
    7.5000   30.0000  -45.0000 2253.6660   18.0558
   -7.5000   37.5000  -45.0000 2240.1082   18.7004
    0.0000   37.5000  -45.0000 2231.8777   18.7137
    7.5000   37.5000  -45.0000 2194.8079   19.0417
   -7.5000   45.0000  -45.0000 2161.2200   20.0001
    0.0000   45.0000  -45.0000 2150.4316   20.0578
    7.5000   45.0000  -45.0000 2117.4353   20.3849
   -7.5000  -45.0000  -37.5000 2310.0730   17.5497
    0.0000  -45.0000  -37.5000 2314.7151   17.5522
    7.5000  -45.0000  -37.5000 2305.4324   17.8006
   -7.5000  -37.5000  -37.5000 2339.3147   16.9355
    0.0000  -37.5000  -37.5000 2343.8909   16.9744
    7.5000  -37.5000  -37.5000 2328.5581   17.1899
   -7.5000  -30.0000  -37.5000 2371.7810   16.4918
    0.0000  -30.0000  -37.5000 2375.0164   16.5001
    7.5000  -30.0000  -37.5000 2357.1289   16.7040
   -7.5000  -22.5000  -37.5000 2408.5830   16.0885
    0.0000  -22.5000  -37.5000 2410.3799   16.0963
    7.5000  -22.5000  -37.5000 2383.1689   16.3098
   -7.5000  -15.0000  -37.5000 2434.6531   15.6762
    0.0000  -15.0000  -37.5000 2432.0259   15.7176
    7.5000  -15.0000  -37.5000 2403.4578   15.9856
   -7.5000   -7.5000  -37.5000 2448.7424   15.3802
    0.0000   -7.5000  -37.5000 2445.5518   15.4312
    7.5000   -7.5000  -37.5000 2414.5715   15.7107
   -7.5000    0.0000  -37.5000 2455.5857   15.1798
    0.0000    0.0000  -37.5000 2446.7354   15.2407
    7.5000    0.0000  -37.5000 2415.2241   15.5048
   -7.5000    7.5000  -37.5000 2452.6663   15.0643
    0.0000    7.5000  -37.5000 2443.0684   15.1481
    7.5000    7.5000  -37.5000 2420.4106   15.4294
   -7.5000   15.0000  -37.5000 2448.3184   15.1778
    0.0000   15.0000  -37.5000 2436.6558   15.2269
    7.5000   15.0000  -37.5000 2411.2229   15.5259
   -7.5000   22.5000  -37.5000 2431.5518   15.5381
    0.0000   22.5000  -37.5000 2422.6787   15.5906
    7.5000   22.5000  -37.5000 2389.2754   15.9081
   -7.5000   30.0000  -37.5000 2398.5916   16.2008
    0.0000   30.0000  -37.5000 2393.4978   16.2394
    7.5000   30.0000  -37.5000 2356.6633   16.5495
   -7.5000   37.5000  -37.5000 2341.8384   17.1758
    0.0000   37.5000  -37.5000 2333.3308   17.2199
    7.5000   37.5000  -37.5000 2295.1497   17.4984
   -7.5000   45.0000  -37.5000 2254.2361   18.4037
    0.0000   45.0000  -37.5000 2250.5627   18.4257
    7.5000   45.0000  -37.5000 2214.4856   18.7250
   -7.5000  -45.0000  -30.0000 2440.7095   16.7931
    0.0000  -45.0000  -30.0000 2451.7983   16.7147
    7.5000  -45.0000  -30.0000 2445.1589   17.0424
   -7.5000  -37.5000  -30.0000 2480.0466   16.2122
    0.0000  -37.5000  -30.0000 2488.8796   16.1950
    7.5000  -37.5000  -30.0000 2470.8176   16.4470
   -7.5000  -30.0000  -30.0000 2517.8567   15.7719
    0.0000  -30.0000  -30.0000 2521.7126   15.7557
    7.5000  -30.0000  -30.0000 2497.5078   15.9586
   -7.5000  -22.5000  -30.0000 2545.6750   15.3368
    0.0000  -22.5000  -30.0000 2547.2297   15.3385
    7.5000  -22.5000  -30.0000 2522.2036   15.5601
   -7.5000  -15.0000  -30.0000 2569.4690   14.9885
    0.0000  -15.0000  -30.0000 2565.9519   14.9676
    7.5000  -15.0000  -30.0000 2541.4912   15.2023
   -7.5000   -7.5000  -30.0000 2583.8696   14.7441
    0.0000   -7.5000  -30.0000 2578.1624   14.7338
    7.5000   -7.5000  -30.0000 2553.4265   14.9320
   -7.5000    0.0000  -30.0000 2596.4954   14.5583
    0.0000    0.0000  -30.0000 2588.1133   14.5758
    7.5000    0.0000  -30.0000 2560.9148   14.7787
   -7.5000    7.5000  -30.0000 2602.4529   14.4912
    0.0000    7.5000  -30.0000 2596.5869   14.5100
    7.5000    7.5000  -30.0000 2566.3877   14.7528
   -7.5000   15.0000  -30.0000 2601.6938   14.5468
    0.0000   15.0000  -30.0000 2591.1409   14.5811
    7.5000   15.0000  -30.0000 2562.0466   14.8636
   -7.5000   22.5000  -30.0000 2583.3704   14.8734
    0.0000   22.5000  -30.0000 2580.7358   14.8838
    7.5000   22.5000  -30.0000 2540.7847   15.1985
   -7.5000   30.0000  -30.0000 2547.8569   15.5010
    0.0000   30.0000  -30.0000 2548.1562   15.4755
    7.5000   30.0000  -30.0000 2508.2393   15.8106
   -7.5000   37.5000  -30.0000 2481.8445   16.4454
    0.0000   37.5000  -30.0000 2483.3630   16.4014
    7.5000   37.5000  -30.0000 2446.7717   16.6998
   -7.5000   45.0000  -30.0000 2385.9622   17.6093
    0.0000   45.0000  -30.0000 2389.3428   17.6002
    7.5000   45.0000  -30.0000 2359.3218   17.9089
   -7.5000  -45.0000  -22.5000 2537.7727   16.0190
    0.0000  -45.0000  -22.5000 2551.7317   15.9536
    7.5000  -45.0000  -22.5000 2545.6174   16.2384
   -7.5000  -37.5000  -22.5000 2582.2432   15.4551
    0.0000  -37.5000  -22.5000 2592.8479   15.4212
    7.5000  -37.5000  -22.5000 2570.5410   15.6481
   -7.5000  -30.0000  -22.5000 2621.5515   14.9656
    0.0000  -30.0000  -22.5000 2627.3660   14.9481
    7.5000  -30.0000  -22.5000 2601.3872   15.2026
   -7.5000  -22.5000  -22.5000 2650.6235   14.5340
    0.0000  -22.5000  -22.5000 2649.1697   14.5183
    7.5000  -22.5000  -22.5000 2624.7297   14.7480
   -7.5000  -15.0000  -22.5000 2666.9675   14.1733
    0.0000  -15.0000  -22.5000 2665.1277   14.1576
    7.5000  -15.0000  -22.5000 2641.0652   14.3968
   -7.5000   -7.5000  -22.5000 2685.6521   13.9403
    0.0000   -7.5000  -22.5000 2685.6528   13.9347
    7.5000   -7.5000  -22.5000 2662.8145   14.1314
   -7.5000    0.0000  -22.5000 2703.9744   13.8207
    0.0000    0.0000  -22.5000 2701.8250   13.7767
    7.5000    0.0000  -22.5000 2671.8557   13.9952
   -7.5000    7.5000  -22.5000 2716.5728   13.7915
    0.0000    7.5000  -22.5000 2720.3352   13.7576
    7.5000    7.5000  -22.5000 2685.3188   13.9787
   -7.5000   15.0000  -22.5000 2722.3691   13.8703
    0.0000   15.0000  -22.5000 2720.7605   13.8624
    7.5000   15.0000  -22.5000 2682.8357   14.1260
   -7.5000   22.5000  -22.5000 2710.7893   14.1806
    0.0000   22.5000  -22.5000 2711.3333   14.1318
    7.5000   22.5000  -22.5000 2668.8093   14.4587
   -7.5000   30.0000  -22.5000 2670.3687   14.7179
    0.0000   30.0000  -22.5000 2678.3848   14.6562
    7.5000   30.0000  -22.5000 2633.1814   14.9796
   -7.5000   37.5000  -22.5000 2597.5891   15.5938
    0.0000   37.5000  -22.5000 2602.7571   15.5185
    7.5000   37.5000  -22.5000 2568.8728   15.8081
   -7.5000   45.0000  -22.5000 2489.1450   16.7495
    0.0000   45.0000  -22.5000 2500.5684   16.6970
    7.5000   45.0000  -22.5000 2470.8706   16.9809
   -7.5000  -45.0000  -15.0000 2601.1174   15.3898
    0.0000  -45.0000  -15.0000 2609.3252   15.3361
    7.5000  -45.0000  -15.0000 2603.1501   15.5867
   -7.5000  -37.5000  -15.0000 2645.8330   14.8088
    0.0000  -37.5000  -15.0000 2652.4417   14.7665
    7.5000  -37.5000  -15.0000 2629.9895   14.9873
   -7.5000  -30.0000  -15.0000 2681.9058   14.2986
    0.0000  -30.0000  -15.0000 2688.0427   14.2809
    7.5000  -30.0000  -15.0000 2659.3787   14.5013
   -7.5000  -22.5000  -15.0000 2712.0488   13.8138
    0.0000  -22.5000  -15.0000 2710.2112   13.8202
    7.5000  -22.5000  -15.0000 2680.8201   14.0347
   -7.5000  -15.0000  -15.0000 2731.7153   13.4571
    0.0000  -15.0000  -15.0000 2732.4302   13.4494
    7.5000  -15.0000  -15.0000 2706.0322   13.6993
   -7.5000   -7.5000  -15.0000 2758.2864   13.2325
    0.0000   -7.5000  -15.0000 2758.5432   13.1961
    7.5000   -7.5000  -15.0000 2736.4553   13.4305
   -7.5000    0.0000  -15.0000 2775.1995   13.1005
    0.0000    0.0000  -15.0000 2780.8271   13.0571
    7.5000    0.0000  -15.0000 2752.5012   13.2713
   -7.5000    7.5000  -15.0000 2799.4741   13.0926
    0.0000    7.5000  -15.0000 2807.8760   13.0517
    7.5000    7.5000  -15.0000 2768.7568   13.2859
   -7.5000   15.0000  -15.0000 2816.7595   13.1920
    0.0000   15.0000  -15.0000 2819.8398   13.1528
    7.5000   15.0000  -15.0000 2775.9766   13.4488
   -7.5000   22.5000  -15.0000 2807.2542   13.4744
    0.0000   22.5000  -15.0000 2814.2302   13.4226
    7.5000   22.5000  -15.0000 2763.0789   13.7693
   -7.5000   30.0000  -15.0000 2754.4668   13.9731
    0.0000   30.0000  -15.0000 2769.0586   13.9263
    7.5000   30.0000  -15.0000 2721.9939   14.2546
   -7.5000   37.5000  -15.0000 2676.8706   14.7944
    0.0000   37.5000  -15.0000 2687.6428   14.7344
    7.5000   37.5000  -15.0000 2653.1187   15.0149
   -7.5000   45.0000  -15.0000 2569.1331   15.9184
    0.0000   45.0000  -15.0000 2574.5745   15.8920
    7.5000   45.0000  -15.0000 2548.8218   16.1599
   -7.5000  -45.0000   -7.5000 2640.6160   14.9016
    0.0000  -45.0000   -7.5000 2650.7761   14.8379
    7.5000  -45.0000   -7.5000 2629.1714   15.1264
   -7.5000  -37.5000   -7.5000 2680.8010   14.2974
    0.0000  -37.5000   -7.5000 2685.8928   14.2417
    7.5000  -37.5000   -7.5000 2660.9617   14.5160
   -7.5000  -30.0000   -7.5000 2710.4172   13.7215
    0.0000  -30.0000   -7.5000 2716.8154   13.7337
    7.5000  -30.0000   -7.5000 2687.5188   13.9582
   -7.5000  -22.5000   -7.5000 2739.2649   13.2436
    0.0000  -22.5000   -7.5000 2740.4836   13.2505
    7.5000  -22.5000   -7.5000 2712.8918   13.4811
   -7.5000  -15.0000   -7.5000 2767.7358   12.8758
    0.0000  -15.0000   -7.5000 2767.7207   12.8719
    7.5000  -15.0000   -7.5000 2743.8643   13.0989
   -7.5000   -7.5000   -7.5000 2805.8020   12.6350
    0.0000   -7.5000   -7.5000 2806.5027   12.6305
    7.5000   -7.5000   -7.5000 2785.0959   12.8077
   -7.5000    0.0000   -7.5000 2834.4980   12.5164
    0.0000    0.0000   -7.5000 2836.0115   12.4723
    7.5000    0.0000   -7.5000 2815.5703   12.6471
   -7.5000    7.5000   -7.5000 2868.6394   12.5342
    0.0000    7.5000   -7.5000 2874.3689   12.4991
    7.5000    7.5000   -7.5000 2839.2781   12.6681
   -7.5000   15.0000   -7.5000 2890.1809   12.6047
    0.0000   15.0000   -7.5000 2898.4539   12.5766
    7.5000   15.0000   -7.5000 2852.8196   12.8134
   -7.5000   22.5000   -7.5000 2875.6472   12.8450
    0.0000   22.5000   -7.5000 2887.7505   12.8196
    7.5000   22.5000   -7.5000 2837.2139   13.0937
   -7.5000   30.0000   -7.5000 2817.1492   13.3083
    0.0000   30.0000   -7.5000 2827.6924   13.2660
    7.5000   30.0000   -7.5000 2783.7495   13.5616
   -7.5000   37.5000   -7.5000 2734.2788   14.0823
    0.0000   37.5000   -7.5000 2748.3442   14.0269
    7.5000   37.5000   -7.5000 2710.9233   14.2760
   -7.5000   45.0000   -7.5000 2626.4946   15.1935
    0.0000   45.0000   -7.5000 2632.3831   15.1428
    7.5000   45.0000   -7.5000 2606.4553   15.4131
   -7.5000  -45.0000    0.0000 2654.6575   14.6233
    0.0000  -45.0000    0.0000 2670.6077   14.5470
    7.5000  -45.0000    0.0000 2647.8843   14.8428
   -7.5000  -37.5000    0.0000 2682.4014   13.9574
    0.0000  -37.5000    0.0000 2697.5867   13.9254
    7.5000  -37.5000    0.0000 2672.9937   14.1889
   -7.5000  -30.0000    0.0000 2708.8071   13.3724
    0.0000  -30.0000    0.0000 2718.7356   13.3733
    7.5000  -30.0000    0.0000 2697.1628   13.6357
   -7.5000  -22.5000    0.0000 2739.6628   12.8549
    0.0000  -22.5000    0.0000 2741.1665   12.8868
    7.5000  -22.5000    0.0000 2723.1494   13.1042
   -7.5000  -15.0000    0.0000 2772.2930   12.4624
    0.0000  -15.0000    0.0000 2772.0544   12.5116
    7.5000  -15.0000    0.0000 2758.9465   12.6933
   -7.5000   -7.5000    0.0000 2823.2722   12.2321
    0.0000   -7.5000    0.0000 2822.2827   12.2362
    7.5000   -7.5000    0.0000 2807.2729   12.3802
   -7.5000    0.0000    0.0000 2873.7439   12.1468
    0.0000    0.0000    0.0000 2874.5618   12.1308
    7.5000    0.0000    0.0000 2855.0684   12.2428
   -7.5000    7.5000    0.0000 2925.8481   12.2484
    0.0000    7.5000    0.0000 2931.6809   12.2106
    7.5000    7.5000    0.0000 2889.5400   12.2845
   -7.5000   15.0000    0.0000 2942.9280   12.3421
    0.0000   15.0000    0.0000 2961.3242   12.3474
    7.5000   15.0000    0.0000 2910.9146   12.4289
   -7.5000   22.5000    0.0000 2917.6689   12.4887
    0.0000   22.5000    0.0000 2936.5662   12.4872
    7.5000   22.5000    0.0000 2896.3469   12.6566
   -7.5000   30.0000    0.0000 2853.3308   12.8688
    0.0000   30.0000    0.0000 2866.0095   12.8391
    7.5000   30.0000    0.0000 2833.7217   13.0724
   -7.5000   37.5000    0.0000 2764.4207   13.6075
    0.0000   37.5000    0.0000 2776.6714   13.5376
    7.5000   37.5000    0.0000 2749.7832   13.7648
   -7.5000   45.0000    0.0000 2649.9299   14.7041
    0.0000   45.0000    0.0000 2664.2268   14.6233
    7.5000   45.0000    0.0000 2641.6335   14.8608
   -7.5000  -45.0000    7.5000 2649.0300   14.6045
    0.0000  -45.0000    7.5000 2672.7561   14.4825
    7.5000  -45.0000    7.5000 2652.4883   14.7880
   -7.5000  -37.5000    7.5000 2674.5996   13.8804
    0.0000  -37.5000    7.5000 2696.4065   13.8297
    7.5000  -37.5000    7.5000 2679.4343   14.1279
   -7.5000  -30.0000    7.5000 2700.4192   13.2745
    0.0000  -30.0000    7.5000 2709.3726   13.2495
    7.5000  -30.0000    7.5000 2691.8755   13.5609
   -7.5000  -22.5000    7.5000 2729.0439   12.7585
    0.0000  -22.5000    7.5000 2728.6980   12.7433
    7.5000  -22.5000    7.5000 2716.5132   13.0030
   -7.5000  -15.0000    7.5000 2759.5234   12.3545
    0.0000  -15.0000    7.5000 2761.8372   12.3534
    7.5000  -15.0000    7.5000 2756.7805   12.5368
   -7.5000   -7.5000    7.5000 2821.1228   12.0841
    0.0000   -7.5000    7.5000 2824.2371   12.1167
    7.5000   -7.5000    7.5000 2812.9138   12.2199
   -7.5000    0.0000    7.5000 2894.4807   12.0183
    0.0000    0.0000    7.5000 2896.5798   12.0343
    7.5000    0.0000    7.5000 2870.9297   12.0900
   -7.5000    7.5000    7.5000 2960.0266   12.1362
    0.0000    7.5000    7.5000 2970.4236   12.1649
    7.5000    7.5000    7.5000 2924.3853   12.1539
   -7.5000   15.0000    7.5000 2972.1736   12.2720
    0.0000   15.0000    7.5000 3004.0496   12.3514
    7.5000   15.0000    7.5000 2952.5808   12.3112
   -7.5000   22.5000    7.5000 2930.8850   12.3830
    0.0000   22.5000    7.5000 2957.3242   12.4479
    7.5000   22.5000    7.5000 2924.9822   12.5277
   -7.5000   30.0000    7.5000 2866.2375   12.7107
    0.0000   30.0000    7.5000 2883.6335   12.7227
    7.5000   30.0000    7.5000 2855.9583   12.8875
   -7.5000   37.5000    7.5000 2772.8196   13.4070
    0.0000   37.5000    7.5000 2790.8481   13.3488
    7.5000   37.5000    7.5000 2770.2834   13.5427
   -7.5000   45.0000    7.5000 2650.5681   14.4691
    0.0000   45.0000    7.5000 2668.9919   14.3923
    7.5000   45.0000    7.5000 2654.0149   14.6265
   -7.5000  -45.0000   15.0000 2623.8921   14.7619
    0.0000  -45.0000   15.0000 2644.8674   14.6156
    7.5000  -45.0000   15.0000 2635.8206   14.9700
   -7.5000  -37.5000   15.0000 2645.8704   14.0445
    0.0000  -37.5000   15.0000 2664.2000   13.9321
    7.5000  -37.5000   15.0000 2659.7095   14.2732
   -7.5000  -30.0000   15.0000 2674.7871   13.4432
    0.0000  -30.0000   15.0000 2678.9094   13.3703
    7.5000  -30.0000   15.0000 2672.1318   13.6720
   -7.5000  -22.5000   15.0000 2703.9226   12.9438
    0.0000  -22.5000   15.0000 2703.8909   12.8700
    7.5000  -22.5000   15.0000 2700.8877   13.1228
   -7.5000  -15.0000   15.0000 2741.8306   12.5204
    0.0000  -15.0000   15.0000 2746.0649   12.4624
    7.5000  -15.0000   15.0000 2745.9839   12.6455
   -7.5000   -7.5000   15.0000 2802.3667   12.2311
    0.0000   -7.5000   15.0000 2810.5574   12.2044
    7.5000   -7.5000   15.0000 2798.1260   12.3008
   -7.5000    0.0000   15.0000 2875.8667   12.0924
    0.0000    0.0000   15.0000 2886.3972   12.1251
    7.5000    0.0000   15.0000 2863.9758   12.1812
   -7.5000    7.5000   15.0000 2943.8684   12.1553
    0.0000    7.5000   15.0000 2963.9299   12.2256
    7.5000    7.5000   15.0000 2927.5244   12.2378
   -7.5000   15.0000   15.0000 2959.3040   12.2177
    0.0000   15.0000   15.0000 2998.0447   12.3214
    7.5000   15.0000   15.0000 2955.6133   12.3501
   -7.5000   22.5000   15.0000 2917.5708   12.4157
    0.0000   22.5000   15.0000 2947.6262   12.4380
    7.5000   22.5000   15.0000 2917.4270   12.5709
   -7.5000   30.0000   15.0000 2842.2883   12.8565
    0.0000   30.0000   15.0000 2864.7327   12.8217
    7.5000   30.0000   15.0000 2835.5227   12.9959
   -7.5000   37.5000   15.0000 2748.7681   13.5413
    0.0000   37.5000   15.0000 2764.9888   13.5090
    7.5000   37.5000   15.0000 2748.6768   13.6949
   -7.5000   45.0000   15.0000 2633.0132   14.5549
    0.0000   45.0000   15.0000 2650.7383   14.5467
    7.5000   45.0000   15.0000 2638.0693   14.7669
   -7.5000  -45.0000   22.5000 2576.4575   15.1763
    0.0000  -45.0000   22.5000 2600.3223   15.0311
    7.5000  -45.0000   22.5000 2587.8840   15.3034
   -7.5000  -37.5000   22.5000 2607.5801   14.4491
    0.0000  -37.5000   22.5000 2621.4604   14.3247
    7.5000  -37.5000   22.5000 2616.2544   14.6114
   -7.5000  -30.0000   22.5000 2642.6211   13.8492
    0.0000  -30.0000   22.5000 2644.4905   13.7256
    7.5000  -30.0000   22.5000 2636.8938   13.9626
   -7.5000  -22.5000   22.5000 2672.2156   13.3099
    0.0000  -22.5000   22.5000 2671.7166   13.1835
    7.5000  -22.5000   22.5000 2672.3843   13.4017
   -7.5000  -15.0000   22.5000 2713.8962   12.8512
    0.0000  -15.0000   22.5000 2718.9546   12.7469
    7.5000  -15.0000   22.5000 2715.3147   12.9232
   -7.5000   -7.5000   22.5000 2768.9978   12.5598
    0.0000   -7.5000   22.5000 2781.2712   12.4578
    7.5000   -7.5000   22.5000 2776.5374   12.5926
   -7.5000    0.0000   22.5000 2838.1455   12.4143
    0.0000    0.0000   22.5000 2849.4519   12.3684
    7.5000    0.0000   22.5000 2840.2192   12.4670
   -7.5000    7.5000   22.5000 2894.1470   12.3813
    0.0000    7.5000   22.5000 2922.1775   12.4197
    7.5000    7.5000   22.5000 2899.9026   12.4699
   -7.5000   15.0000   22.5000 2907.6001   12.4297
    0.0000   15.0000   22.5000 2944.8606   12.4424
    7.5000   15.0000   22.5000 2906.6008   12.5359
   -7.5000   22.5000   22.5000 2876.5046   12.7171
    0.0000   22.5000   22.5000 2906.6946   12.6667
    7.5000   22.5000   22.5000 2874.9661   12.8197
   -7.5000   30.0000   22.5000 2799.9631   13.2228
    0.0000   30.0000   22.5000 2821.6499   13.1727
    7.5000   30.0000   22.5000 2801.5796   13.3438
   -7.5000   37.5000   22.5000 2706.1697   13.9385
    0.0000   37.5000   22.5000 2720.2981   13.9062
    7.5000   37.5000   22.5000 2710.4441   14.0960
   -7.5000   45.0000   22.5000 2598.0989   14.9566
    0.0000   45.0000   22.5000 2611.7129   14.9329
    7.5000   45.0000   22.5000 2606.2986   15.1662
   -7.5000  -45.0000   30.0000 2512.2351   15.8222
    0.0000  -45.0000   30.0000 2529.7351   15.6234
    7.5000  -45.0000   30.0000 2521.3733   15.7899
   -7.5000  -37.5000   30.0000 2554.4941   15.0601
    0.0000  -37.5000   30.0000 2565.4341   14.8650
    7.5000  -37.5000   30.0000 2560.9260   15.0615
   -7.5000  -30.0000   30.0000 2592.8774   14.3838
    0.0000  -30.0000   30.0000 2597.5417   14.1739
    7.5000  -30.0000   30.0000 2593.2297   14.4121
   -7.5000  -22.5000   30.0000 2627.2930   13.7820
    0.0000  -22.5000   30.0000 2635.5720   13.5951
    7.5000  -22.5000   30.0000 2636.9321   13.8078
   -7.5000  -15.0000   30.0000 2673.7585   13.3097
    0.0000  -15.0000   30.0000 2683.6421   13.1361
    7.5000  -15.0000   30.0000 2680.8127   13.3276
   -7.5000   -7.5000   30.0000 2727.6443   13.0033
    0.0000   -7.5000   30.0000 2741.9883   12.8683
    7.5000   -7.5000   30.0000 2736.1616   13.0350
   -7.5000    0.0000   30.0000 2781.1055   12.8604
    0.0000    0.0000   30.0000 2800.2019   12.7993
    7.5000    0.0000   30.0000 2794.0642   12.9326
   -7.5000    7.5000   30.0000 2825.0073   12.8398
    0.0000    7.5000   30.0000 2853.6663   12.8048
    7.5000    7.5000   30.0000 2838.7048   12.8998
   -7.5000   15.0000   30.0000 2833.8538   12.9148
    0.0000   15.0000   30.0000 2866.9177   12.8449
    7.5000   15.0000   30.0000 2841.8035   12.9724
   -7.5000   22.5000   30.0000 2809.2612   13.2259
    0.0000   22.5000   30.0000 2841.1831   13.1415
    7.5000   22.5000   30.0000 2813.5510   13.2940
   -7.5000   30.0000   30.0000 2741.0237   13.7676
    0.0000   30.0000   30.0000 2759.9246   13.6999
    7.5000   30.0000   30.0000 2746.5632   13.8464
   -7.5000   37.5000   30.0000 2651.4380   14.5284
    0.0000   37.5000   30.0000 2663.1401   14.5066
    7.5000   37.5000   30.0000 2650.3064   14.6557
   -7.5000   45.0000   30.0000 2546.2356   15.5507
    0.0000   45.0000   30.0000 2557.1770   15.5169
    7.5000   45.0000   30.0000 2552.2380   15.7397
   -7.5000  -45.0000   37.5000 2443.9146   16.6049
    0.0000  -45.0000   37.5000 2459.9954   16.3191
    7.5000  -45.0000   37.5000 2463.4185   16.4912
   -7.5000  -37.5000   37.5000 2494.5444   15.7754
    0.0000  -37.5000   37.5000 2506.9863   15.5265
    7.5000  -37.5000   37.5000 2504.4519   15.7005
   -7.5000  -30.0000   37.5000 2533.2339   15.0353
    0.0000  -30.0000   37.5000 2544.2332   14.8168
    7.5000  -30.0000   37.5000 2545.9370   15.0164
   -7.5000  -22.5000   37.5000 2574.7043   14.4064
    0.0000  -22.5000   37.5000 2590.7634   14.1971
    7.5000  -22.5000   37.5000 2594.3330   14.4132
   -7.5000  -15.0000   37.5000 2619.1738   13.9281
    0.0000  -15.0000   37.5000 2637.3730   13.7176
    7.5000  -15.0000   37.5000 2636.5081   13.9284
   -7.5000   -7.5000   37.5000 2672.8481   13.6178
    0.0000   -7.5000   37.5000 2693.4595   13.4609
    7.5000   -7.5000   37.5000 2684.4827   13.6380
   -7.5000    0.0000   37.5000 2718.9543   13.4687
    0.0000    0.0000   37.5000 2746.8435   13.3391
    7.5000    0.0000   37.5000 2736.8162   13.4994
   -7.5000    7.5000   37.5000 2751.6777   13.4473
    0.0000    7.5000   37.5000 2781.0144   13.3081
    7.5000    7.5000   37.5000 2771.4727   13.4350
   -7.5000   15.0000   37.5000 2751.5107   13.5573
    0.0000   15.0000   37.5000 2784.0764   13.4167
    7.5000   15.0000   37.5000 2763.9146   13.5602
   -7.5000   22.5000   37.5000 2728.8384   13.8806
    0.0000   22.5000   37.5000 2762.2532   13.7701
    7.5000   22.5000   37.5000 2739.5249   13.9378
   -7.5000   30.0000   37.5000 2674.2620   14.4349
    0.0000   30.0000   37.5000 2694.4851   14.3568
    7.5000   30.0000   37.5000 2685.6191   14.5168
   -7.5000   37.5000   37.5000 2584.3335   15.2162
    0.0000   37.5000   37.5000 2595.5005   15.1508
    7.5000   37.5000   37.5000 2589.5090   15.3294
   -7.5000   45.0000   37.5000 2482.9148   16.2783
    0.0000   45.0000   37.5000 2494.8472   16.2292
    7.5000   45.0000   37.5000 2485.9158   16.4192
   -7.5000  -45.0000   45.0000 2381.8445   17.5861
    0.0000  -45.0000   45.0000 2403.5337   17.2734
    7.5000  -45.0000   45.0000 2399.4028   17.4366
   -7.5000  -37.5000   45.0000 2431.6121   16.6418
    0.0000  -37.5000   45.0000 2447.3469   16.3324
    7.5000  -37.5000   45.0000 2441.1013   16.5134
   -7.5000  -30.0000   45.0000 2471.4814   15.8795
    0.0000  -30.0000   45.0000 2490.0042   15.5966
    7.5000  -30.0000   45.0000 2492.6418   15.8096
   -7.5000  -22.5000   45.0000 2517.7346   15.2310
    0.0000  -22.5000   45.0000 2539.8525   14.9720
    7.5000  -22.5000   45.0000 2541.8159   15.1692
   -7.5000  -15.0000   45.0000 2554.7830   14.7012
    0.0000  -15.0000   45.0000 2578.5845   14.5014
    7.5000  -15.0000   45.0000 2581.2783   14.6922
   -7.5000   -7.5000   45.0000 2601.8018   14.3947
    0.0000   -7.5000   45.0000 2630.1433   14.2043
    7.5000   -7.5000   45.0000 2623.6982   14.3840
   -7.5000    0.0000   45.0000 2640.4976   14.2465
    0.0000    0.0000   45.0000 2675.8577   14.0762
    7.5000    0.0000   45.0000 2665.3103   14.2452
   -7.5000    7.5000   45.0000 2666.7195   14.2442
    0.0000    7.5000   45.0000 2700.7651   14.0532
    7.5000    7.5000   45.0000 2691.7480   14.2083
   -7.5000   15.0000   45.0000 2662.6812   14.3941
    0.0000   15.0000   45.0000 2696.3674   14.2480
    7.5000   15.0000   45.0000 2682.3533   14.3893
   -7.5000   22.5000   45.0000 2645.2488   14.7163
    0.0000   22.5000   45.0000 2671.4072   14.5870
    7.5000   22.5000   45.0000 2656.3950   14.7731
   -7.5000   30.0000   45.0000 2594.0005   15.2544
    0.0000   30.0000   45.0000 2611.8528   15.1334
    7.5000   30.0000   45.0000 2610.1724   15.3056
   -7.5000   37.5000   45.0000 2509.2385   16.0283
    0.0000   37.5000   45.0000 2529.1550   15.8923
    7.5000   37.5000   45.0000 2524.6833   16.0711
   -7.5000   45.0000   45.0000 2411.9316   17.0773
    0.0000   45.0000   45.0000 2432.0471   16.9730
    7.5000   45.0000   45.0000 2423.5864   17.1469

---------------------------------------------------------------------
imgreg_4dfp /opt/freesurfer/average/711-2C_as_mni_average_305 /opt/freesurfer/average/711-2B_as_mni_average_305_mask talsrcimg_g11 none talsrcimg_to_711-2C_as_mni_average_305_t4 1283
---------------------------------------------------------------------

freesurfer imgreg_4dfp.c
/opt/freesurfer/average/711-2C_as_mni_average_305.4dfp.img
       256       256       256         1
  1.000000  1.000000  1.000000
orientation T byte_order littleendian
Reading image: /opt/freesurfer/average/711-2C_as_mni_average_305.4dfp.img
dimensions:      256       256       256
mmppix:       1.0000   -1.0000   -1.0000
center:     128.0000 -129.0000 -129.0000
/opt/freesurfer/average/711-2B_as_mni_average_305_mask.4dfp.img
       256       256       256         1
  1.000000  1.000000  1.000000
orientation T byte_order littleendian
Reading mask: /opt/freesurfer/average/711-2B_as_mni_average_305_mask.4dfp.img (2306576 pixels)
talsrcimg_g11.4dfp.img
       256       256       256         1
  1.000000  1.000000  1.000000
orientation T byte_order littleendian
Reading image: talsrcimg_g11.4dfp.img
dimensions:      256       256       256
mmppix:       1.0000   -1.0000   -1.0000
center:     128.0000 -129.0000 -129.0000
rotation matrix determinant  1.000000
fimgreg.f
image alignment mode   1283 decimal      503 hex
parameters
    0.0000   15.0000    7.5000    0.0000    0.0000    0.0000
eta,q 0.94207 12.36080
niter,ni,del,rscale     5    3   12.0000    1.2000
parameter  4  0.921950 ->  0.500000 qaram    1.1500
parameter  5  1.422173 ->  0.500000 qaram    1.1500
parameters
   -0.5643   14.4397    9.6051   -3.4500   -3.4500    1.3004
eta,q 0.95601 12.33443
  0.0677  0.0654  0.0639  0.0519  0.0432  0.0556
  0.0618  0.0596  0.0578  0.0517  0.0444  0.0516
  0.0568  0.0557  0.0549  0.0522  0.0467  0.0477
  0.0554  0.0550  0.0545  0.0542  0.0517  0.0449
  0.0590  0.0583  0.0542  0.0576  0.0573  0.0440
  0.0654  0.0637  0.0540  0.0608  0.0632  0.0461
  0.0730  0.0684  0.0550  0.0639  0.0694  0.0500
niter,ni,del,rscale     6    3   12.0000    1.2000
parameter  5  0.578671 ->  0.500000 qaram    1.3225
parameters
    0.1739   14.8798    8.4157   -6.7621   -7.4175    2.0170
eta,q 0.96238 12.33489
  0.0643  0.0586  0.0473  0.0443  0.0403  0.0474
  0.0550  0.0513  0.0442  0.0409  0.0378  0.0426
  0.0477  0.0451  0.0436  0.0414  0.0383  0.0393
  0.0440  0.0435  0.0438  0.0436  0.0408  0.0378
  0.0441  0.0458  0.0448  0.0464  0.0466  0.0377
  0.0487  0.0494  0.0475  0.0499  0.0545  0.0396
  0.0570  0.0540  0.0524  0.0541  0.0615  0.0440
niter,ni,del,rscale     6    3   12.0000    1.2000
parameters
    1.0051   16.1443    7.9228   -7.1860   -7.6711    1.9958
eta,q 0.96318 12.38125
  0.0605  0.0603  0.0461  0.0467  0.0506  0.0444
  0.0479  0.0514  0.0405  0.0425  0.0425  0.0392
  0.0399  0.0424  0.0374  0.0373  0.0376  0.0371
  0.0376  0.0379  0.0374  0.0371  0.0368  0.0368
  0.0390  0.0377  0.0397  0.0400  0.0382  0.0372
  0.0426  0.0413  0.0436  0.0437  0.0434  0.0396
  0.0493  0.0478  0.0483  0.0491  0.0528  0.0443
niter,ni,del,rscale     5    3   12.0000    1.2000
parameters
    1.0021   16.3865    7.9028   -7.3913   -7.7012    2.0122
eta,q 0.96321 12.38692
  0.0545  0.0552  0.0475  0.0469  0.0514  0.0445
  0.0430  0.0455  0.0415  0.0434  0.0430  0.0393
  0.0369  0.0385  0.0376  0.0380  0.0378  0.0371
  0.0368  0.0368  0.0369  0.0369  0.0368  0.0368
  0.0395  0.0391  0.0388  0.0395  0.0380  0.0371
  0.0447  0.0450  0.0423  0.0432  0.0427  0.0395
  0.0526  0.0512  0.0468  0.0485  0.0520  0.0443
niter,ni,del,rscale     4    3   12.0000    1.2000
parameters
    1.0100   16.4766    7.8912   -7.4788   -7.7143    2.0190
eta,q 0.96321 12.38831
  0.0547  0.0544  0.0474  0.0470  0.0516  0.0446
  0.0432  0.0447  0.0415  0.0438  0.0431  0.0393
  0.0370  0.0381  0.0376  0.0383  0.0378  0.0371
  0.0368  0.0368  0.0368  0.0368  0.0368  0.0368
  0.0395  0.0396  0.0388  0.0392  0.0380  0.0371
  0.0448  0.0458  0.0422  0.0429  0.0426  0.0396
  0.0527  0.0517  0.0466  0.0481  0.0520  0.0443
niter,ni,del,rscale     3    3   12.0000    1.2000
parameters
    1.0128   16.5114    7.8866   -7.5145   -7.7186    2.0219
eta,q 0.96320 12.38873
  0.0548  0.0542  0.0474  0.0471  0.0516  0.0446
  0.0432  0.0444  0.0415  0.0439  0.0431  0.0394
  0.0370  0.0379  0.0376  0.0385  0.0378  0.0372
  0.0368  0.0368  0.0368  0.0368  0.0368  0.0368
  0.0395  0.0399  0.0388  0.0391  0.0380  0.0371
  0.0449  0.0460  0.0421  0.0428  0.0426  0.0396
  0.0528  0.0518  0.0466  0.0479  0.0519  0.0444
registration optimization eta report
parameter search radius
    6.0000    6.0000    6.0000    6.9000    7.9350    6.0000
100000*second partial in parameter space
       48.       44.       28.       21.       24.       22.
  0.0548  0.0542  0.0474  0.0471  0.0516  0.0446
  0.0432  0.0444  0.0415  0.0439  0.0431  0.0394
  0.0370  0.0379  0.0376  0.0385  0.0378  0.0372
  0.0368  0.0368  0.0368  0.0368  0.0368  0.0368
  0.0395  0.0399  0.0388  0.0391  0.0380  0.0371
  0.0449  0.0460  0.0421  0.0428  0.0426  0.0396
  0.0528  0.0518  0.0466  0.0479  0.0519  0.0444
    1.0128   16.5114    7.8866   -7.5145   -7.7186    2.0219
eta,q 0.96320 12.38873

---------------------------------------------------------------------
imgreg_4dfp /opt/freesurfer/average/711-2C_as_mni_average_305 /opt/freesurfer/average/711-2B_as_mni_average_305_mask talsrcimg_g11 none talsrcimg_to_711-2C_as_mni_average_305_t4 3335
---------------------------------------------------------------------

freesurfer imgreg_4dfp.c
/opt/freesurfer/average/711-2C_as_mni_average_305.4dfp.img
       256       256       256         1
  1.000000  1.000000  1.000000
orientation T byte_order littleendian
Reading image: /opt/freesurfer/average/711-2C_as_mni_average_305.4dfp.img
dimensions:      256       256       256
mmppix:       1.0000   -1.0000   -1.0000
center:     128.0000 -129.0000 -129.0000
/opt/freesurfer/average/711-2B_as_mni_average_305_mask.4dfp.img
       256       256       256         1
  1.000000  1.000000  1.000000
orientation T byte_order littleendian
Reading mask: /opt/freesurfer/average/711-2B_as_mni_average_305_mask.4dfp.img (2306576 pixels)
talsrcimg_g11.4dfp.img
       256       256       256         1
  1.000000  1.000000  1.000000
orientation T byte_order littleendian
Reading image: talsrcimg_g11.4dfp.img
dimensions:      256       256       256
mmppix:       1.0000   -1.0000   -1.0000
center:     128.0000 -129.0000 -129.0000
fimgreg.f
image alignment mode   3335 decimal      D07 hex
parameters
    1.0128   16.5114    7.8866   -0.9677   -0.9825   -1.7571
   -5.2533   12.8458    3.4963   13.5394  -13.4308  -12.9592
eta,q 0.96371 12.41893
niter,ni,del,rscale     5    3    5.0000    1.2000
parameter  5  0.675362 ->  0.500000 qaram    1.1500
parameters
    1.1348   16.4110    8.0502   -2.4233   -5.1225   -2.5352
   -3.9276   13.1324    5.5129   12.2912  -14.6979  -14.4438
eta,q 0.96526 12.07423
  0.0404  0.0390  0.0384  0.0373  0.0354  0.0371  0.0394  0.0399  0.0379  0.0368  0.0355  0.0359
  0.0382  0.0374  0.0373  0.0366  0.0352  0.0359  0.0374  0.0374  0.0366  0.0356  0.0351  0.0352
  0.0368  0.0365  0.0366  0.0363  0.0354  0.0353  0.0359  0.0357  0.0356  0.0349  0.0349  0.0348
  0.0363  0.0363  0.0363  0.0363  0.0362  0.0352  0.0352  0.0351  0.0351  0.0349  0.0349  0.0348
  0.0366  0.0367  0.0364  0.0366  0.0375  0.0354  0.0352  0.0355  0.0349  0.0356  0.0351  0.0354
  0.0377  0.0378  0.0370  0.0375  0.0394  0.0364  0.0358  0.0369  0.0352  0.0369  0.0356  0.0362
  0.0396  0.0394  0.0379  0.0391  0.0418  0.0385  0.0372  0.0392  0.0359  0.0386  0.0362  0.0372
niter,ni,del,rscale     5    3    5.0000    1.2000
parameters
    1.1407   16.3412    8.2409   -2.7482   -6.6052   -2.2782
   -4.0604   13.2148    5.5834   12.2248  -14.6940  -14.5918
eta,q 0.96534 11.98135
  0.0384  0.0375  0.0368  0.0363  0.0364  0.0370  0.0377  0.0392  0.0367  0.0374  0.0357  0.0364
  0.0364  0.0358  0.0357  0.0353  0.0353  0.0356  0.0360  0.0368  0.0356  0.0359  0.0352  0.0355
  0.0352  0.0349  0.0350  0.0348  0.0347  0.0348  0.0350  0.0352  0.0349  0.0349  0.0348  0.0349
  0.0347  0.0347  0.0347  0.0347  0.0347  0.0347  0.0347  0.0347  0.0347  0.0347  0.0347  0.0347
  0.0351  0.0352  0.0348  0.0349  0.0352  0.0348  0.0351  0.0352  0.0349  0.0350  0.0348  0.0349
  0.0364  0.0362  0.0353  0.0355  0.0364  0.0353  0.0362  0.0366  0.0356  0.0360  0.0351  0.0356
  0.0384  0.0376  0.0362  0.0366  0.0385  0.0368  0.0379  0.0390  0.0366  0.0374  0.0357  0.0365
niter,ni,del,rscale     4    3    5.0000    1.2000
parameters
    1.1566   16.3971    8.3728   -2.8798   -6.7055   -2.1551
   -4.0723   13.2360    5.5366   12.2355  -14.6613  -14.5725
eta,q 0.96533 11.97488
  0.0384  0.0376  0.0365  0.0363  0.0371  0.0369  0.0378  0.0392  0.0366  0.0374  0.0357  0.0364
  0.0364  0.0359  0.0355  0.0353  0.0358  0.0356  0.0361  0.0368  0.0356  0.0359  0.0352  0.0355
  0.0351  0.0349  0.0349  0.0348  0.0349  0.0348  0.0350  0.0352  0.0349  0.0349  0.0348  0.0349
  0.0347  0.0347  0.0347  0.0347  0.0347  0.0347  0.0347  0.0347  0.0347  0.0347  0.0347  0.0347
  0.0350  0.0350  0.0348  0.0349  0.0349  0.0348  0.0350  0.0352  0.0349  0.0350  0.0348  0.0349
  0.0363  0.0359  0.0353  0.0354  0.0357  0.0353  0.0362  0.0367  0.0356  0.0360  0.0351  0.0355
  0.0383  0.0372  0.0362  0.0364  0.0374  0.0368  0.0378  0.0391  0.0367  0.0374  0.0357  0.0364
niter,ni,del,rscale     3    3    5.0000    1.2000
parameters
    1.1676   16.3972    8.4050   -2.8568   -6.6991   -2.1112
   -4.0636   13.2486    5.5200   12.2320  -14.6437  -14.5476
eta,q 0.96533 11.97915
  0.0384  0.0375  0.0364  0.0364  0.0372  0.0369  0.0378  0.0391  0.0367  0.0374  0.0357  0.0364
  0.0364  0.0359  0.0354  0.0354  0.0358  0.0355  0.0361  0.0368  0.0356  0.0359  0.0352  0.0355
  0.0351  0.0349  0.0349  0.0348  0.0349  0.0348  0.0350  0.0352  0.0349  0.0349  0.0348  0.0349
  0.0347  0.0347  0.0347  0.0347  0.0347  0.0347  0.0347  0.0347  0.0347  0.0347  0.0347  0.0347
  0.0350  0.0351  0.0348  0.0349  0.0349  0.0348  0.0350  0.0352  0.0349  0.0350  0.0348  0.0349
  0.0363  0.0360  0.0354  0.0354  0.0357  0.0354  0.0361  0.0367  0.0356  0.0360  0.0351  0.0355
  0.0384  0.0374  0.0363  0.0364  0.0373  0.0369  0.0378  0.0391  0.0367  0.0374  0.0357  0.0364
niter,ni,del,rscale     2    3    5.0000    1.2000
parameters
    1.1718   16.3907    8.4143   -2.8392   -6.6939   -2.1001
   -4.0605   13.2536    5.5191   12.2207  -14.6270  -14.5376
eta,q 0.96533 11.98078
  0.0384  0.0375  0.0363  0.0364  0.0372  0.0369  0.0378  0.0391  0.0367  0.0374  0.0357  0.0364
  0.0364  0.0358  0.0354  0.0354  0.0358  0.0355  0.0361  0.0368  0.0356  0.0359  0.0352  0.0355
  0.0351  0.0349  0.0348  0.0348  0.0349  0.0348  0.0350  0.0352  0.0349  0.0349  0.0348  0.0349
  0.0347  0.0347  0.0347  0.0347  0.0347  0.0347  0.0347  0.0347  0.0347  0.0347  0.0347  0.0347
  0.0351  0.0351  0.0349  0.0349  0.0349  0.0348  0.0350  0.0352  0.0349  0.0350  0.0348  0.0349
  0.0363  0.0360  0.0354  0.0354  0.0357  0.0354  0.0361  0.0367  0.0356  0.0360  0.0351  0.0355
  0.0384  0.0374  0.0363  0.0364  0.0373  0.0369  0.0378  0.0391  0.0367  0.0374  0.0357  0.0364
registration optimization eta report
parameter search radius
    2.4000    2.4000    2.4000    7.2000    8.2800    7.2000
    7.2000    7.2000    7.2000    7.2000    7.2000    7.2000
100000*second partial in parameter space
       64.       48.       29.        3.        4.        4.
        6.        9.        4.        5.        2.        3.
  0.0384  0.0375  0.0363  0.0364  0.0372  0.0369  0.0378  0.0391  0.0367  0.0374  0.0357  0.0364
  0.0364  0.0358  0.0354  0.0354  0.0358  0.0355  0.0361  0.0368  0.0356  0.0359  0.0352  0.0355
  0.0351  0.0349  0.0348  0.0348  0.0349  0.0348  0.0350  0.0352  0.0349  0.0349  0.0348  0.0349
  0.0347  0.0347  0.0347  0.0347  0.0347  0.0347  0.0347  0.0347  0.0347  0.0347  0.0347  0.0347
  0.0351  0.0351  0.0349  0.0349  0.0349  0.0348  0.0350  0.0352  0.0349  0.0350  0.0348  0.0349
  0.0363  0.0360  0.0354  0.0354  0.0357  0.0354  0.0361  0.0367  0.0356  0.0360  0.0351  0.0355
  0.0384  0.0374  0.0363  0.0364  0.0373  0.0369  0.0378  0.0391  0.0367  0.0374  0.0357  0.0364
    1.1718   16.3907    8.4143   -2.8392   -6.6939   -2.1001
   -4.0605   13.2536    5.5191   12.2207  -14.6270  -14.5376
eta,q 0.96533 11.98078

---------------------------------------------------------------------
imgreg_4dfp /opt/freesurfer/average/711-2C_as_mni_average_305 /opt/freesurfer/average/711-2B_as_mni_average_305_mask talsrcimg_g11 none talsrcimg_to_711-2C_as_mni_average_305_t4 2311
---------------------------------------------------------------------

freesurfer imgreg_4dfp.c
/opt/freesurfer/average/711-2C_as_mni_average_305.4dfp.img
       256       256       256         1
  1.000000  1.000000  1.000000
orientation T byte_order littleendian
Reading image: /opt/freesurfer/average/711-2C_as_mni_average_305.4dfp.img
dimensions:      256       256       256
mmppix:       1.0000   -1.0000   -1.0000
center:     128.0000 -129.0000 -129.0000
/opt/freesurfer/average/711-2B_as_mni_average_305_mask.4dfp.img
       256       256       256         1
  1.000000  1.000000  1.000000
orientation T byte_order littleendian
Reading mask: /opt/freesurfer/average/711-2B_as_mni_average_305_mask.4dfp.img (2306576 pixels)
talsrcimg_g11.4dfp.img
       256       256       256         1
  1.000000  1.000000  1.000000
orientation T byte_order littleendian
Reading image: talsrcimg_g11.4dfp.img
dimensions:      256       256       256
mmppix:       1.0000   -1.0000   -1.0000
center:     128.0000 -129.0000 -129.0000
fimgreg.f
image alignment mode   2311 decimal      907 hex
parameters
    1.1718   16.3907    8.4143   -2.8392   -6.6939   -2.1001
   -4.0605   13.2536    5.5191   12.2207  -14.6270  -14.5376
eta,q 0.96533 11.98079
niter,ni,del,rscale     5    3    5.0000    0.8000
parameters
    1.1866   16.3344    8.4124   -2.8632   -6.4970   -1.9137
   -4.0872   13.2913    5.4964   12.1674  -14.4933  -14.5016
eta,q 0.96533 12.00049
  0.0364  0.0359  0.0354  0.0354  0.0355  0.0355  0.0361  0.0368  0.0356  0.0359  0.0352  0.0356
  0.0354  0.0351  0.0350  0.0350  0.0351  0.0349  0.0353  0.0356  0.0351  0.0352  0.0349  0.0351
  0.0349  0.0347  0.0347  0.0347  0.0348  0.0347  0.0348  0.0349  0.0348  0.0348  0.0347  0.0348
  0.0347  0.0347  0.0347  0.0347  0.0347  0.0347  0.0347  0.0347  0.0347  0.0347  0.0347  0.0347
  0.0348  0.0349  0.0347  0.0348  0.0347  0.0347  0.0348  0.0349  0.0348  0.0348  0.0347  0.0348
  0.0354  0.0353  0.0350  0.0350  0.0350  0.0349  0.0353  0.0356  0.0351  0.0353  0.0349  0.0351
  0.0363  0.0360  0.0354  0.0354  0.0354  0.0354  0.0361  0.0367  0.0356  0.0360  0.0351  0.0355
niter,ni,del,rscale     4    3    5.0000    0.7000
parameters
    1.1963   16.2886    8.4367   -2.8245   -6.4571   -1.8897
   -4.0735   13.2996    5.4699   12.1330  -14.4269  -14.4712
eta,q 0.96534 12.00445
  0.0360  0.0356  0.0353  0.0352  0.0353  0.0352  0.0358  0.0363  0.0354  0.0356  0.0351  0.0354
  0.0353  0.0350  0.0349  0.0349  0.0349  0.0348  0.0352  0.0354  0.0350  0.0351  0.0349  0.0350
  0.0348  0.0347  0.0347  0.0347  0.0347  0.0347  0.0348  0.0348  0.0347  0.0348  0.0347  0.0347
  0.0347  0.0347  0.0347  0.0347  0.0347  0.0347  0.0347  0.0347  0.0347  0.0347  0.0347  0.0347
  0.0348  0.0348  0.0347  0.0347  0.0347  0.0347  0.0348  0.0348  0.0347  0.0348  0.0347  0.0347
  0.0352  0.0352  0.0349  0.0349  0.0349  0.0348  0.0352  0.0354  0.0350  0.0351  0.0348  0.0350
  0.0359  0.0357  0.0352  0.0352  0.0353  0.0352  0.0358  0.0362  0.0354  0.0357  0.0350  0.0353
niter,ni,del,rscale     3    3    5.0000    0.6000
parameters
    1.2003   16.2654    8.4373   -2.8424   -6.4364   -1.9557
   -4.0644   13.2832    5.4591   12.0877  -14.3938  -14.4703
eta,q 0.96534 11.99850
  0.0356  0.0354  0.0351  0.0351  0.0351  0.0350  0.0355  0.0358  0.0352  0.0354  0.0349  0.0352
  0.0351  0.0350  0.0348  0.0348  0.0349  0.0347  0.0350  0.0352  0.0349  0.0350  0.0348  0.0349
  0.0348  0.0347  0.0347  0.0347  0.0347  0.0346  0.0347  0.0348  0.0347  0.0347  0.0347  0.0347
  0.0347  0.0347  0.0347  0.0347  0.0347  0.0347  0.0347  0.0347  0.0347  0.0347  0.0347  0.0347
  0.0348  0.0348  0.0347  0.0347  0.0347  0.0347  0.0347  0.0348  0.0347  0.0347  0.0347  0.0347
  0.0351  0.0350  0.0348  0.0348  0.0349  0.0348  0.0350  0.0352  0.0349  0.0350  0.0348  0.0349
  0.0356  0.0354  0.0351  0.0351  0.0351  0.0350  0.0355  0.0358  0.0352  0.0354  0.0349  0.0352
niter,ni,del,rscale     2    3    5.0000    0.5000
parameters
    1.1997   16.2560    8.4273   -2.8705   -6.4532   -2.1034
   -4.0673   13.2554    5.4573   12.0250  -14.3856  -14.5030
eta,q 0.96535 11.98457
  0.0353  0.0352  0.0349  0.0349  0.0350  0.0349  0.0352  0.0355  0.0350  0.0351  0.0349  0.0350
  0.0350  0.0349  0.0348  0.0348  0.0348  0.0347  0.0349  0.0350  0.0348  0.0349  0.0348  0.0348
  0.0347  0.0347  0.0347  0.0347  0.0347  0.0346  0.0347  0.0347  0.0347  0.0347  0.0347  0.0347
  0.0347  0.0347  0.0347  0.0347  0.0347  0.0347  0.0347  0.0347  0.0347  0.0347  0.0347  0.0347
  0.0347  0.0347  0.0347  0.0347  0.0347  0.0347  0.0347  0.0348  0.0347  0.0347  0.0347  0.0347
  0.0349  0.0349  0.0348  0.0348  0.0348  0.0348  0.0349  0.0350  0.0348  0.0349  0.0347  0.0348
  0.0353  0.0352  0.0350  0.0349  0.0350  0.0349  0.0352  0.0355  0.0350  0.0352  0.0349  0.0350
niter,ni,del,rscale     1    3    5.0000    0.4000
parameters
    1.1990   16.2546    8.4111   -2.9718   -6.4876   -2.4333
   -4.0826   13.2124    5.4486   11.9118  -14.3983  -14.5458
eta,q 0.96536 11.95230
  0.0351  0.0350  0.0348  0.0348  0.0348  0.0348  0.0350  0.0352  0.0349  0.0349  0.0348  0.0349
  0.0348  0.0348  0.0347  0.0347  0.0347  0.0347  0.0348  0.0349  0.0347  0.0348  0.0347  0.0347
  0.0347  0.0347  0.0347  0.0347  0.0347  0.0346  0.0347  0.0347  0.0347  0.0347  0.0347  0.0347
  0.0347  0.0347  0.0347  0.0347  0.0347  0.0347  0.0346  0.0346  0.0346  0.0346  0.0346  0.0346
  0.0347  0.0347  0.0347  0.0347  0.0347  0.0347  0.0347  0.0347  0.0347  0.0347  0.0347  0.0347
  0.0348  0.0348  0.0347  0.0347  0.0347  0.0347  0.0348  0.0349  0.0348  0.0348  0.0347  0.0348
  0.0351  0.0350  0.0348  0.0348  0.0349  0.0348  0.0350  0.0352  0.0349  0.0350  0.0348  0.0349
registration optimization eta report
parameter search radius
    0.8000    0.8000    0.8000    2.4000    2.4000    2.4000
    2.4000    2.4000    2.4000    2.4000    2.4000    2.4000
100000*second partial in parameter space
       65.       51.       29.        3.        3.        2.
        6.        9.        4.        6.        2.        4.
  0.0351  0.0350  0.0348  0.0348  0.0348  0.0348  0.0350  0.0352  0.0349  0.0349  0.0348  0.0349
  0.0348  0.0348  0.0347  0.0347  0.0347  0.0347  0.0348  0.0349  0.0347  0.0348  0.0347  0.0347
  0.0347  0.0347  0.0347  0.0347  0.0347  0.0346  0.0347  0.0347  0.0347  0.0347  0.0347  0.0347
  0.0347  0.0347  0.0347  0.0347  0.0347  0.0347  0.0346  0.0346  0.0346  0.0346  0.0346  0.0346
  0.0347  0.0347  0.0347  0.0347  0.0347  0.0347  0.0347  0.0347  0.0347  0.0347  0.0347  0.0347
  0.0348  0.0348  0.0347  0.0347  0.0347  0.0347  0.0348  0.0349  0.0348  0.0348  0.0347  0.0348
  0.0351  0.0350  0.0348  0.0348  0.0349  0.0348  0.0350  0.0352  0.0349  0.0350  0.0348  0.0349
    1.1990   16.2546    8.4111   -2.9718   -6.4876   -2.4333
   -4.0826   13.2124    5.4486   11.9118  -14.3983  -14.5458
eta,q 0.96536 11.95230

---------------------------------------------------------------------
imgreg_4dfp /opt/freesurfer/average/711-2C_as_mni_average_305 /opt/freesurfer/average/711-2B_as_mni_average_305_mask talsrcimg_g11 none talsrcimg_to_711-2C_as_mni_average_305_t4 2311
---------------------------------------------------------------------

freesurfer imgreg_4dfp.c
/opt/freesurfer/average/711-2C_as_mni_average_305.4dfp.img
       256       256       256         1
  1.000000  1.000000  1.000000
orientation T byte_order littleendian
Reading image: /opt/freesurfer/average/711-2C_as_mni_average_305.4dfp.img
dimensions:      256       256       256
mmppix:       1.0000   -1.0000   -1.0000
center:     128.0000 -129.0000 -129.0000
/opt/freesurfer/average/711-2B_as_mni_average_305_mask.4dfp.img
       256       256       256         1
  1.000000  1.000000  1.000000
orientation T byte_order littleendian
Reading mask: /opt/freesurfer/average/711-2B_as_mni_average_305_mask.4dfp.img (2306576 pixels)
talsrcimg_g11.4dfp.img
       256       256       256         1
  1.000000  1.000000  1.000000
orientation T byte_order littleendian
Reading image: talsrcimg_g11.4dfp.img
dimensions:      256       256       256
mmppix:       1.0000   -1.0000   -1.0000
center:     128.0000 -129.0000 -129.0000
fimgreg.f
image alignment mode   2311 decimal      907 hex
parameters
    1.1990   16.2546    8.4111   -2.9718   -6.4876   -2.4333
   -4.0826   13.2124    5.4486   11.9118  -14.3983  -14.5458
eta,q 0.96536 11.95230
niter,ni,del,rscale     5    3    5.0000    0.8000
parameters
    1.1760   16.3065    8.3756   -3.0022   -6.5632   -2.0718
   -4.0863   13.2584    5.3874   12.0694  -14.4378  -14.5486
eta,q 0.96534 11.97455
  0.0363  0.0360  0.0354  0.0354  0.0354  0.0356  0.0361  0.0368  0.0356  0.0360  0.0351  0.0355
  0.0354  0.0353  0.0350  0.0349  0.0350  0.0350  0.0353  0.0356  0.0351  0.0353  0.0349  0.0351
  0.0348  0.0348  0.0347  0.0347  0.0347  0.0347  0.0348  0.0349  0.0348  0.0348  0.0347  0.0348
  0.0346  0.0346  0.0346  0.0346  0.0346  0.0346  0.0347  0.0347  0.0347  0.0347  0.0347  0.0347
  0.0348  0.0348  0.0347  0.0347  0.0347  0.0347  0.0348  0.0349  0.0348  0.0348  0.0347  0.0348
  0.0354  0.0352  0.0350  0.0350  0.0350  0.0349  0.0353  0.0356  0.0351  0.0352  0.0349  0.0351
  0.0364  0.0358  0.0354  0.0354  0.0355  0.0353  0.0361  0.0367  0.0356  0.0359  0.0352  0.0355
niter,ni,del,rscale     4    3    5.0000    0.7000
parameters
    1.1856   16.2962    8.4269   -2.9225   -6.5138   -1.9623
   -4.0765   13.2754    5.4284   12.0892  -14.4103  -14.5127
eta,q 0.96534 11.98928
  0.0360  0.0356  0.0353  0.0352  0.0353  0.0353  0.0358  0.0363  0.0354  0.0357  0.0350  0.0354
  0.0352  0.0351  0.0349  0.0349  0.0349  0.0348  0.0352  0.0354  0.0350  0.0351  0.0348  0.0350
  0.0348  0.0347  0.0347  0.0347  0.0347  0.0347  0.0348  0.0348  0.0348  0.0348  0.0347  0.0347
  0.0347  0.0347  0.0347  0.0347  0.0347  0.0347  0.0347  0.0347  0.0347  0.0347  0.0347  0.0347
  0.0348  0.0348  0.0347  0.0347  0.0347  0.0347  0.0348  0.0348  0.0347  0.0348  0.0347  0.0347
  0.0352  0.0351  0.0349  0.0349  0.0349  0.0348  0.0352  0.0354  0.0350  0.0351  0.0348  0.0350
  0.0359  0.0356  0.0352  0.0352  0.0353  0.0351  0.0358  0.0362  0.0354  0.0357  0.0350  0.0353
niter,ni,del,rscale     3    3    5.0000    0.6000
parameters
    1.1958   16.2747    8.4339   -2.8858   -6.4737   -2.0040
   -4.0684   13.2717    5.4482   12.0704  -14.3897  -14.4840
eta,q 0.96534 11.99009
  0.0356  0.0354  0.0351  0.0351  0.0351  0.0350  0.0355  0.0358  0.0352  0.0354  0.0349  0.0352
  0.0351  0.0350  0.0349  0.0348  0.0349  0.0347  0.0350  0.0352  0.0349  0.0350  0.0348  0.0349
  0.0348  0.0347  0.0347  0.0347  0.0347  0.0346  0.0348  0.0348  0.0347  0.0347  0.0347  0.0347
  0.0347  0.0347  0.0347  0.0347  0.0347  0.0347  0.0347  0.0347  0.0347  0.0347  0.0347  0.0347
  0.0348  0.0348  0.0347  0.0347  0.0347  0.0347  0.0348  0.0348  0.0347  0.0347  0.0347  0.0347
  0.0351  0.0350  0.0348  0.0348  0.0348  0.0348  0.0350  0.0352  0.0349  0.0350  0.0348  0.0349
  0.0356  0.0354  0.0351  0.0350  0.0351  0.0350  0.0355  0.0358  0.0352  0.0354  0.0349  0.0352
niter,ni,del,rscale     2    3    5.0000    0.5000
parameters
    1.1987   16.2604    8.4262   -2.9148   -6.4609   -2.1306
   -4.0809   13.2509    5.4453   12.0112  -14.3811  -14.5051
eta,q 0.96535 11.97930
  0.0353  0.0352  0.0349  0.0349  0.0350  0.0349  0.0352  0.0355  0.0350  0.0352  0.0349  0.0350
  0.0350  0.0349  0.0348  0.0348  0.0348  0.0347  0.0349  0.0350  0.0348  0.0349  0.0348  0.0348
  0.0347  0.0347  0.0347  0.0347  0.0347  0.0346  0.0347  0.0347  0.0347  0.0347  0.0347  0.0347
  0.0347  0.0347  0.0347  0.0347  0.0347  0.0347  0.0347  0.0347  0.0347  0.0347  0.0346  0.0346
  0.0347  0.0347  0.0347  0.0347  0.0347  0.0347  0.0347  0.0347  0.0347  0.0347  0.0347  0.0347
  0.0349  0.0349  0.0348  0.0348  0.0348  0.0348  0.0349  0.0350  0.0348  0.0349  0.0347  0.0348
  0.0353  0.0352  0.0350  0.0349  0.0350  0.0349  0.0352  0.0355  0.0350  0.0352  0.0349  0.0350
niter,ni,del,rscale     1    3    5.0000    0.4000
parameters
    1.1961   16.2555    8.4084   -2.9837   -6.4969   -2.4288
   -4.0817   13.2086    5.4429   11.9150  -14.3934  -14.5587
eta,q 0.96535 11.95127
  0.0351  0.0350  0.0348  0.0348  0.0348  0.0348  0.0350  0.0352  0.0349  0.0350  0.0348  0.0349
  0.0348  0.0348  0.0347  0.0347  0.0347  0.0347  0.0348  0.0349  0.0348  0.0348  0.0347  0.0347
  0.0347  0.0347  0.0347  0.0347  0.0347  0.0346  0.0347  0.0347  0.0347  0.0347  0.0347  0.0347
  0.0346  0.0346  0.0347  0.0347  0.0347  0.0347  0.0346  0.0346  0.0346  0.0346  0.0346  0.0346
  0.0347  0.0347  0.0347  0.0347  0.0347  0.0347  0.0347  0.0347  0.0347  0.0347  0.0347  0.0347
  0.0348  0.0348  0.0347  0.0347  0.0347  0.0347  0.0348  0.0349  0.0348  0.0348  0.0347  0.0348
  0.0351  0.0350  0.0349  0.0348  0.0349  0.0348  0.0350  0.0352  0.0349  0.0350  0.0348  0.0349
registration optimization eta report
parameter search radius
    0.8000    0.8000    0.8000    2.4000    2.4000    2.4000
    2.4000    2.4000    2.4000    2.4000    2.4000    2.4000
100000*second partial in parameter space
       66.       52.       30.        3.        3.        2.
        6.        9.        4.        6.        2.        4.
  0.0351  0.0350  0.0348  0.0348  0.0348  0.0348  0.0350  0.0352  0.0349  0.0350  0.0348  0.0349
  0.0348  0.0348  0.0347  0.0347  0.0347  0.0347  0.0348  0.0349  0.0348  0.0348  0.0347  0.0347
  0.0347  0.0347  0.0347  0.0347  0.0347  0.0346  0.0347  0.0347  0.0347  0.0347  0.0347  0.0347
  0.0346  0.0346  0.0347  0.0347  0.0347  0.0347  0.0346  0.0346  0.0346  0.0346  0.0346  0.0346
  0.0347  0.0347  0.0347  0.0347  0.0347  0.0347  0.0347  0.0347  0.0347  0.0347  0.0347  0.0347
  0.0348  0.0348  0.0347  0.0347  0.0347  0.0347  0.0348  0.0349  0.0348  0.0348  0.0347  0.0348
  0.0351  0.0350  0.0349  0.0348  0.0349  0.0348  0.0350  0.0352  0.0349  0.0350  0.0348  0.0349
    1.1961   16.2555    8.4084   -2.9837   -6.4969   -2.4288
   -4.0817   13.2086    5.4429   11.9150  -14.3934  -14.5587
eta,q 0.96535 11.95127

---------------------------------------------------------------------
compute_vox2vox talsrcimg talsrcimg_to_711-2C_as_mni_average_305_t4 /opt/freesurfer/average/711-2C_as_mni_average_305
---------------------------------------------------------------------

freesurfer compute_vox2vox.c
Reading: talsrcimg.4dfp.ifh
Reading: talsrcimg_to_711-2C_as_mni_average_305_t4
Reading: /opt/freesurfer/average/711-2C_as_mni_average_305.4dfp.ifh
Writing: talsrcimg_to_711-2C_as_mni_average_305_t4_vox2vox.txt

start time Tue Mar 10 02:20:23 CET 2026
end		time Tue Mar 10 02:21:50 CET 2026

mpr2mni305 success

avi2talxfm orig_nu.mgz /opt/freesurfer/average/mni305.cor.mgz talsrcimg_to_711-2C_as_mni_average_305_t4_vox2vox.txt transforms/talairach.auto.xfm
avi2talxfm done
mv -f /out/sourcedata/freesurfer/sub-v1s4x0050692_ses-1/mri/talsrcimg_to_711-2C_as_mni_average_305_t4_vox2vox.txt /out/sourcedata/freesurfer/sub-v1s4x0050692_ses-1/mri/transforms/talsrcimg_to_711-2C_as_mni_average_305_t4_vox2vox.txt
lta_convert --src orig_nu.mgz --trg /opt/freesurfer/average/mni305.cor.mgz --inxfm transforms/talairach.auto.xfm --outlta transforms/talairach.auto.xfm.lta --subject fsaverage
7.3.2

--src: orig_nu.mgz src image (geometry).
--trg: /opt/freesurfer/average/mni305.cor.mgz trg image (geometry).
--inmni: transforms/talairach.auto.xfm input MNI/XFM transform.
--outlta: transforms/talairach.auto.xfm.lta output LTA.
--s: fsaverage subject name
 LTA read, type : 1
 1.00883  -0.13930   0.02235  -3.14975;
 0.13744   0.98679   0.15965  -26.20276;
-0.07624  -0.11764   1.04784  -3.73492;
 0.00000   0.00000   0.00000   1.00000;
setting subject to fsaverage
Writing  LTA to file transforms/talairach.auto.xfm.lta...
lta_convert successful.
 
 
Started at Tue Mar 10 02:20:23 CET 2026
Ended   at Tue Mar 10 02:21:50 CET 2026
talairach_avi done
