status file for recon-all
Tue Mar 10 03:58:56 CET 2026
#@# Tessellate lh Tue Mar 10 03:58:56 CET 2026
#@# Smooth1 lh Tue Mar 10 03:59:00 CET 2026
#@# Inflation1 lh Tue Mar 10 03:59:03 CET 2026
#@# QSphere lh Tue Mar 10 03:59:18 CET 2026
#@# Fix Topology lh Tue Mar 10 04:00:44 CET 2026
#@# Smooth2 lh Tue Mar 10 04:07:36 CET 2026
#@# Inflation2 lh Tue Mar 10 04:07:39 CET 2026
#@# Curv .H and .K lh Tue Mar 10 04:07:56 CET 2026
#@# Sphere lh Tue Mar 10 04:08:49 CET 2026
#@# Surf Reg lh Tue Mar 10 04:11:50 CET 2026
#@# Jacobian white lh Tue Mar 10 04:17:17 CET 2026
#@# AvgCurv lh Tue Mar 10 04:17:18 CET 2026
#@# Cortical Parc lh Tue Mar 10 04:17:19 CET 2026
#@# white curv lh Tue Mar 10 04:25:28 CET 2026
#@# white area lh Tue Mar 10 04:25:30 CET 2026
#@# pial curv lh Tue Mar 10 04:25:31 CET 2026
#@# pial area lh Tue Mar 10 04:25:33 CET 2026
#@# thickness lh Tue Mar 10 04:25:34 CET 2026
#@# area and vertex vol lh Tue Mar 10 04:26:06 CET 2026
#@# Curvature Stats lh Tue Mar 10 04:26:08 CET 2026
#@# Cortical Parc 2 lh Tue Mar 10 04:26:10 CET 2026
#@# Cortical Parc 3 lh Tue Mar 10 04:26:25 CET 2026
#@# WM/GM Contrast lh Tue Mar 10 04:26:36 CET 2026
recon-all -s sub-v1s4x0050687_ses-1 finished without error at Tue Mar 10 04:26:40 CET 2026



#New# invocation of recon-all 



status file for recon-all
Tue Mar 10 04:59:39 CET 2026
#@# white curv lh Tue Mar 10 04:59:39 CET 2026
#@# white area lh Tue Mar 10 04:59:39 CET 2026
#@# pial curv lh Tue Mar 10 04:59:39 CET 2026
#@# pial area lh Tue Mar 10 04:59:39 CET 2026
#@# thickness lh Tue Mar 10 04:59:39 CET 2026
#@# area and vertex vol lh Tue Mar 10 04:59:39 CET 2026
#@# Parcellation Stats lh Tue Mar 10 04:59:39 CET 2026
#@# Parcellation Stats 2 lh Tue Mar 10 05:00:02 CET 2026
#@# Parcellation Stats 3 lh Tue Mar 10 05:00:14 CET 2026
#@# BA_exvivo Labels lh Tue Mar 10 05:00:25 CET 2026
recon-all -s sub-v1s4x0050687_ses-1 finished without error at Tue Mar 10 05:03:21 CET 2026
