status file for recon-all
Tue Mar 10 04:26:44 CET 2026
#@# Tessellate rh Tue Mar 10 04:26:44 CET 2026
#@# Smooth1 rh Tue Mar 10 04:26:48 CET 2026
#@# Inflation1 rh Tue Mar 10 04:26:51 CET 2026
#@# QSphere rh Tue Mar 10 04:27:07 CET 2026
#@# Fix Topology rh Tue Mar 10 04:28:43 CET 2026
#@# Smooth2 rh Tue Mar 10 04:34:57 CET 2026
#@# Inflation2 rh Tue Mar 10 04:35:01 CET 2026
#@# Curv .H and .K rh Tue Mar 10 04:35:17 CET 2026
#@# Sphere rh Tue Mar 10 04:36:11 CET 2026
#@# Surf Reg rh Tue Mar 10 04:39:22 CET 2026
#@# Jacobian white rh Tue Mar 10 04:44:05 CET 2026
#@# AvgCurv rh Tue Mar 10 04:44:06 CET 2026
#@# Cortical Parc rh Tue Mar 10 04:44:07 CET 2026
#@# white curv rh Tue Mar 10 04:52:09 CET 2026
#@# white area rh Tue Mar 10 04:52:11 CET 2026
#@# pial curv rh Tue Mar 10 04:52:12 CET 2026
#@# pial area rh Tue Mar 10 04:52:14 CET 2026
#@# thickness rh Tue Mar 10 04:52:15 CET 2026
#@# area and vertex vol rh Tue Mar 10 04:52:49 CET 2026
#@# Curvature Stats rh Tue Mar 10 04:52:51 CET 2026
#@# Cortical Parc 2 rh Tue Mar 10 04:52:54 CET 2026
#@# Cortical Parc 3 rh Tue Mar 10 04:53:09 CET 2026
#@# WM/GM Contrast rh Tue Mar 10 04:53:21 CET 2026
recon-all -s sub-v1s4x0050687_ses-1 finished without error at Tue Mar 10 04:53:24 CET 2026



#New# invocation of recon-all 



status file for recon-all
Tue Mar 10 05:03:25 CET 2026
#@# white curv rh Tue Mar 10 05:03:25 CET 2026
#@# white area rh Tue Mar 10 05:03:25 CET 2026
#@# pial curv rh Tue Mar 10 05:03:25 CET 2026
#@# pial area rh Tue Mar 10 05:03:25 CET 2026
#@# thickness rh Tue Mar 10 05:03:25 CET 2026
#@# area and vertex vol rh Tue Mar 10 05:03:25 CET 2026
#@# Parcellation Stats rh Tue Mar 10 05:03:25 CET 2026
#@# Parcellation Stats 2 rh Tue Mar 10 05:03:48 CET 2026
#@# Parcellation Stats 3 rh Tue Mar 10 05:04:00 CET 2026
#@# BA_exvivo Labels rh Tue Mar 10 05:04:12 CET 2026
recon-all -s sub-v1s4x0050687_ses-1 finished without error at Tue Mar 10 05:07:10 CET 2026
