/out/sourcedata/freesurfer/sub-v1s4x0050706_ses-1/mri
/opt/freesurfer/bin/talairach_avi
--i orig_nu.mgz --xfm transforms/talairach.auto.xfm
talairach_avi 7.3.2
Linux dna069 5.14.0-427.37.1.el9_4.x86_64 #1 SMP PREEMPT_DYNAMIC Fri Sep 13 12:41:50 EDT 2024 x86_64 x86_64 x86_64 GNU/Linux
Tue Mar 10 02:57:20 CET 2026
mri_convert orig_nu.mgz talsrcimg.img 
reading from orig_nu.mgz...
TR=0.00, TE=0.00, TI=0.00, flip angle=0.00
i_ras = (-1, -4.19095e-09, 0)
j_ras = (0, 1.86265e-09, -1)
k_ras = (-1.08266e-08, 1, -1.86265e-09)
writing to talsrcimg.img...
Analyze Output Matrix
-1.00000   0.00000  -0.00000   126.77071;
-0.00000   0.00000   1.00000  -119.26867;
 0.00000  -1.00000  -0.00000   142.17487;
 0.00000   0.00000   0.00000   1.00000;
--------------------
INFO: set hdr.hist.orient to -1
mpr2mni305 talsrcimg
Tue Mar 10 02:57:20 CET 2026
/opt/freesurfer/bin/mpr2mni305 talsrcimg
mpr2mni305 7.3.2
target=711-2C_as_mni_average_305

---------------------------------------------------------------------
analyzeto4dfp talsrcimg -O0 -y
---------------------------------------------------------------------

freesurfer ifh2hdr.c
Tue Mar 10 02:57:21 2026
Writing: talsrcimg.4dfp.hdr
freesurfer analyzeto4dfp.c
Reading: talsrcimg.hdr
header size 348 bytes
hdr.dime.datatype	offset=70	value=2
hdr.dime.bitpix		offset=72	value=8
hdr.hist.orient		offset=252	value=-1
dimensionality     4
dimensions       256       256       256         1
Reading: talsrcimg.img
Writing: talsrcimg.4dfp.img
Writing: talsrcimg.4dfp.ifh
ifh2hdr talsrcimg -r0to238
ori=2

---------------------------------------------------------------------
gauss_4dfp talsrcimg 1.1
---------------------------------------------------------------------

freesurfer gauss_4dfp.c
Reading: talsrcimg.4dfp.img
Writing: talsrcimg_g11.4dfp.img
image dimensions 256 256 256 padded to 288 288 288
processing volume 1freesurfer ifh2hdr.c
Tue Mar 10 02:57:22 2026
Writing: talsrcimg_g11.4dfp.hdr

Writing: talsrcimg_g11.4dfp.ifh
including: talsrcimg.4dfp.img.rec in talsrcimg_g11.4dfp.img.rec

---------------------------------------------------------------------
imgreg_4dfp /opt/freesurfer/average/711-2C_as_mni_average_305 none talsrcimg_g11 none talsrcimg_to_711-2C_as_mni_average_305_t4 4355
---------------------------------------------------------------------

freesurfer imgreg_4dfp.c
/opt/freesurfer/average/711-2C_as_mni_average_305.4dfp.img
       256       256       256         1
  1.000000  1.000000  1.000000
orientation T byte_order littleendian
Reading image: /opt/freesurfer/average/711-2C_as_mni_average_305.4dfp.img
dimensions:      256       256       256
mmppix:       1.0000   -1.0000   -1.0000
center:     128.0000 -129.0000 -129.0000
talsrcimg_g11.4dfp.img
       256       256       256         1
  1.000000  1.000000  1.000000
orientation T byte_order littleendian
Reading image: talsrcimg_g11.4dfp.img
dimensions:      256       256       256
mmppix:       1.0000   -1.0000   -1.0000
center:     128.0000 -129.0000 -129.0000
t4_read: open error in t4_sub.f l:  41 t4_file(1:l)talsrcimg_to_711-2C_as_mni_average_305_t4 
t4_read: transform initialized to I4
rotation matrix determinant  1.000000
image alignment mode   4355 decimal     1103 hex
   -7.5000  -45.0000  -45.0000 8785.2373   15.5322
    0.0000  -45.0000  -45.0000 9144.7578   15.5344
    7.5000  -45.0000  -45.0000 8749.6924   15.5262
   -7.5000  -37.5000  -45.0000 9225.3848   15.3994
    0.0000  -37.5000  -45.0000 9615.9922   15.4049
    7.5000  -37.5000  -45.0000 9220.3760   15.4009
   -7.5000  -30.0000  -45.000010090.9062   15.3074
    0.0000  -30.0000  -45.000010545.1963   15.3101
    7.5000  -30.0000  -45.000010106.5010   15.3109
   -7.5000  -22.5000  -45.000010939.7461   15.2629
    0.0000  -22.5000  -45.000011431.2988   15.2581
    7.5000  -22.5000  -45.000010941.4951   15.2581
   -7.5000  -15.0000  -45.000011486.7744   15.2943
    0.0000  -15.0000  -45.000012001.0176   15.2859
    7.5000  -15.0000  -45.000011463.8848   15.2816
   -7.5000   -7.5000  -45.000011903.1514   15.3802
    0.0000   -7.5000  -45.000012445.8877   15.3762
    7.5000   -7.5000  -45.000011856.9688   15.3681
   -7.5000    0.0000  -45.000012139.7891   15.4268
    0.0000    0.0000  -45.000012699.3223   15.4294
    7.5000    0.0000  -45.000012070.2783   15.4209
   -7.5000    7.5000  -45.000011376.1406   15.3847
    0.0000    7.5000  -45.000011922.0410   15.3903
    7.5000    7.5000  -45.000011367.2236   15.3865
   -7.5000   15.0000  -45.000010589.4678   15.3065
    0.0000   15.0000  -45.000011107.8154   15.3093
    7.5000   15.0000  -45.000010614.8662   15.3100
   -7.5000   22.5000  -45.0000 9791.1914   15.2608
    0.0000   22.5000  -45.000010297.6475   15.2560
    7.5000   22.5000  -45.0000 9816.3916   15.2560
   -7.5000   30.0000  -45.0000 9103.9277   15.4259
    0.0000   30.0000  -45.0000 9589.8623   15.4190
    7.5000   30.0000  -45.0000 9131.6943   15.4132
   -7.5000   37.5000  -45.0000 8762.5889   15.9041
    0.0000   37.5000  -45.0000 9246.0312   15.8957
    7.5000   37.5000  -45.0000 8813.8486   15.8842
   -7.5000   45.0000  -45.0000 8109.6016   15.9793
    0.0000   45.0000  -45.0000 8572.1504   15.9794
    7.5000   45.0000  -45.0000 8153.6724   15.9720
   -7.5000  -45.0000  -37.5000 9297.7344   15.4517
    0.0000  -45.0000  -37.5000 9720.6006   15.4538
    7.5000  -45.0000  -37.5000 9324.7139   15.4521
   -7.5000  -37.5000  -37.5000 9805.1836   15.3204
    0.0000  -37.5000  -37.500010266.9395   15.3263
    7.5000  -37.5000  -37.5000 9833.8701   15.3284
   -7.5000  -30.0000  -37.500010761.3809   15.2345
    0.0000  -30.0000  -37.500011300.0107   15.2364
    7.5000  -30.0000  -37.500010809.4697   15.2417
   -7.5000  -22.5000  -37.500011649.3320   15.1960
    0.0000  -22.5000  -37.500012202.6201   15.1893
    7.5000  -22.5000  -37.500011655.5479   15.1932
   -7.5000  -15.0000  -37.500012216.3506   15.2279
    0.0000  -15.0000  -37.500012799.9346   15.2171
    7.5000  -15.0000  -37.500012198.9932   15.2171
   -7.5000   -7.5000  -37.500012659.1133   15.3073
    0.0000   -7.5000  -37.500013242.7539   15.3019
    7.5000   -7.5000  -37.500012614.8105   15.2992
   -7.5000    0.0000  -37.500012886.4307   15.3476
    0.0000    0.0000  -37.500013479.6816   15.3502
    7.5000    0.0000  -37.500012837.2910   15.3483
   -7.5000    7.5000  -37.500012091.0850   15.3059
    0.0000    7.5000  -37.500012680.7891   15.3119
    7.5000    7.5000  -37.500012124.0146   15.3141
   -7.5000   15.0000  -37.500011250.8506   15.2336
    0.0000   15.0000  -37.500011817.3643   15.2356
    7.5000   15.0000  -37.500011281.4316   15.2409
   -7.5000   22.5000  -37.500010389.5977   15.1939
    0.0000   22.5000  -37.500010922.4893   15.1872
    7.5000   22.5000  -37.500010413.2031   15.1911
   -7.5000   30.0000  -37.5000 9676.8350   15.3549
    0.0000   30.0000  -37.500010160.1504   15.3456
    7.5000   30.0000  -37.5000 9674.9922   15.3441
   -7.5000   37.5000  -37.5000 9324.7520   15.8241
    0.0000   37.5000  -37.5000 9811.3135   15.8144
    7.5000   37.5000  -37.5000 9345.7539   15.8058
   -7.5000   45.0000  -37.5000 8573.5391   15.8896
    0.0000   45.0000  -37.5000 9043.0693   15.8891
    7.5000   45.0000  -37.5000 8629.2158   15.8840
   -7.5000  -45.0000  -30.0000 9943.4434   16.0753
    0.0000  -45.0000  -30.000010410.6436   16.0705
    7.5000  -45.0000  -30.0000 9997.5215   16.0703
   -7.5000  -37.5000  -30.000010522.0898   15.9381
    0.0000  -37.5000  -30.000011034.5889   15.9346
    7.5000  -37.5000  -30.000010574.0596   15.9336
   -7.5000  -30.0000  -30.000011589.0361   15.8506
    0.0000  -30.0000  -30.000012169.2471   15.8426
    7.5000  -30.0000  -30.000011618.2393   15.8428
   -7.5000  -22.5000  -30.000012513.9209   15.8141
    0.0000  -22.5000  -30.000013094.0371   15.7997
    7.5000  -22.5000  -30.000012494.5771   15.8019
   -7.5000  -15.0000  -30.000013090.9570   15.8486
    0.0000  -15.0000  -30.000013717.8301   15.8328
    7.5000  -15.0000  -30.000013080.8848   15.8358
   -7.5000   -7.5000  -30.000013567.0439   15.9287
    0.0000   -7.5000  -30.000014200.0537   15.9183
    7.5000   -7.5000  -30.000013522.4883   15.9200
   -7.5000    0.0000  -30.000013804.2021   15.9674
    0.0000    0.0000  -30.000014471.5088   15.9632
    7.5000    0.0000  -30.000013804.7031   15.9627
   -7.5000    7.5000  -30.000013018.6846   15.9232
    0.0000    7.5000  -30.000013677.2900   15.9198
    7.5000    7.5000  -30.000013034.8691   15.9188
   -7.5000   15.0000  -30.000012091.4033   15.8497
    0.0000   15.0000  -30.000012705.1338   15.8417
    7.5000   15.0000  -30.000012113.7236   15.8419
   -7.5000   22.5000  -30.000011146.4385   15.8103
    0.0000   22.5000  -30.000011700.1094   15.7959
    7.5000   22.5000  -30.000011161.0049   15.7981
   -7.5000   30.0000  -30.000010351.9590   15.9802
    0.0000   30.0000  -30.000010871.1006   15.9658
    7.5000   30.0000  -30.000010362.3223   15.9681
   -7.5000   37.5000  -30.0000 9973.4941   16.4644
    0.0000   37.5000  -30.000010485.8389   16.4512
    7.5000   37.5000  -30.000010020.7988   16.4461
   -7.5000   45.0000  -30.0000 9152.3564   16.5391
    0.0000   45.0000  -30.0000 9653.9170   16.5320
    7.5000   45.0000  -30.0000 9228.8574   16.5260
   -7.5000  -45.0000  -22.500010598.1670   16.6416
    0.0000  -45.0000  -22.500011083.5078   16.6297
    7.5000  -45.0000  -22.500010648.2754   16.6246
   -7.5000  -37.5000  -22.500011229.3623   16.4982
    0.0000  -37.5000  -22.500011762.3896   16.4838
    7.5000  -37.5000  -22.500011275.7500   16.4725
   -7.5000  -30.0000  -22.500012382.3496   16.4007
    0.0000  -30.0000  -22.500012947.5127   16.3825
    7.5000  -30.0000  -22.500012369.6875   16.3717
   -7.5000  -22.5000  -22.500013353.3115   16.3570
    0.0000  -22.5000  -22.500013914.1074   16.3371
    7.5000  -22.5000  -22.500013267.2197   16.3329
   -7.5000  -15.0000  -22.500013987.1709   16.3927
    0.0000  -15.0000  -22.500014587.3369   16.3753
    7.5000  -15.0000  -22.500013882.7236   16.3775
   -7.5000   -7.5000  -22.500014487.8984   16.4826
    0.0000   -7.5000  -22.500015112.2725   16.4697
    7.5000   -7.5000  -22.500014395.5400   16.4710
   -7.5000    0.0000  -22.500014778.6592   16.5297
    0.0000    0.0000  -22.500015448.8984   16.5183
    7.5000    0.0000  -22.500014695.0166   16.5127
   -7.5000    7.5000  -22.500013931.2979   16.4827
    0.0000    7.5000  -22.500014616.3037   16.4685
    7.5000    7.5000  -22.500013880.7168   16.4572
   -7.5000   15.0000  -22.500012945.3145   16.3998
    0.0000   15.0000  -22.500013607.4414   16.3815
    7.5000   15.0000  -22.500012950.9697   16.3707
   -7.5000   22.5000  -22.500011943.2725   16.3520
    0.0000   22.5000  -22.500012539.9199   16.3320
    7.5000   22.5000  -22.500011942.2480   16.3279
   -7.5000   30.0000  -22.500011059.5176   16.5330
    0.0000   30.0000  -22.500011590.5518   16.5169
    7.5000   30.0000  -22.500011054.2363   16.5190
   -7.5000   37.5000  -22.500010611.7852   17.0387
    0.0000   37.5000  -22.500011160.4385   17.0245
    7.5000   37.5000  -22.500010670.7666   17.0216
   -7.5000   45.0000  -22.5000 9759.4150   17.1350
    0.0000   45.0000  -22.500010285.2705   17.1221
    7.5000   45.0000  -22.5000 9841.4238   17.1133
   -7.5000  -45.0000  -15.000011224.5127   17.0688
    0.0000  -45.0000  -15.000011714.2930   17.0558
    7.5000  -45.0000  -15.000011247.6729   17.0445
   -7.5000  -37.5000  -15.000011868.0176   16.9218
    0.0000  -37.5000  -15.000012412.4453   16.9052
    7.5000  -37.5000  -15.000011908.5410   16.8867
   -7.5000  -30.0000  -15.000013088.3096   16.8137
    0.0000  -30.0000  -15.000013668.7637   16.7945
    7.5000  -30.0000  -15.000013076.4131   16.7777
   -7.5000  -22.5000  -15.000014102.8154   16.7595
    0.0000  -22.5000  -15.000014692.7451   16.7410
    7.5000  -22.5000  -15.000014003.9697   16.7325
   -7.5000  -15.0000  -15.000014792.9141   16.7941
    0.0000  -15.0000  -15.000015450.1484   16.7793
    7.5000  -15.0000  -15.000014693.4648   16.7783
   -7.5000   -7.5000  -15.000015337.9346   16.8950
    0.0000   -7.5000  -15.000016048.8779   16.8836
    7.5000   -7.5000  -15.000015271.3096   16.8810
   -7.5000    0.0000  -15.000015650.5645   16.9535
    0.0000    0.0000  -15.000016391.6465   16.9410
    7.5000    0.0000  -15.000015591.3447   16.9291
   -7.5000    7.5000  -15.000014727.3965   16.9060
    0.0000    7.5000  -15.000015480.3584   16.8894
    7.5000    7.5000  -15.000014688.9629   16.8709
   -7.5000   15.0000  -15.000013727.6992   16.8127
    0.0000   15.0000  -15.000014472.1416   16.7936
    7.5000   15.0000  -15.000013735.6670   16.7767
   -7.5000   22.5000  -15.000012689.6719   16.7535
    0.0000   22.5000  -15.000013370.6328   16.7351
    7.5000   22.5000  -15.000012706.3682   16.7265
   -7.5000   30.0000  -15.000011728.8340   16.9431
    0.0000   30.0000  -15.000012354.7217   16.9298
    7.5000   30.0000  -15.000011741.6787   16.9287
   -7.5000   37.5000  -15.000011245.3213   17.4693
    0.0000   37.5000  -15.000011862.0771   17.4567
    7.5000   37.5000  -15.000011293.7959   17.4530
   -7.5000   45.0000  -15.000010349.2393   17.5883
    0.0000   45.0000  -15.000010906.5967   17.5753
    7.5000   45.0000  -15.000010407.9219   17.5649
   -7.5000  -45.0000   -7.500011863.0176   17.2824
    0.0000  -45.0000   -7.500012332.0986   17.2762
    7.5000  -45.0000   -7.500011855.1631   17.2630
   -7.5000  -37.5000   -7.500012553.6729   17.1347
    0.0000  -37.5000   -7.500013083.9365   17.1282
    7.5000  -37.5000   -7.500012566.7578   17.1137
   -7.5000  -30.0000   -7.500013824.7939   17.0242
    0.0000  -30.0000   -7.500014430.0010   17.0159
    7.5000  -30.0000   -7.500013844.2725   17.0055
   -7.5000  -22.5000   -7.500014794.4639   16.9665
    0.0000  -22.5000   -7.500015475.1758   16.9554
    7.5000  -22.5000   -7.500014816.0566   16.9492
   -7.5000  -15.0000   -7.500015536.3516   17.0002
    0.0000  -15.0000   -7.500016273.3682   16.9890
    7.5000  -15.0000   -7.500015541.5693   16.9844
   -7.5000   -7.5000   -7.500016144.3701   17.1040
    0.0000   -7.5000   -7.500016978.3633   17.0963
    7.5000   -7.5000   -7.500016139.7627   17.0882
   -7.5000    0.0000   -7.500016465.9434   17.1655
    0.0000    0.0000   -7.500017402.5078   17.1596
    7.5000    0.0000   -7.500016537.8828   17.1460
   -7.5000    7.5000   -7.500015486.8613   17.1185
    0.0000    7.5000   -7.500016392.6367   17.1121
    7.5000    7.5000   -7.500015591.3350   17.0977
   -7.5000   15.0000   -7.500014467.2393   17.0232
    0.0000   15.0000   -7.500015313.3516   17.0149
    7.5000   15.0000   -7.500014559.7705   17.0045
   -7.5000   22.5000   -7.500013400.4385   16.9587
    0.0000   22.5000   -7.500014148.3242   16.9476
    7.5000   22.5000   -7.500013459.7764   16.9414
   -7.5000   30.0000   -7.500012425.0381   17.1518
    0.0000   30.0000   -7.500013081.2490   17.1424
    7.5000   30.0000   -7.500012431.5859   17.1370
   -7.5000   37.5000   -7.500011927.6289   17.6878
    0.0000   37.5000   -7.500012562.4941   17.6771
    7.5000   37.5000   -7.500011925.0361   17.6680
   -7.5000   45.0000   -7.500010979.8477   17.8145
    0.0000   45.0000   -7.500011564.7451   17.8075
    7.5000   45.0000   -7.500010991.8682   17.7974
   -7.5000  -45.0000    0.000012379.0791   17.3066
    0.0000  -45.0000    0.000012874.6416   17.3089
    7.5000  -45.0000    0.000012385.2900   17.3000
   -7.5000  -37.5000    0.000013087.3252   17.1587
    0.0000  -37.5000    0.000013656.6797   17.1647
    7.5000  -37.5000    0.000013139.8877   17.1606
   -7.5000  -30.0000    0.000014387.2354   17.0543
    0.0000  -30.0000    0.000015048.4902   17.0575
    7.5000  -30.0000    0.000014488.7549   17.0585
   -7.5000  -22.5000    0.000015354.0488   17.0028
    0.0000  -22.5000    0.000016089.4961   16.9977
    7.5000  -22.5000    0.000015494.2080   16.9979
   -7.5000  -15.0000    0.000016113.5488   17.0377
    0.0000  -15.0000    0.000016889.1270   17.0284
    7.5000  -15.0000    0.000016230.6221   17.0238
   -7.5000   -7.5000    0.000016808.4863   17.1355
    0.0000   -7.5000    0.000017712.4805   17.1310
    7.5000   -7.5000    0.000016873.6914   17.1223
   -7.5000    0.0000    0.000017233.9277   17.1896
    0.0000    0.0000    0.000018312.9922   17.1923
    7.5000    0.0000    0.000017387.2344   17.1832
   -7.5000    7.5000    0.000016285.5840   17.1424
    0.0000    7.5000    0.000017321.1816   17.1486
    7.5000    7.5000    0.000016437.8008   17.1446
   -7.5000   15.0000    0.000015205.6992   17.0533
    0.0000   15.0000    0.000016152.0254   17.0565
    7.5000   15.0000    0.000015368.4141   17.0575
   -7.5000   22.5000    0.000014069.6748   16.9950
    0.0000   22.5000    0.000014886.7236   16.9899
    7.5000   22.5000    0.000014181.3711   16.9900
   -7.5000   30.0000    0.000013017.4150   17.1892
    0.0000   30.0000    0.000013745.6318   17.1817
    7.5000   30.0000    0.000013036.5156   17.1755
   -7.5000   37.5000    0.000012509.7793   17.7224
    0.0000   37.5000    0.000013215.9238   17.7131
    7.5000   37.5000    0.000012485.9727   17.7006
   -7.5000   45.0000    0.000011536.5742   17.8413
    0.0000   45.0000    0.000012175.7578   17.8413
    7.5000   45.0000    0.000011490.1270   17.8334
   -7.5000  -45.0000    7.500011907.7305   17.2787
    0.0000  -45.0000    7.500012420.2998   17.2812
    7.5000  -45.0000    7.500011954.0225   17.2793
   -7.5000  -37.5000    7.500012600.1855   17.1316
    0.0000  -37.5000    7.500013158.0840   17.1382
    7.5000  -37.5000    7.500012742.9482   17.1406
   -7.5000  -30.0000    7.500013877.3164   17.0355
    0.0000  -30.0000    7.500014520.3730   17.0378
    7.5000  -30.0000    7.500014069.7441   17.0437
   -7.5000  -22.5000    7.500014787.9453   16.9930
    0.0000  -22.5000    7.500015469.0264   16.9856
    7.5000  -22.5000    7.500015021.4014   16.9900
   -7.5000  -15.0000    7.500015506.6387   17.0292
    0.0000  -15.0000    7.500016256.5381   17.0172
    7.5000  -15.0000    7.500015758.6064   17.0172
   -7.5000   -7.5000    7.500016198.9492   17.1179
    0.0000   -7.5000    7.500017132.4023   17.1119
    7.5000   -7.5000    7.500016426.9902   17.1089
   -7.5000    0.0000    7.500016777.3691   17.1625
    0.0000    0.0000    7.500017929.4766   17.1654
    7.5000    0.0000    7.500017002.0625   17.1633
   -7.5000    7.5000    7.500016038.0078   17.1154
    0.0000    7.5000    7.500017117.3008   17.1221
    7.5000    7.5000    7.500016151.2539   17.1247
   -7.5000   15.0000    7.500015046.3818   17.0345
    0.0000   15.0000    7.500016001.8721   17.0368
    7.5000   15.0000    7.500015105.4424   17.0428
   -7.5000   22.5000    7.500013838.3652   16.9852
    0.0000   22.5000    7.500014665.4570   16.9778
    7.5000   22.5000    7.500013882.4482   16.9821
   -7.5000   30.0000    7.500012671.2324   17.1777
    0.0000   30.0000    7.500013395.3760   17.1673
    7.5000   30.0000    7.500012696.6641   17.1657
   -7.5000   37.5000    7.500012132.4541   17.7022
    0.0000   37.5000    7.500012800.1572   17.6914
    7.5000   37.5000    7.500012138.2744   17.6817
   -7.5000   45.0000    7.500011137.7412   17.8094
    0.0000   45.0000    7.500011772.0459   17.8089
    7.5000   45.0000    7.500011187.9375   17.8033
   -7.5000  -45.0000   15.000011335.6748   17.2618
    0.0000  -45.0000   15.000011877.4336   17.2566
    7.5000  -45.0000   15.000011480.7275   17.2564
   -7.5000  -37.5000   15.000012029.3184   17.1145
    0.0000  -37.5000   15.000012599.0352   17.1107
    7.5000  -37.5000   15.000012229.0137   17.1096
   -7.5000  -30.0000   15.000013296.9355   17.0206
    0.0000  -30.0000   15.000013930.7812   17.0119
    7.5000  -30.0000   15.000013518.5039   17.0121
   -7.5000  -22.5000   15.000014158.6270   16.9814
    0.0000  -22.5000   15.000014837.9785   16.9659
    7.5000  -22.5000   15.000014395.7090   16.9682
   -7.5000  -15.0000   15.000014877.9785   17.0184
    0.0000  -15.0000   15.000015627.5088   17.0014
    7.5000  -15.0000   15.000015123.6895   17.0046
   -7.5000   -7.5000   15.000015545.7852   17.1043
    0.0000   -7.5000   15.000016427.2695   17.0932
    7.5000   -7.5000   15.000015780.0166   17.0950
   -7.5000    0.0000   15.000016049.7480   17.1460
    0.0000    0.0000   15.000017029.4629   17.1414
    7.5000    0.0000   15.000016240.0625   17.1408
   -7.5000    7.5000   15.000015311.0684   17.0984
    0.0000    7.5000   15.000016157.1924   17.0948
    7.5000    7.5000   15.000015346.8828   17.0938
   -7.5000   15.0000   15.000014348.9795   17.0196
    0.0000   15.0000   15.000015132.3428   17.0110
    7.5000   15.0000   15.000014381.0977   17.0112
   -7.5000   22.5000   15.000013183.0156   16.9735
    0.0000   22.5000   15.000013931.8984   16.9581
    7.5000   22.5000   15.000013272.3848   16.9604
   -7.5000   30.0000   15.000012054.1094   17.1647
    0.0000   30.0000   15.000012739.8799   17.1492
    7.5000   30.0000   15.000012140.7695   17.1517
   -7.5000   37.5000   15.000011516.5420   17.6848
    0.0000   37.5000   15.000012154.4404   17.6706
    7.5000   37.5000   15.000011605.7363   17.6651
   -7.5000   45.0000   15.000010569.4648   17.7886
    0.0000   45.0000   15.000011178.1279   17.7809
    7.5000   45.0000   15.000010683.7686   17.7744
   -7.5000  -45.0000   22.500010769.5098   17.2755
    0.0000  -45.0000   22.500011304.8145   17.2630
    7.5000  -45.0000   22.500010918.7031   17.2577
   -7.5000  -37.5000   22.500011490.4365   17.1265
    0.0000  -37.5000   22.500012034.7529   17.1116
    7.5000  -37.5000   22.500011604.0811   17.0999
   -7.5000  -30.0000   22.500012718.3154   17.0254
    0.0000  -30.0000   22.500013309.3379   17.0064
    7.5000  -30.0000   22.500012814.1182   16.9952
   -7.5000  -22.5000   22.500013504.2002   16.9800
    0.0000  -22.5000   22.500014063.5020   16.9593
    7.5000  -22.5000   22.500013582.2803   16.9550
   -7.5000  -15.0000   22.500014136.5391   17.0170
    0.0000  -15.0000   22.500014762.1416   16.9990
    7.5000  -15.0000   22.500014250.7588   17.0013
   -7.5000   -7.5000   22.500014694.5693   17.1104
    0.0000   -7.5000   22.500015395.8945   17.0970
    7.5000   -7.5000   22.500014825.0889   17.0983
   -7.5000    0.0000   22.500015089.5557   17.1592
    0.0000    0.0000   22.500015783.0840   17.1474
    7.5000    0.0000   22.500015142.2080   17.1416
   -7.5000    7.5000   22.500014292.5420   17.1105
    0.0000    7.5000   22.500014929.3896   17.0957
    7.5000    7.5000   22.500014288.0400   17.0839
   -7.5000   15.0000   22.500013385.0166   17.0244
    0.0000   15.0000   22.500014005.1514   17.0054
    7.5000   15.0000   22.500013431.4385   16.9942
   -7.5000   22.5000   22.500012360.9453   16.9721
    0.0000   22.5000   22.500012963.0479   16.9515
    7.5000   22.5000   22.500012446.9277   16.9471
   -7.5000   30.0000   22.500011375.5127   17.1651
    0.0000   30.0000   22.500011923.7783   17.1484
    7.5000   30.0000   22.500011459.0547   17.1506
   -7.5000   37.5000   22.500010902.4258   17.6901
    0.0000   37.5000   22.500011423.6562   17.6754
    7.5000   37.5000   22.500010986.9971   17.6724
   -7.5000   45.0000   22.500010031.1299   17.8030
    0.0000   45.0000   22.500010551.7549   17.7896
    7.5000   45.0000   22.500010133.2549   17.7805
   -7.5000  -45.0000   30.000010151.3584   17.3471
    0.0000  -45.0000   30.000010622.1895   17.3339
    7.5000  -45.0000   30.000010215.5352   17.3224
   -7.5000  -37.5000   30.000010823.6191   17.1974
    0.0000  -37.5000   30.000011273.2656   17.1805
    7.5000  -37.5000   30.000010831.9082   17.1617
   -7.5000  -30.0000   30.000011938.0156   17.0871
    0.0000  -30.0000   30.000012410.5146   17.0678
    7.5000  -30.0000   30.000011935.0137   17.0507
   -7.5000  -22.5000   30.000012593.0488   17.0318
    0.0000  -22.5000   30.000013094.8066   17.0132
    7.5000  -22.5000   30.000012620.0986   17.0045
   -7.5000  -15.0000   30.000013171.9727   17.0671
    0.0000  -15.0000   30.000013732.3994   17.0521
    7.5000  -15.0000   30.000013240.0566   17.0511
   -7.5000   -7.5000   30.000013678.3223   17.1700
    0.0000   -7.5000   30.000014262.7451   17.1584
    7.5000   -7.5000   30.000013739.9014   17.1558
   -7.5000    0.0000   30.000014006.6455   17.2296
    0.0000    0.0000   30.000014578.8311   17.2169
    7.5000    0.0000   30.000014004.4961   17.2049
   -7.5000    7.5000   30.000013200.6201   17.1812
    0.0000    7.5000   30.000013769.5908   17.1644
    7.5000    7.5000   30.000013224.8389   17.1456
   -7.5000   15.0000   30.000012348.0078   17.0861
    0.0000   15.0000   30.000012909.2930   17.0668
    7.5000   15.0000   30.000012400.6211   17.0497
   -7.5000   22.5000   30.000011424.5830   17.0240
    0.0000   22.5000   30.000011977.0195   17.0053
    7.5000   22.5000   30.000011504.8438   16.9966
   -7.5000   30.0000   30.000010578.1475   17.2194
    0.0000   30.0000   30.000011053.9004   17.2059
    7.5000   30.0000   30.000010614.9941   17.2049
   -7.5000   37.5000   30.000010177.7334   17.7557
    0.0000   37.5000   30.000010614.2148   17.7430
    7.5000   37.5000   30.000010217.1094   17.7392
   -7.5000   45.0000   30.0000 9379.2383   17.8829
    0.0000   45.0000   30.0000 9815.5205   17.8698
    7.5000   45.0000   30.0000 9447.5146   17.8592
   -7.5000  -45.0000   37.5000 9816.6553   17.5000
    0.0000  -45.0000   37.500010258.8447   17.4938
    7.5000  -45.0000   37.5000 9849.9756   17.4802
   -7.5000  -37.5000   37.500010456.1992   17.3498
    0.0000  -37.5000   37.500010893.7148   17.3430
    7.5000  -37.5000   37.500010451.4014   17.3280
   -7.5000  -30.0000   37.500011517.0352   17.2374
    0.0000  -30.0000   37.500011990.1377   17.2285
    7.5000  -30.0000   37.500011535.7275   17.2177
   -7.5000  -22.5000   37.500012129.1631   17.1782
    0.0000  -22.5000   37.500012609.0166   17.1661
    7.5000  -22.5000   37.500012180.8076   17.1598
   -7.5000  -15.0000   37.500012668.4941   17.2117
    0.0000  -15.0000   37.500013201.6465   17.1999
    7.5000  -15.0000   37.500012732.4707   17.1951
   -7.5000   -7.5000   37.500013146.3770   17.3172
    0.0000   -7.5000   37.500013704.7822   17.3093
    7.5000   -7.5000   37.500013193.1387   17.3011
   -7.5000    0.0000   37.500013457.6104   17.3803
    0.0000    0.0000   37.500013989.9590   17.3745
    7.5000    0.0000   37.500013468.4121   17.3605
   -7.5000    7.5000   37.500012674.9932   17.3332
    0.0000    7.5000   37.500013194.4863   17.3266
    7.5000    7.5000   37.500012699.8457   17.3117
   -7.5000   15.0000   37.500011810.2754   17.2364
    0.0000   15.0000   37.500012313.0732   17.2274
    7.5000   15.0000   37.500011876.1318   17.2167
   -7.5000   22.5000   37.500010931.4922   17.1702
    0.0000   22.5000   37.500011410.3408   17.1582
    7.5000   22.5000   37.500011002.1484   17.1519
   -7.5000   30.0000   37.500010153.3740   17.3697
    0.0000   30.0000   37.500010589.3896   17.3596
    7.5000   30.0000   37.500010176.3828   17.3541
   -7.5000   37.5000   37.5000 9782.1416   17.9177
    0.0000   37.5000   37.500010233.4766   17.9067
    7.5000   37.5000   37.5000 9834.9199   17.8974
   -7.5000   45.0000   37.5000 9053.2588   18.0533
    0.0000   45.0000   37.5000 9481.6699   18.0464
    7.5000   45.0000   37.5000 9106.9521   18.0359
   -7.5000  -45.0000   45.0000 9080.0703   17.6736
    0.0000  -45.0000   45.0000 9473.5918   17.6747
    7.5000  -45.0000   45.0000 9083.5957   17.6649
   -7.5000  -37.5000   45.0000 9647.5547   17.5191
    0.0000  -37.5000   45.000010063.6182   17.5231
    7.5000  -37.5000   45.0000 9657.8379   17.5180
   -7.5000  -30.0000   45.000010629.3633   17.4112
    0.0000  -30.0000   45.000011090.7451   17.4112
    7.5000  -30.0000   45.000010661.2451   17.4108
   -7.5000  -22.5000   45.000011185.1768   17.3583
    0.0000  -22.5000   45.000011661.4346   17.3497
    7.5000  -22.5000   45.000011241.6201   17.3479
   -7.5000  -15.0000   45.000011642.4600   17.3944
    0.0000  -15.0000   45.000012159.5059   17.3824
    7.5000  -15.0000   45.000011705.5342   17.3758
   -7.5000   -7.5000   45.000012060.9600   17.4953
    0.0000   -7.5000   45.000012581.9912   17.4892
    7.5000   -7.5000   45.000012109.7227   17.4789
   -7.5000    0.0000   45.000012290.1670   17.5509
    0.0000    0.0000   45.000012827.2305   17.5524
    7.5000    0.0000   45.000012353.7070   17.5423
   -7.5000    7.5000   45.000011585.5820   17.5021
    0.0000    7.5000   45.000012090.5645   17.5062
    7.5000    7.5000   45.000011636.4707   17.5012
   -7.5000   15.0000   45.000010795.7393   17.4102
    0.0000   15.0000   45.000011271.4463   17.4102
    7.5000   15.0000   45.000010851.3926   17.4098
   -7.5000   22.5000   45.0000 9990.5303   17.3502
    0.0000   22.5000   45.000010434.4912   17.3417
    7.5000   22.5000   45.000010049.4062   17.3398
   -7.5000   30.0000   45.0000 9297.7480   17.5584
    0.0000   30.0000   45.0000 9702.3438   17.5481
    7.5000   30.0000   45.0000 9339.5449   17.5396
   -7.5000   37.5000   45.0000 8988.6006   18.1170
    0.0000   37.5000   45.0000 9404.3447   18.1056
    7.5000   37.5000   45.0000 9031.7334   18.0913
   -7.5000   45.0000   45.0000 8329.7256   18.2634
    0.0000   45.0000   45.0000 8733.9131   18.2620
    7.5000   45.0000   45.0000 8369.7754   18.2530

---------------------------------------------------------------------
imgreg_4dfp /opt/freesurfer/average/711-2C_as_mni_average_305 /opt/freesurfer/average/711-2B_as_mni_average_305_mask talsrcimg_g11 none talsrcimg_to_711-2C_as_mni_average_305_t4 4355
---------------------------------------------------------------------

freesurfer imgreg_4dfp.c
/opt/freesurfer/average/711-2C_as_mni_average_305.4dfp.img
       256       256       256         1
  1.000000  1.000000  1.000000
orientation T byte_order littleendian
Reading image: /opt/freesurfer/average/711-2C_as_mni_average_305.4dfp.img
dimensions:      256       256       256
mmppix:       1.0000   -1.0000   -1.0000
center:     128.0000 -129.0000 -129.0000
/opt/freesurfer/average/711-2B_as_mni_average_305_mask.4dfp.img
       256       256       256         1
  1.000000  1.000000  1.000000
orientation T byte_order littleendian
Reading mask: /opt/freesurfer/average/711-2B_as_mni_average_305_mask.4dfp.img (2306576 pixels)
talsrcimg_g11.4dfp.img
       256       256       256         1
  1.000000  1.000000  1.000000
orientation T byte_order littleendian
Reading image: talsrcimg_g11.4dfp.img
dimensions:      256       256       256
mmppix:       1.0000   -1.0000   -1.0000
center:     128.0000 -129.0000 -129.0000
rotation matrix determinant  1.000000
image alignment mode   4355 decimal     1103 hex
   -7.5000  -45.0000  -45.0000 2204.0181   19.7265
    0.0000  -45.0000  -45.0000 2201.5225   19.6343
    7.5000  -45.0000  -45.0000 2176.5608   19.8117
   -7.5000  -37.5000  -45.0000 2220.0815   19.2217
    0.0000  -37.5000  -45.0000 2222.4751   19.1180
    7.5000  -37.5000  -45.0000 2201.5969   19.3397
   -7.5000  -30.0000  -45.0000 2249.9919   18.8337
    0.0000  -30.0000  -45.0000 2256.1943   18.7517
    7.5000  -30.0000  -45.0000 2228.6726   18.9053
   -7.5000  -22.5000  -45.0000 2279.0144   18.5320
    0.0000  -22.5000  -45.0000 2287.3928   18.3991
    7.5000  -22.5000  -45.0000 2266.6726   18.5668
   -7.5000  -15.0000  -45.0000 2304.7288   18.2874
    0.0000  -15.0000  -45.0000 2310.6914   18.1557
    7.5000  -15.0000  -45.0000 2286.5732   18.3311
   -7.5000   -7.5000  -45.0000 2314.4673   18.1560
    0.0000   -7.5000  -45.0000 2320.4753   18.0383
    7.5000   -7.5000  -45.0000 2292.4509   18.1610
   -7.5000    0.0000  -45.0000 2309.7166   18.1680
    0.0000    0.0000  -45.0000 2317.0791   18.0293
    7.5000    0.0000  -45.0000 2286.6138   18.1125
   -7.5000    7.5000  -45.0000 2293.7097   18.2765
    0.0000    7.5000  -45.0000 2305.2495   18.1422
    7.5000    7.5000  -45.0000 2282.5149   18.2660
   -7.5000   15.0000  -45.0000 2275.4287   18.6067
    0.0000   15.0000  -45.0000 2287.2351   18.4664
    7.5000   15.0000  -45.0000 2268.6926   18.6441
   -7.5000   22.5000  -45.0000 2247.0979   19.2015
    0.0000   22.5000  -45.0000 2264.7717   19.0861
    7.5000   22.5000  -45.0000 2243.8528   19.2461
   -7.5000   30.0000  -45.0000 2193.1174   20.2113
    0.0000   30.0000  -45.0000 2214.2681   20.0519
    7.5000   30.0000  -45.0000 2197.0872   20.1865
   -7.5000   37.5000  -45.0000 2121.4341   21.6279
    0.0000   37.5000  -45.0000 2142.5532   21.4464
    7.5000   37.5000  -45.0000 2129.5239   21.5222
   -7.5000   45.0000  -45.0000 2032.4052   23.5390
    0.0000   45.0000  -45.0000 2057.3789   23.3552
    7.5000   45.0000  -45.0000 2038.8229   23.4196
   -7.5000  -45.0000  -37.5000 2289.1768   18.0021
    0.0000  -45.0000  -37.5000 2295.6096   18.0165
    7.5000  -45.0000  -37.5000 2281.4236   18.2234
   -7.5000  -37.5000  -37.5000 2320.1006   17.5366
    0.0000  -37.5000  -37.5000 2323.9463   17.5002
    7.5000  -37.5000  -37.5000 2301.9377   17.6737
   -7.5000  -30.0000  -37.5000 2353.2949   17.2039
    0.0000  -30.0000  -37.5000 2362.8176   17.1201
    7.5000  -30.0000  -37.5000 2334.9412   17.2694
   -7.5000  -22.5000  -37.5000 2386.5312   16.9624
    0.0000  -22.5000  -37.5000 2398.2192   16.8506
    7.5000  -22.5000  -37.5000 2370.3074   16.9388
   -7.5000  -15.0000  -37.5000 2406.9277   16.7530
    0.0000  -15.0000  -37.5000 2421.6096   16.6098
    7.5000  -15.0000  -37.5000 2391.1011   16.7154
   -7.5000   -7.5000  -37.5000 2420.5605   16.6423
    0.0000   -7.5000  -37.5000 2425.8477   16.4940
    7.5000   -7.5000  -37.5000 2400.1340   16.5558
   -7.5000    0.0000  -37.5000 2411.3892   16.6494
    0.0000    0.0000  -37.5000 2420.3372   16.4868
    7.5000    0.0000  -37.5000 2393.7668   16.6014
   -7.5000    7.5000  -37.5000 2394.9285   16.8547
    0.0000    7.5000  -37.5000 2412.4893   16.6705
    7.5000    7.5000  -37.5000 2396.2078   16.7596
   -7.5000   15.0000  -37.5000 2375.4082   17.1468
    0.0000   15.0000  -37.5000 2398.0505   16.9971
    7.5000   15.0000  -37.5000 2381.5828   17.0876
   -7.5000   22.5000  -37.5000 2347.7314   17.6888
    0.0000   22.5000  -37.5000 2369.6018   17.5771
    7.5000   22.5000  -37.5000 2348.0078   17.6775
   -7.5000   30.0000  -37.5000 2293.6753   18.6300
    0.0000   30.0000  -37.5000 2317.3203   18.4431
    7.5000   30.0000  -37.5000 2298.0815   18.5637
   -7.5000   37.5000  -37.5000 2221.6958   19.9195
    0.0000   37.5000  -37.5000 2243.8884   19.7563
    7.5000   37.5000  -37.5000 2224.4619   19.8084
   -7.5000   45.0000  -37.5000 2119.9346   21.6595
    0.0000   45.0000  -37.5000 2143.6997   21.4916
    7.5000   45.0000  -37.5000 2129.5693   21.5084
   -7.5000  -45.0000  -30.0000 2414.7808   17.2257
    0.0000  -45.0000  -30.0000 2426.8301   17.1561
    7.5000  -45.0000  -30.0000 2411.7615   17.3985
   -7.5000  -37.5000  -30.0000 2457.2361   16.7452
    0.0000  -37.5000  -30.0000 2465.3523   16.6500
    7.5000  -37.5000  -30.0000 2439.7961   16.8241
   -7.5000  -30.0000  -30.0000 2492.5173   16.4038
    0.0000  -30.0000  -30.0000 2504.5635   16.2700
    7.5000  -30.0000  -30.0000 2474.1980   16.3705
   -7.5000  -22.5000  -30.0000 2525.9666   16.1304
    0.0000  -22.5000  -30.0000 2532.7324   15.9512
    7.5000  -22.5000  -30.0000 2504.9773   16.0338
   -7.5000  -15.0000  -30.0000 2540.8555   15.9126
    0.0000  -15.0000  -30.0000 2556.5513   15.7409
    7.5000  -15.0000  -30.0000 2529.8020   15.8255
   -7.5000   -7.5000  -30.0000 2552.5947   15.8005
    0.0000   -7.5000  -30.0000 2568.2708   15.6076
    7.5000   -7.5000  -30.0000 2546.2463   15.6803
   -7.5000    0.0000  -30.0000 2549.5229   15.8104
    0.0000    0.0000  -30.0000 2571.1221   15.6104
    7.5000    0.0000  -30.0000 2551.1577   15.7244
   -7.5000    7.5000  -30.0000 2549.9075   16.0340
    0.0000    7.5000  -30.0000 2573.4373   15.8361
    7.5000    7.5000  -30.0000 2549.7461   15.8874
   -7.5000   15.0000  -30.0000 2527.2620   16.4077
    0.0000   15.0000  -30.0000 2551.9229   16.2198
    7.5000   15.0000  -30.0000 2534.3289   16.2557
   -7.5000   22.5000  -30.0000 2489.5745   16.9956
    0.0000   22.5000  -30.0000 2512.4089   16.8299
    7.5000   22.5000  -30.0000 2495.0750   16.8951
   -7.5000   30.0000  -30.0000 2434.7563   17.8654
    0.0000   30.0000  -30.0000 2462.1438   17.6903
    7.5000   30.0000  -30.0000 2443.3423   17.7586
   -7.5000   37.5000  -30.0000 2355.0054   19.1011
    0.0000   37.5000  -30.0000 2379.9980   18.8820
    7.5000   37.5000  -30.0000 2366.4397   18.9453
   -7.5000   45.0000  -30.0000 2241.1355   20.7195
    0.0000   45.0000  -30.0000 2267.2756   20.5272
    7.5000   45.0000  -30.0000 2257.9985   20.5728
   -7.5000  -45.0000  -22.5000 2509.1758   16.4964
    0.0000  -45.0000  -22.5000 2523.4331   16.3830
    7.5000  -45.0000  -22.5000 2505.5312   16.5834
   -7.5000  -37.5000  -22.5000 2548.8125   15.9262
    0.0000  -37.5000  -22.5000 2566.0422   15.8135
    7.5000  -37.5000  -22.5000 2541.9136   15.9889
   -7.5000  -30.0000  -22.5000 2589.3345   15.5416
    0.0000  -30.0000  -22.5000 2600.6333   15.4151
    7.5000  -30.0000  -22.5000 2574.7732   15.5174
   -7.5000  -22.5000  -22.5000 2621.4900   15.2480
    0.0000  -22.5000  -22.5000 2627.4690   15.0516
    7.5000  -22.5000  -22.5000 2602.6030   15.1911
   -7.5000  -15.0000  -22.5000 2642.4458   14.9787
    0.0000  -15.0000  -22.5000 2653.8745   14.8421
    7.5000  -15.0000  -22.5000 2631.6680   14.9278
   -7.5000   -7.5000  -22.5000 2661.1025   14.8862
    0.0000   -7.5000  -22.5000 2679.7068   14.7169
    7.5000   -7.5000  -22.5000 2666.7415   14.8223
   -7.5000    0.0000  -22.5000 2664.6799   14.9033
    0.0000    0.0000  -22.5000 2691.1897   14.7312
    7.5000    0.0000  -22.5000 2676.2471   14.8327
   -7.5000    7.5000  -22.5000 2672.1755   15.1456
    0.0000    7.5000  -22.5000 2699.8391   14.9626
    7.5000    7.5000  -22.5000 2676.5737   14.9972
   -7.5000   15.0000  -22.5000 2645.7300   15.5499
    0.0000   15.0000  -22.5000 2678.4795   15.3616
    7.5000   15.0000  -22.5000 2664.1814   15.4222
   -7.5000   22.5000  -22.5000 2609.6189   16.1570
    0.0000   22.5000  -22.5000 2636.5078   15.9830
    7.5000   22.5000  -22.5000 2627.4531   16.0620
   -7.5000   30.0000  -22.5000 2554.7034   17.0550
    0.0000   30.0000  -22.5000 2580.7937   16.8400
    7.5000   30.0000  -22.5000 2568.3347   16.9070
   -7.5000   37.5000  -22.5000 2457.1904   18.2281
    0.0000   37.5000  -22.5000 2490.2729   17.9794
    7.5000   37.5000  -22.5000 2480.6216   18.0268
   -7.5000   45.0000  -22.5000 2342.7451   19.8046
    0.0000   45.0000  -22.5000 2370.5642   19.5681
    7.5000   45.0000  -22.5000 2364.1699   19.5766
   -7.5000  -45.0000  -15.0000 2575.0093   15.8213
    0.0000  -45.0000  -15.0000 2579.3042   15.7154
    7.5000  -45.0000  -15.0000 2560.2781   15.9515
   -7.5000  -37.5000  -15.0000 2609.4751   15.2062
    0.0000  -37.5000  -15.0000 2624.2568   15.1028
    7.5000  -37.5000  -15.0000 2604.5691   15.3023
   -7.5000  -30.0000  -15.0000 2646.9590   14.7497
    0.0000  -30.0000  -15.0000 2658.1433   14.6250
    7.5000  -30.0000  -15.0000 2635.4800   14.7838
   -7.5000  -22.5000  -15.0000 2680.7722   14.4492
    0.0000  -22.5000  -15.0000 2689.8508   14.2849
    7.5000  -22.5000  -15.0000 2668.5081   14.4113
   -7.5000  -15.0000  -15.0000 2707.3567   14.1818
    0.0000  -15.0000  -15.0000 2724.6394   14.0315
    7.5000  -15.0000  -15.0000 2704.3691   14.1472
   -7.5000   -7.5000  -15.0000 2737.2402   14.0491
    0.0000   -7.5000  -15.0000 2761.0720   13.8993
    7.5000   -7.5000  -15.0000 2748.6055   14.0161
   -7.5000    0.0000  -15.0000 2746.3596   14.0561
    0.0000    0.0000  -15.0000 2779.4949   13.9093
    7.5000    0.0000  -15.0000 2764.7971   14.0420
   -7.5000    7.5000  -15.0000 2754.7588   14.2773
    0.0000    7.5000  -15.0000 2792.1570   14.1129
    7.5000    7.5000  -15.0000 2773.3032   14.2308
   -7.5000   15.0000  -15.0000 2734.4785   14.7371
    0.0000   15.0000  -15.0000 2774.6536   14.5560
    7.5000   15.0000  -15.0000 2763.7358   14.6178
   -7.5000   22.5000  -15.0000 2697.5432   15.3768
    0.0000   22.5000  -15.0000 2731.8459   15.1687
    7.5000   22.5000  -15.0000 2727.8538   15.2289
   -7.5000   30.0000  -15.0000 2632.9133   16.2302
    0.0000   30.0000  -15.0000 2666.2437   15.9901
    7.5000   30.0000  -15.0000 2657.6780   16.0753
   -7.5000   37.5000  -15.0000 2527.8320   17.3945
    0.0000   37.5000  -15.0000 2566.9675   17.1170
    7.5000   37.5000  -15.0000 2559.3604   17.2034
   -7.5000   45.0000  -15.0000 2407.2812   18.9087
    0.0000   45.0000  -15.0000 2437.8604   18.6423
    7.5000   45.0000  -15.0000 2431.4954   18.6989
   -7.5000  -45.0000   -7.5000 2619.7249   15.2947
    0.0000  -45.0000   -7.5000 2619.2874   15.1961
    7.5000  -45.0000   -7.5000 2593.2585   15.4371
   -7.5000  -37.5000   -7.5000 2651.1479   14.6375
    0.0000  -37.5000   -7.5000 2657.3035   14.4889
    7.5000  -37.5000   -7.5000 2636.7771   14.7394
   -7.5000  -30.0000   -7.5000 2684.8931   14.1285
    0.0000  -30.0000   -7.5000 2694.7766   14.0025
    7.5000  -30.0000   -7.5000 2667.4792   14.2101
   -7.5000  -22.5000   -7.5000 2713.7190   13.7669
    0.0000  -22.5000   -7.5000 2728.3196   13.6207
    7.5000  -22.5000   -7.5000 2702.5134   13.7975
   -7.5000  -15.0000   -7.5000 2747.1738   13.4876
    0.0000  -15.0000   -7.5000 2767.1228   13.3595
    7.5000  -15.0000   -7.5000 2748.6187   13.4828
   -7.5000   -7.5000   -7.5000 2787.4910   13.3786
    0.0000   -7.5000   -7.5000 2814.1001   13.2321
    7.5000   -7.5000   -7.5000 2797.1355   13.3332
   -7.5000    0.0000   -7.5000 2808.4036   13.4076
    0.0000    0.0000   -7.5000 2851.7727   13.2328
    7.5000    0.0000   -7.5000 2832.5488   13.3632
   -7.5000    7.5000   -7.5000 2822.8533   13.5897
    0.0000    7.5000   -7.5000 2873.5320   13.3780
    7.5000    7.5000   -7.5000 2854.6492   13.5407
   -7.5000   15.0000   -7.5000 2807.1917   14.0363
    0.0000   15.0000   -7.5000 2856.3027   13.8135
    7.5000   15.0000   -7.5000 2843.0938   13.9439
   -7.5000   22.5000   -7.5000 2763.2170   14.6718
    0.0000   22.5000   -7.5000 2805.1492   14.4344
    7.5000   22.5000   -7.5000 2801.9526   14.5655
   -7.5000   30.0000   -7.5000 2690.4800   15.4943
    0.0000   30.0000   -7.5000 2729.2385   15.2184
    7.5000   30.0000   -7.5000 2725.5002   15.3252
   -7.5000   37.5000   -7.5000 2583.0068   16.6299
    0.0000   37.5000   -7.5000 2625.0586   16.3018
    7.5000   37.5000   -7.5000 2614.1335   16.4109
   -7.5000   45.0000   -7.5000 2451.3176   18.1076
    0.0000   45.0000   -7.5000 2483.3669   17.8056
    7.5000   45.0000   -7.5000 2474.4963   17.9080
   -7.5000  -45.0000    0.0000 2632.1899   14.9633
    0.0000  -45.0000    0.0000 2640.6082   14.8477
    7.5000  -45.0000    0.0000 2616.5552   15.0916
   -7.5000  -37.5000    0.0000 2662.8792   14.2217
    0.0000  -37.5000    0.0000 2675.1267   14.0899
    7.5000  -37.5000    0.0000 2649.7803   14.3179
   -7.5000  -30.0000    0.0000 2689.5015   13.6660
    0.0000  -30.0000    0.0000 2700.3740   13.5597
    7.5000  -30.0000    0.0000 2679.6091   13.7901
   -7.5000  -22.5000    0.0000 2720.5300   13.2759
    0.0000  -22.5000    0.0000 2743.6880   13.1353
    7.5000  -22.5000    0.0000 2726.9802   13.3129
   -7.5000  -15.0000    0.0000 2760.9573   13.0151
    0.0000  -15.0000    0.0000 2786.6775   12.8585
    7.5000  -15.0000    0.0000 2776.9448   12.9992
   -7.5000   -7.5000    0.0000 2808.3184   12.9240
    0.0000   -7.5000    0.0000 2843.3921   12.7687
    7.5000   -7.5000    0.0000 2826.8833   12.8810
   -7.5000    0.0000    0.0000 2847.8083   13.0310
    0.0000    0.0000    0.0000 2893.3457   12.8603
    7.5000    0.0000    0.0000 2868.6951   12.9468
   -7.5000    7.5000    0.0000 2882.5388   13.2135
    0.0000    7.5000    0.0000 2938.8108   12.9979
    7.5000    7.5000    0.0000 2903.7275   13.1386
   -7.5000   15.0000    0.0000 2871.4792   13.5791
    0.0000   15.0000    0.0000 2931.1504   13.3544
    7.5000   15.0000    0.0000 2910.5852   13.5276
   -7.5000   22.5000    0.0000 2814.0469   14.2112
    0.0000   22.5000    0.0000 2859.0996   13.9804
    7.5000   22.5000    0.0000 2856.2915   14.1178
   -7.5000   30.0000    0.0000 2722.8186   14.9871
    0.0000   30.0000    0.0000 2766.5010   14.7005
    7.5000   30.0000    0.0000 2765.1804   14.7951
   -7.5000   37.5000    0.0000 2609.7439   16.0676
    0.0000   37.5000    0.0000 2654.7988   15.7310
    7.5000   37.5000    0.0000 2650.6248   15.8042
   -7.5000   45.0000    0.0000 2478.7058   17.5024
    0.0000   45.0000    0.0000 2509.7068   17.2131
    7.5000   45.0000    0.0000 2506.2087   17.2737
   -7.5000  -45.0000    7.5000 2631.6592   14.7714
    0.0000  -45.0000    7.5000 2646.7170   14.6222
    7.5000  -45.0000    7.5000 2614.4458   14.9184
   -7.5000  -37.5000    7.5000 2652.9407   13.9976
    0.0000  -37.5000    7.5000 2674.0603   13.8310
    7.5000  -37.5000    7.5000 2653.5100   14.1199
   -7.5000  -30.0000    7.5000 2676.8020   13.4843
    0.0000  -30.0000    7.5000 2697.8342   13.2805
    7.5000  -30.0000    7.5000 2683.3359   13.5748
   -7.5000  -22.5000    7.5000 2711.9302   13.1033
    0.0000  -22.5000    7.5000 2737.1375   12.8775
    7.5000  -22.5000    7.5000 2733.9868   13.1286
   -7.5000  -15.0000    7.5000 2753.1028   12.8541
    0.0000  -15.0000    7.5000 2784.6375   12.6188
    7.5000  -15.0000    7.5000 2787.9729   12.8220
   -7.5000   -7.5000    7.5000 2804.3855   12.7528
    0.0000   -7.5000    7.5000 2844.1494   12.5659
    7.5000   -7.5000    7.5000 2838.7273   12.7000
   -7.5000    0.0000    7.5000 2864.8030   12.9105
    0.0000    0.0000    7.5000 2908.7627   12.7475
    7.5000    0.0000    7.5000 2889.0354   12.7588
   -7.5000    7.5000    7.5000 2915.6440   13.1361
    0.0000    7.5000    7.5000 2972.8076   12.9769
    7.5000    7.5000    7.5000 2940.7996   12.9502
   -7.5000   15.0000    7.5000 2904.6709   13.4998
    0.0000   15.0000    7.5000 2970.9612   13.2912
    7.5000   15.0000    7.5000 2949.1011   13.3212
   -7.5000   22.5000    7.5000 2839.2458   14.0384
    0.0000   22.5000    7.5000 2894.3628   13.7707
    7.5000   22.5000    7.5000 2885.7271   13.8373
   -7.5000   30.0000    7.5000 2740.5327   14.7282
    0.0000   30.0000    7.5000 2786.9019   14.4133
    7.5000   30.0000    7.5000 2786.9724   14.5034
   -7.5000   37.5000    7.5000 2624.2773   15.7309
    0.0000   37.5000    7.5000 2663.7107   15.4058
    7.5000   37.5000    7.5000 2667.3040   15.4919
   -7.5000   45.0000    7.5000 2482.2168   17.1636
    0.0000   45.0000    7.5000 2516.8618   16.8698
    7.5000   45.0000    7.5000 2523.5806   16.9751
   -7.5000  -45.0000   15.0000 2606.6089   14.7563
    0.0000  -45.0000   15.0000 2628.8247   14.5797
    7.5000  -45.0000   15.0000 2595.7786   14.9629
   -7.5000  -37.5000   15.0000 2635.2830   13.9805
    0.0000  -37.5000   15.0000 2653.6304   13.7782
    7.5000  -37.5000   15.0000 2634.3494   14.1719
   -7.5000  -30.0000   15.0000 2660.5547   13.4978
    0.0000  -30.0000   15.0000 2683.1357   13.2706
    7.5000  -30.0000   15.0000 2670.7163   13.5813
   -7.5000  -22.5000   15.0000 2695.8591   13.1878
    0.0000  -22.5000   15.0000 2717.5007   12.9301
    7.5000  -22.5000   15.0000 2717.4121   13.1517
   -7.5000  -15.0000   15.0000 2734.4407   12.9711
    0.0000  -15.0000   15.0000 2765.2207   12.7292
    7.5000  -15.0000   15.0000 2770.6460   12.8799
   -7.5000   -7.5000   15.0000 2789.1418   12.9205
    0.0000   -7.5000   15.0000 2825.4492   12.6563
    7.5000   -7.5000   15.0000 2824.8003   12.7657
   -7.5000    0.0000   15.0000 2840.7109   13.0093
    0.0000    0.0000   15.0000 2884.2715   12.7914
    7.5000    0.0000   15.0000 2878.5259   12.8320
   -7.5000    7.5000   15.0000 2892.4746   13.2290
    0.0000    7.5000   15.0000 2951.6157   12.9511
    7.5000    7.5000   15.0000 2927.5620   12.9627
   -7.5000   15.0000   15.0000 2888.3948   13.6091
    0.0000   15.0000   15.0000 2957.6978   13.2745
    7.5000   15.0000   15.0000 2935.6995   13.2804
   -7.5000   22.5000   15.0000 2824.4954   14.0980
    0.0000   22.5000   15.0000 2885.6970   13.8045
    7.5000   22.5000   15.0000 2874.6528   13.8231
   -7.5000   30.0000   15.0000 2730.2585   14.7481
    0.0000   30.0000   15.0000 2775.5400   14.4875
    7.5000   30.0000   15.0000 2766.8372   14.5758
   -7.5000   37.5000   15.0000 2612.5381   15.7206
    0.0000   37.5000   15.0000 2648.4709   15.4620
    7.5000   37.5000   15.0000 2650.0535   15.5799
   -7.5000   45.0000   15.0000 2466.6794   17.1505
    0.0000   45.0000   15.0000 2501.6082   16.8886
    7.5000   45.0000   15.0000 2506.4114   17.0065
   -7.5000  -45.0000   22.5000 2561.4751   15.0489
    0.0000  -45.0000   22.5000 2585.2302   14.8368
    7.5000  -45.0000   22.5000 2563.8635   15.2140
   -7.5000  -37.5000   22.5000 2600.1863   14.3217
    0.0000  -37.5000   22.5000 2617.2664   14.0855
    7.5000  -37.5000   22.5000 2598.3357   14.3859
   -7.5000  -30.0000   22.5000 2629.3057   13.8469
    0.0000  -30.0000   22.5000 2654.5059   13.5758
    7.5000  -30.0000   22.5000 2639.5254   13.8240
   -7.5000  -22.5000   22.5000 2668.2729   13.4800
    0.0000  -22.5000   22.5000 2689.8899   13.1737
    7.5000  -22.5000   22.5000 2687.6697   13.3726
   -7.5000  -15.0000   22.5000 2707.7515   13.2964
    0.0000  -15.0000   22.5000 2739.4253   12.9791
    7.5000  -15.0000   22.5000 2745.1875   13.1237
   -7.5000   -7.5000   22.5000 2755.7466   13.2042
    0.0000   -7.5000   22.5000 2793.4934   12.8942
    7.5000   -7.5000   22.5000 2801.5288   13.0151
   -7.5000    0.0000   22.5000 2803.9387   13.2687
    0.0000    0.0000   22.5000 2844.4072   12.9491
    7.5000    0.0000   22.5000 2847.8728   13.0706
   -7.5000    7.5000   22.5000 2842.3379   13.4651
    0.0000    7.5000   22.5000 2897.5889   13.0795
    7.5000    7.5000   22.5000 2887.7544   13.1515
   -7.5000   15.0000   22.5000 2838.1511   13.8512
    0.0000   15.0000   22.5000 2899.8149   13.4672
    7.5000   15.0000   22.5000 2889.3079   13.5351
   -7.5000   22.5000   22.5000 2784.7000   14.3693
    0.0000   22.5000   22.5000 2840.9585   14.0512
    7.5000   22.5000   22.5000 2834.3215   14.0938
   -7.5000   30.0000   22.5000 2689.0498   15.1090
    0.0000   30.0000   22.5000 2733.8931   14.8209
    7.5000   30.0000   22.5000 2731.5916   14.9221
   -7.5000   37.5000   22.5000 2572.8809   16.1220
    0.0000   37.5000   22.5000 2610.7231   15.8348
    7.5000   37.5000   22.5000 2613.5823   15.9778
   -7.5000   45.0000   22.5000 2434.5200   17.5305
    0.0000   45.0000   22.5000 2474.5430   17.2449
    7.5000   45.0000   22.5000 2475.9429   17.3498
   -7.5000  -45.0000   30.0000 2496.8015   15.5999
    0.0000  -45.0000   30.0000 2521.4976   15.3648
    7.5000  -45.0000   30.0000 2511.7114   15.6569
   -7.5000  -37.5000   30.0000 2548.9495   14.8736
    0.0000  -37.5000   30.0000 2566.5513   14.5965
    7.5000  -37.5000   30.0000 2549.6812   14.8065
   -7.5000  -30.0000   30.0000 2581.7415   14.3502
    0.0000  -30.0000   30.0000 2605.2749   14.0164
    7.5000  -30.0000   30.0000 2596.7539   14.2162
   -7.5000  -22.5000   30.0000 2618.7747   13.9488
    0.0000  -22.5000   30.0000 2649.2168   13.5943
    7.5000  -22.5000   30.0000 2647.2800   13.7722
   -7.5000  -15.0000   30.0000 2660.4653   13.7187
    0.0000  -15.0000   30.0000 2699.6375   13.4058
    7.5000  -15.0000   30.0000 2703.6414   13.5566
   -7.5000   -7.5000   30.0000 2711.3108   13.6738
    0.0000   -7.5000   30.0000 2749.2712   13.3468
    7.5000   -7.5000   30.0000 2755.0320   13.5085
   -7.5000    0.0000   30.0000 2750.3564   13.7837
    0.0000    0.0000   30.0000 2792.9014   13.4097
    7.5000    0.0000   30.0000 2796.1809   13.5137
   -7.5000    7.5000   30.0000 2774.8403   13.9681
    0.0000    7.5000   30.0000 2826.6001   13.5510
    7.5000    7.5000   30.0000 2825.0667   13.6640
   -7.5000   15.0000   30.0000 2762.0461   14.3012
    0.0000   15.0000   30.0000 2818.4219   13.9340
    7.5000   15.0000   30.0000 2815.7971   14.0336
   -7.5000   22.5000   30.0000 2709.6914   14.8452
    0.0000   22.5000   30.0000 2768.0803   14.5143
    7.5000   22.5000   30.0000 2765.6704   14.5955
   -7.5000   30.0000   30.0000 2626.9146   15.6620
    0.0000   30.0000   30.0000 2667.0569   15.3437
    7.5000   30.0000   30.0000 2664.6306   15.4396
   -7.5000   37.5000   30.0000 2520.7820   16.7487
    0.0000   37.5000   30.0000 2548.5466   16.4323
    7.5000   37.5000   30.0000 2554.0598   16.5135
   -7.5000   45.0000   30.0000 2387.7351   18.1499
    0.0000   45.0000   30.0000 2423.2686   17.8432
    7.5000   45.0000   30.0000 2429.0071   17.9160
   -7.5000  -45.0000   37.5000 2435.2712   16.3615
    0.0000  -45.0000   37.5000 2464.4043   16.0645
    7.5000  -45.0000   37.5000 2457.8940   16.2969
   -7.5000  -37.5000   37.5000 2489.7290   15.5519
    0.0000  -37.5000   37.5000 2515.6504   15.2198
    7.5000  -37.5000   37.5000 2503.2864   15.4510
   -7.5000  -30.0000   37.5000 2523.6650   14.9902
    0.0000  -30.0000   37.5000 2558.9456   14.6511
    7.5000  -30.0000   37.5000 2554.9626   14.8438
   -7.5000  -22.5000   37.5000 2564.1982   14.6419
    0.0000  -22.5000   37.5000 2600.7954   14.2729
    7.5000  -22.5000   37.5000 2607.0217   14.4313
   -7.5000  -15.0000   37.5000 2605.3496   14.4176
    0.0000  -15.0000   37.5000 2647.3618   14.0738
    7.5000  -15.0000   37.5000 2651.7014   14.2287
   -7.5000   -7.5000   37.5000 2653.7305   14.3676
    0.0000   -7.5000   37.5000 2694.9641   14.0149
    7.5000   -7.5000   37.5000 2696.3062   14.1355
   -7.5000    0.0000   37.5000 2684.5017   14.4771
    0.0000    0.0000   37.5000 2729.0212   14.0853
    7.5000    0.0000   37.5000 2733.3403   14.1931
   -7.5000    7.5000   37.5000 2700.3508   14.6698
    0.0000    7.5000   37.5000 2746.1108   14.2569
    7.5000    7.5000   37.5000 2745.8315   14.3900
   -7.5000   15.0000   37.5000 2677.8826   15.0011
    0.0000   15.0000   37.5000 2727.5869   14.6488
    7.5000   15.0000   37.5000 2733.7065   14.7700
   -7.5000   22.5000   37.5000 2625.2419   15.5637
    0.0000   22.5000   37.5000 2671.1694   15.2196
    7.5000   22.5000   37.5000 2683.9238   15.3424
   -7.5000   30.0000   37.5000 2551.9631   16.4093
    0.0000   30.0000   37.5000 2584.9204   16.0784
    7.5000   30.0000   37.5000 2584.0068   16.1777
   -7.5000   37.5000   37.5000 2448.0208   17.5238
    0.0000   37.5000   37.5000 2482.1895   17.1703
    7.5000   37.5000   37.5000 2482.8716   17.2314
   -7.5000   45.0000   37.5000 2328.9028   18.9037
    0.0000   45.0000   37.5000 2362.5894   18.5855
    7.5000   45.0000   37.5000 2367.5654   18.6594
   -7.5000  -45.0000   45.0000 2374.7979   17.3289
    0.0000  -45.0000   45.0000 2403.4072   16.9961
    7.5000  -45.0000   45.0000 2395.2996   17.1883
   -7.5000  -37.5000   45.0000 2422.0310   16.4789
    0.0000  -37.5000   45.0000 2454.1082   16.1178
    7.5000  -37.5000   45.0000 2449.6011   16.3115
   -7.5000  -30.0000   45.0000 2459.5510   15.8793
    0.0000  -30.0000   45.0000 2500.9736   15.5297
    7.5000  -30.0000   45.0000 2500.2756   15.6718
   -7.5000  -22.5000   45.0000 2508.8740   15.4938
    0.0000  -22.5000   45.0000 2549.0361   15.1651
    7.5000  -22.5000   45.0000 2552.7786   15.2913
   -7.5000  -15.0000   45.0000 2545.0286   15.2851
    0.0000  -15.0000   45.0000 2588.8594   14.9289
    7.5000  -15.0000   45.0000 2590.3547   15.0284
   -7.5000   -7.5000   45.0000 2582.6230   15.1786
    0.0000   -7.5000   45.0000 2625.3818   14.8346
    7.5000   -7.5000   45.0000 2626.3054   14.9411
   -7.5000    0.0000   45.0000 2599.4832   15.2842
    0.0000    0.0000   45.0000 2646.0471   14.9147
    7.5000    0.0000   45.0000 2648.4780   15.0250
   -7.5000    7.5000   45.0000 2609.5693   15.5373
    0.0000    7.5000   45.0000 2651.2820   15.1781
    7.5000    7.5000   45.0000 2650.3682   15.2939
   -7.5000   15.0000   45.0000 2582.0752   15.9233
    0.0000   15.0000   45.0000 2624.7056   15.6170
    7.5000   15.0000   45.0000 2628.6758   15.6792
   -7.5000   22.5000   45.0000 2533.8940   16.5568
    0.0000   22.5000   45.0000 2575.8386   16.2245
    7.5000   22.5000   45.0000 2586.7537   16.2808
   -7.5000   30.0000   45.0000 2461.7991   17.3728
    0.0000   30.0000   45.0000 2499.9900   17.0278
    7.5000   30.0000   45.0000 2506.3538   17.0852
   -7.5000   37.5000   45.0000 2369.6421   18.4746
    0.0000   37.5000   45.0000 2409.2576   18.0800
    7.5000   37.5000   45.0000 2411.1372   18.1312
   -7.5000   45.0000   45.0000 2260.1030   19.8459
    0.0000   45.0000   45.0000 2295.8582   19.4938
    7.5000   45.0000   45.0000 2295.3406   19.4807

---------------------------------------------------------------------
imgreg_4dfp /opt/freesurfer/average/711-2C_as_mni_average_305 /opt/freesurfer/average/711-2B_as_mni_average_305_mask talsrcimg_g11 none talsrcimg_to_711-2C_as_mni_average_305_t4 1283
---------------------------------------------------------------------

freesurfer imgreg_4dfp.c
/opt/freesurfer/average/711-2C_as_mni_average_305.4dfp.img
       256       256       256         1
  1.000000  1.000000  1.000000
orientation T byte_order littleendian
Reading image: /opt/freesurfer/average/711-2C_as_mni_average_305.4dfp.img
dimensions:      256       256       256
mmppix:       1.0000   -1.0000   -1.0000
center:     128.0000 -129.0000 -129.0000
/opt/freesurfer/average/711-2B_as_mni_average_305_mask.4dfp.img
       256       256       256         1
  1.000000  1.000000  1.000000
orientation T byte_order littleendian
Reading mask: /opt/freesurfer/average/711-2B_as_mni_average_305_mask.4dfp.img (2306576 pixels)
talsrcimg_g11.4dfp.img
       256       256       256         1
  1.000000  1.000000  1.000000
orientation T byte_order littleendian
Reading image: talsrcimg_g11.4dfp.img
dimensions:      256       256       256
mmppix:       1.0000   -1.0000   -1.0000
center:     128.0000 -129.0000 -129.0000
rotation matrix determinant  1.000000
fimgreg.f
image alignment mode   1283 decimal      503 hex
parameters
    0.0000    7.5000    7.5000    0.0000    0.0000    0.0000
eta,q 0.93052 13.02516
niter,ni,del,rscale     5    3   12.0000    1.2000
parameter  2 -0.547852 -> -0.500000 qaram    1.1500
parameter  4  1.049383 ->  0.500000 qaram    1.1500
parameter  5  5.036911 ->  0.500000 qaram    1.1500
parameters
    0.6864   10.9500    7.7109   -3.4500   -3.4500   -2.1629
eta,q 0.94594 12.87900
  0.0859  0.0835  0.0729  0.0653  0.0516  0.0564
  0.0790  0.0779  0.0689  0.0650  0.0534  0.0548
  0.0737  0.0736  0.0675  0.0660  0.0584  0.0540
  0.0707  0.0699  0.0682  0.0684  0.0651  0.0545
  0.0708  0.0677  0.0689  0.0687  0.0724  0.0570
  0.0750  0.0681  0.0695  0.0707  0.0784  0.0603
  0.0807  0.0695  0.0712  0.0740  0.0820  0.0643
niter,ni,del,rscale     7    3   12.0000    1.2000
parameter  5  0.783417 ->  0.500000 qaram    1.3225
parameters
    2.1487   12.5260    8.6601   -4.9978   -7.4175   -2.8019
eta,q 0.95176 13.10901
  0.0809  0.0723  0.0652  0.0583  0.0494  0.0531
  0.0681  0.0646  0.0588  0.0560  0.0481  0.0494
  0.0588  0.0577  0.0554  0.0542  0.0498  0.0482
  0.0541  0.0543  0.0542  0.0545  0.0540  0.0484
  0.0549  0.0547  0.0552  0.0567  0.0603  0.0494
  0.0580  0.0573  0.0569  0.0600  0.0689  0.0517
  0.0628  0.0610  0.0589  0.0633  0.0771  0.0549
niter,ni,del,rscale     7    3   12.0000    1.2000
parameters
    3.3217   13.4786    8.7144   -4.9534   -8.2752   -2.9622
eta,q 0.95323 13.14708
  0.0744  0.0672  0.0588  0.0564  0.0615  0.0528
  0.0611  0.0581  0.0524  0.0532  0.0520  0.0484
  0.0521  0.0511  0.0487  0.0491  0.0470  0.0467
  0.0482  0.0477  0.0474  0.0474  0.0474  0.0468
  0.0480  0.0483  0.0490  0.0490  0.0516  0.0477
  0.0517  0.0521  0.0528  0.0527  0.0578  0.0494
  0.0593  0.0590  0.0578  0.0564  0.0677  0.0527
niter,ni,del,rscale     6    3   12.0000    1.2000
parameters
    3.4834   13.5113    8.6777   -4.9096   -8.3461   -2.9926
eta,q 0.95327 13.14718
  0.0673  0.0636  0.0584  0.0564  0.0647  0.0531
  0.0560  0.0550  0.0522  0.0530  0.0545  0.0485
  0.0491  0.0487  0.0482  0.0489  0.0479  0.0466
  0.0468  0.0468  0.0468  0.0468  0.0468  0.0467
  0.0488  0.0495  0.0487  0.0481  0.0499  0.0477
  0.0554  0.0550  0.0529  0.0525  0.0557  0.0493
  0.0647  0.0628  0.0582  0.0566  0.0642  0.0524
niter,ni,del,rscale     5    3   12.0000    1.2000
parameters
    3.5030   13.4958    8.6780   -4.8942   -8.3559   -2.9973
eta,q 0.95329 13.14620
  0.0664  0.0634  0.0586  0.0564  0.0649  0.0531
  0.0554  0.0548  0.0523  0.0529  0.0547  0.0486
  0.0488  0.0486  0.0482  0.0488  0.0480  0.0466
  0.0467  0.0467  0.0467  0.0467  0.0467  0.0467
  0.0491  0.0495  0.0486  0.0481  0.0498  0.0477
  0.0560  0.0552  0.0528  0.0525  0.0556  0.0492
  0.0655  0.0630  0.0581  0.0567  0.0639  0.0524
registration optimization eta report
parameter search radius
    6.0000    6.9000    6.0000    6.9000    7.9350    6.0000
100000*second partial in parameter space
       53.       34.       32.       20.       28.       17.
  0.0664  0.0634  0.0586  0.0564  0.0649  0.0531
  0.0554  0.0548  0.0523  0.0529  0.0547  0.0486
  0.0488  0.0486  0.0482  0.0488  0.0480  0.0466
  0.0467  0.0467  0.0467  0.0467  0.0467  0.0467
  0.0491  0.0495  0.0486  0.0481  0.0498  0.0477
  0.0560  0.0552  0.0528  0.0525  0.0556  0.0492
  0.0655  0.0630  0.0581  0.0567  0.0639  0.0524
    3.5030   13.4958    8.6780   -4.8942   -8.3559   -2.9973
eta,q 0.95329 13.14620

---------------------------------------------------------------------
imgreg_4dfp /opt/freesurfer/average/711-2C_as_mni_average_305 /opt/freesurfer/average/711-2B_as_mni_average_305_mask talsrcimg_g11 none talsrcimg_to_711-2C_as_mni_average_305_t4 3335
---------------------------------------------------------------------

freesurfer imgreg_4dfp.c
/opt/freesurfer/average/711-2C_as_mni_average_305.4dfp.img
       256       256       256         1
  1.000000  1.000000  1.000000
orientation T byte_order littleendian
Reading image: /opt/freesurfer/average/711-2C_as_mni_average_305.4dfp.img
dimensions:      256       256       256
mmppix:       1.0000   -1.0000   -1.0000
center:     128.0000 -129.0000 -129.0000
/opt/freesurfer/average/711-2B_as_mni_average_305_mask.4dfp.img
       256       256       256         1
  1.000000  1.000000  1.000000
orientation T byte_order littleendian
Reading mask: /opt/freesurfer/average/711-2B_as_mni_average_305_mask.4dfp.img (2306576 pixels)
talsrcimg_g11.4dfp.img
       256       256       256         1
  1.000000  1.000000  1.000000
orientation T byte_order littleendian
Reading image: talsrcimg_g11.4dfp.img
dimensions:      256       256       256
mmppix:       1.0000   -1.0000   -1.0000
center:     128.0000 -129.0000 -129.0000
fimgreg.f
image alignment mode   3335 decimal      D07 hex
parameters
    3.5030   13.4958    8.6780   -1.1969   -0.4361   -1.4223
    3.9717   14.9055   -5.1734    7.7628  -14.5321   -8.4411
eta,q 0.95511 13.18479
niter,ni,del,rscale     5    3    5.0000    1.2000
parameter  4  0.955735 ->  0.500000 qaram    1.1500
parameter  5  1.594645 ->  0.500000 qaram    1.1500
parameter  9 -0.532608 -> -0.500000 qaram    1.1500
parameters
    3.1492   13.8167    8.7100   -5.3369   -4.5761   -3.6341
    5.1582   13.8098   -1.0334    5.6580  -16.7358   -8.7813
eta,q 0.96304 12.80410
  0.0479  0.0480  0.0470  0.0417  0.0367  0.0392  0.0428  0.0418  0.0420  0.0390  0.0375  0.0386
  0.0459  0.0464  0.0458  0.0418  0.0378  0.0386  0.0406  0.0395  0.0403  0.0375  0.0371  0.0377
  0.0449  0.0453  0.0450  0.0428  0.0396  0.0383  0.0391  0.0382  0.0389  0.0371  0.0370  0.0371
  0.0449  0.0448  0.0447  0.0447  0.0420  0.0383  0.0383  0.0382  0.0381  0.0376  0.0371  0.0370
  0.0458  0.0448  0.0450  0.0475  0.0448  0.0388  0.0383  0.0393  0.0376  0.0387  0.0375  0.0373
  0.0476  0.0455  0.0457  0.0509  0.0483  0.0409  0.0391  0.0416  0.0376  0.0403  0.0381  0.0379
  0.0503  0.0467  0.0469  0.0548  0.0522  0.0442  0.0406  0.0450  0.0380  0.0424  0.0390  0.0389
niter,ni,del,rscale     7    3    5.0000    1.2000
parameter  5  0.945875 ->  0.500000 qaram    1.3225
parameters
    3.0078   14.2084    9.3884   -9.0057   -9.3371   -3.8116
    4.9022   13.6067   -1.0072    5.9211  -17.6113   -9.7041
eta,q 0.96624 12.40570
  0.0408  0.0408  0.0398  0.0371  0.0334  0.0360  0.0368  0.0385  0.0365  0.0376  0.0348  0.0352
  0.0386  0.0389  0.0385  0.0364  0.0337  0.0348  0.0351  0.0359  0.0351  0.0355  0.0343  0.0343
  0.0373  0.0376  0.0375  0.0362  0.0345  0.0340  0.0341  0.0343  0.0342  0.0342  0.0339  0.0338
  0.0370  0.0369  0.0369  0.0367  0.0362  0.0338  0.0338  0.0338  0.0338  0.0338  0.0338  0.0338
  0.0376  0.0369  0.0367  0.0383  0.0388  0.0340  0.0343  0.0346  0.0341  0.0342  0.0341  0.0342
  0.0393  0.0376  0.0370  0.0409  0.0419  0.0346  0.0355  0.0364  0.0351  0.0353  0.0346  0.0350
  0.0418  0.0389  0.0377  0.0445  0.0456  0.0365  0.0372  0.0389  0.0366  0.0370  0.0355  0.0360
niter,ni,del,rscale     7    3    5.0000    1.2000
parameters
    3.0872   14.4519    9.5961   -9.3818  -13.1481   -3.4117
    4.7700   13.6672   -0.8253    6.5057  -17.6561   -9.7032
eta,q 0.96682 12.20177
  0.0380  0.0373  0.0361  0.0362  0.0344  0.0357  0.0363  0.0380  0.0358  0.0366  0.0344  0.0348
  0.0357  0.0355  0.0349  0.0349  0.0335  0.0344  0.0345  0.0355  0.0345  0.0348  0.0338  0.0340
  0.0343  0.0343  0.0341  0.0341  0.0332  0.0336  0.0335  0.0339  0.0336  0.0338  0.0334  0.0334
  0.0338  0.0338  0.0337  0.0337  0.0337  0.0332  0.0332  0.0332  0.0332  0.0332  0.0332  0.0332
  0.0341  0.0339  0.0339  0.0339  0.0351  0.0333  0.0337  0.0338  0.0335  0.0333  0.0333  0.0334
  0.0353  0.0347  0.0344  0.0350  0.0377  0.0338  0.0348  0.0354  0.0343  0.0342  0.0338  0.0340
  0.0375  0.0361  0.0354  0.0371  0.0411  0.0354  0.0364  0.0378  0.0356  0.0357  0.0345  0.0349
niter,ni,del,rscale     6    3    5.0000    1.2000
parameters
    3.0512   14.7620    9.8343   -9.6791  -14.2052   -3.3812
    4.7292   13.6617   -0.7728    7.0789  -17.5305   -9.6555
eta,q 0.96692 12.12659
  0.0369  0.0367  0.0355  0.0355  0.0355  0.0354  0.0362  0.0377  0.0356  0.0361  0.0344  0.0347
  0.0349  0.0349  0.0343  0.0342  0.0343  0.0342  0.0345  0.0353  0.0343  0.0346  0.0338  0.0339
  0.0336  0.0337  0.0335  0.0334  0.0334  0.0334  0.0334  0.0337  0.0335  0.0336  0.0333  0.0333
  0.0332  0.0332  0.0331  0.0331  0.0331  0.0331  0.0331  0.0331  0.0331  0.0331  0.0331  0.0331
  0.0336  0.0333  0.0332  0.0333  0.0336  0.0332  0.0336  0.0337  0.0334  0.0332  0.0332  0.0333
  0.0350  0.0340  0.0338  0.0342  0.0349  0.0338  0.0346  0.0353  0.0342  0.0340  0.0337  0.0338
  0.0372  0.0352  0.0347  0.0361  0.0373  0.0356  0.0362  0.0378  0.0356  0.0354  0.0344  0.0347
niter,ni,del,rscale     5    3    5.0000    1.2000
parameters
    3.0359   14.9501    9.8760   -9.9062  -14.6576   -3.4361
    4.7153   13.6772   -0.7844    7.4688  -17.4530   -9.7341
eta,q 0.96693 12.08554
  0.0369  0.0363  0.0351  0.0355  0.0356  0.0353  0.0362  0.0377  0.0355  0.0358  0.0344  0.0346
  0.0348  0.0346  0.0340  0.0341  0.0344  0.0342  0.0345  0.0353  0.0343  0.0344  0.0338  0.0338
  0.0335  0.0335  0.0333  0.0333  0.0335  0.0334  0.0334  0.0337  0.0334  0.0336  0.0333  0.0333
  0.0331  0.0331  0.0331  0.0331  0.0331  0.0331  0.0331  0.0331  0.0331  0.0331  0.0331  0.0331
  0.0335  0.0333  0.0333  0.0333  0.0334  0.0332  0.0335  0.0337  0.0334  0.0332  0.0332  0.0333
  0.0349  0.0341  0.0339  0.0341  0.0345  0.0339  0.0346  0.0353  0.0342  0.0340  0.0337  0.0338
  0.0370  0.0354  0.0350  0.0359  0.0364  0.0356  0.0361  0.0377  0.0356  0.0354  0.0344  0.0347
niter,ni,del,rscale     4    3    5.0000    1.2000
parameters
    3.0261   15.0827    9.8598  -10.0447  -14.9630   -3.5093
    4.6954   13.6844   -0.8105    7.7786  -17.3989   -9.8368
eta,q 0.96692 12.05693
  0.0369  0.0361  0.0350  0.0355  0.0356  0.0353  0.0362  0.0376  0.0355  0.0357  0.0344  0.0346
  0.0348  0.0345  0.0340  0.0341  0.0343  0.0341  0.0345  0.0353  0.0342  0.0344  0.0338  0.0338
  0.0335  0.0334  0.0333  0.0333  0.0335  0.0334  0.0334  0.0337  0.0334  0.0335  0.0333  0.0333
  0.0331  0.0331  0.0331  0.0331  0.0331  0.0331  0.0331  0.0331  0.0331  0.0331  0.0331  0.0331
  0.0335  0.0334  0.0333  0.0333  0.0333  0.0332  0.0335  0.0337  0.0334  0.0332  0.0332  0.0333
  0.0348  0.0342  0.0340  0.0341  0.0344  0.0339  0.0346  0.0353  0.0342  0.0340  0.0337  0.0338
  0.0370  0.0354  0.0351  0.0358  0.0362  0.0357  0.0361  0.0376  0.0355  0.0354  0.0344  0.0347
niter,ni,del,rscale     3    3    5.0000    1.2000
parameters
    3.0194   15.1952    9.8360  -10.1498  -15.2453   -3.5847
    4.6774   13.6893   -0.8444    8.0436  -17.3540   -9.9405
eta,q 0.96691 12.03104
  0.0369  0.0360  0.0350  0.0355  0.0355  0.0353  0.0362  0.0376  0.0355  0.0356  0.0344  0.0346
  0.0348  0.0344  0.0340  0.0341  0.0343  0.0341  0.0345  0.0353  0.0342  0.0343  0.0338  0.0338
  0.0335  0.0334  0.0333  0.0333  0.0335  0.0334  0.0334  0.0337  0.0334  0.0335  0.0333  0.0333
  0.0331  0.0331  0.0331  0.0331  0.0331  0.0331  0.0331  0.0331  0.0331  0.0331  0.0331  0.0331
  0.0335  0.0334  0.0333  0.0333  0.0333  0.0332  0.0335  0.0337  0.0334  0.0332  0.0333  0.0333
  0.0348  0.0342  0.0340  0.0341  0.0344  0.0339  0.0346  0.0352  0.0342  0.0340  0.0337  0.0338
  0.0370  0.0354  0.0351  0.0358  0.0361  0.0356  0.0361  0.0376  0.0355  0.0354  0.0344  0.0347
niter,ni,del,rscale     2    3    5.0000    1.2000
parameters
    3.0133   15.2998    9.8136  -10.2606  -15.5259   -3.6673
    4.6585   13.6919   -0.8821    8.3009  -17.2942  -10.0386
eta,q 0.96690 12.00371
  0.0369  0.0360  0.0350  0.0355  0.0355  0.0353  0.0362  0.0376  0.0355  0.0356  0.0344  0.0346
  0.0348  0.0344  0.0340  0.0341  0.0342  0.0341  0.0345  0.0353  0.0342  0.0343  0.0338  0.0338
  0.0335  0.0334  0.0333  0.0333  0.0335  0.0334  0.0334  0.0337  0.0334  0.0335  0.0333  0.0333
  0.0331  0.0331  0.0331  0.0331  0.0331  0.0331  0.0331  0.0331  0.0331  0.0331  0.0331  0.0331
  0.0335  0.0334  0.0333  0.0333  0.0333  0.0332  0.0335  0.0337  0.0334  0.0332  0.0333  0.0333
  0.0348  0.0342  0.0340  0.0341  0.0343  0.0339  0.0346  0.0352  0.0342  0.0340  0.0337  0.0338
  0.0370  0.0354  0.0351  0.0357  0.0360  0.0356  0.0361  0.0376  0.0355  0.0354  0.0344  0.0347
niter,ni,del,rscale     1    3    5.0000    1.2000
parameters
    3.0076   15.4068    9.7886  -10.3640  -15.8242   -3.7548
    4.6396   13.6951   -0.9348    8.5618  -17.2396  -10.1402
eta,q 0.96690 11.97529
  0.0369  0.0359  0.0350  0.0355  0.0354  0.0352  0.0363  0.0376  0.0355  0.0356  0.0344  0.0346
  0.0348  0.0344  0.0340  0.0341  0.0342  0.0341  0.0345  0.0353  0.0342  0.0343  0.0338  0.0338
  0.0335  0.0334  0.0333  0.0333  0.0335  0.0334  0.0334  0.0338  0.0334  0.0335  0.0333  0.0333
  0.0331  0.0331  0.0331  0.0331  0.0331  0.0331  0.0331  0.0331  0.0331  0.0331  0.0331  0.0331
  0.0335  0.0334  0.0333  0.0333  0.0333  0.0332  0.0336  0.0337  0.0334  0.0332  0.0333  0.0333
  0.0349  0.0342  0.0340  0.0341  0.0343  0.0339  0.0346  0.0352  0.0342  0.0340  0.0337  0.0338
  0.0369  0.0354  0.0351  0.0357  0.0359  0.0356  0.0361  0.0376  0.0355  0.0354  0.0344  0.0347
registration optimization eta report
parameter search radius
    2.4000    2.4000    2.4000    8.2800    9.5220    7.2000
    7.2000    7.2000    8.2800    7.2000    7.2000    7.2000
100000*second partial in parameter space
       67.       44.       33.        4.        3.        5.
        6.        8.        3.        5.        2.        3.
  0.0369  0.0359  0.0350  0.0355  0.0354  0.0352  0.0363  0.0376  0.0355  0.0356  0.0344  0.0346
  0.0348  0.0344  0.0340  0.0341  0.0342  0.0341  0.0345  0.0353  0.0342  0.0343  0.0338  0.0338
  0.0335  0.0334  0.0333  0.0333  0.0335  0.0334  0.0334  0.0338  0.0334  0.0335  0.0333  0.0333
  0.0331  0.0331  0.0331  0.0331  0.0331  0.0331  0.0331  0.0331  0.0331  0.0331  0.0331  0.0331
  0.0335  0.0334  0.0333  0.0333  0.0333  0.0332  0.0336  0.0337  0.0334  0.0332  0.0333  0.0333
  0.0349  0.0342  0.0340  0.0341  0.0343  0.0339  0.0346  0.0352  0.0342  0.0340  0.0337  0.0338
  0.0369  0.0354  0.0351  0.0357  0.0359  0.0356  0.0361  0.0376  0.0355  0.0354  0.0344  0.0347
    3.0076   15.4068    9.7886  -10.3640  -15.8242   -3.7548
    4.6396   13.6951   -0.9348    8.5618  -17.2396  -10.1402
eta,q 0.96690 11.97529

---------------------------------------------------------------------
imgreg_4dfp /opt/freesurfer/average/711-2C_as_mni_average_305 /opt/freesurfer/average/711-2B_as_mni_average_305_mask talsrcimg_g11 none talsrcimg_to_711-2C_as_mni_average_305_t4 2311
---------------------------------------------------------------------

freesurfer imgreg_4dfp.c
/opt/freesurfer/average/711-2C_as_mni_average_305.4dfp.img
       256       256       256         1
  1.000000  1.000000  1.000000
orientation T byte_order littleendian
Reading image: /opt/freesurfer/average/711-2C_as_mni_average_305.4dfp.img
dimensions:      256       256       256
mmppix:       1.0000   -1.0000   -1.0000
center:     128.0000 -129.0000 -129.0000
/opt/freesurfer/average/711-2B_as_mni_average_305_mask.4dfp.img
       256       256       256         1
  1.000000  1.000000  1.000000
orientation T byte_order littleendian
Reading mask: /opt/freesurfer/average/711-2B_as_mni_average_305_mask.4dfp.img (2306576 pixels)
talsrcimg_g11.4dfp.img
       256       256       256         1
  1.000000  1.000000  1.000000
orientation T byte_order littleendian
Reading image: talsrcimg_g11.4dfp.img
dimensions:      256       256       256
mmppix:       1.0000   -1.0000   -1.0000
center:     128.0000 -129.0000 -129.0000
fimgreg.f
image alignment mode   2311 decimal      907 hex
parameters
    3.0076   15.4068    9.7886  -10.3640  -15.8242   -3.7548
    4.6396   13.6951   -0.9348    8.5618  -17.2396  -10.1402
eta,q 0.96690 11.97530
niter,ni,del,rscale     5    3    5.0000    0.8000
parameters
    2.9994   15.4732    9.7719  -10.3519  -15.4689   -3.2839
    4.5396   13.7479   -0.9107    9.0045  -17.0992  -10.1337
eta,q 0.96695 12.03140
  0.0348  0.0344  0.0340  0.0339  0.0338  0.0341  0.0345  0.0352  0.0339  0.0343  0.0337  0.0338
  0.0339  0.0337  0.0335  0.0334  0.0335  0.0336  0.0337  0.0341  0.0335  0.0337  0.0334  0.0334
  0.0333  0.0333  0.0332  0.0332  0.0333  0.0332  0.0332  0.0334  0.0332  0.0333  0.0331  0.0332
  0.0331  0.0331  0.0331  0.0331  0.0331  0.0331  0.0331  0.0331  0.0331  0.0331  0.0330  0.0330
  0.0333  0.0332  0.0332  0.0332  0.0331  0.0331  0.0333  0.0333  0.0332  0.0331  0.0331  0.0331
  0.0339  0.0336  0.0335  0.0334  0.0333  0.0333  0.0338  0.0340  0.0335  0.0334  0.0333  0.0334
  0.0349  0.0341  0.0340  0.0338  0.0337  0.0338  0.0345  0.0352  0.0339  0.0340  0.0337  0.0338
niter,ni,del,rscale     4    3    5.0000    0.7000
parameters
    3.0101   15.4985    9.7973  -10.2144  -15.4181   -3.1898
    4.5227   13.8020   -0.9506    9.1323  -17.0691  -10.1140
eta,q 0.96696 12.05104
  0.0344  0.0340  0.0338  0.0336  0.0336  0.0338  0.0342  0.0347  0.0337  0.0339  0.0336  0.0337
  0.0337  0.0335  0.0334  0.0333  0.0333  0.0334  0.0335  0.0339  0.0333  0.0335  0.0333  0.0333
  0.0332  0.0332  0.0331  0.0331  0.0332  0.0331  0.0332  0.0333  0.0331  0.0332  0.0331  0.0331
  0.0330  0.0331  0.0330  0.0331  0.0331  0.0330  0.0330  0.0330  0.0330  0.0330  0.0330  0.0330
  0.0332  0.0332  0.0331  0.0331  0.0331  0.0331  0.0332  0.0332  0.0331  0.0331  0.0331  0.0331
  0.0336  0.0335  0.0333  0.0333  0.0333  0.0333  0.0336  0.0338  0.0334  0.0334  0.0333  0.0333
  0.0344  0.0339  0.0337  0.0336  0.0336  0.0337  0.0342  0.0347  0.0337  0.0339  0.0336  0.0337
niter,ni,del,rscale     3    3    5.0000    0.6000
parameters
    3.0273   15.5036    9.8005  -10.2367  -15.3201   -3.1222
    4.4955   13.8492   -0.9656    9.2061  -17.0608  -10.1080
eta,q 0.96696 12.06103
  0.0340  0.0337  0.0336  0.0334  0.0335  0.0336  0.0338  0.0343  0.0335  0.0337  0.0334  0.0335
  0.0335  0.0333  0.0333  0.0332  0.0333  0.0333  0.0334  0.0337  0.0333  0.0334  0.0332  0.0333
  0.0332  0.0331  0.0331  0.0331  0.0331  0.0331  0.0331  0.0332  0.0331  0.0331  0.0331  0.0331
  0.0330  0.0330  0.0330  0.0330  0.0330  0.0330  0.0330  0.0330  0.0330  0.0330  0.0330  0.0330
  0.0331  0.0331  0.0331  0.0331  0.0330  0.0331  0.0331  0.0332  0.0331  0.0331  0.0331  0.0331
  0.0335  0.0334  0.0333  0.0332  0.0332  0.0332  0.0334  0.0336  0.0333  0.0333  0.0332  0.0332
  0.0340  0.0337  0.0336  0.0334  0.0335  0.0335  0.0339  0.0343  0.0335  0.0337  0.0334  0.0335
niter,ni,del,rscale     2    3    5.0000    0.5000
parameters
    3.0369   15.5011    9.8048  -10.2452  -15.1944   -3.0757
    4.4814   13.8782   -0.9661    9.2424  -17.0711  -10.1088
eta,q 0.96697 12.07194
  0.0337  0.0335  0.0334  0.0333  0.0334  0.0334  0.0336  0.0339  0.0334  0.0335  0.0333  0.0334
  0.0334  0.0332  0.0332  0.0331  0.0332  0.0332  0.0333  0.0335  0.0332  0.0333  0.0332  0.0332
  0.0331  0.0331  0.0331  0.0331  0.0331  0.0331  0.0331  0.0332  0.0331  0.0331  0.0331  0.0331
  0.0330  0.0330  0.0330  0.0330  0.0330  0.0330  0.0330  0.0330  0.0330  0.0330  0.0330  0.0330
  0.0331  0.0331  0.0331  0.0331  0.0330  0.0331  0.0331  0.0331  0.0331  0.0331  0.0331  0.0331
  0.0333  0.0333  0.0332  0.0332  0.0331  0.0332  0.0333  0.0334  0.0332  0.0332  0.0332  0.0332
  0.0337  0.0335  0.0334  0.0333  0.0333  0.0334  0.0336  0.0339  0.0334  0.0335  0.0333  0.0334
niter,ni,del,rscale     1    3    5.0000    0.4000
parameters
    3.0396   15.4916    9.8056  -10.2640  -15.0806   -3.0444
    4.4753   13.9027   -0.9705    9.2487  -17.0715  -10.1015
eta,q 0.96697 12.08014
  0.0335  0.0333  0.0333  0.0332  0.0333  0.0333  0.0334  0.0336  0.0333  0.0333  0.0332  0.0333
  0.0332  0.0332  0.0331  0.0331  0.0332  0.0331  0.0332  0.0333  0.0331  0.0332  0.0331  0.0331
  0.0331  0.0331  0.0331  0.0330  0.0331  0.0331  0.0331  0.0331  0.0331  0.0331  0.0331  0.0331
  0.0330  0.0330  0.0330  0.0330  0.0330  0.0330  0.0330  0.0330  0.0330  0.0330  0.0330  0.0330
  0.0331  0.0331  0.0331  0.0331  0.0330  0.0330  0.0331  0.0331  0.0331  0.0331  0.0331  0.0331
  0.0332  0.0332  0.0331  0.0331  0.0331  0.0331  0.0332  0.0333  0.0331  0.0332  0.0331  0.0331
  0.0335  0.0334  0.0333  0.0332  0.0332  0.0332  0.0334  0.0336  0.0333  0.0334  0.0332  0.0332
registration optimization eta report
parameter search radius
    0.8000    0.8000    0.8000    2.4000    2.4000    2.4000
    2.4000    2.4000    2.4000    2.4000    2.4000    2.4000
100000*second partial in parameter space
       68.       50.       37.        3.        4.        4.
        6.       10.        4.        5.        3.        4.
  0.0335  0.0333  0.0333  0.0332  0.0333  0.0333  0.0334  0.0336  0.0333  0.0333  0.0332  0.0333
  0.0332  0.0332  0.0331  0.0331  0.0332  0.0331  0.0332  0.0333  0.0331  0.0332  0.0331  0.0331
  0.0331  0.0331  0.0331  0.0330  0.0331  0.0331  0.0331  0.0331  0.0331  0.0331  0.0331  0.0331
  0.0330  0.0330  0.0330  0.0330  0.0330  0.0330  0.0330  0.0330  0.0330  0.0330  0.0330  0.0330
  0.0331  0.0331  0.0331  0.0331  0.0330  0.0330  0.0331  0.0331  0.0331  0.0331  0.0331  0.0331
  0.0332  0.0332  0.0331  0.0331  0.0331  0.0331  0.0332  0.0333  0.0331  0.0332  0.0331  0.0331
  0.0335  0.0334  0.0333  0.0332  0.0332  0.0332  0.0334  0.0336  0.0333  0.0334  0.0332  0.0332
    3.0396   15.4916    9.8056  -10.2640  -15.0806   -3.0444
    4.4753   13.9027   -0.9705    9.2487  -17.0715  -10.1015
eta,q 0.96697 12.08014

---------------------------------------------------------------------
imgreg_4dfp /opt/freesurfer/average/711-2C_as_mni_average_305 /opt/freesurfer/average/711-2B_as_mni_average_305_mask talsrcimg_g11 none talsrcimg_to_711-2C_as_mni_average_305_t4 2311
---------------------------------------------------------------------

freesurfer imgreg_4dfp.c
/opt/freesurfer/average/711-2C_as_mni_average_305.4dfp.img
       256       256       256         1
  1.000000  1.000000  1.000000
orientation T byte_order littleendian
Reading image: /opt/freesurfer/average/711-2C_as_mni_average_305.4dfp.img
dimensions:      256       256       256
mmppix:       1.0000   -1.0000   -1.0000
center:     128.0000 -129.0000 -129.0000
/opt/freesurfer/average/711-2B_as_mni_average_305_mask.4dfp.img
       256       256       256         1
  1.000000  1.000000  1.000000
orientation T byte_order littleendian
Reading mask: /opt/freesurfer/average/711-2B_as_mni_average_305_mask.4dfp.img (2306576 pixels)
talsrcimg_g11.4dfp.img
       256       256       256         1
  1.000000  1.000000  1.000000
orientation T byte_order littleendian
Reading image: talsrcimg_g11.4dfp.img
dimensions:      256       256       256
mmppix:       1.0000   -1.0000   -1.0000
center:     128.0000 -129.0000 -129.0000
fimgreg.f
image alignment mode   2311 decimal      907 hex
parameters
    3.0396   15.4916    9.8056  -10.2640  -15.0806   -3.0444
    4.4753   13.9027   -0.9705    9.2487  -17.0715  -10.1015
eta,q 0.96697 12.08014
niter,ni,del,rscale     5    3    5.0000    0.8000
parameters
    3.0460   15.5002    9.7906  -10.0938  -15.5197   -3.2842
    4.5199   13.8539   -0.9845    9.0571  -17.0791  -10.1193
eta,q 0.96695 12.04723
  0.0348  0.0343  0.0339  0.0338  0.0336  0.0339  0.0345  0.0351  0.0339  0.0340  0.0337  0.0338
  0.0338  0.0336  0.0334  0.0334  0.0334  0.0334  0.0337  0.0340  0.0334  0.0335  0.0334  0.0334
  0.0332  0.0332  0.0331  0.0331  0.0331  0.0331  0.0332  0.0333  0.0331  0.0332  0.0331  0.0332
  0.0330  0.0330  0.0330  0.0330  0.0330  0.0330  0.0330  0.0330  0.0330  0.0330  0.0330  0.0330
  0.0332  0.0332  0.0331  0.0331  0.0331  0.0331  0.0332  0.0333  0.0332  0.0332  0.0331  0.0331
  0.0338  0.0336  0.0335  0.0333  0.0335  0.0335  0.0337  0.0341  0.0335  0.0336  0.0334  0.0334
  0.0348  0.0342  0.0340  0.0337  0.0340  0.0342  0.0344  0.0352  0.0339  0.0343  0.0337  0.0338
niter,ni,del,rscale     4    3    5.0000    0.7000
parameters
    3.0419   15.5087    9.7940  -10.2463  -15.4538   -3.2167
    4.4962   13.8449   -0.9834    9.1548  -17.0613  -10.1275
eta,q 0.96696 12.04589
  0.0344  0.0340  0.0337  0.0336  0.0336  0.0338  0.0342  0.0347  0.0337  0.0339  0.0336  0.0336
  0.0336  0.0335  0.0334  0.0332  0.0334  0.0334  0.0335  0.0338  0.0334  0.0335  0.0333  0.0333
  0.0332  0.0331  0.0331  0.0331  0.0332  0.0331  0.0332  0.0333  0.0331  0.0332  0.0331  0.0331
  0.0330  0.0331  0.0330  0.0331  0.0330  0.0330  0.0330  0.0330  0.0330  0.0330  0.0330  0.0330
  0.0332  0.0332  0.0331  0.0331  0.0331  0.0331  0.0332  0.0332  0.0331  0.0331  0.0331  0.0331
  0.0336  0.0335  0.0334  0.0333  0.0332  0.0333  0.0336  0.0338  0.0334  0.0334  0.0333  0.0333
  0.0344  0.0339  0.0337  0.0336  0.0336  0.0337  0.0342  0.0347  0.0337  0.0339  0.0336  0.0337
niter,ni,del,rscale     3    3    5.0000    0.6000
parameters
    3.0350   15.5137    9.7945  -10.2593  -15.3450   -3.1434
    4.4848   13.8564   -0.9790    9.2363  -17.0536  -10.1320
eta,q 0.96697 12.05713
  0.0340  0.0337  0.0336  0.0334  0.0335  0.0336  0.0339  0.0343  0.0336  0.0337  0.0334  0.0335
  0.0335  0.0334  0.0333  0.0332  0.0333  0.0333  0.0334  0.0336  0.0333  0.0334  0.0332  0.0332
  0.0331  0.0331  0.0331  0.0331  0.0331  0.0331  0.0331  0.0332  0.0331  0.0332  0.0331  0.0331
  0.0330  0.0330  0.0330  0.0330  0.0330  0.0330  0.0330  0.0330  0.0330  0.0330  0.0330  0.0330
  0.0332  0.0331  0.0331  0.0331  0.0330  0.0331  0.0331  0.0332  0.0331  0.0331  0.0331  0.0331
  0.0335  0.0334  0.0333  0.0332  0.0332  0.0332  0.0334  0.0336  0.0333  0.0333  0.0332  0.0332
  0.0340  0.0337  0.0336  0.0334  0.0335  0.0335  0.0339  0.0343  0.0335  0.0337  0.0334  0.0335
niter,ni,del,rscale     2    3    5.0000    0.5000
parameters
    3.0373   15.5139    9.7997  -10.2698  -15.2284   -3.0890
    4.4820   13.8785   -0.9815    9.2778  -17.0693  -10.1175
eta,q 0.96697 12.06780
  0.0337  0.0335  0.0334  0.0333  0.0333  0.0334  0.0336  0.0339  0.0334  0.0335  0.0333  0.0334
  0.0333  0.0333  0.0332  0.0331  0.0332  0.0332  0.0333  0.0335  0.0332  0.0333  0.0332  0.0332
  0.0331  0.0331  0.0331  0.0331  0.0331  0.0331  0.0331  0.0332  0.0331  0.0331  0.0331  0.0331
  0.0330  0.0330  0.0330  0.0330  0.0330  0.0330  0.0330  0.0330  0.0330  0.0330  0.0330  0.0330
  0.0331  0.0331  0.0331  0.0331  0.0330  0.0331  0.0331  0.0331  0.0331  0.0331  0.0331  0.0331
  0.0333  0.0333  0.0332  0.0332  0.0331  0.0332  0.0333  0.0334  0.0332  0.0332  0.0332  0.0332
  0.0337  0.0335  0.0334  0.0333  0.0333  0.0334  0.0336  0.0339  0.0334  0.0335  0.0333  0.0334
niter,ni,del,rscale     1    3    5.0000    0.4000
parameters
    3.0375   15.5020    9.8042  -10.2800  -15.1293   -3.0498
    4.4675   13.9004   -0.9746    9.2810  -17.0754  -10.1112
eta,q 0.96697 12.07604
  0.0335  0.0333  0.0333  0.0332  0.0332  0.0332  0.0334  0.0336  0.0333  0.0333  0.0332  0.0332
  0.0332  0.0332  0.0331  0.0331  0.0332  0.0331  0.0332  0.0333  0.0331  0.0332  0.0331  0.0331
  0.0331  0.0331  0.0331  0.0330  0.0331  0.0331  0.0331  0.0331  0.0331  0.0331  0.0330  0.0331
  0.0330  0.0330  0.0330  0.0330  0.0330  0.0330  0.0330  0.0330  0.0330  0.0330  0.0330  0.0330
  0.0331  0.0331  0.0331  0.0331  0.0330  0.0330  0.0331  0.0331  0.0331  0.0331  0.0331  0.0331
  0.0332  0.0332  0.0331  0.0331  0.0331  0.0331  0.0332  0.0333  0.0331  0.0332  0.0331  0.0331
  0.0335  0.0334  0.0333  0.0332  0.0332  0.0332  0.0334  0.0336  0.0333  0.0334  0.0332  0.0332
registration optimization eta report
parameter search radius
    0.8000    0.8000    0.8000    2.4000    2.4000    2.4000
    2.4000    2.4000    2.4000    2.4000    2.4000    2.4000
100000*second partial in parameter space
       68.       50.       37.        3.        4.        4.
        6.       10.        4.        6.        3.        4.
  0.0335  0.0333  0.0333  0.0332  0.0332  0.0332  0.0334  0.0336  0.0333  0.0333  0.0332  0.0332
  0.0332  0.0332  0.0331  0.0331  0.0332  0.0331  0.0332  0.0333  0.0331  0.0332  0.0331  0.0331
  0.0331  0.0331  0.0331  0.0330  0.0331  0.0331  0.0331  0.0331  0.0331  0.0331  0.0330  0.0331
  0.0330  0.0330  0.0330  0.0330  0.0330  0.0330  0.0330  0.0330  0.0330  0.0330  0.0330  0.0330
  0.0331  0.0331  0.0331  0.0331  0.0330  0.0330  0.0331  0.0331  0.0331  0.0331  0.0331  0.0331
  0.0332  0.0332  0.0331  0.0331  0.0331  0.0331  0.0332  0.0333  0.0331  0.0332  0.0331  0.0331
  0.0335  0.0334  0.0333  0.0332  0.0332  0.0332  0.0334  0.0336  0.0333  0.0334  0.0332  0.0332
    3.0375   15.5020    9.8042  -10.2800  -15.1293   -3.0498
    4.4675   13.9004   -0.9746    9.2810  -17.0754  -10.1112
eta,q 0.96697 12.07604

---------------------------------------------------------------------
compute_vox2vox talsrcimg talsrcimg_to_711-2C_as_mni_average_305_t4 /opt/freesurfer/average/711-2C_as_mni_average_305
---------------------------------------------------------------------

freesurfer compute_vox2vox.c
Reading: talsrcimg.4dfp.ifh
Reading: talsrcimg_to_711-2C_as_mni_average_305_t4
Reading: /opt/freesurfer/average/711-2C_as_mni_average_305.4dfp.ifh
Writing: talsrcimg_to_711-2C_as_mni_average_305_t4_vox2vox.txt

start time Tue Mar 10 02:57:20 CET 2026
end		time Tue Mar 10 02:57:34 CET 2026

mpr2mni305 success

avi2talxfm orig_nu.mgz /opt/freesurfer/average/mni305.cor.mgz talsrcimg_to_711-2C_as_mni_average_305_t4_vox2vox.txt transforms/talairach.auto.xfm
avi2talxfm done
mv -f /out/sourcedata/freesurfer/sub-v1s4x0050706_ses-1/mri/talsrcimg_to_711-2C_as_mni_average_305_t4_vox2vox.txt /out/sourcedata/freesurfer/sub-v1s4x0050706_ses-1/mri/transforms/talsrcimg_to_711-2C_as_mni_average_305_t4_vox2vox.txt
lta_convert --src orig_nu.mgz --trg /opt/freesurfer/average/mni305.cor.mgz --inxfm transforms/talairach.auto.xfm --outlta transforms/talairach.auto.xfm.lta --subject fsaverage
7.3.2

--src: orig_nu.mgz src image (geometry).
--trg: /opt/freesurfer/average/mni305.cor.mgz trg image (geometry).
--inmni: transforms/talairach.auto.xfm input MNI/XFM transform.
--outlta: transforms/talairach.auto.xfm.lta output LTA.
--s: fsaverage subject name
 LTA read, type : 1
 1.08551  -0.14847  -0.07483   4.02054;
 0.19031   0.99380   0.10838  -22.68230;
-0.00835  -0.11038   1.16555  -31.37160;
 0.00000   0.00000   0.00000   1.00000;
setting subject to fsaverage
Writing  LTA to file transforms/talairach.auto.xfm.lta...
lta_convert successful.
 
 
Started at Tue Mar 10 02:57:20 CET 2026
Ended   at Tue Mar 10 02:57:34 CET 2026
talairach_avi done
