status file for recon-all
Tue Mar 10 04:25:34 CET 2026
#@# Tessellate rh Tue Mar 10 04:25:34 CET 2026
#@# Smooth1 rh Tue Mar 10 04:25:37 CET 2026
#@# Inflation1 rh Tue Mar 10 04:25:39 CET 2026
#@# QSphere rh Tue Mar 10 04:25:46 CET 2026
#@# Fix Topology rh Tue Mar 10 04:26:31 CET 2026
#@# Smooth2 rh Tue Mar 10 04:31:22 CET 2026
#@# Inflation2 rh Tue Mar 10 04:31:24 CET 2026
#@# Curv .H and .K rh Tue Mar 10 04:31:32 CET 2026
#@# Sphere rh Tue Mar 10 04:32:12 CET 2026
#@# Surf Reg rh Tue Mar 10 04:34:29 CET 2026
#@# Jacobian white rh Tue Mar 10 04:37:21 CET 2026
#@# AvgCurv rh Tue Mar 10 04:37:22 CET 2026
#@# Cortical Parc rh Tue Mar 10 04:37:22 CET 2026
#@# white curv rh Tue Mar 10 04:43:07 CET 2026
#@# white area rh Tue Mar 10 04:43:08 CET 2026
#@# pial curv rh Tue Mar 10 04:43:09 CET 2026
#@# pial area rh Tue Mar 10 04:43:10 CET 2026
#@# thickness rh Tue Mar 10 04:43:11 CET 2026
#@# area and vertex vol rh Tue Mar 10 04:43:32 CET 2026
#@# Curvature Stats rh Tue Mar 10 04:43:33 CET 2026
#@# Cortical Parc 2 rh Tue Mar 10 04:43:34 CET 2026
#@# Cortical Parc 3 rh Tue Mar 10 04:43:45 CET 2026
#@# WM/GM Contrast rh Tue Mar 10 04:43:53 CET 2026
recon-all -s sub-v1s4x0050706_ses-1 finished without error at Tue Mar 10 04:43:55 CET 2026



#New# invocation of recon-all 



status file for recon-all
Tue Mar 10 04:50:26 CET 2026
#@# white curv rh Tue Mar 10 04:50:26 CET 2026
#@# white area rh Tue Mar 10 04:50:26 CET 2026
#@# pial curv rh Tue Mar 10 04:50:26 CET 2026
#@# pial area rh Tue Mar 10 04:50:26 CET 2026
#@# thickness rh Tue Mar 10 04:50:26 CET 2026
#@# area and vertex vol rh Tue Mar 10 04:50:26 CET 2026
#@# Parcellation Stats rh Tue Mar 10 04:50:26 CET 2026
#@# Parcellation Stats 2 rh Tue Mar 10 04:50:42 CET 2026
#@# Parcellation Stats 3 rh Tue Mar 10 04:50:51 CET 2026
#@# BA_exvivo Labels rh Tue Mar 10 04:50:59 CET 2026
recon-all -s sub-v1s4x0050706_ses-1 finished without error at Tue Mar 10 04:52:54 CET 2026
