status file for recon-all
Tue Mar 10 02:54:40 CET 2026
#@# MotionCor Tue Mar 10 02:54:41 CET 2026
#@# Talairach Tue Mar 10 02:54:47 CET 2026
#@# Talairach Failure Detection Tue Mar 10 02:57:37 CET 2026
#@# Nu Intensity Correction Tue Mar 10 02:57:37 CET 2026
#@# Intensity Normalization Tue Mar 10 03:00:21 CET 2026
recon-all -s sub-v1s4x0050706_ses-1 finished without error at Tue Mar 10 03:01:19 CET 2026



#New# invocation of recon-all 



status file for recon-all
Tue Mar 10 03:07:07 CET 2026
#@# EM Registration Tue Mar 10 03:07:07 CET 2026
recon-all -s sub-v1s4x0050706_ses-1 finished without error at Tue Mar 10 03:08:34 CET 2026



#New# invocation of recon-all 



status file for recon-all
Tue Mar 10 03:08:37 CET 2026
#@# CA Normalize Tue Mar 10 03:08:37 CET 2026
#@# CA Reg Tue Mar 10 03:09:29 CET 2026
#@# SubCort Seg Tue Mar 10 03:41:27 CET 2026
#@# CC Seg Tue Mar 10 04:04:00 CET 2026
#@# Merge ASeg Tue Mar 10 04:04:42 CET 2026
#@# Intensity Normalization2 Tue Mar 10 04:04:42 CET 2026
#@# Mask BFS Tue Mar 10 04:06:08 CET 2026
#@# WM Segmentation Tue Mar 10 04:06:09 CET 2026
#@# Fill Tue Mar 10 04:07:39 CET 2026
recon-all -s sub-v1s4x0050706_ses-1 finished without error at Tue Mar 10 04:08:17 CET 2026



#New# invocation of recon-all 



status file for recon-all
Tue Mar 10 04:44:00 CET 2026
#@# white curv lh Tue Mar 10 04:44:00 CET 2026
#@# white area lh Tue Mar 10 04:44:00 CET 2026
#@# pial curv lh Tue Mar 10 04:44:00 CET 2026
#@# pial area lh Tue Mar 10 04:44:00 CET 2026
#@# thickness lh Tue Mar 10 04:44:00 CET 2026
#@# area and vertex vol lh Tue Mar 10 04:44:00 CET 2026
#@# white curv rh Tue Mar 10 04:44:00 CET 2026
#@# white area rh Tue Mar 10 04:44:00 CET 2026
#@# pial curv rh Tue Mar 10 04:44:00 CET 2026
#@# pial area rh Tue Mar 10 04:44:00 CET 2026
#@# thickness rh Tue Mar 10 04:44:00 CET 2026
#@# area and vertex vol rh Tue Mar 10 04:44:00 CET 2026
#@# Cortical ribbon mask Tue Mar 10 04:44:00 CET 2026
recon-all -s sub-v1s4x0050706_ses-1 finished without error at Tue Mar 10 04:47:53 CET 2026



#New# invocation of recon-all 



status file for recon-all
Tue Mar 10 04:52:58 CET 2026
#@# white curv lh Tue Mar 10 04:52:58 CET 2026
#@# white area lh Tue Mar 10 04:52:58 CET 2026
#@# pial curv lh Tue Mar 10 04:52:58 CET 2026
#@# pial area lh Tue Mar 10 04:52:58 CET 2026
#@# thickness lh Tue Mar 10 04:52:58 CET 2026
#@# area and vertex vol lh Tue Mar 10 04:52:58 CET 2026
#@# white curv rh Tue Mar 10 04:52:58 CET 2026
#@# white area rh Tue Mar 10 04:52:58 CET 2026
#@# pial curv rh Tue Mar 10 04:52:58 CET 2026
#@# pial area rh Tue Mar 10 04:52:58 CET 2026
#@# thickness rh Tue Mar 10 04:52:58 CET 2026
#@# area and vertex vol rh Tue Mar 10 04:52:58 CET 2026
#@# Curvature Stats lh Tue Mar 10 04:52:58 CET 2026
#@# Curvature Stats rh Tue Mar 10 04:53:00 CET 2026
#@# Relabel Hypointensities Tue Mar 10 04:53:01 CET 2026
#@# APas-to-ASeg Tue Mar 10 04:53:12 CET 2026
#@# AParc-to-ASeg aparc Tue Mar 10 04:53:17 CET 2026
#@# AParc-to-ASeg aparc.a2009s Tue Mar 10 04:53:38 CET 2026
#@# AParc-to-ASeg aparc.DKTatlas Tue Mar 10 04:53:57 CET 2026
#@# WMParc Tue Mar 10 04:54:18 CET 2026
#@# ASeg Stats Tue Mar 10 04:56:08 CET 2026
recon-all -s sub-v1s4x0050706_ses-1 finished without error at Tue Mar 10 04:56:24 CET 2026
