status file for recon-all
Tue Mar 10 04:08:22 CET 2026
#@# Tessellate lh Tue Mar 10 04:08:22 CET 2026
#@# Smooth1 lh Tue Mar 10 04:08:24 CET 2026
#@# Inflation1 lh Tue Mar 10 04:08:26 CET 2026
#@# QSphere lh Tue Mar 10 04:08:34 CET 2026
#@# Fix Topology lh Tue Mar 10 04:09:28 CET 2026
#@# Smooth2 lh Tue Mar 10 04:14:12 CET 2026
#@# Inflation2 lh Tue Mar 10 04:14:14 CET 2026
#@# Curv .H and .K lh Tue Mar 10 04:14:21 CET 2026
#@# Sphere lh Tue Mar 10 04:15:01 CET 2026
#@# Surf Reg lh Tue Mar 10 04:16:56 CET 2026
#@# Jacobian white lh Tue Mar 10 04:19:18 CET 2026
#@# AvgCurv lh Tue Mar 10 04:19:18 CET 2026
#@# Cortical Parc lh Tue Mar 10 04:19:19 CET 2026
#@# white curv lh Tue Mar 10 04:24:46 CET 2026
#@# white area lh Tue Mar 10 04:24:47 CET 2026
#@# pial curv lh Tue Mar 10 04:24:48 CET 2026
#@# pial area lh Tue Mar 10 04:24:49 CET 2026
#@# thickness lh Tue Mar 10 04:24:49 CET 2026
#@# area and vertex vol lh Tue Mar 10 04:25:10 CET 2026
#@# Curvature Stats lh Tue Mar 10 04:25:11 CET 2026
#@# Cortical Parc 2 lh Tue Mar 10 04:25:12 CET 2026
#@# Cortical Parc 3 lh Tue Mar 10 04:25:22 CET 2026
#@# WM/GM Contrast lh Tue Mar 10 04:25:30 CET 2026
recon-all -s sub-v1s4x0050706_ses-1 finished without error at Tue Mar 10 04:25:32 CET 2026



#New# invocation of recon-all 



status file for recon-all
Tue Mar 10 04:47:58 CET 2026
#@# white curv lh Tue Mar 10 04:47:58 CET 2026
#@# white area lh Tue Mar 10 04:47:58 CET 2026
#@# pial curv lh Tue Mar 10 04:47:58 CET 2026
#@# pial area lh Tue Mar 10 04:47:58 CET 2026
#@# thickness lh Tue Mar 10 04:47:58 CET 2026
#@# area and vertex vol lh Tue Mar 10 04:47:58 CET 2026
#@# Parcellation Stats lh Tue Mar 10 04:47:58 CET 2026
#@# Parcellation Stats 2 lh Tue Mar 10 04:48:14 CET 2026
#@# Parcellation Stats 3 lh Tue Mar 10 04:48:22 CET 2026
#@# BA_exvivo Labels lh Tue Mar 10 04:48:29 CET 2026
recon-all -s sub-v1s4x0050706_ses-1 finished without error at Tue Mar 10 04:50:23 CET 2026
