/out/sourcedata/freesurfer/sub-v1s4x0050683_ses-1/mri
/opt/freesurfer/bin/talairach_avi
--i orig_nu.mgz --xfm transforms/talairach.auto.xfm
talairach_avi 7.3.2
Linux dna025 5.14.0-427.37.1.el9_4.x86_64 #1 SMP PREEMPT_DYNAMIC Fri Sep 13 12:41:50 EDT 2024 x86_64 x86_64 x86_64 GNU/Linux
Tue Mar 10 01:55:52 CET 2026
mri_convert orig_nu.mgz talsrcimg.img 
reading from orig_nu.mgz...
TR=0.00, TE=0.00, TI=0.00, flip angle=0.00
i_ras = (-1, -1.50612e-09, -8.73115e-11)
j_ras = (0, 7.45058e-09, -1)
k_ras = (1.51522e-09, 1, 0)
writing to talsrcimg.img...
Analyze Output Matrix
-1.00000   0.00000   0.00000   132.11536;
-0.00000   0.00000   1.00000  -125.08971;
-0.00000  -1.00000   0.00000   132.38303;
 0.00000   0.00000   0.00000   1.00000;
--------------------
INFO: set hdr.hist.orient to -1
mpr2mni305 talsrcimg
Tue Mar 10 01:55:52 CET 2026
/opt/freesurfer/bin/mpr2mni305 talsrcimg
mpr2mni305 7.3.2
target=711-2C_as_mni_average_305

---------------------------------------------------------------------
analyzeto4dfp talsrcimg -O0 -y
---------------------------------------------------------------------

freesurfer ifh2hdr.c
Tue Mar 10 01:55:52 2026
Writing: talsrcimg.4dfp.hdr
freesurfer analyzeto4dfp.c
Reading: talsrcimg.hdr
header size 348 bytes
hdr.dime.datatype	offset=70	value=2
hdr.dime.bitpix		offset=72	value=8
hdr.hist.orient		offset=252	value=-1
dimensionality     4
dimensions       256       256       256         1
Reading: talsrcimg.img
Writing: talsrcimg.4dfp.img
Writing: talsrcimg.4dfp.ifh
ifh2hdr talsrcimg -r0to245
ori=2

---------------------------------------------------------------------
gauss_4dfp talsrcimg 1.1
---------------------------------------------------------------------

freesurfer gauss_4dfp.c
Reading: talsrcimg.4dfp.img
Writing: talsrcimg_g11.4dfp.img
image dimensions 256 256 256 padded to 288 288 288
processing volume 1freesurfer ifh2hdr.c
Tue Mar 10 01:55:54 2026
Writing: talsrcimg_g11.4dfp.hdr

Writing: talsrcimg_g11.4dfp.ifh
including: talsrcimg.4dfp.img.rec in talsrcimg_g11.4dfp.img.rec

---------------------------------------------------------------------
imgreg_4dfp /opt/freesurfer/average/711-2C_as_mni_average_305 none talsrcimg_g11 none talsrcimg_to_711-2C_as_mni_average_305_t4 4355
---------------------------------------------------------------------

freesurfer imgreg_4dfp.c
/opt/freesurfer/average/711-2C_as_mni_average_305.4dfp.img
       256       256       256         1
  1.000000  1.000000  1.000000
orientation T byte_order littleendian
Reading image: /opt/freesurfer/average/711-2C_as_mni_average_305.4dfp.img
dimensions:      256       256       256
mmppix:       1.0000   -1.0000   -1.0000
center:     128.0000 -129.0000 -129.0000
talsrcimg_g11.4dfp.img
       256       256       256         1
  1.000000  1.000000  1.000000
orientation T byte_order littleendian
Reading image: talsrcimg_g11.4dfp.img
dimensions:      256       256       256
mmppix:       1.0000   -1.0000   -1.0000
center:     128.0000 -129.0000 -129.0000
t4_read: open error in t4_sub.f l:  41 t4_file(1:l)talsrcimg_to_711-2C_as_mni_average_305_t4 
t4_read: transform initialized to I4
rotation matrix determinant  1.000000
image alignment mode   4355 decimal     1103 hex
   -7.5000  -45.0000  -45.0000 8768.4854   14.5536
    0.0000  -45.0000  -45.0000 9193.0283   14.5532
    7.5000  -45.0000  -45.0000 8853.4131   14.5523
   -7.5000  -37.5000  -45.0000 9215.2441   14.4147
    0.0000  -37.5000  -45.0000 9658.2021   14.4178
    7.5000  -37.5000  -45.0000 9282.2900   14.4167
   -7.5000  -30.0000  -45.000010073.8730   14.3655
    0.0000  -30.0000  -45.000010534.5303   14.3665
    7.5000  -30.0000  -45.000010102.8711   14.3552
   -7.5000  -22.5000  -45.000010709.7080   14.3699
    0.0000  -22.5000  -45.000011218.2412   14.3646
    7.5000  -22.5000  -45.000010759.1299   14.3415
   -7.5000  -15.0000  -45.000011228.7402   14.3674
    0.0000  -15.0000  -45.000011777.6836   14.3572
    7.5000  -15.0000  -45.000011261.3594   14.3317
   -7.5000   -7.5000  -45.000011654.4561   14.3453
    0.0000   -7.5000  -45.000012249.7471   14.3377
    7.5000   -7.5000  -45.000011690.1943   14.3237
   -7.5000    0.0000  -45.000011937.7021   14.3262
    0.0000    0.0000  -45.000012574.0723   14.3256
    7.5000    0.0000  -45.000011982.3496   14.3245
   -7.5000    7.5000  -45.000011337.5732   14.3317
    0.0000    7.5000  -45.000011967.0498   14.3349
    7.5000    7.5000  -45.000011399.7070   14.3340
   -7.5000   15.0000  -45.000010698.4238   14.3664
    0.0000   15.0000  -45.000011286.1455   14.3674
    7.5000   15.0000  -45.000010758.7949   14.3562
   -7.5000   22.5000  -45.000010045.8311   14.6577
    0.0000   22.5000  -45.000010600.2998   14.6509
    7.5000   22.5000  -45.000010100.5244   14.6241
   -7.5000   30.0000  -45.0000 9428.8975   14.8424
    0.0000   30.0000  -45.0000 9947.8818   14.8327
    7.5000   30.0000  -45.0000 9465.3506   14.8031
   -7.5000   37.5000  -45.0000 9146.2725   15.2550
    0.0000   37.5000  -45.0000 9660.6846   15.2471
    7.5000   37.5000  -45.0000 9171.3711   15.2234
   -7.5000   45.0000  -45.0000 8533.5674   15.3007
    0.0000   45.0000  -45.0000 9003.4111   15.2941
    7.5000   45.0000  -45.0000 8558.7920   15.2854
   -7.5000  -45.0000  -37.5000 9337.6025   14.5087
    0.0000  -45.0000  -37.5000 9768.7031   14.5051
    7.5000  -45.0000  -37.5000 9414.6514   14.5089
   -7.5000  -37.5000  -37.5000 9849.1289   14.3761
    0.0000  -37.5000  -37.500010312.8701   14.3759
    7.5000  -37.5000  -37.5000 9902.4121   14.3775
   -7.5000  -30.0000  -37.500010750.9590   14.3240
    0.0000  -30.0000  -37.500011250.1924   14.3229
    7.5000  -30.0000  -37.500010793.4199   14.3141
   -7.5000  -22.5000  -37.500011460.2539   14.3175
    0.0000  -22.5000  -37.500012004.6572   14.3116
    7.5000  -22.5000  -37.500011493.2969   14.2932
   -7.5000  -15.0000  -37.500012000.7217   14.3082
    0.0000  -15.0000  -37.500012600.5439   14.2979
    7.5000  -15.0000  -37.500012051.5127   14.2794
   -7.5000   -7.5000  -37.500012426.2275   14.2911
    0.0000   -7.5000  -37.500013061.6621   14.2821
    7.5000   -7.5000  -37.500012474.5264   14.2750
   -7.5000    0.0000  -37.500012708.7568   14.2821
    0.0000    0.0000  -37.500013369.6260   14.2786
    7.5000    0.0000  -37.500012751.6055   14.2821
   -7.5000    7.5000  -37.500012064.2520   14.2936
    0.0000    7.5000  -37.500012730.0664   14.2934
    7.5000    7.5000  -37.500012105.1611   14.2952
   -7.5000   15.0000  -37.500011364.0098   14.3250
    0.0000   15.0000  -37.500011979.7607   14.3239
    7.5000   15.0000  -37.500011402.4785   14.3151
   -7.5000   22.5000  -37.500010653.8828   14.6028
    0.0000   22.5000  -37.500011235.6465   14.5957
    7.5000   22.5000  -37.500010684.2871   14.5742
   -7.5000   30.0000  -37.5000 9976.5625   14.7821
    0.0000   30.0000  -37.500010549.5801   14.7726
    7.5000   30.0000  -37.500010013.2539   14.7523
   -7.5000   37.5000  -37.5000 9692.5020   15.2047
    0.0000   37.5000  -37.500010230.1777   15.1977
    7.5000   37.5000  -37.5000 9720.2832   15.1837
   -7.5000   45.0000  -37.5000 9016.8193   15.2625
    0.0000   45.0000  -37.5000 9520.9551   15.2557
    7.5000   45.0000  -37.5000 9042.8242   15.2540
   -7.5000  -45.0000  -30.000010005.0459   15.0899
    0.0000  -45.0000  -30.000010498.7432   15.0876
    7.5000  -45.0000  -30.000010100.1328   15.0894
   -7.5000  -37.5000  -30.000010586.8760   14.9518
    0.0000  -37.5000  -30.000011127.9912   14.9539
    7.5000  -37.5000  -30.000010667.8604   14.9536
   -7.5000  -30.0000  -30.000011568.7031   14.9033
    0.0000  -30.0000  -30.000012145.7666   14.9057
    7.5000  -30.0000  -30.000011620.1895   14.8966
   -7.5000  -22.5000  -30.000012333.5029   14.9020
    0.0000  -22.5000  -30.000012948.3037   14.8995
    7.5000  -22.5000  -30.000012361.4932   14.8825
   -7.5000  -15.0000  -30.000012916.9014   14.8927
    0.0000  -15.0000  -30.000013555.7236   14.8851
    7.5000  -15.0000  -30.000012966.9199   14.8679
   -7.5000   -7.5000  -30.000013377.9824   14.8694
    0.0000   -7.5000  -30.000014052.4033   14.8621
    7.5000   -7.5000  -30.000013450.7158   14.8547
   -7.5000    0.0000  -30.000013677.2578   14.8541
    0.0000    0.0000  -30.000014381.8623   14.8518
    7.5000    0.0000  -30.000013731.0293   14.8533
   -7.5000    7.5000  -30.000012990.3262   14.8661
    0.0000    7.5000  -30.000013688.9385   14.8682
    7.5000    7.5000  -30.000013026.6436   14.8680
   -7.5000   15.0000  -30.000012209.2607   14.9043
    0.0000   15.0000  -30.000012857.3643   14.9066
    7.5000   15.0000  -30.000012225.5635   14.8976
   -7.5000   22.5000  -30.000011444.5449   15.1942
    0.0000   22.5000  -30.000012058.6514   15.1900
    7.5000   22.5000  -30.000011455.3105   15.1696
   -7.5000   30.0000  -30.000010711.5820   15.3856
    0.0000   30.0000  -30.000011319.5068   15.3772
    7.5000   30.0000  -30.000010721.1162   15.3586
   -7.5000   37.5000  -30.000010386.8662   15.8196
    0.0000   37.5000  -30.000010973.8438   15.8121
    7.5000   37.5000  -30.000010426.2891   15.7979
   -7.5000   45.0000  -30.0000 9652.0918   15.8868
    0.0000   45.0000  -30.000010190.0088   15.8788
    7.5000   45.0000  -30.0000 9675.4521   15.8736
   -7.5000  -45.0000  -22.500010673.4824   15.5961
    0.0000  -45.0000  -22.500011222.4355   15.5990
    7.5000  -45.0000  -22.500010782.8262   15.5927
   -7.5000  -37.5000  -22.500011313.6133   15.4460
    0.0000  -37.5000  -22.500011903.6836   15.4543
    7.5000  -37.5000  -22.500011422.4756   15.4488
   -7.5000  -30.0000  -22.500012321.0732   15.4039
    0.0000  -30.0000  -22.500012954.8418   15.4126
    7.5000  -30.0000  -22.500012404.9961   15.4009
   -7.5000  -22.5000  -22.500013145.6914   15.4202
    0.0000  -22.5000  -22.500013795.4580   15.4225
    7.5000  -22.5000  -22.500013206.2227   15.4022
   -7.5000  -15.0000  -22.500013768.4893   15.4194
    0.0000  -15.0000  -22.500014462.0010   15.4149
    7.5000  -15.0000  -22.500013814.0449   15.3920
   -7.5000   -7.5000  -22.500014286.9346   15.3853
    0.0000   -7.5000  -22.500015030.0918   15.3814
    7.5000   -7.5000  -22.500014374.9111   15.3660
   -7.5000    0.0000  -22.500014612.2539   15.3525
    0.0000    0.0000  -22.500015409.0869   15.3550
    7.5000    0.0000  -22.500014661.0371   15.3486
   -7.5000    7.5000  -22.500013889.8203   15.3574
    0.0000    7.5000  -22.500014673.1016   15.3656
    7.5000    7.5000  -22.500013906.6719   15.3604
   -7.5000   15.0000  -22.500013067.0850   15.4046
    0.0000   15.0000  -22.500013809.1191   15.4132
    7.5000   15.0000  -22.500013079.2646   15.4016
   -7.5000   22.5000  -22.500012257.3076   15.7191
    0.0000   22.5000  -22.500012971.5244   15.7185
    7.5000   22.5000  -22.500012284.6045   15.6942
   -7.5000   30.0000  -22.500011433.7656   15.9273
    0.0000   30.0000  -22.500012103.5215   15.9202
    7.5000   30.0000  -22.500011437.2480   15.8935
   -7.5000   37.5000  -22.500011038.0215   16.3576
    0.0000   37.5000  -22.500011669.8203   16.3484
    7.5000   37.5000  -22.500011063.5674   16.3228
   -7.5000   45.0000  -22.500010257.6631   16.4197
    0.0000   45.0000  -22.500010818.6270   16.4106
    7.5000   45.0000  -22.500010267.6797   16.3928
   -7.5000  -45.0000  -15.000011315.5088   15.9822
    0.0000  -45.0000  -15.000011874.8604   15.9889
    7.5000  -45.0000  -15.000011412.3076   15.9762
   -7.5000  -37.5000  -15.000011985.9795   15.8210
    0.0000  -37.5000  -15.000012598.5557   15.8335
    7.5000  -37.5000  -15.000012081.2197   15.8242
   -7.5000  -30.0000  -15.000013035.4170   15.7809
    0.0000  -30.0000  -15.000013662.4717   15.7928
    7.5000  -30.0000  -15.000013104.8984   15.7783
   -7.5000  -22.5000  -15.000013913.3926   15.8105
    0.0000  -22.5000  -15.000014587.0742   15.8144
    7.5000  -22.5000  -15.000013987.9258   15.7890
   -7.5000  -15.0000  -15.000014601.1465   15.8183
    0.0000  -15.0000  -15.000015305.5635   15.8147
    7.5000  -15.0000  -15.000014655.5918   15.7838
   -7.5000   -7.5000  -15.000015161.5742   15.7783
    0.0000   -7.5000  -15.000015928.5527   15.7763
    7.5000   -7.5000  -15.000015244.8955   15.7524
   -7.5000    0.0000  -15.000015522.1631   15.7329
    0.0000    0.0000  -15.000016320.6807   15.7390
    7.5000    0.0000  -15.000015566.3311   15.7262
   -7.5000    7.5000  -15.000014746.4277   15.7301
    0.0000    7.5000  -15.000015533.4844   15.7426
    7.5000    7.5000  -15.000014737.3848   15.7337
   -7.5000   15.0000  -15.000013904.4746   15.7815
    0.0000   15.0000  -15.000014687.1299   15.7934
    7.5000   15.0000  -15.000013894.4775   15.7788
   -7.5000   22.5000  -15.000013054.4238   16.1166
    0.0000   22.5000  -15.000013806.3320   16.1170
    7.5000   22.5000  -15.000013048.1289   16.0870
   -7.5000   30.0000  -15.000012165.2578   16.3386
    0.0000   30.0000  -15.000012860.6279   16.3317
    7.5000   30.0000  -15.000012148.5020   16.2943
   -7.5000   37.5000  -15.000011728.5605   16.7666
    0.0000   37.5000  -15.000012369.5234   16.7564
    7.5000   37.5000  -15.000011727.5068   16.7188
   -7.5000   45.0000  -15.000010882.2939   16.8237
    0.0000   45.0000  -15.000011444.7080   16.8145
    7.5000   45.0000  -15.000010872.0820   16.7869
   -7.5000  -45.0000   -7.500011940.4785   16.1968
    0.0000  -45.0000   -7.500012530.7783   16.2016
    7.5000  -45.0000   -7.500012058.2246   16.1918
   -7.5000  -37.5000   -7.500012637.6953   16.0355
    0.0000  -37.5000   -7.500013267.1953   16.0452
    7.5000  -37.5000   -7.500012754.5527   16.0382
   -7.5000  -30.0000   -7.500013695.3359   15.9891
    0.0000  -30.0000   -7.500014344.8828   15.9969
    7.5000  -30.0000   -7.500013777.9922   15.9819
   -7.5000  -22.5000   -7.500014636.1738   16.0113
    0.0000  -22.5000   -7.500015342.6553   16.0110
    7.5000  -22.5000   -7.500014729.3926   15.9829
   -7.5000  -15.0000   -7.500015408.8467   16.0169
    0.0000  -15.0000   -7.500016150.1357   16.0097
    7.5000  -15.0000   -7.500015473.9521   15.9763
   -7.5000   -7.5000   -7.500016047.3086   15.9822
    0.0000   -7.5000   -7.500016829.5254   15.9778
    7.5000   -7.5000   -7.500016107.6260   15.9542
   -7.5000    0.0000   -7.500016457.5508   15.9443
    0.0000    0.0000   -7.500017301.1504   15.9487
    7.5000    0.0000   -7.500016502.4609   15.9387
   -7.5000    7.5000   -7.500015656.2588   15.9433
    0.0000    7.5000   -7.500016457.7129   15.9530
    7.5000    7.5000   -7.500015624.0840   15.9463
   -7.5000   15.0000   -7.500014744.9199   15.9899
    0.0000   15.0000   -7.500015536.1533   15.9976
    7.5000   15.0000   -7.500014695.2188   15.9827
   -7.5000   22.5000   -7.500013847.6934   16.3230
    0.0000   22.5000   -7.500014612.6455   16.3198
    7.5000   22.5000   -7.500013805.3682   16.2871
   -7.5000   30.0000   -7.500012905.5977   16.5455
    0.0000   30.0000   -7.500013611.4150   16.5367
    7.5000   30.0000   -7.500012868.0000   16.4966
   -7.5000   37.5000   -7.500012429.5547   16.9856
    0.0000   37.5000   -7.500013089.4004   16.9755
    7.5000   37.5000   -7.500012386.4424   16.9383
   -7.5000   45.0000   -7.500011550.3301   17.0520
    0.0000   45.0000   -7.500012155.7998   17.0436
    7.5000   45.0000   -7.500011487.6787   17.0206
   -7.5000  -45.0000    0.000012472.3945   16.2483
    0.0000  -45.0000    0.000013091.2676   16.2476
    7.5000  -45.0000    0.000012622.4229   16.2466
   -7.5000  -37.5000    0.000013182.1309   16.0941
    0.0000  -37.5000    0.000013839.8652   16.0973
    7.5000  -37.5000    0.000013327.0234   16.0961
   -7.5000  -30.0000    0.000014211.3467   16.0383
    0.0000  -30.0000    0.000014894.8994   16.0393
    7.5000  -30.0000    0.000014344.3877   16.0267
   -7.5000  -22.5000    0.000015186.7734   16.0417
    0.0000  -22.5000    0.000015917.3369   16.0357
    7.5000  -22.5000    0.000015294.4092   16.0100
   -7.5000  -15.0000    0.000015984.8613   16.0383
    0.0000  -15.0000    0.000016765.0176   16.0268
    7.5000  -15.0000    0.000016076.0430   15.9985
   -7.5000   -7.5000    0.000016746.6875   16.0146
    0.0000   -7.5000    0.000017609.6562   16.0059
    7.5000   -7.5000    0.000016839.5117   15.9904
   -7.5000    0.0000    0.000017335.2812   15.9949
    0.0000    0.0000    0.000018240.1406   15.9941
    7.5000    0.0000    0.000017391.3652   15.9928
   -7.5000    7.5000    0.000016553.6660   16.0016
    0.0000    7.5000    0.000017424.0371   16.0049
    7.5000    7.5000    0.000016537.3965   16.0039
   -7.5000   15.0000    0.000015571.8740   16.0394
    0.0000   15.0000    0.000016394.9512   16.0403
    7.5000   15.0000    0.000015506.7041   16.0277
   -7.5000   22.5000    0.000014551.6230   16.3570
    0.0000   22.5000    0.000015350.1562   16.3492
    7.5000   22.5000    0.000014484.5889   16.3194
   -7.5000   30.0000    0.000013516.9678   16.5731
    0.0000   30.0000    0.000014280.0234   16.5621
    7.5000   30.0000    0.000013482.2725   16.5293
   -7.5000   37.5000    0.000013050.8408   17.0337
    0.0000   37.5000    0.000013791.9971   17.0246
    7.5000   37.5000    0.000013019.8018   16.9984
   -7.5000   45.0000    0.000012102.0225   17.1189
    0.0000   45.0000    0.000012794.5879   17.1113
    7.5000   45.0000    0.000012072.0498   17.1016
   -7.5000  -45.0000    7.500012038.8457   16.2343
    0.0000  -45.0000    7.500012659.2275   16.2303
    7.5000  -45.0000    7.500012198.5840   16.2345
   -7.5000  -37.5000    7.500012727.8096   16.0858
    0.0000  -37.5000    7.500013346.9395   16.0856
    7.5000  -37.5000    7.500012876.1201   16.0874
   -7.5000  -30.0000    7.500013674.2158   16.0275
    0.0000  -30.0000    7.500014322.3027   16.0264
    7.5000  -30.0000    7.500013832.9648   16.0165
   -7.5000  -22.5000    7.500014612.1748   16.0204
    0.0000  -22.5000    7.500015275.8848   16.0137
    7.5000  -22.5000    7.500014728.9238   15.9932
   -7.5000  -15.0000    7.500015420.9043   16.0100
    0.0000  -15.0000    7.500016153.5605   15.9985
    7.5000  -15.0000    7.500015522.0186   15.9778
   -7.5000   -7.5000    7.500016220.8926   15.9909
    0.0000   -7.5000    7.500017101.7598   15.9808
    7.5000   -7.5000    7.500016372.2812   15.9729
   -7.5000    0.0000    7.500016928.4199   15.9808
    0.0000    0.0000    7.500017943.2676   15.9769
    7.5000    0.0000    7.500017062.2344   15.9808
   -7.5000    7.5000    7.500016242.4766   15.9935
    0.0000    7.5000    7.500017267.8203   15.9934
    7.5000    7.5000    7.500016326.9229   15.9953
   -7.5000   15.0000    7.500015235.4736   16.0287
    0.0000   15.0000    7.500016171.1572   16.0275
    7.5000   15.0000    7.500015251.8164   16.0177
   -7.5000   22.5000    7.500014173.5186   16.3343
    0.0000   22.5000    7.500015032.8379   16.3263
    7.5000   22.5000    7.500014128.9238   16.3023
   -7.5000   30.0000    7.500013116.8047   16.5467
    0.0000   30.0000    7.500013911.1553   16.5360
    7.5000   30.0000    7.500013076.1709   16.5133
   -7.5000   37.5000    7.500012626.4150   17.0197
    0.0000   37.5000    7.500013392.7246   17.0118
    7.5000   37.5000    7.500012617.3623   16.9962
   -7.5000   45.0000    7.500011678.4170   17.1179
    0.0000   45.0000    7.500012364.5498   17.1102
    7.5000   45.0000    7.500011675.1377   17.1084
   -7.5000  -45.0000   15.000011556.7227   16.2041
    0.0000  -45.0000   15.000012124.9287   16.2016
    7.5000  -45.0000   15.000011709.3242   16.2035
   -7.5000  -37.5000   15.000012221.1465   16.0557
    0.0000  -37.5000   15.000012761.2314   16.0580
    7.5000  -37.5000   15.000012358.0723   16.0577
   -7.5000  -30.0000   15.000013124.7969   16.0037
    0.0000  -30.0000   15.000013637.9453   16.0062
    7.5000  -30.0000   15.000013261.7051   15.9965
   -7.5000  -22.5000   15.000014055.1885   16.0022
    0.0000  -22.5000   15.000014596.4365   15.9996
    7.5000  -22.5000   15.000014142.6475   15.9813
   -7.5000  -15.0000   15.000014826.7305   15.9922
    0.0000  -15.0000   15.000015494.7812   15.9841
    7.5000  -15.0000   15.000014921.3447   15.9656
   -7.5000   -7.5000   15.000015568.7002   15.9672
    0.0000   -7.5000   15.000016408.3477   15.9594
    7.5000   -7.5000   15.000015687.1914   15.9515
   -7.5000    0.0000   15.000016136.7266   15.9508
    0.0000    0.0000   15.000017181.8906   15.9483
    7.5000    0.0000   15.000016271.2393   15.9500
   -7.5000    7.5000   15.000015447.5547   15.9637
    0.0000    7.5000   15.000016547.1895   15.9660
    7.5000    7.5000   15.000015597.1670   15.9658
   -7.5000   15.0000   15.000014523.1768   16.0047
    0.0000   15.0000   15.000015559.8896   16.0072
    7.5000   15.0000   15.000014615.2891   15.9975
   -7.5000   22.5000   15.000013526.1025   16.3125
    0.0000   22.5000   15.000014453.1143   16.3079
    7.5000   22.5000   15.000013553.8242   16.2861
   -7.5000   30.0000   15.000012531.0234   16.5264
    0.0000   30.0000   15.000013349.9512   16.5174
    7.5000   30.0000   15.000012531.1201   16.4975
   -7.5000   37.5000   15.000012006.2207   16.9926
    0.0000   37.5000   15.000012741.5820   16.9846
    7.5000   37.5000   15.000012031.0664   16.9693
   -7.5000   45.0000   15.000011115.0059   17.0874
    0.0000   45.0000   15.000011736.3838   17.0788
    7.5000   45.0000   15.000011145.6201   17.0733
   -7.5000  -45.0000   22.500011021.2637   16.1901
    0.0000  -45.0000   22.500011522.5039   16.1930
    7.5000  -45.0000   22.500011143.6445   16.1865
   -7.5000  -37.5000   22.500011701.6289   16.0342
    0.0000  -37.5000   22.500012199.1455   16.0428
    7.5000  -37.5000   22.500011808.3311   16.0371
   -7.5000  -30.0000   22.500012557.5967   15.9905
    0.0000  -30.0000   22.500013072.4795   15.9995
    7.5000  -30.0000   22.500012663.4209   15.9874
   -7.5000  -22.5000   22.500013390.7432   16.0074
    0.0000  -22.5000   22.500013968.0146   16.0098
    7.5000  -22.5000   22.500013456.9404   15.9887
   -7.5000  -15.0000   22.500014105.1602   16.0066
    0.0000  -15.0000   22.500014738.5645   16.0020
    7.5000  -15.0000   22.500014145.7598   15.9781
   -7.5000   -7.5000   22.500014725.0703   15.9712
    0.0000   -7.5000   22.500015450.8906   15.9672
    7.5000   -7.5000   22.500014798.4121   15.9511
   -7.5000    0.0000   22.500015185.5479   15.9372
    0.0000    0.0000   22.500016005.2344   15.9398
    7.5000    0.0000   22.500015282.0264   15.9331
   -7.5000    7.5000   22.500014493.8408   15.9422
    0.0000    7.5000   22.500015244.7930   15.9508
    7.5000    7.5000   22.500014553.8174   15.9454
   -7.5000   15.0000   22.500013606.8086   15.9913
    0.0000   15.0000   22.500014320.3975   16.0002
    7.5000   15.0000   22.500013662.5234   15.9881
   -7.5000   22.5000   22.500012694.8193   16.3153
    0.0000   22.5000   22.500013397.1416   16.3146
    7.5000   22.5000   22.500012733.7666   16.2894
   -7.5000   30.0000   22.500011819.2246   16.5362
    0.0000   30.0000   22.500012509.6680   16.5288
    7.5000   30.0000   22.500011882.2646   16.5011
   -7.5000   37.5000   22.500011351.0146   16.9829
    0.0000   37.5000   22.500011988.2266   16.9734
    7.5000   37.5000   22.500011420.4443   16.9468
   -7.5000   45.0000   22.500010509.8730   17.0598
    0.0000   45.0000   22.500011078.2754   17.0503
    7.5000   45.0000   22.500010571.2764   17.0319
   -7.5000  -45.0000   30.000010349.9863   16.2135
    0.0000  -45.0000   30.000010860.0273   16.2203
    7.5000  -45.0000   30.000010416.6426   16.2074
   -7.5000  -37.5000   30.000010978.4805   16.0499
    0.0000  -37.5000   30.000011506.5205   16.0625
    7.5000  -37.5000   30.000011035.8916   16.0531
   -7.5000  -30.0000   30.000011717.4619   16.0092
    0.0000  -30.0000   30.000012270.3672   16.0213
    7.5000  -30.0000   30.000011789.3301   16.0065
   -7.5000  -22.5000   30.000012430.9268   16.0393
    0.0000  -22.5000   30.000013004.3311   16.0432
    7.5000  -22.5000   30.000012489.0234   16.0174
   -7.5000  -15.0000   30.000013058.9688   16.0471
    0.0000  -15.0000   30.000013669.5205   16.0435
    7.5000  -15.0000   30.000013119.7266   16.0120
   -7.5000   -7.5000   30.000013635.5283   16.0064
    0.0000   -7.5000   30.000014289.3320   16.0045
    7.5000   -7.5000   30.000013733.0254   15.9802
   -7.5000    0.0000   30.000014013.4189   15.9604
    0.0000    0.0000   30.000014725.0000   15.9666
    7.5000    0.0000   30.000014127.5820   15.9535
   -7.5000    7.5000   30.000013357.6670   15.9576
    0.0000    7.5000   30.000013970.5039   15.9702
    7.5000    7.5000   30.000013419.6328   15.9612
   -7.5000   15.0000   30.000012524.4023   16.0098
    0.0000   15.0000   30.000013088.5605   16.0218
    7.5000   15.0000   30.000012566.2568   16.0071
   -7.5000   22.5000   30.000011717.1465   16.3483
    0.0000   22.5000   30.000012263.8213   16.3487
    7.5000   22.5000   30.000011762.7217   16.3182
   -7.5000   30.0000   30.000010956.2588   16.5755
    0.0000   30.0000   30.000011496.6270   16.5685
    7.5000   30.0000   30.000011018.1836   16.5305
   -7.5000   37.5000   30.000010579.9209   17.0100
    0.0000   37.5000   30.000011075.4863   16.9996
    7.5000   37.5000   30.000010646.9668   16.9615
   -7.5000   45.0000   30.0000 9825.5557   17.0729
    0.0000   45.0000   30.000010292.8721   17.0635
    7.5000   45.0000   30.0000 9893.3398   17.0354
   -7.5000  -45.0000   37.500010002.6045   16.3729
    0.0000  -45.0000   37.500010484.0635   16.3778
    7.5000  -45.0000   37.500010037.7002   16.3679
   -7.5000  -37.5000   37.500010589.9609   16.2081
    0.0000  -37.5000   37.500011085.5977   16.2180
    7.5000  -37.5000   37.500010623.1699   16.2109
   -7.5000  -30.0000   37.500011288.7725   16.1614
    0.0000  -30.0000   37.500011824.8936   16.1691
    7.5000  -30.0000   37.500011342.8672   16.1537
   -7.5000  -22.5000   37.500011963.6875   16.1848
    0.0000  -22.5000   37.500012523.8428   16.1842
    7.5000  -22.5000   37.500012023.0957   16.1553
   -7.5000  -15.0000   37.500012528.7617   16.1908
    0.0000  -15.0000   37.500013122.9658   16.1832
    7.5000  -15.0000   37.500012598.3340   16.1489
   -7.5000   -7.5000   37.500013048.2285   16.1549
    0.0000   -7.5000   37.500013679.5820   16.1503
    7.5000   -7.5000   37.500013143.1240   16.1262
   -7.5000    0.0000   37.500013432.9473   16.1154
    0.0000    0.0000   37.500014085.2637   16.1199
    7.5000    0.0000   37.500013535.5430   16.1098
   -7.5000    7.5000   37.500012770.0342   16.1142
    0.0000    7.5000   37.500013338.5254   16.1241
    7.5000    7.5000   37.500012842.3994   16.1173
   -7.5000   15.0000   37.500011965.2207   16.1621
    0.0000   15.0000   37.500012478.5117   16.1699
    7.5000   15.0000   37.500012023.8555   16.1545
   -7.5000   22.5000   37.500011199.2090   16.5028
    0.0000   22.5000   37.500011699.8975   16.4992
    7.5000   22.5000   37.500011258.3535   16.4655
   -7.5000   30.0000   37.500010499.5439   16.7324
    0.0000   30.0000   37.500010997.1074   16.7232
    7.5000   30.0000   37.500010563.2441   16.6821
   -7.5000   37.5000   37.500010196.5703   17.1811
    0.0000   37.5000   37.500010660.1055   17.1707
    7.5000   37.5000   37.500010240.9229   17.1327
   -7.5000   45.0000   37.5000 9488.1279   17.2528
    0.0000   45.0000   37.5000 9925.6270   17.2442
    7.5000   45.0000   37.5000 9530.1104   17.2209
   -7.5000  -45.0000   45.0000 9211.3730   16.5358
    0.0000  -45.0000   45.0000 9628.5283   16.5346
    7.5000  -45.0000   45.0000 9239.4512   16.5334
   -7.5000  -37.5000   45.0000 9749.1611   16.3747
    0.0000  -37.5000   45.000010196.2881   16.3773
    7.5000  -37.5000   45.0000 9777.6641   16.3760
   -7.5000  -30.0000   45.000010394.5488   16.3172
    0.0000  -30.0000   45.000010878.5566   16.3175
    7.5000  -30.0000   45.000010421.5518   16.3043
   -7.5000  -22.5000   45.000010998.3701   16.3216
    0.0000  -22.5000   45.000011496.7080   16.3150
    7.5000  -22.5000   45.000011035.3828   16.2883
   -7.5000  -15.0000   45.000011486.2207   16.3184
    0.0000  -15.0000   45.000012020.1670   16.3064
    7.5000  -15.0000   45.000011539.8857   16.2770
   -7.5000   -7.5000   45.000011940.7588   16.2932
    0.0000   -7.5000   45.000012486.0947   16.2841
    7.5000   -7.5000   45.000012011.7656   16.2679
   -7.5000    0.0000   45.000012268.1553   16.2717
    0.0000    0.0000   45.000012846.1680   16.2704
    7.5000    0.0000   45.000012339.0986   16.2689
   -7.5000    7.5000   45.000011652.2412   16.2783
    0.0000    7.5000   45.000012186.8857   16.2811
    7.5000    7.5000   45.000011716.3818   16.2799
   -7.5000   15.0000   45.000010902.7021   16.3182
    0.0000   15.0000   45.000011395.1611   16.3186
    7.5000   15.0000   45.000010962.6729   16.3054
   -7.5000   22.5000   45.000010193.2969   16.6504
    0.0000   22.5000   45.000010652.6846   16.6420
    7.5000   22.5000   45.000010258.3350   16.6110
   -7.5000   30.0000   45.0000 9560.8164   16.8803
    0.0000   30.0000   45.000010024.1758   16.8688
    7.5000   30.0000   45.0000 9649.9736   16.8346
   -7.5000   37.5000   45.0000 9329.0166   17.3610
    0.0000   37.5000   45.0000 9778.2402   17.3514
    7.5000   37.5000   45.0000 9395.0576   17.3240
   -7.5000   45.0000   45.0000 8709.9619   17.4694
    0.0000   45.0000   45.0000 9129.1182   17.4609
    7.5000   45.0000   45.0000 8761.5977   17.4506

---------------------------------------------------------------------
imgreg_4dfp /opt/freesurfer/average/711-2C_as_mni_average_305 /opt/freesurfer/average/711-2B_as_mni_average_305_mask talsrcimg_g11 none talsrcimg_to_711-2C_as_mni_average_305_t4 4355
---------------------------------------------------------------------

freesurfer imgreg_4dfp.c
/opt/freesurfer/average/711-2C_as_mni_average_305.4dfp.img
       256       256       256         1
  1.000000  1.000000  1.000000
orientation T byte_order littleendian
Reading image: /opt/freesurfer/average/711-2C_as_mni_average_305.4dfp.img
dimensions:      256       256       256
mmppix:       1.0000   -1.0000   -1.0000
center:     128.0000 -129.0000 -129.0000
/opt/freesurfer/average/711-2B_as_mni_average_305_mask.4dfp.img
       256       256       256         1
  1.000000  1.000000  1.000000
orientation T byte_order littleendian
Reading mask: /opt/freesurfer/average/711-2B_as_mni_average_305_mask.4dfp.img (2306576 pixels)
talsrcimg_g11.4dfp.img
       256       256       256         1
  1.000000  1.000000  1.000000
orientation T byte_order littleendian
Reading image: talsrcimg_g11.4dfp.img
dimensions:      256       256       256
mmppix:       1.0000   -1.0000   -1.0000
center:     128.0000 -129.0000 -129.0000
rotation matrix determinant  1.000000
image alignment mode   4355 decimal     1103 hex
   -7.5000  -45.0000  -45.0000 2174.8269   20.1053
    0.0000  -45.0000  -45.0000 2198.8704   19.9454
    7.5000  -45.0000  -45.0000 2195.2688   19.9888
   -7.5000  -37.5000  -45.0000 2198.5220   19.5403
    0.0000  -37.5000  -45.0000 2221.4138   19.3490
    7.5000  -37.5000  -45.0000 2219.0825   19.3607
   -7.5000  -30.0000  -45.0000 2228.7576   19.0364
    0.0000  -30.0000  -45.0000 2250.2722   18.8788
    7.5000  -30.0000  -45.0000 2247.3376   18.8451
   -7.5000  -22.5000  -45.0000 2260.2361   18.5984
    0.0000  -22.5000  -45.0000 2284.7627   18.4834
    7.5000  -22.5000  -45.0000 2280.5918   18.4347
   -7.5000  -15.0000  -45.0000 2277.3215   18.1933
    0.0000  -15.0000  -45.0000 2305.0854   18.0640
    7.5000  -15.0000  -45.0000 2298.1104   18.0129
   -7.5000   -7.5000  -45.0000 2286.1392   17.8211
    0.0000   -7.5000  -45.0000 2321.2815   17.6769
    7.5000   -7.5000  -45.0000 2307.1987   17.6874
   -7.5000    0.0000  -45.0000 2283.2627   17.6116
    0.0000    0.0000  -45.0000 2319.2825   17.4696
    7.5000    0.0000  -45.0000 2304.6069   17.4286
   -7.5000    7.5000  -45.0000 2286.3220   17.5452
    0.0000    7.5000  -45.0000 2322.6143   17.3707
    7.5000    7.5000  -45.0000 2307.8877   17.3254
   -7.5000   15.0000  -45.0000 2287.6729   17.6470
    0.0000   15.0000  -45.0000 2318.2175   17.4394
    7.5000   15.0000  -45.0000 2309.1875   17.4289
   -7.5000   22.5000  -45.0000 2268.0928   18.1007
    0.0000   22.5000  -45.0000 2299.7146   17.8736
    7.5000   22.5000  -45.0000 2290.6348   17.8607
   -7.5000   30.0000  -45.0000 2229.8596   18.8920
    0.0000   30.0000  -45.0000 2262.5911   18.6502
    7.5000   30.0000  -45.0000 2256.0344   18.6088
   -7.5000   37.5000  -45.0000 2174.6077   20.0531
    0.0000   37.5000  -45.0000 2209.1797   19.7990
    7.5000   37.5000  -45.0000 2200.2219   19.7460
   -7.5000   45.0000  -45.0000 2100.6355   21.6769
    0.0000   45.0000  -45.0000 2136.0549   21.3973
    7.5000   45.0000  -45.0000 2125.4570   21.3639
   -7.5000  -45.0000  -37.5000 2268.8804   18.3737
    0.0000  -45.0000  -37.5000 2286.2957   18.2400
    7.5000  -45.0000  -37.5000 2284.0330   18.2614
   -7.5000  -37.5000  -37.5000 2300.5837   17.8895
    0.0000  -37.5000  -37.5000 2324.3591   17.7366
    7.5000  -37.5000  -37.5000 2314.9675   17.7309
   -7.5000  -30.0000  -37.5000 2331.1443   17.4695
    0.0000  -30.0000  -37.5000 2357.5850   17.3416
    7.5000  -30.0000  -37.5000 2349.1699   17.2755
   -7.5000  -22.5000  -37.5000 2363.9578   17.0700
    0.0000  -22.5000  -37.5000 2388.8901   16.9532
    7.5000  -22.5000  -37.5000 2380.6904   16.9043
   -7.5000  -15.0000  -37.5000 2381.8433   16.7258
    0.0000  -15.0000  -37.5000 2415.3567   16.6089
    7.5000  -15.0000  -37.5000 2401.3389   16.5284
   -7.5000   -7.5000  -37.5000 2389.9954   16.4439
    0.0000   -7.5000  -37.5000 2424.1841   16.3065
    7.5000   -7.5000  -37.5000 2411.6904   16.2483
   -7.5000    0.0000  -37.5000 2383.1038   16.2574
    0.0000    0.0000  -37.5000 2421.6570   16.0873
    7.5000    0.0000  -37.5000 2408.1167   16.0909
   -7.5000    7.5000  -37.5000 2384.8103   16.2245
    0.0000    7.5000  -37.5000 2422.3293   16.0662
    7.5000    7.5000  -37.5000 2409.6003   16.0714
   -7.5000   15.0000  -37.5000 2384.9502   16.3477
    0.0000   15.0000  -37.5000 2421.2305   16.1282
    7.5000   15.0000  -37.5000 2411.4954   16.1472
   -7.5000   22.5000  -37.5000 2370.8296   16.7142
    0.0000   22.5000  -37.5000 2409.5129   16.5098
    7.5000   22.5000  -37.5000 2397.4058   16.5240
   -7.5000   30.0000  -37.5000 2333.0608   17.4247
    0.0000   30.0000  -37.5000 2373.9121   17.2154
    7.5000   30.0000  -37.5000 2363.8118   17.2275
   -7.5000   37.5000  -37.5000 2279.2202   18.4725
    0.0000   37.5000  -37.5000 2315.2505   18.2557
    7.5000   37.5000  -37.5000 2305.4023   18.2673
   -7.5000   45.0000  -37.5000 2197.6602   19.9087
    0.0000   45.0000  -37.5000 2233.7493   19.6570
    7.5000   45.0000  -37.5000 2221.9160   19.7031
   -7.5000  -45.0000  -30.0000 2398.2083   17.4431
    0.0000  -45.0000  -30.0000 2419.8250   17.3956
    7.5000  -45.0000  -30.0000 2413.2393   17.3410
   -7.5000  -37.5000  -30.0000 2434.4595   16.9776
    0.0000  -37.5000  -30.0000 2465.4600   16.8797
    7.5000  -37.5000  -30.0000 2454.4558   16.8584
   -7.5000  -30.0000  -30.0000 2469.5227   16.6111
    0.0000  -30.0000  -30.0000 2501.1675   16.5033
    7.5000  -30.0000  -30.0000 2488.4609   16.4734
   -7.5000  -22.5000  -30.0000 2495.5725   16.2588
    0.0000  -22.5000  -30.0000 2529.4854   16.1032
    7.5000  -22.5000  -30.0000 2515.6816   16.0804
   -7.5000  -15.0000  -30.0000 2514.0806   15.9105
    0.0000  -15.0000  -30.0000 2546.9790   15.7539
    7.5000  -15.0000  -30.0000 2535.5603   15.6832
   -7.5000   -7.5000  -30.0000 2526.0510   15.6737
    0.0000   -7.5000  -30.0000 2557.8535   15.4865
    7.5000   -7.5000  -30.0000 2554.0024   15.4305
   -7.5000    0.0000  -30.0000 2533.1177   15.5096
    0.0000    0.0000  -30.0000 2565.4277   15.3438
    7.5000    0.0000  -30.0000 2555.5820   15.2938
   -7.5000    7.5000  -30.0000 2536.7102   15.5330
    0.0000    7.5000  -30.0000 2575.8999   15.3685
    7.5000    7.5000  -30.0000 2564.5928   15.3745
   -7.5000   15.0000  -30.0000 2535.7012   15.6913
    0.0000   15.0000  -30.0000 2574.6670   15.4895
    7.5000   15.0000  -30.0000 2562.4490   15.5355
   -7.5000   22.5000  -30.0000 2518.9363   16.0624
    0.0000   22.5000  -30.0000 2560.7520   15.8572
    7.5000   22.5000  -30.0000 2548.0544   15.9037
   -7.5000   30.0000  -30.0000 2482.5107   16.6924
    0.0000   30.0000  -30.0000 2529.6143   16.4952
    7.5000   30.0000  -30.0000 2511.7639   16.5174
   -7.5000   37.5000  -30.0000 2419.2913   17.6930
    0.0000   37.5000  -30.0000 2467.4907   17.4716
    7.5000   37.5000  -30.0000 2450.5288   17.4940
   -7.5000   45.0000  -30.0000 2328.3091   19.0138
    0.0000   45.0000  -30.0000 2373.6975   18.7660
    7.5000   45.0000  -30.0000 2357.0781   18.8032
   -7.5000  -45.0000  -22.5000 2503.0625   16.5780
    0.0000  -45.0000  -22.5000 2533.0110   16.4225
    7.5000  -45.0000  -22.5000 2524.2078   16.4548
   -7.5000  -37.5000  -22.5000 2541.0857   16.1214
    0.0000  -37.5000  -22.5000 2574.1606   15.9558
    7.5000  -37.5000  -22.5000 2564.1680   15.9820
   -7.5000  -30.0000  -22.5000 2569.3413   15.7582
    0.0000  -30.0000  -22.5000 2606.3120   15.5861
    7.5000  -30.0000  -22.5000 2594.2822   15.6292
   -7.5000  -22.5000  -22.5000 2595.9177   15.3778
    0.0000  -22.5000  -22.5000 2628.4563   15.1825
    7.5000  -22.5000  -22.5000 2617.5569   15.1987
   -7.5000  -15.0000  -22.5000 2614.5679   15.0430
    0.0000  -15.0000  -22.5000 2646.7080   14.8250
    7.5000  -15.0000  -22.5000 2636.8357   14.7897
   -7.5000   -7.5000  -22.5000 2632.9456   14.7679
    0.0000   -7.5000  -22.5000 2669.7402   14.6012
    7.5000   -7.5000  -22.5000 2662.7676   14.5410
   -7.5000    0.0000  -22.5000 2642.5513   14.6350
    0.0000    0.0000  -22.5000 2683.0630   14.4695
    7.5000    0.0000  -22.5000 2670.4453   14.4158
   -7.5000    7.5000  -22.5000 2658.0645   14.6901
    0.0000    7.5000  -22.5000 2703.5349   14.5023
    7.5000    7.5000  -22.5000 2685.9446   14.4724
   -7.5000   15.0000  -22.5000 2661.4856   14.8984
    0.0000   15.0000  -22.5000 2706.1863   14.7150
    7.5000   15.0000  -22.5000 2686.3909   14.7255
   -7.5000   22.5000  -22.5000 2649.6489   15.3096
    0.0000   22.5000  -22.5000 2700.0422   15.1070
    7.5000   22.5000  -22.5000 2680.5461   15.1477
   -7.5000   30.0000  -22.5000 2610.4880   15.9159
    0.0000   30.0000  -22.5000 2664.5215   15.6780
    7.5000   30.0000  -22.5000 2642.6650   15.7257
   -7.5000   37.5000  -22.5000 2539.6167   16.8326
    0.0000   37.5000  -22.5000 2592.1162   16.5551
    7.5000   37.5000  -22.5000 2572.7939   16.6079
   -7.5000   45.0000  -22.5000 2441.0881   18.0786
    0.0000   45.0000  -22.5000 2484.4900   17.8392
    7.5000   45.0000  -22.5000 2470.6621   17.8650
   -7.5000  -45.0000  -15.0000 2568.5232   15.7383
    0.0000  -45.0000  -15.0000 2598.7595   15.6000
    7.5000  -45.0000  -15.0000 2587.6338   15.6834
   -7.5000  -37.5000  -15.0000 2608.5149   15.2893
    0.0000  -37.5000  -15.0000 2641.9307   15.0985
    7.5000  -37.5000  -15.0000 2627.2976   15.1549
   -7.5000  -30.0000  -15.0000 2637.0393   14.9033
    0.0000  -30.0000  -15.0000 2671.7161   14.7169
    7.5000  -30.0000  -15.0000 2662.5259   14.7750
   -7.5000  -22.5000  -15.0000 2663.3271   14.5752
    0.0000  -22.5000  -15.0000 2693.9651   14.3411
    7.5000  -22.5000  -15.0000 2684.4980   14.4250
   -7.5000  -15.0000  -15.0000 2685.1135   14.2237
    0.0000  -15.0000  -15.0000 2718.5337   13.9975
    7.5000  -15.0000  -15.0000 2710.7346   14.0461
   -7.5000   -7.5000  -15.0000 2709.1152   13.9131
    0.0000   -7.5000  -15.0000 2750.7837   13.7346
    7.5000   -7.5000  -15.0000 2740.2307   13.7458
   -7.5000    0.0000  -15.0000 2723.4399   13.8209
    0.0000    0.0000  -15.0000 2770.8013   13.6283
    7.5000    0.0000  -15.0000 2756.9236   13.6150
   -7.5000    7.5000  -15.0000 2748.4546   13.8945
    0.0000    7.5000  -15.0000 2796.1218   13.6632
    7.5000    7.5000  -15.0000 2778.1960   13.6507
   -7.5000   15.0000  -15.0000 2761.2949   14.1495
    0.0000   15.0000  -15.0000 2810.3669   13.9016
    7.5000   15.0000  -15.0000 2789.3335   13.9167
   -7.5000   22.5000  -15.0000 2753.2068   14.5675
    0.0000   22.5000  -15.0000 2807.4873   14.3451
    7.5000   22.5000  -15.0000 2788.1384   14.3633
   -7.5000   30.0000  -15.0000 2707.2124   15.1634
    0.0000   30.0000  -15.0000 2759.5085   14.9070
    7.5000   30.0000  -15.0000 2740.0022   14.9453
   -7.5000   37.5000  -15.0000 2631.4272   16.0058
    0.0000   37.5000  -15.0000 2680.9292   15.7228
    7.5000   37.5000  -15.0000 2666.2405   15.7756
   -7.5000   45.0000  -15.0000 2529.4834   17.2164
    0.0000   45.0000  -15.0000 2565.0425   16.9366
    7.5000   45.0000  -15.0000 2553.0771   16.9965
   -7.5000  -45.0000   -7.5000 2609.7771   15.1055
    0.0000  -45.0000   -7.5000 2636.1721   14.9277
    7.5000  -45.0000   -7.5000 2631.6692   15.0824
   -7.5000  -37.5000   -7.5000 2645.8142   14.6247
    0.0000  -37.5000   -7.5000 2680.3589   14.4330
    7.5000  -37.5000   -7.5000 2663.7156   14.5332
   -7.5000  -30.0000   -7.5000 2675.3015   14.2257
    0.0000  -30.0000   -7.5000 2710.9155   14.0189
    7.5000  -30.0000   -7.5000 2700.2588   14.1086
   -7.5000  -22.5000   -7.5000 2701.8552   13.8826
    0.0000  -22.5000   -7.5000 2737.1160   13.6387
    7.5000  -22.5000   -7.5000 2732.1782   13.7205
   -7.5000  -15.0000   -7.5000 2737.3162   13.5630
    0.0000  -15.0000   -7.5000 2774.2041   13.3183
    7.5000  -15.0000   -7.5000 2765.7595   13.3803
   -7.5000   -7.5000   -7.5000 2771.3945   13.3200
    0.0000   -7.5000   -7.5000 2816.8931   13.0743
    7.5000   -7.5000   -7.5000 2803.8594   13.1124
   -7.5000    0.0000   -7.5000 2799.5935   13.1928
    0.0000    0.0000   -7.5000 2845.7173   12.9245
    7.5000    0.0000   -7.5000 2834.9126   12.9635
   -7.5000    7.5000   -7.5000 2828.5710   13.2665
    0.0000    7.5000   -7.5000 2879.7090   12.9842
    7.5000    7.5000   -7.5000 2862.3147   13.0093
   -7.5000   15.0000   -7.5000 2843.2383   13.4836
    0.0000   15.0000   -7.5000 2898.1829   13.2094
    7.5000   15.0000   -7.5000 2872.6736   13.2313
   -7.5000   22.5000   -7.5000 2830.0657   13.9325
    0.0000   22.5000   -7.5000 2890.3088   13.6335
    7.5000   22.5000   -7.5000 2867.7322   13.6623
   -7.5000   30.0000   -7.5000 2782.4727   14.4818
    0.0000   30.0000   -7.5000 2833.7412   14.1878
    7.5000   30.0000   -7.5000 2818.2249   14.2329
   -7.5000   37.5000   -7.5000 2694.1897   15.2861
    0.0000   37.5000   -7.5000 2744.1953   14.9618
    7.5000   37.5000   -7.5000 2729.8760   15.0493
   -7.5000   45.0000   -7.5000 2587.1394   16.5070
    0.0000   45.0000   -7.5000 2627.6492   16.1785
    7.5000   45.0000   -7.5000 2609.9812   16.2887
   -7.5000  -45.0000    0.0000 2631.7837   14.7663
    0.0000  -45.0000    0.0000 2661.3809   14.5334
    7.5000  -45.0000    0.0000 2653.4822   14.7077
   -7.5000  -37.5000    0.0000 2660.0256   14.2433
    0.0000  -37.5000    0.0000 2691.4988   14.0137
    7.5000  -37.5000    0.0000 2682.4551   14.1452
   -7.5000  -30.0000    0.0000 2687.5410   13.8216
    0.0000  -30.0000    0.0000 2716.2559   13.5849
    7.5000  -30.0000    0.0000 2712.0244   13.6713
   -7.5000  -22.5000    0.0000 2713.9854   13.4428
    0.0000  -22.5000    0.0000 2745.2825   13.1814
    7.5000  -22.5000    0.0000 2743.2490   13.2542
   -7.5000  -15.0000    0.0000 2750.1533   13.1459
    0.0000  -15.0000    0.0000 2787.1653   12.8712
    7.5000  -15.0000    0.0000 2782.1963   12.9292
   -7.5000   -7.5000    0.0000 2803.0215   12.9371
    0.0000   -7.5000    0.0000 2846.8789   12.6831
    7.5000   -7.5000    0.0000 2837.2192   12.7214
   -7.5000    0.0000    0.0000 2846.7883   12.8695
    0.0000    0.0000    0.0000 2894.5278   12.5906
    7.5000    0.0000    0.0000 2884.5610   12.6371
   -7.5000    7.5000    0.0000 2889.3745   12.9497
    0.0000    7.5000    0.0000 2944.9890   12.6484
    7.5000    7.5000    0.0000 2924.2473   12.6966
   -7.5000   15.0000    0.0000 2905.0601   13.1276
    0.0000   15.0000    0.0000 2972.2769   12.8008
    7.5000   15.0000    0.0000 2936.8113   12.8673
   -7.5000   22.5000    0.0000 2879.1309   13.5063
    0.0000   22.5000    0.0000 2949.8293   13.1772
    7.5000   22.5000    0.0000 2914.6228   13.2395
   -7.5000   30.0000    0.0000 2817.8550   14.0417
    0.0000   30.0000    0.0000 2870.8000   13.7528
    7.5000   30.0000    0.0000 2856.1499   13.7866
   -7.5000   37.5000    0.0000 2731.7434   14.8579
    0.0000   37.5000    0.0000 2780.9045   14.5510
    7.5000   37.5000    0.0000 2768.9570   14.6015
   -7.5000   45.0000    0.0000 2616.0476   16.0622
    0.0000   45.0000    0.0000 2661.4453   15.7490
    7.5000   45.0000    0.0000 2645.7358   15.8357
   -7.5000  -45.0000    7.5000 2639.4746   14.5663
    0.0000  -45.0000    7.5000 2674.0110   14.3048
    7.5000  -45.0000    7.5000 2662.3269   14.5153
   -7.5000  -37.5000    7.5000 2659.9070   14.0469
    0.0000  -37.5000    7.5000 2693.3574   13.7902
    7.5000  -37.5000    7.5000 2680.3918   13.9539
   -7.5000  -30.0000    7.5000 2680.0256   13.6395
    0.0000  -30.0000    7.5000 2712.6243   13.3501
    7.5000  -30.0000    7.5000 2705.3420   13.4820
   -7.5000  -22.5000    7.5000 2703.1577   13.2653
    0.0000  -22.5000    7.5000 2739.4297   12.9604
    7.5000  -22.5000    7.5000 2734.6433   13.0564
   -7.5000  -15.0000    7.5000 2749.3687   12.9659
    0.0000  -15.0000    7.5000 2786.6714   12.6457
    7.5000  -15.0000    7.5000 2780.4670   12.7483
   -7.5000   -7.5000    7.5000 2810.7935   12.7907
    0.0000   -7.5000    7.5000 2848.9451   12.5059
    7.5000   -7.5000    7.5000 2842.1580   12.5865
   -7.5000    0.0000    7.5000 2869.3076   12.7751
    0.0000    0.0000    7.5000 2916.1438   12.5452
    7.5000    0.0000    7.5000 2900.9377   12.5946
   -7.5000    7.5000    7.5000 2922.7620   12.8459
    0.0000    7.5000    7.5000 2982.0173   12.6335
    7.5000    7.5000    7.5000 2953.0645   12.6544
   -7.5000   15.0000    7.5000 2936.8169   12.9951
    0.0000   15.0000    7.5000 3014.8442   12.7520
    7.5000   15.0000    7.5000 2966.7690   12.7853
   -7.5000   22.5000    7.5000 2903.8391   13.2763
    0.0000   22.5000    7.5000 2979.9690   12.9950
    7.5000   22.5000    7.5000 2931.8945   13.0485
   -7.5000   30.0000    7.5000 2831.2881   13.8380
    0.0000   30.0000    7.5000 2882.3462   13.5523
    7.5000   30.0000    7.5000 2861.0698   13.5921
   -7.5000   37.5000    7.5000 2741.6042   14.6505
    0.0000   37.5000    7.5000 2784.8074   14.3793
    7.5000   37.5000    7.5000 2773.2227   14.4049
   -7.5000   45.0000    7.5000 2624.1611   15.8816
    0.0000   45.0000    7.5000 2663.8572   15.5879
    7.5000   45.0000    7.5000 2652.3584   15.6365
   -7.5000  -45.0000   15.0000 2629.3799   14.5430
    0.0000  -45.0000   15.0000 2667.8979   14.2667
    7.5000  -45.0000   15.0000 2655.0210   14.4774
   -7.5000  -37.5000   15.0000 2642.8450   14.0351
    0.0000  -37.5000   15.0000 2676.1018   13.7062
    7.5000  -37.5000   15.0000 2665.8750   13.9244
   -7.5000  -30.0000   15.0000 2657.1882   13.6475
    0.0000  -30.0000   15.0000 2682.3564   13.2640
    7.5000  -30.0000   15.0000 2684.4771   13.4910
   -7.5000  -22.5000   15.0000 2688.0713   13.3181
    0.0000  -22.5000   15.0000 2713.6272   12.9176
    7.5000  -22.5000   15.0000 2715.6113   13.1124
   -7.5000  -15.0000   15.0000 2733.3411   13.0407
    0.0000  -15.0000   15.0000 2763.8191   12.7142
    7.5000  -15.0000   15.0000 2760.0686   12.8521
   -7.5000   -7.5000   15.0000 2793.3655   12.8971
    0.0000   -7.5000   15.0000 2830.6494   12.6265
    7.5000   -7.5000   15.0000 2821.0095   12.7209
   -7.5000    0.0000   15.0000 2849.9761   12.8517
    0.0000    0.0000   15.0000 2902.7556   12.6502
    7.5000    0.0000   15.0000 2875.6489   12.7179
   -7.5000    7.5000   15.0000 2908.7329   12.8935
    0.0000    7.5000   15.0000 2971.2766   12.7172
    7.5000    7.5000   15.0000 2933.1931   12.7818
   -7.5000   15.0000   15.0000 2926.7722   13.0488
    0.0000   15.0000   15.0000 3004.0557   12.8563
    7.5000   15.0000   15.0000 2950.1399   12.8896
   -7.5000   22.5000   15.0000 2891.7568   13.3397
    0.0000   22.5000   15.0000 2962.3921   13.1199
    7.5000   22.5000   15.0000 2915.3660   13.1686
   -7.5000   30.0000   15.0000 2819.5300   13.9159
    0.0000   30.0000   15.0000 2870.7844   13.6669
    7.5000   30.0000   15.0000 2839.8577   13.7114
   -7.5000   37.5000   15.0000 2719.6560   14.7537
    0.0000   37.5000   15.0000 2758.6897   14.4827
    7.5000   37.5000   15.0000 2740.0271   14.5133
   -7.5000   45.0000   15.0000 2605.9211   15.9422
    0.0000   45.0000   15.0000 2638.8997   15.6232
    7.5000   45.0000   15.0000 2627.7678   15.6905
   -7.5000  -45.0000   22.5000 2597.3220   14.7889
    0.0000  -45.0000   22.5000 2634.9944   14.4707
    7.5000  -45.0000   22.5000 2625.0154   14.6935
   -7.5000  -37.5000   22.5000 2617.2473   14.3018
    0.0000  -37.5000   22.5000 2646.0017   13.9457
    7.5000  -37.5000   22.5000 2639.6248   14.1782
   -7.5000  -30.0000   22.5000 2631.2869   13.9256
    0.0000  -30.0000   22.5000 2656.4700   13.5641
    7.5000  -30.0000   22.5000 2651.2500   13.7825
   -7.5000  -22.5000   22.5000 2660.8730   13.5782
    0.0000  -22.5000   22.5000 2690.3677   13.2340
    7.5000  -22.5000   22.5000 2680.4136   13.4058
   -7.5000  -15.0000   22.5000 2707.3933   13.3035
    0.0000  -15.0000   22.5000 2733.1106   13.0016
    7.5000  -15.0000   22.5000 2722.0586   13.1239
   -7.5000   -7.5000   22.5000 2763.0217   13.1387
    0.0000   -7.5000   22.5000 2794.3787   12.8663
    7.5000   -7.5000   22.5000 2783.2395   12.9608
   -7.5000    0.0000   22.5000 2816.4072   13.0867
    0.0000    0.0000   22.5000 2858.3931   12.8043
    7.5000    0.0000   22.5000 2840.7249   12.9251
   -7.5000    7.5000   22.5000 2867.9023   13.1500
    0.0000    7.5000   22.5000 2915.9175   12.8472
    7.5000    7.5000   22.5000 2887.4070   12.9788
   -7.5000   15.0000   22.5000 2876.4116   13.3568
    0.0000   15.0000   22.5000 2933.3826   13.0104
    7.5000   15.0000   22.5000 2901.9658   13.1741
   -7.5000   22.5000   22.5000 2844.8186   13.6769
    0.0000   22.5000   22.5000 2900.6565   13.3915
    7.5000   22.5000   22.5000 2867.2183   13.4936
   -7.5000   30.0000   22.5000 2776.3281   14.2588
    0.0000   30.0000   22.5000 2829.8511   14.0265
    7.5000   30.0000   22.5000 2797.4763   14.0579
   -7.5000   37.5000   22.5000 2674.5835   15.1178
    0.0000   37.5000   22.5000 2713.6045   14.8838
    7.5000   37.5000   22.5000 2694.2239   14.9006
   -7.5000   45.0000   22.5000 2564.5630   16.2425
    0.0000   45.0000   22.5000 2600.7234   15.9653
    7.5000   45.0000   22.5000 2585.2881   16.0294
   -7.5000  -45.0000   30.0000 2539.4907   15.3148
    0.0000  -45.0000   30.0000 2571.2412   15.0487
    7.5000  -45.0000   30.0000 2554.8804   15.2378
   -7.5000  -37.5000   30.0000 2560.9243   14.7974
    0.0000  -37.5000   30.0000 2589.1216   14.5053
    7.5000  -37.5000   30.0000 2577.6738   14.7097
   -7.5000  -30.0000   30.0000 2575.6516   14.4110
    0.0000  -30.0000   30.0000 2607.7212   14.0839
    7.5000  -30.0000   30.0000 2594.8704   14.2705
   -7.5000  -22.5000   30.0000 2613.5027   14.0764
    0.0000  -22.5000   30.0000 2644.5256   13.7464
    7.5000  -22.5000   30.0000 2630.2583   13.9191
   -7.5000  -15.0000   30.0000 2655.4744   13.7575
    0.0000  -15.0000   30.0000 2686.6704   13.4800
    7.5000  -15.0000   30.0000 2671.9006   13.6272
   -7.5000   -7.5000   30.0000 2713.8018   13.5879
    0.0000   -7.5000   30.0000 2746.2251   13.2747
    7.5000   -7.5000   30.0000 2733.8979   13.4159
   -7.5000    0.0000   30.0000 2760.0486   13.4750
    0.0000    0.0000   30.0000 2801.0066   13.1698
    7.5000    0.0000   30.0000 2780.2729   13.2756
   -7.5000    7.5000   30.0000 2799.6953   13.5685
    0.0000    7.5000   30.0000 2840.6909   13.2105
    7.5000    7.5000   30.0000 2816.9570   13.3639
   -7.5000   15.0000   30.0000 2803.6372   13.8314
    0.0000   15.0000   30.0000 2845.3909   13.4519
    7.5000   15.0000   30.0000 2818.2783   13.6148
   -7.5000   22.5000   30.0000 2769.8503   14.2116
    0.0000   22.5000   30.0000 2815.7581   13.8886
    7.5000   22.5000   30.0000 2791.6497   13.9943
   -7.5000   30.0000   30.0000 2706.8254   14.8150
    0.0000   30.0000   30.0000 2756.0989   14.5303
    7.5000   30.0000   30.0000 2727.6079   14.5799
   -7.5000   37.5000   30.0000 2615.0142   15.6578
    0.0000   37.5000   30.0000 2652.9031   15.3844
    7.5000   37.5000   30.0000 2635.8496   15.4278
   -7.5000   45.0000   30.0000 2509.4519   16.8096
    0.0000   45.0000   30.0000 2543.0833   16.5378
    7.5000   45.0000   30.0000 2534.4565   16.6047
   -7.5000  -45.0000   37.5000 2475.1499   16.0377
    0.0000  -45.0000   37.5000 2504.2175   15.7845
    7.5000  -45.0000   37.5000 2488.9429   15.9473
   -7.5000  -37.5000   37.5000 2498.3318   15.4987
    0.0000  -37.5000   37.5000 2524.1921   15.2090
    7.5000  -37.5000   37.5000 2515.4124   15.3848
   -7.5000  -30.0000   37.5000 2521.2505   15.0920
    0.0000  -30.0000   37.5000 2554.1287   14.7714
    7.5000  -30.0000   37.5000 2538.6953   14.9342
   -7.5000  -22.5000   37.5000 2560.4329   14.7205
    0.0000  -22.5000   37.5000 2596.5784   14.3954
    7.5000  -22.5000   37.5000 2578.8938   14.5847
   -7.5000  -15.0000   37.5000 2596.0386   14.4005
    0.0000  -15.0000   37.5000 2635.8030   14.0659
    7.5000  -15.0000   37.5000 2615.0276   14.2621
   -7.5000   -7.5000   37.5000 2646.1396   14.1660
    0.0000   -7.5000   37.5000 2686.2109   13.8363
    7.5000   -7.5000   37.5000 2664.3457   14.0132
   -7.5000    0.0000   37.5000 2690.5107   14.1174
    0.0000    0.0000   37.5000 2731.8438   13.7824
    7.5000    0.0000   37.5000 2709.9355   13.9418
   -7.5000    7.5000   37.5000 2719.9875   14.2297
    0.0000    7.5000   37.5000 2760.5403   13.8639
    7.5000    7.5000   37.5000 2737.7732   14.0471
   -7.5000   15.0000   37.5000 2715.0071   14.5178
    0.0000   15.0000   37.5000 2748.3879   14.1427
    7.5000   15.0000   37.5000 2729.6189   14.3162
   -7.5000   22.5000   37.5000 2681.8076   14.9588
    0.0000   22.5000   37.5000 2720.6565   14.6216
    7.5000   22.5000   37.5000 2702.3176   14.7182
   -7.5000   30.0000   37.5000 2622.2876   15.5597
    0.0000   30.0000   37.5000 2665.0613   15.2379
    7.5000   30.0000   37.5000 2641.0659   15.3187
   -7.5000   37.5000   37.5000 2542.8789   16.4068
    0.0000   37.5000   37.5000 2577.7537   16.0991
    7.5000   37.5000   37.5000 2561.2258   16.1507
   -7.5000   45.0000   37.5000 2445.1880   17.5378
    0.0000   45.0000   37.5000 2475.6370   17.2701
    7.5000   45.0000   37.5000 2465.2083   17.3107
   -7.5000  -45.0000   45.0000 2409.0251   16.9466
    0.0000  -45.0000   45.0000 2435.0342   16.6701
    7.5000  -45.0000   45.0000 2421.7847   16.8225
   -7.5000  -37.5000   45.0000 2435.3191   16.3898
    0.0000  -37.5000   45.0000 2464.4463   16.0878
    7.5000  -37.5000   45.0000 2450.0078   16.2308
   -7.5000  -30.0000   45.0000 2464.5854   15.9621
    0.0000  -30.0000   45.0000 2500.6167   15.6364
    7.5000  -30.0000   45.0000 2481.0066   15.7854
   -7.5000  -22.5000   45.0000 2501.4573   15.5643
    0.0000  -22.5000   45.0000 2535.0835   15.2298
    7.5000  -22.5000   45.0000 2519.1907   15.4119
   -7.5000  -15.0000   45.0000 2530.4587   15.2350
    0.0000  -15.0000   45.0000 2568.5151   14.9062
    7.5000  -15.0000   45.0000 2548.8774   15.0983
   -7.5000   -7.5000   45.0000 2570.3020   15.0333
    0.0000   -7.5000   45.0000 2607.6375   14.7173
    7.5000   -7.5000   45.0000 2585.9541   14.8958
   -7.5000    0.0000   45.0000 2604.0310   14.9909
    0.0000    0.0000   45.0000 2644.8298   14.6730
    7.5000    0.0000   45.0000 2621.3267   14.8617
   -7.5000    7.5000   45.0000 2625.5386   15.1632
    0.0000    7.5000   45.0000 2665.2932   14.8095
    7.5000    7.5000   45.0000 2642.0549   14.9788
   -7.5000   15.0000   45.0000 2615.3699   15.4867
    0.0000   15.0000   45.0000 2647.5608   15.1471
    7.5000   15.0000   45.0000 2629.0662   15.2589
   -7.5000   22.5000   45.0000 2580.6125   15.9377
    0.0000   22.5000   45.0000 2615.6194   15.6164
    7.5000   22.5000   45.0000 2598.6331   15.7045
   -7.5000   30.0000   45.0000 2529.8848   16.5244
    0.0000   30.0000   45.0000 2570.3022   16.2193
    7.5000   30.0000   45.0000 2549.4453   16.3198
   -7.5000   37.5000   45.0000 2466.7268   17.3006
    0.0000   37.5000   45.0000 2502.6814   16.9817
    7.5000   37.5000   45.0000 2481.4282   17.0767
   -7.5000   45.0000   45.0000 2369.8628   18.4952
    0.0000   45.0000   45.0000 2399.9634   18.1985
    7.5000   45.0000   45.0000 2382.5552   18.3035

---------------------------------------------------------------------
imgreg_4dfp /opt/freesurfer/average/711-2C_as_mni_average_305 /opt/freesurfer/average/711-2B_as_mni_average_305_mask talsrcimg_g11 none talsrcimg_to_711-2C_as_mni_average_305_t4 1283
---------------------------------------------------------------------

freesurfer imgreg_4dfp.c
/opt/freesurfer/average/711-2C_as_mni_average_305.4dfp.img
       256       256       256         1
  1.000000  1.000000  1.000000
orientation T byte_order littleendian
Reading image: /opt/freesurfer/average/711-2C_as_mni_average_305.4dfp.img
dimensions:      256       256       256
mmppix:       1.0000   -1.0000   -1.0000
center:     128.0000 -129.0000 -129.0000
/opt/freesurfer/average/711-2B_as_mni_average_305_mask.4dfp.img
       256       256       256         1
  1.000000  1.000000  1.000000
orientation T byte_order littleendian
Reading mask: /opt/freesurfer/average/711-2B_as_mni_average_305_mask.4dfp.img (2306576 pixels)
talsrcimg_g11.4dfp.img
       256       256       256         1
  1.000000  1.000000  1.000000
orientation T byte_order littleendian
Reading image: talsrcimg_g11.4dfp.img
dimensions:      256       256       256
mmppix:       1.0000   -1.0000   -1.0000
center:     128.0000 -129.0000 -129.0000
rotation matrix determinant  1.000000
fimgreg.f
image alignment mode   1283 decimal      503 hex
parameters
    0.0000   15.0000    7.5000    0.0000    0.0000    0.0000
eta,q 0.94567 12.75355
niter,ni,del,rscale     5    3   12.0000    1.2000
parameter  4  1.897655 ->  0.500000 qaram    1.1500
parameters
    0.8463   14.3292    8.9482   -3.4500    1.1024   -1.3971
eta,q 0.95364 12.67400
  0.0737  0.0596  0.0643  0.0453  0.0559  0.0493
  0.0651  0.0548  0.0597  0.0467  0.0513  0.0473
  0.0575  0.0517  0.0549  0.0479  0.0482  0.0464
  0.0530  0.0524  0.0516  0.0508  0.0470  0.0467
  0.0532  0.0549  0.0506  0.0543  0.0467  0.0481
  0.0577  0.0582  0.0532  0.0571  0.0477  0.0504
  0.0657  0.0621  0.0568  0.0605  0.0511  0.0535
niter,ni,del,rscale     5    3   12.0000    1.2000
parameter  4  1.286363 ->  0.500000 qaram    1.3225
parameters
    0.7107   15.8918    8.7161   -7.4175    1.2449   -0.6112
eta,q 0.95923 12.70380
  0.0639  0.0604  0.0564  0.0404  0.0506  0.0497
  0.0537  0.0542  0.0506  0.0405  0.0455  0.0457
  0.0476  0.0497  0.0461  0.0421  0.0423  0.0425
  0.0464  0.0463  0.0448  0.0448  0.0409  0.0409
  0.0490  0.0448  0.0472  0.0496  0.0414  0.0410
  0.0559  0.0468  0.0517  0.0547  0.0444  0.0425
  0.0646  0.0513  0.0583  0.0571  0.0503  0.0465
niter,ni,del,rscale     5    3   12.0000    1.2000
parameters
    0.7035   16.7542    7.9073   -8.8190    1.1353   -0.5349
eta,q 0.96164 12.69072
  0.0630  0.0564  0.0500  0.0478  0.0477  0.0472
  0.0500  0.0488  0.0438  0.0412  0.0425  0.0430
  0.0423  0.0437  0.0399  0.0379  0.0395  0.0398
  0.0408  0.0408  0.0401  0.0395  0.0383  0.0384
  0.0440  0.0398  0.0438  0.0425  0.0391  0.0390
  0.0518  0.0428  0.0489  0.0484  0.0426  0.0418
  0.0613  0.0502  0.0558  0.0550  0.0489  0.0475
niter,ni,del,rscale     4    3   12.0000    1.2000
parameters
    0.7298   16.9305    7.4879   -9.1791    1.0965   -0.5007
eta,q 0.96219 12.68466
  0.0617  0.0541  0.0508  0.0506  0.0477  0.0469
  0.0488  0.0466  0.0434  0.0438  0.0423  0.0426
  0.0405  0.0409  0.0387  0.0382  0.0390  0.0392
  0.0384  0.0384  0.0383  0.0381  0.0378  0.0378
  0.0418  0.0396  0.0415  0.0408  0.0387  0.0386
  0.0499  0.0449  0.0470  0.0453  0.0421  0.0416
  0.0600  0.0530  0.0533  0.0525  0.0483  0.0474
niter,ni,del,rscale     3    3   12.0000    1.2000
parameters
    0.7285   17.0072    7.3673   -9.3063    1.0859   -0.4800
eta,q 0.96236 12.68320
  0.0613  0.0539  0.0520  0.0512  0.0477  0.0468
  0.0486  0.0463  0.0443  0.0446  0.0422  0.0425
  0.0401  0.0404  0.0388  0.0385  0.0388  0.0391
  0.0378  0.0378  0.0378  0.0377  0.0376  0.0376
  0.0414  0.0396  0.0405  0.0405  0.0386  0.0385
  0.0498  0.0455  0.0459  0.0447  0.0420  0.0416
  0.0601  0.0535  0.0521  0.0518  0.0481  0.0474
niter,ni,del,rscale     2    3   12.0000    1.2000
parameters
    0.7261   17.0335    7.3248   -9.3488    1.0830   -0.4704
eta,q 0.96242 12.68235
  0.0613  0.0538  0.0523  0.0514  0.0477  0.0468
  0.0486  0.0461  0.0445  0.0448  0.0422  0.0424
  0.0400  0.0403  0.0388  0.0386  0.0387  0.0390
  0.0376  0.0376  0.0376  0.0376  0.0376  0.0376
  0.0413  0.0397  0.0402  0.0404  0.0385  0.0384
  0.0497  0.0458  0.0455  0.0445  0.0420  0.0416
  0.0602  0.0537  0.0518  0.0515  0.0480  0.0475
registration optimization eta report
parameter search radius
    6.0000    6.0000    6.0000    7.9350    6.0000    6.0000
100000*second partial in parameter space
       63.       44.       40.       22.       29.       26.
  0.0613  0.0538  0.0523  0.0514  0.0477  0.0468
  0.0486  0.0461  0.0445  0.0448  0.0422  0.0424
  0.0400  0.0403  0.0388  0.0386  0.0387  0.0390
  0.0376  0.0376  0.0376  0.0376  0.0376  0.0376
  0.0413  0.0397  0.0402  0.0404  0.0385  0.0384
  0.0497  0.0458  0.0455  0.0445  0.0420  0.0416
  0.0602  0.0537  0.0518  0.0515  0.0480  0.0475
    0.7261   17.0335    7.3248   -9.3488    1.0830   -0.4704
eta,q 0.96242 12.68235

---------------------------------------------------------------------
imgreg_4dfp /opt/freesurfer/average/711-2C_as_mni_average_305 /opt/freesurfer/average/711-2B_as_mni_average_305_mask talsrcimg_g11 none talsrcimg_to_711-2C_as_mni_average_305_t4 3335
---------------------------------------------------------------------

freesurfer imgreg_4dfp.c
/opt/freesurfer/average/711-2C_as_mni_average_305.4dfp.img
       256       256       256         1
  1.000000  1.000000  1.000000
orientation T byte_order littleendian
Reading image: /opt/freesurfer/average/711-2C_as_mni_average_305.4dfp.img
dimensions:      256       256       256
mmppix:       1.0000   -1.0000   -1.0000
center:     128.0000 -129.0000 -129.0000
/opt/freesurfer/average/711-2B_as_mni_average_305_mask.4dfp.img
       256       256       256         1
  1.000000  1.000000  1.000000
orientation T byte_order littleendian
Reading mask: /opt/freesurfer/average/711-2B_as_mni_average_305_mask.4dfp.img (2306576 pixels)
talsrcimg_g11.4dfp.img
       256       256       256         1
  1.000000  1.000000  1.000000
orientation T byte_order littleendian
Reading image: talsrcimg_g11.4dfp.img
dimensions:      256       256       256
mmppix:       1.0000   -1.0000   -1.0000
center:     128.0000 -129.0000 -129.0000
fimgreg.f
image alignment mode   3335 decimal      D07 hex
parameters
    0.7261   17.0335    7.3248   -0.0212   -1.3341   -1.3459
    1.1171   -1.7315   -0.8209   16.2592    1.8901  -16.2416
eta,q 0.96151 12.72819
niter,ni,del,rscale     5    3    5.0000    1.2000
parameter  4  1.026816 ->  0.500000 qaram    1.1500
parameter  5  0.881509 ->  0.500000 qaram    1.1500
parameter  6  0.939270 ->  0.500000 qaram    1.1500
parameters
    0.7443   17.1666    7.3153   -4.1612   -5.4741   -5.4859
    1.4799   -1.2561    0.1414   14.2194   -0.0887  -16.7004
eta,q 0.96877 12.37246
  0.0424  0.0415  0.0409  0.0355  0.0342  0.0307  0.0348  0.0370  0.0339  0.0329  0.0319  0.0327
  0.0403  0.0399  0.0395  0.0357  0.0343  0.0314  0.0331  0.0345  0.0328  0.0318  0.0314  0.0318
  0.0390  0.0389  0.0387  0.0367  0.0349  0.0324  0.0321  0.0325  0.0320  0.0313  0.0312  0.0314
  0.0385  0.0385  0.0385  0.0385  0.0359  0.0344  0.0317  0.0317  0.0316  0.0316  0.0313  0.0312
  0.0389  0.0387  0.0388  0.0410  0.0374  0.0378  0.0319  0.0320  0.0316  0.0326  0.0317  0.0315
  0.0402  0.0395  0.0396  0.0440  0.0395  0.0422  0.0327  0.0334  0.0321  0.0341  0.0324  0.0321
  0.0423  0.0409  0.0409  0.0475  0.0421  0.0472  0.0342  0.0359  0.0330  0.0362  0.0334  0.0331
niter,ni,del,rscale     7    3    5.0000    1.2000
parameter  6  0.707902 ->  0.500000 qaram    1.3225
parameters
    0.8806   16.8200    6.1855   -7.0138   -7.9273  -10.2469
    1.1840   -1.5045   -0.3207   13.5160   -1.3853  -17.5280
eta,q 0.97195 11.87407
  0.0356  0.0332  0.0314  0.0317  0.0314  0.0281  0.0309  0.0325  0.0298  0.0305  0.0289  0.0294
  0.0333  0.0320  0.0308  0.0309  0.0306  0.0280  0.0293  0.0300  0.0288  0.0292  0.0284  0.0286
  0.0319  0.0313  0.0307  0.0304  0.0303  0.0289  0.0284  0.0285  0.0282  0.0283  0.0281  0.0282
  0.0312  0.0312  0.0312  0.0307  0.0304  0.0302  0.0281  0.0281  0.0281  0.0281  0.0281  0.0281
  0.0315  0.0318  0.0320  0.0319  0.0311  0.0322  0.0286  0.0288  0.0284  0.0286  0.0284  0.0284
  0.0327  0.0330  0.0332  0.0341  0.0323  0.0357  0.0297  0.0305  0.0292  0.0299  0.0290  0.0291
  0.0348  0.0349  0.0347  0.0371  0.0342  0.0406  0.0313  0.0331  0.0303  0.0318  0.0298  0.0302
niter,ni,del,rscale     7    3    5.0000    1.2000
parameters
    0.9442   16.5608    6.1022   -7.9988   -8.1209  -11.9498
    0.9601   -1.4742   -0.3700   13.1118   -1.2744  -17.0716
eta,q 0.97226 11.71028
  0.0321  0.0303  0.0301  0.0301  0.0306  0.0312  0.0307  0.0325  0.0297  0.0304  0.0290  0.0297
  0.0299  0.0289  0.0289  0.0289  0.0290  0.0291  0.0290  0.0300  0.0286  0.0290  0.0284  0.0287
  0.0286  0.0281  0.0282  0.0282  0.0282  0.0279  0.0280  0.0283  0.0280  0.0281  0.0280  0.0281
  0.0281  0.0281  0.0280  0.0280  0.0280  0.0280  0.0278  0.0277  0.0277  0.0277  0.0278  0.0278
  0.0284  0.0287  0.0283  0.0284  0.0285  0.0294  0.0282  0.0283  0.0280  0.0281  0.0279  0.0279
  0.0296  0.0298  0.0291  0.0297  0.0294  0.0312  0.0294  0.0300  0.0287  0.0293  0.0283  0.0284
  0.0317  0.0314  0.0303  0.0317  0.0307  0.0346  0.0309  0.0324  0.0298  0.0312  0.0290  0.0293
niter,ni,del,rscale     6    3    5.0000    1.2000
parameters
    0.9143   16.5825    5.9578   -8.1509   -7.9650  -12.2388
    0.9470   -1.5054   -0.3802   13.0720   -1.2304  -17.1496
eta,q 0.97227 11.69344
  0.0314  0.0307  0.0296  0.0303  0.0305  0.0323  0.0308  0.0324  0.0297  0.0306  0.0289  0.0294
  0.0294  0.0290  0.0285  0.0289  0.0289  0.0299  0.0291  0.0299  0.0286  0.0291  0.0283  0.0285
  0.0281  0.0280  0.0279  0.0281  0.0280  0.0283  0.0281  0.0283  0.0280  0.0281  0.0279  0.0279
  0.0277  0.0277  0.0277  0.0277  0.0277  0.0277  0.0277  0.0277  0.0277  0.0277  0.0277  0.0277
  0.0282  0.0281  0.0281  0.0280  0.0281  0.0286  0.0281  0.0283  0.0280  0.0280  0.0279  0.0279
  0.0295  0.0291  0.0289  0.0289  0.0290  0.0303  0.0292  0.0300  0.0286  0.0291  0.0283  0.0286
  0.0316  0.0305  0.0301  0.0306  0.0302  0.0328  0.0308  0.0325  0.0297  0.0308  0.0289  0.0295
niter,ni,del,rscale     5    3    5.0000    1.2000
parameters
    0.9111   16.5952    5.8878   -8.1630   -7.9422  -12.3005
    0.9512   -1.5207   -0.3634   13.1007   -1.2314  -17.2349
eta,q 0.97227 11.69146
  0.0315  0.0306  0.0297  0.0303  0.0304  0.0325  0.0308  0.0324  0.0297  0.0306  0.0289  0.0294
  0.0294  0.0290  0.0286  0.0289  0.0288  0.0300  0.0291  0.0299  0.0286  0.0292  0.0283  0.0285
  0.0282  0.0280  0.0279  0.0281  0.0280  0.0283  0.0281  0.0283  0.0279  0.0281  0.0279  0.0279
  0.0277  0.0277  0.0277  0.0277  0.0277  0.0277  0.0277  0.0277  0.0277  0.0277  0.0277  0.0277
  0.0282  0.0281  0.0280  0.0279  0.0281  0.0285  0.0281  0.0283  0.0280  0.0279  0.0279  0.0279
  0.0294  0.0291  0.0288  0.0288  0.0290  0.0302  0.0292  0.0300  0.0286  0.0290  0.0283  0.0286
  0.0315  0.0305  0.0299  0.0305  0.0302  0.0325  0.0307  0.0324  0.0297  0.0307  0.0289  0.0295
niter,ni,del,rscale     4    3    5.0000    1.2000
parameters
    0.9099   16.6043    5.8622   -8.1692   -7.9368  -12.3121
    0.9601   -1.5231   -0.3584   13.1236   -1.2379  -17.2765
eta,q 0.97227 11.69137
  0.0315  0.0306  0.0298  0.0303  0.0304  0.0325  0.0308  0.0324  0.0297  0.0306  0.0289  0.0294
  0.0294  0.0290  0.0286  0.0289  0.0288  0.0301  0.0291  0.0299  0.0286  0.0291  0.0283  0.0285
  0.0282  0.0280  0.0279  0.0281  0.0280  0.0284  0.0281  0.0283  0.0279  0.0281  0.0279  0.0279
  0.0277  0.0277  0.0277  0.0277  0.0277  0.0277  0.0277  0.0277  0.0277  0.0277  0.0277  0.0277
  0.0282  0.0281  0.0280  0.0279  0.0281  0.0285  0.0281  0.0283  0.0280  0.0279  0.0279  0.0279
  0.0294  0.0291  0.0287  0.0288  0.0290  0.0301  0.0292  0.0299  0.0286  0.0290  0.0283  0.0286
  0.0315  0.0305  0.0299  0.0305  0.0302  0.0324  0.0307  0.0324  0.0297  0.0307  0.0289  0.0295
niter,ni,del,rscale     3    3    5.0000    1.2000
parameters
    0.9100   16.6076    5.8528   -8.1733   -7.9367  -12.3094
    0.9635   -1.5237   -0.3463   13.1336   -1.2437  -17.2993
eta,q 0.97227 11.69155
  0.0315  0.0306  0.0298  0.0303  0.0304  0.0325  0.0308  0.0324  0.0297  0.0306  0.0289  0.0294
  0.0294  0.0290  0.0287  0.0289  0.0288  0.0301  0.0291  0.0299  0.0286  0.0291  0.0283  0.0285
  0.0281  0.0280  0.0279  0.0281  0.0280  0.0284  0.0281  0.0283  0.0279  0.0281  0.0279  0.0279
  0.0277  0.0277  0.0277  0.0277  0.0277  0.0277  0.0277  0.0277  0.0277  0.0277  0.0277  0.0277
  0.0282  0.0281  0.0280  0.0279  0.0281  0.0285  0.0281  0.0283  0.0280  0.0279  0.0279  0.0279
  0.0294  0.0291  0.0287  0.0288  0.0290  0.0301  0.0292  0.0299  0.0286  0.0290  0.0283  0.0285
  0.0315  0.0305  0.0298  0.0305  0.0302  0.0324  0.0307  0.0324  0.0297  0.0307  0.0289  0.0295
registration optimization eta report
parameter search radius
    2.4000    2.4000    2.4000    8.2800    8.2800    9.5220
    7.2000    7.2000    7.2000    7.2000    7.2000    7.2000
100000*second partial in parameter space
       65.       49.       37.        4.        4.        5.
        6.        9.        4.        6.        2.        3.
  0.0315  0.0306  0.0298  0.0303  0.0304  0.0325  0.0308  0.0324  0.0297  0.0306  0.0289  0.0294
  0.0294  0.0290  0.0287  0.0289  0.0288  0.0301  0.0291  0.0299  0.0286  0.0291  0.0283  0.0285
  0.0281  0.0280  0.0279  0.0281  0.0280  0.0284  0.0281  0.0283  0.0279  0.0281  0.0279  0.0279
  0.0277  0.0277  0.0277  0.0277  0.0277  0.0277  0.0277  0.0277  0.0277  0.0277  0.0277  0.0277
  0.0282  0.0281  0.0280  0.0279  0.0281  0.0285  0.0281  0.0283  0.0280  0.0279  0.0279  0.0279
  0.0294  0.0291  0.0287  0.0288  0.0290  0.0301  0.0292  0.0299  0.0286  0.0290  0.0283  0.0285
  0.0315  0.0305  0.0298  0.0305  0.0302  0.0324  0.0307  0.0324  0.0297  0.0307  0.0289  0.0295
    0.9100   16.6076    5.8528   -8.1733   -7.9367  -12.3094
    0.9635   -1.5237   -0.3463   13.1336   -1.2437  -17.2993
eta,q 0.97227 11.69155

---------------------------------------------------------------------
imgreg_4dfp /opt/freesurfer/average/711-2C_as_mni_average_305 /opt/freesurfer/average/711-2B_as_mni_average_305_mask talsrcimg_g11 none talsrcimg_to_711-2C_as_mni_average_305_t4 2311
---------------------------------------------------------------------

freesurfer imgreg_4dfp.c
/opt/freesurfer/average/711-2C_as_mni_average_305.4dfp.img
       256       256       256         1
  1.000000  1.000000  1.000000
orientation T byte_order littleendian
Reading image: /opt/freesurfer/average/711-2C_as_mni_average_305.4dfp.img
dimensions:      256       256       256
mmppix:       1.0000   -1.0000   -1.0000
center:     128.0000 -129.0000 -129.0000
/opt/freesurfer/average/711-2B_as_mni_average_305_mask.4dfp.img
       256       256       256         1
  1.000000  1.000000  1.000000
orientation T byte_order littleendian
Reading mask: /opt/freesurfer/average/711-2B_as_mni_average_305_mask.4dfp.img (2306576 pixels)
talsrcimg_g11.4dfp.img
       256       256       256         1
  1.000000  1.000000  1.000000
orientation T byte_order littleendian
Reading image: talsrcimg_g11.4dfp.img
dimensions:      256       256       256
mmppix:       1.0000   -1.0000   -1.0000
center:     128.0000 -129.0000 -129.0000
fimgreg.f
image alignment mode   2311 decimal      907 hex
parameters
    0.9100   16.6076    5.8528   -8.1733   -7.9367  -12.3094
    0.9635   -1.5237   -0.3463   13.1336   -1.2437  -17.2993
eta,q 0.97227 11.69155
niter,ni,del,rscale     5    3    5.0000    0.8000
parameters
    0.9057   16.5675    5.8258   -7.9046   -8.2273  -12.4630
    0.8887   -1.5504   -0.3411   13.2686   -1.1320  -17.3010
eta,q 0.97230 11.68742
  0.0294  0.0290  0.0287  0.0287  0.0285  0.0291  0.0291  0.0299  0.0286  0.0291  0.0283  0.0285
  0.0285  0.0282  0.0281  0.0282  0.0281  0.0283  0.0283  0.0287  0.0281  0.0284  0.0280  0.0281
  0.0279  0.0278  0.0278  0.0279  0.0278  0.0279  0.0278  0.0279  0.0278  0.0279  0.0278  0.0278
  0.0277  0.0277  0.0277  0.0277  0.0277  0.0277  0.0277  0.0277  0.0277  0.0277  0.0277  0.0277
  0.0279  0.0279  0.0279  0.0278  0.0279  0.0279  0.0279  0.0280  0.0278  0.0278  0.0278  0.0278
  0.0285  0.0284  0.0282  0.0280  0.0282  0.0285  0.0284  0.0287  0.0281  0.0282  0.0279  0.0281
  0.0294  0.0291  0.0287  0.0285  0.0287  0.0293  0.0292  0.0299  0.0286  0.0290  0.0282  0.0285
niter,ni,del,rscale     4    3    5.0000    0.7000
parameters
    0.9030   16.5592    5.8039   -7.9077   -8.2763  -12.4714
    0.8653   -1.5568   -0.3689   13.3114   -1.0933  -17.3210
eta,q 0.97231 11.68563
  0.0290  0.0287  0.0284  0.0284  0.0284  0.0289  0.0288  0.0294  0.0284  0.0287  0.0281  0.0283
  0.0283  0.0281  0.0280  0.0280  0.0280  0.0283  0.0282  0.0285  0.0280  0.0282  0.0279  0.0280
  0.0278  0.0278  0.0278  0.0278  0.0278  0.0278  0.0278  0.0279  0.0278  0.0278  0.0278  0.0278
  0.0277  0.0277  0.0277  0.0277  0.0277  0.0277  0.0277  0.0277  0.0277  0.0277  0.0277  0.0277
  0.0279  0.0278  0.0278  0.0278  0.0278  0.0278  0.0278  0.0279  0.0278  0.0278  0.0277  0.0278
  0.0283  0.0282  0.0281  0.0280  0.0281  0.0282  0.0282  0.0285  0.0280  0.0281  0.0279  0.0280
  0.0290  0.0287  0.0285  0.0284  0.0285  0.0289  0.0288  0.0294  0.0284  0.0287  0.0281  0.0283
niter,ni,del,rscale     3    3    5.0000    0.6000
parameters
    0.9039   16.5500    5.7944   -7.8805   -8.2989  -12.4464
    0.8629   -1.5556   -0.3887   13.3759   -1.1043  -17.3099
eta,q 0.97231 11.68839
  0.0287  0.0284  0.0282  0.0282  0.0283  0.0286  0.0285  0.0290  0.0282  0.0285  0.0280  0.0282
  0.0281  0.0280  0.0279  0.0279  0.0280  0.0281  0.0281  0.0283  0.0279  0.0281  0.0278  0.0279
  0.0278  0.0278  0.0278  0.0278  0.0278  0.0278  0.0278  0.0278  0.0277  0.0278  0.0277  0.0278
  0.0277  0.0277  0.0277  0.0277  0.0277  0.0277  0.0277  0.0277  0.0277  0.0277  0.0277  0.0277
  0.0278  0.0278  0.0278  0.0277  0.0278  0.0278  0.0278  0.0278  0.0278  0.0277  0.0277  0.0277
  0.0281  0.0280  0.0280  0.0279  0.0280  0.0281  0.0281  0.0283  0.0279  0.0280  0.0278  0.0279
  0.0286  0.0285  0.0283  0.0282  0.0283  0.0286  0.0285  0.0289  0.0282  0.0284  0.0280  0.0282
niter,ni,del,rscale     2    3    5.0000    0.5000
parameters
    0.9021   16.5444    5.8004   -7.8424   -8.3151  -12.4089
    0.8572   -1.5601   -0.3904   13.4290   -1.1192  -17.2839
eta,q 0.97231 11.69234
  0.0284  0.0282  0.0281  0.0280  0.0281  0.0283  0.0283  0.0286  0.0280  0.0282  0.0279  0.0280
  0.0280  0.0279  0.0279  0.0279  0.0279  0.0280  0.0279  0.0281  0.0278  0.0279  0.0278  0.0278
  0.0278  0.0277  0.0277  0.0277  0.0277  0.0278  0.0278  0.0278  0.0277  0.0278  0.0277  0.0277
  0.0277  0.0277  0.0277  0.0277  0.0277  0.0277  0.0277  0.0277  0.0277  0.0277  0.0277  0.0277
  0.0278  0.0278  0.0277  0.0277  0.0278  0.0277  0.0278  0.0278  0.0277  0.0277  0.0277  0.0277
  0.0280  0.0279  0.0279  0.0278  0.0279  0.0280  0.0279  0.0281  0.0279  0.0279  0.0278  0.0278
  0.0284  0.0282  0.0281  0.0280  0.0281  0.0283  0.0283  0.0286  0.0280  0.0282  0.0279  0.0280
niter,ni,del,rscale     1    3    5.0000    0.4000
parameters
    0.9015   16.5382    5.7996   -7.7996   -8.3208  -12.3889
    0.8550   -1.5700   -0.4050   13.4771   -1.1134  -17.2730
eta,q 0.97231 11.69610
  0.0281  0.0280  0.0279  0.0279  0.0280  0.0281  0.0281  0.0283  0.0279  0.0280  0.0278  0.0279
  0.0279  0.0278  0.0278  0.0278  0.0278  0.0279  0.0279  0.0279  0.0278  0.0279  0.0278  0.0278
  0.0277  0.0277  0.0277  0.0277  0.0277  0.0277  0.0277  0.0278  0.0277  0.0277  0.0277  0.0277
  0.0277  0.0277  0.0277  0.0277  0.0277  0.0277  0.0277  0.0277  0.0277  0.0277  0.0277  0.0277
  0.0277  0.0277  0.0277  0.0277  0.0277  0.0277  0.0277  0.0278  0.0277  0.0277  0.0277  0.0277
  0.0279  0.0279  0.0278  0.0278  0.0278  0.0279  0.0279  0.0280  0.0278  0.0278  0.0278  0.0278
  0.0281  0.0280  0.0279  0.0279  0.0280  0.0281  0.0281  0.0283  0.0279  0.0280  0.0278  0.0279
registration optimization eta report
parameter search radius
    0.8000    0.8000    0.8000    2.4000    2.4000    2.4000
    2.4000    2.4000    2.4000    2.4000    2.4000    2.4000
100000*second partial in parameter space
       66.       53.       40.        4.        5.        7.
        6.       10.        4.        6.        3.        4.
  0.0281  0.0280  0.0279  0.0279  0.0280  0.0281  0.0281  0.0283  0.0279  0.0280  0.0278  0.0279
  0.0279  0.0278  0.0278  0.0278  0.0278  0.0279  0.0279  0.0279  0.0278  0.0279  0.0278  0.0278
  0.0277  0.0277  0.0277  0.0277  0.0277  0.0277  0.0277  0.0278  0.0277  0.0277  0.0277  0.0277
  0.0277  0.0277  0.0277  0.0277  0.0277  0.0277  0.0277  0.0277  0.0277  0.0277  0.0277  0.0277
  0.0277  0.0277  0.0277  0.0277  0.0277  0.0277  0.0277  0.0278  0.0277  0.0277  0.0277  0.0277
  0.0279  0.0279  0.0278  0.0278  0.0278  0.0279  0.0279  0.0280  0.0278  0.0278  0.0278  0.0278
  0.0281  0.0280  0.0279  0.0279  0.0280  0.0281  0.0281  0.0283  0.0279  0.0280  0.0278  0.0279
    0.9015   16.5382    5.7996   -7.7996   -8.3208  -12.3889
    0.8550   -1.5700   -0.4050   13.4771   -1.1134  -17.2730
eta,q 0.97231 11.69610

---------------------------------------------------------------------
imgreg_4dfp /opt/freesurfer/average/711-2C_as_mni_average_305 /opt/freesurfer/average/711-2B_as_mni_average_305_mask talsrcimg_g11 none talsrcimg_to_711-2C_as_mni_average_305_t4 2311
---------------------------------------------------------------------

freesurfer imgreg_4dfp.c
/opt/freesurfer/average/711-2C_as_mni_average_305.4dfp.img
       256       256       256         1
  1.000000  1.000000  1.000000
orientation T byte_order littleendian
Reading image: /opt/freesurfer/average/711-2C_as_mni_average_305.4dfp.img
dimensions:      256       256       256
mmppix:       1.0000   -1.0000   -1.0000
center:     128.0000 -129.0000 -129.0000
/opt/freesurfer/average/711-2B_as_mni_average_305_mask.4dfp.img
       256       256       256         1
  1.000000  1.000000  1.000000
orientation T byte_order littleendian
Reading mask: /opt/freesurfer/average/711-2B_as_mni_average_305_mask.4dfp.img (2306576 pixels)
talsrcimg_g11.4dfp.img
       256       256       256         1
  1.000000  1.000000  1.000000
orientation T byte_order littleendian
Reading image: talsrcimg_g11.4dfp.img
dimensions:      256       256       256
mmppix:       1.0000   -1.0000   -1.0000
center:     128.0000 -129.0000 -129.0000
fimgreg.f
image alignment mode   2311 decimal      907 hex
parameters
    0.9015   16.5382    5.7996   -7.7996   -8.3208  -12.3889
    0.8550   -1.5700   -0.4050   13.4771   -1.1134  -17.2730
eta,q 0.97231 11.69609
niter,ni,del,rscale     5    3    5.0000    0.8000
parameters
    0.9025   16.5717    5.8208   -7.9678   -8.2648  -12.4239
    0.8855   -1.5448   -0.3760   13.2808   -1.1028  -17.3254
eta,q 0.97230 11.68507
  0.0294  0.0291  0.0287  0.0285  0.0287  0.0292  0.0292  0.0299  0.0286  0.0289  0.0283  0.0285
  0.0285  0.0283  0.0281  0.0281  0.0282  0.0284  0.0283  0.0287  0.0281  0.0282  0.0280  0.0281
  0.0279  0.0278  0.0278  0.0278  0.0278  0.0279  0.0279  0.0279  0.0278  0.0278  0.0278  0.0278
  0.0277  0.0277  0.0277  0.0277  0.0277  0.0277  0.0277  0.0277  0.0277  0.0277  0.0277  0.0277
  0.0279  0.0279  0.0278  0.0278  0.0278  0.0279  0.0279  0.0280  0.0278  0.0278  0.0278  0.0278
  0.0284  0.0283  0.0281  0.0281  0.0282  0.0284  0.0283  0.0287  0.0281  0.0283  0.0280  0.0281
  0.0294  0.0289  0.0286  0.0287  0.0286  0.0292  0.0291  0.0299  0.0286  0.0292  0.0283  0.0286
niter,ni,del,rscale     4    3    5.0000    0.7000
parameters
    0.9038   16.5586    5.8130   -7.9143   -8.2892  -12.4565
    0.8684   -1.5563   -0.3757   13.3180   -1.0913  -17.3059
eta,q 0.97231 11.68550
  0.0290  0.0287  0.0284  0.0284  0.0284  0.0289  0.0288  0.0294  0.0284  0.0287  0.0281  0.0283
  0.0283  0.0281  0.0280  0.0280  0.0280  0.0282  0.0282  0.0285  0.0280  0.0282  0.0279  0.0280
  0.0279  0.0278  0.0278  0.0278  0.0278  0.0278  0.0278  0.0279  0.0278  0.0278  0.0278  0.0278
  0.0277  0.0277  0.0277  0.0277  0.0277  0.0277  0.0277  0.0277  0.0277  0.0277  0.0277  0.0277
  0.0279  0.0278  0.0278  0.0278  0.0278  0.0278  0.0278  0.0279  0.0278  0.0278  0.0277  0.0278
  0.0283  0.0282  0.0280  0.0280  0.0281  0.0282  0.0282  0.0285  0.0280  0.0281  0.0279  0.0280
  0.0290  0.0287  0.0285  0.0284  0.0285  0.0289  0.0288  0.0294  0.0284  0.0287  0.0281  0.0283
niter,ni,del,rscale     3    3    5.0000    0.6000
parameters
    0.9028   16.5473    5.8027   -7.8813   -8.3003  -12.4372
    0.8647   -1.5577   -0.3938   13.3655   -1.0927  -17.3038
eta,q 0.97231 11.68860
  0.0287  0.0284  0.0282  0.0282  0.0283  0.0286  0.0285  0.0290  0.0282  0.0284  0.0280  0.0282
  0.0281  0.0280  0.0279  0.0279  0.0280  0.0281  0.0281  0.0283  0.0279  0.0280  0.0278  0.0279
  0.0278  0.0278  0.0277  0.0278  0.0278  0.0278  0.0278  0.0278  0.0277  0.0278  0.0277  0.0278
  0.0277  0.0277  0.0277  0.0277  0.0277  0.0277  0.0277  0.0277  0.0277  0.0277  0.0277  0.0277
  0.0278  0.0278  0.0278  0.0277  0.0278  0.0278  0.0278  0.0278  0.0278  0.0277  0.0277  0.0277
  0.0281  0.0280  0.0280  0.0279  0.0280  0.0281  0.0281  0.0283  0.0279  0.0280  0.0278  0.0279
  0.0287  0.0285  0.0283  0.0282  0.0283  0.0286  0.0285  0.0289  0.0282  0.0284  0.0280  0.0282
niter,ni,del,rscale     2    3    5.0000    0.5000
parameters
    0.9027   16.5413    5.8029   -7.8377   -8.3239  -12.4118
    0.8562   -1.5608   -0.3999   13.4231   -1.1095  -17.2915
eta,q 0.97231 11.69199
  0.0284  0.0282  0.0281  0.0280  0.0281  0.0283  0.0283  0.0286  0.0280  0.0282  0.0279  0.0280
  0.0280  0.0279  0.0279  0.0279  0.0279  0.0280  0.0279  0.0281  0.0278  0.0279  0.0278  0.0278
  0.0278  0.0277  0.0277  0.0277  0.0277  0.0278  0.0277  0.0278  0.0277  0.0278  0.0277  0.0277
  0.0277  0.0277  0.0277  0.0277  0.0277  0.0277  0.0277  0.0277  0.0277  0.0277  0.0277  0.0277
  0.0278  0.0278  0.0277  0.0277  0.0278  0.0278  0.0278  0.0278  0.0277  0.0277  0.0277  0.0277
  0.0280  0.0279  0.0279  0.0278  0.0279  0.0280  0.0280  0.0281  0.0279  0.0279  0.0278  0.0278
  0.0284  0.0282  0.0281  0.0280  0.0281  0.0283  0.0283  0.0286  0.0280  0.0282  0.0279  0.0280
niter,ni,del,rscale     1    3    5.0000    0.4000
parameters
    0.9032   16.5364    5.7992   -7.7777   -8.3218  -12.3872
    0.8509   -1.5694   -0.4001   13.4825   -1.1198  -17.2820
eta,q 0.97231 11.69733
  0.0281  0.0280  0.0279  0.0279  0.0280  0.0281  0.0281  0.0283  0.0279  0.0280  0.0278  0.0279
  0.0279  0.0278  0.0278  0.0278  0.0278  0.0279  0.0279  0.0279  0.0278  0.0279  0.0278  0.0278
  0.0277  0.0277  0.0277  0.0277  0.0277  0.0277  0.0277  0.0278  0.0277  0.0277  0.0277  0.0277
  0.0277  0.0277  0.0277  0.0277  0.0277  0.0277  0.0277  0.0277  0.0277  0.0277  0.0277  0.0277
  0.0277  0.0277  0.0277  0.0277  0.0277  0.0277  0.0277  0.0278  0.0277  0.0277  0.0277  0.0277
  0.0279  0.0279  0.0278  0.0278  0.0278  0.0279  0.0279  0.0280  0.0278  0.0278  0.0278  0.0278
  0.0281  0.0280  0.0279  0.0279  0.0280  0.0281  0.0281  0.0283  0.0279  0.0280  0.0278  0.0279
registration optimization eta report
parameter search radius
    0.8000    0.8000    0.8000    2.4000    2.4000    2.4000
    2.4000    2.4000    2.4000    2.4000    2.4000    2.4000
100000*second partial in parameter space
       67.       53.       39.        4.        5.        7.
        6.       10.        4.        6.        3.        4.
  0.0281  0.0280  0.0279  0.0279  0.0280  0.0281  0.0281  0.0283  0.0279  0.0280  0.0278  0.0279
  0.0279  0.0278  0.0278  0.0278  0.0278  0.0279  0.0279  0.0279  0.0278  0.0279  0.0278  0.0278
  0.0277  0.0277  0.0277  0.0277  0.0277  0.0277  0.0277  0.0278  0.0277  0.0277  0.0277  0.0277
  0.0277  0.0277  0.0277  0.0277  0.0277  0.0277  0.0277  0.0277  0.0277  0.0277  0.0277  0.0277
  0.0277  0.0277  0.0277  0.0277  0.0277  0.0277  0.0277  0.0278  0.0277  0.0277  0.0277  0.0277
  0.0279  0.0279  0.0278  0.0278  0.0278  0.0279  0.0279  0.0280  0.0278  0.0278  0.0278  0.0278
  0.0281  0.0280  0.0279  0.0279  0.0280  0.0281  0.0281  0.0283  0.0279  0.0280  0.0278  0.0279
    0.9032   16.5364    5.7992   -7.7777   -8.3218  -12.3872
    0.8509   -1.5694   -0.4001   13.4825   -1.1198  -17.2820
eta,q 0.97231 11.69733

---------------------------------------------------------------------
compute_vox2vox talsrcimg talsrcimg_to_711-2C_as_mni_average_305_t4 /opt/freesurfer/average/711-2C_as_mni_average_305
---------------------------------------------------------------------

freesurfer compute_vox2vox.c
Reading: talsrcimg.4dfp.ifh
Reading: talsrcimg_to_711-2C_as_mni_average_305_t4
Reading: /opt/freesurfer/average/711-2C_as_mni_average_305.4dfp.ifh
Writing: talsrcimg_to_711-2C_as_mni_average_305_t4_vox2vox.txt

start time Tue Mar 10 01:55:52 CET 2026
end		time Tue Mar 10 01:57:21 CET 2026

mpr2mni305 success

avi2talxfm orig_nu.mgz /opt/freesurfer/average/mni305.cor.mgz talsrcimg_to_711-2C_as_mni_average_305_t4_vox2vox.txt transforms/talairach.auto.xfm
avi2talxfm done
mv -f /out/sourcedata/freesurfer/sub-v1s4x0050683_ses-1/mri/talsrcimg_to_711-2C_as_mni_average_305_t4_vox2vox.txt /out/sourcedata/freesurfer/sub-v1s4x0050683_ses-1/mri/transforms/talsrcimg_to_711-2C_as_mni_average_305_t4_vox2vox.txt
lta_convert --src orig_nu.mgz --trg /opt/freesurfer/average/mni305.cor.mgz --inxfm transforms/talairach.auto.xfm --outlta transforms/talairach.auto.xfm.lta --subject fsaverage
7.3.2

--src: orig_nu.mgz src image (geometry).
--trg: /opt/freesurfer/average/mni305.cor.mgz trg image (geometry).
--inmni: transforms/talairach.auto.xfm input MNI/XFM transform.
--outlta: transforms/talairach.auto.xfm.lta output LTA.
--s: fsaverage subject name
 LTA read, type : 1
 1.08456   0.02039  -0.00622  -4.41190;
 0.01438   1.10948   0.20901  -14.88412;
 0.00262  -0.16308   1.06001  -19.70496;
 0.00000   0.00000   0.00000   1.00000;
setting subject to fsaverage
Writing  LTA to file transforms/talairach.auto.xfm.lta...
lta_convert successful.
 
 
Started at Tue Mar 10 01:55:52 CET 2026
Ended   at Tue Mar 10 01:57:22 CET 2026
talairach_avi done
