status file for recon-all
Tue Mar 10 03:26:37 CET 2026
#@# Tessellate lh Tue Mar 10 03:26:37 CET 2026
#@# Smooth1 lh Tue Mar 10 03:26:41 CET 2026
#@# Inflation1 lh Tue Mar 10 03:26:43 CET 2026
#@# QSphere lh Tue Mar 10 03:26:53 CET 2026
#@# Fix Topology lh Tue Mar 10 03:27:57 CET 2026
#@# Smooth2 lh Tue Mar 10 03:33:37 CET 2026
#@# Inflation2 lh Tue Mar 10 03:33:40 CET 2026
#@# Curv .H and .K lh Tue Mar 10 03:33:51 CET 2026
#@# Sphere lh Tue Mar 10 03:34:38 CET 2026
#@# Surf Reg lh Tue Mar 10 03:37:25 CET 2026
#@# Jacobian white lh Tue Mar 10 03:40:31 CET 2026
#@# AvgCurv lh Tue Mar 10 03:40:32 CET 2026
#@# Cortical Parc lh Tue Mar 10 03:40:32 CET 2026
#@# white curv lh Tue Mar 10 03:46:12 CET 2026
#@# white area lh Tue Mar 10 03:46:13 CET 2026
#@# pial curv lh Tue Mar 10 03:46:14 CET 2026
#@# pial area lh Tue Mar 10 03:46:16 CET 2026
#@# thickness lh Tue Mar 10 03:46:16 CET 2026
#@# area and vertex vol lh Tue Mar 10 03:46:46 CET 2026
#@# Curvature Stats lh Tue Mar 10 03:46:47 CET 2026
#@# Cortical Parc 2 lh Tue Mar 10 03:46:49 CET 2026
#@# Cortical Parc 3 lh Tue Mar 10 03:47:02 CET 2026
#@# WM/GM Contrast lh Tue Mar 10 03:47:12 CET 2026
recon-all -s sub-v1s4x0050683_ses-1 finished without error at Tue Mar 10 03:47:14 CET 2026



#New# invocation of recon-all 



status file for recon-all
Tue Mar 10 04:14:06 CET 2026
#@# white curv lh Tue Mar 10 04:14:06 CET 2026
#@# white area lh Tue Mar 10 04:14:06 CET 2026
#@# pial curv lh Tue Mar 10 04:14:06 CET 2026
#@# pial area lh Tue Mar 10 04:14:06 CET 2026
#@# thickness lh Tue Mar 10 04:14:06 CET 2026
#@# area and vertex vol lh Tue Mar 10 04:14:06 CET 2026
#@# Parcellation Stats lh Tue Mar 10 04:14:06 CET 2026
#@# Parcellation Stats 2 lh Tue Mar 10 04:14:24 CET 2026
#@# Parcellation Stats 3 lh Tue Mar 10 04:14:33 CET 2026
#@# BA_exvivo Labels lh Tue Mar 10 04:14:43 CET 2026
recon-all -s sub-v1s4x0050683_ses-1 finished without error at Tue Mar 10 04:17:04 CET 2026
