status file for recon-all
Tue Mar 10 01:52:43 CET 2026
#@# MotionCor Tue Mar 10 01:52:45 CET 2026
#@# Talairach Tue Mar 10 01:52:56 CET 2026
#@# Talairach Failure Detection Tue Mar 10 01:57:24 CET 2026
#@# Nu Intensity Correction Tue Mar 10 01:57:24 CET 2026
#@# Intensity Normalization Tue Mar 10 02:00:39 CET 2026
recon-all -s sub-v1s4x0050683_ses-1 finished without error at Tue Mar 10 02:02:08 CET 2026



#New# invocation of recon-all 



status file for recon-all
Tue Mar 10 02:09:03 CET 2026
#@# EM Registration Tue Mar 10 02:09:03 CET 2026
recon-all -s sub-v1s4x0050683_ses-1 finished without error at Tue Mar 10 02:10:44 CET 2026



#New# invocation of recon-all 



status file for recon-all
Tue Mar 10 02:10:47 CET 2026
#@# CA Normalize Tue Mar 10 02:10:47 CET 2026
#@# CA Reg Tue Mar 10 02:12:07 CET 2026
#@# SubCort Seg Tue Mar 10 02:50:51 CET 2026
#@# CC Seg Tue Mar 10 03:20:51 CET 2026
#@# Merge ASeg Tue Mar 10 03:21:23 CET 2026
#@# Intensity Normalization2 Tue Mar 10 03:21:23 CET 2026
#@# Mask BFS Tue Mar 10 03:23:37 CET 2026
#@# WM Segmentation Tue Mar 10 03:23:38 CET 2026
#@# Fill Tue Mar 10 03:25:28 CET 2026
recon-all -s sub-v1s4x0050683_ses-1 finished without error at Tue Mar 10 03:26:31 CET 2026



#New# invocation of recon-all 



status file for recon-all
Tue Mar 10 04:09:34 CET 2026
#@# white curv lh Tue Mar 10 04:09:34 CET 2026
#@# white area lh Tue Mar 10 04:09:34 CET 2026
#@# pial curv lh Tue Mar 10 04:09:34 CET 2026
#@# pial area lh Tue Mar 10 04:09:34 CET 2026
#@# thickness lh Tue Mar 10 04:09:34 CET 2026
#@# area and vertex vol lh Tue Mar 10 04:09:34 CET 2026
#@# white curv rh Tue Mar 10 04:09:34 CET 2026
#@# white area rh Tue Mar 10 04:09:34 CET 2026
#@# pial curv rh Tue Mar 10 04:09:34 CET 2026
#@# pial area rh Tue Mar 10 04:09:34 CET 2026
#@# thickness rh Tue Mar 10 04:09:34 CET 2026
#@# area and vertex vol rh Tue Mar 10 04:09:34 CET 2026
#@# Cortical ribbon mask Tue Mar 10 04:09:34 CET 2026
recon-all -s sub-v1s4x0050683_ses-1 finished without error at Tue Mar 10 04:14:02 CET 2026



#New# invocation of recon-all 



status file for recon-all
Tue Mar 10 04:20:08 CET 2026
#@# white curv lh Tue Mar 10 04:20:08 CET 2026
#@# white area lh Tue Mar 10 04:20:08 CET 2026
#@# pial curv lh Tue Mar 10 04:20:08 CET 2026
#@# pial area lh Tue Mar 10 04:20:08 CET 2026
#@# thickness lh Tue Mar 10 04:20:08 CET 2026
#@# area and vertex vol lh Tue Mar 10 04:20:08 CET 2026
#@# white curv rh Tue Mar 10 04:20:08 CET 2026
#@# white area rh Tue Mar 10 04:20:08 CET 2026
#@# pial curv rh Tue Mar 10 04:20:08 CET 2026
#@# pial area rh Tue Mar 10 04:20:08 CET 2026
#@# thickness rh Tue Mar 10 04:20:08 CET 2026
#@# area and vertex vol rh Tue Mar 10 04:20:08 CET 2026
#@# Curvature Stats lh Tue Mar 10 04:20:08 CET 2026
#@# Curvature Stats rh Tue Mar 10 04:20:10 CET 2026
#@# Relabel Hypointensities Tue Mar 10 04:20:12 CET 2026
#@# APas-to-ASeg Tue Mar 10 04:20:27 CET 2026
#@# AParc-to-ASeg aparc Tue Mar 10 04:20:35 CET 2026
#@# AParc-to-ASeg aparc.a2009s Tue Mar 10 04:21:07 CET 2026
#@# AParc-to-ASeg aparc.DKTatlas Tue Mar 10 04:21:41 CET 2026
#@# WMParc Tue Mar 10 04:22:13 CET 2026
#@# ASeg Stats Tue Mar 10 04:25:52 CET 2026
recon-all -s sub-v1s4x0050683_ses-1 finished without error at Tue Mar 10 04:26:24 CET 2026
