/out/sourcedata/freesurfer/sub-v1s4x0050698_ses-1/mri
/opt/freesurfer/bin/talairach_avi
--i orig_nu.mgz --xfm transforms/talairach.auto.xfm
talairach_avi 7.3.2
Linux dna060 5.14.0-427.37.1.el9_4.x86_64 #1 SMP PREEMPT_DYNAMIC Fri Sep 13 12:41:50 EDT 2024 x86_64 x86_64 x86_64 GNU/Linux
Tue Mar 10 02:37:44 CET 2026
mri_convert orig_nu.mgz talsrcimg.img 
reading from orig_nu.mgz...
TR=0.00, TE=0.00, TI=0.00, flip angle=0.00
i_ras = (-1, -1.49012e-08, -7.45058e-09)
j_ras = (0, 0, -1)
k_ras = (1.86265e-09, 1, 2.98023e-08)
writing to talsrcimg.img...
Analyze Output Matrix
-1.00000   0.00000   0.00000   128.86137;
-0.00000   0.00000   1.00000  -122.14116;
-0.00000  -1.00000   0.00000   137.68481;
 0.00000   0.00000   0.00000   1.00000;
--------------------
INFO: set hdr.hist.orient to -1
mpr2mni305 talsrcimg
Tue Mar 10 02:37:44 CET 2026
/opt/freesurfer/bin/mpr2mni305 talsrcimg
mpr2mni305 7.3.2
target=711-2C_as_mni_average_305

---------------------------------------------------------------------
analyzeto4dfp talsrcimg -O0 -y
---------------------------------------------------------------------

freesurfer ifh2hdr.c
Tue Mar 10 02:37:44 2026
Writing: talsrcimg.4dfp.hdr
freesurfer analyzeto4dfp.c
Reading: talsrcimg.hdr
header size 348 bytes
hdr.dime.datatype	offset=70	value=2
hdr.dime.bitpix		offset=72	value=8
hdr.hist.orient		offset=252	value=-1
dimensionality     4
dimensions       256       256       256         1
Reading: talsrcimg.img
Writing: talsrcimg.4dfp.img
Writing: talsrcimg.4dfp.ifh
ifh2hdr talsrcimg -r0to242
ori=2

---------------------------------------------------------------------
gauss_4dfp talsrcimg 1.1
---------------------------------------------------------------------

freesurfer gauss_4dfp.c
Reading: talsrcimg.4dfp.img
Writing: talsrcimg_g11.4dfp.img
image dimensions 256 256 256 padded to 288 288 288
processing volume 1freesurfer ifh2hdr.c
Tue Mar 10 02:37:46 2026
Writing: talsrcimg_g11.4dfp.hdr

Writing: talsrcimg_g11.4dfp.ifh
including: talsrcimg.4dfp.img.rec in talsrcimg_g11.4dfp.img.rec

---------------------------------------------------------------------
imgreg_4dfp /opt/freesurfer/average/711-2C_as_mni_average_305 none talsrcimg_g11 none talsrcimg_to_711-2C_as_mni_average_305_t4 4355
---------------------------------------------------------------------

freesurfer imgreg_4dfp.c
/opt/freesurfer/average/711-2C_as_mni_average_305.4dfp.img
       256       256       256         1
  1.000000  1.000000  1.000000
orientation T byte_order littleendian
Reading image: /opt/freesurfer/average/711-2C_as_mni_average_305.4dfp.img
dimensions:      256       256       256
mmppix:       1.0000   -1.0000   -1.0000
center:     128.0000 -129.0000 -129.0000
talsrcimg_g11.4dfp.img
       256       256       256         1
  1.000000  1.000000  1.000000
orientation T byte_order littleendian
Reading image: talsrcimg_g11.4dfp.img
dimensions:      256       256       256
mmppix:       1.0000   -1.0000   -1.0000
center:     128.0000 -129.0000 -129.0000
t4_read: open error in t4_sub.f l:  41 t4_file(1:l)talsrcimg_to_711-2C_as_mni_average_305_t4 
t4_read: transform initialized to I4
rotation matrix determinant  1.000000
image alignment mode   4355 decimal     1103 hex
   -7.5000  -45.0000  -45.0000 8863.1504   14.3421
    0.0000  -45.0000  -45.0000 9217.7871   14.3553
    7.5000  -45.0000  -45.0000 8812.7910   14.3056
   -7.5000  -37.5000  -45.0000 9257.6396   14.2312
    0.0000  -37.5000  -45.0000 9651.7988   14.2416
    7.5000  -37.5000  -45.0000 9219.4219   14.1933
   -7.5000  -30.0000  -45.000010044.2354   14.1833
    0.0000  -30.0000  -45.000010458.6875   14.1958
    7.5000  -30.0000  -45.0000 9990.5293   14.1509
   -7.5000  -22.5000  -45.000010708.5439   14.1847
    0.0000  -22.5000  -45.000011138.5781   14.2037
    7.5000  -22.5000  -45.000010622.9141   14.1622
   -7.5000  -15.0000  -45.000011173.6074   14.1896
    0.0000  -15.0000  -45.000011611.3750   14.2129
    7.5000  -15.0000  -45.000011067.6455   14.1720
   -7.5000   -7.5000  -45.000011517.5010   14.1896
    0.0000   -7.5000  -45.000011972.9824   14.2094
    7.5000   -7.5000  -45.000011411.8975   14.1649
   -7.5000    0.0000  -45.000011754.5029   14.1841
    0.0000    0.0000  -45.000012246.6602   14.1974
    7.5000    0.0000  -45.000011642.8770   14.1494
   -7.5000    7.5000  -45.000011127.4736   14.1844
    0.0000    7.5000  -45.000011617.1152   14.1948
    7.5000    7.5000  -45.000011033.7666   14.1468
   -7.5000   15.0000  -45.000010474.5820   14.2733
    0.0000   15.0000  -45.000010944.2520   14.2857
    7.5000   15.0000  -45.000010434.7773   14.2403
   -7.5000   22.5000  -45.0000 9827.9219   14.4970
    0.0000   22.5000  -45.000010269.9648   14.5172
    7.5000   22.5000  -45.0000 9813.7939   14.4797
   -7.5000   30.0000  -45.0000 9181.1846   14.6626
    0.0000   30.0000  -45.0000 9583.1533   14.6879
    7.5000   30.0000  -45.0000 9166.4443   14.6531
   -7.5000   37.5000  -45.0000 8881.1797   15.1197
    0.0000   37.5000  -45.0000 9273.4141   15.1447
    7.5000   37.5000  -45.0000 8857.5342   15.1026
   -7.5000   45.0000  -45.0000 8300.4492   15.2374
    0.0000   45.0000  -45.0000 8670.2334   15.2561
    7.5000   45.0000  -45.0000 8282.5195   15.2090
   -7.5000  -45.0000  -37.5000 9464.7676   14.3012
    0.0000  -45.0000  -37.5000 9835.2256   14.3136
    7.5000  -45.0000  -37.5000 9393.1377   14.2601
   -7.5000  -37.5000  -37.5000 9877.1484   14.1889
    0.0000  -37.5000  -37.500010277.9248   14.1962
    7.5000  -37.5000  -37.5000 9828.2812   14.1451
   -7.5000  -30.0000  -37.500010728.9150   14.1362
    0.0000  -30.0000  -37.500011151.6992   14.1446
    7.5000  -30.0000  -37.500010642.5215   14.0976
   -7.5000  -22.5000  -37.500011467.9541   14.1352
    0.0000  -22.5000  -37.500011921.6787   14.1512
    7.5000  -22.5000  -37.500011364.3506   14.1062
   -7.5000  -15.0000  -37.500011970.0947   14.1424
    0.0000  -15.0000  -37.500012435.0752   14.1643
    7.5000  -15.0000  -37.500011866.5088   14.1180
   -7.5000   -7.5000  -37.500012329.5674   14.1470
    0.0000   -7.5000  -37.500012812.8115   14.1664
    7.5000   -7.5000  -37.500012229.6631   14.1168
   -7.5000    0.0000  -37.500012586.8984   14.1445
    0.0000    0.0000  -37.500013081.1475   14.1568
    7.5000    0.0000  -37.500012465.4189   14.1050
   -7.5000    7.5000  -37.500011893.3818   14.1425
    0.0000    7.5000  -37.500012375.7119   14.1497
    7.5000    7.5000  -37.500011762.4043   14.0991
   -7.5000   15.0000  -37.500011160.6943   14.2254
    0.0000   15.0000  -37.500011610.5703   14.2335
    7.5000   15.0000  -37.500011060.4102   14.1857
   -7.5000   22.5000  -37.500010467.0000   14.4482
    0.0000   22.5000  -37.500010891.1582   14.4643
    7.5000   22.5000  -37.500010389.6602   14.4207
   -7.5000   30.0000  -37.5000 9767.2539   14.6121
    0.0000   30.0000  -37.500010164.4102   14.6362
    7.5000   30.0000  -37.5000 9687.1758   14.5943
   -7.5000   37.5000  -37.5000 9426.8486   15.0735
    0.0000   37.5000  -37.5000 9820.9707   15.0992
    7.5000   37.5000  -37.5000 9374.1045   15.0490
   -7.5000   45.0000  -37.5000 8783.3330   15.1901
    0.0000   45.0000  -37.5000 9160.3203   15.2092
    7.5000   45.0000  -37.5000 8743.2676   15.1561
   -7.5000  -45.0000  -30.000010208.3145   14.8810
    0.0000  -45.0000  -30.000010614.7109   14.9003
    7.5000  -45.0000  -30.000010160.6357   14.8491
   -7.5000  -37.5000  -30.000010685.8193   14.7632
    0.0000  -37.5000  -30.000011123.1094   14.7794
    7.5000  -37.5000  -30.000010645.7168   14.7326
   -7.5000  -30.0000  -30.000011573.4443   14.7033
    0.0000  -30.0000  -30.000012046.2881   14.7196
    7.5000  -30.0000  -30.000011513.8564   14.6796
   -7.5000  -22.5000  -30.000012387.5400   14.6987
    0.0000  -22.5000  -30.000012879.4951   14.7189
    7.5000  -22.5000  -30.000012299.9248   14.6807
   -7.5000  -15.0000  -30.000012941.4023   14.7064
    0.0000  -15.0000  -30.000013454.9023   14.7300
    7.5000  -15.0000  -30.000012843.6602   14.6882
   -7.5000   -7.5000  -30.000013304.1787   14.7162
    0.0000   -7.5000  -30.000013868.4570   14.7390
    7.5000   -7.5000  -30.000013235.2012   14.6918
   -7.5000    0.0000  -30.000013529.5137   14.7186
    0.0000    0.0000  -30.000014100.8652   14.7376
    7.5000    0.0000  -30.000013466.1992   14.6880
   -7.5000    7.5000  -30.000012756.4238   14.7150
    0.0000    7.5000  -30.000013293.6377   14.7312
    7.5000    7.5000  -30.000012698.6953   14.6849
   -7.5000   15.0000  -30.000011964.3896   14.7967
    0.0000   15.0000  -30.000012473.0352   14.8133
    7.5000   15.0000  -30.000011911.5293   14.7720
   -7.5000   22.5000  -30.000011260.1787   15.0282
    0.0000   22.5000  -30.000011723.5449   15.0485
    7.5000   22.5000  -30.000011194.4678   15.0086
   -7.5000   30.0000  -30.000010497.7432   15.2031
    0.0000   30.0000  -30.000010911.7441   15.2292
    7.5000   30.0000  -30.000010427.7051   15.1880
   -7.5000   37.5000  -30.000010119.1592   15.6901
    0.0000   37.5000  -30.000010536.2129   15.7201
    7.5000   37.5000  -30.000010087.4727   15.6683
   -7.5000   45.0000  -30.0000 9398.5039   15.8256
    0.0000   45.0000  -30.0000 9784.3125   15.8534
    7.5000   45.0000  -30.0000 9355.9219   15.8004
   -7.5000  -45.0000  -22.500010929.2061   15.3846
    0.0000  -45.0000  -22.500011353.6738   15.4147
    7.5000  -45.0000  -22.500010819.1123   15.3728
   -7.5000  -37.5000  -22.500011453.5498   15.2667
    0.0000  -37.5000  -22.500011931.7168   15.2980
    7.5000  -37.5000  -22.500011355.6396   15.2612
   -7.5000  -30.0000  -22.500012376.0811   15.2067
    0.0000  -30.0000  -22.500012892.9531   15.2376
    7.5000  -30.0000  -22.500012283.8057   15.2092
   -7.5000  -22.5000  -22.500013236.2451   15.1995
    0.0000  -22.5000  -22.500013770.3838   15.2290
    7.5000  -22.5000  -22.500013151.5166   15.2039
   -7.5000  -15.0000  -22.500013846.6514   15.2026
    0.0000  -15.0000  -22.500014395.4326   15.2313
    7.5000  -15.0000  -22.500013758.3965   15.2025
   -7.5000   -7.5000  -22.500014243.8193   15.2116
    0.0000   -7.5000  -22.500014822.0645   15.2404
    7.5000   -7.5000  -22.500014168.9160   15.2040
   -7.5000    0.0000  -22.500014451.9238   15.2169
    0.0000    0.0000  -22.500015056.8691   15.2468
    7.5000    0.0000  -22.500014365.5703   15.2061
   -7.5000    7.5000  -22.500013617.7617   15.2169
    0.0000    7.5000  -22.500014198.9717   15.2481
    7.5000    7.5000  -22.500013525.3311   15.2116
   -7.5000   15.0000  -22.500012796.6914   15.3046
    0.0000   15.0000  -22.500013346.0654   15.3364
    7.5000   15.0000  -22.500012716.0898   15.3069
   -7.5000   22.5000  -22.500012044.3096   15.5426
    0.0000   22.5000  -22.500012561.2285   15.5735
    7.5000   22.5000  -22.500011972.3311   15.5463
   -7.5000   30.0000  -22.500011193.7354   15.7263
    0.0000   30.0000  -22.500011667.7354   15.7574
    7.5000   30.0000  -22.500011176.4854   15.7272
   -7.5000   37.5000  -22.500010749.5312   16.2284
    0.0000   37.5000  -22.500011223.7207   16.2647
    7.5000   37.5000  -22.500010762.7490   16.2228
   -7.5000   45.0000  -22.5000 9964.3369   16.3831
    0.0000   45.0000  -22.500010387.7529   16.4226
    7.5000   45.0000  -22.5000 9968.0801   16.3791
   -7.5000  -45.0000  -15.000011598.3252   15.7652
    0.0000  -45.0000  -15.000012058.8652   15.7983
    7.5000  -45.0000  -15.000011462.1475   15.7611
   -7.5000  -37.5000  -15.000012145.4160   15.6487
    0.0000  -37.5000  -15.000012648.7207   15.6852
    7.5000  -37.5000  -15.000012032.7334   15.6522
   -7.5000  -30.0000  -15.000013088.6240   15.5938
    0.0000  -30.0000  -15.000013635.3594   15.6303
    7.5000  -30.0000  -15.000013006.4795   15.6050
   -7.5000  -22.5000  -15.000014024.4678   15.5879
    0.0000  -22.5000  -15.000014552.5146   15.6213
    7.5000  -22.5000  -15.000013926.7461   15.6009
   -7.5000  -15.0000  -15.000014692.8340   15.5865
    0.0000  -15.0000  -15.000015272.0498   15.6172
    7.5000  -15.0000  -15.000014590.4609   15.5952
   -7.5000   -7.5000  -15.000015135.0527   15.5898
    0.0000   -7.5000  -15.000015761.2822   15.6202
    7.5000   -7.5000  -15.000015076.3721   15.5900
   -7.5000    0.0000  -15.000015339.3301   15.5929
    0.0000    0.0000  -15.000016018.5342   15.6259
    7.5000    0.0000  -15.000015269.9941   15.5899
   -7.5000    7.5000  -15.000014419.6787   15.5975
    0.0000    7.5000  -15.000015083.0615   15.6339
    7.5000    7.5000  -15.000014353.4707   15.6011
   -7.5000   15.0000  -15.000013563.9033   15.6947
    0.0000   15.0000  -15.000014204.4189   15.7323
    7.5000   15.0000  -15.000013518.2275   15.7063
   -7.5000   22.5000  -15.000012746.5576   15.9370
    0.0000   22.5000  -15.000013373.4795   15.9730
    7.5000   22.5000  -15.000012747.8350   15.9531
   -7.5000   30.0000  -15.000011817.8574   16.1264
    0.0000   30.0000  -15.000012405.8291   16.1598
    7.5000   30.0000  -15.000011862.5664   16.1379
   -7.5000   37.5000  -15.000011326.4766   16.6330
    0.0000   37.5000  -15.000011887.9395   16.6701
    7.5000   37.5000  -15.000011381.9561   16.6376
   -7.5000   45.0000  -15.000010520.0977   16.8002
    0.0000   45.0000  -15.000011015.1377   16.8414
    7.5000   45.0000  -15.000010550.2852   16.8049
   -7.5000  -45.0000   -7.500012272.2871   15.9714
    0.0000  -45.0000   -7.500012748.0010   15.9955
    7.5000  -45.0000   -7.500012158.3623   15.9512
   -7.5000  -37.5000   -7.500012845.4307   15.8532
    0.0000  -37.5000   -7.500013348.8818   15.8788
    7.5000  -37.5000   -7.500012727.0908   15.8368
   -7.5000  -30.0000   -7.500013797.4600   15.8017
    0.0000  -30.0000   -7.500014369.5293   15.8288
    7.5000  -30.0000   -7.500013722.3574   15.7925
   -7.5000  -22.5000   -7.500014770.0010   15.7997
    0.0000  -22.5000   -7.500015373.5625   15.8282
    7.5000  -22.5000   -7.500014679.8584   15.7970
   -7.5000  -15.0000   -7.500015498.0947   15.7993
    0.0000  -15.0000   -7.500016134.1455   15.8277
    7.5000  -15.0000   -7.500015401.3281   15.7967
   -7.5000   -7.5000   -7.500016016.6152   15.7983
    0.0000   -7.5000   -7.500016736.0586   15.8241
    7.5000   -7.5000   -7.500015944.1553   15.7867
   -7.5000    0.0000   -7.500016269.4180   15.7962
    0.0000    0.0000   -7.500017084.4746   15.8204
    7.5000    0.0000   -7.500016212.6152   15.7774
   -7.5000    7.5000   -7.500015276.5977   15.8012
    0.0000    7.5000   -7.500016068.1689   15.8266
    7.5000    7.5000   -7.500015265.0986   15.7851
   -7.5000   15.0000   -7.500014313.3896   15.9031
    0.0000   15.0000   -7.500015057.0332   15.9308
    7.5000   15.0000   -7.500014336.3682   15.8941
   -7.5000   22.5000   -7.500013445.7627   16.1457
    0.0000   22.5000   -7.500014170.9268   16.1766
    7.5000   22.5000   -7.500013511.9512   16.1490
   -7.5000   30.0000   -7.500012475.9668   16.3382
    0.0000   30.0000   -7.500013138.7256   16.3692
    7.5000   30.0000   -7.500012545.6406   16.3426
   -7.5000   37.5000   -7.500011979.3867   16.8451
    0.0000   37.5000   -7.500012589.3730   16.8767
    7.5000   37.5000   -7.500012007.6123   16.8410
   -7.5000   45.0000   -7.500011125.8477   17.0139
    0.0000   45.0000   -7.500011636.4639   17.0444
    7.5000   45.0000   -7.500011127.4678   17.0026
   -7.5000  -45.0000    0.000012857.5283   16.0124
    0.0000  -45.0000    0.000013367.0605   16.0274
    7.5000  -45.0000    0.000012732.1475   15.9721
   -7.5000  -37.5000    0.000013448.5996   15.8903
    0.0000  -37.5000    0.000013984.6816   15.9020
    7.5000  -37.5000    0.000013332.1748   15.8483
   -7.5000  -30.0000    0.000014444.2168   15.8374
    0.0000  -30.0000    0.000015015.4385   15.8515
    7.5000  -30.0000    0.000014354.0303   15.8017
   -7.5000  -22.5000    0.000015430.3428   15.8380
    0.0000  -22.5000    0.000016053.1748   15.8595
    7.5000  -22.5000    0.000015334.1240   15.8136
   -7.5000  -15.0000    0.000016221.5674   15.8422
    0.0000  -15.0000    0.000016859.4375   15.8684
    7.5000  -15.0000    0.000016082.2305   15.8230
   -7.5000   -7.5000    0.000016770.2598   15.8417
    0.0000   -7.5000    0.000017565.2246   15.8641
    7.5000   -7.5000    0.000016668.4180   15.8146
   -7.5000    0.0000    0.000017104.6211   15.8364
    0.0000    0.0000    0.000018065.5781   15.8515
    7.5000    0.0000    0.000017071.0410   15.7980
   -7.5000    7.5000    0.000016125.3613   15.8381
    0.0000    7.5000    0.000017066.3672   15.8498
    7.5000    7.5000    0.000016148.8662   15.7966
   -7.5000   15.0000    0.000015067.4629   15.9377
    0.0000   15.0000    0.000015921.1650   15.9517
    7.5000   15.0000    0.000015132.3184   15.9013
   -7.5000   22.5000    0.000014125.8115   16.1808
    0.0000   22.5000    0.000014899.9941   16.2035
    7.5000   22.5000    0.000014192.2871   16.1620
   -7.5000   30.0000    0.000013132.9688   16.3748
    0.0000   30.0000    0.000013792.9873   16.4034
    7.5000   30.0000    0.000013156.7197   16.3648
   -7.5000   37.5000    0.000012601.1973   16.8836
    0.0000   37.5000    0.000013213.1367   16.9118
    7.5000   37.5000    0.000012594.5801   16.8650
   -7.5000   45.0000    0.000011679.8477   17.0480
    0.0000   45.0000    0.000012243.0137   17.0692
    7.5000   45.0000    0.000011662.2920   17.0167
   -7.5000  -45.0000    7.500012416.1123   15.9994
    0.0000  -45.0000    7.500012927.2910   16.0132
    7.5000  -45.0000    7.500012355.5693   15.9533
   -7.5000  -37.5000    7.500012978.6504   15.8736
    0.0000  -37.5000    7.500013540.2539   15.8817
    7.5000  -37.5000    7.500012971.9170   15.8245
   -7.5000  -30.0000    7.500013920.5967   15.8147
    0.0000  -30.0000    7.500014529.0938   15.8241
    7.5000  -30.0000    7.500013961.2031   15.7715
   -7.5000  -22.5000    7.500014825.3926   15.8138
    0.0000  -22.5000    7.500015478.3877   15.8316
    7.5000  -22.5000    7.500014882.4639   15.7814
   -7.5000  -15.0000    7.500015596.1094   15.8220
    0.0000  -15.0000    7.500016293.6807   15.8465
    7.5000  -15.0000    7.500015587.0664   15.7948
   -7.5000   -7.5000    7.500016205.3818   15.8271
    0.0000   -7.5000    7.500016995.0508   15.8489
    7.5000   -7.5000    7.500016101.4756   15.7934
   -7.5000    0.0000    7.500016714.7148   15.8241
    0.0000    0.0000    7.500017665.4961   15.8379
    7.5000    0.0000    7.500016555.0488   15.7799
   -7.5000    7.5000    7.500015904.6006   15.8216
    0.0000    7.5000    7.500016817.4336   15.8297
    7.5000    7.5000    7.500015787.2627   15.7730
   -7.5000   15.0000    7.500014880.4492   15.9144
    0.0000   15.0000    7.500015671.0195   15.9235
    7.5000   15.0000    7.500014766.4199   15.8699
   -7.5000   22.5000    7.500013857.1299   16.1586
    0.0000   22.5000    7.500014550.1992   16.1766
    7.5000   22.5000    7.500013739.5674   16.1279
   -7.5000   30.0000    7.500012800.1807   16.3538
    0.0000   30.0000    7.500013435.3828   16.3808
    7.5000   30.0000    7.500012739.3857   16.3338
   -7.5000   37.5000    7.500012217.7812   16.8699
    0.0000   37.5000    7.500012830.6416   16.8986
    7.5000   37.5000    7.500012209.0977   16.8425
   -7.5000   45.0000    7.500011307.4600   17.0333
    0.0000   45.0000    7.500011878.5469   17.0548
    7.5000   45.0000    7.500011315.6006   16.9952
   -7.5000  -45.0000   15.000011824.5342   15.9796
    0.0000  -45.0000   15.000012369.4570   16.0004
    7.5000  -45.0000   15.000011901.5938   15.9454
   -7.5000  -37.5000   15.000012371.6855   15.8532
    0.0000  -37.5000   15.000012947.4971   15.8706
    7.5000  -37.5000   15.000012511.2832   15.8204
   -7.5000  -30.0000   15.000013297.0850   15.7888
    0.0000  -30.0000   15.000013885.4141   15.8064
    7.5000  -30.0000   15.000013413.6377   15.7635
   -7.5000  -22.5000   15.000014174.2500   15.7839
    0.0000  -22.5000   15.000014791.6846   15.8055
    7.5000  -22.5000   15.000014272.8115   15.7646
   -7.5000  -15.0000   15.000014938.4629   15.7921
    0.0000  -15.0000   15.000015579.5361   15.8175
    7.5000  -15.0000   15.000014972.5391   15.7727
   -7.5000   -7.5000   15.000015565.5215   15.8027
    0.0000   -7.5000   15.000016258.9834   15.8271
    7.5000   -7.5000   15.000015487.7812   15.7765
   -7.5000    0.0000   15.000016045.2773   15.8053
    0.0000    0.0000   15.000016819.9395   15.8257
    7.5000    0.0000   15.000015894.4990   15.7725
   -7.5000    7.5000   15.000015225.6865   15.8015
    0.0000    7.5000   15.000015953.6777   15.8188
    7.5000    7.5000   15.000015054.3086   15.7691
   -7.5000   15.0000   15.000014204.8281   15.8892
    0.0000   15.0000   15.000014913.7441   15.9070
    7.5000   15.0000   15.000014003.3447   15.8627
   -7.5000   22.5000   15.000013216.8408   16.1341
    0.0000   22.5000   15.000013940.6592   16.1560
    7.5000   22.5000   15.000013074.3496   16.1131
   -7.5000   30.0000   15.000012224.5576   16.3304
    0.0000   30.0000   15.000012940.1719   16.3584
    7.5000   30.0000   15.000012204.3545   16.3141
   -7.5000   37.5000   15.000011681.8350   16.8534
    0.0000   37.5000   15.000012336.6191   16.8856
    7.5000   37.5000   15.000011709.5928   16.8300
   -7.5000   45.0000   15.000010783.3691   17.0215
    0.0000   45.0000   15.000011355.3213   17.0515
    7.5000   45.0000   15.000010838.6201   16.9944
   -7.5000  -45.0000   22.500011195.9180   15.9706
    0.0000  -45.0000   22.500011753.9473   16.0019
    7.5000  -45.0000   22.500011352.8877   15.9584
   -7.5000  -37.5000   22.500011778.7734   15.8483
    0.0000  -37.5000   22.500012332.3242   15.8808
    7.5000  -37.5000   22.500011922.4014   15.8426
   -7.5000  -30.0000   22.500012662.2803   15.7859
    0.0000  -30.0000   22.500013214.7754   15.8181
    7.5000  -30.0000   22.500012759.2988   15.7886
   -7.5000  -22.5000   22.500013479.0742   15.7785
    0.0000  -22.5000   22.500014041.1748   15.8091
    7.5000  -22.5000   22.500013516.4209   15.7831
   -7.5000  -15.0000   22.500014125.6045   15.7818
    0.0000  -15.0000   22.500014675.4854   15.8115
    7.5000  -15.0000   22.500014123.5625   15.7816
   -7.5000   -7.5000   22.500014624.2656   15.7911
    0.0000   -7.5000   22.500015223.6475   15.8210
    7.5000   -7.5000   22.500014603.9229   15.7832
   -7.5000    0.0000   22.500015003.2393   15.7966
    0.0000    0.0000   22.500015678.6016   15.8276
    7.5000    0.0000   22.500014977.0381   15.7854
   -7.5000    7.5000   22.500014227.4941   15.7966
    0.0000    7.5000   22.500014851.1719   15.8289
    7.5000    7.5000   22.500014113.3330   15.7911
   -7.5000   15.0000   22.500013293.0654   15.8876
    0.0000   15.0000   22.500013870.7324   15.9206
    7.5000   15.0000   22.500013167.6729   15.8900
   -7.5000   22.5000   22.500012402.5859   16.1322
    0.0000   22.5000   22.500013027.6953   16.1643
    7.5000   22.5000   22.500012359.9062   16.1360
   -7.5000   30.0000   22.500011525.9453   16.3277
    0.0000   30.0000   22.500012165.5967   16.3600
    7.5000   30.0000   22.500011578.2861   16.3286
   -7.5000   37.5000   22.500011032.3330   16.8490
    0.0000   37.5000   22.500011649.1230   16.8867
    7.5000   37.5000   22.500011138.4053   16.8431
   -7.5000   45.0000   22.500010179.9541   17.0220
    0.0000   45.0000   22.500010713.5605   17.0630
    7.5000   45.0000   22.500010253.6406   17.0179
   -7.5000  -45.0000   30.000010523.7275   16.0411
    0.0000  -45.0000   30.000011036.3936   16.0749
    7.5000  -45.0000   30.000010601.7949   16.0369
   -7.5000  -37.5000   30.000011065.7178   15.9221
    0.0000  -37.5000   30.000011582.6846   15.9594
    7.5000  -37.5000   30.000011136.1279   15.9256
   -7.5000  -30.0000   30.000011865.2324   15.8659
    0.0000  -30.0000   30.000012378.9404   15.9032
    7.5000  -30.0000   30.000011918.5986   15.8774
   -7.5000  -22.5000   30.000012568.9414   15.8599
    0.0000  -22.5000   30.000013037.1377   15.8942
    7.5000  -22.5000   30.000012551.5811   15.8734
   -7.5000  -15.0000   30.000013103.4844   15.8586
    0.0000  -15.0000   30.000013575.6963   15.8900
    7.5000  -15.0000   30.000013097.1699   15.8676
   -7.5000   -7.5000   30.000013538.7852   15.8619
    0.0000   -7.5000   30.000014051.8867   15.8930
    7.5000   -7.5000   30.000013555.2539   15.8623
   -7.5000    0.0000   30.000013878.5176   15.8651
    0.0000    0.0000   30.000014446.9580   15.8988
    7.5000    0.0000   30.000013886.4639   15.8621
   -7.5000    7.5000   30.000013144.3232   15.8698
    0.0000    7.5000   30.000013682.5703   15.9069
    7.5000    7.5000   30.000013096.5986   15.8735
   -7.5000   15.0000   30.000012285.6338   15.9690
    0.0000   15.0000   30.000012793.0059   16.0074
    7.5000   15.0000   30.000012239.5703   15.9809
   -7.5000   22.5000   30.000011521.0518   16.2148
    0.0000   22.5000   30.000012036.2041   16.2516
    7.5000   22.5000   30.000011522.8721   16.2313
   -7.5000   30.0000   30.000010751.1836   16.4108
    0.0000   30.0000   30.000011256.6240   16.4450
    7.5000   30.0000   30.000010766.0713   16.4227
   -7.5000   37.5000   30.000010294.7139   16.9284
    0.0000   37.5000   30.000010817.2979   16.9664
    7.5000   37.5000   30.000010369.2480   16.9332
   -7.5000   45.0000   30.0000 9496.8311   17.1054
    0.0000   45.0000   30.0000 9961.3477   17.1476
    7.5000   45.0000   30.0000 9553.0234   17.1103
   -7.5000  -45.0000   37.500010112.7451   16.1819
    0.0000  -45.0000   37.500010578.7363   16.2070
    7.5000  -45.0000   37.500010154.2119   16.1629
   -7.5000  -37.5000   37.500010655.2520   16.0616
    0.0000  -37.5000   37.500011133.5488   16.0883
    7.5000  -37.5000   37.500010695.2148   16.0467
   -7.5000  -30.0000   37.500011443.1836   16.0104
    0.0000  -30.0000   37.500011901.8379   16.0388
    7.5000  -30.0000   37.500011459.4297   16.0028
   -7.5000  -22.5000   37.500012114.6367   16.0092
    0.0000  -22.5000   37.500012549.1084   16.0390
    7.5000  -22.5000   37.500012084.1836   16.0080
   -7.5000  -15.0000   37.500012611.0078   16.0082
    0.0000  -15.0000   37.500013062.3691   16.0377
    7.5000  -15.0000   37.500012594.1064   16.0070
   -7.5000   -7.5000   37.500012984.5322   16.0055
    0.0000   -7.5000   37.500013504.0068   16.0323
    7.5000   -7.5000   37.500013004.8037   15.9952
   -7.5000    0.0000   37.500013296.7080   16.0024
    0.0000    0.0000   37.500013838.2256   16.0275
    7.5000    0.0000   37.500013288.9863   15.9849
   -7.5000    7.5000   37.500012582.6582   16.0083
    0.0000    7.5000   37.500013086.1846   16.0349
    7.5000    7.5000   37.500012541.5859   15.9936
   -7.5000   15.0000   37.500011755.6152   16.1144
    0.0000   15.0000   37.500012210.6582   16.1433
    7.5000   15.0000   37.500011738.1934   16.1069
   -7.5000   22.5000   37.500011003.7637   16.3640
    0.0000   22.5000   37.500011457.9707   16.3963
    7.5000   22.5000   37.500011020.6992   16.3690
   -7.5000   30.0000   37.500010274.2275   16.5635
    0.0000   30.0000   37.500010710.4863   16.5958
    7.5000   30.0000   37.500010273.4199   16.5695
   -7.5000   37.5000   37.5000 9875.4209   17.0817
    0.0000   37.5000   37.500010320.9043   17.1145
    7.5000   37.5000   37.5000 9901.7871   17.0792
   -7.5000   45.0000   37.5000 9125.0996   17.2597
    0.0000   45.0000   37.5000 9563.8379   17.2914
    7.5000   45.0000   37.5000 9169.0762   17.2501
   -7.5000  -45.0000   45.0000 9280.5459   16.3398
    0.0000  -45.0000   45.0000 9701.4814   16.3568
    7.5000  -45.0000   45.0000 9321.1865   16.3022
   -7.5000  -37.5000   45.0000 9794.6641   16.2147
    0.0000  -37.5000   45.000010213.9385   16.2287
    7.5000  -37.5000   45.0000 9808.4346   16.1759
   -7.5000  -30.0000   45.000010533.3105   16.1611
    0.0000  -30.0000   45.000010945.3525   16.1774
    7.5000  -30.0000   45.000010517.8262   16.1285
   -7.5000  -22.5000   45.000011139.5791   16.1604
    0.0000  -22.5000   45.000011568.4580   16.1839
    7.5000  -22.5000   45.000011113.9648   16.1384
   -7.5000  -15.0000   45.000011590.6260   16.1618
    0.0000  -15.0000   45.000012040.1875   16.1899
    7.5000  -15.0000   45.000011583.0820   16.1447
   -7.5000   -7.5000   45.000011917.1895   16.1599
    0.0000   -7.5000   45.000012395.6035   16.1841
    7.5000   -7.5000   45.000011927.9648   16.1349
   -7.5000    0.0000   45.000012174.9258   16.1554
    0.0000    0.0000   45.000012666.3828   16.1725
    7.5000    0.0000   45.000012158.4629   16.1197
   -7.5000    7.5000   45.000011484.1270   16.1600
    0.0000    7.5000   45.000011939.4541   16.1740
    7.5000    7.5000   45.000011475.9297   16.1216
   -7.5000   15.0000   45.000010720.7900   16.2663
    0.0000   15.0000   45.000011161.7422   16.2825
    7.5000   15.0000   45.000010747.1572   16.2330
   -7.5000   22.5000   45.000010050.6592   16.5200
    0.0000   22.5000   45.000010486.4707   16.5449
    7.5000   22.5000   45.000010082.5801   16.5041
   -7.5000   30.0000   45.0000 9393.2910   16.7249
    0.0000   30.0000   45.0000 9783.7051   16.7557
    7.5000   30.0000   45.0000 9379.3838   16.7178
   -7.5000   37.5000   45.0000 9049.3340   17.2580
    0.0000   37.5000   45.0000 9439.7422   17.2887
    7.5000   37.5000   45.0000 9065.5420   17.2425
   -7.5000   45.0000   45.0000 8395.3779   17.4541
    0.0000   45.0000   45.0000 8783.7666   17.4781
    7.5000   45.0000   45.0000 8432.4111   17.4265

---------------------------------------------------------------------
imgreg_4dfp /opt/freesurfer/average/711-2C_as_mni_average_305 /opt/freesurfer/average/711-2B_as_mni_average_305_mask talsrcimg_g11 none talsrcimg_to_711-2C_as_mni_average_305_t4 4355
---------------------------------------------------------------------

freesurfer imgreg_4dfp.c
/opt/freesurfer/average/711-2C_as_mni_average_305.4dfp.img
       256       256       256         1
  1.000000  1.000000  1.000000
orientation T byte_order littleendian
Reading image: /opt/freesurfer/average/711-2C_as_mni_average_305.4dfp.img
dimensions:      256       256       256
mmppix:       1.0000   -1.0000   -1.0000
center:     128.0000 -129.0000 -129.0000
/opt/freesurfer/average/711-2B_as_mni_average_305_mask.4dfp.img
       256       256       256         1
  1.000000  1.000000  1.000000
orientation T byte_order littleendian
Reading mask: /opt/freesurfer/average/711-2B_as_mni_average_305_mask.4dfp.img (2306576 pixels)
talsrcimg_g11.4dfp.img
       256       256       256         1
  1.000000  1.000000  1.000000
orientation T byte_order littleendian
Reading image: talsrcimg_g11.4dfp.img
dimensions:      256       256       256
mmppix:       1.0000   -1.0000   -1.0000
center:     128.0000 -129.0000 -129.0000
rotation matrix determinant  1.000000
image alignment mode   4355 decimal     1103 hex
   -7.5000  -45.0000  -45.0000 2186.9263   19.5007
    0.0000  -45.0000  -45.0000 2173.8447   19.5624
    7.5000  -45.0000  -45.0000 2136.1243   19.8227
   -7.5000  -37.5000  -45.0000 2219.6440   18.9619
    0.0000  -37.5000  -45.0000 2213.7766   19.0072
    7.5000  -37.5000  -45.0000 2177.0295   19.1861
   -7.5000  -30.0000  -45.0000 2252.3054   18.5214
    0.0000  -30.0000  -45.0000 2242.0735   18.5754
    7.5000  -30.0000  -45.0000 2210.5498   18.7630
   -7.5000  -22.5000  -45.0000 2276.2109   18.1588
    0.0000  -22.5000  -45.0000 2268.4692   18.1538
    7.5000  -22.5000  -45.0000 2239.2319   18.3843
   -7.5000  -15.0000  -45.0000 2294.6399   17.8343
    0.0000  -15.0000  -45.0000 2287.4795   17.8314
    7.5000  -15.0000  -45.0000 2259.6196   18.0648
   -7.5000   -7.5000  -45.0000 2306.7249   17.5648
    0.0000   -7.5000  -45.0000 2301.8206   17.5183
    7.5000   -7.5000  -45.0000 2271.9053   17.7891
   -7.5000    0.0000  -45.0000 2304.6414   17.4390
    0.0000    0.0000  -45.0000 2315.5745   17.3117
    7.5000    0.0000  -45.0000 2285.6169   17.5558
   -7.5000    7.5000  -45.0000 2304.0078   17.4387
    0.0000    7.5000  -45.0000 2318.5857   17.2834
    7.5000    7.5000  -45.0000 2292.9836   17.5165
   -7.5000   15.0000  -45.0000 2289.9094   17.7684
    0.0000   15.0000  -45.0000 2308.5825   17.6073
    7.5000   15.0000  -45.0000 2287.3545   17.8398
   -7.5000   22.5000  -45.0000 2256.3647   18.4576
    0.0000   22.5000  -45.0000 2274.6604   18.3113
    7.5000   22.5000  -45.0000 2255.9038   18.5009
   -7.5000   30.0000  -45.0000 2198.6677   19.5200
    0.0000   30.0000  -45.0000 2219.9304   19.3415
    7.5000   30.0000  -45.0000 2202.0728   19.4681
   -7.5000   37.5000  -45.0000 2127.4187   20.8487
    0.0000   37.5000  -45.0000 2148.7776   20.6032
    7.5000   37.5000  -45.0000 2129.2546   20.7472
   -7.5000   45.0000  -45.0000 2039.1505   22.6082
    0.0000   45.0000  -45.0000 2055.0583   22.3484
    7.5000   45.0000  -45.0000 2046.9264   22.5012
   -7.5000  -45.0000  -37.5000 2286.7422   17.8029
    0.0000  -45.0000  -37.5000 2278.9092   17.8509
    7.5000  -45.0000  -37.5000 2237.8748   18.0861
   -7.5000  -37.5000  -37.5000 2314.7644   17.3635
    0.0000  -37.5000  -37.5000 2311.7090   17.3512
    7.5000  -37.5000  -37.5000 2273.9700   17.5512
   -7.5000  -30.0000  -37.5000 2351.4739   16.9991
    0.0000  -30.0000  -37.5000 2344.3208   16.9607
    7.5000  -30.0000  -37.5000 2311.0342   17.1698
   -7.5000  -22.5000  -37.5000 2380.5544   16.6568
    0.0000  -22.5000  -37.5000 2369.1235   16.6524
    7.5000  -22.5000  -37.5000 2342.7322   16.8474
   -7.5000  -15.0000  -37.5000 2398.4268   16.3877
    0.0000  -15.0000  -37.5000 2392.5513   16.3503
    7.5000  -15.0000  -37.5000 2366.5615   16.5810
   -7.5000   -7.5000  -37.5000 2409.3713   16.1859
    0.0000   -7.5000  -37.5000 2410.4009   16.1298
    7.5000   -7.5000  -37.5000 2382.6589   16.3649
   -7.5000    0.0000  -37.5000 2405.2952   16.0822
    0.0000    0.0000  -37.5000 2417.7754   15.9765
    7.5000    0.0000  -37.5000 2393.7659   16.1899
   -7.5000    7.5000  -37.5000 2403.2639   16.1077
    0.0000    7.5000  -37.5000 2422.9255   15.9340
    7.5000    7.5000  -37.5000 2395.2498   16.1662
   -7.5000   15.0000  -37.5000 2386.1296   16.4289
    0.0000   15.0000  -37.5000 2405.1973   16.2573
    7.5000   15.0000  -37.5000 2381.8816   16.4646
   -7.5000   22.5000  -37.5000 2354.5417   17.0523
    0.0000   22.5000  -37.5000 2371.0840   16.8612
    7.5000   22.5000  -37.5000 2349.4998   17.0454
   -7.5000   30.0000  -37.5000 2298.0530   17.9499
    0.0000   30.0000  -37.5000 2319.1719   17.7541
    7.5000   30.0000  -37.5000 2295.9368   17.8910
   -7.5000   37.5000  -37.5000 2225.6121   19.1235
    0.0000   37.5000  -37.5000 2246.1406   18.9083
    7.5000   37.5000  -37.5000 2228.6396   19.0147
   -7.5000   45.0000  -37.5000 2132.2388   20.7171
    0.0000   45.0000  -37.5000 2149.5786   20.5242
    7.5000   45.0000  -37.5000 2134.2991   20.5658
   -7.5000  -45.0000  -30.0000 2424.3748   16.8682
    0.0000  -45.0000  -30.0000 2415.2268   16.9077
    7.5000  -45.0000  -30.0000 2377.9280   17.1850
   -7.5000  -37.5000  -30.0000 2460.1658   16.4389
    0.0000  -37.5000  -30.0000 2455.4285   16.4909
    7.5000  -37.5000  -30.0000 2419.5715   16.7633
   -7.5000  -30.0000  -30.0000 2490.3533   16.1332
    0.0000  -30.0000  -30.0000 2489.2593   16.1013
    7.5000  -30.0000  -30.0000 2455.7336   16.3627
   -7.5000  -22.5000  -30.0000 2521.3469   15.8352
    0.0000  -22.5000  -30.0000 2520.3794   15.7844
    7.5000  -22.5000  -30.0000 2490.2095   16.0300
   -7.5000  -15.0000  -30.0000 2542.0576   15.6246
    0.0000  -15.0000  -30.0000 2540.3152   15.5216
    7.5000  -15.0000  -30.0000 2514.1333   15.7604
   -7.5000   -7.5000  -30.0000 2555.3237   15.4201
    0.0000   -7.5000  -30.0000 2560.6980   15.3386
    7.5000   -7.5000  -30.0000 2532.1152   15.5400
   -7.5000    0.0000  -30.0000 2551.8586   15.3857
    0.0000    0.0000  -30.0000 2569.2158   15.2831
    7.5000    0.0000  -30.0000 2544.5862   15.4714
   -7.5000    7.5000  -30.0000 2542.0420   15.4642
    0.0000    7.5000  -30.0000 2561.1284   15.3114
    7.5000    7.5000  -30.0000 2545.6836   15.5122
   -7.5000   15.0000  -30.0000 2527.1685   15.7683
    0.0000   15.0000  -30.0000 2545.9221   15.6072
    7.5000   15.0000  -30.0000 2527.0513   15.8182
   -7.5000   22.5000  -30.0000 2503.2910   16.3128
    0.0000   22.5000  -30.0000 2516.8110   16.1338
    7.5000   22.5000  -30.0000 2500.1404   16.3075
   -7.5000   30.0000  -30.0000 2439.1543   17.1346
    0.0000   30.0000  -30.0000 2461.5581   16.9104
    7.5000   30.0000  -30.0000 2446.5376   17.0526
   -7.5000   37.5000  -30.0000 2362.7874   18.2240
    0.0000   37.5000  -30.0000 2387.3711   17.9792
    7.5000   37.5000  -30.0000 2377.9294   18.1054
   -7.5000   45.0000  -30.0000 2263.1348   19.6830
    0.0000   45.0000  -30.0000 2280.4041   19.4793
    7.5000   45.0000  -30.0000 2267.6594   19.6013
   -7.5000  -45.0000  -22.5000 2535.9434   15.9973
    0.0000  -45.0000  -22.5000 2530.0117   16.0151
    7.5000  -45.0000  -22.5000 2484.4143   16.3051
   -7.5000  -37.5000  -22.5000 2575.5300   15.5748
    0.0000  -37.5000  -22.5000 2572.6833   15.6032
    7.5000  -37.5000  -22.5000 2528.0723   15.8772
   -7.5000  -30.0000  -22.5000 2603.1807   15.2481
    0.0000  -30.0000  -22.5000 2605.1150   15.2595
    7.5000  -30.0000  -22.5000 2564.6011   15.4992
   -7.5000  -22.5000  -22.5000 2631.3057   14.9671
    0.0000  -22.5000  -22.5000 2632.9644   14.9162
    7.5000  -22.5000  -22.5000 2597.7004   15.1745
   -7.5000  -15.0000  -22.5000 2657.1201   14.7342
    0.0000  -15.0000  -22.5000 2659.7419   14.6872
    7.5000  -15.0000  -22.5000 2626.7432   14.8917
   -7.5000   -7.5000  -22.5000 2667.9644   14.5653
    0.0000   -7.5000  -22.5000 2680.7083   14.5134
    7.5000   -7.5000  -22.5000 2652.6055   14.7085
   -7.5000    0.0000  -22.5000 2670.5020   14.5530
    0.0000    0.0000  -22.5000 2691.1899   14.4565
    7.5000    0.0000  -22.5000 2665.9565   14.6322
   -7.5000    7.5000  -22.5000 2666.6174   14.6554
    0.0000    7.5000  -22.5000 2686.5461   14.5469
    7.5000    7.5000  -22.5000 2662.4795   14.7053
   -7.5000   15.0000  -22.5000 2653.4238   14.9946
    0.0000   15.0000  -22.5000 2672.7566   14.8712
    7.5000   15.0000  -22.5000 2654.0427   15.0426
   -7.5000   22.5000  -22.5000 2623.2356   15.5313
    0.0000   22.5000  -22.5000 2643.7744   15.3697
    7.5000   22.5000  -22.5000 2625.9568   15.5359
   -7.5000   30.0000  -22.5000 2557.1118   16.2850
    0.0000   30.0000  -22.5000 2585.5637   16.0657
    7.5000   30.0000  -22.5000 2575.5034   16.2251
   -7.5000   37.5000  -22.5000 2473.8398   17.2938
    0.0000   37.5000  -22.5000 2506.6233   17.0391
    7.5000   37.5000  -22.5000 2498.8059   17.1921
   -7.5000   45.0000  -22.5000 2367.6765   18.6916
    0.0000   45.0000  -22.5000 2396.1069   18.4604
    7.5000   45.0000  -22.5000 2386.5938   18.6231
   -7.5000  -45.0000  -15.0000 2607.3477   15.2670
    0.0000  -45.0000  -15.0000 2607.1570   15.3231
    7.5000  -45.0000  -15.0000 2556.4668   15.6119
   -7.5000  -37.5000  -15.0000 2640.6770   14.8791
    0.0000  -37.5000  -15.0000 2644.0815   14.8683
    7.5000  -37.5000  -15.0000 2596.9346   15.1309
   -7.5000  -30.0000  -15.0000 2663.2151   14.5096
    0.0000  -30.0000  -15.0000 2670.0845   14.5103
    7.5000  -30.0000  -15.0000 2632.1619   14.7395
   -7.5000  -22.5000  -15.0000 2694.9565   14.1827
    0.0000  -22.5000  -15.0000 2696.8423   14.1621
    7.5000  -22.5000  -15.0000 2668.7009   14.4157
   -7.5000  -15.0000  -15.0000 2725.2766   13.9277
    0.0000  -15.0000  -15.0000 2730.6455   13.9254
    7.5000  -15.0000  -15.0000 2703.6067   14.1657
   -7.5000   -7.5000  -15.0000 2747.1853   13.7740
    0.0000   -7.5000  -15.0000 2760.4392   13.7418
    7.5000   -7.5000  -15.0000 2733.6636   13.9901
   -7.5000    0.0000  -15.0000 2753.5854   13.7563
    0.0000    0.0000  -15.0000 2778.4517   13.6811
    7.5000    0.0000  -15.0000 2748.2849   13.9097
   -7.5000    7.5000  -15.0000 2759.9475   13.8597
    0.0000    7.5000  -15.0000 2786.8108   13.7763
    7.5000    7.5000  -15.0000 2755.5886   13.9664
   -7.5000   15.0000  -15.0000 2748.7280   14.2132
    0.0000   15.0000  -15.0000 2777.3872   14.1169
    7.5000   15.0000  -15.0000 2753.9702   14.2816
   -7.5000   22.5000  -15.0000 2709.0388   14.7626
    0.0000   22.5000  -15.0000 2745.8398   14.6256
    7.5000   22.5000  -15.0000 2726.6772   14.7986
   -7.5000   30.0000  -15.0000 2636.2556   15.5166
    0.0000   30.0000  -15.0000 2675.3240   15.3173
    7.5000   30.0000  -15.0000 2664.7576   15.4821
   -7.5000   37.5000  -15.0000 2549.3499   16.4821
    0.0000   37.5000  -15.0000 2588.1165   16.2378
    7.5000   37.5000  -15.0000 2576.1748   16.4079
   -7.5000   45.0000  -15.0000 2438.9146   17.8140
    0.0000   45.0000  -15.0000 2476.1055   17.5694
    7.5000   45.0000  -15.0000 2464.7900   17.7435
   -7.5000  -45.0000   -7.5000 2645.8813   14.7146
    0.0000  -45.0000   -7.5000 2647.6091   14.7676
    7.5000  -45.0000   -7.5000 2605.1223   15.0857
   -7.5000  -37.5000   -7.5000 2676.7258   14.2483
    0.0000  -37.5000   -7.5000 2677.8792   14.2591
    7.5000  -37.5000   -7.5000 2633.3809   14.5388
   -7.5000  -30.0000   -7.5000 2699.9705   13.8450
    0.0000  -30.0000   -7.5000 2701.4094   13.8295
    7.5000  -30.0000   -7.5000 2663.4155   14.0839
   -7.5000  -22.5000   -7.5000 2734.0039   13.5181
    0.0000  -22.5000   -7.5000 2731.2620   13.4801
    7.5000  -22.5000   -7.5000 2702.7786   13.7578
   -7.5000  -15.0000   -7.5000 2763.5095   13.2627
    0.0000  -15.0000   -7.5000 2768.2317   13.2842
    7.5000  -15.0000   -7.5000 2741.0791   13.5072
   -7.5000   -7.5000   -7.5000 2796.4514   13.1007
    0.0000   -7.5000   -7.5000 2810.4512   13.1118
    7.5000   -7.5000   -7.5000 2783.7290   13.3651
   -7.5000    0.0000   -7.5000 2817.2075   13.0567
    0.0000    0.0000   -7.5000 2846.3159   13.0498
    7.5000    0.0000   -7.5000 2806.6353   13.2885
   -7.5000    7.5000   -7.5000 2824.8984   13.1581
    0.0000    7.5000   -7.5000 2866.3567   13.1194
    7.5000    7.5000   -7.5000 2822.4797   13.3813
   -7.5000   15.0000   -7.5000 2815.0535   13.4994
    0.0000   15.0000   -7.5000 2854.8408   13.4182
    7.5000   15.0000   -7.5000 2825.1821   13.6255
   -7.5000   22.5000   -7.5000 2770.7344   14.0893
    0.0000   22.5000   -7.5000 2814.7285   13.9647
    7.5000   22.5000   -7.5000 2799.2068   14.1522
   -7.5000   30.0000   -7.5000 2697.7292   14.8270
    0.0000   30.0000   -7.5000 2736.0540   14.6777
    7.5000   30.0000   -7.5000 2731.6558   14.8121
   -7.5000   37.5000   -7.5000 2606.1396   15.7809
    0.0000   37.5000   -7.5000 2645.3660   15.5491
    7.5000   37.5000   -7.5000 2636.0476   15.7023
   -7.5000   45.0000   -7.5000 2489.8027   17.0371
    0.0000   45.0000   -7.5000 2521.6145   16.7783
    7.5000   45.0000   -7.5000 2512.0146   16.9652
   -7.5000  -45.0000    0.0000 2665.9822   14.3752
    0.0000  -45.0000    0.0000 2673.2378   14.4050
    7.5000  -45.0000    0.0000 2632.6201   14.7012
   -7.5000  -37.5000    0.0000 2688.7910   13.8879
    0.0000  -37.5000    0.0000 2692.0391   13.8754
    7.5000  -37.5000    0.0000 2650.0278   14.1554
   -7.5000  -30.0000    0.0000 2711.8491   13.4332
    0.0000  -30.0000    0.0000 2710.1577   13.3872
    7.5000  -30.0000    0.0000 2677.4563   13.6711
   -7.5000  -22.5000    0.0000 2745.2371   13.0837
    0.0000  -22.5000    0.0000 2744.0317   13.0386
    7.5000  -22.5000    0.0000 2717.7625   13.3175
   -7.5000  -15.0000    0.0000 2781.7651   12.8423
    0.0000  -15.0000    0.0000 2782.8940   12.8470
    7.5000  -15.0000    0.0000 2762.8264   13.0753
   -7.5000   -7.5000    0.0000 2817.3726   12.7064
    0.0000   -7.5000    0.0000 2830.5469   12.7171
    7.5000   -7.5000    0.0000 2810.6711   12.9216
   -7.5000    0.0000    0.0000 2850.3923   12.6763
    0.0000    0.0000    0.0000 2880.9927   12.7314
    7.5000    0.0000    0.0000 2848.8904   12.8771
   -7.5000    7.5000    0.0000 2866.9841   12.8183
    0.0000    7.5000    0.0000 2915.7739   12.8087
    7.5000    7.5000    0.0000 2874.3210   13.0070
   -7.5000   15.0000    0.0000 2859.2134   13.0896
    0.0000   15.0000    0.0000 2908.2024   13.0199
    7.5000   15.0000    0.0000 2878.6426   13.2114
   -7.5000   22.5000    0.0000 2813.5200   13.6206
    0.0000   22.5000    0.0000 2863.5527   13.4937
    7.5000   22.5000    0.0000 2852.7659   13.6589
   -7.5000   30.0000    0.0000 2739.5166   14.3514
    0.0000   30.0000    0.0000 2783.1541   14.1714
    7.5000   30.0000    0.0000 2779.0234   14.3377
   -7.5000   37.5000    0.0000 2641.0186   15.3281
    0.0000   37.5000    0.0000 2682.0210   15.0805
    7.5000   37.5000    0.0000 2675.8887   15.2402
   -7.5000   45.0000    0.0000 2514.4773   16.6075
    0.0000   45.0000    0.0000 2548.5791   16.2914
    7.5000   45.0000    0.0000 2543.0288   16.4556
   -7.5000  -45.0000    7.5000 2674.7920   14.1873
    0.0000  -45.0000    7.5000 2677.3184   14.2215
    7.5000  -45.0000    7.5000 2635.2595   14.5313
   -7.5000  -37.5000    7.5000 2684.9194   13.6927
    0.0000  -37.5000    7.5000 2686.5273   13.6909
    7.5000  -37.5000    7.5000 2651.7092   14.0008
   -7.5000  -30.0000    7.5000 2698.7598   13.2213
    0.0000  -30.0000    7.5000 2700.7456   13.1911
    7.5000  -30.0000    7.5000 2677.5242   13.5005
   -7.5000  -22.5000    7.5000 2727.1685   12.8381
    0.0000  -22.5000    7.5000 2733.7214   12.8213
    7.5000  -22.5000    7.5000 2717.9231   13.1302
   -7.5000  -15.0000    7.5000 2771.5259   12.6281
    0.0000  -15.0000    7.5000 2780.5374   12.6089
    7.5000  -15.0000    7.5000 2765.0208   12.8630
   -7.5000   -7.5000    7.5000 2816.8445   12.5748
    0.0000   -7.5000    7.5000 2834.4734   12.5432
    7.5000   -7.5000    7.5000 2815.2446   12.6968
   -7.5000    0.0000    7.5000 2859.3484   12.6517
    0.0000    0.0000    7.5000 2889.2056   12.6043
    7.5000    0.0000    7.5000 2866.6846   12.6818
   -7.5000    7.5000    7.5000 2882.8469   12.8201
    0.0000    7.5000    7.5000 2929.7668   12.7749
    7.5000    7.5000    7.5000 2903.7351   12.8011
   -7.5000   15.0000    7.5000 2885.3457   13.0097
    0.0000   15.0000    7.5000 2941.5002   12.8936
    7.5000   15.0000    7.5000 2920.1428   12.9942
   -7.5000   22.5000    7.5000 2839.5469   13.4000
    0.0000   22.5000    7.5000 2896.2966   13.2602
    7.5000   22.5000    7.5000 2884.6042   13.3891
   -7.5000   30.0000    7.5000 2754.5623   14.1098
    0.0000   30.0000    7.5000 2804.4814   13.9668
    7.5000   30.0000    7.5000 2803.8313   14.0717
   -7.5000   37.5000    7.5000 2652.0623   15.1039
    0.0000   37.5000    7.5000 2693.4172   14.9177
    7.5000   37.5000    7.5000 2696.3572   15.0309
   -7.5000   45.0000    7.5000 2523.9900   16.3967
    0.0000   45.0000    7.5000 2558.5632   16.1657
    7.5000   45.0000    7.5000 2558.6848   16.2853
   -7.5000  -45.0000   15.0000 2662.5251   14.1285
    0.0000  -45.0000   15.0000 2668.8914   14.1719
    7.5000  -45.0000   15.0000 2629.7502   14.5983
   -7.5000  -37.5000   15.0000 2663.0110   13.6776
    0.0000  -37.5000   15.0000 2670.9607   13.6755
    7.5000  -37.5000   15.0000 2641.2295   14.0964
   -7.5000  -30.0000   15.0000 2668.3054   13.2703
    0.0000  -30.0000   15.0000 2678.0437   13.2139
    7.5000  -30.0000   15.0000 2657.4084   13.5893
   -7.5000  -22.5000   15.0000 2692.6333   12.9613
    0.0000  -22.5000   15.0000 2702.3210   12.8656
    7.5000  -22.5000   15.0000 2693.7107   13.1830
   -7.5000  -15.0000   15.0000 2736.7104   12.7563
    0.0000  -15.0000   15.0000 2745.8093   12.6550
    7.5000  -15.0000   15.0000 2738.9600   12.8997
   -7.5000   -7.5000   15.0000 2787.9783   12.7174
    0.0000   -7.5000   15.0000 2805.4272   12.6019
    7.5000   -7.5000   15.0000 2795.3428   12.7558
   -7.5000    0.0000   15.0000 2839.0305   12.7745
    0.0000    0.0000   15.0000 2866.5620   12.6587
    7.5000    0.0000   15.0000 2849.8223   12.7454
   -7.5000    7.5000   15.0000 2872.4873   12.9112
    0.0000    7.5000   15.0000 2914.1067   12.7842
    7.5000    7.5000   15.0000 2900.0847   12.8240
   -7.5000   15.0000   15.0000 2871.5120   13.0798
    0.0000   15.0000   15.0000 2935.3108   12.8982
    7.5000   15.0000   15.0000 2914.7676   12.9500
   -7.5000   22.5000   15.0000 2820.3154   13.5070
    0.0000   22.5000   15.0000 2889.1523   13.3122
    7.5000   22.5000   15.0000 2869.0706   13.3422
   -7.5000   30.0000   15.0000 2734.8682   14.2046
    0.0000   30.0000   15.0000 2793.4993   14.0616
    7.5000   30.0000   15.0000 2788.6475   14.1318
   -7.5000   37.5000   15.0000 2632.5574   15.1953
    0.0000   37.5000   15.0000 2670.3992   15.0391
    7.5000   37.5000   15.0000 2676.2686   15.1891
   -7.5000   45.0000   15.0000 2506.4062   16.4994
    0.0000   45.0000   15.0000 2537.0283   16.3060
    7.5000   45.0000   15.0000 2546.4058   16.4592
   -7.5000  -45.0000   22.5000 2633.2859   14.3956
    0.0000  -45.0000   22.5000 2646.1401   14.4547
    7.5000  -45.0000   22.5000 2613.6755   14.9420
   -7.5000  -37.5000   22.5000 2636.5293   14.0302
    0.0000  -37.5000   22.5000 2644.7495   14.0024
    7.5000  -37.5000   22.5000 2621.1643   14.4292
   -7.5000  -30.0000   22.5000 2637.7776   13.6597
    0.0000  -30.0000   22.5000 2644.6909   13.5329
    7.5000  -30.0000   22.5000 2627.4929   13.8803
   -7.5000  -22.5000   22.5000 2659.7913   13.3059
    0.0000  -22.5000   22.5000 2669.5000   13.1468
    7.5000  -22.5000   22.5000 2661.3193   13.4423
   -7.5000  -15.0000   22.5000 2693.0254   13.0559
    0.0000  -15.0000   22.5000 2706.3306   12.8851
    7.5000  -15.0000   22.5000 2707.2634   13.1368
   -7.5000   -7.5000   22.5000 2745.0208   12.9830
    0.0000   -7.5000   22.5000 2765.1226   12.8220
    7.5000   -7.5000   22.5000 2763.5525   12.9850
   -7.5000    0.0000   22.5000 2795.9775   13.0379
    0.0000    0.0000   22.5000 2823.3606   12.8581
    7.5000    0.0000   22.5000 2821.4380   12.9807
   -7.5000    7.5000   22.5000 2830.9937   13.1846
    0.0000    7.5000   22.5000 2866.3120   13.0131
    7.5000    7.5000   22.5000 2861.2690   13.0956
   -7.5000   15.0000   22.5000 2823.8145   13.4088
    0.0000   15.0000   22.5000 2875.9773   13.1719
    7.5000   15.0000   22.5000 2870.5168   13.2584
   -7.5000   22.5000   22.5000 2779.3794   13.8324
    0.0000   22.5000   22.5000 2840.3140   13.6240
    7.5000   22.5000   22.5000 2831.7429   13.7372
   -7.5000   30.0000   22.5000 2698.0701   14.5566
    0.0000   30.0000   22.5000 2758.6174   14.3490
    7.5000   30.0000   22.5000 2760.2979   14.4912
   -7.5000   37.5000   22.5000 2595.0271   15.5595
    0.0000   37.5000   22.5000 2638.6030   15.3894
    7.5000   37.5000   22.5000 2650.2869   15.5677
   -7.5000   45.0000   22.5000 2471.1238   16.9124
    0.0000   45.0000   22.5000 2502.0969   16.7284
    7.5000   45.0000   22.5000 2506.6895   16.8984
   -7.5000  -45.0000   30.0000 2585.4639   14.9865
    0.0000  -45.0000   30.0000 2599.2720   15.0124
    7.5000  -45.0000   30.0000 2567.5112   15.4427
   -7.5000  -37.5000   30.0000 2589.6907   14.6153
    0.0000  -37.5000   30.0000 2599.6597   14.5403
    7.5000  -37.5000   30.0000 2571.8184   14.9100
   -7.5000  -30.0000   30.0000 2592.8362   14.2083
    0.0000  -30.0000   30.0000 2606.4072   14.0325
    7.5000  -30.0000   30.0000 2587.2634   14.3493
   -7.5000  -22.5000   30.0000 2613.1946   13.8287
    0.0000  -22.5000   30.0000 2629.1206   13.6072
    7.5000  -22.5000   30.0000 2616.0085   13.8820
   -7.5000  -15.0000   30.0000 2641.7151   13.5783
    0.0000  -15.0000   30.0000 2661.6785   13.3480
    7.5000  -15.0000   30.0000 2659.6846   13.5753
   -7.5000   -7.5000   30.0000 2684.1235   13.4645
    0.0000   -7.5000   30.0000 2708.1104   13.2300
    7.5000   -7.5000   30.0000 2711.8975   13.4158
   -7.5000    0.0000   30.0000 2727.8848   13.5421
    0.0000    0.0000   30.0000 2754.8459   13.3019
    7.5000    0.0000   30.0000 2762.9626   13.4584
   -7.5000    7.5000   30.0000 2756.5530   13.7204
    0.0000    7.5000   30.0000 2791.3552   13.4931
    7.5000    7.5000   30.0000 2799.0610   13.5945
   -7.5000   15.0000   30.0000 2741.7566   14.0292
    0.0000   15.0000   30.0000 2789.3613   13.7548
    7.5000   15.0000   30.0000 2793.9595   13.8440
   -7.5000   22.5000   30.0000 2705.8467   14.4845
    0.0000   22.5000   30.0000 2760.3777   14.2417
    7.5000   22.5000   30.0000 2763.1409   14.3787
   -7.5000   30.0000   30.0000 2637.6362   15.1748
    0.0000   30.0000   30.0000 2688.9807   14.9620
    7.5000   30.0000   30.0000 2691.1792   15.1496
   -7.5000   37.5000   30.0000 2543.2185   16.1540
    0.0000   37.5000   30.0000 2589.0132   15.9369
    7.5000   37.5000   30.0000 2598.2102   16.1050
   -7.5000   45.0000   30.0000 2422.0156   17.5070
    0.0000   45.0000   30.0000 2455.6372   17.2865
    7.5000   45.0000   30.0000 2459.9697   17.4206
   -7.5000  -45.0000   37.5000 2523.1814   15.6372
    0.0000  -45.0000   37.5000 2534.9355   15.5982
    7.5000  -45.0000   37.5000 2509.3840   15.9670
   -7.5000  -37.5000   37.5000 2531.8406   15.3089
    0.0000  -37.5000   37.5000 2546.2202   15.1722
    7.5000  -37.5000   37.5000 2522.0835   15.4746
   -7.5000  -30.0000   37.5000 2545.4341   14.8960
    0.0000  -30.0000   37.5000 2558.4929   14.6582
    7.5000  -30.0000   37.5000 2540.9319   14.9492
   -7.5000  -22.5000   37.5000 2565.8350   14.5137
    0.0000  -22.5000   37.5000 2587.0850   14.2531
    7.5000  -22.5000   37.5000 2573.3474   14.5044
   -7.5000  -15.0000   37.5000 2586.7505   14.2782
    0.0000  -15.0000   37.5000 2611.6013   14.0117
    7.5000  -15.0000   37.5000 2607.5708   14.2232
   -7.5000   -7.5000   37.5000 2615.0750   14.1809
    0.0000   -7.5000   37.5000 2649.3953   13.9295
    7.5000   -7.5000   37.5000 2649.4019   14.0851
   -7.5000    0.0000   37.5000 2647.5876   14.2102
    0.0000    0.0000   37.5000 2688.6145   13.9584
    7.5000    0.0000   37.5000 2691.7786   14.0869
   -7.5000    7.5000   37.5000 2667.4202   14.4495
    0.0000    7.5000   37.5000 2712.6604   14.1634
    7.5000    7.5000   37.5000 2720.6699   14.2604
   -7.5000   15.0000   37.5000 2650.4001   14.8251
    0.0000   15.0000   37.5000 2697.0203   14.5065
    7.5000   15.0000   37.5000 2705.6714   14.5938
   -7.5000   22.5000   37.5000 2614.2375   15.3238
    0.0000   22.5000   37.5000 2660.0422   15.0722
    7.5000   22.5000   37.5000 2670.9246   15.1682
   -7.5000   30.0000   37.5000 2560.3828   15.9967
    0.0000   30.0000   37.5000 2605.3442   15.7741
    7.5000   30.0000   37.5000 2610.9485   15.9175
   -7.5000   37.5000   37.5000 2473.6106   16.9728
    0.0000   37.5000   37.5000 2518.8171   16.7282
    7.5000   37.5000   37.5000 2527.4370   16.8471
   -7.5000   45.0000   37.5000 2359.6433   18.2648
    0.0000   45.0000   37.5000 2399.9753   17.9976
    7.5000   45.0000   37.5000 2411.2783   18.1298
   -7.5000  -45.0000   45.0000 2451.2678   16.3582
    0.0000  -45.0000   45.0000 2467.7241   16.2908
    7.5000  -45.0000   45.0000 2449.2839   16.6552
   -7.5000  -37.5000   45.0000 2462.8235   16.0587
    0.0000  -37.5000   45.0000 2485.1614   15.8553
    7.5000  -37.5000   45.0000 2466.6345   16.1446
   -7.5000  -30.0000   45.0000 2481.5583   15.7115
    0.0000  -30.0000   45.0000 2502.5554   15.4103
    7.5000  -30.0000   45.0000 2488.1699   15.6665
   -7.5000  -22.5000   45.0000 2501.2815   15.3536
    0.0000  -22.5000   45.0000 2528.8369   15.0739
    7.5000  -22.5000   45.0000 2520.3357   15.2788
   -7.5000  -15.0000   45.0000 2520.4541   15.1105
    0.0000  -15.0000   45.0000 2550.3538   14.8459
    7.5000  -15.0000   45.0000 2550.1504   15.0492
   -7.5000   -7.5000   45.0000 2538.3076   15.0205
    0.0000   -7.5000   45.0000 2577.4304   14.7707
    7.5000   -7.5000   45.0000 2580.0076   14.9272
   -7.5000    0.0000   45.0000 2562.2856   15.0748
    0.0000    0.0000   45.0000 2603.1836   14.7966
    7.5000    0.0000   45.0000 2608.6514   14.9370
   -7.5000    7.5000   45.0000 2570.7686   15.3299
    0.0000    7.5000   45.0000 2618.1423   15.0139
    7.5000    7.5000   45.0000 2625.7595   15.1387
   -7.5000   15.0000   45.0000 2549.7148   15.7414
    0.0000   15.0000   45.0000 2598.8262   15.4373
    7.5000   15.0000   45.0000 2608.9102   15.5608
   -7.5000   22.5000   45.0000 2516.3208   16.3420
    0.0000   22.5000   45.0000 2562.4719   16.0507
    7.5000   22.5000   45.0000 2574.2766   16.1433
   -7.5000   30.0000   45.0000 2464.5410   17.0482
    0.0000   30.0000   45.0000 2505.9341   16.7664
    7.5000   30.0000   45.0000 2514.9514   16.8636
   -7.5000   37.5000   45.0000 2395.5237   17.9822
    0.0000   37.5000   45.0000 2432.9553   17.6710
    7.5000   37.5000   45.0000 2454.7219   17.7310
   -7.5000   45.0000   45.0000 2294.3918   19.2141
    0.0000   45.0000   45.0000 2333.1082   18.9135
    7.5000   45.0000   45.0000 2350.5098   18.9921

---------------------------------------------------------------------
imgreg_4dfp /opt/freesurfer/average/711-2C_as_mni_average_305 /opt/freesurfer/average/711-2B_as_mni_average_305_mask talsrcimg_g11 none talsrcimg_to_711-2C_as_mni_average_305_t4 1283
---------------------------------------------------------------------

freesurfer imgreg_4dfp.c
/opt/freesurfer/average/711-2C_as_mni_average_305.4dfp.img
       256       256       256         1
  1.000000  1.000000  1.000000
orientation T byte_order littleendian
Reading image: /opt/freesurfer/average/711-2C_as_mni_average_305.4dfp.img
dimensions:      256       256       256
mmppix:       1.0000   -1.0000   -1.0000
center:     128.0000 -129.0000 -129.0000
/opt/freesurfer/average/711-2B_as_mni_average_305_mask.4dfp.img
       256       256       256         1
  1.000000  1.000000  1.000000
orientation T byte_order littleendian
Reading mask: /opt/freesurfer/average/711-2B_as_mni_average_305_mask.4dfp.img (2306576 pixels)
talsrcimg_g11.4dfp.img
       256       256       256         1
  1.000000  1.000000  1.000000
orientation T byte_order littleendian
Reading image: talsrcimg_g11.4dfp.img
dimensions:      256       256       256
mmppix:       1.0000   -1.0000   -1.0000
center:     128.0000 -129.0000 -129.0000
rotation matrix determinant  1.000000
fimgreg.f
image alignment mode   1283 decimal      503 hex
parameters
    0.0000   15.0000    7.5000    0.0000    0.0000    0.0000
eta,q 0.92242 12.91838
niter,ni,del,rscale     5    3   12.0000    1.2000
parameter  3 -0.862864 -> -0.500000 qaram    1.1500
parameter  4  2.741058 ->  0.500000 qaram    1.1500
parameter  5  0.999559 ->  0.500000 qaram    1.1500
parameter  6  1.240743 ->  0.500000 qaram    1.1500
parameters
    1.6418   13.6358   10.9500   -3.4500   -3.4500   -3.4500
eta,q 0.94025 12.72211
  0.0960  0.0782  0.0803  0.0654  0.0633  0.0587
  0.0874  0.0767  0.0776  0.0665  0.0638  0.0593
  0.0801  0.0754  0.0757  0.0685  0.0646  0.0614
  0.0760  0.0745  0.0745  0.0725  0.0669  0.0640
  0.0750  0.0762  0.0733  0.0773  0.0727  0.0674
  0.0774  0.0803  0.0720  0.0805  0.0777  0.0718
  0.0822  0.0856  0.0729  0.0834  0.0816  0.0765
niter,ni,del,rscale     7    3   12.0000    1.2000
parameter  4  1.628132 ->  0.500000 qaram    1.3225
parameters
    2.2413   14.2625   10.3353   -7.4175   -5.4192   -5.2776
eta,q 0.94699 12.77013
  0.0798  0.0691  0.0689  0.0523  0.0582  0.0575
  0.0707  0.0624  0.0651  0.0531  0.0553  0.0543
  0.0631  0.0600  0.0612  0.0550  0.0536  0.0530
  0.0598  0.0595  0.0594  0.0596  0.0535  0.0535
  0.0603  0.0594  0.0616  0.0647  0.0568  0.0558
  0.0651  0.0608  0.0672  0.0689  0.0634  0.0607
  0.0738  0.0652  0.0737  0.0737  0.0701  0.0663
niter,ni,del,rscale     7    3   12.0000    1.2000
parameter  4  1.510980 ->  0.500000 qaram    1.5209
parameters
    2.5505   14.6634    9.0062  -11.9801   -5.9597   -5.2198
eta,q 0.95269 12.80027
  0.0732  0.0636  0.0593  0.0454  0.0570  0.0571
  0.0638  0.0585  0.0557  0.0465  0.0506  0.0521
  0.0560  0.0546  0.0533  0.0491  0.0482  0.0489
  0.0530  0.0530  0.0529  0.0528  0.0471  0.0473
  0.0546  0.0538  0.0555  0.0565  0.0483  0.0478
  0.0606  0.0567  0.0605  0.0615  0.0536  0.0513
  0.0699  0.0612  0.0677  0.0670  0.0608  0.0574
niter,ni,del,rscale     7    3   12.0000    1.2000
parameter  4  0.627201 ->  0.500000 qaram    1.7490
parameters
    2.7588   16.5033    6.9026  -17.2272   -6.4689   -5.2987
eta,q 0.96146 12.98713
  0.0690  0.0647  0.0505  0.0435  0.0490  0.0501
  0.0588  0.0576  0.0447  0.0388  0.0437  0.0448
  0.0508  0.0518  0.0436  0.0393  0.0400  0.0401
  0.0473  0.0472  0.0454  0.0436  0.0385  0.0385
  0.0487  0.0454  0.0498  0.0513  0.0401  0.0392
  0.0557  0.0475  0.0552  0.0579  0.0451  0.0438
  0.0673  0.0523  0.0616  0.0631  0.0539  0.0520
niter,ni,del,rscale     7    3   12.0000    1.2000
parameters
    2.9284   17.2280    5.9413  -17.4851   -6.6603   -5.2470
eta,q 0.96266 12.97536
  0.0645  0.0582  0.0487  0.0545  0.0499  0.0488
  0.0503  0.0505  0.0413  0.0486  0.0435  0.0435
  0.0414  0.0429  0.0376  0.0396  0.0390  0.0391
  0.0385  0.0385  0.0382  0.0375  0.0373  0.0374
  0.0410  0.0390  0.0420  0.0409  0.0393  0.0375
  0.0492  0.0438  0.0478  0.0484  0.0440  0.0417
  0.0612  0.0518  0.0544  0.0570  0.0518  0.0499
niter,ni,del,rscale     6    3   12.0000    1.2000
parameters
    2.9402   17.2504    5.8252  -17.5941   -6.7078   -5.2482
eta,q 0.96278 12.96765
  0.0633  0.0544  0.0523  0.0545  0.0505  0.0485
  0.0488  0.0466  0.0437  0.0490  0.0438  0.0433
  0.0398  0.0398  0.0381  0.0398  0.0391  0.0389
  0.0373  0.0373  0.0373  0.0373  0.0372  0.0372
  0.0407  0.0397  0.0402  0.0405  0.0390  0.0375
  0.0497  0.0458  0.0457  0.0478  0.0437  0.0418
  0.0621  0.0545  0.0518  0.0563  0.0512  0.0500
niter,ni,del,rscale     5    3   12.0000    1.2000
parameters
    2.9422   17.2685    5.7857  -17.6432   -6.7164   -5.2508
eta,q 0.96282 12.96552
  0.0632  0.0543  0.0528  0.0546  0.0507  0.0485
  0.0487  0.0465  0.0439  0.0492  0.0439  0.0432
  0.0397  0.0397  0.0381  0.0399  0.0391  0.0389
  0.0372  0.0372  0.0372  0.0372  0.0372  0.0372
  0.0406  0.0397  0.0400  0.0404  0.0389  0.0374
  0.0497  0.0457  0.0455  0.0475  0.0437  0.0418
  0.0621  0.0544  0.0516  0.0560  0.0510  0.0500
registration optimization eta report
parameter search radius
    6.0000    6.0000    6.9000   10.4940    6.9000    6.9000
100000*second partial in parameter space
       70.       47.       31.       16.       28.       26.
  0.0632  0.0543  0.0528  0.0546  0.0507  0.0485
  0.0487  0.0465  0.0439  0.0492  0.0439  0.0432
  0.0397  0.0397  0.0381  0.0399  0.0391  0.0389
  0.0372  0.0372  0.0372  0.0372  0.0372  0.0372
  0.0406  0.0397  0.0400  0.0404  0.0389  0.0374
  0.0497  0.0457  0.0455  0.0475  0.0437  0.0418
  0.0621  0.0544  0.0516  0.0560  0.0510  0.0500
    2.9422   17.2685    5.7857  -17.6432   -6.7164   -5.2508
eta,q 0.96282 12.96552

---------------------------------------------------------------------
imgreg_4dfp /opt/freesurfer/average/711-2C_as_mni_average_305 /opt/freesurfer/average/711-2B_as_mni_average_305_mask talsrcimg_g11 none talsrcimg_to_711-2C_as_mni_average_305_t4 3335
---------------------------------------------------------------------

freesurfer imgreg_4dfp.c
/opt/freesurfer/average/711-2C_as_mni_average_305.4dfp.img
       256       256       256         1
  1.000000  1.000000  1.000000
orientation T byte_order littleendian
Reading image: /opt/freesurfer/average/711-2C_as_mni_average_305.4dfp.img
dimensions:      256       256       256
mmppix:       1.0000   -1.0000   -1.0000
center:     128.0000 -129.0000 -129.0000
/opt/freesurfer/average/711-2B_as_mni_average_305_mask.4dfp.img
       256       256       256         1
  1.000000  1.000000  1.000000
orientation T byte_order littleendian
Reading mask: /opt/freesurfer/average/711-2B_as_mni_average_305_mask.4dfp.img (2306576 pixels)
talsrcimg_g11.4dfp.img
       256       256       256         1
  1.000000  1.000000  1.000000
orientation T byte_order littleendian
Reading image: talsrcimg_g11.4dfp.img
dimensions:      256       256       256
mmppix:       1.0000   -1.0000   -1.0000
center:     128.0000 -129.0000 -129.0000
fimgreg.f
image alignment mode   3335 decimal      D07 hex
parameters
    2.9422   17.2685    5.7857   -1.1030   -4.7792   -5.3578
    5.1912   13.8723   -9.0887   29.1617  -11.6955  -30.1009
eta,q 0.96399 12.92537
niter,ni,del,rscale     5    3    5.0000    1.2000
parameter  4  0.720188 ->  0.500000 qaram    1.1500
parameter  5  0.648626 ->  0.500000 qaram    1.1500
parameter 11 -0.532600 -> -0.500000 qaram    1.1500
parameters
    2.7779   17.3691    5.9584   -5.2430   -8.9192   -5.8594
    6.0440   13.7315   -6.7609   27.6312   -7.5555  -31.7770
eta,q 0.96763 12.51228
  0.0401  0.0391  0.0384  0.0343  0.0336  0.0356  0.0376  0.0386  0.0371  0.0344  0.0352  0.0336
  0.0376  0.0374  0.0371  0.0343  0.0333  0.0343  0.0356  0.0355  0.0354  0.0333  0.0341  0.0327
  0.0363  0.0364  0.0363  0.0348  0.0335  0.0335  0.0340  0.0336  0.0340  0.0328  0.0333  0.0324
  0.0360  0.0360  0.0360  0.0360  0.0344  0.0332  0.0333  0.0332  0.0332  0.0328  0.0328  0.0325
  0.0368  0.0361  0.0361  0.0378  0.0360  0.0335  0.0333  0.0340  0.0328  0.0335  0.0326  0.0331
  0.0386  0.0370  0.0367  0.0405  0.0380  0.0345  0.0343  0.0360  0.0332  0.0348  0.0325  0.0340
  0.0412  0.0387  0.0377  0.0443  0.0408  0.0369  0.0361  0.0388  0.0341  0.0369  0.0327  0.0352
niter,ni,del,rscale     7    3    5.0000    1.2000
parameters
    2.9264   17.7325    5.9345   -6.5319  -10.0644   -5.6889
    5.7041   13.5146   -7.2420   27.8435   -8.2326  -32.3981
eta,q 0.96784 12.40816
  0.0377  0.0365  0.0343  0.0345  0.0346  0.0347  0.0355  0.0371  0.0343  0.0349  0.0333  0.0338
  0.0350  0.0346  0.0332  0.0331  0.0332  0.0332  0.0337  0.0343  0.0331  0.0332  0.0325  0.0328
  0.0331  0.0331  0.0325  0.0324  0.0324  0.0325  0.0326  0.0326  0.0324  0.0324  0.0322  0.0322
  0.0324  0.0323  0.0322  0.0322  0.0322  0.0322  0.0322  0.0322  0.0322  0.0322  0.0322  0.0322
  0.0327  0.0323  0.0325  0.0328  0.0329  0.0324  0.0328  0.0329  0.0326  0.0325  0.0324  0.0326
  0.0341  0.0331  0.0332  0.0343  0.0343  0.0329  0.0342  0.0348  0.0336  0.0332  0.0329  0.0333
  0.0365  0.0347  0.0344  0.0369  0.0364  0.0346  0.0362  0.0376  0.0350  0.0345  0.0336  0.0344
niter,ni,del,rscale     6    3    5.0000    1.2000
parameters
    2.9544   17.8911    6.0021   -6.6258  -10.3833   -5.7263
    5.6335   13.5234   -7.1724   28.0282   -8.3847  -32.4949
eta,q 0.96783 12.39112
  0.0370  0.0359  0.0343  0.0352  0.0351  0.0346  0.0358  0.0374  0.0347  0.0348  0.0335  0.0340
  0.0344  0.0340  0.0331  0.0335  0.0335  0.0331  0.0338  0.0345  0.0333  0.0332  0.0326  0.0330
  0.0327  0.0327  0.0324  0.0325  0.0326  0.0324  0.0326  0.0327  0.0325  0.0323  0.0322  0.0323
  0.0322  0.0322  0.0321  0.0321  0.0321  0.0322  0.0322  0.0322  0.0322  0.0322  0.0322  0.0322
  0.0327  0.0324  0.0323  0.0324  0.0325  0.0324  0.0326  0.0328  0.0324  0.0325  0.0323  0.0324
  0.0342  0.0334  0.0330  0.0334  0.0338  0.0329  0.0339  0.0346  0.0333  0.0332  0.0328  0.0331
  0.0367  0.0351  0.0340  0.0355  0.0357  0.0348  0.0359  0.0373  0.0346  0.0344  0.0335  0.0341
niter,ni,del,rscale     5    3    5.0000    1.2000
parameters
    2.9646   17.9464    5.9896   -6.6481  -10.4667   -5.7545
    5.6191   13.5274   -7.1227   28.1150   -8.4509  -32.5556
eta,q 0.96783 12.38727
  0.0369  0.0356  0.0342  0.0352  0.0352  0.0346  0.0358  0.0374  0.0347  0.0348  0.0335  0.0341
  0.0343  0.0338  0.0330  0.0336  0.0336  0.0331  0.0339  0.0345  0.0333  0.0332  0.0326  0.0330
  0.0327  0.0326  0.0324  0.0326  0.0326  0.0324  0.0326  0.0327  0.0325  0.0323  0.0322  0.0323
  0.0322  0.0322  0.0322  0.0322  0.0322  0.0322  0.0322  0.0322  0.0322  0.0322  0.0322  0.0322
  0.0327  0.0325  0.0324  0.0324  0.0324  0.0324  0.0326  0.0328  0.0324  0.0325  0.0323  0.0324
  0.0343  0.0336  0.0331  0.0334  0.0336  0.0329  0.0339  0.0346  0.0333  0.0332  0.0328  0.0331
  0.0368  0.0353  0.0342  0.0354  0.0355  0.0348  0.0359  0.0373  0.0346  0.0345  0.0335  0.0341
niter,ni,del,rscale     4    3    5.0000    1.2000
parameters
    2.9625   17.9649    5.9728   -6.6595  -10.4970   -5.7843
    5.6118   13.5264   -7.0949   28.1506   -8.4785  -32.5771
eta,q 0.96782 12.38465
  0.0368  0.0355  0.0341  0.0352  0.0353  0.0346  0.0358  0.0374  0.0347  0.0347  0.0335  0.0341
  0.0343  0.0337  0.0330  0.0336  0.0337  0.0331  0.0339  0.0345  0.0333  0.0331  0.0326  0.0330
  0.0327  0.0326  0.0324  0.0326  0.0327  0.0324  0.0327  0.0327  0.0325  0.0323  0.0322  0.0323
  0.0322  0.0322  0.0322  0.0322  0.0322  0.0322  0.0322  0.0322  0.0322  0.0322  0.0322  0.0322
  0.0327  0.0325  0.0324  0.0324  0.0324  0.0324  0.0326  0.0328  0.0324  0.0325  0.0323  0.0324
  0.0343  0.0337  0.0331  0.0334  0.0336  0.0329  0.0339  0.0346  0.0333  0.0332  0.0328  0.0331
  0.0368  0.0354  0.0342  0.0354  0.0355  0.0348  0.0359  0.0373  0.0347  0.0345  0.0335  0.0341
registration optimization eta report
parameter search radius
    2.4000    2.4000    2.4000    8.2800    8.2800    7.2000
    7.2000    7.2000    7.2000    7.2000    8.2800    7.2000
100000*second partial in parameter space
       81.       57.       35.        5.        5.        5.
        7.       10.        5.        5.        2.        4.
  0.0368  0.0355  0.0341  0.0352  0.0353  0.0346  0.0358  0.0374  0.0347  0.0347  0.0335  0.0341
  0.0343  0.0337  0.0330  0.0336  0.0337  0.0331  0.0339  0.0345  0.0333  0.0331  0.0326  0.0330
  0.0327  0.0326  0.0324  0.0326  0.0327  0.0324  0.0327  0.0327  0.0325  0.0323  0.0322  0.0323
  0.0322  0.0322  0.0322  0.0322  0.0322  0.0322  0.0322  0.0322  0.0322  0.0322  0.0322  0.0322
  0.0327  0.0325  0.0324  0.0324  0.0324  0.0324  0.0326  0.0328  0.0324  0.0325  0.0323  0.0324
  0.0343  0.0337  0.0331  0.0334  0.0336  0.0329  0.0339  0.0346  0.0333  0.0332  0.0328  0.0331
  0.0368  0.0354  0.0342  0.0354  0.0355  0.0348  0.0359  0.0373  0.0347  0.0345  0.0335  0.0341
    2.9625   17.9649    5.9728   -6.6595  -10.4970   -5.7843
    5.6118   13.5264   -7.0949   28.1506   -8.4785  -32.5771
eta,q 0.96782 12.38465

---------------------------------------------------------------------
imgreg_4dfp /opt/freesurfer/average/711-2C_as_mni_average_305 /opt/freesurfer/average/711-2B_as_mni_average_305_mask talsrcimg_g11 none talsrcimg_to_711-2C_as_mni_average_305_t4 2311
---------------------------------------------------------------------

freesurfer imgreg_4dfp.c
/opt/freesurfer/average/711-2C_as_mni_average_305.4dfp.img
       256       256       256         1
  1.000000  1.000000  1.000000
orientation T byte_order littleendian
Reading image: /opt/freesurfer/average/711-2C_as_mni_average_305.4dfp.img
dimensions:      256       256       256
mmppix:       1.0000   -1.0000   -1.0000
center:     128.0000 -129.0000 -129.0000
/opt/freesurfer/average/711-2B_as_mni_average_305_mask.4dfp.img
       256       256       256         1
  1.000000  1.000000  1.000000
orientation T byte_order littleendian
Reading mask: /opt/freesurfer/average/711-2B_as_mni_average_305_mask.4dfp.img (2306576 pixels)
talsrcimg_g11.4dfp.img
       256       256       256         1
  1.000000  1.000000  1.000000
orientation T byte_order littleendian
Reading image: talsrcimg_g11.4dfp.img
dimensions:      256       256       256
mmppix:       1.0000   -1.0000   -1.0000
center:     128.0000 -129.0000 -129.0000
fimgreg.f
image alignment mode   2311 decimal      907 hex
parameters
    2.9625   17.9649    5.9728   -6.6595  -10.4970   -5.7843
    5.6118   13.5264   -7.0949   28.1506   -8.4785  -32.5771
eta,q 0.96782 12.38464
niter,ni,del,rscale     5    3    5.0000    0.8000
parameters
    2.9559   17.9779    5.9462   -6.3719  -10.2261   -5.4995
    5.5820   13.5116   -7.1339   28.0674   -8.4307  -32.6838
eta,q 0.96785 12.43225
  0.0343  0.0337  0.0330  0.0332  0.0334  0.0331  0.0339  0.0346  0.0333  0.0332  0.0326  0.0330
  0.0331  0.0329  0.0325  0.0327  0.0328  0.0326  0.0330  0.0332  0.0327  0.0325  0.0323  0.0325
  0.0324  0.0324  0.0323  0.0323  0.0324  0.0322  0.0324  0.0324  0.0323  0.0322  0.0322  0.0322
  0.0322  0.0322  0.0322  0.0322  0.0322  0.0322  0.0322  0.0322  0.0322  0.0322  0.0322  0.0322
  0.0324  0.0323  0.0323  0.0322  0.0322  0.0323  0.0324  0.0324  0.0323  0.0323  0.0322  0.0323
  0.0331  0.0329  0.0326  0.0325  0.0325  0.0324  0.0330  0.0332  0.0327  0.0326  0.0323  0.0326
  0.0343  0.0337  0.0331  0.0331  0.0332  0.0329  0.0339  0.0345  0.0334  0.0332  0.0325  0.0331
niter,ni,del,rscale     4    3    5.0000    0.7000
parameters
    2.9458   17.9320    5.9699   -6.2812  -10.1357   -5.3984
    5.5771   13.5222   -7.1913   27.9872   -8.2453  -32.6808
eta,q 0.96785 12.44557
  0.0338  0.0333  0.0329  0.0329  0.0331  0.0328  0.0335  0.0340  0.0330  0.0329  0.0325  0.0328
  0.0329  0.0327  0.0325  0.0325  0.0326  0.0324  0.0328  0.0330  0.0325  0.0324  0.0323  0.0325
  0.0323  0.0323  0.0322  0.0323  0.0323  0.0322  0.0323  0.0323  0.0323  0.0322  0.0322  0.0322
  0.0322  0.0322  0.0322  0.0321  0.0322  0.0321  0.0322  0.0322  0.0322  0.0322  0.0321  0.0321
  0.0323  0.0323  0.0322  0.0322  0.0322  0.0322  0.0323  0.0323  0.0323  0.0323  0.0322  0.0322
  0.0329  0.0328  0.0324  0.0324  0.0325  0.0324  0.0328  0.0330  0.0326  0.0325  0.0323  0.0325
  0.0338  0.0334  0.0328  0.0329  0.0330  0.0327  0.0335  0.0340  0.0331  0.0329  0.0324  0.0328
niter,ni,del,rscale     3    3    5.0000    0.6000
parameters
    2.9453   17.9143    5.9810   -6.1692  -10.0418   -5.2933
    5.5820   13.5449   -7.2358   27.9376   -8.0595  -32.6894
eta,q 0.96785 12.46184
  0.0334  0.0330  0.0327  0.0327  0.0328  0.0326  0.0332  0.0335  0.0328  0.0327  0.0324  0.0327
  0.0327  0.0325  0.0324  0.0324  0.0325  0.0323  0.0326  0.0327  0.0324  0.0324  0.0322  0.0324
  0.0323  0.0322  0.0322  0.0322  0.0323  0.0322  0.0323  0.0323  0.0322  0.0322  0.0322  0.0322
  0.0321  0.0321  0.0321  0.0321  0.0321  0.0321  0.0321  0.0321  0.0321  0.0321  0.0321  0.0321
  0.0323  0.0323  0.0322  0.0322  0.0322  0.0322  0.0323  0.0323  0.0322  0.0322  0.0322  0.0322
  0.0327  0.0326  0.0324  0.0323  0.0324  0.0323  0.0326  0.0327  0.0325  0.0324  0.0322  0.0324
  0.0334  0.0331  0.0326  0.0327  0.0328  0.0325  0.0332  0.0335  0.0328  0.0327  0.0323  0.0327
niter,ni,del,rscale     2    3    5.0000    0.5000
parameters
    2.9431   17.8981    5.9891   -6.0417   -9.9495   -5.2482
    5.5979   13.5695   -7.2695   27.8836   -7.9130  -32.6854
eta,q 0.96786 12.47501
  0.0330  0.0328  0.0325  0.0325  0.0326  0.0325  0.0329  0.0331  0.0326  0.0325  0.0323  0.0325
  0.0325  0.0324  0.0323  0.0323  0.0324  0.0323  0.0325  0.0326  0.0323  0.0323  0.0322  0.0323
  0.0322  0.0322  0.0322  0.0322  0.0322  0.0322  0.0322  0.0322  0.0322  0.0322  0.0322  0.0322
  0.0321  0.0321  0.0321  0.0321  0.0321  0.0321  0.0321  0.0321  0.0321  0.0321  0.0321  0.0321
  0.0322  0.0322  0.0322  0.0322  0.0322  0.0322  0.0322  0.0322  0.0322  0.0322  0.0322  0.0322
  0.0325  0.0324  0.0323  0.0323  0.0323  0.0323  0.0325  0.0325  0.0324  0.0323  0.0322  0.0323
  0.0330  0.0328  0.0325  0.0325  0.0326  0.0324  0.0329  0.0331  0.0326  0.0325  0.0323  0.0325
niter,ni,del,rscale     1    3    5.0000    0.4000
parameters
    2.9411   17.8881    5.9842   -5.9249   -9.8703   -5.2358
    5.6155   13.5925   -7.2989   27.8579   -7.7693  -32.6812
eta,q 0.96787 12.48584
  0.0327  0.0325  0.0324  0.0324  0.0325  0.0323  0.0326  0.0327  0.0324  0.0324  0.0322  0.0324
  0.0324  0.0323  0.0322  0.0323  0.0323  0.0322  0.0324  0.0324  0.0323  0.0322  0.0322  0.0322
  0.0322  0.0322  0.0322  0.0322  0.0322  0.0321  0.0322  0.0322  0.0322  0.0322  0.0321  0.0322
  0.0321  0.0321  0.0321  0.0321  0.0321  0.0321  0.0321  0.0321  0.0321  0.0321  0.0321  0.0321
  0.0322  0.0322  0.0322  0.0321  0.0322  0.0322  0.0322  0.0322  0.0322  0.0322  0.0321  0.0322
  0.0324  0.0323  0.0322  0.0322  0.0323  0.0322  0.0323  0.0324  0.0323  0.0323  0.0322  0.0322
  0.0327  0.0326  0.0324  0.0324  0.0324  0.0323  0.0326  0.0327  0.0324  0.0324  0.0322  0.0324
registration optimization eta report
parameter search radius
    0.8000    0.8000    0.8000    2.4000    2.4000    2.4000
    2.4000    2.4000    2.4000    2.4000    2.4000    2.4000
100000*second partial in parameter space
       85.       64.       36.        4.        5.        3.
        8.       11.        5.        4.        2.        4.
  0.0327  0.0325  0.0324  0.0324  0.0325  0.0323  0.0326  0.0327  0.0324  0.0324  0.0322  0.0324
  0.0324  0.0323  0.0322  0.0323  0.0323  0.0322  0.0324  0.0324  0.0323  0.0322  0.0322  0.0322
  0.0322  0.0322  0.0322  0.0322  0.0322  0.0321  0.0322  0.0322  0.0322  0.0322  0.0321  0.0322
  0.0321  0.0321  0.0321  0.0321  0.0321  0.0321  0.0321  0.0321  0.0321  0.0321  0.0321  0.0321
  0.0322  0.0322  0.0322  0.0321  0.0322  0.0322  0.0322  0.0322  0.0322  0.0322  0.0321  0.0322
  0.0324  0.0323  0.0322  0.0322  0.0323  0.0322  0.0323  0.0324  0.0323  0.0323  0.0322  0.0322
  0.0327  0.0326  0.0324  0.0324  0.0324  0.0323  0.0326  0.0327  0.0324  0.0324  0.0322  0.0324
    2.9411   17.8881    5.9842   -5.9249   -9.8703   -5.2358
    5.6155   13.5925   -7.2989   27.8579   -7.7693  -32.6812
eta,q 0.96787 12.48584

---------------------------------------------------------------------
imgreg_4dfp /opt/freesurfer/average/711-2C_as_mni_average_305 /opt/freesurfer/average/711-2B_as_mni_average_305_mask talsrcimg_g11 none talsrcimg_to_711-2C_as_mni_average_305_t4 2311
---------------------------------------------------------------------

freesurfer imgreg_4dfp.c
/opt/freesurfer/average/711-2C_as_mni_average_305.4dfp.img
       256       256       256         1
  1.000000  1.000000  1.000000
orientation T byte_order littleendian
Reading image: /opt/freesurfer/average/711-2C_as_mni_average_305.4dfp.img
dimensions:      256       256       256
mmppix:       1.0000   -1.0000   -1.0000
center:     128.0000 -129.0000 -129.0000
/opt/freesurfer/average/711-2B_as_mni_average_305_mask.4dfp.img
       256       256       256         1
  1.000000  1.000000  1.000000
orientation T byte_order littleendian
Reading mask: /opt/freesurfer/average/711-2B_as_mni_average_305_mask.4dfp.img (2306576 pixels)
talsrcimg_g11.4dfp.img
       256       256       256         1
  1.000000  1.000000  1.000000
orientation T byte_order littleendian
Reading image: talsrcimg_g11.4dfp.img
dimensions:      256       256       256
mmppix:       1.0000   -1.0000   -1.0000
center:     128.0000 -129.0000 -129.0000
fimgreg.f
image alignment mode   2311 decimal      907 hex
parameters
    2.9411   17.8881    5.9842   -5.9249   -9.8703   -5.2358
    5.6155   13.5925   -7.2989   27.8579   -7.7693  -32.6812
eta,q 0.96787 12.48585
niter,ni,del,rscale     5    3    5.0000    0.8000
parameters
    2.9468   17.8617    5.9874   -6.1306  -10.0938   -5.2150
    5.5925   13.5796   -7.3105   28.0007   -7.9926  -32.6499
eta,q 0.96785 12.46818
  0.0343  0.0337  0.0331  0.0331  0.0332  0.0330  0.0339  0.0346  0.0333  0.0333  0.0325  0.0331
  0.0331  0.0328  0.0325  0.0326  0.0327  0.0325  0.0330  0.0332  0.0327  0.0326  0.0323  0.0326
  0.0324  0.0323  0.0322  0.0323  0.0323  0.0322  0.0324  0.0324  0.0323  0.0322  0.0322  0.0322
  0.0321  0.0321  0.0321  0.0321  0.0321  0.0321  0.0321  0.0321  0.0321  0.0321  0.0322  0.0322
  0.0324  0.0323  0.0322  0.0322  0.0323  0.0322  0.0323  0.0324  0.0323  0.0323  0.0322  0.0323
  0.0331  0.0329  0.0325  0.0326  0.0327  0.0324  0.0330  0.0332  0.0327  0.0326  0.0324  0.0326
  0.0343  0.0338  0.0330  0.0333  0.0335  0.0331  0.0339  0.0346  0.0333  0.0331  0.0326  0.0330
niter,ni,del,rscale     4    3    5.0000    0.7000
parameters
    2.9506   17.8928    6.0059   -6.0897  -10.0511   -5.1432
    5.5942   13.5843   -7.2869   28.0006   -7.9485  -32.6693
eta,q 0.96785 12.47699
  0.0338  0.0334  0.0329  0.0329  0.0330  0.0328  0.0335  0.0340  0.0331  0.0329  0.0325  0.0328
  0.0329  0.0327  0.0325  0.0325  0.0326  0.0324  0.0328  0.0330  0.0326  0.0324  0.0323  0.0324
  0.0323  0.0323  0.0322  0.0323  0.0323  0.0322  0.0323  0.0324  0.0323  0.0322  0.0322  0.0322
  0.0322  0.0322  0.0321  0.0322  0.0322  0.0321  0.0322  0.0322  0.0322  0.0322  0.0322  0.0321
  0.0323  0.0323  0.0322  0.0322  0.0322  0.0322  0.0323  0.0323  0.0322  0.0323  0.0322  0.0322
  0.0329  0.0327  0.0324  0.0324  0.0325  0.0324  0.0328  0.0330  0.0325  0.0325  0.0323  0.0325
  0.0338  0.0333  0.0328  0.0329  0.0331  0.0328  0.0335  0.0340  0.0330  0.0329  0.0325  0.0328
niter,ni,del,rscale     3    3    5.0000    0.6000
parameters
    2.9485   17.8886    6.0054   -6.0163   -9.9762   -5.0940
    5.5994   13.5960   -7.2860   27.9709   -7.8367  -32.6768
eta,q 0.96786 12.48697
  0.0334  0.0330  0.0327  0.0327  0.0328  0.0326  0.0332  0.0335  0.0328  0.0327  0.0324  0.0327
  0.0327  0.0326  0.0324  0.0324  0.0325  0.0323  0.0326  0.0328  0.0324  0.0324  0.0323  0.0324
  0.0323  0.0322  0.0322  0.0322  0.0323  0.0322  0.0323  0.0323  0.0322  0.0322  0.0322  0.0322
  0.0322  0.0321  0.0321  0.0321  0.0321  0.0321  0.0321  0.0322  0.0321  0.0321  0.0321  0.0321
  0.0323  0.0322  0.0322  0.0322  0.0322  0.0322  0.0323  0.0323  0.0322  0.0322  0.0322  0.0322
  0.0327  0.0326  0.0324  0.0324  0.0324  0.0323  0.0326  0.0327  0.0324  0.0324  0.0322  0.0324
  0.0334  0.0331  0.0327  0.0327  0.0328  0.0326  0.0332  0.0335  0.0328  0.0327  0.0324  0.0327
niter,ni,del,rscale     2    3    5.0000    0.5000
parameters
    2.9422   17.8803    6.0054   -5.9218   -9.9063   -5.0305
    5.6063   13.6229   -7.3148   27.9480   -7.6947  -32.7004
eta,q 0.96786 12.49920
  0.0330  0.0328  0.0325  0.0325  0.0326  0.0325  0.0329  0.0331  0.0326  0.0325  0.0323  0.0325
  0.0325  0.0324  0.0323  0.0323  0.0324  0.0323  0.0325  0.0326  0.0323  0.0323  0.0322  0.0323
  0.0322  0.0322  0.0322  0.0322  0.0322  0.0322  0.0322  0.0322  0.0322  0.0322  0.0322  0.0322
  0.0321  0.0321  0.0321  0.0321  0.0321  0.0321  0.0321  0.0321  0.0321  0.0321  0.0321  0.0321
  0.0322  0.0322  0.0322  0.0322  0.0322  0.0322  0.0322  0.0322  0.0322  0.0322  0.0322  0.0322
  0.0325  0.0324  0.0323  0.0323  0.0323  0.0323  0.0325  0.0325  0.0324  0.0323  0.0322  0.0323
  0.0330  0.0328  0.0325  0.0325  0.0326  0.0324  0.0329  0.0331  0.0326  0.0325  0.0323  0.0325
niter,ni,del,rscale     1    3    5.0000    0.4000
parameters
    2.9403   17.8704    5.9998   -5.8220   -9.8166   -5.0349
    5.6214   13.6483   -7.3278   27.9150   -7.5624  -32.6962
eta,q 0.96787 12.50814
  0.0327  0.0325  0.0324  0.0324  0.0325  0.0323  0.0326  0.0328  0.0324  0.0324  0.0323  0.0324
  0.0324  0.0323  0.0322  0.0323  0.0323  0.0322  0.0324  0.0324  0.0323  0.0322  0.0322  0.0322
  0.0322  0.0322  0.0322  0.0322  0.0322  0.0321  0.0322  0.0322  0.0322  0.0322  0.0322  0.0322
  0.0321  0.0321  0.0321  0.0321  0.0321  0.0321  0.0321  0.0321  0.0321  0.0321  0.0321  0.0321
  0.0322  0.0322  0.0322  0.0321  0.0322  0.0322  0.0322  0.0322  0.0322  0.0322  0.0321  0.0322
  0.0324  0.0323  0.0322  0.0322  0.0323  0.0322  0.0323  0.0324  0.0323  0.0323  0.0322  0.0322
  0.0327  0.0326  0.0324  0.0324  0.0324  0.0323  0.0326  0.0327  0.0324  0.0324  0.0322  0.0324
registration optimization eta report
parameter search radius
    0.8000    0.8000    0.8000    2.4000    2.4000    2.4000
    2.4000    2.4000    2.4000    2.4000    2.4000    2.4000
100000*second partial in parameter space
       86.       64.       36.        4.        6.        3.
        8.       11.        5.        4.        2.        4.
  0.0327  0.0325  0.0324  0.0324  0.0325  0.0323  0.0326  0.0328  0.0324  0.0324  0.0323  0.0324
  0.0324  0.0323  0.0322  0.0323  0.0323  0.0322  0.0324  0.0324  0.0323  0.0322  0.0322  0.0322
  0.0322  0.0322  0.0322  0.0322  0.0322  0.0321  0.0322  0.0322  0.0322  0.0322  0.0322  0.0322
  0.0321  0.0321  0.0321  0.0321  0.0321  0.0321  0.0321  0.0321  0.0321  0.0321  0.0321  0.0321
  0.0322  0.0322  0.0322  0.0321  0.0322  0.0322  0.0322  0.0322  0.0322  0.0322  0.0321  0.0322
  0.0324  0.0323  0.0322  0.0322  0.0323  0.0322  0.0323  0.0324  0.0323  0.0323  0.0322  0.0322
  0.0327  0.0326  0.0324  0.0324  0.0324  0.0323  0.0326  0.0327  0.0324  0.0324  0.0322  0.0324
    2.9403   17.8704    5.9998   -5.8220   -9.8166   -5.0349
    5.6214   13.6483   -7.3278   27.9150   -7.5624  -32.6962
eta,q 0.96787 12.50814

---------------------------------------------------------------------
compute_vox2vox talsrcimg talsrcimg_to_711-2C_as_mni_average_305_t4 /opt/freesurfer/average/711-2C_as_mni_average_305
---------------------------------------------------------------------

freesurfer compute_vox2vox.c
Reading: talsrcimg.4dfp.ifh
Reading: talsrcimg_to_711-2C_as_mni_average_305_t4
Reading: /opt/freesurfer/average/711-2C_as_mni_average_305.4dfp.ifh
Writing: talsrcimg_to_711-2C_as_mni_average_305_t4_vox2vox.txt

start time Tue Mar 10 02:37:44 CET 2026
end		time Tue Mar 10 02:39:11 CET 2026

mpr2mni305 success

avi2talxfm orig_nu.mgz /opt/freesurfer/average/mni305.cor.mgz talsrcimg_to_711-2C_as_mni_average_305_t4_vox2vox.txt transforms/talairach.auto.xfm
avi2talxfm done
mv -f /out/sourcedata/freesurfer/sub-v1s4x0050698_ses-1/mri/talsrcimg_to_711-2C_as_mni_average_305_t4_vox2vox.txt /out/sourcedata/freesurfer/sub-v1s4x0050698_ses-1/mri/transforms/talsrcimg_to_711-2C_as_mni_average_305_t4_vox2vox.txt
lta_convert --src orig_nu.mgz --trg /opt/freesurfer/average/mni305.cor.mgz --inxfm transforms/talairach.auto.xfm --outlta transforms/talairach.auto.xfm.lta --subject fsaverage
7.3.2

--src: orig_nu.mgz src image (geometry).
--trg: /opt/freesurfer/average/mni305.cor.mgz trg image (geometry).
--inmni: transforms/talairach.auto.xfm input MNI/XFM transform.
--outlta: transforms/talairach.auto.xfm.lta output LTA.
--s: fsaverage subject name
 LTA read, type : 1
 1.04392  -0.11830  -0.10796   1.34499;
 0.10152   0.94010   0.33451  -21.31563;
 0.05340  -0.30061   0.99654  -23.04807;
 0.00000   0.00000   0.00000   1.00000;
setting subject to fsaverage
Writing  LTA to file transforms/talairach.auto.xfm.lta...
lta_convert successful.
 
 
Started at Tue Mar 10 02:37:44 CET 2026
Ended   at Tue Mar 10 02:39:11 CET 2026
talairach_avi done
