/out/sourcedata/freesurfer/sub-v1s4x0050689_ses-1/mri
/opt/freesurfer/bin/talairach_avi
--i orig_nu.mgz --xfm transforms/talairach.auto.xfm
talairach_avi 7.3.2
Linux dna057 5.14.0-427.37.1.el9_4.x86_64 #1 SMP PREEMPT_DYNAMIC Fri Sep 13 12:41:50 EDT 2024 x86_64 x86_64 x86_64 GNU/Linux
Tue Mar 10 02:11:07 CET 2026
mri_convert orig_nu.mgz talsrcimg.img 
reading from orig_nu.mgz...
TR=0.00, TE=0.00, TI=0.00, flip angle=0.00
i_ras = (-1, -4.88944e-09, 0)
j_ras = (-3.72529e-09, 0, -1)
k_ras = (-2.44472e-09, 1, 0)
writing to talsrcimg.img...
Analyze Output Matrix
-1.00000  -0.00000  -0.00000   124.44443;
-0.00000   0.00000   1.00000  -103.62454;
 0.00000  -1.00000   0.00000   130.63829;
 0.00000   0.00000   0.00000   1.00000;
--------------------
INFO: set hdr.hist.orient to -1
mpr2mni305 talsrcimg
Tue Mar 10 02:11:08 CET 2026
/opt/freesurfer/bin/mpr2mni305 talsrcimg
mpr2mni305 7.3.2
target=711-2C_as_mni_average_305

---------------------------------------------------------------------
analyzeto4dfp talsrcimg -O0 -y
---------------------------------------------------------------------

freesurfer ifh2hdr.c
Tue Mar 10 02:11:08 2026
Writing: talsrcimg.4dfp.hdr
freesurfer analyzeto4dfp.c
Reading: talsrcimg.hdr
header size 348 bytes
hdr.dime.datatype	offset=70	value=2
hdr.dime.bitpix		offset=72	value=8
hdr.hist.orient		offset=252	value=-1
dimensionality     4
dimensions       256       256       256         1
Reading: talsrcimg.img
Writing: talsrcimg.4dfp.img
Writing: talsrcimg.4dfp.ifh
ifh2hdr talsrcimg -r0to239
ori=2

---------------------------------------------------------------------
gauss_4dfp talsrcimg 1.1
---------------------------------------------------------------------

freesurfer gauss_4dfp.c
Reading: talsrcimg.4dfp.img
Writing: talsrcimg_g11.4dfp.img
image dimensions 256 256 256 padded to 288 288 288
processing volume 1freesurfer ifh2hdr.c
Tue Mar 10 02:11:10 2026
Writing: talsrcimg_g11.4dfp.hdr

Writing: talsrcimg_g11.4dfp.ifh
including: talsrcimg.4dfp.img.rec in talsrcimg_g11.4dfp.img.rec

---------------------------------------------------------------------
imgreg_4dfp /opt/freesurfer/average/711-2C_as_mni_average_305 none talsrcimg_g11 none talsrcimg_to_711-2C_as_mni_average_305_t4 4355
---------------------------------------------------------------------

freesurfer imgreg_4dfp.c
/opt/freesurfer/average/711-2C_as_mni_average_305.4dfp.img
       256       256       256         1
  1.000000  1.000000  1.000000
orientation T byte_order littleendian
Reading image: /opt/freesurfer/average/711-2C_as_mni_average_305.4dfp.img
dimensions:      256       256       256
mmppix:       1.0000   -1.0000   -1.0000
center:     128.0000 -129.0000 -129.0000
talsrcimg_g11.4dfp.img
       256       256       256         1
  1.000000  1.000000  1.000000
orientation T byte_order littleendian
Reading image: talsrcimg_g11.4dfp.img
dimensions:      256       256       256
mmppix:       1.0000   -1.0000   -1.0000
center:     128.0000 -129.0000 -129.0000
t4_read: open error in t4_sub.f l:  41 t4_file(1:l)talsrcimg_to_711-2C_as_mni_average_305_t4 
t4_read: transform initialized to I4
rotation matrix determinant  1.000000
image alignment mode   4355 decimal     1103 hex
   -7.5000  -45.0000  -45.0000 8803.1660   15.7418
    0.0000  -45.0000  -45.0000 9232.3936   15.7384
    7.5000  -45.0000  -45.0000 8833.1074   15.7609
   -7.5000  -37.5000  -45.0000 9272.0479   15.5839
    0.0000  -37.5000  -45.0000 9710.1045   15.5762
    7.5000  -37.5000  -45.0000 9282.2725   15.5944
   -7.5000  -30.0000  -45.000010186.6553   15.4869
    0.0000  -30.0000  -45.000010651.0381   15.4698
    7.5000  -30.0000  -45.000010158.5938   15.4790
   -7.5000  -22.5000  -45.000011078.0820   15.4265
    0.0000  -22.5000  -45.000011572.4160   15.4061
    7.5000  -22.5000  -45.000011024.5186   15.4118
   -7.5000  -15.0000  -45.000011703.3682   15.4125
    0.0000  -15.0000  -45.000012215.3701   15.3976
    7.5000  -15.0000  -45.000011601.2275   15.4071
   -7.5000   -7.5000  -45.000012161.9287   15.4052
    0.0000   -7.5000  -45.000012715.1914   15.3996
    7.5000   -7.5000  -45.000012060.0996   15.4171
   -7.5000    0.0000  -45.000012535.0225   15.4092
    0.0000    0.0000  -45.000013077.4580   15.4073
    7.5000    0.0000  -45.000012399.8711   15.4301
   -7.5000    7.5000  -45.000011929.6318   15.4213
    0.0000    7.5000  -45.000012432.4336   15.4137
    7.5000    7.5000  -45.000011785.4619   15.4320
   -7.5000   15.0000  -45.000011252.2881   15.4298
    0.0000   15.0000  -45.000011738.5068   15.4128
    7.5000   15.0000  -45.000011118.8418   15.4220
   -7.5000   22.5000  -45.000010536.7969   15.4378
    0.0000   22.5000  -45.000010963.8408   15.4173
    7.5000   22.5000  -45.000010384.8965   15.4229
   -7.5000   30.0000  -45.0000 9838.8145   15.4805
    0.0000   30.0000  -45.000010253.8037   15.4682
    7.5000   30.0000  -45.0000 9664.0830   15.4780
   -7.5000   37.5000  -45.0000 9531.2852   15.9027
    0.0000   37.5000  -45.0000 9948.2402   15.8984
    7.5000   37.5000  -45.0000 9370.2969   15.9189
   -7.5000   45.0000  -45.0000 8851.1602   15.9396
    0.0000   45.0000  -45.0000 9233.9463   15.9377
    7.5000   45.0000  -45.0000 8700.7090   15.9671
   -7.5000  -45.0000  -37.5000 9235.2568   15.6833
    0.0000  -45.0000  -37.5000 9669.8857   15.6913
    7.5000  -45.0000  -37.5000 9286.6855   15.7128
   -7.5000  -37.5000  -37.5000 9758.9980   15.5344
    0.0000  -37.5000  -37.500010216.0928   15.5389
    7.5000  -37.5000  -37.5000 9773.2959   15.5573
   -7.5000  -30.0000  -37.500010750.0645   15.4384
    0.0000  -30.0000  -37.500011255.4551   15.4339
    7.5000  -30.0000  -37.500010736.5527   15.4424
   -7.5000  -22.5000  -37.500011678.1738   15.3710
    0.0000  -22.5000  -37.500012200.4648   15.3619
    7.5000  -22.5000  -37.500011614.9229   15.3646
   -7.5000  -15.0000  -37.500012311.8672   15.3492
    0.0000  -15.0000  -37.500012864.2041   15.3441
    7.5000  -15.0000  -37.500012243.6641   15.3488
   -7.5000   -7.5000  -37.500012817.2451   15.3418
    0.0000   -7.5000  -37.500013403.4648   15.3457
    7.5000   -7.5000  -37.500012754.2920   15.3596
   -7.5000    0.0000  -37.500013197.8057   15.3530
    0.0000    0.0000  -37.500013805.3799   15.3618
    7.5000    0.0000  -37.500013108.9551   15.3835
   -7.5000    7.5000  -37.500012540.9541   15.3728
    0.0000    7.5000  -37.500013119.4824   15.3772
    7.5000    7.5000  -37.500012459.7988   15.3956
   -7.5000   15.0000  -37.500011835.2871   15.3817
    0.0000   15.0000  -37.500012343.5137   15.3773
    7.5000   15.0000  -37.500011738.4492   15.3858
   -7.5000   22.5000  -37.500011082.9102   15.3819
    0.0000   22.5000  -37.500011540.2949   15.3727
    7.5000   22.5000  -37.500010932.8545   15.3754
   -7.5000   30.0000  -37.500010371.4062   15.4152
    0.0000   30.0000  -37.500010814.1836   15.4107
    7.5000   30.0000  -37.500010208.0723   15.4151
   -7.5000   37.5000  -37.500010049.7715   15.8272
    0.0000   37.5000  -37.500010497.0928   15.8288
    7.5000   37.5000  -37.5000 9897.7119   15.8435
   -7.5000   45.0000  -37.5000 9309.2285   15.8632
    0.0000   45.0000  -37.5000 9735.8721   15.8682
    7.5000   45.0000  -37.5000 9193.4932   15.8931
   -7.5000  -45.0000  -30.0000 9833.9297   16.3659
    0.0000  -45.0000  -30.000010277.1738   16.3774
    7.5000  -45.0000  -30.0000 9864.2539   16.3966
   -7.5000  -37.5000  -30.000010415.7568   16.2104
    0.0000  -37.5000  -30.000010896.8359   16.2192
    7.5000  -37.5000  -30.000010430.3936   16.2379
   -7.5000  -30.0000  -30.000011499.9668   16.1056
    0.0000  -30.0000  -30.000012028.4854   16.1073
    7.5000  -30.0000  -30.000011480.9385   16.1205
   -7.5000  -22.5000  -30.000012503.5449   16.0298
    0.0000  -22.5000  -30.000013028.7090   16.0275
    7.5000  -22.5000  -30.000012392.4639   16.0361
   -7.5000  -15.0000  -30.000013178.9043   16.0056
    0.0000  -15.0000  -30.000013735.8789   16.0063
    7.5000  -15.0000  -30.000013067.2627   16.0150
   -7.5000   -7.5000  -30.000013707.9307   16.0023
    0.0000   -7.5000  -30.000014304.2129   16.0103
    7.5000   -7.5000  -30.000013621.2500   16.0242
   -7.5000    0.0000  -30.000014087.1494   16.0199
    0.0000    0.0000  -30.000014738.5283   16.0320
    7.5000    0.0000  -30.000014012.6846   16.0515
   -7.5000    7.5000  -30.000013431.0801   16.0416
    0.0000    7.5000  -30.000014058.9443   16.0504
    7.5000    7.5000  -30.000013330.1123   16.0692
   -7.5000   15.0000  -30.000012668.5391   16.0464
    0.0000   15.0000  -30.000013234.0498   16.0482
    7.5000   15.0000  -30.000012572.0186   16.0613
   -7.5000   22.5000  -30.000011789.7676   16.0390
    0.0000   22.5000  -30.000012334.5693   16.0366
    7.5000   22.5000  -30.000011672.0312   16.0452
   -7.5000   30.0000  -30.000011019.8135   16.0738
    0.0000   30.0000  -30.000011523.8662   16.0743
    7.5000   30.0000  -30.000010884.3906   16.0823
   -7.5000   37.5000  -30.000010699.1299   16.5034
    0.0000   37.5000  -30.000011183.9346   16.5079
    7.5000   37.5000  -30.000010538.4727   16.5215
   -7.5000   45.0000  -30.0000 9907.0439   16.5546
    0.0000   45.0000  -30.000010364.3545   16.5612
    7.5000   45.0000  -30.0000 9796.2783   16.5815
   -7.5000  -45.0000  -22.500010419.0137   16.9500
    0.0000  -45.0000  -22.500010874.9062   16.9508
    7.5000  -45.0000  -22.500010420.6035   16.9685
   -7.5000  -37.5000  -22.500011063.0557   16.7800
    0.0000  -37.5000  -22.500011574.8945   16.7782
    7.5000  -37.5000  -22.500011071.5586   16.7965
   -7.5000  -30.0000  -22.500012208.0996   16.6650
    0.0000  -30.0000  -22.500012737.5977   16.6580
    7.5000  -30.0000  -22.500012186.7734   16.6761
   -7.5000  -22.5000  -22.500013230.1533   16.5875
    0.0000  -22.5000  -22.500013801.1992   16.5789
    7.5000  -22.5000  -22.500013158.3857   16.5976
   -7.5000  -15.0000  -22.500013956.6826   16.5699
    0.0000  -15.0000  -22.500014551.3574   16.5651
    7.5000  -15.0000  -22.500013860.7852   16.5838
   -7.5000   -7.5000  -22.500014543.1963   16.5726
    0.0000   -7.5000  -22.500015191.6191   16.5731
    7.5000   -7.5000  -22.500014433.7373   16.5914
   -7.5000    0.0000  -22.500014993.9336   16.5903
    0.0000    0.0000  -22.500015702.6592   16.5924
    7.5000    0.0000  -22.500014900.5332   16.6107
   -7.5000    7.5000  -22.500014326.6523   16.6054
    0.0000    7.5000  -22.500015026.0312   16.6039
    7.5000    7.5000  -22.500014193.4346   16.6224
   -7.5000   15.0000  -22.500013499.9434   16.6035
    0.0000   15.0000  -22.500014149.5947   16.5968
    7.5000   15.0000  -22.500013373.8809   16.6150
   -7.5000   22.5000  -22.500012546.3057   16.5959
    0.0000   22.5000  -22.500013158.2383   16.5871
    7.5000   22.5000  -22.500012430.8320   16.6057
   -7.5000   30.0000  -22.500011664.1289   16.6411
    0.0000   30.0000  -22.500012237.0215   16.6375
    7.5000   30.0000  -22.500011582.5225   16.6562
   -7.5000   37.5000  -22.500011306.5771   17.0954
    0.0000   37.5000  -22.500011855.7354   17.0952
    7.5000   37.5000  -22.500011219.5469   17.1148
   -7.5000   45.0000  -22.500010488.1865   17.1622
    0.0000   45.0000  -22.500010977.7471   17.1612
    7.5000   45.0000  -22.500010435.6299   17.1815
   -7.5000  -45.0000  -15.000011018.5117   17.3398
    0.0000  -45.0000  -15.000011485.5625   17.3279
    7.5000  -45.0000  -15.000011015.8574   17.3469
   -7.5000  -37.5000  -15.000011700.9873   17.1572
    0.0000  -37.5000  -15.000012219.4707   17.1417
    7.5000  -37.5000  -15.000011688.4395   17.1600
   -7.5000  -30.0000  -15.000012873.0898   17.0379
    0.0000  -30.0000  -15.000013425.3291   17.0170
    7.5000  -30.0000  -15.000012860.4482   17.0367
   -7.5000  -22.5000  -15.000013878.3105   16.9657
    0.0000  -22.5000  -15.000014491.0801   16.9448
    7.5000  -22.5000  -15.000013847.8496   16.9685
   -7.5000  -15.0000  -15.000014637.0918   16.9564
    0.0000  -15.0000  -15.000015293.4893   16.9412
    7.5000  -15.0000  -15.000014586.5654   16.9671
   -7.5000   -7.5000  -15.000015273.6338   16.9610
    0.0000   -7.5000  -15.000015982.5234   16.9508
    7.5000   -7.5000  -15.000015198.1738   16.9741
   -7.5000    0.0000  -15.000015788.8262   16.9722
    0.0000    0.0000  -15.000016565.4922   16.9623
    7.5000    0.0000  -15.000015739.4170   16.9823
   -7.5000    7.5000  -15.000015096.0742   16.9790
    0.0000    7.5000  -15.000015859.7168   16.9640
    7.5000    7.5000  -15.000015027.0068   16.9827
   -7.5000   15.0000  -15.000014260.6250   16.9751
    0.0000   15.0000  -15.000014985.0264   16.9545
    7.5000   15.0000  -15.000014166.4590   16.9743
   -7.5000   22.5000  -15.000013242.4316   16.9740
    0.0000   22.5000  -15.000013922.5254   16.9528
    7.5000   22.5000  -15.000013179.2754   16.9763
   -7.5000   30.0000  -15.000012292.6924   17.0321
    0.0000   30.0000  -15.000012923.8301   17.0202
    7.5000   30.0000  -15.000012265.5215   17.0469
   -7.5000   37.5000  -15.000011911.1182   17.5051
    0.0000   37.5000  -15.000012510.1113   17.4983
    7.5000   37.5000  -15.000011889.5840   17.5255
   -7.5000   45.0000  -15.000011072.4727   17.5811
    0.0000   45.0000  -15.000011581.6875   17.5719
    7.5000   45.0000  -15.000011025.3076   17.5974
   -7.5000  -45.0000   -7.500011658.4775   17.5010
    0.0000  -45.0000   -7.500012140.9463   17.4874
    7.5000  -45.0000   -7.500011614.2559   17.5095
   -7.5000  -37.5000   -7.500012391.5293   17.3176
    0.0000  -37.5000   -7.500012901.2725   17.2993
    7.5000  -37.5000   -7.500012333.7061   17.3182
   -7.5000  -30.0000   -7.500013603.0205   17.2028
    0.0000  -30.0000   -7.500014179.6777   17.1765
    7.5000  -30.0000   -7.500013560.0801   17.1916
   -7.5000  -22.5000   -7.500014609.6465   17.1358
    0.0000  -22.5000   -7.500015222.7266   17.1085
    7.5000  -22.5000   -7.500014585.0898   17.1253
   -7.5000  -15.0000   -7.500015339.4121   17.1275
    0.0000  -15.0000   -7.500016003.1035   17.1068
    7.5000  -15.0000   -7.500015299.5264   17.1276
   -7.5000   -7.5000   -7.500015990.8672   17.1269
    0.0000   -7.5000   -7.500016765.9102   17.1138
    7.5000   -7.5000   -7.500015943.0986   17.1370
   -7.5000    0.0000   -7.500016593.6602   17.1318
    0.0000    0.0000   -7.500017417.4414   17.1204
    7.5000    0.0000   -7.500016532.4590   17.1434
   -7.5000    7.5000   -7.500016002.1787   17.1381
    0.0000    7.5000   -7.500016796.6582   17.1202
    7.5000    7.5000   -7.500015882.2754   17.1393
   -7.5000   15.0000   -7.500015156.2568   17.1396
    0.0000   15.0000   -7.500015938.1846   17.1136
    7.5000   15.0000   -7.500015041.8867   17.1287
   -7.5000   22.5000   -7.500014047.0605   17.1428
    0.0000   22.5000   -7.500014754.3770   17.1153
    7.5000   22.5000   -7.500014005.3047   17.1317
   -7.5000   30.0000   -7.500013030.8994   17.2058
    0.0000   30.0000   -7.500013705.4248   17.1891
    7.5000   30.0000   -7.500012994.6670   17.2110
   -7.5000   37.5000   -7.500012624.5420   17.6820
    0.0000   37.5000   -7.500013282.1494   17.6731
    7.5000   37.5000   -7.500012538.3291   17.7010
   -7.5000   45.0000   -7.500011748.2461   17.7584
    0.0000   45.0000   -7.500012342.7588   17.7493
    7.5000   45.0000   -7.500011611.1289   17.7803
   -7.5000  -45.0000    0.000012165.8379   17.5126
    0.0000  -45.0000    0.000012683.8340   17.5089
    7.5000  -45.0000    0.000012111.7783   17.5334
   -7.5000  -37.5000    0.000012967.4248   17.3382
    0.0000  -37.5000    0.000013480.4053   17.3297
    7.5000  -37.5000    0.000012876.0820   17.3492
   -7.5000  -30.0000    0.000014253.9385   17.2300
    0.0000  -30.0000    0.000014816.1660   17.2112
    7.5000  -30.0000    0.000014183.4502   17.2207
   -7.5000  -22.5000    0.000015289.5273   17.1622
    0.0000  -22.5000    0.000015871.7686   17.1397
    7.5000  -22.5000    0.000015236.0938   17.1454
   -7.5000  -15.0000    0.000016018.7568   17.1464
    0.0000  -15.0000    0.000016642.3164   17.1299
    7.5000  -15.0000    0.000015976.9883   17.1400
   -7.5000   -7.5000    0.000016671.2734   17.1391
    0.0000   -7.5000    0.000017358.8867   17.1329
    7.5000   -7.5000    0.000016634.4043   17.1521
   -7.5000    0.0000    0.000017340.0293   17.1446
    0.0000    0.0000    0.000018128.3711   17.1426
    7.5000    0.0000    0.000017302.8125   17.1675
   -7.5000    7.5000    0.000016898.7871   17.1583
    0.0000    7.5000    0.000017819.0273   17.1500
    7.5000    7.5000    0.000016702.1445   17.1696
   -7.5000   15.0000    0.000016152.9570   17.1669
    0.0000   15.0000    0.000017113.8770   17.1482
    7.5000   15.0000    0.000015917.6973   17.1577
   -7.5000   22.5000    0.000014901.5381   17.1691
    0.0000   22.5000    0.000015752.9277   17.1466
    7.5000   22.5000    0.000014792.2695   17.1522
   -7.5000   30.0000    0.000013729.3965   17.2269
    0.0000   30.0000    0.000014446.8516   17.2133
    7.5000   30.0000    0.000013629.8438   17.2239
   -7.5000   37.5000    0.000013220.8311   17.6948
    0.0000   37.5000    0.000013910.8506   17.6901
    7.5000   37.5000    0.000013094.6719   17.7125
   -7.5000   45.0000    0.000012267.9336   17.7689
    0.0000   45.0000    0.000012908.6924   17.7668
    7.5000   45.0000    0.000012115.4609   17.7990
   -7.5000  -45.0000    7.500011766.0820   17.5325
    0.0000  -45.0000    7.500012271.4697   17.5418
    7.5000  -45.0000    7.500011699.6270   17.5658
   -7.5000  -37.5000    7.500012543.1201   17.3662
    0.0000  -37.5000    7.500013046.4961   17.3716
    7.5000  -37.5000    7.500012445.8145   17.3921
   -7.5000  -30.0000    7.500013807.6201   17.2591
    0.0000  -30.0000    7.500014343.7148   17.2545
    7.5000  -30.0000    7.500013723.3691   17.2640
   -7.5000  -22.5000    7.500014831.1523   17.1842
    0.0000  -22.5000    7.500015367.4023   17.1742
    7.5000  -22.5000    7.500014743.0811   17.1773
   -7.5000  -15.0000    7.500015533.5537   17.1598
    0.0000  -15.0000    7.500016117.3066   17.1544
    7.5000  -15.0000    7.500015468.2529   17.1597
   -7.5000   -7.5000    7.500016196.8623   17.1514
    0.0000   -7.5000    7.500016832.1504   17.1560
    7.5000   -7.5000    7.500016182.1680   17.1715
   -7.5000    0.0000    7.500016908.7891   17.1637
    0.0000    0.0000    7.500017680.6426   17.1738
    7.5000    0.0000    7.500016822.6270   17.1979
   -7.5000    7.5000    7.500016472.3867   17.1857
    0.0000    7.5000    7.500017445.0352   17.1910
    7.5000    7.5000    7.500016302.9082   17.2115
   -7.5000   15.0000    7.500015770.6719   17.1958
    0.0000   15.0000    7.500016793.5332   17.1913
    7.5000   15.0000    7.500015584.4727   17.2008
   -7.5000   22.5000    7.500014536.2783   17.1907
    0.0000   22.5000    7.500015446.3535   17.1807
    7.5000   22.5000    7.500014443.5186   17.1837
   -7.5000   30.0000    7.500013307.4141   17.2400
    0.0000   30.0000    7.500014050.8535   17.2353
    7.5000   30.0000    7.500013246.4971   17.2402
   -7.5000   37.5000    7.500012777.0254   17.7001
    0.0000   37.5000    7.500013454.8545   17.7023
    7.5000   37.5000    7.500012680.7783   17.7186
   -7.5000   45.0000    7.500011808.6035   17.7745
    0.0000   45.0000    7.500012432.4990   17.7804
    7.5000   45.0000    7.500011706.8594   17.8083
   -7.5000  -45.0000   15.000011257.4814   17.5741
    0.0000  -45.0000   15.000011718.2578   17.5863
    7.5000  -45.0000   15.000011183.6250   17.6070
   -7.5000  -37.5000   15.000012017.3076   17.4070
    0.0000  -37.5000   15.000012501.9277   17.4165
    7.5000  -37.5000   15.000011937.5645   17.4366
   -7.5000  -30.0000   15.000013236.7920   17.2945
    0.0000  -30.0000   15.000013767.0137   17.2963
    7.5000  -30.0000   15.000013154.2939   17.3104
   -7.5000  -22.5000   15.000014206.4189   17.2131
    0.0000  -22.5000   15.000014761.5039   17.2106
    7.5000  -22.5000   15.000014096.6787   17.2199
   -7.5000  -15.0000   15.000014887.4004   17.1872
    0.0000  -15.0000   15.000015467.7031   17.1879
    7.5000  -15.0000   15.000014765.3477   17.1972
   -7.5000   -7.5000   15.000015511.7148   17.1836
    0.0000   -7.5000   15.000016162.0283   17.1922
    7.5000   -7.5000   15.000015387.7539   17.2071
   -7.5000    0.0000   15.000016141.0713   17.2025
    0.0000    0.0000   15.000016895.2090   17.2155
    7.5000    0.0000   15.000015998.7539   17.2364
   -7.5000    7.5000   15.000015588.8457   17.2258
    0.0000    7.5000   15.000016398.2344   17.2353
    7.5000    7.5000   15.000015485.6016   17.2554
   -7.5000   15.0000   15.000014782.4590   17.2309
    0.0000   15.0000   15.000015619.1201   17.2329
    7.5000   15.0000   15.000014790.2188   17.2470
   -7.5000   22.5000   15.000013718.0537   17.2192
    0.0000   22.5000   15.000014448.8379   17.2166
    7.5000   22.5000   15.000013732.7812   17.2259
   -7.5000   30.0000   15.000012652.3984   17.2654
    0.0000   30.0000   15.000013271.7256   17.2660
    7.5000   30.0000   15.000012654.5693   17.2746
   -7.5000   37.5000   15.000012176.8975   17.7269
    0.0000   37.5000   15.000012742.2148   17.7317
    7.5000   37.5000   15.000012131.4062   17.7463
   -7.5000   45.0000   15.000011267.2637   17.8054
    0.0000   45.0000   15.000011793.7451   17.8125
    7.5000   45.0000   15.000011196.3975   17.8344
   -7.5000  -45.0000   22.500010620.9873   17.5978
    0.0000  -45.0000   22.500011103.5322   17.5987
    7.5000  -45.0000   22.500010568.0967   17.6170
   -7.5000  -37.5000   22.500011363.7559   17.4212
    0.0000  -37.5000   22.500011856.5488   17.4194
    7.5000  -37.5000   22.500011294.0693   17.4384
   -7.5000  -30.0000   22.500012538.5117   17.3017
    0.0000  -30.0000   22.500013049.6914   17.2944
    7.5000  -30.0000   22.500012409.5449   17.3133
   -7.5000  -22.5000   22.500013373.4277   17.2213
    0.0000  -22.5000   22.500013922.1602   17.2123
    7.5000  -22.5000   22.500013261.0117   17.2317
   -7.5000  -15.0000   22.500014015.1465   17.2030
    0.0000  -15.0000   22.500014576.2305   17.1981
    7.5000  -15.0000   22.500013868.6885   17.2175
   -7.5000   -7.5000   22.500014593.0234   17.2059
    0.0000   -7.5000   22.500015201.0674   17.2065
    7.5000   -7.5000   22.500014461.6953   17.2254
   -7.5000    0.0000   22.500015115.6943   17.2243
    0.0000    0.0000   22.500015785.1924   17.2265
    7.5000    0.0000   22.500015018.2227   17.2456
   -7.5000    7.5000   22.500014484.4297   17.2399
    0.0000    7.5000   22.500015106.0303   17.2384
    7.5000    7.5000   22.500014418.4980   17.2576
   -7.5000   15.0000   22.500013666.1377   17.2380
    0.0000   15.0000   22.500014259.6436   17.2309
    7.5000   15.0000   22.500013674.1621   17.2498
   -7.5000   22.5000   22.500012748.1602   17.2274
    0.0000   22.5000   22.500013315.0586   17.2182
    7.5000   22.5000   22.500012764.1436   17.2375
   -7.5000   30.0000   22.500011807.7656   17.2795
    0.0000   30.0000   22.500012331.3633   17.2757
    7.5000   30.0000   22.500011845.1084   17.2952
   -7.5000   37.5000   22.500011409.1836   17.7512
    0.0000   37.5000   22.500011913.5859   17.7511
    7.5000   37.5000   22.500011420.5635   17.7715
   -7.5000   45.0000   22.500010611.5547   17.8337
    0.0000   45.0000   22.500011092.3867   17.8327
    7.5000   45.0000   22.500010620.9941   17.8538
   -7.5000  -45.0000   30.0000 9914.4277   17.6855
    0.0000  -45.0000   30.000010365.2344   17.6736
    7.5000  -45.0000   30.0000 9899.9072   17.6932
   -7.5000  -37.5000   30.000010577.4268   17.4982
    0.0000  -37.5000   30.000011050.4736   17.4824
    7.5000  -37.5000   30.000010547.1562   17.5012
   -7.5000  -30.0000   30.000011660.4658   17.3755
    0.0000  -30.0000   30.000012144.8438   17.3538
    7.5000  -30.0000   30.000011566.6914   17.3739
   -7.5000  -22.5000   30.000012418.6426   17.3012
    0.0000  -22.5000   30.000012936.2461   17.2792
    7.5000  -22.5000   30.000012327.6016   17.3034
   -7.5000  -15.0000   30.000013021.4355   17.2914
    0.0000  -15.0000   30.000013555.2842   17.2754
    7.5000  -15.0000   30.000012888.8340   17.3019
   -7.5000   -7.5000   30.000013565.1191   17.2963
    0.0000   -7.5000   30.000014136.3926   17.2860
    7.5000   -7.5000   30.000013448.0547   17.3098
   -7.5000    0.0000   30.000014009.3271   17.3083
    0.0000    0.0000   30.000014599.3945   17.2985
    7.5000    0.0000   30.000013915.1064   17.3190
   -7.5000    7.5000   30.000013382.3555   17.3154
    0.0000    7.5000   30.000013904.5469   17.3002
    7.5000    7.5000   30.000013310.2314   17.3193
   -7.5000   15.0000   30.000012611.9854   17.3112
    0.0000   15.0000   30.000013101.3086   17.2898
    7.5000   15.0000   30.000012569.3955   17.3099
   -7.5000   22.5000   30.000011759.2314   17.3079
    0.0000   22.5000   30.000012234.2607   17.2856
    7.5000   22.5000   30.000011749.6787   17.3095
   -7.5000   30.0000   30.000010911.2783   17.3705
    0.0000   30.0000   30.000011370.2207   17.3578
    7.5000   30.0000   30.000010924.2803   17.3851
   -7.5000   37.5000   30.000010576.8418   17.8561
    0.0000   37.5000   30.000011035.0684   17.8492
    7.5000   37.5000   30.000010576.3633   17.8770
   -7.5000   45.0000   30.0000 9865.0166   17.9420
    0.0000   45.0000   30.000010297.8896   17.9330
    7.5000   45.0000   30.0000 9872.6436   17.9593
   -7.5000  -45.0000   37.5000 9584.4893   17.8869
    0.0000  -45.0000   37.500010010.5254   17.8721
    7.5000  -45.0000   37.5000 9595.6885   17.8946
   -7.5000  -37.5000   37.500010204.5312   17.6961
    0.0000  -37.5000   37.500010664.9492   17.6768
    7.5000  -37.5000   37.500010199.6045   17.6969
   -7.5000  -30.0000   37.500011229.1104   17.5758
    0.0000  -30.0000   37.500011713.9883   17.5480
    7.5000  -30.0000   37.500011158.0205   17.5650
   -7.5000  -22.5000   37.500011949.4053   17.5049
    0.0000  -22.5000   37.500012465.5049   17.4758
    7.5000  -22.5000   37.500011853.2002   17.4941
   -7.5000  -15.0000   37.500012530.3066   17.4956
    0.0000  -15.0000   37.500013035.2666   17.4730
    7.5000  -15.0000   37.500012389.1846   17.4946
   -7.5000   -7.5000   37.500013054.7002   17.4957
    0.0000   -7.5000   37.500013582.8799   17.4810
    7.5000   -7.5000   37.500012920.0312   17.5044
   -7.5000    0.0000   37.500013493.3994   17.5022
    0.0000    0.0000   37.500014023.3105   17.4897
    7.5000    0.0000   37.500013363.3984   17.5130
   -7.5000    7.5000   37.500012841.7979   17.5090
    0.0000    7.5000   37.500013334.9746   17.4902
    7.5000    7.5000   37.500012744.5752   17.5105
   -7.5000   15.0000   37.500012087.6875   17.5100
    0.0000   15.0000   37.500012556.2100   17.4825
    7.5000   15.0000   37.500012018.7188   17.4995
   -7.5000   22.5000   37.500011274.8125   17.5123
    0.0000   22.5000   37.500011734.3613   17.4830
    7.5000   22.5000   37.500011240.0186   17.5010
   -7.5000   30.0000   37.500010478.3779   17.5821
    0.0000   30.0000   37.500010910.9170   17.5638
    7.5000   30.0000   37.500010461.7598   17.5864
   -7.5000   37.5000   37.500010158.6211   18.0793
    0.0000   37.5000   37.500010600.7432   18.0690
    7.5000   37.5000   37.500010158.4219   18.0972
   -7.5000   45.0000   37.5000 9494.8682   18.1704
    0.0000   45.0000   37.5000 9918.8896   18.1602
    7.5000   45.0000   37.5000 9494.6152   18.1919
   -7.5000  -45.0000   45.0000 8865.8926   18.2244
    0.0000  -45.0000   45.0000 9266.5576   18.2199
    7.5000  -45.0000   45.0000 8866.9424   18.2464
   -7.5000  -37.5000   45.0000 9431.1807   18.0337
    0.0000  -37.5000   45.0000 9853.3320   18.0242
    7.5000  -37.5000   45.0000 9423.9141   18.0464
   -7.5000  -30.0000   45.000010372.7988   17.9157
    0.0000  -30.0000   45.000010848.5781   17.8947
    7.5000  -30.0000   45.000010316.8877   17.9056
   -7.5000  -22.5000   45.000011022.9395   17.8425
    0.0000  -22.5000   45.000011520.8857   17.8171
    7.5000  -22.5000   45.000010949.3955   17.8226
   -7.5000  -15.0000   45.000011528.8867   17.8261
    0.0000  -15.0000   45.000012029.5723   17.8072
    7.5000  -15.0000   45.000011442.8115   17.8162
   -7.5000   -7.5000   45.000012012.8086   17.8184
    0.0000   -7.5000   45.000012521.9814   17.8107
    7.5000   -7.5000   45.000011901.3740   17.8299
   -7.5000    0.0000   45.000012396.7432   17.8238
    0.0000    0.0000   45.000012917.0703   17.8211
    7.5000    0.0000   45.000012280.5879   17.8480
   -7.5000    7.5000   45.000011811.3467   17.8379
    0.0000    7.5000   45.000012282.7891   17.8286
    7.5000    7.5000   45.000011704.3896   17.8508
   -7.5000   15.0000   45.000011092.6162   17.8470
    0.0000   15.0000   45.000011551.4033   17.8261
    7.5000   15.0000   45.000011031.5303   17.8371
   -7.5000   22.5000   45.000010360.8184   17.8504
    0.0000   22.5000   45.000010780.1904   17.8249
    7.5000   22.5000   45.000010304.0146   17.8302
   -7.5000   30.0000   45.0000 9667.2158   17.9224
    0.0000   30.0000   45.000010040.0459   17.9065
    7.5000   30.0000   45.0000 9613.9473   17.9159
   -7.5000   37.5000   45.0000 9375.2041   18.4117
    0.0000   37.5000   45.0000 9743.2822   18.4055
    7.5000   37.5000   45.0000 9335.1719   18.4281
   -7.5000   45.0000   45.0000 8760.0283   18.5025
    0.0000   45.0000   45.0000 9137.2705   18.4994
    7.5000   45.0000   45.0000 8736.9287   18.5342

---------------------------------------------------------------------
imgreg_4dfp /opt/freesurfer/average/711-2C_as_mni_average_305 /opt/freesurfer/average/711-2B_as_mni_average_305_mask talsrcimg_g11 none talsrcimg_to_711-2C_as_mni_average_305_t4 4355
---------------------------------------------------------------------

freesurfer imgreg_4dfp.c
/opt/freesurfer/average/711-2C_as_mni_average_305.4dfp.img
       256       256       256         1
  1.000000  1.000000  1.000000
orientation T byte_order littleendian
Reading image: /opt/freesurfer/average/711-2C_as_mni_average_305.4dfp.img
dimensions:      256       256       256
mmppix:       1.0000   -1.0000   -1.0000
center:     128.0000 -129.0000 -129.0000
/opt/freesurfer/average/711-2B_as_mni_average_305_mask.4dfp.img
       256       256       256         1
  1.000000  1.000000  1.000000
orientation T byte_order littleendian
Reading mask: /opt/freesurfer/average/711-2B_as_mni_average_305_mask.4dfp.img (2306576 pixels)
talsrcimg_g11.4dfp.img
       256       256       256         1
  1.000000  1.000000  1.000000
orientation T byte_order littleendian
Reading image: talsrcimg_g11.4dfp.img
dimensions:      256       256       256
mmppix:       1.0000   -1.0000   -1.0000
center:     128.0000 -129.0000 -129.0000
rotation matrix determinant  1.000000
image alignment mode   4355 decimal     1103 hex
   -7.5000  -45.0000  -45.0000 2251.3269   19.6082
    0.0000  -45.0000  -45.0000 2276.5173   19.5534
    7.5000  -45.0000  -45.0000 2260.1194   19.7353
   -7.5000  -37.5000  -45.0000 2269.1299   18.9780
    0.0000  -37.5000  -45.0000 2282.0134   18.9089
    7.5000  -37.5000  -45.0000 2271.4790   19.1166
   -7.5000  -30.0000  -45.0000 2301.5371   18.4839
    0.0000  -30.0000  -45.0000 2314.1086   18.4364
    7.5000  -30.0000  -45.0000 2293.7178   18.5992
   -7.5000  -22.5000  -45.0000 2339.5254   18.1019
    0.0000  -22.5000  -45.0000 2347.8296   18.0373
    7.5000  -22.5000  -45.0000 2326.8147   18.1816
   -7.5000  -15.0000  -45.0000 2366.2146   17.8418
    0.0000  -15.0000  -45.0000 2368.9465   17.7771
    7.5000  -15.0000  -45.0000 2343.2578   17.9026
   -7.5000   -7.5000  -45.0000 2377.6819   17.6349
    0.0000   -7.5000  -45.0000 2389.8562   17.5850
    7.5000   -7.5000  -45.0000 2363.4312   17.7197
   -7.5000    0.0000  -45.0000 2381.4458   17.4941
    0.0000    0.0000  -45.0000 2386.1191   17.4729
    7.5000    0.0000  -45.0000 2355.8762   17.6799
   -7.5000    7.5000  -45.0000 2373.3359   17.4980
    0.0000    7.5000  -45.0000 2376.8472   17.4378
    7.5000    7.5000  -45.0000 2347.0056   17.7173
   -7.5000   15.0000  -45.0000 2361.5530   17.6323
    0.0000   15.0000  -45.0000 2363.1548   17.5918
    7.5000   15.0000  -45.0000 2333.8879   17.8837
   -7.5000   22.5000  -45.0000 2344.2092   18.1487
    0.0000   22.5000  -45.0000 2344.7344   18.1139
    7.5000   22.5000  -45.0000 2307.6572   18.4353
   -7.5000   30.0000  -45.0000 2304.0010   18.9701
    0.0000   30.0000  -45.0000 2306.9231   18.9530
    7.5000   30.0000  -45.0000 2263.7332   19.3033
   -7.5000   37.5000  -45.0000 2257.4746   20.1037
    0.0000   37.5000  -45.0000 2258.5190   20.1400
    7.5000   37.5000  -45.0000 2215.8528   20.5123
   -7.5000   45.0000  -45.0000 2176.5095   21.6615
    0.0000   45.0000  -45.0000 2176.0845   21.6940
    7.5000   45.0000  -45.0000 2132.0916   22.0839
   -7.5000  -45.0000  -37.5000 2338.1853   18.1646
    0.0000  -45.0000  -37.5000 2356.9119   18.1145
    7.5000  -45.0000  -37.5000 2349.9722   18.2985
   -7.5000  -37.5000  -37.5000 2360.9834   17.5275
    0.0000  -37.5000  -37.5000 2380.0164   17.4935
    7.5000  -37.5000  -37.5000 2365.7627   17.6614
   -7.5000  -30.0000  -37.5000 2401.2185   17.0552
    0.0000  -30.0000  -37.5000 2419.1553   17.0072
    7.5000  -30.0000  -37.5000 2393.3367   17.1844
   -7.5000  -22.5000  -37.5000 2440.2388   16.7095
    0.0000  -22.5000  -37.5000 2455.4895   16.6690
    7.5000  -22.5000  -37.5000 2425.0762   16.7971
   -7.5000  -15.0000  -37.5000 2463.4727   16.4382
    0.0000  -15.0000  -37.5000 2475.9951   16.3772
    7.5000  -15.0000  -37.5000 2448.7864   16.5286
   -7.5000   -7.5000  -37.5000 2474.6458   16.2454
    0.0000   -7.5000  -37.5000 2488.3247   16.1860
    7.5000   -7.5000  -37.5000 2462.7297   16.3220
   -7.5000    0.0000  -37.5000 2482.6648   16.1352
    0.0000    0.0000  -37.5000 2491.9758   16.0792
    7.5000    0.0000  -37.5000 2456.6965   16.2777
   -7.5000    7.5000  -37.5000 2473.3599   16.1618
    0.0000    7.5000  -37.5000 2478.3438   16.0940
    7.5000    7.5000  -37.5000 2445.9229   16.3603
   -7.5000   15.0000  -37.5000 2465.7231   16.3178
    0.0000   15.0000  -37.5000 2456.0269   16.2589
    7.5000   15.0000  -37.5000 2430.4482   16.5280
   -7.5000   22.5000  -37.5000 2448.1182   16.7714
    0.0000   22.5000  -37.5000 2442.7078   16.7071
    7.5000   22.5000  -37.5000 2403.1511   16.9894
   -7.5000   30.0000  -37.5000 2408.7842   17.5234
    0.0000   30.0000  -37.5000 2410.5391   17.4671
    7.5000   30.0000  -37.5000 2364.7734   17.7492
   -7.5000   37.5000  -37.5000 2352.0964   18.5596
    0.0000   37.5000  -37.5000 2353.7522   18.5593
    7.5000   37.5000  -37.5000 2304.8875   18.8814
   -7.5000   45.0000  -37.5000 2269.6096   19.9774
    0.0000   45.0000  -37.5000 2271.3174   20.0132
    7.5000   45.0000  -37.5000 2223.6868   20.3945
   -7.5000  -45.0000  -30.0000 2459.2861   17.5951
    0.0000  -45.0000  -30.0000 2478.8206   17.4815
    7.5000  -45.0000  -30.0000 2464.7417   17.6589
   -7.5000  -37.5000  -30.0000 2489.6433   16.9299
    0.0000  -37.5000  -30.0000 2513.1716   16.8567
    7.5000  -37.5000  -30.0000 2495.2876   17.0257
   -7.5000  -30.0000  -30.0000 2533.7615   16.4218
    0.0000  -30.0000  -30.0000 2552.9556   16.3496
    7.5000  -30.0000  -30.0000 2527.9404   16.5217
   -7.5000  -22.5000  -30.0000 2573.6931   16.0278
    0.0000  -22.5000  -30.0000 2589.1282   15.9410
    7.5000  -22.5000  -30.0000 2558.8477   16.1118
   -7.5000  -15.0000  -30.0000 2597.5249   15.7423
    0.0000  -15.0000  -30.0000 2613.3972   15.6427
    7.5000  -15.0000  -30.0000 2581.4119   15.8053
   -7.5000   -7.5000  -30.0000 2608.9097   15.5592
    0.0000   -7.5000  -30.0000 2618.0127   15.4622
    7.5000   -7.5000  -30.0000 2593.0659   15.6144
   -7.5000    0.0000  -30.0000 2616.0793   15.4642
    0.0000    0.0000  -30.0000 2621.8059   15.3939
    7.5000    0.0000  -30.0000 2588.6682   15.5605
   -7.5000    7.5000  -30.0000 2619.6592   15.4612
    0.0000    7.5000  -30.0000 2626.6638   15.4039
    7.5000    7.5000  -30.0000 2585.9048   15.6340
   -7.5000   15.0000  -30.0000 2616.8564   15.6739
    0.0000   15.0000  -30.0000 2612.6648   15.5963
    7.5000   15.0000  -30.0000 2576.1394   15.8271
   -7.5000   22.5000  -30.0000 2596.8425   16.0811
    0.0000   22.5000  -30.0000 2594.3252   16.0337
    7.5000   22.5000  -30.0000 2549.5725   16.2993
   -7.5000   30.0000  -30.0000 2553.6765   16.7867
    0.0000   30.0000  -30.0000 2558.3401   16.7613
    7.5000   30.0000  -30.0000 2508.2871   17.0222
   -7.5000   37.5000  -30.0000 2492.3833   17.8433
    0.0000   37.5000  -30.0000 2496.4167   17.8141
    7.5000   37.5000  -30.0000 2441.0781   18.1019
   -7.5000   45.0000  -30.0000 2403.1326   19.2538
    0.0000   45.0000  -30.0000 2405.0659   19.2350
    7.5000   45.0000  -30.0000 2355.8806   19.6233
   -7.5000  -45.0000  -22.5000 2542.7100   16.9962
    0.0000  -45.0000  -22.5000 2562.8945   16.8679
    7.5000  -45.0000  -22.5000 2550.7234   17.0208
   -7.5000  -37.5000  -22.5000 2580.9473   16.2924
    0.0000  -37.5000  -22.5000 2608.5964   16.1910
    7.5000  -37.5000  -22.5000 2587.8010   16.3348
   -7.5000  -30.0000  -22.5000 2622.8379   15.7118
    0.0000  -30.0000  -22.5000 2641.4583   15.6081
    7.5000  -30.0000  -22.5000 2621.5686   15.7735
   -7.5000  -22.5000  -22.5000 2658.8740   15.2516
    0.0000  -22.5000  -22.5000 2680.5894   15.1564
    7.5000  -22.5000  -22.5000 2654.8376   15.3219
   -7.5000  -15.0000  -22.5000 2688.3896   14.9433
    0.0000  -15.0000  -22.5000 2706.6416   14.8760
    7.5000  -15.0000  -22.5000 2679.2952   15.0568
   -7.5000   -7.5000  -22.5000 2702.1509   14.7430
    0.0000   -7.5000  -22.5000 2717.6096   14.6895
    7.5000   -7.5000  -22.5000 2687.2715   14.8861
   -7.5000    0.0000  -22.5000 2719.2383   14.6941
    0.0000    0.0000  -22.5000 2731.1001   14.6271
    7.5000    0.0000  -22.5000 2689.9473   14.8249
   -7.5000    7.5000  -22.5000 2736.8525   14.7171
    0.0000    7.5000  -22.5000 2749.4338   14.6339
    7.5000    7.5000  -22.5000 2699.0134   14.8559
   -7.5000   15.0000  -22.5000 2737.7241   14.9018
    0.0000   15.0000  -22.5000 2744.4587   14.8207
    7.5000   15.0000  -22.5000 2694.3567   15.0668
   -7.5000   22.5000  -22.5000 2713.9961   15.3017
    0.0000   22.5000  -22.5000 2724.0298   15.2623
    7.5000   22.5000  -22.5000 2671.1123   15.5466
   -7.5000   30.0000  -22.5000 2670.8801   16.0491
    0.0000   30.0000  -22.5000 2685.8118   15.9963
    7.5000   30.0000  -22.5000 2631.0542   16.2902
   -7.5000   37.5000  -22.5000 2599.2981   17.0940
    0.0000   37.5000  -22.5000 2612.3208   17.0255
    7.5000   37.5000  -22.5000 2561.3455   17.3387
   -7.5000   45.0000  -22.5000 2501.4675   18.4222
    0.0000   45.0000  -22.5000 2505.9255   18.3692
    7.5000   45.0000  -22.5000 2463.3774   18.7226
   -7.5000  -45.0000  -15.0000 2591.9409   16.4290
    0.0000  -45.0000  -15.0000 2611.4695   16.2749
    7.5000  -45.0000  -15.0000 2600.4314   16.4751
   -7.5000  -37.5000  -15.0000 2632.7551   15.6478
    0.0000  -37.5000  -15.0000 2655.7998   15.4877
    7.5000  -37.5000  -15.0000 2635.6592   15.7206
   -7.5000  -30.0000  -15.0000 2671.6897   15.0475
    0.0000  -30.0000  -15.0000 2691.4487   14.8980
    7.5000  -30.0000  -15.0000 2670.7261   15.1125
   -7.5000  -22.5000  -15.0000 2707.8320   14.5421
    0.0000  -22.5000  -15.0000 2729.3606   14.4306
    7.5000  -22.5000  -15.0000 2703.8589   14.6629
   -7.5000  -15.0000  -15.0000 2739.9666   14.1829
    0.0000  -15.0000  -15.0000 2762.6260   14.0964
    7.5000  -15.0000  -15.0000 2738.4080   14.3431
   -7.5000   -7.5000  -15.0000 2764.0820   14.0147
    0.0000   -7.5000  -15.0000 2785.0955   13.9421
    7.5000   -7.5000  -15.0000 2756.0342   14.1454
   -7.5000    0.0000  -15.0000 2785.8660   13.9659
    0.0000    0.0000  -15.0000 2808.6907   13.8876
    7.5000    0.0000  -15.0000 2770.6907   14.0957
   -7.5000    7.5000  -15.0000 2808.1865   14.0417
    0.0000    7.5000  -15.0000 2827.2166   13.9357
    7.5000    7.5000  -15.0000 2778.7419   14.1855
   -7.5000   15.0000  -15.0000 2815.3484   14.2064
    0.0000   15.0000  -15.0000 2831.5137   14.1130
    7.5000   15.0000  -15.0000 2776.0798   14.4058
   -7.5000   22.5000  -15.0000 2796.8406   14.5649
    0.0000   22.5000  -15.0000 2810.4404   14.4913
    7.5000   22.5000  -15.0000 2754.0132   14.8596
   -7.5000   30.0000  -15.0000 2745.8350   15.3069
    0.0000   30.0000  -15.0000 2765.2556   15.2152
    7.5000   30.0000  -15.0000 2711.7959   15.6055
   -7.5000   37.5000  -15.0000 2670.9543   16.3153
    0.0000   37.5000  -15.0000 2683.8005   16.2504
    7.5000   37.5000  -15.0000 2639.0005   16.6067
   -7.5000   45.0000  -15.0000 2564.7712   17.6379
    0.0000   45.0000  -15.0000 2565.6345   17.5712
    7.5000   45.0000  -15.0000 2528.4216   17.9133
   -7.5000  -45.0000   -7.5000 2619.7363   15.9401
    0.0000  -45.0000   -7.5000 2643.9202   15.7462
    7.5000  -45.0000   -7.5000 2629.3740   15.9807
   -7.5000  -37.5000   -7.5000 2658.8230   15.1478
    0.0000  -37.5000   -7.5000 2680.4385   14.9641
    7.5000  -37.5000   -7.5000 2663.2153   15.1925
   -7.5000  -30.0000   -7.5000 2691.8994   14.5063
    0.0000  -30.0000   -7.5000 2716.9673   14.3086
    7.5000  -30.0000   -7.5000 2694.2554   14.5418
   -7.5000  -22.5000   -7.5000 2729.2754   13.9732
    0.0000  -22.5000   -7.5000 2751.8494   13.7905
    7.5000  -22.5000   -7.5000 2731.9050   14.0504
   -7.5000  -15.0000   -7.5000 2766.9426   13.5694
    0.0000  -15.0000   -7.5000 2789.1445   13.4402
    7.5000  -15.0000   -7.5000 2766.9019   13.7102
   -7.5000   -7.5000   -7.5000 2806.3813   13.3647
    0.0000   -7.5000   -7.5000 2831.2944   13.2659
    7.5000   -7.5000   -7.5000 2797.7046   13.4981
   -7.5000    0.0000   -7.5000 2836.9207   13.3456
    0.0000    0.0000   -7.5000 2858.1912   13.2390
    7.5000    0.0000   -7.5000 2822.7808   13.4663
   -7.5000    7.5000   -7.5000 2866.0259   13.5362
    0.0000    7.5000   -7.5000 2889.2715   13.4074
    7.5000    7.5000   -7.5000 2844.1680   13.6350
   -7.5000   15.0000   -7.5000 2877.3796   13.7510
    0.0000   15.0000   -7.5000 2902.2407   13.6374
    7.5000   15.0000   -7.5000 2841.5168   13.9257
   -7.5000   22.5000   -7.5000 2859.8521   14.0208
    0.0000   22.5000   -7.5000 2873.6904   13.9420
    7.5000   22.5000   -7.5000 2818.8835   14.3027
   -7.5000   30.0000   -7.5000 2799.3408   14.6580
    0.0000   30.0000   -7.5000 2816.6267   14.5679
    7.5000   30.0000   -7.5000 2767.9241   14.9607
   -7.5000   37.5000   -7.5000 2711.1233   15.6445
    0.0000   37.5000   -7.5000 2729.5703   15.5656
    7.5000   37.5000   -7.5000 2680.8767   15.9163
   -7.5000   45.0000   -7.5000 2602.8708   16.9186
    0.0000   45.0000   -7.5000 2613.7991   16.8373
    7.5000   45.0000   -7.5000 2572.5334   17.1751
   -7.5000  -45.0000    0.0000 2631.6282   15.6932
    0.0000  -45.0000    0.0000 2659.5935   15.4697
    7.5000  -45.0000    0.0000 2641.5913   15.6702
   -7.5000  -37.5000    0.0000 2666.3569   14.8365
    0.0000  -37.5000    0.0000 2689.5383   14.6588
    7.5000  -37.5000    0.0000 2667.9802   14.8778
   -7.5000  -30.0000    0.0000 2695.9990   14.1830
    0.0000  -30.0000    0.0000 2715.5771   13.9701
    7.5000  -30.0000    0.0000 2699.8540   14.2301
   -7.5000  -22.5000    0.0000 2731.5476   13.6205
    0.0000  -22.5000    0.0000 2750.2012   13.4054
    7.5000  -22.5000    0.0000 2737.5417   13.6950
   -7.5000  -15.0000    0.0000 2773.6511   13.2274
    0.0000  -15.0000    0.0000 2795.3423   13.0203
    7.5000  -15.0000    0.0000 2779.5601   13.3048
   -7.5000   -7.5000    0.0000 2823.3467   12.9778
    0.0000   -7.5000    0.0000 2844.9976   12.8364
    7.5000   -7.5000    0.0000 2818.1641   13.0943
   -7.5000    0.0000    0.0000 2870.1545   12.9956
    0.0000    0.0000    0.0000 2894.2581   12.8613
    7.5000    0.0000    0.0000 2861.3208   13.0999
   -7.5000    7.5000    0.0000 2917.4346   13.2523
    0.0000    7.5000    0.0000 2948.1187   13.1208
    7.5000    7.5000    0.0000 2891.9468   13.3218
   -7.5000   15.0000    0.0000 2934.0840   13.6019
    0.0000   15.0000    0.0000 2970.7983   13.4990
    7.5000   15.0000    0.0000 2899.8909   13.6246
   -7.5000   22.5000    0.0000 2900.7898   13.8290
    0.0000   22.5000    0.0000 2928.6360   13.7515
    7.5000   22.5000    0.0000 2867.8875   13.9649
   -7.5000   30.0000    0.0000 2829.7976   14.2486
    0.0000   30.0000    0.0000 2846.5686   14.2081
    7.5000   30.0000    0.0000 2802.0020   14.5060
   -7.5000   37.5000    0.0000 2733.8418   15.1243
    0.0000   37.5000    0.0000 2751.3525   15.0534
    7.5000   37.5000    0.0000 2710.2217   15.3879
   -7.5000   45.0000    0.0000 2619.7852   16.4244
    0.0000   45.0000    0.0000 2632.8774   16.3267
    7.5000   45.0000    0.0000 2590.8411   16.6842
   -7.5000  -45.0000    7.5000 2627.8491   15.7228
    0.0000  -45.0000    7.5000 2663.2542   15.4560
    7.5000  -45.0000    7.5000 2638.8687   15.6194
   -7.5000  -37.5000    7.5000 2659.7610   14.8094
    0.0000  -37.5000    7.5000 2689.6101   14.5594
    7.5000  -37.5000    7.5000 2663.9241   14.7568
   -7.5000  -30.0000    7.5000 2684.1443   14.1000
    0.0000  -30.0000    7.5000 2712.0889   13.8447
    7.5000  -30.0000    7.5000 2690.8076   14.1283
   -7.5000  -22.5000    7.5000 2725.4907   13.5894
    0.0000  -22.5000    7.5000 2744.1316   13.3112
    7.5000  -22.5000    7.5000 2727.4326   13.6080
   -7.5000  -15.0000    7.5000 2768.6638   13.1688
    0.0000  -15.0000    7.5000 2789.6238   12.9412
    7.5000  -15.0000    7.5000 2768.2336   13.2067
   -7.5000   -7.5000    7.5000 2821.0486   12.9215
    0.0000   -7.5000    7.5000 2841.3989   12.7750
    7.5000   -7.5000    7.5000 2816.2354   13.0274
   -7.5000    0.0000    7.5000 2878.9067   12.9575
    0.0000    0.0000    7.5000 2905.2769   12.8200
    7.5000    0.0000    7.5000 2866.7310   13.0213
   -7.5000    7.5000    7.5000 2939.5437   13.2000
    0.0000    7.5000    7.5000 2983.8657   13.1142
    7.5000    7.5000    7.5000 2921.1533   13.2165
   -7.5000   15.0000    7.5000 2970.0664   13.5594
    0.0000   15.0000    7.5000 3034.7351   13.4988
    7.5000   15.0000    7.5000 2939.7383   13.5416
   -7.5000   22.5000    7.5000 2925.7300   13.8123
    0.0000   22.5000    7.5000 2967.3079   13.7602
    7.5000   22.5000    7.5000 2890.8362   13.9042
   -7.5000   30.0000    7.5000 2840.2874   14.1859
    0.0000   30.0000    7.5000 2860.0537   14.1054
    7.5000   30.0000    7.5000 2810.7581   14.3783
   -7.5000   37.5000    7.5000 2737.8521   14.9892
    0.0000   37.5000    7.5000 2751.9270   14.9079
    7.5000   37.5000    7.5000 2711.2991   15.1900
   -7.5000   45.0000    7.5000 2611.9519   16.2479
    0.0000   45.0000    7.5000 2621.9578   16.1687
    7.5000   45.0000    7.5000 2584.8296   16.4829
   -7.5000  -45.0000   15.0000 2588.3062   15.9813
    0.0000  -45.0000   15.0000 2627.8250   15.6725
    7.5000  -45.0000   15.0000 2602.9753   15.8700
   -7.5000  -37.5000   15.0000 2623.1257   15.0946
    0.0000  -37.5000   15.0000 2662.1631   14.7826
    7.5000  -37.5000   15.0000 2639.9485   15.0232
   -7.5000  -30.0000   15.0000 2659.6416   14.3411
    0.0000  -30.0000   15.0000 2692.2317   14.0746
    7.5000  -30.0000   15.0000 2667.9907   14.3445
   -7.5000  -22.5000   15.0000 2703.2090   13.7918
    0.0000  -22.5000   15.0000 2729.4905   13.5531
    7.5000  -22.5000   15.0000 2705.4106   13.8027
   -7.5000  -15.0000   15.0000 2749.5801   13.3859
    0.0000  -15.0000   15.0000 2772.9763   13.1549
    7.5000  -15.0000   15.0000 2748.7925   13.4127
   -7.5000   -7.5000   15.0000 2803.0371   13.1397
    0.0000   -7.5000   15.0000 2826.3340   12.9746
    7.5000   -7.5000   15.0000 2792.0901   13.2081
   -7.5000    0.0000   15.0000 2861.2722   13.1519
    0.0000    0.0000   15.0000 2887.7615   13.0180
    7.5000    0.0000   15.0000 2847.6821   13.2024
   -7.5000    7.5000   15.0000 2918.0989   13.3246
    0.0000    7.5000   15.0000 2960.2446   13.2164
    7.5000    7.5000   15.0000 2903.6724   13.3592
   -7.5000   15.0000   15.0000 2943.5664   13.5769
    0.0000   15.0000   15.0000 3007.4351   13.4419
    7.5000   15.0000   15.0000 2926.8145   13.6243
   -7.5000   22.5000   15.0000 2904.6924   13.9138
    0.0000   22.5000   15.0000 2943.1521   13.7598
    7.5000   22.5000   15.0000 2874.1687   14.0305
   -7.5000   30.0000   15.0000 2822.4448   14.4198
    0.0000   30.0000   15.0000 2841.2400   14.2979
    7.5000   30.0000   15.0000 2791.0879   14.5589
   -7.5000   37.5000   15.0000 2718.4319   15.2502
    0.0000   37.5000   15.0000 2724.9487   15.1393
    7.5000   37.5000   15.0000 2686.7661   15.4102
   -7.5000   45.0000   15.0000 2581.8003   16.4828
    0.0000   45.0000   15.0000 2588.3723   16.3705
    7.5000   45.0000   15.0000 2557.4500   16.6989
   -7.5000  -45.0000   22.5000 2523.0295   16.4260
    0.0000  -45.0000   22.5000 2565.3760   16.1148
    7.5000  -45.0000   22.5000 2543.6538   16.3108
   -7.5000  -37.5000   22.5000 2575.8127   15.4935
    0.0000  -37.5000   22.5000 2607.9805   15.1882
    7.5000  -37.5000   22.5000 2596.0098   15.3884
   -7.5000  -30.0000   22.5000 2621.8247   14.7510
    0.0000  -30.0000   22.5000 2653.4187   14.4427
    7.5000  -30.0000   22.5000 2636.6470   14.6739
   -7.5000  -22.5000   22.5000 2666.2429   14.1761
    0.0000  -22.5000   22.5000 2696.1331   13.8887
    7.5000  -22.5000   22.5000 2676.7515   14.1370
   -7.5000  -15.0000   22.5000 2719.0608   13.7557
    0.0000  -15.0000   22.5000 2747.4226   13.4892
    7.5000  -15.0000   22.5000 2721.2405   13.7519
   -7.5000   -7.5000   22.5000 2772.2742   13.5509
    0.0000   -7.5000   22.5000 2799.6382   13.3000
    7.5000   -7.5000   22.5000 2768.3811   13.5810
   -7.5000    0.0000   22.5000 2826.0515   13.5361
    0.0000    0.0000   22.5000 2856.7727   13.3165
    7.5000    0.0000   22.5000 2820.8970   13.5914
   -7.5000    7.5000   22.5000 2867.8232   13.6112
    0.0000    7.5000   22.5000 2902.9778   13.4102
    7.5000    7.5000   22.5000 2859.3147   13.6766
   -7.5000   15.0000   22.5000 2881.2300   13.8106
    0.0000   15.0000   22.5000 2920.7468   13.5575
    7.5000   15.0000   22.5000 2865.1812   13.9077
   -7.5000   22.5000   22.5000 2849.6560   14.2189
    0.0000   22.5000   22.5000 2878.2412   14.0209
    7.5000   22.5000   22.5000 2828.9424   14.3238
   -7.5000   30.0000   22.5000 2769.3840   14.8818
    0.0000   30.0000   22.5000 2786.3052   14.7363
    7.5000   30.0000   22.5000 2746.1636   14.9885
   -7.5000   37.5000   22.5000 2665.6545   15.7921
    0.0000   37.5000   22.5000 2679.0032   15.6629
    7.5000   37.5000   22.5000 2642.3896   15.9086
   -7.5000   45.0000   22.5000 2540.0935   16.9884
    0.0000   45.0000   22.5000 2551.5149   16.8686
    7.5000   45.0000   22.5000 2525.5676   17.1804
   -7.5000  -45.0000   30.0000 2460.2581   16.9986
    0.0000  -45.0000   30.0000 2498.6770   16.6813
    7.5000  -45.0000   30.0000 2491.8936   16.8723
   -7.5000  -37.5000   30.0000 2515.5613   16.0434
    0.0000  -37.5000   30.0000 2550.2727   15.6950
    7.5000  -37.5000   30.0000 2547.4871   15.8805
   -7.5000  -30.0000   30.0000 2570.8452   15.2563
    0.0000  -30.0000   30.0000 2605.9233   14.9420
    7.5000  -30.0000   30.0000 2593.5435   15.1419
   -7.5000  -22.5000   30.0000 2624.4419   14.6785
    0.0000  -22.5000   30.0000 2658.9309   14.3766
    7.5000  -22.5000   30.0000 2640.2974   14.6227
   -7.5000  -15.0000   30.0000 2678.6873   14.2964
    0.0000  -15.0000   30.0000 2712.4678   13.9928
    7.5000  -15.0000   30.0000 2683.1819   14.2748
   -7.5000   -7.5000   30.0000 2730.3550   14.0875
    0.0000   -7.5000   30.0000 2766.6726   13.8388
    7.5000   -7.5000   30.0000 2730.0950   14.1227
   -7.5000    0.0000   30.0000 2770.9253   14.0605
    0.0000    0.0000   30.0000 2806.0491   13.8140
    7.5000    0.0000   30.0000 2769.0361   14.1074
   -7.5000    7.5000   30.0000 2803.3882   14.1293
    0.0000    7.5000   30.0000 2833.7434   13.8468
    7.5000    7.5000   30.0000 2795.2600   14.2086
   -7.5000   15.0000   30.0000 2808.7627   14.3040
    0.0000   15.0000   30.0000 2834.0652   14.0469
    7.5000   15.0000   30.0000 2790.2979   14.4223
   -7.5000   22.5000   30.0000 2773.3376   14.7000
    0.0000   22.5000   30.0000 2798.6306   14.5149
    7.5000   22.5000   30.0000 2756.8728   14.8452
   -7.5000   30.0000   30.0000 2691.9277   15.4259
    0.0000   30.0000   30.0000 2708.7778   15.2653
    7.5000   30.0000   30.0000 2674.0825   15.5317
   -7.5000   37.5000   30.0000 2599.6460   16.4000
    0.0000   37.5000   30.0000 2610.9988   16.2436
    7.5000   37.5000   30.0000 2576.3262   16.4930
   -7.5000   45.0000   30.0000 2486.6565   17.6124
    0.0000   45.0000   30.0000 2495.8660   17.4797
    7.5000   45.0000   30.0000 2466.8079   17.7945
   -7.5000  -45.0000   37.5000 2410.8997   17.7608
    0.0000  -45.0000   37.5000 2443.3728   17.3887
    7.5000  -45.0000   37.5000 2444.7551   17.6016
   -7.5000  -37.5000   37.5000 2464.3738   16.7028
    0.0000  -37.5000   37.5000 2498.5667   16.3528
    7.5000  -37.5000   37.5000 2495.8391   16.5191
   -7.5000  -30.0000   37.5000 2517.5820   15.9305
    0.0000  -30.0000   37.5000 2557.7927   15.5967
    7.5000  -30.0000   37.5000 2543.8562   15.8041
   -7.5000  -22.5000   37.5000 2575.3240   15.3492
    0.0000  -22.5000   37.5000 2615.6365   15.0148
    7.5000  -22.5000   37.5000 2592.5852   15.2775
   -7.5000  -15.0000   37.5000 2628.9189   14.9802
    0.0000  -15.0000   37.5000 2662.7966   14.6659
    7.5000  -15.0000   37.5000 2628.9216   14.9447
   -7.5000   -7.5000   37.5000 2678.8320   14.7711
    0.0000   -7.5000   37.5000 2713.4036   14.5132
    7.5000   -7.5000   37.5000 2672.6472   14.7874
   -7.5000    0.0000   37.5000 2715.6614   14.7144
    0.0000    0.0000   37.5000 2749.2466   14.4734
    7.5000    0.0000   37.5000 2708.4102   14.7808
   -7.5000    7.5000   37.5000 2735.1748   14.7882
    0.0000    7.5000   37.5000 2766.9329   14.5190
    7.5000    7.5000   37.5000 2723.0559   14.8757
   -7.5000   15.0000   37.5000 2732.6616   14.9703
    0.0000   15.0000   37.5000 2752.2383   14.7787
    7.5000   15.0000   37.5000 2712.9001   15.1296
   -7.5000   22.5000   37.5000 2696.0728   15.4172
    0.0000   22.5000   37.5000 2718.6345   15.2220
    7.5000   22.5000   37.5000 2679.4705   15.5514
   -7.5000   30.0000   37.5000 2613.7615   16.1302
    0.0000   30.0000   37.5000 2629.9900   15.9670
    7.5000   30.0000   37.5000 2597.5891   16.2482
   -7.5000   37.5000   37.5000 2524.6528   17.0550
    0.0000   37.5000   37.5000 2537.4001   16.9134
    7.5000   37.5000   37.5000 2507.3391   17.2207
   -7.5000   45.0000   37.5000 2425.3499   18.2986
    0.0000   45.0000   37.5000 2439.3083   18.1916
    7.5000   45.0000   37.5000 2408.5015   18.5034
   -7.5000  -45.0000   45.0000 2350.1479   18.7374
    0.0000  -45.0000   45.0000 2389.8579   18.3778
    7.5000  -45.0000   45.0000 2379.2693   18.5773
   -7.5000  -37.5000   45.0000 2409.1150   17.6231
    0.0000  -37.5000   45.0000 2446.8711   17.2782
    7.5000  -37.5000   45.0000 2435.2578   17.4435
   -7.5000  -30.0000   45.0000 2462.2244   16.8789
    0.0000  -30.0000   45.0000 2506.1458   16.5232
    7.5000  -30.0000   45.0000 2488.1665   16.6642
   -7.5000  -22.5000   45.0000 2518.2925   16.2871
    0.0000  -22.5000   45.0000 2556.4458   15.9572
    7.5000  -22.5000   45.0000 2534.1599   16.1378
   -7.5000  -15.0000   45.0000 2563.6902   15.8553
    0.0000  -15.0000   45.0000 2596.0474   15.5802
    7.5000  -15.0000   45.0000 2568.0957   15.7899
   -7.5000   -7.5000   45.0000 2607.4209   15.6201
    0.0000   -7.5000   45.0000 2637.8669   15.3618
    7.5000   -7.5000   45.0000 2602.8416   15.6112
   -7.5000    0.0000   45.0000 2640.8469   15.5553
    0.0000    0.0000   45.0000 2667.7925   15.3451
    7.5000    0.0000   45.0000 2627.5325   15.6101
   -7.5000    7.5000   45.0000 2653.2495   15.6661
    0.0000    7.5000   45.0000 2675.5869   15.4710
    7.5000    7.5000   45.0000 2633.9497   15.7521
   -7.5000   15.0000   45.0000 2638.4409   15.9239
    0.0000   15.0000   45.0000 2656.2598   15.7661
    7.5000   15.0000   45.0000 2621.6431   16.0607
   -7.5000   22.5000   45.0000 2599.2844   16.3843
    0.0000   22.5000   45.0000 2617.8284   16.2221
    7.5000   22.5000   45.0000 2584.4763   16.5150
   -7.5000   30.0000   45.0000 2532.1404   17.0196
    0.0000   30.0000   45.0000 2545.7437   16.8728
    7.5000   30.0000   45.0000 2515.4758   17.1685
   -7.5000   37.5000   45.0000 2450.4429   17.9028
    0.0000   37.5000   45.0000 2457.8921   17.7660
    7.5000   37.5000   45.0000 2432.2598   18.1111
   -7.5000   45.0000   45.0000 2352.0830   19.1394
    0.0000   45.0000   45.0000 2365.9426   19.0364
    7.5000   45.0000   45.0000 2335.8281   19.4001

---------------------------------------------------------------------
imgreg_4dfp /opt/freesurfer/average/711-2C_as_mni_average_305 /opt/freesurfer/average/711-2B_as_mni_average_305_mask talsrcimg_g11 none talsrcimg_to_711-2C_as_mni_average_305_t4 1283
---------------------------------------------------------------------

freesurfer imgreg_4dfp.c
/opt/freesurfer/average/711-2C_as_mni_average_305.4dfp.img
       256       256       256         1
  1.000000  1.000000  1.000000
orientation T byte_order littleendian
Reading image: /opt/freesurfer/average/711-2C_as_mni_average_305.4dfp.img
dimensions:      256       256       256
mmppix:       1.0000   -1.0000   -1.0000
center:     128.0000 -129.0000 -129.0000
/opt/freesurfer/average/711-2B_as_mni_average_305_mask.4dfp.img
       256       256       256         1
  1.000000  1.000000  1.000000
orientation T byte_order littleendian
Reading mask: /opt/freesurfer/average/711-2B_as_mni_average_305_mask.4dfp.img (2306576 pixels)
talsrcimg_g11.4dfp.img
       256       256       256         1
  1.000000  1.000000  1.000000
orientation T byte_order littleendian
Reading image: talsrcimg_g11.4dfp.img
dimensions:      256       256       256
mmppix:       1.0000   -1.0000   -1.0000
center:     128.0000 -129.0000 -129.0000
rotation matrix determinant  1.000000
fimgreg.f
image alignment mode   1283 decimal      503 hex
parameters
    0.0000   15.0000    7.5000    0.0000    0.0000    0.0000
eta,q 0.94867 13.57686
niter,ni,del,rscale     5    3   12.0000    1.2000
parameters
   -0.8865   14.8210    8.9102   -1.0584   -2.6111    2.1669
eta,q 0.95733 13.53470
  0.0654  0.0615  0.0603  0.0522  0.0485  0.0584
  0.0547  0.0551  0.0546  0.0485  0.0447  0.0527
  0.0484  0.0496  0.0502  0.0467  0.0440  0.0477
  0.0482  0.0474  0.0472  0.0467  0.0465  0.0438
  0.0542  0.0498  0.0468  0.0490  0.0512  0.0426
  0.0654  0.0558  0.0487  0.0528  0.0584  0.0440
  0.0773  0.0638  0.0523  0.0570  0.0654  0.0467
niter,ni,del,rscale     4    3   12.0000    1.2000
parameters
   -0.1366   15.0844    8.8904   -1.3707   -2.9948    2.4041
eta,q 0.95767 13.54937
  0.0717  0.0604  0.0539  0.0493  0.0520  0.0520
  0.0600  0.0521  0.0475  0.0461  0.0472  0.0468
  0.0490  0.0452  0.0431  0.0430  0.0435  0.0429
  0.0427  0.0421  0.0421  0.0421  0.0421  0.0422
  0.0433  0.0443  0.0435  0.0437  0.0437  0.0440
  0.0504  0.0502  0.0479  0.0471  0.0483  0.0465
  0.0617  0.0575  0.0537  0.0510  0.0559  0.0498
niter,ni,del,rscale     3    3   12.0000    1.2000
parameters
    0.0510   15.2111    8.8402   -1.5641   -3.1871    2.4680
eta,q 0.95754 13.55616
  0.0679  0.0599  0.0536  0.0495  0.0525  0.0513
  0.0561  0.0515  0.0475  0.0464  0.0474  0.0462
  0.0462  0.0448  0.0432  0.0433  0.0438  0.0427
  0.0423  0.0423  0.0423  0.0423  0.0423  0.0424
  0.0450  0.0449  0.0436  0.0436  0.0434  0.0442
  0.0535  0.0510  0.0479  0.0469  0.0475  0.0467
  0.0653  0.0581  0.0539  0.0505  0.0548  0.0499
niter,ni,del,rscale     2    3   12.0000    1.2000
parameters
    0.1191   15.2763    8.7968   -1.6874   -3.2567    2.4931
eta,q 0.95747 13.55823
  0.0671  0.0597  0.0537  0.0496  0.0529  0.0511
  0.0554  0.0513  0.0476  0.0466  0.0477  0.0461
  0.0457  0.0447  0.0434  0.0435  0.0440  0.0427
  0.0425  0.0425  0.0425  0.0425  0.0425  0.0425
  0.0455  0.0452  0.0436  0.0435  0.0433  0.0443
  0.0542  0.0513  0.0479  0.0469  0.0471  0.0467
  0.0662  0.0584  0.0539  0.0503  0.0543  0.0499
niter,ni,del,rscale     1    3   12.0000    1.2000
parameters
    0.1430   15.3138    8.7708   -1.7553   -3.2820    2.5023
eta,q 0.95743 13.55983
  0.0669  0.0596  0.0537  0.0497  0.0531  0.0510
  0.0552  0.0511  0.0477  0.0467  0.0478  0.0460
  0.0456  0.0446  0.0435  0.0436  0.0441  0.0427
  0.0425  0.0425  0.0425  0.0425  0.0426  0.0426
  0.0457  0.0453  0.0437  0.0435  0.0433  0.0444
  0.0546  0.0514  0.0478  0.0468  0.0470  0.0467
  0.0666  0.0586  0.0539  0.0502  0.0541  0.0499
registration optimization eta report
parameter search radius
    6.0000    6.0000    6.0000    6.0000    6.0000    6.0000
100000*second partial in parameter space
       67.       45.       32.       20.       31.       22.
  0.0669  0.0596  0.0537  0.0497  0.0531  0.0510
  0.0552  0.0511  0.0477  0.0467  0.0478  0.0460
  0.0456  0.0446  0.0435  0.0436  0.0441  0.0427
  0.0425  0.0425  0.0425  0.0425  0.0426  0.0426
  0.0457  0.0453  0.0437  0.0435  0.0433  0.0444
  0.0546  0.0514  0.0478  0.0468  0.0470  0.0467
  0.0666  0.0586  0.0539  0.0502  0.0541  0.0499
    0.1430   15.3138    8.7708   -1.7553   -3.2820    2.5023
eta,q 0.95743 13.55983

---------------------------------------------------------------------
imgreg_4dfp /opt/freesurfer/average/711-2C_as_mni_average_305 /opt/freesurfer/average/711-2B_as_mni_average_305_mask talsrcimg_g11 none talsrcimg_to_711-2C_as_mni_average_305_t4 3335
---------------------------------------------------------------------

freesurfer imgreg_4dfp.c
/opt/freesurfer/average/711-2C_as_mni_average_305.4dfp.img
       256       256       256         1
  1.000000  1.000000  1.000000
orientation T byte_order littleendian
Reading image: /opt/freesurfer/average/711-2C_as_mni_average_305.4dfp.img
dimensions:      256       256       256
mmppix:       1.0000   -1.0000   -1.0000
center:     128.0000 -129.0000 -129.0000
/opt/freesurfer/average/711-2B_as_mni_average_305_mask.4dfp.img
       256       256       256         1
  1.000000  1.000000  1.000000
orientation T byte_order littleendian
Reading mask: /opt/freesurfer/average/711-2B_as_mni_average_305_mask.4dfp.img (2306576 pixels)
talsrcimg_g11.4dfp.img
       256       256       256         1
  1.000000  1.000000  1.000000
orientation T byte_order littleendian
Reading image: talsrcimg_g11.4dfp.img
dimensions:      256       256       256
mmppix:       1.0000   -1.0000   -1.0000
center:     128.0000 -129.0000 -129.0000
fimgreg.f
image alignment mode   3335 decimal      D07 hex
parameters
    0.1430   15.3138    8.7708   -0.2592   -0.1499   -0.2109
   -4.5391    5.5831    4.3588    3.3099   -5.7250   -3.0580
eta,q 0.95686 13.56280
niter,ni,del,rscale     5    3    5.0000    1.2000
parameter  4  1.046010 ->  0.500000 qaram    1.1500
parameter  5  1.942465 ->  0.500000 qaram    1.1500
parameter 11  0.510959 ->  0.500000 qaram    1.1500
parameter 12  0.624901 ->  0.500000 qaram    1.1500
parameters
    0.0903   15.6454    8.9375   -4.3992   -4.2899   -1.7218
   -4.6804    5.6810    5.6474    1.1871   -9.8650   -7.1980
eta,q 0.96392 13.08244
  0.0469  0.0467  0.0454  0.0400  0.0359  0.0394  0.0404  0.0425  0.0397  0.0391  0.0369  0.0364
  0.0449  0.0451  0.0442  0.0406  0.0371  0.0383  0.0388  0.0400  0.0386  0.0376  0.0368  0.0361
  0.0436  0.0438  0.0434  0.0415  0.0388  0.0376  0.0378  0.0382  0.0379  0.0370  0.0368  0.0362
  0.0431  0.0431  0.0431  0.0430  0.0408  0.0376  0.0375  0.0375  0.0375  0.0374  0.0370  0.0368
  0.0436  0.0432  0.0432  0.0453  0.0433  0.0383  0.0379  0.0379  0.0375  0.0388  0.0374  0.0377
  0.0450  0.0439  0.0438  0.0481  0.0461  0.0399  0.0389  0.0396  0.0378  0.0406  0.0380  0.0388
  0.0473  0.0453  0.0448  0.0516  0.0492  0.0424  0.0406  0.0424  0.0386  0.0428  0.0390  0.0402
niter,ni,del,rscale     7    3    5.0000    1.2000
parameter  4  0.730618 ->  0.500000 qaram    1.3225
parameter  5  0.706441 ->  0.500000 qaram    1.3225
parameters
    0.0572   15.5844    8.6049   -9.1602   -9.0509   -2.1752
   -4.9480    5.6950    5.6420    1.3551  -11.1927   -7.9343
eta,q 0.96728 12.46103
  0.0400  0.0393  0.0377  0.0346  0.0333  0.0355  0.0362  0.0378  0.0349  0.0364  0.0339  0.0347
  0.0379  0.0375  0.0367  0.0345  0.0328  0.0340  0.0343  0.0352  0.0337  0.0343  0.0332  0.0335
  0.0365  0.0364  0.0361  0.0350  0.0331  0.0331  0.0331  0.0334  0.0330  0.0331  0.0328  0.0329
  0.0361  0.0361  0.0361  0.0360  0.0346  0.0328  0.0328  0.0328  0.0328  0.0328  0.0328  0.0327
  0.0365  0.0366  0.0366  0.0375  0.0369  0.0332  0.0333  0.0333  0.0330  0.0332  0.0332  0.0332
  0.0380  0.0377  0.0376  0.0398  0.0398  0.0344  0.0347  0.0351  0.0337  0.0343  0.0340  0.0341
  0.0404  0.0396  0.0389  0.0428  0.0431  0.0365  0.0367  0.0378  0.0349  0.0359  0.0350  0.0355
niter,ni,del,rscale     7    3    5.0000    1.2000
parameters
   -0.0492   15.8731    8.8748   -9.9125  -10.6668   -2.0680
   -4.8044    5.5869    6.2496    1.8548  -11.8243   -7.9939
eta,q 0.96740 12.32925
  0.0366  0.0367  0.0354  0.0359  0.0356  0.0357  0.0362  0.0374  0.0349  0.0361  0.0340  0.0348
  0.0344  0.0347  0.0340  0.0339  0.0340  0.0341  0.0343  0.0349  0.0337  0.0341  0.0332  0.0336
  0.0331  0.0333  0.0331  0.0328  0.0329  0.0331  0.0331  0.0333  0.0330  0.0330  0.0327  0.0329
  0.0327  0.0327  0.0327  0.0327  0.0326  0.0326  0.0326  0.0326  0.0326  0.0326  0.0326  0.0326
  0.0333  0.0328  0.0328  0.0334  0.0336  0.0329  0.0330  0.0332  0.0327  0.0329  0.0329  0.0329
  0.0349  0.0337  0.0334  0.0347  0.0358  0.0339  0.0341  0.0350  0.0333  0.0337  0.0335  0.0336
  0.0374  0.0352  0.0343  0.0370  0.0390  0.0357  0.0360  0.0378  0.0343  0.0351  0.0345  0.0348
niter,ni,del,rscale     6    3    5.0000    1.2000
parameters
   -0.1015   16.0749    8.9763   -9.9880  -11.1262   -2.0822
   -4.8060    5.5004    6.6565    2.1859  -12.1188   -8.0950
eta,q 0.96738 12.30256
  0.0366  0.0360  0.0348  0.0363  0.0362  0.0356  0.0360  0.0373  0.0347  0.0358  0.0341  0.0347
  0.0344  0.0343  0.0336  0.0342  0.0345  0.0340  0.0342  0.0349  0.0337  0.0340  0.0332  0.0335
  0.0330  0.0331  0.0328  0.0329  0.0332  0.0330  0.0330  0.0333  0.0330  0.0330  0.0328  0.0329
  0.0326  0.0326  0.0326  0.0326  0.0326  0.0326  0.0326  0.0326  0.0326  0.0326  0.0326  0.0326
  0.0332  0.0328  0.0328  0.0331  0.0330  0.0329  0.0330  0.0332  0.0327  0.0329  0.0328  0.0328
  0.0346  0.0336  0.0334  0.0343  0.0347  0.0339  0.0342  0.0349  0.0333  0.0337  0.0334  0.0336
  0.0370  0.0350  0.0344  0.0363  0.0374  0.0357  0.0360  0.0377  0.0344  0.0352  0.0344  0.0348
niter,ni,del,rscale     5    3    5.0000    1.2000
parameters
   -0.1290   16.1780    8.9506  -10.0473  -11.3159   -2.1542
   -4.8300    5.4533    6.8626    2.4017  -12.2683   -8.2125
eta,q 0.96737 12.28595
  0.0367  0.0357  0.0346  0.0363  0.0364  0.0355  0.0360  0.0373  0.0346  0.0357  0.0342  0.0347
  0.0344  0.0341  0.0334  0.0342  0.0346  0.0340  0.0342  0.0349  0.0336  0.0339  0.0333  0.0335
  0.0330  0.0330  0.0328  0.0329  0.0333  0.0330  0.0330  0.0333  0.0330  0.0329  0.0328  0.0329
  0.0326  0.0326  0.0326  0.0326  0.0326  0.0326  0.0326  0.0326  0.0326  0.0326  0.0326  0.0326
  0.0331  0.0329  0.0329  0.0332  0.0329  0.0329  0.0330  0.0332  0.0328  0.0329  0.0328  0.0328
  0.0346  0.0338  0.0335  0.0343  0.0345  0.0339  0.0342  0.0349  0.0334  0.0337  0.0334  0.0336
  0.0369  0.0352  0.0346  0.0363  0.0371  0.0358  0.0360  0.0376  0.0345  0.0353  0.0343  0.0348
niter,ni,del,rscale     4    3    5.0000    1.2000
parameters
   -0.1486   16.2485    8.9063  -10.0934  -11.4331   -2.2242
   -4.8476    5.4205    6.9951    2.5658  -12.3582   -8.3158
eta,q 0.96737 12.27349
  0.0367  0.0356  0.0346  0.0363  0.0364  0.0355  0.0360  0.0373  0.0346  0.0356  0.0342  0.0347
  0.0345  0.0340  0.0334  0.0342  0.0346  0.0340  0.0342  0.0349  0.0336  0.0339  0.0333  0.0335
  0.0331  0.0330  0.0328  0.0329  0.0333  0.0330  0.0330  0.0333  0.0329  0.0329  0.0328  0.0329
  0.0326  0.0326  0.0326  0.0326  0.0326  0.0326  0.0326  0.0326  0.0326  0.0326  0.0326  0.0326
  0.0331  0.0329  0.0329  0.0332  0.0329  0.0329  0.0330  0.0332  0.0328  0.0329  0.0328  0.0328
  0.0346  0.0338  0.0336  0.0343  0.0344  0.0340  0.0342  0.0349  0.0334  0.0338  0.0334  0.0336
  0.0368  0.0353  0.0346  0.0363  0.0369  0.0358  0.0360  0.0376  0.0345  0.0353  0.0343  0.0348
niter,ni,del,rscale     3    3    5.0000    1.2000
parameters
   -0.1636   16.3067    8.8668  -10.1251  -11.5226   -2.2855
   -4.8560    5.3989    7.0822    2.7037  -12.4199   -8.3965
eta,q 0.96737 12.26366
  0.0367  0.0356  0.0346  0.0363  0.0363  0.0355  0.0360  0.0373  0.0346  0.0355  0.0343  0.0347
  0.0345  0.0340  0.0334  0.0342  0.0346  0.0340  0.0342  0.0349  0.0336  0.0339  0.0333  0.0336
  0.0331  0.0330  0.0328  0.0329  0.0333  0.0330  0.0330  0.0333  0.0329  0.0330  0.0328  0.0329
  0.0326  0.0326  0.0326  0.0326  0.0326  0.0326  0.0326  0.0326  0.0326  0.0326  0.0326  0.0326
  0.0331  0.0329  0.0329  0.0332  0.0329  0.0329  0.0330  0.0332  0.0328  0.0329  0.0328  0.0328
  0.0345  0.0338  0.0336  0.0343  0.0344  0.0340  0.0342  0.0348  0.0335  0.0338  0.0334  0.0336
  0.0368  0.0353  0.0346  0.0363  0.0369  0.0358  0.0360  0.0375  0.0346  0.0353  0.0343  0.0348
niter,ni,del,rscale     2    3    5.0000    1.2000
parameters
   -0.1750   16.3539    8.8310  -10.1511  -11.5902   -2.3419
   -4.8627    5.3797    7.1388    2.8123  -12.4593   -8.4662
eta,q 0.96737 12.25546
  0.0367  0.0356  0.0346  0.0363  0.0363  0.0356  0.0359  0.0373  0.0346  0.0355  0.0343  0.0347
  0.0345  0.0340  0.0334  0.0342  0.0346  0.0340  0.0342  0.0349  0.0336  0.0339  0.0333  0.0335
  0.0331  0.0330  0.0328  0.0329  0.0333  0.0330  0.0330  0.0333  0.0329  0.0329  0.0328  0.0329
  0.0326  0.0326  0.0326  0.0326  0.0326  0.0326  0.0326  0.0326  0.0326  0.0326  0.0326  0.0326
  0.0331  0.0329  0.0329  0.0332  0.0328  0.0329  0.0330  0.0331  0.0328  0.0329  0.0328  0.0328
  0.0345  0.0338  0.0336  0.0343  0.0343  0.0340  0.0342  0.0348  0.0335  0.0338  0.0334  0.0336
  0.0368  0.0353  0.0346  0.0363  0.0368  0.0358  0.0360  0.0375  0.0346  0.0353  0.0343  0.0348
niter,ni,del,rscale     1    3    5.0000    1.2000
parameters
   -0.1837   16.3913    8.8001  -10.1697  -11.6456   -2.3834
   -4.8693    5.3654    7.1772    2.9026  -12.4866   -8.5219
eta,q 0.96737 12.24924
  0.0367  0.0355  0.0346  0.0363  0.0363  0.0356  0.0359  0.0373  0.0346  0.0355  0.0343  0.0347
  0.0345  0.0340  0.0334  0.0342  0.0346  0.0340  0.0342  0.0349  0.0336  0.0338  0.0333  0.0336
  0.0331  0.0330  0.0328  0.0329  0.0333  0.0330  0.0330  0.0333  0.0329  0.0330  0.0328  0.0329
  0.0326  0.0326  0.0326  0.0326  0.0326  0.0326  0.0326  0.0326  0.0326  0.0326  0.0326  0.0326
  0.0331  0.0329  0.0329  0.0332  0.0328  0.0329  0.0330  0.0331  0.0328  0.0329  0.0328  0.0328
  0.0345  0.0338  0.0336  0.0343  0.0343  0.0339  0.0342  0.0348  0.0335  0.0338  0.0334  0.0336
  0.0368  0.0354  0.0346  0.0363  0.0368  0.0358  0.0360  0.0375  0.0346  0.0353  0.0343  0.0348
registration optimization eta report
parameter search radius
    2.4000    2.4000    2.4000    9.5220    9.5220    7.2000
    7.2000    7.2000    7.2000    7.2000    8.2800    8.2800
100000*second partial in parameter space
       72.       49.       34.        4.        4.        6.
        6.        9.        4.        5.        2.        3.
  0.0367  0.0355  0.0346  0.0363  0.0363  0.0356  0.0359  0.0373  0.0346  0.0355  0.0343  0.0347
  0.0345  0.0340  0.0334  0.0342  0.0346  0.0340  0.0342  0.0349  0.0336  0.0338  0.0333  0.0336
  0.0331  0.0330  0.0328  0.0329  0.0333  0.0330  0.0330  0.0333  0.0329  0.0330  0.0328  0.0329
  0.0326  0.0326  0.0326  0.0326  0.0326  0.0326  0.0326  0.0326  0.0326  0.0326  0.0326  0.0326
  0.0331  0.0329  0.0329  0.0332  0.0328  0.0329  0.0330  0.0331  0.0328  0.0329  0.0328  0.0328
  0.0345  0.0338  0.0336  0.0343  0.0343  0.0339  0.0342  0.0348  0.0335  0.0338  0.0334  0.0336
  0.0368  0.0354  0.0346  0.0363  0.0368  0.0358  0.0360  0.0375  0.0346  0.0353  0.0343  0.0348
   -0.1837   16.3913    8.8001  -10.1697  -11.6456   -2.3834
   -4.8693    5.3654    7.1772    2.9026  -12.4866   -8.5219
eta,q 0.96737 12.24924

---------------------------------------------------------------------
imgreg_4dfp /opt/freesurfer/average/711-2C_as_mni_average_305 /opt/freesurfer/average/711-2B_as_mni_average_305_mask talsrcimg_g11 none talsrcimg_to_711-2C_as_mni_average_305_t4 2311
---------------------------------------------------------------------

freesurfer imgreg_4dfp.c
/opt/freesurfer/average/711-2C_as_mni_average_305.4dfp.img
       256       256       256         1
  1.000000  1.000000  1.000000
orientation T byte_order littleendian
Reading image: /opt/freesurfer/average/711-2C_as_mni_average_305.4dfp.img
dimensions:      256       256       256
mmppix:       1.0000   -1.0000   -1.0000
center:     128.0000 -129.0000 -129.0000
/opt/freesurfer/average/711-2B_as_mni_average_305_mask.4dfp.img
       256       256       256         1
  1.000000  1.000000  1.000000
orientation T byte_order littleendian
Reading mask: /opt/freesurfer/average/711-2B_as_mni_average_305_mask.4dfp.img (2306576 pixels)
talsrcimg_g11.4dfp.img
       256       256       256         1
  1.000000  1.000000  1.000000
orientation T byte_order littleendian
Reading image: talsrcimg_g11.4dfp.img
dimensions:      256       256       256
mmppix:       1.0000   -1.0000   -1.0000
center:     128.0000 -129.0000 -129.0000
fimgreg.f
image alignment mode   2311 decimal      907 hex
parameters
   -0.1837   16.3913    8.8001  -10.1697  -11.6456   -2.3834
   -4.8693    5.3654    7.1772    2.9026  -12.4866   -8.5219
eta,q 0.96737 12.24923
niter,ni,del,rscale     5    3    5.0000    0.8000
parameters
   -0.1923   16.4247    8.7241  -10.5038  -10.9243   -2.3052
   -4.8965    5.4597    7.2704    2.8942  -12.5197   -8.5967
eta,q 0.96745 12.27977
  0.0345  0.0340  0.0334  0.0335  0.0339  0.0340  0.0341  0.0349  0.0335  0.0338  0.0331  0.0333
  0.0334  0.0332  0.0329  0.0329  0.0333  0.0332  0.0332  0.0337  0.0330  0.0331  0.0328  0.0329
  0.0328  0.0328  0.0327  0.0327  0.0329  0.0327  0.0327  0.0329  0.0327  0.0327  0.0326  0.0326
  0.0326  0.0326  0.0326  0.0326  0.0326  0.0325  0.0326  0.0326  0.0325  0.0325  0.0325  0.0325
  0.0328  0.0328  0.0328  0.0328  0.0325  0.0327  0.0327  0.0328  0.0326  0.0327  0.0326  0.0326
  0.0335  0.0332  0.0331  0.0332  0.0328  0.0331  0.0333  0.0335  0.0329  0.0331  0.0328  0.0329
  0.0345  0.0339  0.0336  0.0337  0.0334  0.0339  0.0341  0.0348  0.0335  0.0338  0.0331  0.0333
niter,ni,del,rscale     4    3    5.0000    0.7000
parameters
   -0.1960   16.3754    8.6701  -10.5694  -10.7753   -2.2933
   -4.9199    5.4927    7.3193    2.8379  -12.4697   -8.6050
eta,q 0.96747 12.28408
  0.0340  0.0335  0.0332  0.0333  0.0334  0.0336  0.0337  0.0343  0.0333  0.0334  0.0330  0.0331
  0.0332  0.0330  0.0328  0.0329  0.0330  0.0330  0.0331  0.0334  0.0329  0.0329  0.0327  0.0328
  0.0327  0.0326  0.0326  0.0326  0.0327  0.0327  0.0327  0.0328  0.0326  0.0326  0.0326  0.0326
  0.0325  0.0325  0.0325  0.0325  0.0325  0.0325  0.0325  0.0325  0.0325  0.0325  0.0325  0.0325
  0.0327  0.0327  0.0326  0.0327  0.0326  0.0326  0.0327  0.0327  0.0326  0.0326  0.0326  0.0326
  0.0332  0.0331  0.0329  0.0329  0.0329  0.0330  0.0331  0.0333  0.0328  0.0330  0.0327  0.0328
  0.0340  0.0336  0.0333  0.0333  0.0334  0.0336  0.0338  0.0343  0.0333  0.0335  0.0330  0.0331
niter,ni,del,rscale     3    3    5.0000    0.6000
parameters
   -0.1976   16.3557    8.6495  -10.6158  -10.6472   -2.2609
   -4.9384    5.5132    7.3208    2.8085  -12.4101   -8.6266
eta,q 0.96748 12.29051
  0.0336  0.0333  0.0330  0.0331  0.0332  0.0333  0.0334  0.0339  0.0331  0.0332  0.0328  0.0329
  0.0330  0.0329  0.0327  0.0328  0.0329  0.0329  0.0329  0.0331  0.0328  0.0328  0.0327  0.0327
  0.0326  0.0326  0.0326  0.0326  0.0326  0.0326  0.0326  0.0327  0.0326  0.0326  0.0326  0.0326
  0.0325  0.0325  0.0325  0.0325  0.0325  0.0325  0.0325  0.0325  0.0325  0.0325  0.0325  0.0325
  0.0327  0.0326  0.0326  0.0326  0.0326  0.0326  0.0326  0.0327  0.0326  0.0326  0.0325  0.0326
  0.0330  0.0329  0.0328  0.0328  0.0328  0.0329  0.0329  0.0331  0.0328  0.0328  0.0326  0.0327
  0.0336  0.0333  0.0330  0.0331  0.0332  0.0333  0.0334  0.0339  0.0331  0.0332  0.0328  0.0330
niter,ni,del,rscale     2    3    5.0000    0.5000
parameters
   -0.1976   16.3401    8.6416  -10.6588  -10.5534   -2.2256
   -4.9558    5.5332    7.3308    2.7874  -12.3421   -8.6539
eta,q 0.96748 12.29522
  0.0333  0.0330  0.0329  0.0329  0.0330  0.0331  0.0331  0.0335  0.0329  0.0330  0.0327  0.0328
  0.0329  0.0328  0.0327  0.0327  0.0328  0.0328  0.0328  0.0330  0.0327  0.0327  0.0326  0.0326
  0.0326  0.0326  0.0326  0.0326  0.0326  0.0326  0.0326  0.0326  0.0326  0.0326  0.0326  0.0325
  0.0325  0.0325  0.0325  0.0325  0.0325  0.0325  0.0325  0.0325  0.0325  0.0325  0.0325  0.0325
  0.0326  0.0326  0.0326  0.0326  0.0325  0.0326  0.0326  0.0326  0.0326  0.0326  0.0325  0.0326
  0.0329  0.0328  0.0327  0.0327  0.0327  0.0328  0.0328  0.0329  0.0327  0.0327  0.0326  0.0327
  0.0333  0.0331  0.0329  0.0329  0.0330  0.0331  0.0332  0.0334  0.0329  0.0330  0.0327  0.0328
niter,ni,del,rscale     1    3    5.0000    0.4000
parameters
   -0.1980   16.3323    8.6295  -10.6934  -10.4492   -2.2011
   -4.9659    5.5470    7.3114    2.7785  -12.2563   -8.6660
eta,q 0.96749 12.30063
  0.0330  0.0329  0.0327  0.0328  0.0328  0.0329  0.0329  0.0331  0.0328  0.0328  0.0327  0.0327
  0.0327  0.0327  0.0326  0.0326  0.0327  0.0327  0.0327  0.0328  0.0326  0.0327  0.0326  0.0326
  0.0326  0.0326  0.0325  0.0325  0.0326  0.0326  0.0326  0.0326  0.0325  0.0326  0.0325  0.0325
  0.0325  0.0325  0.0325  0.0325  0.0325  0.0325  0.0325  0.0325  0.0325  0.0325  0.0325  0.0325
  0.0326  0.0326  0.0325  0.0326  0.0325  0.0325  0.0326  0.0326  0.0325  0.0325  0.0325  0.0325
  0.0327  0.0327  0.0326  0.0327  0.0326  0.0327  0.0327  0.0328  0.0326  0.0327  0.0326  0.0326
  0.0330  0.0329  0.0328  0.0328  0.0328  0.0329  0.0329  0.0331  0.0328  0.0328  0.0327  0.0327
registration optimization eta report
parameter search radius
    0.8000    0.8000    0.8000    2.4000    2.4000    2.4000
    2.4000    2.4000    2.4000    2.4000    2.4000    2.4000
100000*second partial in parameter space
       75.       54.       36.        5.        5.        6.
        7.       11.        4.        5.        3.        3.
  0.0330  0.0329  0.0327  0.0328  0.0328  0.0329  0.0329  0.0331  0.0328  0.0328  0.0327  0.0327
  0.0327  0.0327  0.0326  0.0326  0.0327  0.0327  0.0327  0.0328  0.0326  0.0327  0.0326  0.0326
  0.0326  0.0326  0.0325  0.0325  0.0326  0.0326  0.0326  0.0326  0.0325  0.0326  0.0325  0.0325
  0.0325  0.0325  0.0325  0.0325  0.0325  0.0325  0.0325  0.0325  0.0325  0.0325  0.0325  0.0325
  0.0326  0.0326  0.0325  0.0326  0.0325  0.0325  0.0326  0.0326  0.0325  0.0325  0.0325  0.0325
  0.0327  0.0327  0.0326  0.0327  0.0326  0.0327  0.0327  0.0328  0.0326  0.0327  0.0326  0.0326
  0.0330  0.0329  0.0328  0.0328  0.0328  0.0329  0.0329  0.0331  0.0328  0.0328  0.0327  0.0327
   -0.1980   16.3323    8.6295  -10.6934  -10.4492   -2.2011
   -4.9659    5.5470    7.3114    2.7785  -12.2563   -8.6660
eta,q 0.96749 12.30063

---------------------------------------------------------------------
imgreg_4dfp /opt/freesurfer/average/711-2C_as_mni_average_305 /opt/freesurfer/average/711-2B_as_mni_average_305_mask talsrcimg_g11 none talsrcimg_to_711-2C_as_mni_average_305_t4 2311
---------------------------------------------------------------------

freesurfer imgreg_4dfp.c
/opt/freesurfer/average/711-2C_as_mni_average_305.4dfp.img
       256       256       256         1
  1.000000  1.000000  1.000000
orientation T byte_order littleendian
Reading image: /opt/freesurfer/average/711-2C_as_mni_average_305.4dfp.img
dimensions:      256       256       256
mmppix:       1.0000   -1.0000   -1.0000
center:     128.0000 -129.0000 -129.0000
/opt/freesurfer/average/711-2B_as_mni_average_305_mask.4dfp.img
       256       256       256         1
  1.000000  1.000000  1.000000
orientation T byte_order littleendian
Reading mask: /opt/freesurfer/average/711-2B_as_mni_average_305_mask.4dfp.img (2306576 pixels)
talsrcimg_g11.4dfp.img
       256       256       256         1
  1.000000  1.000000  1.000000
orientation T byte_order littleendian
Reading image: talsrcimg_g11.4dfp.img
dimensions:      256       256       256
mmppix:       1.0000   -1.0000   -1.0000
center:     128.0000 -129.0000 -129.0000
fimgreg.f
image alignment mode   2311 decimal      907 hex
parameters
   -0.1980   16.3323    8.6295  -10.6934  -10.4492   -2.2011
   -4.9659    5.5470    7.3114    2.7785  -12.2563   -8.6660
eta,q 0.96749 12.30064
niter,ni,del,rscale     5    3    5.0000    0.8000
parameters
   -0.1908   16.3145    8.6672  -10.4622  -10.7612   -2.2694
   -4.9430    5.4755    7.2067    2.7352  -12.4172   -8.5593
eta,q 0.96746 12.29137
  0.0345  0.0338  0.0335  0.0337  0.0335  0.0339  0.0341  0.0347  0.0334  0.0337  0.0331  0.0333
  0.0334  0.0331  0.0329  0.0330  0.0330  0.0332  0.0333  0.0336  0.0329  0.0330  0.0328  0.0329
  0.0327  0.0327  0.0326  0.0326  0.0327  0.0327  0.0327  0.0328  0.0326  0.0327  0.0326  0.0326
  0.0325  0.0325  0.0325  0.0325  0.0325  0.0325  0.0325  0.0325  0.0325  0.0325  0.0325  0.0325
  0.0327  0.0327  0.0326  0.0326  0.0327  0.0327  0.0327  0.0328  0.0327  0.0327  0.0326  0.0326
  0.0334  0.0331  0.0329  0.0330  0.0331  0.0332  0.0332  0.0336  0.0330  0.0331  0.0328  0.0328
  0.0344  0.0339  0.0334  0.0334  0.0339  0.0340  0.0341  0.0349  0.0335  0.0338  0.0332  0.0333
niter,ni,del,rscale     4    3    5.0000    0.7000
parameters
   -0.1880   16.3265    8.6862  -10.5286  -10.6951   -2.2523
   -4.9202    5.5049    7.2492    2.7246  -12.4129   -8.5527
eta,q 0.96747 12.29261
  0.0340  0.0336  0.0333  0.0333  0.0334  0.0336  0.0338  0.0343  0.0333  0.0335  0.0330  0.0331
  0.0332  0.0330  0.0328  0.0329  0.0330  0.0330  0.0331  0.0334  0.0329  0.0329  0.0327  0.0328
  0.0327  0.0327  0.0326  0.0326  0.0327  0.0327  0.0327  0.0328  0.0326  0.0326  0.0326  0.0326
  0.0325  0.0325  0.0325  0.0325  0.0325  0.0325  0.0325  0.0325  0.0325  0.0325  0.0325  0.0325
  0.0327  0.0326  0.0326  0.0327  0.0326  0.0326  0.0327  0.0327  0.0326  0.0326  0.0326  0.0326
  0.0332  0.0330  0.0328  0.0329  0.0329  0.0330  0.0331  0.0333  0.0328  0.0329  0.0327  0.0328
  0.0340  0.0335  0.0332  0.0333  0.0334  0.0336  0.0337  0.0343  0.0333  0.0335  0.0330  0.0331
niter,ni,del,rscale     3    3    5.0000    0.6000
parameters
   -0.1890   16.3171    8.6777  -10.5928  -10.6052   -2.2162
   -4.9403    5.5263    7.2812    2.7154  -12.3709   -8.5735
eta,q 0.96748 12.29612
  0.0336  0.0333  0.0330  0.0331  0.0332  0.0333  0.0334  0.0339  0.0331  0.0332  0.0328  0.0329
  0.0330  0.0329  0.0327  0.0328  0.0329  0.0329  0.0329  0.0332  0.0328  0.0328  0.0327  0.0327
  0.0326  0.0326  0.0326  0.0326  0.0326  0.0326  0.0326  0.0327  0.0326  0.0326  0.0326  0.0326
  0.0325  0.0325  0.0325  0.0325  0.0325  0.0325  0.0325  0.0325  0.0325  0.0325  0.0325  0.0325
  0.0327  0.0326  0.0326  0.0326  0.0326  0.0326  0.0326  0.0327  0.0326  0.0326  0.0325  0.0326
  0.0330  0.0329  0.0328  0.0328  0.0328  0.0329  0.0329  0.0331  0.0328  0.0328  0.0326  0.0327
  0.0336  0.0333  0.0330  0.0331  0.0332  0.0333  0.0334  0.0339  0.0331  0.0332  0.0328  0.0330
niter,ni,del,rscale     2    3    5.0000    0.5000
parameters
   -0.1910   16.3118    8.6629  -10.6391  -10.5108   -2.1945
   -4.9475    5.5454    7.2825    2.7051  -12.3003   -8.6068
eta,q 0.96749 12.30005
  0.0333  0.0330  0.0329  0.0329  0.0330  0.0331  0.0331  0.0335  0.0329  0.0330  0.0327  0.0328
  0.0329  0.0328  0.0327  0.0327  0.0328  0.0328  0.0328  0.0330  0.0327  0.0327  0.0326  0.0326
  0.0326  0.0326  0.0326  0.0326  0.0326  0.0326  0.0326  0.0326  0.0326  0.0326  0.0326  0.0325
  0.0325  0.0325  0.0325  0.0325  0.0325  0.0325  0.0325  0.0325  0.0325  0.0325  0.0325  0.0325
  0.0326  0.0326  0.0326  0.0326  0.0325  0.0326  0.0326  0.0326  0.0326  0.0326  0.0325  0.0326
  0.0329  0.0328  0.0327  0.0327  0.0327  0.0328  0.0328  0.0329  0.0327  0.0327  0.0326  0.0327
  0.0333  0.0331  0.0329  0.0329  0.0330  0.0331  0.0332  0.0334  0.0329  0.0330  0.0327  0.0328
niter,ni,del,rscale     1    3    5.0000    0.4000
parameters
   -0.1899   16.3019    8.6464  -10.6619  -10.4228   -2.1762
   -4.9599    5.5621    7.2803    2.7100  -12.2572   -8.6396
eta,q 0.96749 12.30505
  0.0330  0.0329  0.0327  0.0328  0.0328  0.0329  0.0329  0.0331  0.0328  0.0328  0.0327  0.0327
  0.0327  0.0327  0.0326  0.0326  0.0327  0.0327  0.0327  0.0328  0.0326  0.0327  0.0326  0.0326
  0.0326  0.0326  0.0325  0.0325  0.0326  0.0326  0.0326  0.0326  0.0325  0.0326  0.0325  0.0325
  0.0325  0.0325  0.0325  0.0325  0.0325  0.0325  0.0325  0.0325  0.0325  0.0325  0.0325  0.0325
  0.0326  0.0326  0.0326  0.0326  0.0325  0.0325  0.0326  0.0326  0.0325  0.0325  0.0325  0.0325
  0.0327  0.0327  0.0326  0.0326  0.0326  0.0327  0.0327  0.0328  0.0326  0.0326  0.0326  0.0326
  0.0330  0.0329  0.0328  0.0328  0.0328  0.0329  0.0329  0.0331  0.0328  0.0328  0.0327  0.0327
registration optimization eta report
parameter search radius
    0.8000    0.8000    0.8000    2.4000    2.4000    2.4000
    2.4000    2.4000    2.4000    2.4000    2.4000    2.4000
100000*second partial in parameter space
       76.       54.       36.        5.        5.        6.
        7.       10.        4.        5.        3.        3.
  0.0330  0.0329  0.0327  0.0328  0.0328  0.0329  0.0329  0.0331  0.0328  0.0328  0.0327  0.0327
  0.0327  0.0327  0.0326  0.0326  0.0327  0.0327  0.0327  0.0328  0.0326  0.0327  0.0326  0.0326
  0.0326  0.0326  0.0325  0.0325  0.0326  0.0326  0.0326  0.0326  0.0325  0.0326  0.0325  0.0325
  0.0325  0.0325  0.0325  0.0325  0.0325  0.0325  0.0325  0.0325  0.0325  0.0325  0.0325  0.0325
  0.0326  0.0326  0.0326  0.0326  0.0325  0.0325  0.0326  0.0326  0.0325  0.0325  0.0325  0.0325
  0.0327  0.0327  0.0326  0.0326  0.0326  0.0327  0.0327  0.0328  0.0326  0.0326  0.0326  0.0326
  0.0330  0.0329  0.0328  0.0328  0.0328  0.0329  0.0329  0.0331  0.0328  0.0328  0.0327  0.0327
   -0.1899   16.3019    8.6464  -10.6619  -10.4228   -2.1762
   -4.9599    5.5621    7.2803    2.7100  -12.2572   -8.6396
eta,q 0.96749 12.30505

---------------------------------------------------------------------
compute_vox2vox talsrcimg talsrcimg_to_711-2C_as_mni_average_305_t4 /opt/freesurfer/average/711-2C_as_mni_average_305
---------------------------------------------------------------------

freesurfer compute_vox2vox.c
Reading: talsrcimg.4dfp.ifh
Reading: talsrcimg_to_711-2C_as_mni_average_305_t4
Reading: /opt/freesurfer/average/711-2C_as_mni_average_305.4dfp.ifh
Writing: talsrcimg_to_711-2C_as_mni_average_305_t4_vox2vox.txt

start time Tue Mar 10 02:11:08 CET 2026
end		time Tue Mar 10 02:12:42 CET 2026

mpr2mni305 success

avi2talxfm orig_nu.mgz /opt/freesurfer/average/mni305.cor.mgz talsrcimg_to_711-2C_as_mni_average_305_t4_vox2vox.txt transforms/talairach.auto.xfm
avi2talxfm done
mv -f /out/sourcedata/freesurfer/sub-v1s4x0050689_ses-1/mri/talsrcimg_to_711-2C_as_mni_average_305_t4_vox2vox.txt /out/sourcedata/freesurfer/sub-v1s4x0050689_ses-1/mri/transforms/talsrcimg_to_711-2C_as_mni_average_305_t4_vox2vox.txt
lta_convert --src orig_nu.mgz --trg /opt/freesurfer/average/mni305.cor.mgz --inxfm transforms/talairach.auto.xfm --outlta transforms/talairach.auto.xfm.lta --subject fsaverage
7.3.2

--src: orig_nu.mgz src image (geometry).
--trg: /opt/freesurfer/average/mni305.cor.mgz trg image (geometry).
--inmni: transforms/talairach.auto.xfm input MNI/XFM transform.
--outlta: transforms/talairach.auto.xfm.lta output LTA.
--s: fsaverage subject name
 LTA read, type : 1
 1.10602  -0.06441   0.05503   6.38837;
 0.13030   1.01193   0.10481  -35.67802;
-0.09383  -0.02538   1.10871  -19.49774;
 0.00000   0.00000   0.00000   1.00000;
setting subject to fsaverage
Writing  LTA to file transforms/talairach.auto.xfm.lta...
lta_convert successful.
 
 
Started at Tue Mar 10 02:11:07 CET 2026
Ended   at Tue Mar 10 02:12:42 CET 2026
talairach_avi done
