/out/sourcedata/freesurfer/sub-v1s4x0050703_ses-1/mri
/opt/freesurfer/bin/talairach_avi
--i orig_nu.mgz --xfm transforms/talairach.auto.xfm
talairach_avi 7.3.2
Linux dna056 5.14.0-427.37.1.el9_4.x86_64 #1 SMP PREEMPT_DYNAMIC Fri Sep 13 12:41:50 EDT 2024 x86_64 x86_64 x86_64 GNU/Linux
Tue Mar 10 02:46:55 CET 2026
mri_convert orig_nu.mgz talsrcimg.img 
reading from orig_nu.mgz...
TR=0.00, TE=0.00, TI=0.00, flip angle=0.00
i_ras = (-1, -9.63337e-09, -3.72529e-09)
j_ras = (-3.72529e-09, 0, -1)
k_ras = (2.06637e-09, 1, 9.31323e-10)
writing to talsrcimg.img...
Analyze Output Matrix
-1.00000  -0.00000   0.00000   129.89069;
-0.00000   0.00000   1.00000  -118.71481;
-0.00000  -1.00000   0.00000   128.49646;
 0.00000   0.00000   0.00000   1.00000;
--------------------
INFO: set hdr.hist.orient to -1
mpr2mni305 talsrcimg
Tue Mar 10 02:46:55 CET 2026
/opt/freesurfer/bin/mpr2mni305 talsrcimg
mpr2mni305 7.3.2
target=711-2C_as_mni_average_305

---------------------------------------------------------------------
analyzeto4dfp talsrcimg -O0 -y
---------------------------------------------------------------------

freesurfer ifh2hdr.c
Tue Mar 10 02:46:55 2026
Writing: talsrcimg.4dfp.hdr
freesurfer analyzeto4dfp.c
Reading: talsrcimg.hdr
header size 348 bytes
hdr.dime.datatype	offset=70	value=2
hdr.dime.bitpix		offset=72	value=8
hdr.hist.orient		offset=252	value=-1
dimensionality     4
dimensions       256       256       256         1
Reading: talsrcimg.img
Writing: talsrcimg.4dfp.img
Writing: talsrcimg.4dfp.ifh
ifh2hdr talsrcimg -r0to234
ori=2

---------------------------------------------------------------------
gauss_4dfp talsrcimg 1.1
---------------------------------------------------------------------

freesurfer gauss_4dfp.c
Reading: talsrcimg.4dfp.img
Writing: talsrcimg_g11.4dfp.img
image dimensions 256 256 256 padded to 288 288 288
processing volume 1freesurfer ifh2hdr.c
Tue Mar 10 02:46:57 2026
Writing: talsrcimg_g11.4dfp.hdr

Writing: talsrcimg_g11.4dfp.ifh
including: talsrcimg.4dfp.img.rec in talsrcimg_g11.4dfp.img.rec

---------------------------------------------------------------------
imgreg_4dfp /opt/freesurfer/average/711-2C_as_mni_average_305 none talsrcimg_g11 none talsrcimg_to_711-2C_as_mni_average_305_t4 4355
---------------------------------------------------------------------

freesurfer imgreg_4dfp.c
/opt/freesurfer/average/711-2C_as_mni_average_305.4dfp.img
       256       256       256         1
  1.000000  1.000000  1.000000
orientation T byte_order littleendian
Reading image: /opt/freesurfer/average/711-2C_as_mni_average_305.4dfp.img
dimensions:      256       256       256
mmppix:       1.0000   -1.0000   -1.0000
center:     128.0000 -129.0000 -129.0000
talsrcimg_g11.4dfp.img
       256       256       256         1
  1.000000  1.000000  1.000000
orientation T byte_order littleendian
Reading image: talsrcimg_g11.4dfp.img
dimensions:      256       256       256
mmppix:       1.0000   -1.0000   -1.0000
center:     128.0000 -129.0000 -129.0000
t4_read: open error in t4_sub.f l:  41 t4_file(1:l)talsrcimg_to_711-2C_as_mni_average_305_t4 
t4_read: transform initialized to I4
rotation matrix determinant  1.000000
image alignment mode   4355 decimal     1103 hex
   -7.5000  -45.0000  -45.0000 9631.6748   13.7955
    0.0000  -45.0000  -45.000010101.5947   13.7990
    7.5000  -45.0000  -45.0000 9693.0322   13.7837
   -7.5000  -37.5000  -45.000010092.5938   13.6644
    0.0000  -37.5000  -45.000010616.6631   13.6698
    7.5000  -37.5000  -45.000010170.3828   13.6523
   -7.5000  -30.0000  -45.000010837.2881   13.5748
    0.0000  -30.0000  -45.000011386.2939   13.5844
    7.5000  -30.0000  -45.000010898.2930   13.5662
   -7.5000  -22.5000  -45.000011317.5029   13.5647
    0.0000  -22.5000  -45.000011883.1035   13.5775
    7.5000  -22.5000  -45.000011383.1396   13.5615
   -7.5000  -15.0000  -45.000011701.3916   13.5785
    0.0000  -15.0000  -45.000012286.2949   13.5901
    7.5000  -15.0000  -45.000011733.9609   13.5767
   -7.5000   -7.5000  -45.000011973.5811   13.5967
    0.0000   -7.5000  -45.000012599.8271   13.6036
    7.5000   -7.5000  -45.000012021.2705   13.5903
   -7.5000    0.0000  -45.000012106.9199   13.6037
    0.0000    0.0000  -45.000012751.0527   13.6078
    7.5000    0.0000  -45.000012163.7148   13.5931
   -7.5000    7.5000  -45.000011360.2510   13.5881
    0.0000    7.5000  -45.000011981.4658   13.5935
    7.5000    7.5000  -45.000011396.7334   13.5765
   -7.5000   15.0000  -45.000010579.3623   13.5787
    0.0000   15.0000  -45.000011130.2686   13.5885
    7.5000   15.0000  -45.000010612.3398   13.5697
   -7.5000   22.5000  -45.0000 9874.9121   13.9876
    0.0000   22.5000  -45.000010394.4395   14.0026
    7.5000   22.5000  -45.0000 9902.9307   13.9828
   -7.5000   30.0000  -45.0000 9197.7051   14.2810
    0.0000   30.0000  -45.0000 9717.0820   14.2972
    7.5000   30.0000  -45.0000 9221.8125   14.2853
   -7.5000   37.5000  -45.0000 8861.8047   14.8041
    0.0000   37.5000  -45.0000 9351.7393   14.8162
    7.5000   37.5000  -45.0000 8876.6016   14.8041
   -7.5000   45.0000  -45.0000 8237.7881   14.9535
    0.0000   45.0000  -45.0000 8686.4297   14.9571
    7.5000   45.0000  -45.0000 8236.3906   14.9436
   -7.5000  -45.0000  -37.500010107.4473   13.7338
    0.0000  -45.0000  -37.500010623.7324   13.7353
    7.5000  -45.0000  -37.500010157.3408   13.7304
   -7.5000  -37.5000  -37.500010628.6104   13.6055
    0.0000  -37.5000  -37.500011207.6592   13.6101
    7.5000  -37.5000  -37.500010699.8389   13.6023
   -7.5000  -30.0000  -37.500011423.2256   13.5231
    0.0000  -30.0000  -37.500012020.5859   13.5328
    7.5000  -30.0000  -37.500011469.8408   13.5235
   -7.5000  -22.5000  -37.500011918.4512   13.5189
    0.0000  -22.5000  -37.500012542.1396   13.5316
    7.5000  -22.5000  -37.500011968.6982   13.5239
   -7.5000  -15.0000  -37.500012309.6660   13.5328
    0.0000  -15.0000  -37.500012932.7500   13.5429
    7.5000  -15.0000  -37.500012342.9258   13.5377
   -7.5000   -7.5000  -37.500012596.6885   13.5435
    0.0000   -7.5000  -37.500013263.2773   13.5482
    7.5000   -7.5000  -37.500012629.7529   13.5441
   -7.5000    0.0000  -37.500012776.6152   13.5439
    0.0000    0.0000  -37.500013428.6816   13.5461
    7.5000    0.0000  -37.500012777.9629   13.5414
   -7.5000    7.5000  -37.500012002.7344   13.5298
    0.0000    7.5000  -37.500012621.7363   13.5344
    7.5000    7.5000  -37.500011981.6455   13.5270
   -7.5000   15.0000  -37.500011144.9512   13.5269
    0.0000   15.0000  -37.500011711.0049   13.5367
    7.5000   15.0000  -37.500011134.1377   13.5268
   -7.5000   22.5000  -37.500010365.0400   13.9402
    0.0000   22.5000  -37.500010901.5352   13.9528
    7.5000   22.5000  -37.500010362.0850   13.9413
   -7.5000   30.0000  -37.5000 9702.6621   14.2308
    0.0000   30.0000  -37.500010205.6006   14.2431
    7.5000   30.0000  -37.5000 9676.0439   14.2394
   -7.5000   37.5000  -37.5000 9361.8213   14.7413
    0.0000   37.5000  -37.5000 9847.5703   14.7488
    7.5000   37.5000  -37.5000 9340.2109   14.7455
   -7.5000   45.0000  -37.5000 8660.7344   14.8838
    0.0000   45.0000  -37.5000 9107.0361   14.8849
    7.5000   45.0000  -37.5000 8638.8652   14.8796
   -7.5000  -45.0000  -30.000010715.6172   14.3083
    0.0000  -45.0000  -30.000011322.6611   14.3099
    7.5000  -45.0000  -30.000010797.4287   14.3092
   -7.5000  -37.5000  -30.000011342.6396   14.1799
    0.0000  -37.5000  -30.000011990.0176   14.1853
    7.5000  -37.5000  -30.000011404.5205   14.1800
   -7.5000  -30.0000  -30.000012169.6846   14.1023
    0.0000  -30.0000  -30.000012808.6660   14.1124
    7.5000  -30.0000  -30.000012191.7129   14.1041
   -7.5000  -22.5000  -30.000012698.7510   14.1018
    0.0000  -22.5000  -30.000013354.5244   14.1137
    7.5000  -22.5000  -30.000012744.9824   14.1073
   -7.5000  -15.0000  -30.000013113.1035   14.1131
    0.0000  -15.0000  -30.000013795.0273   14.1215
    7.5000  -15.0000  -30.000013144.3926   14.1188
   -7.5000   -7.5000  -30.000013461.9736   14.1159
    0.0000   -7.5000  -30.000014150.8506   14.1192
    7.5000   -7.5000  -30.000013478.1426   14.1192
   -7.5000    0.0000  -30.000013679.5293   14.1110
    0.0000    0.0000  -30.000014373.9658   14.1132
    7.5000    0.0000  -30.000013652.6611   14.1125
   -7.5000    7.5000  -30.000012869.5000   14.1009
    0.0000    7.5000  -30.000013535.3350   14.1063
    7.5000    7.5000  -30.000012819.4062   14.1013
   -7.5000   15.0000  -30.000011915.0781   14.1062
    0.0000   15.0000  -30.000012536.4658   14.1164
    7.5000   15.0000  -30.000011883.1758   14.1075
   -7.5000   22.5000  -30.000011092.4668   14.5424
    0.0000   22.5000  -30.000011661.7686   14.5529
    7.5000   22.5000  -30.000011037.4082   14.5424
   -7.5000   30.0000  -30.000010343.6943   14.8438
    0.0000   30.0000  -30.000010885.2969   14.8537
    7.5000   30.0000  -30.000010299.6416   14.8531
   -7.5000   37.5000  -30.000010024.7588   15.3657
    0.0000   37.5000  -30.000010516.3525   15.3716
    7.5000   37.5000  -30.0000 9947.3760   15.3714
   -7.5000   45.0000  -30.0000 9246.6953   15.5173
    0.0000   45.0000  -30.0000 9704.4258   15.5189
    7.5000   45.0000  -30.0000 9193.4707   15.5155
   -7.5000  -45.0000  -22.500011348.3818   14.7817
    0.0000  -45.0000  -22.500011976.2900   14.7860
    7.5000  -45.0000  -22.500011441.1338   14.7782
   -7.5000  -37.5000  -22.500012006.5547   14.6540
    0.0000  -37.5000  -22.500012689.5791   14.6609
    7.5000  -37.5000  -22.500012092.9443   14.6474
   -7.5000  -30.0000  -22.500012836.2217   14.5755
    0.0000  -30.0000  -22.500013535.8135   14.5852
    7.5000  -30.0000  -22.500012879.9971   14.5685
   -7.5000  -22.5000  -22.500013433.4570   14.5714
    0.0000  -22.5000  -22.500014110.8652   14.5823
    7.5000  -22.5000  -22.500013459.6943   14.5684
   -7.5000  -15.0000  -22.500013914.5088   14.5786
    0.0000  -15.0000  -22.500014628.5352   14.5871
    7.5000  -15.0000  -22.500013929.9551   14.5782
   -7.5000   -7.5000  -22.500014350.9424   14.5809
    0.0000   -7.5000  -22.500015070.9375   14.5860
    7.5000   -7.5000  -22.500014336.1514   14.5797
   -7.5000    0.0000  -22.500014594.1689   14.5785
    0.0000    0.0000  -22.500015345.3408   14.5832
    7.5000    0.0000  -22.500014558.1973   14.5756
   -7.5000    7.5000  -22.500013738.4795   14.5723
    0.0000    7.5000  -22.500014462.4336   14.5792
    7.5000    7.5000  -22.500013676.4697   14.5662
   -7.5000   15.0000  -22.500012733.5430   14.5795
    0.0000   15.0000  -22.500013418.0596   14.5894
    7.5000   15.0000  -22.500012665.3262   14.5721
   -7.5000   22.5000  -22.500011820.1846   15.0263
    0.0000   22.5000  -22.500012465.9199   15.0369
    7.5000   22.5000  -22.500011755.5469   15.0184
   -7.5000   30.0000  -22.500011010.7812   15.3342
    0.0000   30.0000  -22.500011576.4688   15.3458
    7.5000   30.0000  -22.500010927.5166   15.3397
   -7.5000   37.5000  -22.500010633.0576   15.8709
    0.0000   37.5000  -22.500011159.8750   15.8808
    7.5000   37.5000  -22.500010557.7295   15.8742
   -7.5000   45.0000  -22.5000 9835.3770   16.0336
    0.0000   45.0000  -22.500010304.4199   16.0391
    7.5000   45.0000  -22.5000 9775.1484   16.0290
   -7.5000  -45.0000  -15.000011927.8086   15.1190
    0.0000  -45.0000  -15.000012599.5918   15.1258
    7.5000  -45.0000  -15.000012044.6445   15.1066
   -7.5000  -37.5000  -15.000012600.8457   14.9889
    0.0000  -37.5000  -15.000013340.8535   14.9973
    7.5000  -37.5000  -15.000012700.8926   14.9731
   -7.5000  -30.0000  -15.000013447.2412   14.9035
    0.0000  -30.0000  -15.000014234.2080   14.9134
    7.5000  -30.0000  -15.000013520.7012   14.8871
   -7.5000  -22.5000  -15.000014105.2998   14.8922
    0.0000  -22.5000  -15.000014872.6494   14.9035
    7.5000  -22.5000  -15.000014126.0234   14.8807
   -7.5000  -15.0000  -15.000014625.2051   14.8976
    0.0000  -15.0000  -15.000015407.2939   14.9078
    7.5000  -15.0000  -15.000014650.1533   14.8898
   -7.5000   -7.5000  -15.000015151.7891   14.9063
    0.0000   -7.5000  -15.000015954.5928   14.9140
    7.5000   -7.5000  -15.000015146.8965   14.8974
   -7.5000    0.0000  -15.000015458.5352   14.9112
    0.0000    0.0000  -15.000016276.0088   14.9183
    7.5000    0.0000  -15.000015447.0039   14.8996
   -7.5000    7.5000  -15.000014565.3887   14.9055
    0.0000    7.5000  -15.000015343.9980   14.9138
    7.5000    7.5000  -15.000014492.7812   14.8902
   -7.5000   15.0000  -15.000013512.5215   14.9077
    0.0000   15.0000  -15.000014218.7402   14.9179
    7.5000   15.0000  -15.000013387.8096   14.8909
   -7.5000   22.5000  -15.000012557.0791   15.3548
    0.0000   22.5000  -15.000013233.3721   15.3681
    7.5000   22.5000  -15.000012446.9092   15.3401
   -7.5000   30.0000  -15.000011667.4619   15.6690
    0.0000   30.0000  -15.000012287.1943   15.6848
    7.5000   30.0000  -15.000011548.4766   15.6695
   -7.5000   37.5000  -15.000011205.7383   16.2234
    0.0000   37.5000  -15.000011797.8340   16.2385
    7.5000   37.5000  -15.000011130.5938   16.2219
   -7.5000   45.0000  -15.000010399.6416   16.4005
    0.0000   45.0000  -15.000010927.6543   16.4090
    7.5000   45.0000  -15.000010327.5967   16.3896
   -7.5000  -45.0000   -7.500012557.2705   15.2967
    0.0000  -45.0000   -7.500013249.3623   15.3034
    7.5000  -45.0000   -7.500012667.4678   15.2801
   -7.5000  -37.5000   -7.500013246.9395   15.1590
    0.0000  -37.5000   -7.500014014.4385   15.1670
    7.5000  -37.5000   -7.500013344.3027   15.1402
   -7.5000  -30.0000   -7.500014060.1650   15.0645
    0.0000  -30.0000   -7.500014894.9834   15.0750
    7.5000  -30.0000   -7.500014178.9531   15.0472
   -7.5000  -22.5000   -7.500014747.8926   15.0505
    0.0000  -22.5000   -7.500015610.1191   15.0634
    7.5000  -22.5000   -7.500014841.7314   15.0388
   -7.5000  -15.0000   -7.500015301.8027   15.0598
    0.0000  -15.0000   -7.500016204.9072   15.0720
    7.5000  -15.0000   -7.500015390.4844   15.0511
   -7.5000   -7.5000   -7.500015887.4580   15.0766
    0.0000   -7.5000   -7.500016842.8613   15.0855
    7.5000   -7.5000   -7.500015957.0527   15.0651
   -7.5000    0.0000   -7.500016331.7207   15.0859
    0.0000    0.0000   -7.500017346.3750   15.0930
    7.5000    0.0000   -7.500016369.9238   15.0704
   -7.5000    7.5000   -7.500015428.6680   15.0748
    0.0000    7.5000   -7.500016383.1143   15.0828
    7.5000    7.5000   -7.500015389.2715   15.0565
   -7.5000   15.0000   -7.500014317.2451   15.0688
    0.0000   15.0000   -7.500015144.7900   15.0796
    7.5000   15.0000   -7.500014197.9404   15.0511
   -7.5000   22.5000   -7.500013289.3232   15.5132
    0.0000   22.5000   -7.500014085.5898   15.5294
    7.5000   22.5000   -7.500013169.0176   15.5000
   -7.5000   30.0000   -7.500012309.2373   15.8375
    0.0000   30.0000   -7.500013068.3105   15.8561
    7.5000   30.0000   -7.500012205.9648   15.8375
   -7.5000   37.5000   -7.500011820.0703   16.4078
    0.0000   37.5000   -7.500012580.3389   16.4245
    7.5000   37.5000   -7.500011759.1055   16.4049
   -7.5000   45.0000   -7.500010973.3574   16.5968
    0.0000   45.0000   -7.500011659.0977   16.6048
    7.5000   45.0000   -7.500010889.3633   16.5833
   -7.5000  -45.0000    0.000013133.7012   15.3455
    0.0000  -45.0000    0.000013844.4609   15.3498
    7.5000  -45.0000    0.000013233.3887   15.3330
   -7.5000  -37.5000    0.000013832.6758   15.2010
    0.0000  -37.5000    0.000014601.2676   15.2073
    7.5000  -37.5000    0.000013953.1475   15.1880
   -7.5000  -30.0000    0.000014656.4570   15.1026
    0.0000  -30.0000    0.000015472.4844   15.1133
    7.5000  -30.0000    0.000014811.0645   15.0931
   -7.5000  -22.5000    0.000015346.5127   15.0917
    0.0000  -22.5000    0.000016265.0459   15.1059
    7.5000  -22.5000    0.000015526.4570   15.0881
   -7.5000  -15.0000    0.000015879.0615   15.1066
    0.0000  -15.0000    0.000016868.6328   15.1196
    7.5000  -15.0000    0.000016074.9375   15.1047
   -7.5000   -7.5000    0.000016471.2363   15.1260
    0.0000   -7.5000    0.000017600.4434   15.1340
    7.5000   -7.5000    0.000016694.9941   15.1193
   -7.5000    0.0000    0.000017034.4863   15.1335
    0.0000    0.0000    0.000018461.1543   15.1383
    7.5000    0.0000    0.000017228.7402   15.1222
   -7.5000    7.5000    0.000016278.6914   15.1166
    0.0000    7.5000    0.000017708.2012   15.1229
    7.5000    7.5000    0.000016370.0469   15.1041
   -7.5000   15.0000    0.000015108.3975   15.1069
    0.0000   15.0000    0.000016327.2646   15.1179
    7.5000   15.0000    0.000015057.5166   15.0970
   -7.5000   22.5000    0.000013941.8682   15.5544
    0.0000   22.5000    0.000014951.5859   15.5710
    7.5000   22.5000    0.000013830.0703   15.5490
   -7.5000   30.0000    0.000012836.4033   15.8883
    0.0000   30.0000    0.000013723.7832   15.9063
    7.5000   30.0000    0.000012738.2129   15.8932
   -7.5000   37.5000    0.000012322.0430   16.4656
    0.0000   37.5000    0.000013129.6348   16.4794
    7.5000   37.5000    0.000012244.1172   16.4661
   -7.5000   45.0000    0.000011456.7129   16.6602
    0.0000   45.0000    0.000012150.1504   16.6646
    7.5000   45.0000    0.000011330.2949   16.6498
   -7.5000  -45.0000    7.500012740.1309   15.3641
    0.0000  -45.0000    7.500013433.7168   15.3658
    7.5000  -45.0000    7.500012879.8223   15.3603
   -7.5000  -37.5000    7.500013387.4570   15.2206
    0.0000  -37.5000    7.500014145.6182   15.2257
    7.5000  -37.5000    7.500013552.6387   15.2170
   -7.5000  -30.0000    7.500014147.0957   15.1284
    0.0000  -30.0000    7.500014987.4336   15.1393
    7.5000  -30.0000    7.500014329.1230   15.1289
   -7.5000  -22.5000    7.500014799.6230   15.1238
    0.0000  -22.5000    7.500015782.1123   15.1381
    7.5000  -22.5000    7.500015011.9844   15.1293
   -7.5000  -15.0000    7.500015288.9229   15.1394
    0.0000  -15.0000    7.500016373.8936   15.1507
    7.5000  -15.0000    7.500015510.1270   15.1449
   -7.5000   -7.5000    7.500015831.3701   15.1514
    0.0000   -7.5000    7.500017024.3691   15.1566
    7.5000   -7.5000    7.500016039.2383   15.1521
   -7.5000    0.0000    7.500016396.7773   15.1518
    0.0000    0.0000    7.500017920.2520   15.1542
    7.5000    0.0000    7.500016628.1328   15.1490
   -7.5000    7.5000    7.500015728.4053   15.1360
    0.0000    7.5000    7.500017325.4688   15.1411
    7.5000    7.5000    7.500015925.2764   15.1328
   -7.5000   15.0000    7.500014678.8457   15.1327
    0.0000   15.0000    7.500016068.9590   15.1437
    7.5000   15.0000    7.500014757.8623   15.1326
   -7.5000   22.5000    7.500013506.0830   15.5899
    0.0000   22.5000    7.500014593.2178   15.6040
    7.5000   22.5000    7.500013485.0410   15.5912
   -7.5000   30.0000    7.500012363.9980   15.9262
    0.0000   30.0000    7.500013246.4033   15.9400
    7.5000   30.0000    7.500012345.3359   15.9358
   -7.5000   37.5000    7.500011817.5820   16.4974
    0.0000   37.5000    7.500012541.0244   16.5058
    7.5000   37.5000    7.500011785.1543   16.5020
   -7.5000   45.0000    7.500010989.6777   16.6893
    0.0000   45.0000    7.500011575.9053   16.6906
    7.5000   45.0000    7.500010905.8145   16.6845
   -7.5000  -45.0000   15.000012110.9629   15.3643
    0.0000  -45.0000   15.000012851.7549   15.3660
    7.5000  -45.0000   15.000012273.8799   15.3652
   -7.5000  -37.5000   15.000012728.8848   15.2264
    0.0000  -37.5000   15.000013498.0244   15.2322
    7.5000  -37.5000   15.000012883.4150   15.2265
   -7.5000  -30.0000   15.000013409.7666   15.1431
    0.0000  -30.0000   15.000014226.6416   15.1539
    7.5000  -30.0000   15.000013551.9111   15.1451
   -7.5000  -22.5000   15.000014022.3906   15.1426
    0.0000  -22.5000   15.000014874.3115   15.1554
    7.5000  -22.5000   15.000014162.6230   15.1484
   -7.5000  -15.0000   15.000014508.7324   15.1547
    0.0000  -15.0000   15.000015388.7676   15.1638
    7.5000  -15.0000   15.000014642.9707   15.1609
   -7.5000   -7.5000   15.000015067.6855   15.1577
    0.0000   -7.5000   15.000016016.0381   15.1613
    7.5000   -7.5000   15.000015160.1152   15.1612
   -7.5000    0.0000   15.000015547.4844   15.1525
    0.0000    0.0000   15.000016620.1992   15.1548
    7.5000    0.0000   15.000015670.4258   15.1541
   -7.5000    7.5000   15.000014713.4590   15.1416
    0.0000    7.5000   15.000015727.6035   15.1474
    7.5000    7.5000   15.000014896.5801   15.1420
   -7.5000   15.0000   15.000013654.2656   15.1473
    0.0000   15.0000   15.000014561.3164   15.1583
    7.5000   15.0000   15.000013806.3877   15.1487
   -7.5000   22.5000   15.000012673.3408   15.6123
    0.0000   22.5000   15.000013496.8672   15.6236
    7.5000   22.5000   15.000012748.8506   15.6123
   -7.5000   30.0000   15.000011705.7646   15.9440
    0.0000   30.0000   15.000012388.8721   15.9546
    7.5000   30.0000   15.000011738.8174   15.9540
   -7.5000   37.5000   15.000011200.0684   16.5046
    0.0000   37.5000   15.000011779.9570   16.5109
    7.5000   37.5000   15.000011217.6885   16.5107
   -7.5000   45.0000   15.000010421.1279   16.6894
    0.0000   45.0000   15.000010887.1777   16.6911
    7.5000   45.0000   15.000010409.4355   16.6875
   -7.5000  -45.0000   22.500011318.4717   15.3456
    0.0000  -45.0000   22.500011936.9834   15.3500
    7.5000  -45.0000   22.500011391.4170   15.3420
   -7.5000  -37.5000   22.500011885.0352   15.2130
    0.0000  -37.5000   22.500012532.7676   15.2202
    7.5000  -37.5000   22.500011969.0322   15.2062
   -7.5000  -30.0000   22.500012503.2744   15.1315
    0.0000  -30.0000   22.500013194.9629   15.1415
    7.5000  -30.0000   22.500012585.2637   15.1243
   -7.5000  -22.5000   22.500013057.2432   15.1272
    0.0000  -22.5000   22.500013748.8652   15.1386
    7.5000  -22.5000   22.500013113.3105   15.1241
   -7.5000  -15.0000   22.500013525.2744   15.1348
    0.0000  -15.0000   22.500014231.9648   15.1436
    7.5000  -15.0000   22.500013583.9268   15.1344
   -7.5000   -7.5000   22.500014034.5078   15.1371
    0.0000   -7.5000   22.500014807.8281   15.1424
    7.5000   -7.5000   22.500014108.5732   15.1358
   -7.5000    0.0000   22.500014353.6797   15.1346
    0.0000    0.0000   22.500015164.3740   15.1395
    7.5000    0.0000   22.500014493.6602   15.1316
   -7.5000    7.5000   22.500013514.7256   15.1281
    0.0000    7.5000   22.500014208.7256   15.1354
    7.5000    7.5000   22.500013642.0918   15.1218
   -7.5000   15.0000   22.500012511.0068   15.1357
    0.0000   15.0000   22.500013126.4736   15.1459
    7.5000   15.0000   22.500012592.2998   15.1280
   -7.5000   22.5000   22.500011661.1973   15.5972
    0.0000   22.5000   22.500012256.6367   15.6082
    7.5000   22.5000   22.500011701.3672   15.5889
   -7.5000   30.0000   22.500010872.2549   15.9214
    0.0000   30.0000   22.500011415.5283   15.9335
    7.5000   30.0000   22.500010891.2256   15.9271
   -7.5000   37.5000   22.500010503.7139   16.4787
    0.0000   37.5000   22.500010980.7080   16.4890
    7.5000   37.5000   22.500010532.1064   16.4821
   -7.5000   45.0000   22.5000 9812.0605   16.6599
    0.0000   45.0000   22.500010236.1387   16.6655
    7.5000   45.0000   22.5000 9832.6543   16.6550
   -7.5000  -45.0000   30.000010391.1807   15.4389
    0.0000  -45.0000   30.000010885.3301   15.4458
    7.5000  -45.0000   30.000010417.9072   15.4260
   -7.5000  -37.5000   30.000010890.4277   15.3051
    0.0000  -37.5000   30.000011436.6064   15.3135
    7.5000  -37.5000   30.000010974.1777   15.2886
   -7.5000  -30.0000   30.000011464.6348   15.2174
    0.0000  -30.0000   30.000012043.0811   15.2275
    7.5000  -30.0000   30.000011549.1074   15.2005
   -7.5000  -22.5000   30.000012000.2051   15.2061
    0.0000  -22.5000   30.000012593.8701   15.2178
    7.5000  -22.5000   30.000012047.8184   15.1943
   -7.5000  -15.0000   30.000012444.2637   15.2118
    0.0000  -15.0000   30.000013110.9346   15.2225
    7.5000  -15.0000   30.000012504.6455   15.2039
   -7.5000   -7.5000   30.000012901.0439   15.2205
    0.0000   -7.5000   30.000013585.9629   15.2285
    7.5000   -7.5000   30.000012968.1650   15.2113
   -7.5000    0.0000   30.000013157.3613   15.2252
    0.0000    0.0000   30.000013826.1436   15.2324
    7.5000    0.0000   30.000013247.5078   15.2131
   -7.5000    7.5000   30.000012395.6201   15.2193
    0.0000    7.5000   30.000012960.2568   15.2276
    7.5000    7.5000   30.000012441.4814   15.2033
   -7.5000   15.0000   30.000011501.9805   15.2217
    0.0000   15.0000   30.000012023.9600   15.2320
    7.5000   15.0000   30.000011525.2627   15.2044
   -7.5000   22.5000   30.000010757.4609   15.6793
    0.0000   22.5000   30.000011261.7363   15.6930
    7.5000   22.5000   30.000010745.7432   15.6643
   -7.5000   30.0000   30.000010064.2266   16.0058
    0.0000   30.0000   30.000010522.1934   16.0222
    7.5000   30.0000   30.000010060.2695   16.0064
   -7.5000   37.5000   30.0000 9773.2285   16.5763
    0.0000   37.5000   30.000010216.6104   16.5919
    7.5000   37.5000   30.0000 9780.3408   16.5747
   -7.5000   45.0000   30.0000 9121.1182   16.7659
    0.0000   45.0000   30.0000 9563.4922   16.7746
    7.5000   45.0000   30.0000 9139.8613   16.7545
   -7.5000  -45.0000   37.5000 9926.4756   15.7823
    0.0000  -45.0000   37.500010370.4248   15.7899
    7.5000  -45.0000   37.5000 9972.0752   15.7656
   -7.5000  -37.5000   37.500010395.0879   15.6375
    0.0000  -37.5000   37.500010874.5908   15.6462
    7.5000  -37.5000   37.500010496.8584   15.6182
   -7.5000  -30.0000   37.500010979.4014   15.5396
    0.0000  -30.0000   37.500011471.1289   15.5509
    7.5000  -30.0000   37.500011058.5010   15.5216
   -7.5000  -22.5000   37.500011522.6387   15.5261
    0.0000  -22.5000   37.500012070.7188   15.5401
    7.5000  -22.5000   37.500011572.4785   15.5141
   -7.5000  -15.0000   37.500011936.1377   15.5351
    0.0000  -15.0000   37.500012560.3740   15.5485
    7.5000  -15.0000   37.500011994.4355   15.5264
   -7.5000   -7.5000   37.500012340.5508   15.5500
    0.0000   -7.5000   37.500013006.8965   15.5600
    7.5000   -7.5000   37.500012411.2549   15.5387
   -7.5000    0.0000   37.500012594.6748   15.5585
    0.0000    0.0000   37.500013250.7139   15.5665
    7.5000    0.0000   37.500012660.9619   15.5430
   -7.5000    7.5000   37.500011858.6982   15.5482
    0.0000    7.5000   37.500012443.6396   15.5568
    7.5000    7.5000   37.500011893.2461   15.5294
   -7.5000   15.0000   37.500011013.8896   15.5442
    0.0000   15.0000   37.500011549.0986   15.5557
    7.5000   15.0000   37.500011037.8164   15.5257
   -7.5000   22.5000   37.500010336.6729   15.9954
    0.0000   22.5000   37.500010832.0752   16.0129
    7.5000   22.5000   37.500010321.6709   15.9819
   -7.5000   30.0000   37.5000 9686.1504   16.3268
    0.0000   30.0000   37.500010140.1592   16.3470
    7.5000   30.0000   37.5000 9669.7705   16.3275
   -7.5000   37.5000   37.5000 9421.2314   16.9132
    0.0000   37.5000   37.5000 9864.3564   16.9315
    7.5000   37.5000   37.5000 9428.2002   16.9112
   -7.5000   45.0000   37.5000 8811.1504   17.1074
    0.0000   45.0000   37.5000 9247.4990   17.1162
    7.5000   45.0000   37.5000 8854.9727   17.0940
   -7.5000  -45.0000   45.0000 9131.8779   16.2211
    0.0000  -45.0000   45.0000 9538.9434   16.2253
    7.5000  -45.0000   45.0000 9209.8105   16.2055
   -7.5000  -37.5000   45.0000 9571.4658   16.0623
    0.0000  -37.5000   45.000010005.7549   16.0695
    7.5000  -37.5000   45.0000 9660.3975   16.0473
   -7.5000  -30.0000   45.000010121.3877   15.9598
    0.0000  -30.0000   45.000010599.9238   15.9722
    7.5000  -30.0000   45.000010183.4355   15.9485
   -7.5000  -22.5000   45.000010636.2734   15.9527
    0.0000  -22.5000   45.000011148.2607   15.9687
    7.5000  -22.5000   45.000010682.4863   15.9468
   -7.5000  -15.0000   45.000011023.0029   15.9673
    0.0000  -15.0000   45.000011567.9844   15.9812
    7.5000  -15.0000   45.000011054.4053   15.9621
   -7.5000   -7.5000   45.000011355.4238   15.9803
    0.0000   -7.5000   45.000011936.6885   15.9883
    7.5000   -7.5000   45.000011387.9922   15.9700
   -7.5000    0.0000   45.000011576.2617   15.9830
    0.0000    0.0000   45.000012189.7686   15.9878
    7.5000    0.0000   45.000011623.0352   15.9689
   -7.5000    7.5000   45.000010908.3447   15.9676
    0.0000    7.5000   45.000011481.2471   15.9748
    7.5000    7.5000   45.000010947.3135   15.9532
   -7.5000   15.0000   45.000010137.1709   15.9646
    0.0000   15.0000   45.000010668.9658   15.9773
    7.5000   15.0000   45.000010173.4248   15.9528
   -7.5000   22.5000   45.0000 9490.4893   16.4214
    0.0000   22.5000   45.0000 9981.1553   16.4398
    7.5000   22.5000   45.0000 9508.4277   16.4135
   -7.5000   30.0000   45.0000 8909.0674   16.7582
    0.0000   30.0000   45.0000 9354.0439   16.7774
    7.5000   30.0000   45.0000 8907.7246   16.7605
   -7.5000   37.5000   45.0000 8655.1768   17.3509
    0.0000   37.5000   45.0000 9095.6299   17.3650
    7.5000   37.5000   45.0000 8695.9014   17.3486
   -7.5000   45.0000   45.0000 8104.5220   17.5466
    0.0000   45.0000   45.0000 8516.9307   17.5509
    7.5000   45.0000   45.0000 8148.3350   17.5338

---------------------------------------------------------------------
imgreg_4dfp /opt/freesurfer/average/711-2C_as_mni_average_305 /opt/freesurfer/average/711-2B_as_mni_average_305_mask talsrcimg_g11 none talsrcimg_to_711-2C_as_mni_average_305_t4 4355
---------------------------------------------------------------------

freesurfer imgreg_4dfp.c
/opt/freesurfer/average/711-2C_as_mni_average_305.4dfp.img
       256       256       256         1
  1.000000  1.000000  1.000000
orientation T byte_order littleendian
Reading image: /opt/freesurfer/average/711-2C_as_mni_average_305.4dfp.img
dimensions:      256       256       256
mmppix:       1.0000   -1.0000   -1.0000
center:     128.0000 -129.0000 -129.0000
/opt/freesurfer/average/711-2B_as_mni_average_305_mask.4dfp.img
       256       256       256         1
  1.000000  1.000000  1.000000
orientation T byte_order littleendian
Reading mask: /opt/freesurfer/average/711-2B_as_mni_average_305_mask.4dfp.img (2306576 pixels)
talsrcimg_g11.4dfp.img
       256       256       256         1
  1.000000  1.000000  1.000000
orientation T byte_order littleendian
Reading image: talsrcimg_g11.4dfp.img
dimensions:      256       256       256
mmppix:       1.0000   -1.0000   -1.0000
center:     128.0000 -129.0000 -129.0000
rotation matrix determinant  1.000000
image alignment mode   4355 decimal     1103 hex
   -7.5000  -45.0000  -45.0000 2287.7214   17.3188
    0.0000  -45.0000  -45.0000 2318.1951   17.1711
    7.5000  -45.0000  -45.0000 2312.1943   17.0685
   -7.5000  -37.5000  -45.0000 2294.2651   17.1693
    0.0000  -37.5000  -45.0000 2335.1792   17.0138
    7.5000  -37.5000  -45.0000 2329.1565   16.9059
   -7.5000  -30.0000  -45.0000 2320.0024   17.1619
    0.0000  -30.0000  -45.0000 2352.8411   16.9774
    7.5000  -30.0000  -45.0000 2349.3950   16.8491
   -7.5000  -22.5000  -45.0000 2342.8657   17.1156
    0.0000  -22.5000  -45.0000 2369.2720   16.9415
    7.5000  -22.5000  -45.0000 2359.9062   16.8346
   -7.5000  -15.0000  -45.0000 2354.4961   17.1515
    0.0000  -15.0000  -45.0000 2380.3469   16.9912
    7.5000  -15.0000  -45.0000 2366.6890   16.9350
   -7.5000   -7.5000  -45.0000 2348.5608   17.2295
    0.0000   -7.5000  -45.0000 2376.5791   17.0521
    7.5000   -7.5000  -45.0000 2362.7729   17.0109
   -7.5000    0.0000  -45.0000 2336.7478   17.3136
    0.0000    0.0000  -45.0000 2363.9941   17.1274
    7.5000    0.0000  -45.0000 2345.9087   17.1455
   -7.5000    7.5000  -45.0000 2330.0244   17.5023
    0.0000    7.5000  -45.0000 2350.7063   17.3834
    7.5000    7.5000  -45.0000 2334.3901   17.4116
   -7.5000   15.0000  -45.0000 2317.9197   17.9114
    0.0000   15.0000  -45.0000 2340.5227   17.7073
    7.5000   15.0000  -45.0000 2325.8364   17.7742
   -7.5000   22.5000  -45.0000 2299.5979   18.5726
    0.0000   22.5000  -45.0000 2330.7141   18.4117
    7.5000   22.5000  -45.0000 2311.2856   18.4528
   -7.5000   30.0000  -45.0000 2256.8044   19.5547
    0.0000   30.0000  -45.0000 2291.7651   19.4169
    7.5000   30.0000  -45.0000 2267.5249   19.4452
   -7.5000   37.5000  -45.0000 2199.8459   20.8200
    0.0000   37.5000  -45.0000 2229.7117   20.7054
    7.5000   37.5000  -45.0000 2209.5916   20.7383
   -7.5000   45.0000  -45.0000 2112.4807   22.4878
    0.0000   45.0000  -45.0000 2147.4155   22.3550
    7.5000   45.0000  -45.0000 2123.4641   22.3861
   -7.5000  -45.0000  -37.5000 2379.5811   16.0306
    0.0000  -45.0000  -37.5000 2410.4019   15.8478
    7.5000  -45.0000  -37.5000 2402.3311   15.8074
   -7.5000  -37.5000  -37.5000 2397.5728   15.8920
    0.0000  -37.5000  -37.5000 2433.4993   15.7190
    7.5000  -37.5000  -37.5000 2423.5784   15.6424
   -7.5000  -30.0000  -37.5000 2423.9182   15.8634
    0.0000  -30.0000  -37.5000 2457.8494   15.6606
    7.5000  -30.0000  -37.5000 2448.2896   15.6119
   -7.5000  -22.5000  -37.5000 2442.8923   15.8940
    0.0000  -22.5000  -37.5000 2472.9395   15.6931
    7.5000  -22.5000  -37.5000 2460.8765   15.6541
   -7.5000  -15.0000  -37.5000 2454.7588   15.8917
    0.0000  -15.0000  -37.5000 2479.9023   15.7186
    7.5000  -15.0000  -37.5000 2468.3562   15.6699
   -7.5000   -7.5000  -37.5000 2451.8743   15.8962
    0.0000   -7.5000  -37.5000 2477.4255   15.7561
    7.5000   -7.5000  -37.5000 2462.1692   15.7589
   -7.5000    0.0000  -37.5000 2444.9072   15.9761
    0.0000    0.0000  -37.5000 2470.6990   15.8516
    7.5000    0.0000  -37.5000 2453.4189   15.8554
   -7.5000    7.5000  -37.5000 2434.4524   16.2471
    0.0000    7.5000  -37.5000 2456.0317   16.0835
    7.5000    7.5000  -37.5000 2439.9731   16.1319
   -7.5000   15.0000  -37.5000 2419.3262   16.6180
    0.0000   15.0000  -37.5000 2442.8440   16.3978
    7.5000   15.0000  -37.5000 2426.3784   16.5118
   -7.5000   22.5000  -37.5000 2390.6245   17.2073
    0.0000   22.5000  -37.5000 2424.0850   17.0685
    7.5000   22.5000  -37.5000 2403.7922   17.1453
   -7.5000   30.0000  -37.5000 2348.3647   18.1028
    0.0000   30.0000  -37.5000 2385.0520   17.9613
    7.5000   30.0000  -37.5000 2361.8777   18.0608
   -7.5000   37.5000  -37.5000 2287.1379   19.3335
    0.0000   37.5000  -37.5000 2321.3186   19.1983
    7.5000   37.5000  -37.5000 2299.9941   19.3035
   -7.5000   45.0000  -37.5000 2197.6418   20.9223
    0.0000   45.0000  -37.5000 2234.3049   20.7520
    7.5000   45.0000  -37.5000 2212.4741   20.8501
   -7.5000  -45.0000  -30.0000 2500.3347   15.3942
    0.0000  -45.0000  -30.0000 2537.5161   15.2247
    7.5000  -45.0000  -30.0000 2531.3655   15.2012
   -7.5000  -37.5000  -30.0000 2527.8008   15.2706
    0.0000  -37.5000  -30.0000 2567.3040   15.0857
    7.5000  -37.5000  -30.0000 2557.1638   15.0688
   -7.5000  -30.0000  -30.0000 2550.3660   15.2273
    0.0000  -30.0000  -30.0000 2587.3638   15.0548
    7.5000  -30.0000  -30.0000 2577.6919   15.0267
   -7.5000  -22.5000  -30.0000 2567.1343   15.1924
    0.0000  -22.5000  -30.0000 2600.0076   14.9797
    7.5000  -22.5000  -30.0000 2591.9580   15.0604
   -7.5000  -15.0000  -30.0000 2578.4729   15.2018
    0.0000  -15.0000  -30.0000 2608.3689   15.0044
    7.5000  -15.0000  -30.0000 2594.8525   15.0246
   -7.5000   -7.5000  -30.0000 2576.3086   15.2520
    0.0000   -7.5000  -30.0000 2602.1685   15.0569
    7.5000   -7.5000  -30.0000 2593.1550   15.0678
   -7.5000    0.0000  -30.0000 2577.3867   15.3178
    0.0000    0.0000  -30.0000 2605.8286   15.1150
    7.5000    0.0000  -30.0000 2588.5208   15.1477
   -7.5000    7.5000  -30.0000 2578.6099   15.5702
    0.0000    7.5000  -30.0000 2609.1328   15.3822
    7.5000    7.5000  -30.0000 2586.0645   15.4268
   -7.5000   15.0000  -30.0000 2561.3052   15.9463
    0.0000   15.0000  -30.0000 2592.8657   15.7446
    7.5000   15.0000  -30.0000 2572.4841   15.8288
   -7.5000   22.5000  -30.0000 2535.5735   16.5591
    0.0000   22.5000  -30.0000 2571.8242   16.3944
    7.5000   22.5000  -30.0000 2546.7849   16.5090
   -7.5000   30.0000  -30.0000 2485.6125   17.4260
    0.0000   30.0000  -30.0000 2526.7244   17.2608
    7.5000   30.0000  -30.0000 2505.0315   17.3840
   -7.5000   37.5000  -30.0000 2425.0173   18.5975
    0.0000   37.5000  -30.0000 2452.8821   18.4276
    7.5000   37.5000  -30.0000 2435.2439   18.5412
   -7.5000   45.0000  -30.0000 2321.7712   20.1602
    0.0000   45.0000  -30.0000 2352.4180   19.9543
    7.5000   45.0000  -30.0000 2336.8364   20.0595
   -7.5000  -45.0000  -22.5000 2593.4868   14.7662
    0.0000  -45.0000  -22.5000 2631.3030   14.5862
    7.5000  -45.0000  -22.5000 2622.8572   14.5749
   -7.5000  -37.5000  -22.5000 2622.4285   14.6057
    0.0000  -37.5000  -22.5000 2665.8049   14.4131
    7.5000  -37.5000  -22.5000 2654.5679   14.4163
   -7.5000  -30.0000  -22.5000 2640.5361   14.5244
    0.0000  -30.0000  -22.5000 2679.9561   14.3185
    7.5000  -30.0000  -22.5000 2673.5991   14.3555
   -7.5000  -22.5000  -22.5000 2659.5273   14.4649
    0.0000  -22.5000  -22.5000 2691.6165   14.2427
    7.5000  -22.5000  -22.5000 2684.6472   14.3181
   -7.5000  -15.0000  -22.5000 2671.9148   14.4392
    0.0000  -15.0000  -22.5000 2702.7783   14.2272
    7.5000  -15.0000  -22.5000 2690.8108   14.2735
   -7.5000   -7.5000  -22.5000 2680.8411   14.4369
    0.0000   -7.5000  -22.5000 2704.5952   14.2072
    7.5000   -7.5000  -22.5000 2695.3694   14.2767
   -7.5000    0.0000  -22.5000 2684.4670   14.5549
    0.0000    0.0000  -22.5000 2712.8076   14.3206
    7.5000    0.0000  -22.5000 2698.9961   14.3531
   -7.5000    7.5000  -22.5000 2698.2947   14.8071
    0.0000    7.5000  -22.5000 2730.5369   14.5914
    7.5000    7.5000  -22.5000 2705.6147   14.6156
   -7.5000   15.0000  -22.5000 2686.8513   15.2035
    0.0000   15.0000  -22.5000 2721.4246   15.0310
    7.5000   15.0000  -22.5000 2695.6113   15.0891
   -7.5000   22.5000  -22.5000 2650.5193   15.8483
    0.0000   22.5000  -22.5000 2695.8784   15.6396
    7.5000   22.5000  -22.5000 2676.5593   15.7302
   -7.5000   30.0000  -22.5000 2603.4758   16.6637
    0.0000   30.0000  -22.5000 2644.2549   16.4588
    7.5000   30.0000  -22.5000 2622.6599   16.5772
   -7.5000   37.5000  -22.5000 2534.6904   17.7481
    0.0000   37.5000  -22.5000 2563.6855   17.5726
    7.5000   37.5000  -22.5000 2547.1001   17.6878
   -7.5000   45.0000  -22.5000 2428.2834   19.2706
    0.0000   45.0000  -22.5000 2451.8958   19.0384
    7.5000   45.0000  -22.5000 2442.8701   19.1209
   -7.5000  -45.0000  -15.0000 2637.8945   14.3174
    0.0000  -45.0000  -15.0000 2678.0964   14.1093
    7.5000  -45.0000  -15.0000 2671.3154   14.1362
   -7.5000  -37.5000  -15.0000 2667.4561   14.1040
    0.0000  -37.5000  -15.0000 2710.2710   13.8764
    7.5000  -37.5000  -15.0000 2700.2366   13.8806
   -7.5000  -30.0000  -15.0000 2685.9878   13.9586
    0.0000  -30.0000  -15.0000 2725.9851   13.7217
    7.5000  -30.0000  -15.0000 2719.0278   13.7516
   -7.5000  -22.5000  -15.0000 2706.5857   13.8654
    0.0000  -22.5000  -15.0000 2737.8152   13.6322
    7.5000  -22.5000  -15.0000 2730.5493   13.6572
   -7.5000  -15.0000  -15.0000 2726.2197   13.7884
    0.0000  -15.0000  -15.0000 2755.2244   13.5939
    7.5000  -15.0000  -15.0000 2744.1592   13.6087
   -7.5000   -7.5000  -15.0000 2748.2219   13.7554
    0.0000   -7.5000  -15.0000 2775.3154   13.5699
    7.5000   -7.5000  -15.0000 2763.1821   13.6201
   -7.5000    0.0000  -15.0000 2759.5081   13.8885
    0.0000    0.0000  -15.0000 2782.9644   13.6568
    7.5000    0.0000  -15.0000 2771.6455   13.7400
   -7.5000    7.5000  -15.0000 2777.0442   14.1648
    0.0000    7.5000  -15.0000 2810.2000   13.9191
    7.5000    7.5000  -15.0000 2782.4050   14.0255
   -7.5000   15.0000  -15.0000 2774.8926   14.5917
    0.0000   15.0000  -15.0000 2808.9058   14.3518
    7.5000   15.0000  -15.0000 2779.6851   14.4634
   -7.5000   22.5000  -15.0000 2742.6331   15.2282
    0.0000   22.5000  -15.0000 2780.3069   14.9631
    7.5000   22.5000  -15.0000 2758.7415   15.0628
   -7.5000   30.0000  -15.0000 2685.1987   15.9678
    0.0000   30.0000  -15.0000 2718.2664   15.7690
    7.5000   30.0000  -15.0000 2701.9832   15.8636
   -7.5000   37.5000  -15.0000 2597.3293   17.0210
    0.0000   37.5000  -15.0000 2628.7532   16.7934
    7.5000   37.5000  -15.0000 2612.6030   16.9367
   -7.5000   45.0000  -15.0000 2490.1370   18.4641
    0.0000   45.0000  -15.0000 2516.3311   18.2141
    7.5000   45.0000  -15.0000 2501.9756   18.3674
   -7.5000  -45.0000   -7.5000 2658.0679   14.0409
    0.0000  -45.0000   -7.5000 2693.1472   13.7854
    7.5000  -45.0000   -7.5000 2688.6875   13.7990
   -7.5000  -37.5000   -7.5000 2680.8774   13.7597
    0.0000  -37.5000   -7.5000 2716.3491   13.5136
    7.5000  -37.5000   -7.5000 2709.5923   13.5297
   -7.5000  -30.0000   -7.5000 2698.8010   13.5581
    0.0000  -30.0000   -7.5000 2728.2517   13.3236
    7.5000  -30.0000   -7.5000 2726.8284   13.3469
   -7.5000  -22.5000   -7.5000 2725.3481   13.4339
    0.0000  -22.5000   -7.5000 2745.9465   13.1876
    7.5000  -22.5000   -7.5000 2747.5408   13.2547
   -7.5000  -15.0000   -7.5000 2750.0750   13.3154
    0.0000  -15.0000   -7.5000 2771.8877   13.1419
    7.5000  -15.0000   -7.5000 2768.4175   13.1914
   -7.5000   -7.5000   -7.5000 2786.2402   13.3089
    0.0000   -7.5000   -7.5000 2815.2932   13.1410
    7.5000   -7.5000   -7.5000 2804.2764   13.1794
   -7.5000    0.0000   -7.5000 2817.0042   13.4733
    0.0000    0.0000   -7.5000 2842.0017   13.3162
    7.5000    0.0000   -7.5000 2829.9368   13.3503
   -7.5000    7.5000   -7.5000 2840.8232   13.7608
    0.0000    7.5000   -7.5000 2874.7979   13.6048
    7.5000    7.5000   -7.5000 2844.5515   13.6619
   -7.5000   15.0000   -7.5000 2840.3660   14.1257
    0.0000   15.0000   -7.5000 2878.1445   13.9101
    7.5000   15.0000   -7.5000 2838.2117   14.0096
   -7.5000   22.5000   -7.5000 2801.9302   14.6755
    0.0000   22.5000   -7.5000 2841.4185   14.4713
    7.5000   22.5000   -7.5000 2808.8752   14.5475
   -7.5000   30.0000   -7.5000 2731.6428   15.3876
    0.0000   30.0000   -7.5000 2768.7170   15.2427
    7.5000   30.0000   -7.5000 2746.2302   15.3057
   -7.5000   37.5000   -7.5000 2636.7324   16.3921
    0.0000   37.5000   -7.5000 2673.9656   16.2448
    7.5000   37.5000   -7.5000 2655.9402   16.3066
   -7.5000   45.0000   -7.5000 2523.3696   17.8095
    0.0000   45.0000   -7.5000 2556.2192   17.6832
    7.5000   45.0000   -7.5000 2536.6013   17.7015
   -7.5000  -45.0000    0.0000 2653.0437   13.9646
    0.0000  -45.0000    0.0000 2683.8928   13.6805
    7.5000  -45.0000    0.0000 2684.3740   13.7058
   -7.5000  -37.5000    0.0000 2674.7275   13.6189
    0.0000  -37.5000    0.0000 2697.8948   13.3842
    7.5000  -37.5000    0.0000 2697.5903   13.4255
   -7.5000  -30.0000    0.0000 2692.4634   13.4059
    0.0000  -30.0000    0.0000 2712.3828   13.1680
    7.5000  -30.0000    0.0000 2719.1978   13.2566
   -7.5000  -22.5000    0.0000 2719.6174   13.2603
    0.0000  -22.5000    0.0000 2740.7646   13.0136
    7.5000  -22.5000    0.0000 2743.7864   13.1595
   -7.5000  -15.0000    0.0000 2756.5735   13.1278
    0.0000  -15.0000    0.0000 2777.5605   12.9358
    7.5000  -15.0000    0.0000 2772.0417   13.0674
   -7.5000   -7.5000    0.0000 2805.3037   13.1185
    0.0000   -7.5000    0.0000 2835.2559   12.9797
    7.5000   -7.5000    0.0000 2822.7930   13.0625
   -7.5000    0.0000    0.0000 2849.9116   13.3360
    0.0000    0.0000    0.0000 2888.7439   13.2759
    7.5000    0.0000    0.0000 2864.8245   13.2721
   -7.5000    7.5000    0.0000 2886.1716   13.6960
    0.0000    7.5000    0.0000 2946.1074   13.7963
    7.5000    7.5000    0.0000 2900.1003   13.5939
   -7.5000   15.0000    0.0000 2888.3101   14.0457
    0.0000   15.0000    0.0000 2955.6208   13.9964
    7.5000   15.0000    0.0000 2886.2622   13.9446
   -7.5000   22.5000    0.0000 2840.7205   14.4324
    0.0000   22.5000    0.0000 2886.8506   14.3472
    7.5000   22.5000    0.0000 2834.6914   14.3530
   -7.5000   30.0000    0.0000 2761.6204   15.0312
    0.0000   30.0000    0.0000 2793.0105   14.9364
    7.5000   30.0000    0.0000 2765.8279   14.9721
   -7.5000   37.5000    0.0000 2661.5510   16.0189
    0.0000   37.5000    0.0000 2696.2485   15.8813
    7.5000   37.5000    0.0000 2678.0903   15.9061
   -7.5000   45.0000    0.0000 2543.3167   17.4918
    0.0000   45.0000    0.0000 2572.5947   17.3290
    7.5000   45.0000    0.0000 2551.1157   17.3552
   -7.5000  -45.0000    7.5000 2635.1611   14.1771
    0.0000  -45.0000    7.5000 2664.7512   13.8972
    7.5000  -45.0000    7.5000 2672.3689   13.9995
   -7.5000  -37.5000    7.5000 2649.2451   13.7882
    0.0000  -37.5000    7.5000 2672.0234   13.5511
    7.5000  -37.5000    7.5000 2682.0095   13.6775
   -7.5000  -30.0000    7.5000 2670.5530   13.5315
    0.0000  -30.0000    7.5000 2693.9924   13.3226
    7.5000  -30.0000    7.5000 2698.7297   13.4540
   -7.5000  -22.5000    7.5000 2705.7988   13.3661
    0.0000  -22.5000    7.5000 2732.1057   13.1720
    7.5000  -22.5000    7.5000 2732.0474   13.2902
   -7.5000  -15.0000    7.5000 2750.4666   13.2010
    0.0000  -15.0000    7.5000 2780.3176   13.0799
    7.5000  -15.0000    7.5000 2768.2898   13.1993
   -7.5000   -7.5000    7.5000 2806.2517   13.1715
    0.0000   -7.5000    7.5000 2845.8455   13.0916
    7.5000   -7.5000    7.5000 2821.3337   13.1960
   -7.5000    0.0000    7.5000 2865.4802   13.3746
    0.0000    0.0000    7.5000 2914.2173   13.3781
    7.5000    0.0000    7.5000 2874.5159   13.3954
   -7.5000    7.5000    7.5000 2911.7852   13.7739
    0.0000    7.5000    7.5000 2988.6497   13.8596
    7.5000    7.5000    7.5000 2932.2607   13.7721
   -7.5000   15.0000    7.5000 2913.4143   14.1487
    0.0000   15.0000    7.5000 2998.9980   14.1735
    7.5000   15.0000    7.5000 2926.6196   14.1095
   -7.5000   22.5000    7.5000 2857.1348   14.5104
    0.0000   22.5000    7.5000 2909.3899   14.4351
    7.5000   22.5000    7.5000 2858.5593   14.4668
   -7.5000   30.0000    7.5000 2770.4194   15.0066
    0.0000   30.0000    7.5000 2808.0044   14.8647
    7.5000   30.0000    7.5000 2775.6418   14.9443
   -7.5000   37.5000    7.5000 2662.4507   15.9222
    0.0000   37.5000    7.5000 2693.3879   15.7580
    7.5000   37.5000    7.5000 2671.2676   15.8074
   -7.5000   45.0000    7.5000 2544.4231   17.3575
    0.0000   45.0000    7.5000 2568.0750   17.1512
    7.5000   45.0000    7.5000 2549.0396   17.1872
   -7.5000  -45.0000   15.0000 2595.1406   14.5767
    0.0000  -45.0000   15.0000 2632.1643   14.3729
    7.5000  -45.0000   15.0000 2630.2957   14.4738
   -7.5000  -37.5000   15.0000 2612.2476   14.1714
    0.0000  -37.5000   15.0000 2645.4277   13.9601
    7.5000  -37.5000   15.0000 2645.7617   14.1169
   -7.5000  -30.0000   15.0000 2638.1609   13.9246
    0.0000  -30.0000   15.0000 2667.2957   13.7099
    7.5000  -30.0000   15.0000 2659.9656   13.8414
   -7.5000  -22.5000   15.0000 2681.9705   13.7106
    0.0000  -22.5000   15.0000 2703.4587   13.4934
    7.5000  -22.5000   15.0000 2694.5396   13.6582
   -7.5000  -15.0000   15.0000 2735.0388   13.5017
    0.0000  -15.0000   15.0000 2756.4819   13.3440
    7.5000  -15.0000   15.0000 2741.2214   13.5333
   -7.5000   -7.5000   15.0000 2797.2090   13.4265
    0.0000   -7.5000   15.0000 2824.9214   13.2789
    7.5000   -7.5000   15.0000 2800.5046   13.4650
   -7.5000    0.0000   15.0000 2853.5916   13.6164
    0.0000    0.0000   15.0000 2895.2014   13.4611
    7.5000    0.0000   15.0000 2860.5154   13.6014
   -7.5000    7.5000   15.0000 2893.5100   13.8578
    0.0000    7.5000   15.0000 2965.4397   13.7060
    7.5000    7.5000   15.0000 2916.1052   13.8657
   -7.5000   15.0000   15.0000 2896.2705   14.1816
    0.0000   15.0000   15.0000 2967.8979   13.9362
    7.5000   15.0000   15.0000 2910.1406   14.2010
   -7.5000   22.5000   15.0000 2844.4900   14.6508
    0.0000   22.5000   15.0000 2903.0898   14.4421
    7.5000   22.5000   15.0000 2852.6396   14.6515
   -7.5000   30.0000   15.0000 2748.4802   15.3277
    0.0000   30.0000   15.0000 2789.4153   15.1285
    7.5000   30.0000   15.0000 2755.5562   15.2706
   -7.5000   37.5000   15.0000 2638.5942   16.2147
    0.0000   37.5000   15.0000 2665.7949   16.0092
    7.5000   37.5000   15.0000 2646.6255   16.1152
   -7.5000   45.0000   15.0000 2521.8574   17.5612
    0.0000   45.0000   15.0000 2538.8032   17.3012
    7.5000   45.0000   15.0000 2526.1360   17.3741
   -7.5000  -45.0000   22.5000 2552.8733   15.2322
    0.0000  -45.0000   22.5000 2584.1560   14.9714
    7.5000  -45.0000   22.5000 2578.4700   15.0629
   -7.5000  -37.5000   22.5000 2577.2632   14.7930
    0.0000  -37.5000   22.5000 2607.0896   14.5089
    7.5000  -37.5000   22.5000 2599.7029   14.6610
   -7.5000  -30.0000   22.5000 2606.4097   14.4632
    0.0000  -30.0000   22.5000 2636.7920   14.1854
    7.5000  -30.0000   22.5000 2619.9341   14.3697
   -7.5000  -22.5000   22.5000 2652.4746   14.1785
    0.0000  -22.5000   22.5000 2676.5110   13.9350
    7.5000  -22.5000   22.5000 2659.1396   14.1247
   -7.5000  -15.0000   22.5000 2704.8359   13.9382
    0.0000  -15.0000   22.5000 2728.2197   13.7297
    7.5000  -15.0000   22.5000 2711.0686   13.9569
   -7.5000   -7.5000   22.5000 2768.7886   13.8797
    0.0000   -7.5000   22.5000 2794.9258   13.6588
    7.5000   -7.5000   22.5000 2772.6680   13.8604
   -7.5000    0.0000   22.5000 2822.6096   13.9086
    0.0000    0.0000   22.5000 2854.7146   13.7068
    7.5000    0.0000   22.5000 2828.7009   13.8901
   -7.5000    7.5000   22.5000 2849.9766   14.0695
    0.0000    7.5000   22.5000 2887.1951   13.7816
    7.5000    7.5000   22.5000 2858.2310   14.0893
   -7.5000   15.0000   22.5000 2842.3916   14.3835
    0.0000   15.0000   22.5000 2880.7937   14.0984
    7.5000   15.0000   22.5000 2846.8992   14.3881
   -7.5000   22.5000   22.5000 2802.6228   14.9274
    0.0000   22.5000   22.5000 2849.7073   14.6925
    7.5000   22.5000   22.5000 2808.5559   14.8875
   -7.5000   30.0000   22.5000 2713.3442   15.7336
    0.0000   30.0000   22.5000 2754.0598   15.4846
    7.5000   30.0000   22.5000 2719.8230   15.6272
   -7.5000   37.5000   22.5000 2601.2576   16.7249
    0.0000   37.5000   22.5000 2627.4167   16.4403
    7.5000   37.5000   22.5000 2610.4937   16.5756
   -7.5000   45.0000   22.5000 2485.0444   18.0604
    0.0000   45.0000   22.5000 2503.7124   17.8119
    7.5000   45.0000   22.5000 2490.2075   17.8968
   -7.5000  -45.0000   30.0000 2504.2952   15.9498
    0.0000  -45.0000   30.0000 2524.7915   15.5946
    7.5000  -45.0000   30.0000 2517.6287   15.7049
   -7.5000  -37.5000   30.0000 2529.6570   15.4372
    0.0000  -37.5000   30.0000 2557.3308   15.1029
    7.5000  -37.5000   30.0000 2548.4080   15.2691
   -7.5000  -30.0000   30.0000 2569.7573   15.0366
    0.0000  -30.0000   30.0000 2596.5789   14.7394
    7.5000  -30.0000   30.0000 2577.1086   14.9476
   -7.5000  -22.5000   30.0000 2622.0413   14.7155
    0.0000  -22.5000   30.0000 2646.6970   14.4516
    7.5000  -22.5000   30.0000 2622.6724   14.6843
   -7.5000  -15.0000   30.0000 2668.3079   14.4948
    0.0000  -15.0000   30.0000 2701.2253   14.2550
    7.5000  -15.0000   30.0000 2673.0496   14.4615
   -7.5000   -7.5000   30.0000 2725.6458   14.3801
    0.0000   -7.5000   30.0000 2753.1064   14.1757
    7.5000   -7.5000   30.0000 2724.6658   14.3429
   -7.5000    0.0000   30.0000 2760.8403   14.4028
    0.0000    0.0000   30.0000 2788.2266   14.1277
    7.5000    0.0000   30.0000 2763.5483   14.3281
   -7.5000    7.5000   30.0000 2785.2705   14.5059
    0.0000    7.5000   30.0000 2809.9568   14.1946
    7.5000    7.5000   30.0000 2783.3589   14.4518
   -7.5000   15.0000   30.0000 2770.9917   14.8915
    0.0000   15.0000   30.0000 2797.1694   14.5955
    7.5000   15.0000   30.0000 2770.4392   14.8098
   -7.5000   22.5000   30.0000 2734.7834   15.4515
    0.0000   22.5000   30.0000 2767.7637   15.2398
    7.5000   22.5000   30.0000 2734.3928   15.3764
   -7.5000   30.0000   30.0000 2655.2212   16.2827
    0.0000   30.0000   30.0000 2688.9985   16.0475
    7.5000   30.0000   30.0000 2655.3813   16.1958
   -7.5000   37.5000   30.0000 2553.7761   17.3126
    0.0000   37.5000   30.0000 2577.0591   17.0880
    7.5000   37.5000   30.0000 2556.6472   17.2167
   -7.5000   45.0000   30.0000 2437.2869   18.6580
    0.0000   45.0000   30.0000 2461.9087   18.4597
    7.5000   45.0000   30.0000 2438.2644   18.5405
   -7.5000  -45.0000   37.5000 2444.5427   16.7004
    0.0000  -45.0000   37.5000 2468.6443   16.2595
    7.5000  -45.0000   37.5000 2460.5940   16.4055
   -7.5000  -37.5000   37.5000 2478.1526   16.1348
    0.0000  -37.5000   37.5000 2502.8835   15.7549
    7.5000  -37.5000   37.5000 2497.0349   15.9420
   -7.5000  -30.0000   37.5000 2527.8247   15.7174
    0.0000  -30.0000   37.5000 2547.4741   15.3769
    7.5000  -30.0000   37.5000 2534.0566   15.5752
   -7.5000  -22.5000   37.5000 2580.0793   15.3985
    0.0000  -22.5000   37.5000 2603.2637   15.1052
    7.5000  -22.5000   37.5000 2581.9282   15.3260
   -7.5000  -15.0000   37.5000 2619.2068   15.1791
    0.0000  -15.0000   37.5000 2652.1853   14.9298
    7.5000  -15.0000   37.5000 2622.7451   15.1129
   -7.5000   -7.5000   37.5000 2664.9844   15.0600
    0.0000   -7.5000   37.5000 2702.7805   14.8391
    7.5000   -7.5000   37.5000 2667.2441   15.0081
   -7.5000    0.0000   37.5000 2693.0872   15.0815
    0.0000    0.0000   37.5000 2731.1860   14.8213
    7.5000    0.0000   37.5000 2696.5627   14.9976
   -7.5000    7.5000   37.5000 2711.1848   15.2065
    0.0000    7.5000   37.5000 2737.8340   14.9567
    7.5000    7.5000   37.5000 2706.9167   15.1306
   -7.5000   15.0000   37.5000 2693.1042   15.6094
    0.0000   15.0000   37.5000 2718.8716   15.3864
    7.5000   15.0000   37.5000 2690.3931   15.5230
   -7.5000   22.5000   37.5000 2653.2952   16.2390
    0.0000   22.5000   37.5000 2685.7637   15.9977
    7.5000   22.5000   37.5000 2652.1018   16.1150
   -7.5000   30.0000   37.5000 2576.7900   17.0973
    0.0000   30.0000   37.5000 2607.4639   16.8371
    7.5000   30.0000   37.5000 2575.8652   16.9693
   -7.5000   37.5000   37.5000 2487.3408   18.1301
    0.0000   37.5000   37.5000 2512.4893   17.8856
    7.5000   37.5000   37.5000 2488.4768   17.9987
   -7.5000   45.0000   37.5000 2374.3179   19.4743
    0.0000   45.0000   37.5000 2403.0083   19.3046
    7.5000   45.0000   37.5000 2380.5386   19.3828
   -7.5000  -45.0000   45.0000 2382.2419   17.6106
    0.0000  -45.0000   45.0000 2411.0581   17.1446
    7.5000  -45.0000   45.0000 2404.1157   17.3461
   -7.5000  -37.5000   45.0000 2422.3821   17.0219
    0.0000  -37.5000   45.0000 2452.4236   16.5716
    7.5000  -37.5000   45.0000 2440.8462   16.7663
   -7.5000  -30.0000   45.0000 2473.4321   16.5640
    0.0000  -30.0000   45.0000 2503.4917   16.2164
    7.5000  -30.0000   45.0000 2479.5256   16.3764
   -7.5000  -22.5000   45.0000 2523.3740   16.2627
    0.0000  -22.5000   45.0000 2550.4543   15.9896
    7.5000  -22.5000   45.0000 2528.8962   16.1411
   -7.5000  -15.0000   45.0000 2562.1760   16.0466
    0.0000  -15.0000   45.0000 2588.2627   15.8161
    7.5000  -15.0000   45.0000 2563.3818   15.9660
   -7.5000   -7.5000   45.0000 2590.4753   15.9174
    0.0000   -7.5000   45.0000 2623.7590   15.6891
    7.5000   -7.5000   45.0000 2595.0366   15.8383
   -7.5000    0.0000   45.0000 2610.6733   15.9371
    0.0000    0.0000   45.0000 2644.7466   15.7233
    7.5000    0.0000   45.0000 2612.4143   15.8579
   -7.5000    7.5000   45.0000 2621.8828   16.1782
    0.0000    7.5000   45.0000 2645.3591   15.9991
    7.5000    7.5000   45.0000 2619.3186   16.1143
   -7.5000   15.0000   45.0000 2598.7764   16.6582
    0.0000   15.0000   45.0000 2628.9858   16.4726
    7.5000   15.0000   45.0000 2601.5400   16.5665
   -7.5000   22.5000   45.0000 2561.3230   17.2688
    0.0000   22.5000   45.0000 2590.8823   17.0786
    7.5000   22.5000   45.0000 2561.0681   17.2011
   -7.5000   30.0000   45.0000 2496.3005   18.0895
    0.0000   30.0000   45.0000 2525.4209   17.8622
    7.5000   30.0000   45.0000 2487.4346   18.0252
   -7.5000   37.5000   45.0000 2406.8132   19.1506
    0.0000   37.5000   45.0000 2434.7942   18.9422
    7.5000   37.5000   45.0000 2406.9534   19.0742
   -7.5000   45.0000   45.0000 2304.9883   20.5105
    0.0000   45.0000   45.0000 2325.9521   20.3143
    7.5000   45.0000   45.0000 2304.4539   20.4229

---------------------------------------------------------------------
imgreg_4dfp /opt/freesurfer/average/711-2C_as_mni_average_305 /opt/freesurfer/average/711-2B_as_mni_average_305_mask talsrcimg_g11 none talsrcimg_to_711-2C_as_mni_average_305_t4 1283
---------------------------------------------------------------------

freesurfer imgreg_4dfp.c
/opt/freesurfer/average/711-2C_as_mni_average_305.4dfp.img
       256       256       256         1
  1.000000  1.000000  1.000000
orientation T byte_order littleendian
Reading image: /opt/freesurfer/average/711-2C_as_mni_average_305.4dfp.img
dimensions:      256       256       256
mmppix:       1.0000   -1.0000   -1.0000
center:     128.0000 -129.0000 -129.0000
/opt/freesurfer/average/711-2B_as_mni_average_305_mask.4dfp.img
       256       256       256         1
  1.000000  1.000000  1.000000
orientation T byte_order littleendian
Reading mask: /opt/freesurfer/average/711-2B_as_mni_average_305_mask.4dfp.img (2306576 pixels)
talsrcimg_g11.4dfp.img
       256       256       256         1
  1.000000  1.000000  1.000000
orientation T byte_order littleendian
Reading image: talsrcimg_g11.4dfp.img
dimensions:      256       256       256
mmppix:       1.0000   -1.0000   -1.0000
center:     128.0000 -129.0000 -129.0000
rotation matrix determinant  1.000000
fimgreg.f
image alignment mode   1283 decimal      503 hex
parameters
    0.0000   15.0000    7.5000    0.0000    0.0000    0.0000
eta,q 0.94036 14.19282
niter,ni,del,rscale     5    3   12.0000    1.2000
parameter  2  0.513900 ->  0.500000 qaram    1.1500
parameter  4  0.684623 ->  0.500000 qaram    1.1500
parameters
    0.1586   11.5500    7.3137   -3.4500    1.4807    1.6384
eta,q 0.94754 13.98024
  0.0799  0.0599  0.0632  0.0553  0.0697  0.0640
  0.0714  0.0575  0.0593  0.0532  0.0632  0.0597
  0.0641  0.0574  0.0576  0.0545  0.0571  0.0553
  0.0598  0.0596  0.0568  0.0569  0.0531  0.0525
  0.0631  0.0651  0.0576  0.0587  0.0528  0.0527
  0.0704  0.0738  0.0601  0.0620  0.0551  0.0541
  0.0779  0.0819  0.0640  0.0659  0.0595  0.0563
niter,ni,del,rscale     6    3   12.0000    1.2000
parameters
   -0.1819   13.4415    6.5285   -5.0973    1.7260    1.6841
eta,q 0.95056 14.05431
  0.0700  0.0739  0.0597  0.0576  0.0614  0.0585
  0.0608  0.0684  0.0544  0.0518  0.0544  0.0533
  0.0535  0.0596  0.0517  0.0489  0.0504  0.0497
  0.0525  0.0522  0.0519  0.0515  0.0493  0.0494
  0.0567  0.0521  0.0545  0.0554  0.0508  0.0508
  0.0638  0.0547  0.0589  0.0601  0.0545  0.0532
  0.0736  0.0613  0.0636  0.0646  0.0586  0.0578
niter,ni,del,rscale     5    3   12.0000    1.2000
parameters
   -0.2512   14.1823    6.7481   -5.6526    1.6504    1.6379
eta,q 0.95183 14.05669
  0.0698  0.0708  0.0620  0.0600  0.0596  0.0584
  0.0589  0.0636  0.0562  0.0545  0.0527  0.0526
  0.0509  0.0542  0.0512  0.0488  0.0489  0.0485
  0.0494  0.0494  0.0489  0.0489  0.0482  0.0482
  0.0533  0.0500  0.0501  0.0533  0.0501  0.0499
  0.0599  0.0561  0.0546  0.0573  0.0543  0.0529
  0.0698  0.0650  0.0607  0.0626  0.0590  0.0582
niter,ni,del,rscale     4    3   12.0000    1.2000
parameters
   -0.1740   14.4792    6.8383   -5.8695    1.5413    1.6484
eta,q 0.95218 14.05374
  0.0704  0.0694  0.0613  0.0611  0.0594  0.0586
  0.0591  0.0618  0.0556  0.0554  0.0523  0.0526
  0.0503  0.0530  0.0505  0.0493  0.0485  0.0484
  0.0482  0.0482  0.0481  0.0481  0.0478  0.0478
  0.0517  0.0504  0.0496  0.0524  0.0498  0.0494
  0.0585  0.0579  0.0544  0.0567  0.0542  0.0526
  0.0687  0.0676  0.0612  0.0616  0.0590  0.0581
niter,ni,del,rscale     3    3   12.0000    1.2000
parameters
   -0.1118   14.6007    6.8483   -5.9726    1.4762    1.6717
eta,q 0.95229 14.05200
  0.0702  0.0687  0.0610  0.0615  0.0596  0.0587
  0.0588  0.0614  0.0553  0.0557  0.0523  0.0526
  0.0500  0.0525  0.0502  0.0495  0.0484  0.0483
  0.0478  0.0479  0.0478  0.0478  0.0477  0.0477
  0.0513  0.0508  0.0496  0.0521  0.0496  0.0493
  0.0582  0.0587  0.0545  0.0566  0.0540  0.0526
  0.0688  0.0688  0.0616  0.0612  0.0588  0.0581
niter,ni,del,rscale     2    3   12.0000    1.2000
parameters
   -0.0789   14.6552    6.8439   -6.0261    1.4431    1.6880
eta,q 0.95233 14.05110
  0.0700  0.0684  0.0609  0.0617  0.0597  0.0586
  0.0586  0.0613  0.0552  0.0559  0.0524  0.0526
  0.0498  0.0523  0.0502  0.0496  0.0484  0.0483
  0.0477  0.0477  0.0477  0.0477  0.0477  0.0477
  0.0512  0.0509  0.0495  0.0519  0.0495  0.0492
  0.0583  0.0590  0.0545  0.0565  0.0539  0.0525
  0.0690  0.0693  0.0617  0.0611  0.0587  0.0582
registration optimization eta report
parameter search radius
    6.0000    6.9000    6.0000    6.9000    6.0000    6.0000
100000*second partial in parameter space
       60.       42.       37.       27.       32.       30.
  0.0700  0.0684  0.0609  0.0617  0.0597  0.0586
  0.0586  0.0613  0.0552  0.0559  0.0524  0.0526
  0.0498  0.0523  0.0502  0.0496  0.0484  0.0483
  0.0477  0.0477  0.0477  0.0477  0.0477  0.0477
  0.0512  0.0509  0.0495  0.0519  0.0495  0.0492
  0.0583  0.0590  0.0545  0.0565  0.0539  0.0525
  0.0690  0.0693  0.0617  0.0611  0.0587  0.0582
   -0.0789   14.6552    6.8439   -6.0261    1.4431    1.6880
eta,q 0.95233 14.05110

---------------------------------------------------------------------
imgreg_4dfp /opt/freesurfer/average/711-2C_as_mni_average_305 /opt/freesurfer/average/711-2B_as_mni_average_305_mask talsrcimg_g11 none talsrcimg_to_711-2C_as_mni_average_305_t4 3335
---------------------------------------------------------------------

freesurfer imgreg_4dfp.c
/opt/freesurfer/average/711-2C_as_mni_average_305.4dfp.img
       256       256       256         1
  1.000000  1.000000  1.000000
orientation T byte_order littleendian
Reading image: /opt/freesurfer/average/711-2C_as_mni_average_305.4dfp.img
dimensions:      256       256       256
mmppix:       1.0000   -1.0000   -1.0000
center:     128.0000 -129.0000 -129.0000
/opt/freesurfer/average/711-2B_as_mni_average_305_mask.4dfp.img
       256       256       256         1
  1.000000  1.000000  1.000000
orientation T byte_order littleendian
Reading mask: /opt/freesurfer/average/711-2B_as_mni_average_305_mask.4dfp.img (2306576 pixels)
talsrcimg_g11.4dfp.img
       256       256       256         1
  1.000000  1.000000  1.000000
orientation T byte_order littleendian
Reading image: talsrcimg_g11.4dfp.img
dimensions:      256       256       256
mmppix:       1.0000   -1.0000   -1.0000
center:     128.0000 -129.0000 -129.0000
fimgreg.f
image alignment mode   3335 decimal      D07 hex
parameters
   -0.0789   14.6552    6.8439   -0.0751   -0.5880   -0.5841
   -2.6652   -2.8127    2.9448   10.4199    2.5185  -10.4949
eta,q 0.95206 14.14515
niter,ni,del,rscale     5    3    5.0000    1.2000
parameter  4  1.543869 ->  0.500000 qaram    1.1500
parameter  5  1.492501 ->  0.500000 qaram    1.1500
parameter  6  0.625933 ->  0.500000 qaram    1.1500
parameters
   -0.1384   14.8665    7.0495   -4.2151   -4.7280   -4.7241
   -1.9443   -3.1460    2.4503    8.3401    0.7793  -12.1348
eta,q 0.96206 13.56431
  0.0519  0.0513  0.0498  0.0417  0.0384  0.0389  0.0425  0.0437  0.0407  0.0404  0.0387  0.0390
  0.0497  0.0496  0.0488  0.0433  0.0394  0.0385  0.0405  0.0408  0.0394  0.0388  0.0382  0.0383
  0.0483  0.0484  0.0482  0.0453  0.0412  0.0388  0.0391  0.0389  0.0386  0.0381  0.0380  0.0380
  0.0479  0.0479  0.0479  0.0479  0.0438  0.0398  0.0385  0.0385  0.0385  0.0384  0.0380  0.0380
  0.0485  0.0481  0.0480  0.0514  0.0470  0.0410  0.0387  0.0393  0.0389  0.0399  0.0384  0.0385
  0.0500  0.0489  0.0484  0.0557  0.0507  0.0429  0.0396  0.0415  0.0399  0.0424  0.0390  0.0395
  0.0523  0.0503  0.0493  0.0603  0.0547  0.0460  0.0412  0.0448  0.0414  0.0454  0.0398  0.0407
niter,ni,del,rscale     7    3    5.0000    1.2000
parameter  4  0.948123 ->  0.500000 qaram    1.3225
parameter  5  0.695272 ->  0.500000 qaram    1.3225
parameters
   -0.1156   14.8686    6.7027   -8.9761   -9.4890   -5.5304
   -2.0497   -3.0719    2.2856    7.8567    1.1330  -13.5087
eta,q 0.96692 12.89790
  0.0422  0.0416  0.0394  0.0347  0.0334  0.0368  0.0371  0.0401  0.0359  0.0367  0.0349  0.0344
  0.0399  0.0396  0.0384  0.0347  0.0333  0.0345  0.0350  0.0366  0.0345  0.0345  0.0340  0.0335
  0.0384  0.0383  0.0379  0.0359  0.0338  0.0334  0.0337  0.0342  0.0335  0.0335  0.0335  0.0331
  0.0379  0.0379  0.0379  0.0379  0.0349  0.0333  0.0332  0.0332  0.0332  0.0332  0.0332  0.0332
  0.0384  0.0384  0.0384  0.0404  0.0369  0.0343  0.0338  0.0340  0.0336  0.0338  0.0333  0.0337
  0.0397  0.0396  0.0392  0.0436  0.0400  0.0359  0.0353  0.0363  0.0346  0.0353  0.0338  0.0346
  0.0421  0.0415  0.0405  0.0480  0.0439  0.0380  0.0373  0.0399  0.0361  0.0377  0.0347  0.0359
niter,ni,del,rscale     7    3    5.0000    1.2000
parameters
   -0.1138   14.8853    6.9567  -11.6983  -11.3742   -5.3844
   -2.1344   -3.1179    1.9615    7.6642    1.2825  -13.8626
eta,q 0.96757 12.57666
  0.0384  0.0366  0.0360  0.0356  0.0351  0.0372  0.0365  0.0390  0.0350  0.0364  0.0341  0.0343
  0.0354  0.0347  0.0344  0.0336  0.0333  0.0347  0.0343  0.0357  0.0336  0.0340  0.0332  0.0333
  0.0337  0.0335  0.0335  0.0327  0.0325  0.0330  0.0329  0.0333  0.0327  0.0328  0.0327  0.0326
  0.0331  0.0331  0.0331  0.0331  0.0326  0.0325  0.0325  0.0325  0.0325  0.0325  0.0324  0.0324
  0.0337  0.0335  0.0332  0.0350  0.0336  0.0331  0.0330  0.0333  0.0329  0.0330  0.0326  0.0328
  0.0355  0.0346  0.0338  0.0379  0.0355  0.0347  0.0345  0.0357  0.0339  0.0345  0.0331  0.0335
  0.0383  0.0365  0.0349  0.0414  0.0385  0.0367  0.0367  0.0393  0.0355  0.0366  0.0340  0.0347
niter,ni,del,rscale     6    3    5.0000    1.2000
parameters
   -0.1436   14.9388    7.1946  -11.9070  -11.5219   -5.1474
   -2.0942   -3.1505    1.9182    7.6831    1.3617  -13.8038
eta,q 0.96757 12.56927
  0.0375  0.0361  0.0353  0.0375  0.0366  0.0373  0.0367  0.0390  0.0352  0.0366  0.0341  0.0345
  0.0347  0.0341  0.0338  0.0350  0.0341  0.0348  0.0344  0.0356  0.0337  0.0342  0.0332  0.0334
  0.0330  0.0329  0.0328  0.0332  0.0328  0.0330  0.0330  0.0332  0.0327  0.0328  0.0326  0.0326
  0.0324  0.0324  0.0324  0.0324  0.0324  0.0324  0.0324  0.0324  0.0324  0.0324  0.0324  0.0324
  0.0331  0.0328  0.0326  0.0330  0.0330  0.0330  0.0329  0.0333  0.0328  0.0329  0.0326  0.0327
  0.0349  0.0339  0.0332  0.0352  0.0344  0.0347  0.0344  0.0356  0.0337  0.0344  0.0331  0.0333
  0.0377  0.0358  0.0343  0.0382  0.0367  0.0366  0.0365  0.0392  0.0352  0.0364  0.0340  0.0344
niter,ni,del,rscale     5    3    5.0000    1.2000
parameters
   -0.1569   14.9329    7.2686  -11.9316  -11.5622   -5.0386
   -2.0864   -3.1664    1.8941    7.6668    1.4030  -13.7506
eta,q 0.96756 12.57142
  0.0376  0.0359  0.0349  0.0377  0.0367  0.0372  0.0366  0.0391  0.0352  0.0366  0.0341  0.0345
  0.0347  0.0340  0.0335  0.0351  0.0342  0.0346  0.0344  0.0357  0.0337  0.0342  0.0332  0.0334
  0.0330  0.0328  0.0327  0.0333  0.0328  0.0329  0.0330  0.0333  0.0328  0.0328  0.0326  0.0326
  0.0324  0.0324  0.0324  0.0324  0.0324  0.0324  0.0324  0.0324  0.0324  0.0324  0.0324  0.0324
  0.0331  0.0328  0.0327  0.0330  0.0330  0.0331  0.0330  0.0333  0.0328  0.0330  0.0326  0.0327
  0.0349  0.0340  0.0334  0.0350  0.0344  0.0347  0.0344  0.0356  0.0337  0.0344  0.0331  0.0333
  0.0376  0.0360  0.0346  0.0380  0.0366  0.0367  0.0366  0.0392  0.0352  0.0365  0.0341  0.0344
niter,ni,del,rscale     4    3    5.0000    1.2000
parameters
   -0.1611   14.9266    7.3037  -11.9363  -11.5777   -4.9962
   -2.0824   -3.1700    1.8836    7.6518    1.4242  -13.7225
eta,q 0.96756 12.57229
  0.0376  0.0359  0.0349  0.0378  0.0367  0.0371  0.0366  0.0391  0.0352  0.0366  0.0341  0.0345
  0.0348  0.0340  0.0335  0.0351  0.0342  0.0346  0.0344  0.0357  0.0337  0.0342  0.0332  0.0334
  0.0330  0.0328  0.0327  0.0333  0.0328  0.0329  0.0330  0.0333  0.0328  0.0328  0.0326  0.0326
  0.0324  0.0324  0.0324  0.0324  0.0324  0.0324  0.0324  0.0324  0.0324  0.0324  0.0324  0.0324
  0.0331  0.0328  0.0327  0.0330  0.0330  0.0331  0.0330  0.0333  0.0328  0.0330  0.0326  0.0327
  0.0348  0.0340  0.0335  0.0350  0.0344  0.0348  0.0344  0.0356  0.0337  0.0344  0.0331  0.0333
  0.0376  0.0360  0.0347  0.0380  0.0366  0.0367  0.0366  0.0392  0.0352  0.0365  0.0341  0.0345
niter,ni,del,rscale     3    3    5.0000    1.2000
parameters
   -0.1621   14.9229    7.3172  -11.9396  -11.5851   -4.9755
   -2.0816   -3.1705    1.8766    7.6449    1.4356  -13.7078
eta,q 0.96755 12.57268
  0.0376  0.0359  0.0348  0.0378  0.0367  0.0371  0.0366  0.0391  0.0352  0.0366  0.0341  0.0345
  0.0348  0.0340  0.0335  0.0351  0.0343  0.0345  0.0344  0.0357  0.0337  0.0342  0.0332  0.0334
  0.0330  0.0328  0.0327  0.0333  0.0328  0.0329  0.0330  0.0333  0.0328  0.0328  0.0326  0.0326
  0.0324  0.0324  0.0324  0.0324  0.0324  0.0324  0.0324  0.0324  0.0324  0.0324  0.0324  0.0324
  0.0331  0.0328  0.0327  0.0330  0.0330  0.0331  0.0330  0.0333  0.0328  0.0330  0.0326  0.0327
  0.0348  0.0340  0.0335  0.0350  0.0344  0.0348  0.0344  0.0356  0.0337  0.0344  0.0332  0.0333
  0.0376  0.0360  0.0347  0.0380  0.0366  0.0368  0.0366  0.0391  0.0352  0.0365  0.0341  0.0345
registration optimization eta report
parameter search radius
    2.4000    2.4000    2.4000    9.5220    9.5220    8.2800
    7.2000    7.2000    7.2000    7.2000    7.2000    7.2000
100000*second partial in parameter space
       89.       61.       40.        6.        5.        6.
        8.       13.        5.        8.        3.        4.
  0.0376  0.0359  0.0348  0.0378  0.0367  0.0371  0.0366  0.0391  0.0352  0.0366  0.0341  0.0345
  0.0348  0.0340  0.0335  0.0351  0.0343  0.0345  0.0344  0.0357  0.0337  0.0342  0.0332  0.0334
  0.0330  0.0328  0.0327  0.0333  0.0328  0.0329  0.0330  0.0333  0.0328  0.0328  0.0326  0.0326
  0.0324  0.0324  0.0324  0.0324  0.0324  0.0324  0.0324  0.0324  0.0324  0.0324  0.0324  0.0324
  0.0331  0.0328  0.0327  0.0330  0.0330  0.0331  0.0330  0.0333  0.0328  0.0330  0.0326  0.0327
  0.0348  0.0340  0.0335  0.0350  0.0344  0.0348  0.0344  0.0356  0.0337  0.0344  0.0332  0.0333
  0.0376  0.0360  0.0347  0.0380  0.0366  0.0368  0.0366  0.0391  0.0352  0.0365  0.0341  0.0345
   -0.1621   14.9229    7.3172  -11.9396  -11.5851   -4.9755
   -2.0816   -3.1705    1.8766    7.6449    1.4356  -13.7078
eta,q 0.96755 12.57268

---------------------------------------------------------------------
imgreg_4dfp /opt/freesurfer/average/711-2C_as_mni_average_305 /opt/freesurfer/average/711-2B_as_mni_average_305_mask talsrcimg_g11 none talsrcimg_to_711-2C_as_mni_average_305_t4 2311
---------------------------------------------------------------------

freesurfer imgreg_4dfp.c
/opt/freesurfer/average/711-2C_as_mni_average_305.4dfp.img
       256       256       256         1
  1.000000  1.000000  1.000000
orientation T byte_order littleendian
Reading image: /opt/freesurfer/average/711-2C_as_mni_average_305.4dfp.img
dimensions:      256       256       256
mmppix:       1.0000   -1.0000   -1.0000
center:     128.0000 -129.0000 -129.0000
/opt/freesurfer/average/711-2B_as_mni_average_305_mask.4dfp.img
       256       256       256         1
  1.000000  1.000000  1.000000
orientation T byte_order littleendian
Reading mask: /opt/freesurfer/average/711-2B_as_mni_average_305_mask.4dfp.img (2306576 pixels)
talsrcimg_g11.4dfp.img
       256       256       256         1
  1.000000  1.000000  1.000000
orientation T byte_order littleendian
Reading image: talsrcimg_g11.4dfp.img
dimensions:      256       256       256
mmppix:       1.0000   -1.0000   -1.0000
center:     128.0000 -129.0000 -129.0000
fimgreg.f
image alignment mode   2311 decimal      907 hex
parameters
   -0.1621   14.9229    7.3172  -11.9396  -11.5851   -4.9755
   -2.0816   -3.1705    1.8766    7.6449    1.4356  -13.7078
eta,q 0.96756 12.57268
niter,ni,del,rscale     5    3    5.0000    0.8000
parameters
   -0.1706   14.9224    7.2805  -11.6452  -11.7647   -5.2770
   -2.0971   -3.1506    1.8646    7.4508    1.4581  -13.6835
eta,q 0.96758 12.55632
  0.0348  0.0340  0.0334  0.0341  0.0334  0.0339  0.0344  0.0357  0.0337  0.0341  0.0331  0.0334
  0.0335  0.0332  0.0329  0.0333  0.0328  0.0330  0.0333  0.0339  0.0330  0.0331  0.0327  0.0328
  0.0327  0.0326  0.0325  0.0327  0.0325  0.0325  0.0327  0.0328  0.0326  0.0326  0.0325  0.0325
  0.0324  0.0324  0.0324  0.0324  0.0324  0.0324  0.0324  0.0324  0.0324  0.0324  0.0324  0.0324
  0.0327  0.0326  0.0326  0.0325  0.0326  0.0327  0.0327  0.0328  0.0326  0.0327  0.0325  0.0326
  0.0335  0.0332  0.0330  0.0330  0.0330  0.0333  0.0333  0.0339  0.0330  0.0334  0.0327  0.0328
  0.0348  0.0340  0.0335  0.0339  0.0336  0.0344  0.0344  0.0356  0.0337  0.0344  0.0331  0.0333
niter,ni,del,rscale     4    3    5.0000    0.7000
parameters
   -0.1685   14.9187    7.2267  -11.5915  -11.7714   -5.3763
   -2.1051   -3.1524    1.8826    7.4287    1.4555  -13.7486
eta,q 0.96759 12.55244
  0.0343  0.0336  0.0331  0.0336  0.0332  0.0337  0.0339  0.0349  0.0334  0.0338  0.0330  0.0331
  0.0332  0.0329  0.0327  0.0330  0.0328  0.0329  0.0331  0.0335  0.0328  0.0330  0.0327  0.0327
  0.0326  0.0326  0.0325  0.0326  0.0325  0.0325  0.0326  0.0327  0.0325  0.0326  0.0325  0.0324
  0.0324  0.0324  0.0324  0.0324  0.0324  0.0324  0.0324  0.0324  0.0324  0.0324  0.0324  0.0324
  0.0326  0.0326  0.0325  0.0325  0.0325  0.0326  0.0326  0.0327  0.0325  0.0326  0.0325  0.0325
  0.0332  0.0330  0.0328  0.0329  0.0328  0.0330  0.0331  0.0336  0.0328  0.0331  0.0326  0.0328
  0.0342  0.0336  0.0332  0.0336  0.0332  0.0338  0.0339  0.0349  0.0334  0.0339  0.0330  0.0331
niter,ni,del,rscale     3    3    5.0000    0.6000
parameters
   -0.1679   14.9215    7.1948  -11.5353  -11.7632   -5.4095
   -2.0972   -3.1543    1.8954    7.4418    1.4524  -13.8359
eta,q 0.96760 12.55507
  0.0338  0.0333  0.0330  0.0333  0.0330  0.0334  0.0335  0.0343  0.0331  0.0335  0.0328  0.0329
  0.0330  0.0328  0.0326  0.0329  0.0327  0.0328  0.0329  0.0332  0.0327  0.0329  0.0326  0.0326
  0.0326  0.0325  0.0325  0.0326  0.0325  0.0325  0.0325  0.0326  0.0325  0.0325  0.0325  0.0324
  0.0324  0.0324  0.0324  0.0324  0.0324  0.0324  0.0324  0.0324  0.0324  0.0324  0.0324  0.0324
  0.0326  0.0325  0.0325  0.0325  0.0325  0.0325  0.0325  0.0326  0.0325  0.0325  0.0324  0.0325
  0.0330  0.0328  0.0327  0.0328  0.0327  0.0328  0.0329  0.0333  0.0327  0.0329  0.0326  0.0327
  0.0337  0.0333  0.0330  0.0333  0.0330  0.0334  0.0335  0.0343  0.0331  0.0335  0.0328  0.0329
niter,ni,del,rscale     2    3    5.0000    0.5000
parameters
   -0.1690   14.9268    7.1681  -11.4903  -11.7473   -5.4379
   -2.0852   -3.1607    1.9097    7.4641    1.4415  -13.9381
eta,q 0.96760 12.55796
  0.0333  0.0330  0.0328  0.0330  0.0328  0.0331  0.0332  0.0337  0.0329  0.0331  0.0327  0.0328
  0.0328  0.0327  0.0326  0.0327  0.0326  0.0327  0.0328  0.0330  0.0326  0.0327  0.0325  0.0325
  0.0325  0.0325  0.0324  0.0325  0.0325  0.0325  0.0325  0.0326  0.0325  0.0325  0.0324  0.0324
  0.0324  0.0324  0.0324  0.0324  0.0324  0.0324  0.0324  0.0324  0.0324  0.0324  0.0324  0.0324
  0.0325  0.0325  0.0325  0.0325  0.0324  0.0325  0.0325  0.0326  0.0325  0.0325  0.0324  0.0325
  0.0328  0.0327  0.0326  0.0327  0.0326  0.0327  0.0328  0.0330  0.0326  0.0327  0.0325  0.0326
  0.0333  0.0330  0.0328  0.0330  0.0328  0.0331  0.0332  0.0337  0.0329  0.0331  0.0327  0.0328
niter,ni,del,rscale     1    3    5.0000    0.4000
parameters
   -0.1712   14.9341    7.1477  -11.4365  -11.7311   -5.4471
   -2.0749   -3.1604    1.9291    7.5090    1.4425  -14.0538
eta,q 0.96761 12.56311
  0.0330  0.0328  0.0326  0.0328  0.0327  0.0328  0.0329  0.0332  0.0327  0.0329  0.0326  0.0326
  0.0327  0.0326  0.0325  0.0326  0.0325  0.0326  0.0326  0.0328  0.0326  0.0326  0.0325  0.0325
  0.0325  0.0325  0.0324  0.0325  0.0324  0.0324  0.0325  0.0325  0.0324  0.0325  0.0324  0.0324
  0.0324  0.0324  0.0324  0.0324  0.0324  0.0324  0.0324  0.0324  0.0324  0.0324  0.0324  0.0324
  0.0325  0.0324  0.0324  0.0324  0.0324  0.0324  0.0325  0.0325  0.0324  0.0324  0.0324  0.0324
  0.0327  0.0326  0.0325  0.0326  0.0325  0.0326  0.0326  0.0328  0.0325  0.0326  0.0325  0.0325
  0.0330  0.0328  0.0327  0.0328  0.0327  0.0328  0.0329  0.0332  0.0327  0.0328  0.0326  0.0327
registration optimization eta report
parameter search radius
    0.8000    0.8000    0.8000    2.4000    2.4000    2.4000
    2.4000    2.4000    2.4000    2.4000    2.4000    2.4000
100000*second partial in parameter space
       94.       61.       40.        7.        5.        7.
        9.       15.        6.        8.        3.        4.
  0.0330  0.0328  0.0326  0.0328  0.0327  0.0328  0.0329  0.0332  0.0327  0.0329  0.0326  0.0326
  0.0327  0.0326  0.0325  0.0326  0.0325  0.0326  0.0326  0.0328  0.0326  0.0326  0.0325  0.0325
  0.0325  0.0325  0.0324  0.0325  0.0324  0.0324  0.0325  0.0325  0.0324  0.0325  0.0324  0.0324
  0.0324  0.0324  0.0324  0.0324  0.0324  0.0324  0.0324  0.0324  0.0324  0.0324  0.0324  0.0324
  0.0325  0.0324  0.0324  0.0324  0.0324  0.0324  0.0325  0.0325  0.0324  0.0324  0.0324  0.0324
  0.0327  0.0326  0.0325  0.0326  0.0325  0.0326  0.0326  0.0328  0.0325  0.0326  0.0325  0.0325
  0.0330  0.0328  0.0327  0.0328  0.0327  0.0328  0.0329  0.0332  0.0327  0.0328  0.0326  0.0327
   -0.1712   14.9341    7.1477  -11.4365  -11.7311   -5.4471
   -2.0749   -3.1604    1.9291    7.5090    1.4425  -14.0538
eta,q 0.96761 12.56311

---------------------------------------------------------------------
imgreg_4dfp /opt/freesurfer/average/711-2C_as_mni_average_305 /opt/freesurfer/average/711-2B_as_mni_average_305_mask talsrcimg_g11 none talsrcimg_to_711-2C_as_mni_average_305_t4 2311
---------------------------------------------------------------------

freesurfer imgreg_4dfp.c
/opt/freesurfer/average/711-2C_as_mni_average_305.4dfp.img
       256       256       256         1
  1.000000  1.000000  1.000000
orientation T byte_order littleendian
Reading image: /opt/freesurfer/average/711-2C_as_mni_average_305.4dfp.img
dimensions:      256       256       256
mmppix:       1.0000   -1.0000   -1.0000
center:     128.0000 -129.0000 -129.0000
/opt/freesurfer/average/711-2B_as_mni_average_305_mask.4dfp.img
       256       256       256         1
  1.000000  1.000000  1.000000
orientation T byte_order littleendian
Reading mask: /opt/freesurfer/average/711-2B_as_mni_average_305_mask.4dfp.img (2306576 pixels)
talsrcimg_g11.4dfp.img
       256       256       256         1
  1.000000  1.000000  1.000000
orientation T byte_order littleendian
Reading image: talsrcimg_g11.4dfp.img
dimensions:      256       256       256
mmppix:       1.0000   -1.0000   -1.0000
center:     128.0000 -129.0000 -129.0000
fimgreg.f
image alignment mode   2311 decimal      907 hex
parameters
   -0.1712   14.9341    7.1477  -11.4365  -11.7311   -5.4471
   -2.0749   -3.1604    1.9291    7.5090    1.4425  -14.0538
eta,q 0.96761 12.56311
niter,ni,del,rscale     5    3    5.0000    0.8000
parameters
   -0.1651   14.9470    7.1627  -11.6287  -11.7337   -5.4299
   -2.0993   -3.1470    1.8825    7.5100    1.3685  -13.7989
eta,q 0.96760 12.55147
  0.0348  0.0340  0.0335  0.0338  0.0335  0.0342  0.0343  0.0356  0.0336  0.0343  0.0331  0.0335
  0.0335  0.0331  0.0329  0.0331  0.0329  0.0332  0.0333  0.0339  0.0329  0.0332  0.0327  0.0329
  0.0327  0.0326  0.0325  0.0326  0.0325  0.0326  0.0326  0.0328  0.0325  0.0326  0.0325  0.0325
  0.0324  0.0324  0.0324  0.0324  0.0324  0.0324  0.0324  0.0324  0.0324  0.0324  0.0324  0.0324
  0.0327  0.0326  0.0325  0.0326  0.0325  0.0326  0.0326  0.0328  0.0325  0.0326  0.0325  0.0325
  0.0334  0.0331  0.0329  0.0332  0.0329  0.0332  0.0333  0.0339  0.0330  0.0332  0.0327  0.0328
  0.0348  0.0339  0.0334  0.0342  0.0335  0.0342  0.0344  0.0356  0.0337  0.0343  0.0332  0.0332
niter,ni,del,rscale     4    3    5.0000    0.7000
parameters
   -0.1653   14.9337    7.1796  -11.5783  -11.7393   -5.4278
   -2.1048   -3.1460    1.8959    7.4562    1.4182  -13.7963
eta,q 0.96760 12.55335
  0.0342  0.0336  0.0332  0.0336  0.0332  0.0338  0.0339  0.0349  0.0334  0.0338  0.0330  0.0332
  0.0332  0.0329  0.0328  0.0330  0.0328  0.0330  0.0331  0.0335  0.0328  0.0330  0.0327  0.0327
  0.0326  0.0325  0.0325  0.0326  0.0325  0.0325  0.0326  0.0327  0.0325  0.0326  0.0325  0.0324
  0.0324  0.0324  0.0324  0.0324  0.0324  0.0324  0.0324  0.0324  0.0324  0.0324  0.0324  0.0324
  0.0326  0.0325  0.0325  0.0325  0.0325  0.0325  0.0326  0.0327  0.0325  0.0326  0.0325  0.0325
  0.0332  0.0330  0.0328  0.0329  0.0328  0.0330  0.0331  0.0336  0.0328  0.0331  0.0326  0.0328
  0.0342  0.0336  0.0332  0.0336  0.0332  0.0338  0.0339  0.0349  0.0334  0.0339  0.0329  0.0331
niter,ni,del,rscale     3    3    5.0000    0.6000
parameters
   -0.1660   14.9274    7.1720  -11.5293  -11.7457   -5.4316
   -2.0969   -3.1498    1.9007    7.4532    1.4373  -13.8620
eta,q 0.96760 12.55565
  0.0337  0.0333  0.0330  0.0333  0.0330  0.0334  0.0335  0.0343  0.0331  0.0334  0.0328  0.0329
  0.0330  0.0328  0.0326  0.0329  0.0327  0.0328  0.0329  0.0332  0.0327  0.0329  0.0326  0.0326
  0.0326  0.0325  0.0325  0.0326  0.0325  0.0325  0.0325  0.0326  0.0325  0.0325  0.0325  0.0324
  0.0324  0.0324  0.0324  0.0324  0.0324  0.0324  0.0324  0.0324  0.0324  0.0324  0.0324  0.0324
  0.0326  0.0325  0.0325  0.0325  0.0325  0.0325  0.0325  0.0326  0.0325  0.0325  0.0324  0.0325
  0.0330  0.0328  0.0327  0.0328  0.0327  0.0328  0.0329  0.0333  0.0327  0.0329  0.0326  0.0327
  0.0337  0.0333  0.0330  0.0333  0.0330  0.0334  0.0335  0.0343  0.0331  0.0335  0.0328  0.0329
niter,ni,del,rscale     2    3    5.0000    0.5000
parameters
   -0.1681   14.9297    7.1626  -11.4925  -11.7460   -5.4405
   -2.0905   -3.1613    1.9096    7.4706    1.4450  -13.9482
eta,q 0.96760 12.55794
  0.0333  0.0330  0.0328  0.0330  0.0328  0.0331  0.0332  0.0337  0.0329  0.0331  0.0327  0.0328
  0.0328  0.0327  0.0326  0.0327  0.0326  0.0327  0.0328  0.0330  0.0326  0.0327  0.0325  0.0325
  0.0325  0.0325  0.0324  0.0325  0.0325  0.0325  0.0325  0.0326  0.0325  0.0325  0.0324  0.0324
  0.0324  0.0324  0.0324  0.0324  0.0324  0.0324  0.0324  0.0324  0.0324  0.0324  0.0324  0.0324
  0.0325  0.0325  0.0324  0.0325  0.0324  0.0325  0.0325  0.0326  0.0325  0.0325  0.0324  0.0325
  0.0328  0.0327  0.0326  0.0327  0.0326  0.0327  0.0328  0.0330  0.0326  0.0327  0.0325  0.0326
  0.0333  0.0330  0.0328  0.0330  0.0328  0.0331  0.0332  0.0337  0.0329  0.0331  0.0327  0.0328
niter,ni,del,rscale     1    3    5.0000    0.4000
parameters
   -0.1704   14.9366    7.1470  -11.4494  -11.7326   -5.4415
   -2.0789   -3.1654    1.9312    7.5092    1.4399  -14.0580
eta,q 0.96761 12.56268
  0.0330  0.0328  0.0327  0.0328  0.0327  0.0328  0.0329  0.0332  0.0327  0.0329  0.0326  0.0326
  0.0327  0.0326  0.0325  0.0326  0.0325  0.0326  0.0326  0.0328  0.0325  0.0326  0.0325  0.0325
  0.0325  0.0324  0.0324  0.0325  0.0324  0.0324  0.0325  0.0325  0.0324  0.0325  0.0324  0.0324
  0.0324  0.0324  0.0324  0.0324  0.0324  0.0324  0.0324  0.0324  0.0324  0.0324  0.0324  0.0324
  0.0325  0.0324  0.0324  0.0324  0.0324  0.0324  0.0325  0.0325  0.0324  0.0324  0.0324  0.0324
  0.0327  0.0326  0.0325  0.0326  0.0325  0.0326  0.0326  0.0328  0.0325  0.0326  0.0325  0.0325
  0.0330  0.0328  0.0327  0.0328  0.0327  0.0328  0.0329  0.0332  0.0327  0.0328  0.0326  0.0327
registration optimization eta report
parameter search radius
    0.8000    0.8000    0.8000    2.4000    2.4000    2.4000
    2.4000    2.4000    2.4000    2.4000    2.4000    2.4000
100000*second partial in parameter space
       94.       62.       41.        7.        5.        7.
        9.       15.        5.        8.        3.        4.
  0.0330  0.0328  0.0327  0.0328  0.0327  0.0328  0.0329  0.0332  0.0327  0.0329  0.0326  0.0326
  0.0327  0.0326  0.0325  0.0326  0.0325  0.0326  0.0326  0.0328  0.0325  0.0326  0.0325  0.0325
  0.0325  0.0324  0.0324  0.0325  0.0324  0.0324  0.0325  0.0325  0.0324  0.0325  0.0324  0.0324
  0.0324  0.0324  0.0324  0.0324  0.0324  0.0324  0.0324  0.0324  0.0324  0.0324  0.0324  0.0324
  0.0325  0.0324  0.0324  0.0324  0.0324  0.0324  0.0325  0.0325  0.0324  0.0324  0.0324  0.0324
  0.0327  0.0326  0.0325  0.0326  0.0325  0.0326  0.0326  0.0328  0.0325  0.0326  0.0325  0.0325
  0.0330  0.0328  0.0327  0.0328  0.0327  0.0328  0.0329  0.0332  0.0327  0.0328  0.0326  0.0327
   -0.1704   14.9366    7.1470  -11.4494  -11.7326   -5.4415
   -2.0789   -3.1654    1.9312    7.5092    1.4399  -14.0580
eta,q 0.96761 12.56268

---------------------------------------------------------------------
compute_vox2vox talsrcimg talsrcimg_to_711-2C_as_mni_average_305_t4 /opt/freesurfer/average/711-2C_as_mni_average_305
---------------------------------------------------------------------

freesurfer compute_vox2vox.c
Reading: talsrcimg.4dfp.ifh
Reading: talsrcimg_to_711-2C_as_mni_average_305_t4
Reading: /opt/freesurfer/average/711-2C_as_mni_average_305.4dfp.ifh
Writing: talsrcimg_to_711-2C_as_mni_average_305_t4_vox2vox.txt

start time Tue Mar 10 02:46:55 CET 2026
end		time Tue Mar 10 02:48:26 CET 2026

mpr2mni305 success

avi2talxfm orig_nu.mgz /opt/freesurfer/average/mni305.cor.mgz talsrcimg_to_711-2C_as_mni_average_305_t4_vox2vox.txt transforms/talairach.auto.xfm
avi2talxfm done
mv -f /out/sourcedata/freesurfer/sub-v1s4x0050703_ses-1/mri/talsrcimg_to_711-2C_as_mni_average_305_t4_vox2vox.txt /out/sourcedata/freesurfer/sub-v1s4x0050703_ses-1/mri/transforms/talsrcimg_to_711-2C_as_mni_average_305_t4_vox2vox.txt
lta_convert --src orig_nu.mgz --trg /opt/freesurfer/average/mni305.cor.mgz --inxfm transforms/talairach.auto.xfm --outlta transforms/talairach.auto.xfm.lta --subject fsaverage
7.3.2

--src: orig_nu.mgz src image (geometry).
--trg: /opt/freesurfer/average/mni305.cor.mgz trg image (geometry).
--inmni: transforms/talairach.auto.xfm input MNI/XFM transform.
--outlta: transforms/talairach.auto.xfm.lta output LTA.
--s: fsaverage subject name
 LTA read, type : 1
 1.12802   0.03521   0.03218  -1.85536;
-0.02059   1.04369   0.16574  -20.52748;
-0.02293  -0.08956   1.11812  -14.64966;
 0.00000   0.00000   0.00000   1.00000;
setting subject to fsaverage
Writing  LTA to file transforms/talairach.auto.xfm.lta...
lta_convert successful.
 
 
Started at Tue Mar 10 02:46:55 CET 2026
Ended   at Tue Mar 10 02:48:26 CET 2026
talairach_avi done
