status file for recon-all
Tue Mar 10 02:30:15 CET 2026
#@# MotionCor Tue Mar 10 02:30:17 CET 2026
#@# Talairach Tue Mar 10 02:30:27 CET 2026
#@# Talairach Failure Detection Tue Mar 10 02:34:50 CET 2026
#@# Nu Intensity Correction Tue Mar 10 02:34:50 CET 2026
#@# Intensity Normalization Tue Mar 10 02:38:06 CET 2026
recon-all -s sub-v1s4x0050696_ses-1 finished without error at Tue Mar 10 02:39:35 CET 2026



#New# invocation of recon-all 



status file for recon-all
Tue Mar 10 02:46:42 CET 2026
#@# EM Registration Tue Mar 10 02:46:42 CET 2026
recon-all -s sub-v1s4x0050696_ses-1 finished without error at Tue Mar 10 02:49:09 CET 2026



#New# invocation of recon-all 



status file for recon-all
Tue Mar 10 02:49:12 CET 2026
#@# CA Normalize Tue Mar 10 02:49:12 CET 2026
#@# CA Reg Tue Mar 10 02:50:33 CET 2026
#@# SubCort Seg Tue Mar 10 03:36:12 CET 2026
#@# CC Seg Tue Mar 10 04:06:51 CET 2026
#@# Merge ASeg Tue Mar 10 04:07:33 CET 2026
#@# Intensity Normalization2 Tue Mar 10 04:07:33 CET 2026
#@# Mask BFS Tue Mar 10 04:09:56 CET 2026
#@# WM Segmentation Tue Mar 10 04:09:57 CET 2026
#@# Fill Tue Mar 10 04:11:48 CET 2026
recon-all -s sub-v1s4x0050696_ses-1 finished without error at Tue Mar 10 04:12:49 CET 2026



#New# invocation of recon-all 



status file for recon-all
Tue Mar 10 04:59:22 CET 2026
#@# white curv lh Tue Mar 10 04:59:22 CET 2026
#@# white area lh Tue Mar 10 04:59:22 CET 2026
#@# pial curv lh Tue Mar 10 04:59:22 CET 2026
#@# pial area lh Tue Mar 10 04:59:22 CET 2026
#@# thickness lh Tue Mar 10 04:59:22 CET 2026
#@# area and vertex vol lh Tue Mar 10 04:59:22 CET 2026
#@# white curv rh Tue Mar 10 04:59:22 CET 2026
#@# white area rh Tue Mar 10 04:59:22 CET 2026
#@# pial curv rh Tue Mar 10 04:59:22 CET 2026
#@# pial area rh Tue Mar 10 04:59:22 CET 2026
#@# thickness rh Tue Mar 10 04:59:22 CET 2026
#@# area and vertex vol rh Tue Mar 10 04:59:22 CET 2026
#@# Cortical ribbon mask Tue Mar 10 04:59:22 CET 2026
recon-all -s sub-v1s4x0050696_ses-1 finished without error at Tue Mar 10 05:06:14 CET 2026



#New# invocation of recon-all 



status file for recon-all
Tue Mar 10 05:12:37 CET 2026
#@# white curv lh Tue Mar 10 05:12:37 CET 2026
#@# white area lh Tue Mar 10 05:12:37 CET 2026
#@# pial curv lh Tue Mar 10 05:12:37 CET 2026
#@# pial area lh Tue Mar 10 05:12:37 CET 2026
#@# thickness lh Tue Mar 10 05:12:37 CET 2026
#@# area and vertex vol lh Tue Mar 10 05:12:37 CET 2026
#@# white curv rh Tue Mar 10 05:12:37 CET 2026
#@# white area rh Tue Mar 10 05:12:37 CET 2026
#@# pial curv rh Tue Mar 10 05:12:37 CET 2026
#@# pial area rh Tue Mar 10 05:12:37 CET 2026
#@# thickness rh Tue Mar 10 05:12:37 CET 2026
#@# area and vertex vol rh Tue Mar 10 05:12:37 CET 2026
#@# Curvature Stats lh Tue Mar 10 05:12:37 CET 2026
#@# Curvature Stats rh Tue Mar 10 05:12:39 CET 2026
#@# Relabel Hypointensities Tue Mar 10 05:12:42 CET 2026
#@# APas-to-ASeg Tue Mar 10 05:12:56 CET 2026
#@# AParc-to-ASeg aparc Tue Mar 10 05:13:04 CET 2026
#@# AParc-to-ASeg aparc.a2009s Tue Mar 10 05:13:34 CET 2026
#@# AParc-to-ASeg aparc.DKTatlas Tue Mar 10 05:14:03 CET 2026
#@# WMParc Tue Mar 10 05:14:32 CET 2026
#@# ASeg Stats Tue Mar 10 05:18:33 CET 2026
recon-all -s sub-v1s4x0050696_ses-1 finished without error at Tue Mar 10 05:19:14 CET 2026
