status file for recon-all
Tue Mar 10 04:35:39 CET 2026
#@# Tessellate rh Tue Mar 10 04:35:39 CET 2026
#@# Smooth1 rh Tue Mar 10 04:35:43 CET 2026
#@# Inflation1 rh Tue Mar 10 04:35:45 CET 2026
#@# QSphere rh Tue Mar 10 04:35:57 CET 2026
#@# Fix Topology rh Tue Mar 10 04:37:00 CET 2026
#@# Smooth2 rh Tue Mar 10 04:42:23 CET 2026
#@# Inflation2 rh Tue Mar 10 04:42:26 CET 2026
#@# Curv .H and .K rh Tue Mar 10 04:42:40 CET 2026
#@# Sphere rh Tue Mar 10 04:43:27 CET 2026
#@# Surf Reg rh Tue Mar 10 04:47:18 CET 2026
#@# Jacobian white rh Tue Mar 10 04:51:18 CET 2026
#@# AvgCurv rh Tue Mar 10 04:51:18 CET 2026
#@# Cortical Parc rh Tue Mar 10 04:51:19 CET 2026
#@# white curv rh Tue Mar 10 04:58:13 CET 2026
#@# white area rh Tue Mar 10 04:58:14 CET 2026
#@# pial curv rh Tue Mar 10 04:58:15 CET 2026
#@# pial area rh Tue Mar 10 04:58:17 CET 2026
#@# thickness rh Tue Mar 10 04:58:17 CET 2026
#@# area and vertex vol rh Tue Mar 10 04:58:47 CET 2026
#@# Curvature Stats rh Tue Mar 10 04:58:48 CET 2026
#@# Cortical Parc 2 rh Tue Mar 10 04:58:50 CET 2026
#@# Cortical Parc 3 rh Tue Mar 10 04:59:04 CET 2026
#@# WM/GM Contrast rh Tue Mar 10 04:59:14 CET 2026
recon-all -s sub-v1s4x0050696_ses-1 finished without error at Tue Mar 10 04:59:17 CET 2026



#New# invocation of recon-all 



status file for recon-all
Tue Mar 10 05:09:27 CET 2026
#@# white curv rh Tue Mar 10 05:09:27 CET 2026
#@# white area rh Tue Mar 10 05:09:27 CET 2026
#@# pial curv rh Tue Mar 10 05:09:27 CET 2026
#@# pial area rh Tue Mar 10 05:09:27 CET 2026
#@# thickness rh Tue Mar 10 05:09:27 CET 2026
#@# area and vertex vol rh Tue Mar 10 05:09:27 CET 2026
#@# Parcellation Stats rh Tue Mar 10 05:09:27 CET 2026
#@# Parcellation Stats 2 rh Tue Mar 10 05:09:46 CET 2026
#@# Parcellation Stats 3 rh Tue Mar 10 05:09:55 CET 2026
#@# BA_exvivo Labels rh Tue Mar 10 05:10:05 CET 2026
recon-all -s sub-v1s4x0050696_ses-1 finished without error at Tue Mar 10 05:12:34 CET 2026
