status file for recon-all
Tue Mar 10 04:12:54 CET 2026
#@# Tessellate lh Tue Mar 10 04:12:54 CET 2026
#@# Smooth1 lh Tue Mar 10 04:12:58 CET 2026
#@# Inflation1 lh Tue Mar 10 04:13:01 CET 2026
#@# QSphere lh Tue Mar 10 04:13:13 CET 2026
#@# Fix Topology lh Tue Mar 10 04:14:26 CET 2026
#@# Smooth2 lh Tue Mar 10 04:19:59 CET 2026
#@# Inflation2 lh Tue Mar 10 04:20:01 CET 2026
#@# Curv .H and .K lh Tue Mar 10 04:20:15 CET 2026
#@# Sphere lh Tue Mar 10 04:21:02 CET 2026
#@# Surf Reg lh Tue Mar 10 04:24:01 CET 2026
#@# Jacobian white lh Tue Mar 10 04:27:36 CET 2026
#@# AvgCurv lh Tue Mar 10 04:27:37 CET 2026
#@# Cortical Parc lh Tue Mar 10 04:27:38 CET 2026
#@# white curv lh Tue Mar 10 04:34:32 CET 2026
#@# white area lh Tue Mar 10 04:34:34 CET 2026
#@# pial curv lh Tue Mar 10 04:34:34 CET 2026
#@# pial area lh Tue Mar 10 04:34:36 CET 2026
#@# thickness lh Tue Mar 10 04:34:37 CET 2026
#@# area and vertex vol lh Tue Mar 10 04:35:06 CET 2026
#@# Curvature Stats lh Tue Mar 10 04:35:07 CET 2026
#@# Cortical Parc 2 lh Tue Mar 10 04:35:10 CET 2026
#@# Cortical Parc 3 lh Tue Mar 10 04:35:23 CET 2026
#@# WM/GM Contrast lh Tue Mar 10 04:35:33 CET 2026
recon-all -s sub-v1s4x0050696_ses-1 finished without error at Tue Mar 10 04:35:36 CET 2026



#New# invocation of recon-all 



status file for recon-all
Tue Mar 10 05:06:17 CET 2026
#@# white curv lh Tue Mar 10 05:06:17 CET 2026
#@# white area lh Tue Mar 10 05:06:17 CET 2026
#@# pial curv lh Tue Mar 10 05:06:17 CET 2026
#@# pial area lh Tue Mar 10 05:06:17 CET 2026
#@# thickness lh Tue Mar 10 05:06:17 CET 2026
#@# area and vertex vol lh Tue Mar 10 05:06:17 CET 2026
#@# Parcellation Stats lh Tue Mar 10 05:06:17 CET 2026
#@# Parcellation Stats 2 lh Tue Mar 10 05:06:35 CET 2026
#@# Parcellation Stats 3 lh Tue Mar 10 05:06:45 CET 2026
#@# BA_exvivo Labels lh Tue Mar 10 05:06:54 CET 2026
recon-all -s sub-v1s4x0050696_ses-1 finished without error at Tue Mar 10 05:09:25 CET 2026
