/out/sourcedata/freesurfer/sub-v1s4x0050691_ses-1/mri
/opt/freesurfer/bin/talairach_avi
--i orig_nu.mgz --xfm transforms/talairach.auto.xfm
talairach_avi 7.3.2
Linux dna060 5.14.0-427.37.1.el9_4.x86_64 #1 SMP PREEMPT_DYNAMIC Fri Sep 13 12:41:50 EDT 2024 x86_64 x86_64 x86_64 GNU/Linux
Tue Mar 10 02:16:52 CET 2026
mri_convert orig_nu.mgz talsrcimg.img 
reading from orig_nu.mgz...
TR=0.00, TE=0.00, TI=0.00, flip angle=0.00
i_ras = (-1, -3.72529e-09, 0)
j_ras = (0, -7.45058e-09, -1)
k_ras = (2.32831e-10, 1, 0)
writing to talsrcimg.img...
Analyze Output Matrix
-1.00000   0.00000   0.00000   134.34901;
-0.00000  -0.00000   1.00000  -115.44673;
 0.00000  -1.00000   0.00000   104.68605;
 0.00000   0.00000   0.00000   1.00000;
--------------------
INFO: set hdr.hist.orient to -1
mpr2mni305 talsrcimg
Tue Mar 10 02:16:53 CET 2026
/opt/freesurfer/bin/mpr2mni305 talsrcimg
mpr2mni305 7.3.2
target=711-2C_as_mni_average_305

---------------------------------------------------------------------
analyzeto4dfp talsrcimg -O0 -y
---------------------------------------------------------------------

freesurfer ifh2hdr.c
Tue Mar 10 02:16:53 2026
Writing: talsrcimg.4dfp.hdr
freesurfer analyzeto4dfp.c
Reading: talsrcimg.hdr
header size 348 bytes
hdr.dime.datatype	offset=70	value=2
hdr.dime.bitpix		offset=72	value=8
hdr.hist.orient		offset=252	value=-1
dimensionality     4
dimensions       256       256       256         1
Reading: talsrcimg.img
Writing: talsrcimg.4dfp.img
Writing: talsrcimg.4dfp.ifh
ifh2hdr talsrcimg -r0to249
ori=2

---------------------------------------------------------------------
gauss_4dfp talsrcimg 1.1
---------------------------------------------------------------------

freesurfer gauss_4dfp.c
Reading: talsrcimg.4dfp.img
Writing: talsrcimg_g11.4dfp.img
image dimensions 256 256 256 padded to 288 288 288
processing volume 1freesurfer ifh2hdr.c
Tue Mar 10 02:16:54 2026
Writing: talsrcimg_g11.4dfp.hdr

Writing: talsrcimg_g11.4dfp.ifh
including: talsrcimg.4dfp.img.rec in talsrcimg_g11.4dfp.img.rec

---------------------------------------------------------------------
imgreg_4dfp /opt/freesurfer/average/711-2C_as_mni_average_305 none talsrcimg_g11 none talsrcimg_to_711-2C_as_mni_average_305_t4 4355
---------------------------------------------------------------------

freesurfer imgreg_4dfp.c
/opt/freesurfer/average/711-2C_as_mni_average_305.4dfp.img
       256       256       256         1
  1.000000  1.000000  1.000000
orientation T byte_order littleendian
Reading image: /opt/freesurfer/average/711-2C_as_mni_average_305.4dfp.img
dimensions:      256       256       256
mmppix:       1.0000   -1.0000   -1.0000
center:     128.0000 -129.0000 -129.0000
talsrcimg_g11.4dfp.img
       256       256       256         1
  1.000000  1.000000  1.000000
orientation T byte_order littleendian
Reading image: talsrcimg_g11.4dfp.img
dimensions:      256       256       256
mmppix:       1.0000   -1.0000   -1.0000
center:     128.0000 -129.0000 -129.0000
t4_read: open error in t4_sub.f l:  41 t4_file(1:l)talsrcimg_to_711-2C_as_mni_average_305_t4 
t4_read: transform initialized to I4
rotation matrix determinant  1.000000
image alignment mode   4355 decimal     1103 hex
   -7.5000  -45.0000  -45.0000 8906.8838   14.0195
    0.0000  -45.0000  -45.0000 9305.8057   14.0203
    7.5000  -45.0000  -45.0000 8906.4453   14.0157
   -7.5000  -37.5000  -45.0000 9407.3750   13.9213
    0.0000  -37.5000  -45.0000 9804.3057   13.9313
    7.5000  -37.5000  -45.0000 9375.8555   13.9301
   -7.5000  -30.0000  -45.000010248.9209   13.8975
    0.0000  -30.0000  -45.000010677.0244   13.9085
    7.5000  -30.0000  -45.000010189.0391   13.9078
   -7.5000  -22.5000  -45.000010894.6670   13.8969
    0.0000  -22.5000  -45.000011361.5625   13.8983
    7.5000  -22.5000  -45.000010834.8594   13.8941
   -7.5000  -15.0000  -45.000011408.5029   13.9070
    0.0000  -15.0000  -45.000011879.2373   13.8990
    7.5000  -15.0000  -45.000011322.3916   13.8918
   -7.5000   -7.5000  -45.000011800.7949   13.9198
    0.0000   -7.5000  -45.000012282.0859   13.9122
    7.5000   -7.5000  -45.000011704.2480   13.9050
   -7.5000    0.0000  -45.000012085.3535   13.9217
    0.0000    0.0000  -45.000012540.5479   13.9226
    7.5000    0.0000  -45.000011972.2549   13.9178
   -7.5000    7.5000  -45.000011470.2588   13.9081
    0.0000    7.5000  -45.000011925.4619   13.9181
    7.5000    7.5000  -45.000011352.1611   13.9170
   -7.5000   15.0000  -45.000010797.7969   13.9115
    0.0000   15.0000  -45.000011210.1631   13.9228
    7.5000   15.0000  -45.000010668.5469   13.9220
   -7.5000   22.5000  -45.000010129.9824   14.1613
    0.0000   22.5000  -45.000010511.6836   14.1652
    7.5000   22.5000  -45.000010004.1416   14.1604
   -7.5000   30.0000  -45.0000 9460.5957   14.3255
    0.0000   30.0000  -45.0000 9835.6436   14.3230
    7.5000   30.0000  -45.0000 9353.9980   14.3159
   -7.5000   37.5000  -45.0000 9157.4346   14.7198
    0.0000   37.5000  -45.0000 9515.4355   14.7205
    7.5000   37.5000  -45.0000 9050.6406   14.7170
   -7.5000   45.0000  -45.0000 8497.1914   14.7519
    0.0000   45.0000  -45.0000 8835.7197   14.7618
    7.5000   45.0000  -45.0000 8396.7637   14.7628
   -7.5000  -45.0000  -37.5000 9491.9785   14.0252
    0.0000  -45.0000  -37.5000 9891.6406   14.0343
    7.5000  -45.0000  -37.5000 9460.7539   14.0338
   -7.5000  -37.5000  -37.500010061.5117   13.9220
    0.0000  -37.5000  -37.500010467.5703   13.9402
    7.5000  -37.5000  -37.500010005.3877   13.9443
   -7.5000  -30.0000  -37.500010954.9453   13.8989
    0.0000  -30.0000  -37.500011393.8301   13.9184
    7.5000  -30.0000  -37.500010883.9551   13.9213
   -7.5000  -22.5000  -37.500011669.0908   13.9051
    0.0000  -22.5000  -37.500012158.8887   13.9153
    7.5000  -22.5000  -37.500011593.0732   13.9111
   -7.5000  -15.0000  -37.500012196.6494   13.9214
    0.0000  -15.0000  -37.500012696.7490   13.9221
    7.5000  -15.0000  -37.500012084.4795   13.9130
   -7.5000   -7.5000  -37.500012599.7969   13.9327
    0.0000   -7.5000  -37.500013103.1699   13.9334
    7.5000   -7.5000  -37.500012470.2539   13.9265
   -7.5000    0.0000  -37.500012882.9219   13.9275
    0.0000    0.0000  -37.500013387.9238   13.9366
    7.5000    0.0000  -37.500012737.8408   13.9358
   -7.5000    7.5000  -37.500012214.2080   13.9087
    0.0000    7.5000  -37.500012686.5977   13.9270
    7.5000    7.5000  -37.500012063.2998   13.9311
   -7.5000   15.0000  -37.500011467.5479   13.9131
    0.0000   15.0000  -37.500011917.6504   13.9329
    7.5000   15.0000  -37.500011333.2305   13.9358
   -7.5000   22.5000  -37.500010745.6387   14.1670
    0.0000   22.5000  -37.500011156.0850   14.1796
    7.5000   22.5000  -37.500010625.5742   14.1747
   -7.5000   30.0000  -37.500010049.1113   14.3341
    0.0000   30.0000  -37.500010436.6338   14.3410
    7.5000   30.0000  -37.5000 9955.6152   14.3329
   -7.5000   37.5000  -37.5000 9695.3564   14.7229
    0.0000   37.5000  -37.500010066.9375   14.7321
    7.5000   37.5000  -37.5000 9602.1787   14.7307
   -7.5000   45.0000  -37.5000 8930.3652   14.7423
    0.0000   45.0000  -37.5000 9291.0234   14.7592
    7.5000   45.0000  -37.5000 8851.8203   14.7666
   -7.5000  -45.0000  -30.000010146.3965   14.6261
    0.0000  -45.0000  -30.000010600.0771   14.6349
    7.5000  -45.0000  -30.000010139.9092   14.6373
   -7.5000  -37.5000  -30.000010784.4590   14.5194
    0.0000  -37.5000  -30.000011253.0693   14.5364
    7.5000  -37.5000  -30.000010749.2881   14.5420
   -7.5000  -30.0000  -30.000011736.3232   14.4988
    0.0000  -30.0000  -30.000012211.8164   14.5161
    7.5000  -30.0000  -30.000011643.6562   14.5182
   -7.5000  -22.5000  -30.000012519.0342   14.5082
    0.0000  -22.5000  -30.000013013.8281   14.5168
    7.5000  -22.5000  -30.000012411.6562   14.5102
   -7.5000  -15.0000  -30.000013074.8213   14.5261
    0.0000  -15.0000  -30.000013591.0293   14.5263
    7.5000  -15.0000  -30.000012968.5830   14.5155
   -7.5000   -7.5000  -30.000013515.6758   14.5341
    0.0000   -7.5000  -30.000014051.1680   14.5348
    7.5000   -7.5000  -30.000013390.6514   14.5289
   -7.5000    0.0000  -30.000013831.1182   14.5244
    0.0000    0.0000  -30.000014406.9619   14.5332
    7.5000    0.0000  -30.000013706.5000   14.5351
   -7.5000    7.5000  -30.000013092.4209   14.5057
    0.0000    7.5000  -30.000013652.0420   14.5227
    7.5000    7.5000  -30.000012959.5947   14.5283
   -7.5000   15.0000  -30.000012287.9893   14.5139
    0.0000   15.0000  -30.000012800.9785   14.5315
    7.5000   15.0000  -30.000012147.3867   14.5335
   -7.5000   22.5000  -30.000011503.2109   14.7789
    0.0000   22.5000  -30.000011994.4092   14.7900
    7.5000   22.5000  -30.000011398.6465   14.7820
   -7.5000   30.0000  -30.000010764.3281   14.9551
    0.0000   30.0000  -30.000011201.8271   14.9624
    7.5000   30.0000  -30.000010674.8809   14.9530
   -7.5000   37.5000  -30.000010392.9004   15.3561
    0.0000   37.5000  -30.000010799.2129   15.3661
    7.5000   37.5000  -30.000010311.3369   15.3667
   -7.5000   45.0000  -30.0000 9555.3623   15.3828
    0.0000   45.0000  -30.0000 9910.1904   15.3990
    7.5000   45.0000  -30.0000 9477.8145   15.4107
   -7.5000  -45.0000  -22.500010798.3457   15.0735
    0.0000  -45.0000  -22.500011274.6787   15.0725
    7.5000  -45.0000  -22.500010825.4561   15.0727
   -7.5000  -37.5000  -22.500011488.9443   14.9704
    0.0000  -37.5000  -22.500011984.6582   14.9760
    7.5000  -37.5000  -22.500011459.3350   14.9768
   -7.5000  -30.0000  -22.500012485.5449   14.9519
    0.0000  -30.0000  -22.500013009.2412   14.9562
    7.5000  -30.0000  -22.500012393.1221   14.9528
   -7.5000  -22.5000  -22.500013327.2715   14.9572
    0.0000  -22.5000  -22.500013869.4111   14.9533
    7.5000  -22.5000  -22.500013199.3066   14.9435
   -7.5000  -15.0000  -22.500013935.6445   14.9702
    0.0000  -15.0000  -22.500014533.2500   14.9598
    7.5000  -15.0000  -22.500013805.7295   14.9483
   -7.5000   -7.5000  -22.500014417.3389   14.9762
    0.0000   -7.5000  -22.500015051.2754   14.9677
    7.5000   -7.5000  -22.500014270.3281   14.9616
   -7.5000    0.0000  -22.500014765.0381   14.9692
    0.0000    0.0000  -22.500015443.8730   14.9684
    7.5000    0.0000  -22.500014593.8232   14.9680
   -7.5000    7.5000  -22.500014002.5195   14.9563
    0.0000    7.5000  -22.500014661.2539   14.9620
    7.5000    7.5000  -22.500013834.8340   14.9627
   -7.5000   15.0000  -22.500013132.3379   14.9674
    0.0000   15.0000  -22.500013760.7217   14.9719
    7.5000   15.0000  -22.500012973.8018   14.9684
   -7.5000   22.5000  -22.500012262.1709   15.2361
    0.0000   22.5000  -22.500012857.4014   15.2346
    7.5000   22.5000  -22.500012140.3350   15.2231
   -7.5000   30.0000  -22.500011422.8623   15.4165
    0.0000   30.0000  -22.500011939.3965   15.4131
    7.5000   30.0000  -22.500011331.9072   15.4023
   -7.5000   37.5000  -22.500011015.0996   15.8310
    0.0000   37.5000  -22.500011464.9990   15.8322
    7.5000   37.5000  -22.500010913.0205   15.8310
   -7.5000   45.0000  -22.500010146.4688   15.8777
    0.0000   45.0000  -22.500010543.8564   15.8850
    7.5000   45.0000  -22.500010058.4199   15.8927
   -7.5000  -45.0000  -15.000011428.6328   15.3681
    0.0000  -45.0000  -15.000011928.3809   15.3586
    7.5000  -45.0000  -15.000011431.2109   15.3545
   -7.5000  -37.5000  -15.000012166.1895   15.2689
    0.0000  -37.5000  -15.000012674.8916   15.2657
    7.5000  -37.5000  -15.000012117.2090   15.2609
   -7.5000  -30.0000  -15.000013189.9521   15.2507
    0.0000  -30.0000  -15.000013732.4609   15.2453
    7.5000  -30.0000  -15.000013102.3730   15.2376
   -7.5000  -22.5000  -15.000014085.3076   15.2501
    0.0000  -22.5000  -15.000014671.3955   15.2360
    7.5000  -22.5000  -15.000013946.5254   15.2253
   -7.5000  -15.0000  -15.000014764.8633   15.2566
    0.0000  -15.0000  -15.000015407.8936   15.2367
    7.5000  -15.0000  -15.000014629.9824   15.2263
   -7.5000   -7.5000  -15.000015295.5723   15.2632
    0.0000   -7.5000  -15.000015972.2393   15.2459
    7.5000   -7.5000  -15.000015149.9922   15.2391
   -7.5000    0.0000  -15.000015634.2363   15.2620
    0.0000    0.0000  -15.000016386.6055   15.2528
    7.5000    0.0000  -15.000015483.0908   15.2484
   -7.5000    7.5000  -15.000014810.6504   15.2546
    0.0000    7.5000  -15.000015569.1299   15.2514
    7.5000    7.5000  -15.000014658.1230   15.2467
   -7.5000   15.0000  -15.000013914.4307   15.2663
    0.0000   15.0000  -15.000014620.5303   15.2611
    7.5000   15.0000  -15.000013731.3047   15.2532
   -7.5000   22.5000  -15.000012973.4395   15.5355
    0.0000   22.5000  -15.000013618.9307   15.5240
    7.5000   22.5000  -15.000012822.5732   15.5117
   -7.5000   30.0000  -15.000012065.5654   15.7178
    0.0000   30.0000  -15.000012652.9443   15.7045
    7.5000   30.0000  -15.000011963.7480   15.6940
   -7.5000   37.5000  -15.000011627.2920   16.1443
    0.0000   37.5000  -15.000012139.1250   16.1373
    7.5000   37.5000  -15.000011528.0605   16.1334
   -7.5000   45.0000  -15.000010737.2168   16.2107
    0.0000   45.0000  -15.000011203.9873   16.2116
    7.5000   45.0000  -15.000010639.0498   16.2124
   -7.5000  -45.0000   -7.500012092.7842   15.5454
    0.0000  -45.0000   -7.500012596.9629   15.5370
    7.5000  -45.0000   -7.500012065.9902   15.5307
   -7.5000  -37.5000   -7.500012842.2207   15.4433
    0.0000  -37.5000   -7.500013365.9023   15.4432
    7.5000  -37.5000   -7.500012807.5898   15.4376
   -7.5000  -30.0000   -7.500013896.0107   15.4206
    0.0000  -30.0000   -7.500014446.0928   15.4197
    7.5000  -30.0000   -7.500013807.8857   15.4136
   -7.5000  -22.5000   -7.500014821.1602   15.4170
    0.0000  -22.5000   -7.500015453.9238   15.4062
    7.5000  -22.5000   -7.500014684.8984   15.3984
   -7.5000  -15.0000   -7.500015586.0996   15.4231
    0.0000  -15.0000   -7.500016265.0879   15.4044
    7.5000  -15.0000   -7.500015402.6641   15.3962
   -7.5000   -7.5000   -7.500016199.6270   15.4342
    0.0000   -7.5000   -7.500016939.3008   15.4173
    7.5000   -7.5000   -7.500016011.3877   15.4099
   -7.5000    0.0000   -7.500016585.4609   15.4378
    0.0000    0.0000   -7.500017389.7188   15.4297
    7.5000    0.0000   -7.500016388.3984   15.4232
   -7.5000    7.5000   -7.500015701.6094   15.4288
    0.0000    7.5000   -7.500016504.1504   15.4287
    7.5000    7.5000   -7.500015495.5928   15.4232
   -7.5000   15.0000   -7.500014733.4326   15.4361
    0.0000   15.0000   -7.500015494.3955   15.4354
    7.5000   15.0000   -7.500014486.8896   15.4291
   -7.5000   22.5000   -7.500013728.8477   15.7048
    0.0000   22.5000   -7.500014483.4492   15.6968
    7.5000   22.5000   -7.500013532.2842   15.6879
   -7.5000   30.0000   -7.500012786.1221   15.8915
    0.0000   30.0000   -7.500013454.7100   15.8790
    7.5000   30.0000   -7.500012595.4297   15.8705
   -7.5000   37.5000   -7.500012292.4697   16.3270
    0.0000   37.5000   -7.500012895.1533   16.3201
    7.5000   37.5000   -7.500012131.1758   16.3154
   -7.5000   45.0000   -7.500011372.8711   16.4000
    0.0000   45.0000   -7.500011904.7520   16.4030
    7.5000   45.0000   -7.500011214.1689   16.4011
   -7.5000  -45.0000    0.000012658.0068   15.6291
    0.0000  -45.0000    0.000013159.8018   15.6302
    7.5000  -45.0000    0.000012599.4658   15.6251
   -7.5000  -37.5000    0.000013416.3408   15.5194
    0.0000  -37.5000    0.000013959.8154   15.5306
    7.5000  -37.5000    0.000013372.9033   15.5292
   -7.5000  -30.0000    0.000014462.8564   15.4925
    0.0000  -30.0000    0.000015035.9258   15.5047
    7.5000  -30.0000    0.000014377.7129   15.5039
   -7.5000  -22.5000    0.000015403.7568   15.4922
    0.0000  -22.5000    0.000016036.3965   15.4937
    7.5000  -22.5000    0.000015283.2109   15.4890
   -7.5000  -15.0000    0.000016187.7236   15.5042
    0.0000  -15.0000    0.000016883.5098   15.4953
    7.5000  -15.0000    0.000016038.7949   15.4872
   -7.5000   -7.5000    0.000016944.0391   15.5187
    0.0000   -7.5000    0.000017689.3906   15.5104
    7.5000   -7.5000    0.000016712.2363   15.5023
   -7.5000    0.0000    0.000017553.8164   15.5205
    0.0000    0.0000    0.000018422.5352   15.5217
    7.5000    0.0000    0.000017237.3027   15.5164
   -7.5000    7.5000    0.000016681.3691   15.5047
    0.0000    7.5000    0.000017549.5742   15.5160
    7.5000    7.5000    0.000016290.8750   15.5146
   -7.5000   15.0000    0.000015588.7783   15.5081
    0.0000   15.0000    0.000016401.2207   15.5206
    7.5000   15.0000    0.000015207.7734   15.5197
   -7.5000   22.5000    0.000014462.3057   15.7808
    0.0000   22.5000    0.000015246.6250   15.7850
    7.5000   22.5000    0.000014156.9268   15.7796
   -7.5000   30.0000    0.000013424.4473   15.9743
    0.0000   30.0000    0.000014118.9961   15.9716
    7.5000   30.0000    0.000013152.8672   15.9636
   -7.5000   37.5000    0.000012887.2490   16.4126
    0.0000   37.5000    0.000013538.5957   16.4136
    7.5000   37.5000    0.000012671.3164   16.4096
   -7.5000   45.0000    0.000011911.7637   16.4785
    0.0000   45.0000    0.000012474.4268   16.4898
    7.5000   45.0000    0.000011700.1494   16.4908
   -7.5000  -45.0000    7.500012240.4492   15.6896
    0.0000  -45.0000    7.500012700.6797   15.6998
    7.5000  -45.0000    7.500012161.5020   15.6993
   -7.5000  -37.5000    7.500012966.4258   15.5742
    0.0000  -37.5000    7.500013452.8262   15.5946
    7.5000  -37.5000    7.500012908.6201   15.5991
   -7.5000  -30.0000    7.500013936.5166   15.5486
    0.0000  -30.0000    7.500014449.9219   15.5704
    7.5000  -30.0000    7.500013860.6055   15.5736
   -7.5000  -22.5000    7.500014841.9238   15.5557
    0.0000  -22.5000    7.500015366.8828   15.5671
    7.5000  -22.5000    7.500014768.9199   15.5625
   -7.5000  -15.0000    7.500015579.8564   15.5740
    0.0000  -15.0000    7.500016180.4746   15.5747
    7.5000  -15.0000    7.500015498.5996   15.5646
   -7.5000   -7.5000    7.500016370.5869   15.5863
    0.0000   -7.5000    7.500017106.4473   15.5871
    7.5000   -7.5000    7.500016173.7861   15.5794
   -7.5000    0.0000    7.500017191.3301   15.5803
    0.0000    0.0000    7.500018108.0371   15.5905
    7.5000    0.0000    7.500016741.9414   15.5896
   -7.5000    7.5000    7.500016503.8477   15.5594
    0.0000    7.5000    7.500017393.2168   15.5798
    7.5000    7.5000    7.500015942.6846   15.5844
   -7.5000   15.0000    7.500015344.6201   15.5645
    0.0000   15.0000    7.500016164.9844   15.5866
    7.5000   15.0000    7.500014882.4717   15.5898
   -7.5000   22.5000    7.500014099.9883   15.8435
    0.0000   22.5000    7.500014825.2461   15.8576
    7.5000   22.5000    7.500013757.4414   15.8521
   -7.5000   30.0000    7.500012996.4824   16.0417
    0.0000   30.0000    7.500013631.2754   16.0494
    7.5000   30.0000    7.500012765.5879   16.0404
   -7.5000   37.5000    7.500012443.1680   16.4764
    0.0000   37.5000    7.500013031.0762   16.4867
    7.5000   37.5000    7.500012291.7529   16.4852
   -7.5000   45.0000    7.500011512.3682   16.5301
    0.0000   45.0000    7.500012009.1191   16.5491
    7.5000   45.0000    7.500011336.1992   16.5574
   -7.5000  -45.0000   15.000011706.1875   15.7058
    0.0000  -45.0000   15.000012137.2139   15.7153
    7.5000  -45.0000   15.000011648.2197   15.7178
   -7.5000  -37.5000   15.000012428.0713   15.5913
    0.0000  -37.5000   15.000012872.4727   15.6095
    7.5000  -37.5000   15.000012361.0498   15.6155
   -7.5000  -30.0000   15.000013376.2646   15.5691
    0.0000  -30.0000   15.000013824.9795   15.5877
    7.5000  -30.0000   15.000013281.6182   15.5899
   -7.5000  -22.5000   15.000014298.1484   15.5792
    0.0000  -22.5000   15.000014745.8242   15.5885
    7.5000  -22.5000   15.000014165.8105   15.5814
   -7.5000  -15.0000   15.000015048.3584   15.5985
    0.0000  -15.0000   15.000015581.0400   15.5987
    7.5000  -15.0000   15.000014893.5225   15.5871
   -7.5000   -7.5000   15.000015787.2686   15.6070
    0.0000   -7.5000   15.000016461.2695   15.6077
    7.5000   -7.5000   15.000015554.1855   15.6014
   -7.5000    0.0000   15.000016434.0176   15.5966
    0.0000    0.0000   15.000017231.5332   15.6061
    7.5000    0.0000   15.000016091.3008   15.6081
   -7.5000    7.5000   15.000015648.0117   15.5765
    0.0000    7.5000   15.000016378.0576   15.5947
    7.5000    7.5000   15.000015333.5410   15.6008
   -7.5000   15.0000   15.000014579.5664   15.5853
    0.0000   15.0000   15.000015268.5654   15.6042
    7.5000   15.0000   15.000014327.7764   15.6063
   -7.5000   22.5000   15.000013436.2881   15.8664
    0.0000   22.5000   15.000014090.5635   15.8783
    7.5000   22.5000   15.000013257.5908   15.8697
   -7.5000   30.0000   15.000012375.9365   16.0638
    0.0000   30.0000   15.000012977.4971   16.0716
    7.5000   30.0000   15.000012272.3857   16.0615
   -7.5000   37.5000   15.000011874.0557   16.4946
    0.0000   37.5000   15.000012384.1641   16.5053
    7.5000   37.5000   15.000011783.7939   16.5059
   -7.5000   45.0000   15.000011017.7432   16.5451
    0.0000   45.0000   15.000011437.3809   16.5626
    7.5000   45.0000   15.000010874.0088   16.5752
   -7.5000  -45.0000   22.500011171.7930   15.6479
    0.0000  -45.0000   22.500011594.0273   15.6469
    7.5000  -45.0000   22.500011088.9600   15.6470
   -7.5000  -37.5000   22.500011891.0293   15.5408
    0.0000  -37.5000   22.500012339.1279   15.5466
    7.5000  -37.5000   22.500011787.5068   15.5475
   -7.5000  -30.0000   22.500012795.9521   15.5216
    0.0000  -30.0000   22.500013232.9551   15.5260
    7.5000  -30.0000   22.500012652.7529   15.5225
   -7.5000  -22.5000   22.500013595.3174   15.5272
    0.0000  -22.5000   22.500014039.5479   15.5231
    7.5000  -22.5000   22.500013456.3467   15.5129
   -7.5000  -15.0000   22.500014281.6250   15.5406
    0.0000  -15.0000   22.500014753.2324   15.5298
    7.5000  -15.0000   22.500014111.0498   15.5179
   -7.5000   -7.5000   22.500014922.1709   15.5469
    0.0000   -7.5000   22.500015497.2256   15.5380
    7.5000   -7.5000   22.500014740.1533   15.5317
   -7.5000    0.0000   22.500015386.2920   15.5396
    0.0000    0.0000   22.500015989.3076   15.5387
    7.5000    0.0000   22.500015194.6045   15.5384
   -7.5000    7.5000   22.500014557.2236   15.5262
    0.0000    7.5000   22.500015088.0000   15.5321
    7.5000    7.5000   22.500014413.6562   15.5329
   -7.5000   15.0000   22.500013598.7646   15.5377
    0.0000   15.0000   22.500014119.4932   15.5424
    7.5000   15.0000   22.500013455.7910   15.5387
   -7.5000   22.5000   22.500012633.5488   15.8143
    0.0000   22.5000   22.500013172.2275   15.8127
    7.5000   22.5000   22.500012526.9082   15.8008
   -7.5000   30.0000   22.500011705.3262   16.0061
    0.0000   30.0000   22.500012205.5898   16.0026
    7.5000   30.0000   22.500011637.2471   15.9915
   -7.5000   37.5000   22.500011258.5420   16.4365
    0.0000   37.5000   22.500011713.6201   16.4378
    7.5000   37.5000   22.500011198.1133   16.4366
   -7.5000   45.0000   22.500010453.2295   16.4970
    0.0000   45.0000   22.500010857.4971   16.5046
    7.5000   45.0000   22.500010350.2373   16.5126
   -7.5000  -45.0000   30.000010498.4746   15.6233
    0.0000  -45.0000   30.000010943.9375   15.6135
    7.5000  -45.0000   30.000010429.1162   15.6094
   -7.5000  -37.5000   30.000011163.5166   15.5222
    0.0000  -37.5000   30.000011605.8359   15.5189
    7.5000  -37.5000   30.000011069.8262   15.5141
   -7.5000  -30.0000   30.000011977.0010   15.5038
    0.0000  -30.0000   30.000012411.8701   15.4984
    7.5000  -30.0000   30.000011837.4824   15.4906
   -7.5000  -22.5000   30.000012672.4707   15.5033
    0.0000  -22.5000   30.000013127.8721   15.4890
    7.5000  -22.5000   30.000012551.9697   15.4780
   -7.5000  -15.0000   30.000013307.6094   15.5099
    0.0000  -15.0000   30.000013774.6475   15.4895
    7.5000  -15.0000   30.000013152.9473   15.4790
   -7.5000   -7.5000   30.000013865.0635   15.5165
    0.0000   -7.5000   30.000014368.9521   15.4987
    7.5000   -7.5000   30.000013707.9707   15.4918
   -7.5000    0.0000   30.000014251.9492   15.5152
    0.0000    0.0000   30.000014742.1484   15.5057
    7.5000    0.0000   30.000014107.8789   15.5012
   -7.5000    7.5000   30.000013468.7861   15.5077
    0.0000    7.5000   30.000013894.3057   15.5044
    7.5000    7.5000   30.000013345.2842   15.4996
   -7.5000   15.0000   30.000012589.3311   15.5197
    0.0000   15.0000   30.000012991.9121   15.5145
    7.5000   15.0000   30.000012438.6523   15.5064
   -7.5000   22.5000   30.000011744.3145   15.7926
    0.0000   22.5000   30.000012162.4795   15.7809
    7.5000   22.5000   30.000011622.8008   15.7684
   -7.5000   30.0000   30.000010930.1338   15.9807
    0.0000   30.0000   30.000011332.8965   15.9671
    7.5000   30.0000   30.000010838.4365   15.9565
   -7.5000   37.5000   30.000010526.1348   16.4156
    0.0000   37.5000   30.000010912.5957   16.4083
    7.5000   37.5000   30.000010451.0996   16.4043
   -7.5000   45.0000   30.0000 9760.7969   16.4887
    0.0000   45.0000   30.000010142.0283   16.4895
    7.5000   45.0000   30.0000 9682.5928   16.4904
   -7.5000  -45.0000   37.500010082.5010   15.7220
    0.0000  -45.0000   37.500010549.0566   15.7135
    7.5000  -45.0000   37.500010059.7637   15.7071
   -7.5000  -37.5000   37.500010733.8047   15.6178
    0.0000  -37.5000   37.500011193.2031   15.6178
    7.5000  -37.5000   37.500010683.3174   15.6121
   -7.5000  -30.0000   37.500011518.3760   15.5945
    0.0000  -30.0000   37.500011964.8613   15.5937
    7.5000  -30.0000   37.500011416.5918   15.5874
   -7.5000  -22.5000   37.500012188.8486   15.5907
    0.0000  -22.5000   37.500012656.0596   15.5799
    7.5000  -22.5000   37.500012089.1348   15.5718
   -7.5000  -15.0000   37.500012759.3076   15.5969
    0.0000  -15.0000   37.500013256.0674   15.5779
    7.5000  -15.0000   37.500012640.6699   15.5696
   -7.5000   -7.5000   37.500013266.2666   15.6083
    0.0000   -7.5000   37.500013767.1211   15.5912
    7.5000   -7.5000   37.500013125.6357   15.5837
   -7.5000    0.0000   37.500013640.9033   15.6122
    0.0000    0.0000   37.500014092.2402   15.6040
    7.5000    0.0000   37.500013490.7949   15.5974
   -7.5000    7.5000   37.500012894.9053   15.6030
    0.0000    7.5000   37.500013303.7764   15.6030
    7.5000    7.5000   37.500012769.3398   15.5974
   -7.5000   15.0000   37.500012034.8867   15.6103
    0.0000   15.0000   37.500012408.1768   15.6098
    7.5000   15.0000   37.500011908.5361   15.6033
   -7.5000   22.5000   37.500011242.8115   15.8846
    0.0000   22.5000   37.500011625.7422   15.8765
    7.5000   22.5000   37.500011140.6904   15.8675
   -7.5000   30.0000   37.500010516.9795   16.0775
    0.0000   30.0000   37.500010876.1270   16.0649
    7.5000   30.0000   37.500010413.4414   16.0562
   -7.5000   37.5000   37.500010147.2393   16.5226
    0.0000   37.5000   37.500010512.7705   16.5156
    7.5000   37.5000   37.500010063.6982   16.5109
   -7.5000   45.0000   37.5000 9405.6377   16.6023
    0.0000   45.0000   37.5000 9763.7236   16.6053
    7.5000   45.0000   37.5000 9345.8828   16.6034
   -7.5000  -45.0000   45.0000 9227.0859   15.8968
    0.0000  -45.0000   45.0000 9661.6543   15.8976
    7.5000  -45.0000   45.0000 9228.7480   15.8924
   -7.5000  -37.5000   45.0000 9824.5283   15.7838
    0.0000  -37.5000   45.000010274.5527   15.7951
    7.5000  -37.5000   45.0000 9800.6846   15.7936
   -7.5000  -30.0000   45.000010544.8477   15.7585
    0.0000  -30.0000   45.000010998.0156   15.7710
    7.5000  -30.0000   45.000010483.7705   15.7698
   -7.5000  -22.5000   45.000011153.1787   15.7598
    0.0000  -22.5000   45.000011612.7021   15.7613
    7.5000  -22.5000   45.000011081.5293   15.7559
   -7.5000  -15.0000   45.000011671.7949   15.7714
    0.0000  -15.0000   45.000012122.8047   15.7622
    7.5000  -15.0000   45.000011565.4619   15.7534
   -7.5000   -7.5000   45.000012108.3975   15.7837
    0.0000   -7.5000   45.000012556.7002   15.7749
    7.5000   -7.5000   45.000011976.7383   15.7664
   -7.5000    0.0000   45.000012415.5898   15.7837
    0.0000    0.0000   45.000012864.4639   15.7846
    7.5000    0.0000   45.000012294.4287   15.7792
   -7.5000    7.5000   45.000011753.7793   15.7685
    0.0000    7.5000   45.000012142.4316   15.7798
    7.5000    7.5000   45.000011635.9004   15.7784
   -7.5000   15.0000   45.000010967.3369   15.7747
    0.0000   15.0000   45.000011326.7500   15.7874
    7.5000   15.0000   45.000010864.8369   15.7862
   -7.5000   22.5000   45.000010263.5889   16.0604
    0.0000   22.5000   45.000010641.0537   16.0648
    7.5000   22.5000   45.000010179.9443   16.0587
   -7.5000   30.0000   45.0000 9620.6104   16.2650
    0.0000   30.0000   45.0000 9992.4268   16.2622
    7.5000   30.0000   45.0000 9546.8535   16.2536
   -7.5000   37.5000   45.0000 9297.5576   16.7196
    0.0000   37.5000   45.0000 9663.5605   16.7204
    7.5000   37.5000   45.0000 9234.1768   16.7162
   -7.5000   45.0000   45.0000 8625.5957   16.8057
    0.0000   45.0000   45.0000 8964.0205   16.8170
    7.5000   45.0000   45.0000 8549.5723   16.8182

---------------------------------------------------------------------
imgreg_4dfp /opt/freesurfer/average/711-2C_as_mni_average_305 /opt/freesurfer/average/711-2B_as_mni_average_305_mask talsrcimg_g11 none talsrcimg_to_711-2C_as_mni_average_305_t4 4355
---------------------------------------------------------------------

freesurfer imgreg_4dfp.c
/opt/freesurfer/average/711-2C_as_mni_average_305.4dfp.img
       256       256       256         1
  1.000000  1.000000  1.000000
orientation T byte_order littleendian
Reading image: /opt/freesurfer/average/711-2C_as_mni_average_305.4dfp.img
dimensions:      256       256       256
mmppix:       1.0000   -1.0000   -1.0000
center:     128.0000 -129.0000 -129.0000
/opt/freesurfer/average/711-2B_as_mni_average_305_mask.4dfp.img
       256       256       256         1
  1.000000  1.000000  1.000000
orientation T byte_order littleendian
Reading mask: /opt/freesurfer/average/711-2B_as_mni_average_305_mask.4dfp.img (2306576 pixels)
talsrcimg_g11.4dfp.img
       256       256       256         1
  1.000000  1.000000  1.000000
orientation T byte_order littleendian
Reading image: talsrcimg_g11.4dfp.img
dimensions:      256       256       256
mmppix:       1.0000   -1.0000   -1.0000
center:     128.0000 -129.0000 -129.0000
rotation matrix determinant  1.000000
image alignment mode   4355 decimal     1103 hex
   -7.5000  -45.0000  -45.0000 2189.2183   18.4609
    0.0000  -45.0000  -45.0000 2200.4346   18.4898
    7.5000  -45.0000  -45.0000 2187.3459   18.6468
   -7.5000  -37.5000  -45.0000 2225.2971   17.8402
    0.0000  -37.5000  -45.0000 2231.8716   17.8811
    7.5000  -37.5000  -45.0000 2216.5200   18.0006
   -7.5000  -30.0000  -45.0000 2265.6587   17.3455
    0.0000  -30.0000  -45.0000 2264.9177   17.3910
    7.5000  -30.0000  -45.0000 2247.8179   17.5040
   -7.5000  -22.5000  -45.0000 2297.5188   16.9551
    0.0000  -22.5000  -45.0000 2301.0784   16.9561
    7.5000  -22.5000  -45.0000 2278.6653   17.1103
   -7.5000  -15.0000  -45.0000 2315.1140   16.6158
    0.0000  -15.0000  -45.0000 2320.3572   16.5859
    7.5000  -15.0000  -45.0000 2292.8794   16.7902
   -7.5000   -7.5000  -45.0000 2319.4600   16.3349
    0.0000   -7.5000  -45.0000 2329.2622   16.3079
    7.5000   -7.5000  -45.0000 2291.4788   16.5351
   -7.5000    0.0000  -45.0000 2316.9556   16.1645
    0.0000    0.0000  -45.0000 2317.2380   16.0975
    7.5000    0.0000  -45.0000 2289.1880   16.3430
   -7.5000    7.5000  -45.0000 2314.8662   16.1438
    0.0000    7.5000  -45.0000 2315.2727   16.0757
    7.5000    7.5000  -45.0000 2286.0986   16.3673
   -7.5000   15.0000  -45.0000 2304.5525   16.4545
    0.0000   15.0000  -45.0000 2302.5308   16.4123
    7.5000   15.0000  -45.0000 2269.5439   16.7234
   -7.5000   22.5000  -45.0000 2271.6675   17.0800
    0.0000   22.5000  -45.0000 2272.7039   17.0665
    7.5000   22.5000  -45.0000 2237.2351   17.3907
   -7.5000   30.0000  -45.0000 2217.9385   18.0484
    0.0000   30.0000  -45.0000 2221.9783   17.9877
    7.5000   30.0000  -45.0000 2184.5544   18.3338
   -7.5000   37.5000  -45.0000 2138.4871   19.2750
    0.0000   37.5000  -45.0000 2141.7192   19.2550
    7.5000   37.5000  -45.0000 2109.9614   19.5507
   -7.5000   45.0000  -45.0000 2043.4491   20.9856
    0.0000   45.0000  -45.0000 2046.4583   20.9283
    7.5000   45.0000  -45.0000 2014.3969   21.3035
   -7.5000  -45.0000  -37.5000 2287.8438   16.9202
    0.0000  -45.0000  -37.5000 2299.1536   16.9295
    7.5000  -45.0000  -37.5000 2282.6086   17.0878
   -7.5000  -37.5000  -37.5000 2332.0996   16.3862
    0.0000  -37.5000  -37.5000 2342.5920   16.3714
    7.5000  -37.5000  -37.5000 2320.0913   16.5149
   -7.5000  -30.0000  -37.5000 2372.8735   15.9522
    0.0000  -30.0000  -37.5000 2381.6934   15.9502
    7.5000  -30.0000  -37.5000 2355.5723   16.0979
   -7.5000  -22.5000  -37.5000 2403.9714   15.5924
    0.0000  -22.5000  -37.5000 2413.7898   15.5761
    7.5000  -22.5000  -37.5000 2384.2681   15.7294
   -7.5000  -15.0000  -37.5000 2420.0103   15.2982
    0.0000  -15.0000  -37.5000 2425.8926   15.2385
    7.5000  -15.0000  -37.5000 2394.0620   15.4303
   -7.5000   -7.5000  -37.5000 2422.5491   15.1073
    0.0000   -7.5000  -37.5000 2423.8762   15.0208
    7.5000   -7.5000  -37.5000 2394.0974   15.2315
   -7.5000    0.0000  -37.5000 2417.9907   14.9396
    0.0000    0.0000  -37.5000 2420.0020   14.8709
    7.5000    0.0000  -37.5000 2389.8813   15.1319
   -7.5000    7.5000  -37.5000 2416.1636   14.9585
    0.0000    7.5000  -37.5000 2414.1501   14.9048
    7.5000    7.5000  -37.5000 2386.3484   15.1623
   -7.5000   15.0000  -37.5000 2405.0403   15.2477
    0.0000   15.0000  -37.5000 2407.0703   15.1917
    7.5000   15.0000  -37.5000 2371.3757   15.4899
   -7.5000   22.5000  -37.5000 2377.7021   15.8079
    0.0000   22.5000  -37.5000 2374.5464   15.7552
    7.5000   22.5000  -37.5000 2336.9639   16.0462
   -7.5000   30.0000  -37.5000 2324.3911   16.6448
    0.0000   30.0000  -37.5000 2321.4414   16.6087
    7.5000   30.0000  -37.5000 2283.5239   16.9012
   -7.5000   37.5000  -37.5000 2236.4885   17.7696
    0.0000   37.5000  -37.5000 2236.7825   17.7200
    7.5000   37.5000  -37.5000 2203.8904   18.0452
   -7.5000   45.0000  -37.5000 2128.6357   19.3293
    0.0000   45.0000  -37.5000 2134.3967   19.2507
    7.5000   45.0000  -37.5000 2099.3733   19.6375
   -7.5000  -45.0000  -30.0000 2418.8794   16.1034
    0.0000  -45.0000  -30.0000 2437.8528   16.1232
    7.5000  -45.0000  -30.0000 2418.3804   16.2774
   -7.5000  -37.5000  -30.0000 2469.0117   15.6082
    0.0000  -37.5000  -30.0000 2486.3701   15.5653
    7.5000  -37.5000  -30.0000 2460.2607   15.7449
   -7.5000  -30.0000  -30.0000 2510.3696   15.1716
    0.0000  -30.0000  -30.0000 2523.1582   15.1493
    7.5000  -30.0000  -30.0000 2489.3054   15.2994
   -7.5000  -22.5000  -30.0000 2534.9094   14.8437
    0.0000  -22.5000  -30.0000 2545.4597   14.7595
    7.5000  -22.5000  -30.0000 2518.7476   14.9126
   -7.5000  -15.0000  -30.0000 2550.4558   14.5755
    0.0000  -15.0000  -30.0000 2557.6052   14.4632
    7.5000  -15.0000  -30.0000 2532.9800   14.6137
   -7.5000   -7.5000  -30.0000 2561.2681   14.3954
    0.0000   -7.5000  -30.0000 2564.5398   14.2917
    7.5000   -7.5000  -30.0000 2542.1169   14.4716
   -7.5000    0.0000  -30.0000 2566.8542   14.3016
    0.0000    0.0000  -30.0000 2572.8215   14.2419
    7.5000    0.0000  -30.0000 2543.9167   14.4388
   -7.5000    7.5000  -30.0000 2566.2874   14.3343
    0.0000    7.5000  -30.0000 2567.4727   14.3007
    7.5000    7.5000  -30.0000 2534.2898   14.5501
   -7.5000   15.0000  -30.0000 2553.9575   14.6189
    0.0000   15.0000  -30.0000 2557.7192   14.5757
    7.5000   15.0000  -30.0000 2516.9111   14.8579
   -7.5000   22.5000  -30.0000 2525.3855   15.1540
    0.0000   22.5000  -30.0000 2526.8279   15.0961
    7.5000   22.5000  -30.0000 2484.4136   15.3792
   -7.5000   30.0000  -30.0000 2466.0139   15.9409
    0.0000   30.0000  -30.0000 2467.3125   15.8758
    7.5000   30.0000  -30.0000 2423.4258   16.1740
   -7.5000   37.5000  -30.0000 2374.9187   17.0411
    0.0000   37.5000  -30.0000 2379.3606   16.9521
    7.5000   37.5000  -30.0000 2341.2310   17.2390
   -7.5000   45.0000  -30.0000 2259.2180   18.4940
    0.0000   45.0000  -30.0000 2262.8313   18.4436
    7.5000   45.0000  -30.0000 2229.5027   18.7588
   -7.5000  -45.0000  -22.5000 2514.8320   15.3622
    0.0000  -45.0000  -22.5000 2540.7834   15.2890
    7.5000  -45.0000  -22.5000 2524.9626   15.4428
   -7.5000  -37.5000  -22.5000 2567.5886   14.8445
    0.0000  -37.5000  -22.5000 2588.0798   14.7533
    7.5000  -37.5000  -22.5000 2565.1267   14.9097
   -7.5000  -30.0000  -22.5000 2604.5098   14.3659
    0.0000  -30.0000  -22.5000 2620.4536   14.3010
    7.5000  -30.0000  -22.5000 2593.8582   14.4639
   -7.5000  -22.5000  -22.5000 2633.1079   13.9805
    0.0000  -22.5000  -22.5000 2641.8760   13.9073
    7.5000  -22.5000  -22.5000 2621.3301   14.0434
   -7.5000  -15.0000  -22.5000 2653.7432   13.7058
    0.0000  -15.0000  -22.5000 2664.8625   13.6496
    7.5000  -15.0000  -22.5000 2644.1475   13.7900
   -7.5000   -7.5000  -22.5000 2673.7510   13.5465
    0.0000   -7.5000  -22.5000 2681.3074   13.4936
    7.5000   -7.5000  -22.5000 2659.4617   13.6186
   -7.5000    0.0000  -22.5000 2690.8552   13.4728
    0.0000    0.0000  -22.5000 2698.1023   13.4342
    7.5000    0.0000  -22.5000 2660.5154   13.6053
   -7.5000    7.5000  -22.5000 2695.8738   13.5714
    0.0000    7.5000  -22.5000 2702.1824   13.5442
    7.5000    7.5000  -22.5000 2659.9814   13.7519
   -7.5000   15.0000  -22.5000 2684.1753   13.8881
    0.0000   15.0000  -22.5000 2690.8015   13.8407
    7.5000   15.0000  -22.5000 2644.6992   14.0995
   -7.5000   22.5000  -22.5000 2647.8540   14.4089
    0.0000   22.5000  -22.5000 2656.9358   14.3339
    7.5000   22.5000  -22.5000 2615.2996   14.5974
   -7.5000   30.0000  -22.5000 2581.2942   15.1617
    0.0000   30.0000  -22.5000 2589.1997   15.0882
    7.5000   30.0000  -22.5000 2547.9475   15.3605
   -7.5000   37.5000  -22.5000 2484.9109   16.2047
    0.0000   37.5000  -22.5000 2492.2871   16.1158
    7.5000   37.5000  -22.5000 2454.1179   16.3683
   -7.5000   45.0000  -22.5000 2360.3064   17.5868
    0.0000   45.0000  -22.5000 2365.5750   17.5198
    7.5000   45.0000  -22.5000 2335.9143   17.8073
   -7.5000  -45.0000  -15.0000 2574.2080   14.7069
    0.0000  -45.0000  -15.0000 2602.7529   14.5768
    7.5000  -45.0000  -15.0000 2583.2205   14.7249
   -7.5000  -37.5000  -15.0000 2625.9268   14.1499
    0.0000  -37.5000  -15.0000 2648.1948   14.0512
    7.5000  -37.5000  -15.0000 2624.4275   14.1650
   -7.5000  -30.0000  -15.0000 2660.0657   13.6535
    0.0000  -30.0000  -15.0000 2677.6150   13.5570
    7.5000  -30.0000  -15.0000 2651.5364   13.6802
   -7.5000  -22.5000  -15.0000 2694.6428   13.2327
    0.0000  -22.5000  -15.0000 2707.7275   13.1745
    7.5000  -22.5000  -15.0000 2682.7952   13.3062
   -7.5000  -15.0000  -15.0000 2724.9517   12.9225
    0.0000  -15.0000  -15.0000 2741.5491   12.9187
    7.5000  -15.0000  -15.0000 2716.4697   13.0488
   -7.5000   -7.5000  -15.0000 2757.8630   12.7461
    0.0000   -7.5000  -15.0000 2767.5178   12.7288
    7.5000   -7.5000  -15.0000 2740.0015   12.8835
   -7.5000    0.0000  -15.0000 2779.8550   12.6982
    0.0000    0.0000  -15.0000 2788.7014   12.6623
    7.5000    0.0000  -15.0000 2747.3328   12.8664
   -7.5000    7.5000  -15.0000 2791.8789   12.8007
    0.0000    7.5000  -15.0000 2803.5549   12.7759
    7.5000    7.5000  -15.0000 2754.0198   13.0009
   -7.5000   15.0000  -15.0000 2783.9172   13.1608
    0.0000   15.0000  -15.0000 2793.8687   13.1095
    7.5000   15.0000  -15.0000 2741.0198   13.3431
   -7.5000   22.5000  -15.0000 2740.0366   13.6720
    0.0000   22.5000  -15.0000 2753.8110   13.6262
    7.5000   22.5000  -15.0000 2705.6694   13.8573
   -7.5000   30.0000  -15.0000 2661.4253   14.3912
    0.0000   30.0000  -15.0000 2678.0854   14.3414
    7.5000   30.0000  -15.0000 2636.3540   14.5960
   -7.5000   37.5000  -15.0000 2562.2273   15.3747
    0.0000   37.5000  -15.0000 2571.4128   15.3326
    7.5000   37.5000  -15.0000 2531.8979   15.5978
   -7.5000   45.0000  -15.0000 2435.8770   16.7437
    0.0000   45.0000  -15.0000 2442.6406   16.6920
    7.5000   45.0000  -15.0000 2410.2476   16.9644
   -7.5000  -45.0000   -7.5000 2614.8228   14.1895
    0.0000  -45.0000   -7.5000 2637.7393   14.0344
    7.5000  -45.0000   -7.5000 2622.1794   14.2128
   -7.5000  -37.5000   -7.5000 2658.2798   13.5808
    0.0000  -37.5000   -7.5000 2680.0129   13.4825
    7.5000  -37.5000   -7.5000 2659.4604   13.6391
   -7.5000  -30.0000   -7.5000 2694.9282   13.0725
    0.0000  -30.0000   -7.5000 2713.1191   12.9725
    7.5000  -30.0000   -7.5000 2690.2749   13.1195
   -7.5000  -22.5000   -7.5000 2731.9524   12.6580
    0.0000  -22.5000   -7.5000 2748.8853   12.5839
    7.5000  -22.5000   -7.5000 2726.9817   12.6876
   -7.5000  -15.0000   -7.5000 2777.2239   12.3285
    0.0000  -15.0000   -7.5000 2795.2234   12.2875
    7.5000  -15.0000   -7.5000 2765.4734   12.3976
   -7.5000   -7.5000   -7.5000 2820.9045   12.1561
    0.0000   -7.5000   -7.5000 2837.8049   12.1194
    7.5000   -7.5000   -7.5000 2806.0479   12.2223
   -7.5000    0.0000   -7.5000 2858.6606   12.1173
    0.0000    0.0000   -7.5000 2868.4995   12.0801
    7.5000    0.0000   -7.5000 2829.6206   12.2236
   -7.5000    7.5000   -7.5000 2882.0984   12.1792
    0.0000    7.5000   -7.5000 2893.9065   12.1816
    7.5000    7.5000   -7.5000 2838.3911   12.3721
   -7.5000   15.0000   -7.5000 2868.7410   12.5282
    0.0000   15.0000   -7.5000 2880.1968   12.5132
    7.5000   15.0000   -7.5000 2818.5388   12.7153
   -7.5000   22.5000   -7.5000 2813.2883   13.0349
    0.0000   22.5000   -7.5000 2830.0564   13.0098
    7.5000   22.5000   -7.5000 2773.9263   13.2056
   -7.5000   30.0000   -7.5000 2730.5391   13.7210
    0.0000   30.0000   -7.5000 2745.5203   13.7080
    7.5000   30.0000   -7.5000 2695.9602   13.9084
   -7.5000   37.5000   -7.5000 2617.9656   14.7115
    0.0000   37.5000   -7.5000 2628.5144   14.6676
    7.5000   37.5000   -7.5000 2589.0059   14.8751
   -7.5000   45.0000   -7.5000 2482.4285   16.0984
    0.0000   45.0000   -7.5000 2491.6868   16.0011
    7.5000   45.0000   -7.5000 2456.7864   16.2617
   -7.5000  -45.0000    0.0000 2631.9126   13.9186
    0.0000  -45.0000    0.0000 2657.6519   13.7213
    7.5000  -45.0000    0.0000 2642.1411   13.9138
   -7.5000  -37.5000    0.0000 2667.8237   13.2263
    0.0000  -37.5000    0.0000 2692.0764   13.1087
    7.5000  -37.5000    0.0000 2674.2764   13.2906
   -7.5000  -30.0000    0.0000 2703.6089   12.6963
    0.0000  -30.0000    0.0000 2721.4343   12.5998
    7.5000  -30.0000    0.0000 2704.9243   12.7650
   -7.5000  -22.5000    0.0000 2744.6504   12.2603
    0.0000  -22.5000    0.0000 2759.3669   12.1797
    7.5000  -22.5000    0.0000 2740.7275   12.3057
   -7.5000  -15.0000    0.0000 2798.8857   11.9601
    0.0000  -15.0000    0.0000 2814.7317   11.8820
    7.5000  -15.0000    0.0000 2786.8271   11.9842
   -7.5000   -7.5000    0.0000 2860.2842   11.8106
    0.0000   -7.5000    0.0000 2871.0535   11.7518
    7.5000   -7.5000    0.0000 2840.5977   11.8306
   -7.5000    0.0000    0.0000 2915.7002   11.8266
    0.0000    0.0000    0.0000 2929.6260   11.7984
    7.5000    0.0000    0.0000 2887.2759   11.8671
   -7.5000    7.5000    0.0000 2956.4001   11.9178
    0.0000    7.5000    0.0000 2973.6912   11.9396
    7.5000    7.5000    0.0000 2900.1086   12.0291
   -7.5000   15.0000    0.0000 2938.0483   12.1686
    0.0000   15.0000    0.0000 2952.8259   12.1893
    7.5000   15.0000    0.0000 2874.8101   12.3115
   -7.5000   22.5000    0.0000 2859.5742   12.6412
    0.0000   22.5000    0.0000 2873.3254   12.6400
    7.5000   22.5000    0.0000 2818.8716   12.7657
   -7.5000   30.0000    0.0000 2769.3096   13.2730
    0.0000   30.0000    0.0000 2783.9285   13.2262
    7.5000   30.0000    0.0000 2739.3728   13.4004
   -7.5000   37.5000    0.0000 2649.5840   14.2718
    0.0000   37.5000    0.0000 2667.6577   14.1843
    7.5000   37.5000    0.0000 2625.9661   14.3913
   -7.5000   45.0000    0.0000 2509.3831   15.6584
    0.0000   45.0000    0.0000 2519.8516   15.5709
    7.5000   45.0000    0.0000 2483.8494   15.7894
   -7.5000  -45.0000    7.5000 2634.1213   13.8406
    0.0000  -45.0000    7.5000 2660.3027   13.6407
    7.5000  -45.0000    7.5000 2641.6658   13.8185
   -7.5000  -37.5000    7.5000 2663.2371   13.1253
    0.0000  -37.5000    7.5000 2686.6836   12.9301
    7.5000  -37.5000    7.5000 2671.1091   13.1594
   -7.5000  -30.0000    7.5000 2695.6279   12.5249
    0.0000  -30.0000    7.5000 2714.5352   12.3668
    7.5000  -30.0000    7.5000 2701.2026   12.6092
   -7.5000  -22.5000    7.5000 2744.3352   12.1038
    0.0000  -22.5000    7.5000 2753.7134   11.9642
    7.5000  -22.5000    7.5000 2741.4385   12.1693
   -7.5000  -15.0000    7.5000 2800.3823   11.7987
    0.0000  -15.0000    7.5000 2812.3430   11.6875
    7.5000  -15.0000    7.5000 2792.9661   11.8552
   -7.5000   -7.5000    7.5000 2870.6155   11.6610
    0.0000   -7.5000    7.5000 2882.5344   11.6058
    7.5000   -7.5000    7.5000 2851.9812   11.6988
   -7.5000    0.0000    7.5000 2940.8357   11.7456
    0.0000    0.0000    7.5000 2957.0920   11.7508
    7.5000    0.0000    7.5000 2907.7754   11.7405
   -7.5000    7.5000    7.5000 2989.5344   11.9310
    0.0000    7.5000    7.5000 3014.1707   11.9594
    7.5000    7.5000    7.5000 2933.1470   11.9125
   -7.5000   15.0000    7.5000 2966.0994   12.0925
    0.0000   15.0000    7.5000 2997.9348   12.0918
    7.5000   15.0000    7.5000 2907.9827   12.1477
   -7.5000   22.5000    7.5000 2882.5518   12.4532
    0.0000   22.5000    7.5000 2903.7991   12.3853
    7.5000   22.5000    7.5000 2842.8660   12.5659
   -7.5000   30.0000    7.5000 2781.2874   13.0732
    0.0000   30.0000    7.5000 2796.6819   12.9806
    7.5000   30.0000    7.5000 2756.3591   13.1929
   -7.5000   37.5000    7.5000 2657.5779   14.0722
    0.0000   37.5000    7.5000 2670.4573   13.9487
    7.5000   37.5000    7.5000 2640.2837   14.1655
   -7.5000   45.0000    7.5000 2519.8176   15.4432
    0.0000   45.0000    7.5000 2527.5718   15.3490
    7.5000   45.0000    7.5000 2499.7910   15.5799
   -7.5000  -45.0000   15.0000 2609.5225   13.9378
    0.0000  -45.0000   15.0000 2642.0256   13.6875
    7.5000  -45.0000   15.0000 2625.9231   13.9131
   -7.5000  -37.5000   15.0000 2635.2568   13.2089
    0.0000  -37.5000   15.0000 2661.7251   12.9717
    7.5000  -37.5000   15.0000 2649.2688   13.2442
   -7.5000  -30.0000   15.0000 2664.9646   12.6370
    0.0000  -30.0000   15.0000 2685.1162   12.4423
    7.5000  -30.0000   15.0000 2677.1804   12.7007
   -7.5000  -22.5000   15.0000 2719.0920   12.2182
    0.0000  -22.5000   15.0000 2729.6624   12.0444
    7.5000  -22.5000   15.0000 2716.9907   12.2923
   -7.5000  -15.0000   15.0000 2777.9912   11.9321
    0.0000  -15.0000   15.0000 2794.9060   11.7875
    7.5000  -15.0000   15.0000 2769.8960   11.9962
   -7.5000   -7.5000   15.0000 2848.2295   11.7917
    0.0000   -7.5000   15.0000 2865.2305   11.6937
    7.5000   -7.5000   15.0000 2827.3489   11.8503
   -7.5000    0.0000   15.0000 2915.4060   11.8318
    0.0000    0.0000   15.0000 2940.4023   11.7791
    7.5000    0.0000   15.0000 2884.9902   11.8634
   -7.5000    7.5000   15.0000 2969.5786   11.9083
    0.0000    7.5000   15.0000 2999.3950   11.8719
    7.5000    7.5000   15.0000 2923.8230   11.9746
   -7.5000   15.0000   15.0000 2950.1877   12.0701
    0.0000   15.0000   15.0000 2981.4592   11.9750
    7.5000   15.0000   15.0000 2904.1951   12.2124
   -7.5000   22.5000   15.0000 2865.3320   12.5187
    0.0000   22.5000   15.0000 2889.9678   12.4154
    7.5000   22.5000   15.0000 2833.0034   12.6666
   -7.5000   30.0000   15.0000 2758.4409   13.2070
    0.0000   30.0000   15.0000 2773.0288   13.0929
    7.5000   30.0000   15.0000 2740.6079   13.3044
   -7.5000   37.5000   15.0000 2640.9795   14.1936
    0.0000   37.5000   15.0000 2648.5334   14.0485
    7.5000   37.5000   15.0000 2626.2485   14.2609
   -7.5000   45.0000   15.0000 2506.9258   15.5107
    0.0000   45.0000   15.0000 2511.4963   15.3931
    7.5000   45.0000   15.0000 2489.0134   15.6130
   -7.5000  -45.0000   22.5000 2575.9609   14.2725
    0.0000  -45.0000   22.5000 2615.9897   13.9579
    7.5000  -45.0000   22.5000 2596.4307   14.1788
   -7.5000  -37.5000   22.5000 2604.6021   13.5624
    0.0000  -37.5000   22.5000 2638.5420   13.2942
    7.5000  -37.5000   22.5000 2620.0022   13.5205
   -7.5000  -30.0000   22.5000 2635.7708   12.9685
    0.0000  -30.0000   22.5000 2662.2061   12.7488
    7.5000  -30.0000   22.5000 2643.4778   12.9829
   -7.5000  -22.5000   22.5000 2682.5791   12.5392
    0.0000  -22.5000   22.5000 2703.7615   12.3189
    7.5000  -22.5000   22.5000 2685.3523   12.5620
   -7.5000  -15.0000   22.5000 2742.8594   12.2212
    0.0000  -15.0000   22.5000 2761.0486   12.0412
    7.5000  -15.0000   22.5000 2739.2581   12.2731
   -7.5000   -7.5000   22.5000 2813.8840   12.0862
    0.0000   -7.5000   22.5000 2828.8379   11.9471
    7.5000   -7.5000   22.5000 2799.1917   12.1367
   -7.5000    0.0000   22.5000 2872.4185   12.0603
    0.0000    0.0000   22.5000 2887.8911   11.9554
    7.5000    0.0000   22.5000 2847.2808   12.1346
   -7.5000    7.5000   22.5000 2907.8159   12.1012
    0.0000    7.5000   22.5000 2922.8596   11.9657
    7.5000    7.5000   22.5000 2874.4197   12.2199
   -7.5000   15.0000   22.5000 2893.6572   12.2971
    0.0000   15.0000   22.5000 2913.2766   12.1682
    7.5000   15.0000   22.5000 2854.3025   12.4717
   -7.5000   22.5000   22.5000 2822.7283   12.8295
    0.0000   22.5000   22.5000 2849.0500   12.7079
    7.5000   22.5000   22.5000 2796.3596   12.9657
   -7.5000   30.0000   22.5000 2719.8179   13.5701
    0.0000   30.0000   22.5000 2736.6897   13.4301
    7.5000   30.0000   22.5000 2702.8047   13.6583
   -7.5000   37.5000   22.5000 2604.7346   14.5568
    0.0000   37.5000   22.5000 2617.4214   14.4202
    7.5000   37.5000   22.5000 2593.5457   14.6327
   -7.5000   45.0000   22.5000 2474.3921   15.7900
    0.0000   45.0000   22.5000 2487.0105   15.6878
    7.5000   45.0000   22.5000 2459.0024   15.8917
   -7.5000  -45.0000   30.0000 2526.8435   14.7366
    0.0000  -45.0000   30.0000 2565.6394   14.4538
    7.5000  -45.0000   30.0000 2539.9946   14.6143
   -7.5000  -37.5000   30.0000 2564.4131   14.0050
    0.0000  -37.5000   30.0000 2595.6150   13.7695
    7.5000  -37.5000   30.0000 2574.1882   13.9614
   -7.5000  -30.0000   30.0000 2604.3262   13.4000
    0.0000  -30.0000   30.0000 2626.0781   13.1699
    7.5000  -30.0000   30.0000 2599.0391   13.3986
   -7.5000  -22.5000   30.0000 2644.1926   12.9475
    0.0000  -22.5000   30.0000 2669.7971   12.7309
    7.5000  -22.5000   30.0000 2646.5884   12.9838
   -7.5000  -15.0000   30.0000 2704.0232   12.6427
    0.0000  -15.0000   30.0000 2724.6326   12.4865
    7.5000  -15.0000   30.0000 2696.3987   12.7070
   -7.5000   -7.5000   30.0000 2763.2529   12.5175
    0.0000   -7.5000   30.0000 2780.8213   12.3541
    7.5000   -7.5000   30.0000 2750.7683   12.5684
   -7.5000    0.0000   30.0000 2808.4358   12.4965
    0.0000    0.0000   30.0000 2823.9099   12.3338
    7.5000    0.0000   30.0000 2791.9626   12.5849
   -7.5000    7.5000   30.0000 2829.6035   12.5347
    0.0000    7.5000   30.0000 2840.0291   12.3638
    7.5000    7.5000   30.0000 2805.9956   12.6513
   -7.5000   15.0000   30.0000 2813.4543   12.7925
    0.0000   15.0000   30.0000 2822.2632   12.6442
    7.5000   15.0000   30.0000 2778.9661   12.9270
   -7.5000   22.5000   30.0000 2752.2798   13.3080
    0.0000   22.5000   30.0000 2777.6372   13.1719
    7.5000   22.5000   30.0000 2730.9912   13.4322
   -7.5000   30.0000   30.0000 2657.9834   14.0992
    0.0000   30.0000   30.0000 2678.8896   13.9193
    7.5000   30.0000   30.0000 2644.7998   14.1746
   -7.5000   37.5000   30.0000 2553.3992   15.0506
    0.0000   37.5000   30.0000 2564.9685   14.8958
    7.5000   37.5000   30.0000 2541.4451   15.1668
   -7.5000   45.0000   30.0000 2425.0439   16.2717
    0.0000   45.0000   30.0000 2439.2451   16.1455
    7.5000   45.0000   30.0000 2413.9238   16.3946
   -7.5000  -45.0000   37.5000 2463.3918   15.4040
    0.0000  -45.0000   37.5000 2501.5710   15.0943
    7.5000  -45.0000   37.5000 2481.1931   15.2419
   -7.5000  -37.5000   37.5000 2510.6709   14.6764
    0.0000  -37.5000   37.5000 2541.6987   14.3944
    7.5000  -37.5000   37.5000 2521.3745   14.5982
   -7.5000  -30.0000   37.5000 2554.1145   14.0285
    0.0000  -30.0000   37.5000 2583.6799   13.7822
    7.5000  -30.0000   37.5000 2553.2744   14.0158
   -7.5000  -22.5000   37.5000 2595.3945   13.5838
    0.0000  -22.5000   37.5000 2625.3535   13.3520
    7.5000  -22.5000   37.5000 2596.5129   13.5806
   -7.5000  -15.0000   37.5000 2642.4714   13.2807
    0.0000  -15.0000   37.5000 2673.4236   13.0976
    7.5000  -15.0000   37.5000 2638.7317   13.3194
   -7.5000   -7.5000   37.5000 2694.9888   13.1250
    0.0000   -7.5000   37.5000 2719.3848   12.9525
    7.5000   -7.5000   37.5000 2682.5054   13.1795
   -7.5000    0.0000   37.5000 2732.6816   13.1225
    0.0000    0.0000   37.5000 2754.9368   12.9214
    7.5000    0.0000   37.5000 2719.5347   13.1956
   -7.5000    7.5000   37.5000 2747.2317   13.2101
    0.0000    7.5000   37.5000 2760.9683   13.0467
    7.5000    7.5000   37.5000 2729.0874   13.3301
   -7.5000   15.0000   37.5000 2720.1660   13.4849
    0.0000   15.0000   37.5000 2731.7603   13.3326
    7.5000   15.0000   37.5000 2697.9944   13.6454
   -7.5000   22.5000   37.5000 2665.3215   13.9978
    0.0000   22.5000   37.5000 2686.7996   13.8215
    7.5000   22.5000   37.5000 2646.8467   14.1053
   -7.5000   30.0000   37.5000 2587.5051   14.7542
    0.0000   30.0000   37.5000 2603.0640   14.5572
    7.5000   30.0000   37.5000 2571.2693   14.8170
   -7.5000   37.5000   37.5000 2488.6780   15.7022
    0.0000   37.5000   37.5000 2502.6692   15.5308
    7.5000   37.5000   37.5000 2478.8350   15.7990
   -7.5000   45.0000   37.5000 2371.3335   16.9348
    0.0000   45.0000   37.5000 2382.5586   16.8105
    7.5000   45.0000   37.5000 2364.7510   17.0648
   -7.5000  -45.0000   45.0000 2392.6528   16.3211
    0.0000  -45.0000   45.0000 2433.2756   16.0572
    7.5000  -45.0000   45.0000 2417.5222   16.1831
   -7.5000  -37.5000   45.0000 2443.0894   15.5483
    0.0000  -37.5000   45.0000 2482.1243   15.2756
    7.5000  -37.5000   45.0000 2459.6443   15.4806
   -7.5000  -30.0000   45.0000 2490.8101   14.8821
    0.0000  -30.0000   45.0000 2525.2930   14.6773
    7.5000  -30.0000   45.0000 2497.1943   14.8708
   -7.5000  -22.5000   45.0000 2533.0471   14.4283
    0.0000  -22.5000   45.0000 2565.7515   14.2547
    7.5000  -22.5000   45.0000 2535.2942   14.4404
   -7.5000  -15.0000   45.0000 2574.4192   14.1374
    0.0000  -15.0000   45.0000 2603.4028   13.9539
    7.5000  -15.0000   45.0000 2570.2710   14.1672
   -7.5000   -7.5000   45.0000 2613.3857   13.9812
    0.0000   -7.5000   45.0000 2638.9519   13.8105
    7.5000   -7.5000   45.0000 2603.1062   14.0370
   -7.5000    0.0000   45.0000 2638.6741   13.9887
    0.0000    0.0000   45.0000 2661.4495   13.8222
    7.5000    0.0000   45.0000 2627.6748   14.0613
   -7.5000    7.5000   45.0000 2650.1309   14.1015
    0.0000    7.5000   45.0000 2658.6616   13.9861
    7.5000    7.5000   45.0000 2632.8286   14.2347
   -7.5000   15.0000   45.0000 2618.6880   14.4178
    0.0000   15.0000   45.0000 2629.2463   14.3121
    7.5000   15.0000   45.0000 2602.0681   14.5870
   -7.5000   22.5000   45.0000 2571.4207   14.9104
    0.0000   22.5000   45.0000 2591.5823   14.7652
    7.5000   22.5000   45.0000 2558.8318   15.0374
   -7.5000   30.0000   45.0000 2504.0906   15.6272
    0.0000   30.0000   45.0000 2524.8271   15.4553
    7.5000   30.0000   45.0000 2493.1406   15.7130
   -7.5000   37.5000   45.0000 2418.9307   16.5294
    0.0000   37.5000   45.0000 2433.7317   16.3710
    7.5000   37.5000   45.0000 2408.0251   16.6573
   -7.5000   45.0000   45.0000 2302.8459   17.7914
    0.0000   45.0000   45.0000 2312.9546   17.6833
    7.5000   45.0000   45.0000 2292.1436   17.9373

---------------------------------------------------------------------
imgreg_4dfp /opt/freesurfer/average/711-2C_as_mni_average_305 /opt/freesurfer/average/711-2B_as_mni_average_305_mask talsrcimg_g11 none talsrcimg_to_711-2C_as_mni_average_305_t4 1283
---------------------------------------------------------------------

freesurfer imgreg_4dfp.c
/opt/freesurfer/average/711-2C_as_mni_average_305.4dfp.img
       256       256       256         1
  1.000000  1.000000  1.000000
orientation T byte_order littleendian
Reading image: /opt/freesurfer/average/711-2C_as_mni_average_305.4dfp.img
dimensions:      256       256       256
mmppix:       1.0000   -1.0000   -1.0000
center:     128.0000 -129.0000 -129.0000
/opt/freesurfer/average/711-2B_as_mni_average_305_mask.4dfp.img
       256       256       256         1
  1.000000  1.000000  1.000000
orientation T byte_order littleendian
Reading mask: /opt/freesurfer/average/711-2B_as_mni_average_305_mask.4dfp.img (2306576 pixels)
talsrcimg_g11.4dfp.img
       256       256       256         1
  1.000000  1.000000  1.000000
orientation T byte_order littleendian
Reading image: talsrcimg_g11.4dfp.img
dimensions:      256       256       256
mmppix:       1.0000   -1.0000   -1.0000
center:     128.0000 -129.0000 -129.0000
rotation matrix determinant  1.000000
fimgreg.f
image alignment mode   1283 decimal      503 hex
parameters
    0.0000    7.5000    7.5000    0.0000    0.0000    0.0000
eta,q 0.94563 11.95784
niter,ni,del,rscale     5    3   12.0000    1.2000
parameter  4  2.100816 ->  0.500000 qaram    1.1500
parameters
   -2.5877    9.6830    8.3100   -3.4500   -0.3789    2.0224
eta,q 0.95869 11.97753
  0.0571  0.0632  0.0578  0.0394  0.0516  0.0554
  0.0515  0.0572  0.0531  0.0409  0.0467  0.0500
  0.0501  0.0526  0.0497  0.0437  0.0427  0.0446
  0.0540  0.0496  0.0479  0.0476  0.0416  0.0416
  0.0613  0.0479  0.0478  0.0520  0.0440  0.0413
  0.0697  0.0485  0.0500  0.0566  0.0484  0.0423
  0.0793  0.0521  0.0538  0.0611  0.0544  0.0446
niter,ni,del,rscale     5    3   12.0000    1.2000
parameter  4  0.756215 ->  0.500000 qaram    1.3225
parameters
   -2.0709   10.7801    7.3620   -7.4175   -0.7659    2.5342
eta,q 0.96506 11.98698
  0.0659  0.0591  0.0469  0.0383  0.0468  0.0478
  0.0544  0.0527  0.0429  0.0353  0.0408  0.0418
  0.0452  0.0455  0.0413  0.0364  0.0361  0.0370
  0.0413  0.0414  0.0410  0.0410  0.0351  0.0350
  0.0434  0.0414  0.0426  0.0461  0.0379  0.0359
  0.0495  0.0444  0.0466  0.0519  0.0432  0.0395
  0.0587  0.0509  0.0526  0.0570  0.0497  0.0440
niter,ni,del,rscale     5    3   12.0000    1.2000
parameters
   -1.9676   11.5999    6.9673   -8.2141   -0.9090    2.6721
eta,q 0.96536 11.97622
  0.0600  0.0576  0.0468  0.0459  0.0473  0.0455
  0.0480  0.0484  0.0404  0.0408  0.0412  0.0399
  0.0384  0.0389  0.0360  0.0365  0.0362  0.0360
  0.0349  0.0350  0.0348  0.0348  0.0347  0.0346
  0.0385  0.0358  0.0377  0.0383  0.0369  0.0359
  0.0472  0.0406  0.0435  0.0444  0.0419  0.0397
  0.0580  0.0486  0.0495  0.0508  0.0485  0.0443
niter,ni,del,rscale     4    3   12.0000    1.2000
parameters
   -1.9638   11.9188    6.7563   -8.6738   -0.9432    2.6928
eta,q 0.96520 11.96268
  0.0601  0.0544  0.0477  0.0459  0.0477  0.0449
  0.0475  0.0441  0.0409  0.0414  0.0416  0.0395
  0.0378  0.0367  0.0359  0.0370  0.0366  0.0359
  0.0346  0.0346  0.0347  0.0347  0.0348  0.0348
  0.0388  0.0367  0.0375  0.0371  0.0368  0.0360
  0.0481  0.0423  0.0427  0.0430  0.0416  0.0400
  0.0592  0.0498  0.0489  0.0492  0.0481  0.0443
niter,ni,del,rscale     3    3   12.0000    1.2000
parameters
   -1.9669   12.0943    6.6266   -8.9444   -0.9580    2.6863
eta,q 0.96509 11.95635
  0.0607  0.0530  0.0481  0.0459  0.0480  0.0448
  0.0479  0.0429  0.0413  0.0416  0.0417  0.0394
  0.0380  0.0363  0.0359  0.0373  0.0368  0.0359
  0.0348  0.0348  0.0349  0.0348  0.0349  0.0349
  0.0391  0.0371  0.0376  0.0366  0.0369  0.0362
  0.0486  0.0428  0.0424  0.0422  0.0417  0.0400
  0.0599  0.0498  0.0486  0.0482  0.0482  0.0443
niter,ni,del,rscale     2    3   12.0000    1.2000
parameters
   -1.9682   12.1947    6.5397   -9.1001   -0.9654    2.6833
eta,q 0.96502 11.95339
  0.0610  0.0523  0.0484  0.0460  0.0481  0.0448
  0.0482  0.0424  0.0416  0.0417  0.0418  0.0394
  0.0382  0.0362  0.0359  0.0375  0.0369  0.0360
  0.0349  0.0349  0.0350  0.0349  0.0350  0.0350
  0.0392  0.0373  0.0377  0.0363  0.0369  0.0362
  0.0489  0.0431  0.0423  0.0418  0.0417  0.0401
  0.0603  0.0498  0.0485  0.0477  0.0482  0.0443
niter,ni,del,rscale     1    3   12.0000    1.2000
parameters
   -1.9725   12.2563    6.4876   -9.1905   -0.9706    2.6813
eta,q 0.96499 11.95164
  0.0613  0.0519  0.0486  0.0460  0.0481  0.0448
  0.0484  0.0421  0.0418  0.0417  0.0419  0.0394
  0.0383  0.0361  0.0359  0.0376  0.0369  0.0360
  0.0350  0.0350  0.0350  0.0350  0.0350  0.0350
  0.0393  0.0375  0.0377  0.0362  0.0370  0.0362
  0.0491  0.0432  0.0422  0.0415  0.0418  0.0401
  0.0605  0.0498  0.0484  0.0474  0.0482  0.0443
registration optimization eta report
parameter search radius
    6.0000    6.0000    6.0000    7.9350    6.0000    6.0000
100000*second partial in parameter space
       70.       44.       37.       18.       36.       26.
  0.0613  0.0519  0.0486  0.0460  0.0481  0.0448
  0.0484  0.0421  0.0418  0.0417  0.0419  0.0394
  0.0383  0.0361  0.0359  0.0376  0.0369  0.0360
  0.0350  0.0350  0.0350  0.0350  0.0350  0.0350
  0.0393  0.0375  0.0377  0.0362  0.0370  0.0362
  0.0491  0.0432  0.0422  0.0415  0.0418  0.0401
  0.0605  0.0498  0.0484  0.0474  0.0482  0.0443
   -1.9725   12.2563    6.4876   -9.1905   -0.9706    2.6813
eta,q 0.96499 11.95164

---------------------------------------------------------------------
imgreg_4dfp /opt/freesurfer/average/711-2C_as_mni_average_305 /opt/freesurfer/average/711-2B_as_mni_average_305_mask talsrcimg_g11 none talsrcimg_to_711-2C_as_mni_average_305_t4 3335
---------------------------------------------------------------------

freesurfer imgreg_4dfp.c
/opt/freesurfer/average/711-2C_as_mni_average_305.4dfp.img
       256       256       256         1
  1.000000  1.000000  1.000000
orientation T byte_order littleendian
Reading image: /opt/freesurfer/average/711-2C_as_mni_average_305.4dfp.img
dimensions:      256       256       256
mmppix:       1.0000   -1.0000   -1.0000
center:     128.0000 -129.0000 -129.0000
/opt/freesurfer/average/711-2B_as_mni_average_305_mask.4dfp.img
       256       256       256         1
  1.000000  1.000000  1.000000
orientation T byte_order littleendian
Reading mask: /opt/freesurfer/average/711-2B_as_mni_average_305_mask.4dfp.img (2306576 pixels)
talsrcimg_g11.4dfp.img
       256       256       256         1
  1.000000  1.000000  1.000000
orientation T byte_order littleendian
Reading image: talsrcimg_g11.4dfp.img
dimensions:      256       256       256
mmppix:       1.0000   -1.0000   -1.0000
center:     128.0000 -129.0000 -129.0000
fimgreg.f
image alignment mode   3335 decimal      D07 hex
parameters
   -1.9725   12.2563    6.4876   -0.1238   -1.4044   -1.2979
   -4.8883    0.9232    4.6775   16.0324   -1.6939  -15.9694
eta,q 0.96440 12.04269
niter,ni,del,rscale     5    3    5.0000    1.2000
parameter  4  0.643349 ->  0.500000 qaram    1.1500
parameter  5  1.073401 ->  0.500000 qaram    1.1500
parameter  6  0.526868 ->  0.500000 qaram    1.1500
parameter 10  0.531424 ->  0.500000 qaram    1.1500
parameters
   -1.9588   12.2138    6.3097   -4.2638   -5.5444   -5.4379
   -4.4421    1.7310    4.9928   11.8924   -1.6118  -17.0167
eta,q 0.96883 11.41220
  0.0400  0.0382  0.0374  0.0346  0.0321  0.0323  0.0356  0.0374  0.0338  0.0317  0.0324  0.0325
  0.0376  0.0368  0.0363  0.0346  0.0325  0.0320  0.0338  0.0347  0.0328  0.0313  0.0318  0.0317
  0.0361  0.0359  0.0357  0.0348  0.0333  0.0321  0.0325  0.0328  0.0321  0.0312  0.0313  0.0312
  0.0356  0.0356  0.0356  0.0356  0.0347  0.0326  0.0319  0.0319  0.0319  0.0319  0.0312  0.0312
  0.0361  0.0359  0.0360  0.0372  0.0366  0.0338  0.0321  0.0320  0.0320  0.0331  0.0313  0.0316
  0.0375  0.0369  0.0368  0.0396  0.0392  0.0358  0.0331  0.0332  0.0326  0.0348  0.0317  0.0324
  0.0399  0.0385  0.0380  0.0427  0.0419  0.0388  0.0349  0.0355  0.0335  0.0370  0.0323  0.0335
niter,ni,del,rscale     7    3    5.0000    1.2000
parameters
   -1.7635   11.9656    6.2140   -6.8397   -8.3748   -5.3480
   -4.6134    1.7899    4.3357   12.3623   -1.6634  -17.0227
eta,q 0.96958 11.11333
  0.0359  0.0332  0.0330  0.0320  0.0317  0.0343  0.0339  0.0356  0.0320  0.0342  0.0317  0.0323
  0.0335  0.0319  0.0319  0.0311  0.0307  0.0321  0.0320  0.0330  0.0310  0.0321  0.0310  0.0313
  0.0319  0.0312  0.0312  0.0308  0.0304  0.0306  0.0308  0.0312  0.0305  0.0309  0.0306  0.0307
  0.0312  0.0311  0.0311  0.0311  0.0308  0.0304  0.0305  0.0305  0.0305  0.0304  0.0304  0.0304
  0.0314  0.0316  0.0314  0.0318  0.0317  0.0312  0.0309  0.0310  0.0308  0.0307  0.0306  0.0306
  0.0325  0.0327  0.0321  0.0332  0.0333  0.0322  0.0323  0.0328  0.0315  0.0317  0.0311  0.0313
  0.0346  0.0342  0.0332  0.0355  0.0356  0.0338  0.0342  0.0355  0.0326  0.0333  0.0317  0.0324
niter,ni,del,rscale     6    3    5.0000    1.2000
parameters
   -1.8308   12.2701    6.3393   -6.9520   -8.7111   -5.3681
   -4.5497    1.7815    4.2795   12.7837   -1.6719  -17.0816
eta,q 0.96966 11.09530
  0.0344  0.0337  0.0327  0.0330  0.0331  0.0341  0.0340  0.0354  0.0322  0.0339  0.0316  0.0322
  0.0321  0.0321  0.0314  0.0314  0.0314  0.0319  0.0321  0.0328  0.0312  0.0319  0.0309  0.0312
  0.0308  0.0309  0.0307  0.0305  0.0305  0.0305  0.0308  0.0310  0.0305  0.0307  0.0305  0.0306
  0.0304  0.0304  0.0304  0.0304  0.0304  0.0303  0.0303  0.0303  0.0303  0.0303  0.0303  0.0303
  0.0310  0.0305  0.0306  0.0308  0.0308  0.0311  0.0307  0.0309  0.0306  0.0306  0.0305  0.0305
  0.0325  0.0312  0.0312  0.0316  0.0318  0.0322  0.0320  0.0327  0.0312  0.0316  0.0310  0.0312
  0.0349  0.0324  0.0322  0.0330  0.0334  0.0338  0.0339  0.0355  0.0322  0.0331  0.0316  0.0323
niter,ni,del,rscale     5    3    5.0000    1.2000
parameters
   -1.8331   12.3874    6.2791   -6.9810   -8.9010   -5.4902
   -4.5574    1.7872    4.2339   13.0500   -1.7074  -17.1586
eta,q 0.96970 11.08107
  0.0346  0.0333  0.0323  0.0330  0.0331  0.0340  0.0339  0.0353  0.0322  0.0336  0.0316  0.0322
  0.0322  0.0317  0.0312  0.0314  0.0314  0.0318  0.0320  0.0328  0.0311  0.0318  0.0309  0.0312
  0.0308  0.0307  0.0305  0.0305  0.0305  0.0305  0.0307  0.0310  0.0305  0.0307  0.0304  0.0305
  0.0303  0.0303  0.0303  0.0303  0.0303  0.0303  0.0303  0.0303  0.0303  0.0303  0.0303  0.0303
  0.0309  0.0306  0.0306  0.0307  0.0308  0.0311  0.0307  0.0309  0.0306  0.0306  0.0305  0.0305
  0.0323  0.0314  0.0314  0.0315  0.0317  0.0322  0.0320  0.0327  0.0312  0.0315  0.0309  0.0312
  0.0345  0.0327  0.0324  0.0329  0.0332  0.0339  0.0339  0.0354  0.0322  0.0332  0.0316  0.0323
niter,ni,del,rscale     4    3    5.0000    1.2000
parameters
   -1.8343   12.4790    6.2103   -7.0198   -9.0568   -5.6212
   -4.5637    1.7895    4.2009   13.2860   -1.7520  -17.2325
eta,q 0.96974 11.06686
  0.0345  0.0331  0.0323  0.0330  0.0331  0.0340  0.0339  0.0353  0.0321  0.0335  0.0315  0.0322
  0.0322  0.0316  0.0311  0.0314  0.0314  0.0318  0.0320  0.0327  0.0311  0.0317  0.0308  0.0311
  0.0307  0.0307  0.0305  0.0305  0.0304  0.0304  0.0307  0.0309  0.0305  0.0306  0.0304  0.0305
  0.0303  0.0303  0.0303  0.0303  0.0303  0.0303  0.0303  0.0303  0.0303  0.0303  0.0303  0.0303
  0.0308  0.0306  0.0306  0.0307  0.0307  0.0311  0.0307  0.0308  0.0305  0.0306  0.0305  0.0305
  0.0322  0.0314  0.0313  0.0315  0.0316  0.0322  0.0320  0.0326  0.0312  0.0315  0.0309  0.0312
  0.0345  0.0327  0.0324  0.0329  0.0331  0.0339  0.0339  0.0354  0.0321  0.0331  0.0315  0.0323
niter,ni,del,rscale     3    3    5.0000    1.2000
parameters
   -1.8358   12.5640    6.1386   -7.0526   -9.2098   -5.7582
   -4.5737    1.7925    4.1699   13.5198   -1.7879  -17.2968
eta,q 0.96977 11.05274
  0.0345  0.0331  0.0322  0.0329  0.0330  0.0340  0.0339  0.0352  0.0321  0.0334  0.0315  0.0321
  0.0321  0.0316  0.0311  0.0313  0.0314  0.0318  0.0319  0.0327  0.0311  0.0317  0.0308  0.0311
  0.0307  0.0306  0.0304  0.0304  0.0304  0.0304  0.0307  0.0309  0.0304  0.0306  0.0304  0.0305
  0.0303  0.0303  0.0303  0.0303  0.0303  0.0302  0.0302  0.0302  0.0302  0.0302  0.0302  0.0302
  0.0308  0.0305  0.0306  0.0306  0.0307  0.0310  0.0307  0.0308  0.0305  0.0305  0.0304  0.0304
  0.0322  0.0313  0.0313  0.0315  0.0316  0.0322  0.0320  0.0326  0.0311  0.0314  0.0309  0.0311
  0.0345  0.0327  0.0324  0.0328  0.0331  0.0339  0.0339  0.0353  0.0321  0.0331  0.0315  0.0322
niter,ni,del,rscale     2    3    5.0000    1.2000
parameters
   -1.8372   12.6522    6.0668   -7.0952   -9.3763   -5.8992
   -4.5808    1.7949    4.1354   13.7762   -1.8454  -17.3659
eta,q 0.96981 11.03725
  0.0345  0.0331  0.0322  0.0329  0.0329  0.0340  0.0338  0.0352  0.0321  0.0334  0.0315  0.0321
  0.0321  0.0315  0.0311  0.0313  0.0313  0.0318  0.0319  0.0326  0.0311  0.0316  0.0308  0.0311
  0.0307  0.0306  0.0304  0.0304  0.0304  0.0304  0.0306  0.0308  0.0304  0.0306  0.0303  0.0304
  0.0302  0.0302  0.0302  0.0302  0.0302  0.0302  0.0302  0.0302  0.0302  0.0302  0.0302  0.0302
  0.0307  0.0305  0.0305  0.0306  0.0307  0.0310  0.0306  0.0308  0.0305  0.0305  0.0304  0.0304
  0.0321  0.0313  0.0313  0.0314  0.0316  0.0322  0.0319  0.0325  0.0311  0.0314  0.0308  0.0311
  0.0344  0.0327  0.0324  0.0328  0.0330  0.0339  0.0338  0.0353  0.0321  0.0330  0.0315  0.0322
niter,ni,del,rscale     1    3    5.0000    1.2000
parameters
   -1.8403   12.7494    5.9879   -7.1408   -9.5627   -6.0548
   -4.5859    1.7965    4.1024   14.0678   -1.8927  -17.4470
eta,q 0.96985 11.02010
  0.0344  0.0330  0.0322  0.0328  0.0329  0.0340  0.0338  0.0351  0.0321  0.0334  0.0314  0.0321
  0.0321  0.0315  0.0310  0.0313  0.0313  0.0318  0.0318  0.0326  0.0310  0.0316  0.0307  0.0310
  0.0306  0.0306  0.0304  0.0304  0.0303  0.0304  0.0306  0.0308  0.0304  0.0306  0.0303  0.0304
  0.0302  0.0302  0.0302  0.0302  0.0302  0.0302  0.0301  0.0301  0.0301  0.0301  0.0301  0.0301
  0.0307  0.0304  0.0305  0.0306  0.0306  0.0310  0.0306  0.0307  0.0304  0.0304  0.0303  0.0304
  0.0321  0.0312  0.0312  0.0314  0.0315  0.0322  0.0319  0.0325  0.0311  0.0313  0.0308  0.0311
  0.0344  0.0326  0.0324  0.0328  0.0330  0.0340  0.0338  0.0352  0.0321  0.0330  0.0314  0.0322
registration optimization eta report
parameter search radius
    2.4000    2.4000    2.4000    8.2800    8.2800    8.2800
    7.2000    7.2000    7.2000    8.2800    7.2000    7.2000
100000*second partial in parameter space
       73.       45.       36.        4.        4.        6.
        7.       10.        4.        4.        2.        4.
  0.0344  0.0330  0.0322  0.0328  0.0329  0.0340  0.0338  0.0351  0.0321  0.0334  0.0314  0.0321
  0.0321  0.0315  0.0310  0.0313  0.0313  0.0318  0.0318  0.0326  0.0310  0.0316  0.0307  0.0310
  0.0306  0.0306  0.0304  0.0304  0.0303  0.0304  0.0306  0.0308  0.0304  0.0306  0.0303  0.0304
  0.0302  0.0302  0.0302  0.0302  0.0302  0.0302  0.0301  0.0301  0.0301  0.0301  0.0301  0.0301
  0.0307  0.0304  0.0305  0.0306  0.0306  0.0310  0.0306  0.0307  0.0304  0.0304  0.0303  0.0304
  0.0321  0.0312  0.0312  0.0314  0.0315  0.0322  0.0319  0.0325  0.0311  0.0313  0.0308  0.0311
  0.0344  0.0326  0.0324  0.0328  0.0330  0.0340  0.0338  0.0352  0.0321  0.0330  0.0314  0.0322
   -1.8403   12.7494    5.9879   -7.1408   -9.5627   -6.0548
   -4.5859    1.7965    4.1024   14.0678   -1.8927  -17.4470
eta,q 0.96985 11.02010

---------------------------------------------------------------------
imgreg_4dfp /opt/freesurfer/average/711-2C_as_mni_average_305 /opt/freesurfer/average/711-2B_as_mni_average_305_mask talsrcimg_g11 none talsrcimg_to_711-2C_as_mni_average_305_t4 2311
---------------------------------------------------------------------

freesurfer imgreg_4dfp.c
/opt/freesurfer/average/711-2C_as_mni_average_305.4dfp.img
       256       256       256         1
  1.000000  1.000000  1.000000
orientation T byte_order littleendian
Reading image: /opt/freesurfer/average/711-2C_as_mni_average_305.4dfp.img
dimensions:      256       256       256
mmppix:       1.0000   -1.0000   -1.0000
center:     128.0000 -129.0000 -129.0000
/opt/freesurfer/average/711-2B_as_mni_average_305_mask.4dfp.img
       256       256       256         1
  1.000000  1.000000  1.000000
orientation T byte_order littleendian
Reading mask: /opt/freesurfer/average/711-2B_as_mni_average_305_mask.4dfp.img (2306576 pixels)
talsrcimg_g11.4dfp.img
       256       256       256         1
  1.000000  1.000000  1.000000
orientation T byte_order littleendian
Reading image: talsrcimg_g11.4dfp.img
dimensions:      256       256       256
mmppix:       1.0000   -1.0000   -1.0000
center:     128.0000 -129.0000 -129.0000
fimgreg.f
image alignment mode   2311 decimal      907 hex
parameters
   -1.8403   12.7494    5.9879   -7.1408   -9.5627   -6.0548
   -4.5859    1.7965    4.1024   14.0678   -1.8927  -17.4470
eta,q 0.96985 11.02010
niter,ni,del,rscale     5    3    5.0000    0.8000
parameters
   -1.8572   12.8647    5.8789   -7.5275  -10.0539   -6.6842
   -4.6202    1.8279    3.9842   14.4626   -2.1623  -17.4320
eta,q 0.96998 10.93626
  0.0320  0.0315  0.0310  0.0309  0.0309  0.0313  0.0317  0.0325  0.0309  0.0312  0.0306  0.0310
  0.0310  0.0308  0.0305  0.0304  0.0304  0.0304  0.0308  0.0312  0.0304  0.0306  0.0303  0.0304
  0.0303  0.0303  0.0302  0.0301  0.0301  0.0301  0.0302  0.0303  0.0301  0.0302  0.0301  0.0301
  0.0301  0.0301  0.0301  0.0301  0.0301  0.0301  0.0300  0.0300  0.0300  0.0300  0.0300  0.0300
  0.0304  0.0302  0.0303  0.0303  0.0303  0.0305  0.0302  0.0303  0.0302  0.0301  0.0301  0.0301
  0.0310  0.0306  0.0307  0.0306  0.0307  0.0311  0.0308  0.0311  0.0305  0.0304  0.0304  0.0304
  0.0321  0.0312  0.0312  0.0311  0.0312  0.0319  0.0318  0.0324  0.0310  0.0309  0.0307  0.0309
niter,ni,del,rscale     4    3    5.0000    0.7000
parameters
   -1.8693   13.1119    5.6642   -7.7714  -10.5743   -7.1266
   -4.6273    1.8329    3.9405   15.2581   -2.3978  -17.6457
eta,q 0.97012 10.88014
  0.0314  0.0313  0.0305  0.0306  0.0305  0.0310  0.0312  0.0318  0.0306  0.0311  0.0303  0.0305
  0.0306  0.0307  0.0302  0.0302  0.0301  0.0303  0.0305  0.0308  0.0302  0.0305  0.0301  0.0302
  0.0302  0.0302  0.0300  0.0300  0.0300  0.0300  0.0301  0.0301  0.0300  0.0301  0.0299  0.0299
  0.0300  0.0300  0.0300  0.0300  0.0300  0.0299  0.0299  0.0299  0.0299  0.0299  0.0299  0.0299
  0.0302  0.0300  0.0302  0.0301  0.0301  0.0302  0.0301  0.0301  0.0300  0.0299  0.0300  0.0300
  0.0307  0.0302  0.0305  0.0304  0.0304  0.0307  0.0305  0.0307  0.0303  0.0301  0.0302  0.0303
  0.0315  0.0306  0.0310  0.0307  0.0309  0.0314  0.0312  0.0318  0.0307  0.0304  0.0304  0.0307
niter,ni,del,rscale     3    3    5.0000    0.6000
parameters
   -1.8816   13.4399    5.4319   -8.0735  -11.2601   -7.5434
   -4.6604    1.8358    3.8882   16.2211   -2.6380  -17.9572
eta,q 0.97031 10.81525
  0.0309  0.0310  0.0302  0.0303  0.0302  0.0305  0.0307  0.0311  0.0303  0.0308  0.0300  0.0301
  0.0303  0.0305  0.0299  0.0300  0.0299  0.0300  0.0302  0.0304  0.0300  0.0303  0.0298  0.0299
  0.0300  0.0301  0.0298  0.0298  0.0298  0.0298  0.0298  0.0299  0.0298  0.0299  0.0297  0.0297
  0.0299  0.0299  0.0298  0.0298  0.0298  0.0298  0.0298  0.0297  0.0297  0.0297  0.0297  0.0297
  0.0300  0.0298  0.0300  0.0299  0.0299  0.0300  0.0299  0.0299  0.0298  0.0297  0.0298  0.0298
  0.0304  0.0299  0.0302  0.0301  0.0302  0.0304  0.0302  0.0304  0.0300  0.0298  0.0299  0.0300
  0.0310  0.0302  0.0306  0.0304  0.0306  0.0309  0.0307  0.0311  0.0303  0.0301  0.0301  0.0303
niter,ni,del,rscale     2    3    5.0000    0.5000
parameters
   -1.8827   13.7876    5.1918   -8.4107  -11.9440   -7.8932
   -4.6983    1.8386    3.8915   17.0613   -2.9042  -18.2889
eta,q 0.97049 10.75136
  0.0304  0.0306  0.0298  0.0299  0.0298  0.0301  0.0302  0.0305  0.0300  0.0304  0.0297  0.0298
  0.0300  0.0302  0.0297  0.0297  0.0297  0.0298  0.0298  0.0300  0.0298  0.0300  0.0296  0.0296
  0.0298  0.0299  0.0296  0.0296  0.0296  0.0296  0.0296  0.0296  0.0296  0.0297  0.0295  0.0295
  0.0297  0.0297  0.0296  0.0296  0.0296  0.0296  0.0296  0.0296  0.0296  0.0296  0.0295  0.0295
  0.0298  0.0296  0.0297  0.0297  0.0297  0.0297  0.0296  0.0297  0.0296  0.0295  0.0296  0.0296
  0.0300  0.0297  0.0299  0.0298  0.0299  0.0300  0.0299  0.0300  0.0298  0.0296  0.0296  0.0297
  0.0304  0.0299  0.0302  0.0301  0.0302  0.0304  0.0302  0.0305  0.0300  0.0298  0.0298  0.0300
niter,ni,del,rscale     1    3    5.0000    0.4000
parameters
   -1.8812   14.0642    4.9981   -8.6974  -12.4124   -8.1509
   -4.7302    1.8387    3.9347   17.6173   -3.0391  -18.5441
eta,q 0.97059 10.70341
  0.0300  0.0301  0.0296  0.0297  0.0296  0.0298  0.0298  0.0300  0.0297  0.0300  0.0295  0.0296
  0.0297  0.0298  0.0295  0.0295  0.0295  0.0296  0.0296  0.0297  0.0296  0.0297  0.0295  0.0295
  0.0296  0.0296  0.0295  0.0294  0.0294  0.0294  0.0295  0.0295  0.0295  0.0295  0.0294  0.0294
  0.0295  0.0295  0.0295  0.0295  0.0294  0.0294  0.0294  0.0294  0.0294  0.0294  0.0294  0.0294
  0.0296  0.0295  0.0295  0.0295  0.0295  0.0295  0.0295  0.0295  0.0295  0.0294  0.0294  0.0295
  0.0297  0.0295  0.0296  0.0296  0.0296  0.0297  0.0296  0.0297  0.0296  0.0295  0.0295  0.0295
  0.0300  0.0296  0.0298  0.0298  0.0298  0.0300  0.0299  0.0300  0.0297  0.0296  0.0296  0.0297
registration optimization eta report
parameter search radius
    0.8000    0.8000    0.8000    2.4000    2.4000    2.4000
    2.4000    2.4000    2.4000    2.4000    2.4000    2.4000
100000*second partial in parameter space
       74.       54.       36.        4.        5.        8.
        7.       11.        5.        6.        2.        4.
  0.0300  0.0301  0.0296  0.0297  0.0296  0.0298  0.0298  0.0300  0.0297  0.0300  0.0295  0.0296
  0.0297  0.0298  0.0295  0.0295  0.0295  0.0296  0.0296  0.0297  0.0296  0.0297  0.0295  0.0295
  0.0296  0.0296  0.0295  0.0294  0.0294  0.0294  0.0295  0.0295  0.0295  0.0295  0.0294  0.0294
  0.0295  0.0295  0.0295  0.0295  0.0294  0.0294  0.0294  0.0294  0.0294  0.0294  0.0294  0.0294
  0.0296  0.0295  0.0295  0.0295  0.0295  0.0295  0.0295  0.0295  0.0295  0.0294  0.0294  0.0295
  0.0297  0.0295  0.0296  0.0296  0.0296  0.0297  0.0296  0.0297  0.0296  0.0295  0.0295  0.0295
  0.0300  0.0296  0.0298  0.0298  0.0298  0.0300  0.0299  0.0300  0.0297  0.0296  0.0296  0.0297
   -1.8812   14.0642    4.9981   -8.6974  -12.4124   -8.1509
   -4.7302    1.8387    3.9347   17.6173   -3.0391  -18.5441
eta,q 0.97059 10.70341

---------------------------------------------------------------------
imgreg_4dfp /opt/freesurfer/average/711-2C_as_mni_average_305 /opt/freesurfer/average/711-2B_as_mni_average_305_mask talsrcimg_g11 none talsrcimg_to_711-2C_as_mni_average_305_t4 2311
---------------------------------------------------------------------

freesurfer imgreg_4dfp.c
/opt/freesurfer/average/711-2C_as_mni_average_305.4dfp.img
       256       256       256         1
  1.000000  1.000000  1.000000
orientation T byte_order littleendian
Reading image: /opt/freesurfer/average/711-2C_as_mni_average_305.4dfp.img
dimensions:      256       256       256
mmppix:       1.0000   -1.0000   -1.0000
center:     128.0000 -129.0000 -129.0000
/opt/freesurfer/average/711-2B_as_mni_average_305_mask.4dfp.img
       256       256       256         1
  1.000000  1.000000  1.000000
orientation T byte_order littleendian
Reading mask: /opt/freesurfer/average/711-2B_as_mni_average_305_mask.4dfp.img (2306576 pixels)
talsrcimg_g11.4dfp.img
       256       256       256         1
  1.000000  1.000000  1.000000
orientation T byte_order littleendian
Reading image: talsrcimg_g11.4dfp.img
dimensions:      256       256       256
mmppix:       1.0000   -1.0000   -1.0000
center:     128.0000 -129.0000 -129.0000
fimgreg.f
image alignment mode   2311 decimal      907 hex
parameters
   -1.8812   14.0642    4.9981   -8.6974  -12.4124   -8.1509
   -4.7302    1.8387    3.9347   17.6173   -3.0391  -18.5441
eta,q 0.97059 10.70341
niter,ni,del,rscale     5    3    5.0000    0.8000
parameters
   -1.8667   14.2552    4.8568   -8.6021  -12.6864   -8.1856
   -4.7552    1.8973    3.9739   18.0963   -2.9675  -18.7599
eta,q 0.97064 10.70063
  0.0313  0.0311  0.0301  0.0305  0.0303  0.0310  0.0310  0.0318  0.0305  0.0311  0.0299  0.0302
  0.0303  0.0302  0.0297  0.0298  0.0298  0.0301  0.0301  0.0305  0.0299  0.0302  0.0296  0.0297
  0.0296  0.0297  0.0294  0.0295  0.0295  0.0295  0.0295  0.0297  0.0295  0.0296  0.0294  0.0294
  0.0294  0.0294  0.0294  0.0294  0.0294  0.0294  0.0294  0.0294  0.0294  0.0294  0.0294  0.0294
  0.0296  0.0294  0.0295  0.0295  0.0296  0.0296  0.0296  0.0296  0.0295  0.0295  0.0294  0.0295
  0.0302  0.0298  0.0299  0.0299  0.0300  0.0302  0.0301  0.0304  0.0299  0.0298  0.0296  0.0298
  0.0312  0.0304  0.0305  0.0303  0.0305  0.0310  0.0310  0.0317  0.0305  0.0305  0.0299  0.0303
niter,ni,del,rscale     4    3    5.0000    0.7000
parameters
   -1.8589   14.3674    4.7974   -8.7475  -12.8831   -8.2453
   -4.7891    1.9014    3.9360   18.2938   -3.0072  -18.8725
eta,q 0.97066 10.68151
  0.0308  0.0306  0.0300  0.0301  0.0301  0.0306  0.0306  0.0312  0.0302  0.0306  0.0297  0.0300
  0.0300  0.0299  0.0296  0.0296  0.0297  0.0299  0.0299  0.0302  0.0297  0.0299  0.0295  0.0296
  0.0295  0.0295  0.0294  0.0294  0.0294  0.0295  0.0295  0.0295  0.0294  0.0295  0.0294  0.0294
  0.0294  0.0294  0.0294  0.0294  0.0293  0.0293  0.0293  0.0293  0.0293  0.0293  0.0293  0.0293
  0.0295  0.0294  0.0294  0.0295  0.0295  0.0295  0.0295  0.0296  0.0295  0.0295  0.0294  0.0294
  0.0300  0.0297  0.0297  0.0298  0.0298  0.0300  0.0299  0.0302  0.0298  0.0298  0.0295  0.0297
  0.0307  0.0302  0.0301  0.0302  0.0302  0.0306  0.0306  0.0312  0.0303  0.0303  0.0298  0.0300
niter,ni,del,rscale     3    3    5.0000    0.6000
parameters
   -1.8526   14.4296    4.7530   -8.8569  -12.9922   -8.3280
   -4.8006    1.9024    3.9281   18.3944   -3.0454  -18.9266
eta,q 0.97067 10.66634
  0.0304  0.0302  0.0298  0.0299  0.0299  0.0303  0.0303  0.0307  0.0300  0.0302  0.0296  0.0298
  0.0298  0.0297  0.0295  0.0296  0.0296  0.0297  0.0297  0.0299  0.0296  0.0297  0.0295  0.0295
  0.0295  0.0295  0.0294  0.0294  0.0294  0.0294  0.0294  0.0295  0.0294  0.0294  0.0294  0.0294
  0.0293  0.0293  0.0293  0.0293  0.0293  0.0293  0.0293  0.0293  0.0293  0.0293  0.0293  0.0293
  0.0295  0.0294  0.0294  0.0294  0.0294  0.0295  0.0294  0.0295  0.0294  0.0294  0.0294  0.0294
  0.0298  0.0296  0.0296  0.0297  0.0297  0.0298  0.0298  0.0299  0.0296  0.0297  0.0295  0.0296
  0.0304  0.0300  0.0299  0.0299  0.0300  0.0303  0.0303  0.0307  0.0300  0.0301  0.0296  0.0298
niter,ni,del,rscale     2    3    5.0000    0.5000
parameters
   -1.8541   14.4691    4.7156   -8.9450  -13.0769   -8.4085
   -4.7980    1.8838    3.9115   18.4340   -3.0604  -18.9629
eta,q 0.97067 10.65266
  0.0300  0.0299  0.0297  0.0297  0.0297  0.0300  0.0300  0.0303  0.0298  0.0299  0.0295  0.0297
  0.0297  0.0296  0.0295  0.0295  0.0295  0.0296  0.0296  0.0297  0.0295  0.0296  0.0294  0.0295
  0.0294  0.0294  0.0294  0.0294  0.0294  0.0294  0.0294  0.0294  0.0294  0.0294  0.0293  0.0294
  0.0293  0.0293  0.0293  0.0293  0.0293  0.0293  0.0293  0.0293  0.0293  0.0293  0.0293  0.0293
  0.0294  0.0294  0.0294  0.0294  0.0294  0.0294  0.0294  0.0295  0.0294  0.0294  0.0294  0.0294
  0.0297  0.0296  0.0295  0.0296  0.0295  0.0297  0.0296  0.0298  0.0295  0.0296  0.0294  0.0295
  0.0301  0.0298  0.0297  0.0298  0.0298  0.0300  0.0300  0.0303  0.0298  0.0299  0.0295  0.0297
niter,ni,del,rscale     1    3    5.0000    0.4000
parameters
   -1.8540   14.4938    4.6837   -9.0133  -13.1291   -8.4770
   -4.7959    1.8614    3.9143   18.4710   -3.0915  -19.0051
eta,q 0.97067 10.64292
  0.0298  0.0297  0.0295  0.0296  0.0296  0.0297  0.0297  0.0299  0.0296  0.0297  0.0295  0.0295
  0.0295  0.0295  0.0294  0.0294  0.0294  0.0295  0.0295  0.0296  0.0295  0.0295  0.0294  0.0294
  0.0294  0.0294  0.0294  0.0294  0.0294  0.0294  0.0294  0.0294  0.0294  0.0294  0.0293  0.0293
  0.0293  0.0293  0.0293  0.0293  0.0293  0.0293  0.0293  0.0293  0.0293  0.0293  0.0293  0.0293
  0.0294  0.0294  0.0294  0.0294  0.0294  0.0294  0.0294  0.0294  0.0294  0.0294  0.0293  0.0294
  0.0295  0.0295  0.0294  0.0295  0.0295  0.0295  0.0295  0.0296  0.0295  0.0295  0.0294  0.0294
  0.0298  0.0297  0.0296  0.0296  0.0296  0.0298  0.0297  0.0299  0.0296  0.0297  0.0295  0.0296
registration optimization eta report
parameter search radius
    0.8000    0.8000    0.8000    2.4000    2.4000    2.4000
    2.4000    2.4000    2.4000    2.4000    2.4000    2.4000
100000*second partial in parameter space
       72.       55.       34.        5.        5.        8.
        7.       10.        5.        6.        2.        4.
  0.0298  0.0297  0.0295  0.0296  0.0296  0.0297  0.0297  0.0299  0.0296  0.0297  0.0295  0.0295
  0.0295  0.0295  0.0294  0.0294  0.0294  0.0295  0.0295  0.0296  0.0295  0.0295  0.0294  0.0294
  0.0294  0.0294  0.0294  0.0294  0.0294  0.0294  0.0294  0.0294  0.0294  0.0294  0.0293  0.0293
  0.0293  0.0293  0.0293  0.0293  0.0293  0.0293  0.0293  0.0293  0.0293  0.0293  0.0293  0.0293
  0.0294  0.0294  0.0294  0.0294  0.0294  0.0294  0.0294  0.0294  0.0294  0.0294  0.0293  0.0294
  0.0295  0.0295  0.0294  0.0295  0.0295  0.0295  0.0295  0.0296  0.0295  0.0295  0.0294  0.0294
  0.0298  0.0297  0.0296  0.0296  0.0296  0.0298  0.0297  0.0299  0.0296  0.0297  0.0295  0.0296
   -1.8540   14.4938    4.6837   -9.0133  -13.1291   -8.4770
   -4.7959    1.8614    3.9143   18.4710   -3.0915  -19.0051
eta,q 0.97067 10.64292

---------------------------------------------------------------------
compute_vox2vox talsrcimg talsrcimg_to_711-2C_as_mni_average_305_t4 /opt/freesurfer/average/711-2C_as_mni_average_305
---------------------------------------------------------------------

freesurfer compute_vox2vox.c
Reading: talsrcimg.4dfp.ifh
Reading: talsrcimg_to_711-2C_as_mni_average_305_t4
Reading: /opt/freesurfer/average/711-2C_as_mni_average_305.4dfp.ifh
Writing: talsrcimg_to_711-2C_as_mni_average_305_t4_vox2vox.txt

start time Tue Mar 10 02:16:53 CET 2026
end		time Tue Mar 10 02:18:24 CET 2026

mpr2mni305 success

avi2talxfm orig_nu.mgz /opt/freesurfer/average/mni305.cor.mgz talsrcimg_to_711-2C_as_mni_average_305_t4_vox2vox.txt transforms/talairach.auto.xfm
avi2talxfm done
mv -f /out/sourcedata/freesurfer/sub-v1s4x0050691_ses-1/mri/talsrcimg_to_711-2C_as_mni_average_305_t4_vox2vox.txt /out/sourcedata/freesurfer/sub-v1s4x0050691_ses-1/mri/transforms/talsrcimg_to_711-2C_as_mni_average_305_t4_vox2vox.txt
lta_convert --src orig_nu.mgz --trg /opt/freesurfer/average/mni305.cor.mgz --inxfm transforms/talairach.auto.xfm --outlta transforms/talairach.auto.xfm.lta --subject fsaverage
7.3.2

--src: orig_nu.mgz src image (geometry).
--trg: /opt/freesurfer/average/mni305.cor.mgz trg image (geometry).
--inmni: transforms/talairach.auto.xfm input MNI/XFM transform.
--outlta: transforms/talairach.auto.xfm.lta output LTA.
--s: fsaverage subject name
 LTA read, type : 1
 1.09565  -0.03303   0.05326  -2.73688;
 0.02563   1.04565   0.23018  -16.85294;
-0.05482  -0.22084   1.09979   14.79837;
 0.00000   0.00000   0.00000   1.00000;
setting subject to fsaverage
Writing  LTA to file transforms/talairach.auto.xfm.lta...
lta_convert successful.
 
 
Started at Tue Mar 10 02:16:52 CET 2026
Ended   at Tue Mar 10 02:18:24 CET 2026
talairach_avi done
