status file for recon-all
Tue Mar 10 02:17:15 CET 2026
#@# MotionCor Tue Mar 10 02:17:18 CET 2026
#@# Talairach Tue Mar 10 02:17:28 CET 2026
#@# Talairach Failure Detection Tue Mar 10 02:21:52 CET 2026
#@# Nu Intensity Correction Tue Mar 10 02:21:52 CET 2026
#@# Intensity Normalization Tue Mar 10 02:25:11 CET 2026
recon-all -s sub-v1s4x0050692_ses-1 finished without error at Tue Mar 10 02:26:38 CET 2026



#New# invocation of recon-all 



status file for recon-all
Tue Mar 10 02:34:00 CET 2026
#@# EM Registration Tue Mar 10 02:34:00 CET 2026
recon-all -s sub-v1s4x0050692_ses-1 finished without error at Tue Mar 10 02:35:58 CET 2026



#New# invocation of recon-all 



status file for recon-all
Tue Mar 10 02:36:02 CET 2026
#@# CA Normalize Tue Mar 10 02:36:02 CET 2026
#@# CA Reg Tue Mar 10 02:37:24 CET 2026
#@# SubCort Seg Tue Mar 10 03:27:14 CET 2026
#@# CC Seg Tue Mar 10 04:02:06 CET 2026
#@# Merge ASeg Tue Mar 10 04:03:04 CET 2026
#@# Intensity Normalization2 Tue Mar 10 04:03:04 CET 2026
#@# Mask BFS Tue Mar 10 04:05:17 CET 2026
#@# WM Segmentation Tue Mar 10 04:05:18 CET 2026
#@# Fill Tue Mar 10 04:07:18 CET 2026
recon-all -s sub-v1s4x0050692_ses-1 finished without error at Tue Mar 10 04:08:19 CET 2026



#New# invocation of recon-all 



status file for recon-all
Tue Mar 10 05:03:19 CET 2026
#@# white curv lh Tue Mar 10 05:03:19 CET 2026
#@# white area lh Tue Mar 10 05:03:19 CET 2026
#@# pial curv lh Tue Mar 10 05:03:19 CET 2026
#@# pial area lh Tue Mar 10 05:03:19 CET 2026
#@# thickness lh Tue Mar 10 05:03:19 CET 2026
#@# area and vertex vol lh Tue Mar 10 05:03:19 CET 2026
#@# white curv rh Tue Mar 10 05:03:19 CET 2026
#@# white area rh Tue Mar 10 05:03:19 CET 2026
#@# pial curv rh Tue Mar 10 05:03:19 CET 2026
#@# pial area rh Tue Mar 10 05:03:19 CET 2026
#@# thickness rh Tue Mar 10 05:03:19 CET 2026
#@# area and vertex vol rh Tue Mar 10 05:03:19 CET 2026
#@# Cortical ribbon mask Tue Mar 10 05:03:19 CET 2026
recon-all -s sub-v1s4x0050692_ses-1 finished without error at Tue Mar 10 05:08:52 CET 2026



#New# invocation of recon-all 



status file for recon-all
Tue Mar 10 05:16:30 CET 2026
#@# white curv lh Tue Mar 10 05:16:30 CET 2026
#@# white area lh Tue Mar 10 05:16:31 CET 2026
#@# pial curv lh Tue Mar 10 05:16:31 CET 2026
#@# pial area lh Tue Mar 10 05:16:31 CET 2026
#@# thickness lh Tue Mar 10 05:16:31 CET 2026
#@# area and vertex vol lh Tue Mar 10 05:16:31 CET 2026
#@# white curv rh Tue Mar 10 05:16:31 CET 2026
#@# white area rh Tue Mar 10 05:16:31 CET 2026
#@# pial curv rh Tue Mar 10 05:16:31 CET 2026
#@# pial area rh Tue Mar 10 05:16:31 CET 2026
#@# thickness rh Tue Mar 10 05:16:31 CET 2026
#@# area and vertex vol rh Tue Mar 10 05:16:31 CET 2026
#@# Curvature Stats lh Tue Mar 10 05:16:31 CET 2026
#@# Curvature Stats rh Tue Mar 10 05:16:33 CET 2026
#@# Relabel Hypointensities Tue Mar 10 05:16:37 CET 2026
#@# APas-to-ASeg Tue Mar 10 05:16:53 CET 2026
#@# AParc-to-ASeg aparc Tue Mar 10 05:17:02 CET 2026
#@# AParc-to-ASeg aparc.a2009s Tue Mar 10 05:17:45 CET 2026
#@# AParc-to-ASeg aparc.DKTatlas Tue Mar 10 05:18:29 CET 2026
#@# WMParc Tue Mar 10 05:19:10 CET 2026
#@# ASeg Stats Tue Mar 10 05:22:49 CET 2026
recon-all -s sub-v1s4x0050692_ses-1 finished without error at Tue Mar 10 05:23:27 CET 2026
