status file for recon-all
Tue Mar 10 04:35:37 CET 2026
#@# Tessellate rh Tue Mar 10 04:35:37 CET 2026
#@# Smooth1 rh Tue Mar 10 04:35:40 CET 2026
#@# Inflation1 rh Tue Mar 10 04:35:43 CET 2026
#@# QSphere rh Tue Mar 10 04:35:59 CET 2026
#@# Fix Topology rh Tue Mar 10 04:37:13 CET 2026
#@# Smooth2 rh Tue Mar 10 04:43:54 CET 2026
#@# Inflation2 rh Tue Mar 10 04:43:57 CET 2026
#@# Curv .H and .K rh Tue Mar 10 04:44:13 CET 2026
#@# Sphere rh Tue Mar 10 04:45:09 CET 2026
#@# Surf Reg rh Tue Mar 10 04:48:51 CET 2026
#@# Jacobian white rh Tue Mar 10 04:53:56 CET 2026
#@# AvgCurv rh Tue Mar 10 04:53:57 CET 2026
#@# Cortical Parc rh Tue Mar 10 04:53:58 CET 2026
#@# white curv rh Tue Mar 10 05:01:58 CET 2026
#@# white area rh Tue Mar 10 05:02:00 CET 2026
#@# pial curv rh Tue Mar 10 05:02:01 CET 2026
#@# pial area rh Tue Mar 10 05:02:03 CET 2026
#@# thickness rh Tue Mar 10 05:02:04 CET 2026
#@# area and vertex vol rh Tue Mar 10 05:02:38 CET 2026
#@# Curvature Stats rh Tue Mar 10 05:02:40 CET 2026
#@# Cortical Parc 2 rh Tue Mar 10 05:02:43 CET 2026
#@# Cortical Parc 3 rh Tue Mar 10 05:02:59 CET 2026
#@# WM/GM Contrast rh Tue Mar 10 05:03:10 CET 2026
recon-all -s sub-v1s4x0050692_ses-1 finished without error at Tue Mar 10 05:03:14 CET 2026



#New# invocation of recon-all 



status file for recon-all
Tue Mar 10 05:12:42 CET 2026
#@# white curv rh Tue Mar 10 05:12:43 CET 2026
#@# white area rh Tue Mar 10 05:12:43 CET 2026
#@# pial curv rh Tue Mar 10 05:12:43 CET 2026
#@# pial area rh Tue Mar 10 05:12:43 CET 2026
#@# thickness rh Tue Mar 10 05:12:43 CET 2026
#@# area and vertex vol rh Tue Mar 10 05:12:43 CET 2026
#@# Parcellation Stats rh Tue Mar 10 05:12:43 CET 2026
#@# Parcellation Stats 2 rh Tue Mar 10 05:13:06 CET 2026
#@# Parcellation Stats 3 rh Tue Mar 10 05:13:18 CET 2026
#@# BA_exvivo Labels rh Tue Mar 10 05:13:30 CET 2026
recon-all -s sub-v1s4x0050692_ses-1 finished without error at Tue Mar 10 05:16:26 CET 2026
