status file for recon-all
Tue Mar 10 04:08:24 CET 2026
#@# Tessellate lh Tue Mar 10 04:08:24 CET 2026
#@# Smooth1 lh Tue Mar 10 04:08:28 CET 2026
#@# Inflation1 lh Tue Mar 10 04:08:31 CET 2026
#@# QSphere lh Tue Mar 10 04:08:46 CET 2026
#@# Fix Topology lh Tue Mar 10 04:10:16 CET 2026
#@# Smooth2 lh Tue Mar 10 04:16:32 CET 2026
#@# Inflation2 lh Tue Mar 10 04:16:35 CET 2026
#@# Curv .H and .K lh Tue Mar 10 04:16:52 CET 2026
#@# Sphere lh Tue Mar 10 04:17:47 CET 2026
#@# Surf Reg lh Tue Mar 10 04:21:25 CET 2026
#@# Jacobian white lh Tue Mar 10 04:26:40 CET 2026
#@# AvgCurv lh Tue Mar 10 04:26:41 CET 2026
#@# Cortical Parc lh Tue Mar 10 04:26:41 CET 2026
#@# white curv lh Tue Mar 10 04:34:19 CET 2026
#@# white area lh Tue Mar 10 04:34:21 CET 2026
#@# pial curv lh Tue Mar 10 04:34:22 CET 2026
#@# pial area lh Tue Mar 10 04:34:24 CET 2026
#@# thickness lh Tue Mar 10 04:34:25 CET 2026
#@# area and vertex vol lh Tue Mar 10 04:34:59 CET 2026
#@# Curvature Stats lh Tue Mar 10 04:35:00 CET 2026
#@# Cortical Parc 2 lh Tue Mar 10 04:35:04 CET 2026
#@# Cortical Parc 3 lh Tue Mar 10 04:35:18 CET 2026
#@# WM/GM Contrast lh Tue Mar 10 04:35:30 CET 2026
recon-all -s sub-v1s4x0050692_ses-1 finished without error at Tue Mar 10 04:35:34 CET 2026



#New# invocation of recon-all 



status file for recon-all
Tue Mar 10 05:08:57 CET 2026
#@# white curv lh Tue Mar 10 05:08:57 CET 2026
#@# white area lh Tue Mar 10 05:08:57 CET 2026
#@# pial curv lh Tue Mar 10 05:08:57 CET 2026
#@# pial area lh Tue Mar 10 05:08:57 CET 2026
#@# thickness lh Tue Mar 10 05:08:57 CET 2026
#@# area and vertex vol lh Tue Mar 10 05:08:57 CET 2026
#@# Parcellation Stats lh Tue Mar 10 05:08:57 CET 2026
#@# Parcellation Stats 2 lh Tue Mar 10 05:09:21 CET 2026
#@# Parcellation Stats 3 lh Tue Mar 10 05:09:34 CET 2026
#@# BA_exvivo Labels lh Tue Mar 10 05:09:46 CET 2026
recon-all -s sub-v1s4x0050692_ses-1 finished without error at Tue Mar 10 05:12:39 CET 2026
