/out/sourcedata/freesurfer/sub-v1s4x0050700_ses-1/mri
/opt/freesurfer/bin/talairach_avi
--i orig_nu.mgz --xfm transforms/talairach.auto.xfm
talairach_avi 7.3.2
Linux dna013 5.14.0-427.37.1.el9_4.x86_64 #1 SMP PREEMPT_DYNAMIC Fri Sep 13 12:41:50 EDT 2024 x86_64 x86_64 x86_64 GNU/Linux
Tue Mar 10 02:43:00 CET 2026
mri_convert orig_nu.mgz talsrcimg.img 
reading from orig_nu.mgz...
TR=0.00, TE=0.00, TI=0.00, flip angle=0.00
i_ras = (-1, 4.65661e-10, 0)
j_ras = (0, 2.98023e-08, -1)
k_ras = (2.79397e-09, 1, 0)
writing to talsrcimg.img...
Analyze Output Matrix
-1.00000   0.00000   0.00000   135.18817;
 0.00000   0.00000   1.00000  -122.42148;
 0.00000  -1.00000   0.00000   110.48495;
 0.00000   0.00000   0.00000   1.00000;
--------------------
INFO: set hdr.hist.orient to -1
mpr2mni305 talsrcimg
Tue Mar 10 02:43:00 CET 2026
/opt/freesurfer/bin/mpr2mni305 talsrcimg
mpr2mni305 7.3.2
target=711-2C_as_mni_average_305

---------------------------------------------------------------------
analyzeto4dfp talsrcimg -O0 -y
---------------------------------------------------------------------

freesurfer ifh2hdr.c
Tue Mar 10 02:43:01 2026
Writing: talsrcimg.4dfp.hdr
freesurfer analyzeto4dfp.c
Reading: talsrcimg.hdr
header size 348 bytes
hdr.dime.datatype	offset=70	value=2
hdr.dime.bitpix		offset=72	value=8
hdr.hist.orient		offset=252	value=-1
dimensionality     4
dimensions       256       256       256         1
Reading: talsrcimg.img
Writing: talsrcimg.4dfp.img
Writing: talsrcimg.4dfp.ifh
ifh2hdr talsrcimg -r0to252
ori=2

---------------------------------------------------------------------
gauss_4dfp talsrcimg 1.1
---------------------------------------------------------------------

freesurfer gauss_4dfp.c
Reading: talsrcimg.4dfp.img
Writing: talsrcimg_g11.4dfp.img
image dimensions 256 256 256 padded to 288 288 288
processing volume 1freesurfer ifh2hdr.c
Tue Mar 10 02:43:02 2026
Writing: talsrcimg_g11.4dfp.hdr

Writing: talsrcimg_g11.4dfp.ifh
including: talsrcimg.4dfp.img.rec in talsrcimg_g11.4dfp.img.rec

---------------------------------------------------------------------
imgreg_4dfp /opt/freesurfer/average/711-2C_as_mni_average_305 none talsrcimg_g11 none talsrcimg_to_711-2C_as_mni_average_305_t4 4355
---------------------------------------------------------------------

freesurfer imgreg_4dfp.c
/opt/freesurfer/average/711-2C_as_mni_average_305.4dfp.img
       256       256       256         1
  1.000000  1.000000  1.000000
orientation T byte_order littleendian
Reading image: /opt/freesurfer/average/711-2C_as_mni_average_305.4dfp.img
dimensions:      256       256       256
mmppix:       1.0000   -1.0000   -1.0000
center:     128.0000 -129.0000 -129.0000
talsrcimg_g11.4dfp.img
       256       256       256         1
  1.000000  1.000000  1.000000
orientation T byte_order littleendian
Reading image: talsrcimg_g11.4dfp.img
dimensions:      256       256       256
mmppix:       1.0000   -1.0000   -1.0000
center:     128.0000 -129.0000 -129.0000
t4_read: open error in t4_sub.f l:  41 t4_file(1:l)talsrcimg_to_711-2C_as_mni_average_305_t4 
t4_read: transform initialized to I4
rotation matrix determinant  1.000000
image alignment mode   4355 decimal     1103 hex
   -7.5000  -45.0000  -45.0000 8664.1426   15.0781
    0.0000  -45.0000  -45.0000 9004.8125   15.0767
    7.5000  -45.0000  -45.0000 8594.8740   15.0651
   -7.5000  -37.5000  -45.0000 9194.7285   14.9621
    0.0000  -37.5000  -45.0000 9540.9375   14.9598
    7.5000  -37.5000  -45.0000 9081.5830   14.9544
   -7.5000  -30.0000  -45.000010026.9102   14.8730
    0.0000  -30.0000  -45.000010395.7490   14.8654
    7.5000  -30.0000  -45.0000 9878.1465   14.8623
   -7.5000  -22.5000  -45.000010720.3936   14.8724
    0.0000  -22.5000  -45.000011137.0859   14.8594
    7.5000  -22.5000  -45.000010568.5234   14.8518
   -7.5000  -15.0000  -45.000011278.8418   14.8774
    0.0000  -15.0000  -45.000011754.0059   14.8635
    7.5000  -15.0000  -45.000011157.3564   14.8499
   -7.5000   -7.5000  -45.000011717.8945   14.8687
    0.0000   -7.5000  -45.000012199.2871   14.8600
    7.5000   -7.5000  -45.000011600.3662   14.8445
   -7.5000    0.0000  -45.000012082.6934   14.8528
    0.0000    0.0000  -45.000012594.2402   14.8502
    7.5000    0.0000  -45.000011974.6777   14.8385
   -7.5000    7.5000  -45.000011584.1982   14.8819
    0.0000    7.5000  -45.000012044.5312   14.8795
    7.5000    7.5000  -45.000011471.3330   14.8743
   -7.5000   15.0000  -45.000011030.0322   14.9974
    0.0000   15.0000  -45.000011451.9365   14.9891
    7.5000   15.0000  -45.000010898.4512   14.9849
   -7.5000   22.5000  -45.000010407.1660   15.2055
    0.0000   22.5000  -45.000010778.5137   15.1895
    7.5000   22.5000  -45.000010240.9248   15.1771
   -7.5000   30.0000  -45.0000 9733.2549   15.2887
    0.0000   30.0000  -45.000010096.3760   15.2699
    7.5000   30.0000  -45.0000 9566.9639   15.2497
   -7.5000   37.5000  -45.0000 9392.7207   15.6454
    0.0000   37.5000  -45.0000 9736.0713   15.6334
    7.5000   37.5000  -45.0000 9232.9355   15.6126
   -7.5000   45.0000  -45.0000 8781.4434   15.6540
    0.0000   45.0000  -45.0000 9085.4961   15.6439
    7.5000   45.0000  -45.0000 8630.0840   15.6274
   -7.5000  -45.0000  -37.5000 9270.0215   15.0684
    0.0000  -45.0000  -37.5000 9631.0547   15.0665
    7.5000  -45.0000  -37.5000 9178.3057   15.0553
   -7.5000  -37.5000  -37.5000 9804.1602   14.9608
    0.0000  -37.5000  -37.500010179.1055   14.9560
    7.5000  -37.5000  -37.5000 9686.0352   14.9477
   -7.5000  -30.0000  -37.500010707.0625   14.8729
    0.0000  -30.0000  -37.500011101.0225   14.8617
    7.5000  -30.0000  -37.500010562.0342   14.8552
   -7.5000  -22.5000  -37.500011491.2275   14.8640
    0.0000  -22.5000  -37.500011923.8906   14.8493
    7.5000  -22.5000  -37.500011319.5879   14.8418
   -7.5000  -15.0000  -37.500012059.2480   14.8604
    0.0000  -15.0000  -37.500012550.8291   14.8473
    7.5000  -15.0000  -37.500011914.5693   14.8376
   -7.5000   -7.5000  -37.500012517.4092   14.8517
    0.0000   -7.5000  -37.500013031.5020   14.8441
    7.5000   -7.5000  -37.500012386.4131   14.8324
   -7.5000    0.0000  -37.500012883.8828   14.8437
    0.0000    0.0000  -37.500013435.4111   14.8406
    7.5000    0.0000  -37.500012765.4092   14.8294
   -7.5000    7.5000  -37.500012330.6875   14.8808
    0.0000    7.5000  -37.500012844.5254   14.8759
    7.5000    7.5000  -37.500012178.5449   14.8678
   -7.5000   15.0000  -37.500011707.7607   14.9978
    0.0000   15.0000  -37.500012185.9551   14.9863
    7.5000   15.0000  -37.500011535.7207   14.9789
   -7.5000   22.5000  -37.500011038.4951   15.1964
    0.0000   22.5000  -37.500011475.2275   15.1795
    7.5000   22.5000  -37.500010862.2373   15.1675
   -7.5000   30.0000  -37.500010310.2637   15.2720
    0.0000   30.0000  -37.500010721.3613   15.2542
    7.5000   30.0000  -37.500010146.9229   15.2365
   -7.5000   37.5000  -37.5000 9901.2061   15.6275
    0.0000   37.5000  -37.500010305.4199   15.6165
    7.5000   37.5000  -37.5000 9750.4131   15.5978
   -7.5000   45.0000  -37.5000 9195.7998   15.6487
    0.0000   45.0000  -37.5000 9547.3447   15.6378
    7.5000   45.0000  -37.5000 9059.0811   15.6195
   -7.5000  -45.0000  -30.000010017.2559   15.7021
    0.0000  -45.0000  -30.000010420.0264   15.7056
    7.5000  -45.0000  -30.0000 9918.2031   15.6918
   -7.5000  -37.5000  -30.000010539.7676   15.5946
    0.0000  -37.5000  -30.000010983.6406   15.5964
    7.5000  -37.5000  -30.000010440.8711   15.5852
   -7.5000  -30.0000  -30.000011526.7812   15.5011
    0.0000  -30.0000  -30.000011972.4102   15.4956
    7.5000  -30.0000  -30.000011374.3291   15.4874
   -7.5000  -22.5000  -30.000012373.1807   15.4837
    0.0000  -22.5000  -30.000012859.1133   15.4730
    7.5000  -22.5000  -30.000012214.4805   15.4658
   -7.5000  -15.0000  -30.000013002.7412   15.4742
    0.0000  -15.0000  -30.000013551.8281   15.4640
    7.5000  -15.0000  -30.000012881.6699   15.4552
   -7.5000   -7.5000  -30.000013491.7949   15.4683
    0.0000   -7.5000  -30.000014066.4004   15.4641
    7.5000   -7.5000  -30.000013386.1963   15.4517
   -7.5000    0.0000  -30.000013882.5352   15.4681
    0.0000    0.0000  -30.000014474.4072   15.4703
    7.5000    0.0000  -30.000013733.3330   15.4564
   -7.5000    7.5000  -30.000013229.5293   15.5113
    0.0000    7.5000  -30.000013790.7119   15.5130
    7.5000    7.5000  -30.000013044.3730   15.5018
   -7.5000   15.0000  -30.000012536.9814   15.6305
    0.0000   15.0000  -30.000013076.3516   15.6250
    7.5000   15.0000  -30.000012339.3887   15.6161
   -7.5000   22.5000  -30.000011842.8506   15.8262
    0.0000   22.5000  -30.000012345.6572   15.8139
    7.5000   22.5000  -30.000011665.7012   15.8033
   -7.5000   30.0000  -30.000011041.1602   15.9051
    0.0000   30.0000  -30.000011517.1318   15.8907
    7.5000   30.0000  -30.000010876.4619   15.8742
   -7.5000   37.5000  -30.000010571.7217   16.2777
    0.0000   37.5000  -30.000011042.0791   16.2691
    7.5000   37.5000  -30.000010440.8740   16.2497
   -7.5000   45.0000  -30.0000 9771.3945   16.3189
    0.0000   45.0000  -30.000010186.2686   16.3135
    7.5000   45.0000  -30.0000 9647.3770   16.2936
   -7.5000  -45.0000  -22.500010698.4326   16.2545
    0.0000  -45.0000  -22.500011156.0684   16.2648
    7.5000  -45.0000  -22.500010619.3271   16.2471
   -7.5000  -37.5000  -22.500011265.8027   16.1396
    0.0000  -37.5000  -22.500011747.2627   16.1519
    7.5000  -37.5000  -22.500011162.1348   16.1401
   -7.5000  -30.0000  -22.500012318.7998   16.0391
    0.0000  -30.0000  -22.500012818.4521   16.0445
    7.5000  -30.0000  -22.500012180.7881   16.0382
   -7.5000  -22.5000  -22.500013199.5488   16.0203
    0.0000  -22.5000  -22.500013758.7549   16.0168
    7.5000  -22.5000  -22.500013094.3545   16.0099
   -7.5000  -15.0000  -22.500013906.6348   16.0127
    0.0000  -15.0000  -22.500014531.5742   16.0056
    7.5000  -15.0000  -22.500013813.5498   15.9934
   -7.5000   -7.5000  -22.500014420.4043   16.0108
    0.0000   -7.5000  -22.500015082.7900   16.0091
    7.5000   -7.5000  -22.500014313.8262   15.9916
   -7.5000    0.0000  -22.500014786.3555   16.0120
    0.0000    0.0000  -22.500015454.6709   16.0205
    7.5000    0.0000  -22.500014652.5576   16.0028
   -7.5000    7.5000  -22.500014057.1562   16.0533
    0.0000    7.5000  -22.500014700.5293   16.0654
    7.5000    7.5000  -22.500013908.7246   16.0537
   -7.5000   15.0000  -22.500013306.8125   16.1715
    0.0000   15.0000  -22.500013915.6543   16.1769
    7.5000   15.0000  -22.500013117.0732   16.1697
   -7.5000   22.5000  -22.500012567.0674   16.3716
    0.0000   22.5000  -22.500013134.9404   16.3663
    7.5000   22.5000  -22.500012371.4121   16.3570
   -7.5000   30.0000  -22.500011717.4043   16.4609
    0.0000   30.0000  -22.500012239.5098   16.4500
    7.5000   30.0000  -22.500011557.5010   16.4320
   -7.5000   37.5000  -22.500011213.0439   16.8510
    0.0000   37.5000  -22.500011716.7002   16.8439
    7.5000   37.5000  -22.500011080.9238   16.8214
   -7.5000   45.0000  -22.500010326.9600   16.9004
    0.0000   45.0000  -22.500010786.3232   16.9021
    7.5000   45.0000  -22.500010220.6406   16.8823
   -7.5000  -45.0000  -15.000011347.7324   16.6542
    0.0000  -45.0000  -15.000011838.1396   16.6668
    7.5000  -45.0000  -15.000011276.5723   16.6475
   -7.5000  -37.5000  -15.000011954.9990   16.5277
    0.0000  -37.5000  -15.000012451.4199   16.5447
    7.5000  -37.5000  -15.000011856.7754   16.5352
   -7.5000  -30.0000  -15.000013020.2979   16.4233
    0.0000  -30.0000  -15.000013542.2207   16.4342
    7.5000  -30.0000  -15.000012894.9150   16.4308
   -7.5000  -22.5000  -15.000013992.1162   16.4121
    0.0000  -22.5000  -15.000014554.9014   16.4117
    7.5000  -22.5000  -15.000013817.2744   16.4037
   -7.5000  -15.0000  -15.000014763.1533   16.4131
    0.0000  -15.0000  -15.000015434.8555   16.4060
    7.5000  -15.0000  -15.000014624.1621   16.3884
   -7.5000   -7.5000  -15.000015356.5156   16.4115
    0.0000   -7.5000  -15.000016057.2461   16.4097
    7.5000   -7.5000  -15.000015213.9727   16.3868
   -7.5000    0.0000  -15.000015675.4844   16.4053
    0.0000    0.0000  -15.000016405.2227   16.4159
    7.5000    0.0000  -15.000015569.6396   16.3966
   -7.5000    7.5000  -15.000014809.2285   16.4392
    0.0000    7.5000  -15.000015544.5586   16.4559
    7.5000    7.5000  -15.000014735.6953   16.4465
   -7.5000   15.0000  -15.000013974.0371   16.5582
    0.0000   15.0000  -15.000014656.5049   16.5687
    7.5000   15.0000  -15.000013878.8916   16.5642
   -7.5000   22.5000  -15.000013198.6318   16.7715
    0.0000   22.5000  -15.000013866.2402   16.7685
    7.5000   22.5000  -15.000013091.5723   16.7579
   -7.5000   30.0000  -15.000012316.2021   16.8739
    0.0000   30.0000  -15.000012922.5107   16.8626
    7.5000   30.0000  -15.000012187.2256   16.8408
   -7.5000   37.5000  -15.000011777.8477   17.2751
    0.0000   37.5000  -15.000012346.9404   17.2677
    7.5000   37.5000  -15.000011652.8232   17.2418
   -7.5000   45.0000  -15.000010853.5068   17.3207
    0.0000   45.0000  -15.000011364.8369   17.3250
    7.5000   45.0000  -15.000010741.3496   17.3068
   -7.5000  -45.0000   -7.500012024.5273   16.8457
    0.0000  -45.0000   -7.500012506.4043   16.8522
    7.5000  -45.0000   -7.500011961.7646   16.8358
   -7.5000  -37.5000   -7.500012592.3135   16.7123
    0.0000  -37.5000   -7.500013106.4482   16.7215
    7.5000  -37.5000   -7.500012535.3701   16.7153
   -7.5000  -30.0000   -7.500013656.4238   16.6093
    0.0000  -30.0000   -7.500014214.3750   16.6129
    7.5000  -30.0000   -7.500013569.9629   16.6112
   -7.5000  -22.5000   -7.500014681.1543   16.6081
    0.0000  -22.5000   -7.500015303.6094   16.6019
    7.5000  -22.5000   -7.500014524.1514   16.5932
   -7.5000  -15.0000   -7.500015541.3438   16.6163
    0.0000  -15.0000   -7.500016238.1270   16.6048
    7.5000  -15.0000   -7.500015375.3896   16.5858
   -7.5000   -7.5000   -7.500016239.8984   16.6105
    0.0000   -7.5000   -7.500016998.4414   16.6044
    7.5000   -7.5000   -7.500016075.6416   16.5821
   -7.5000    0.0000   -7.500016664.4297   16.5938
    0.0000    0.0000   -7.500017464.5000   16.5985
    7.5000    0.0000   -7.500016526.9414   16.5821
   -7.5000    7.5000   -7.500015752.9541   16.6226
    0.0000    7.5000   -7.500016515.6309   16.6317
    7.5000    7.5000   -7.500015688.1934   16.6256
   -7.5000   15.0000   -7.500014797.8057   16.7466
    0.0000   15.0000   -7.500015527.1523   16.7494
    7.5000   15.0000   -7.500014741.0918   16.7465
   -7.5000   22.5000   -7.500013927.6318   16.9725
    0.0000   22.5000   -7.500014639.1826   16.9628
    7.5000   22.5000   -7.500013837.4697   16.9501
   -7.5000   30.0000   -7.500012990.0547   17.0819
    0.0000   30.0000   -7.500013605.7666   17.0652
    7.5000   30.0000   -7.500012830.5342   17.0412
   -7.5000   37.5000   -7.500012439.2422   17.4841
    0.0000   37.5000   -7.500013031.7246   17.4735
    7.5000   37.5000   -7.500012288.9121   17.4476
   -7.5000   45.0000   -7.500011456.3008   17.5233
    0.0000   45.0000   -7.500012003.3379   17.5209
    7.5000   45.0000   -7.500011335.4346   17.5037
   -7.5000  -45.0000    0.000012568.2783   16.8709
    0.0000  -45.0000    0.000013048.6309   16.8693
    7.5000  -45.0000    0.000012479.1846   16.8564
   -7.5000  -37.5000    0.000013155.1748   16.7412
    0.0000  -37.5000    0.000013676.3154   16.7386
    7.5000  -37.5000    0.000013061.0615   16.7326
   -7.5000  -30.0000    0.000014215.6270   16.6415
    0.0000  -30.0000    0.000014807.9678   16.6331
    7.5000  -30.0000    0.000014094.1758   16.6297
   -7.5000  -22.5000    0.000015285.9131   16.6408
    0.0000  -22.5000    0.000015936.9883   16.6264
    7.5000  -22.5000    0.000015134.8486   16.6178
   -7.5000  -15.0000    0.000016213.2881   16.6464
    0.0000  -15.0000    0.000016919.6309   16.6309
    7.5000  -15.0000    0.000016028.9180   16.6157
   -7.5000   -7.5000    0.000016980.1582   16.6366
    0.0000   -7.5000    0.000017771.7129   16.6269
    7.5000   -7.5000    0.000016783.1875   16.6096
   -7.5000    0.0000    0.000017539.3535   16.6188
    0.0000    0.0000    0.000018401.8945   16.6159
    7.5000    0.0000    0.000017405.3574   16.6029
   -7.5000    7.5000    0.000016710.4453   16.6514
    0.0000    7.5000    0.000017533.6074   16.6488
    7.5000    7.5000    0.000016673.9707   16.6430
   -7.5000   15.0000    0.000015627.8135   16.7807
    0.0000   15.0000    0.000016365.1914   16.7715
    7.5000   15.0000    0.000015608.2461   16.7669
   -7.5000   22.5000    0.000014600.7402   17.0080
    0.0000   22.5000    0.000015256.9092   16.9901
    7.5000   22.5000    0.000014490.7295   16.9764
   -7.5000   30.0000    0.000013601.6328   17.1132
    0.0000   30.0000    0.000014195.6162   17.0922
    7.5000   30.0000    0.000013419.9033   17.0696
   -7.5000   37.5000    0.000013043.5723   17.5123
    0.0000   37.5000    0.000013604.8887   17.4990
    7.5000   37.5000    0.000012831.4346   17.4758
   -7.5000   45.0000    0.000012020.1943   17.5564
    0.0000   45.0000    0.000012543.4902   17.5451
    7.5000   45.0000    0.000011831.1387   17.5266
   -7.5000  -45.0000    7.500012127.6230   16.8619
    0.0000  -45.0000    7.500012629.6172   16.8597
    7.5000  -45.0000    7.500012039.9160   16.8472
   -7.5000  -37.5000    7.500012706.9092   16.7415
    0.0000  -37.5000    7.500013242.0078   16.7361
    7.5000  -37.5000    7.500012607.2705   16.7269
   -7.5000  -30.0000    7.500013702.8076   16.6431
    0.0000  -30.0000    7.500014283.7842   16.6306
    7.5000  -30.0000    7.500013610.3330   16.6234
   -7.5000  -22.5000    7.500014701.5850   16.6331
    0.0000  -22.5000    7.500015337.9736   16.6167
    7.5000  -22.5000    7.500014619.4736   16.6083
   -7.5000  -15.0000    7.500015604.6123   16.6292
    0.0000  -15.0000    7.500016292.3740   16.6145
    7.5000  -15.0000    7.500015534.4873   16.6036
   -7.5000   -7.5000    7.500016396.8691   16.6194
    0.0000   -7.5000    7.500017201.3652   16.6109
    7.5000   -7.5000    7.500016281.5273   16.5979
   -7.5000    0.0000    7.500017113.7207   16.6104
    0.0000    0.0000    7.500017972.5117   16.6070
    7.5000    0.0000    7.500016915.7559   16.5944
   -7.5000    7.5000    7.500016411.5098   16.6520
    0.0000    7.5000    7.500017177.8574   16.6465
    7.5000    7.5000    7.500016215.7168   16.6374
   -7.5000   15.0000    7.500015357.4688   16.7829
    0.0000   15.0000    7.500015973.1973   16.7701
    7.5000   15.0000    7.500015118.4980   16.7618
   -7.5000   22.5000    7.500014241.9414   16.9997
    0.0000   22.5000    7.500014790.3643   16.9807
    7.5000   22.5000    7.500013963.5215   16.9673
   -7.5000   30.0000    7.500013161.5879   17.0964
    0.0000   30.0000    7.500013693.5527   17.0765
    7.5000   30.0000    7.500012930.3799   17.0566
   -7.5000   37.5000    7.500012604.5576   17.4944
    0.0000   37.5000    7.500013099.0049   17.4821
    7.5000   37.5000    7.500012381.4004   17.4612
   -7.5000   45.0000    7.500011603.5605   17.5525
    0.0000   45.0000    7.500012086.2295   17.5403
    7.5000   45.0000    7.500011430.2559   17.5197
   -7.5000  -45.0000   15.000011541.0947   16.8615
    0.0000  -45.0000   15.000012049.1484   16.8653
    7.5000  -45.0000   15.000011504.7646   16.8505
   -7.5000  -37.5000   15.000012113.8877   16.7460
    0.0000  -37.5000   15.000012627.9688   16.7480
    7.5000  -37.5000   15.000012067.7051   16.7359
   -7.5000  -30.0000   15.000013059.6855   16.6456
    0.0000  -30.0000   15.000013562.3857   16.6397
    7.5000  -30.0000   15.000013002.1084   16.6310
   -7.5000  -22.5000   15.000014011.4775   16.6270
    0.0000  -22.5000   15.000014528.7422   16.6155
    7.5000  -22.5000   15.000013944.1484   16.6078
   -7.5000  -15.0000   15.000014891.7197   16.6168
    0.0000  -15.0000   15.000015488.3408   16.6058
    7.5000  -15.0000   15.000014820.8232   16.5964
   -7.5000   -7.5000   15.000015680.7148   16.6104
    0.0000   -7.5000   15.000016388.5723   16.6059
    7.5000   -7.5000   15.000015546.2812   16.5926
   -7.5000    0.0000   15.000016336.1582   16.6102
    0.0000    0.0000   15.000017102.5312   16.6126
    7.5000    0.0000   15.000016112.1094   16.5977
   -7.5000    7.5000   15.000015574.2617   16.6566
    0.0000    7.5000   15.000016257.6602   16.6584
    7.5000    7.5000   15.000015341.2832   16.6465
   -7.5000   15.0000   15.000014548.1025   16.7847
    0.0000   15.0000   15.000015162.4727   16.7787
    7.5000   15.0000   15.000014320.5830   16.7691
   -7.5000   22.5000   15.000013518.3936   16.9910
    0.0000   22.5000   15.000014125.7559   16.9778
    7.5000   22.5000   15.000013300.5586   16.9664
   -7.5000   30.0000   15.000012496.4150   17.0846
    0.0000   30.0000   15.000013108.4541   17.0691
    7.5000   30.0000   15.000012339.1006   17.0513
   -7.5000   37.5000   15.000011942.2207   17.4848
    0.0000   37.5000   15.000012507.4180   17.4755
    7.5000   37.5000   15.000011798.1152   17.4546
   -7.5000   45.0000   15.000010990.4834   17.5522
    0.0000   45.0000   15.000011501.2246   17.5464
    7.5000   45.0000   15.000010902.0879   17.5250
   -7.5000  -45.0000   22.500010897.3555   16.8737
    0.0000  -45.0000   22.500011350.7832   16.8844
    7.5000  -45.0000   22.500010860.9863   16.8660
   -7.5000  -37.5000   22.500011457.1152   16.7544
    0.0000  -37.5000   22.500011923.8711   16.7672
    7.5000  -37.5000   22.500011425.6318   16.7549
   -7.5000  -30.0000   22.500012357.7236   16.6501
    0.0000  -30.0000   22.500012831.8359   16.6556
    7.5000  -30.0000   22.500012328.5186   16.6491
   -7.5000  -22.5000   22.500013239.2881   16.6305
    0.0000  -22.5000   22.500013723.5830   16.6269
    7.5000  -22.5000   22.500013181.5732   16.6197
   -7.5000  -15.0000   22.500014025.6074   16.6227
    0.0000  -15.0000   22.500014536.6387   16.6153
    7.5000  -15.0000   22.500013951.0225   16.6026
   -7.5000   -7.5000   22.500014679.2314   16.6206
    0.0000   -7.5000   22.500015331.3760   16.6189
    7.5000   -7.5000   22.500014598.9697   16.6007
   -7.5000    0.0000   22.500015210.4863   16.6219
    0.0000    0.0000   22.500015933.5986   16.6308
    7.5000    0.0000   22.500015100.0498   16.6124
   -7.5000    7.5000   22.500014469.3701   16.6648
    0.0000    7.5000   22.500015157.4189   16.6774
    7.5000    7.5000   22.500014359.0107   16.6652
   -7.5000   15.0000   22.500013540.7861   16.7875
    0.0000   15.0000   22.500014183.6572   16.7931
    7.5000   15.0000   22.500013431.9980   16.7856
   -7.5000   22.5000   22.500012581.6748   16.9926
    0.0000   22.5000   22.500013235.8525   16.9872
    7.5000   22.5000   22.500012523.2021   16.9775
   -7.5000   30.0000   22.500011660.7461   17.0903
    0.0000   30.0000   22.500012279.1914   17.0790
    7.5000   30.0000   22.500011610.1572   17.0604
   -7.5000   37.5000   22.500011172.0830   17.4954
    0.0000   37.5000   22.500011721.8203   17.4880
    7.5000   37.5000   22.500011100.9434   17.4646
   -7.5000   45.0000   22.500010290.3877   17.5594
    0.0000   45.0000   22.500010773.9893   17.5612
    7.5000   45.0000   22.500010220.6260   17.5406
   -7.5000  -45.0000   30.000010171.2559   16.9339
    0.0000  -45.0000   30.000010602.2852   16.9466
    7.5000  -45.0000   30.000010140.8506   16.9269
   -7.5000  -37.5000   30.000010726.7588   16.8048
    0.0000  -37.5000   30.000011166.8037   16.8220
    7.5000  -37.5000   30.000010685.6836   16.8122
   -7.5000  -30.0000   30.000011557.7656   16.6983
    0.0000  -30.0000   30.000012003.3291   16.7094
    7.5000  -30.0000   30.000011504.9014   16.7058
   -7.5000  -22.5000   30.000012344.8545   16.6870
    0.0000  -22.5000   30.000012781.0576   16.6866
    7.5000  -22.5000   30.000012261.2383   16.6783
   -7.5000  -15.0000   30.000012993.2480   16.6881
    0.0000  -15.0000   30.000013492.3311   16.6807
    7.5000  -15.0000   30.000012919.6084   16.6628
   -7.5000   -7.5000   30.000013570.6670   16.6865
    0.0000   -7.5000   30.000014170.3311   16.6845
    7.5000   -7.5000   30.000013500.6602   16.6611
   -7.5000    0.0000   30.000014021.8574   16.6801
    0.0000    0.0000   30.000014677.4189   16.6908
    7.5000    0.0000   30.000013954.3623   16.6711
   -7.5000    7.5000   30.000013342.3359   16.7145
    0.0000    7.5000   30.000013965.4287   16.7315
    7.5000    7.5000   30.000013279.8242   16.7218
   -7.5000   15.0000   30.000012500.5137   16.8359
    0.0000   15.0000   30.000013073.5811   16.8465
    7.5000   15.0000   30.000012431.3252   16.8418
   -7.5000   22.5000   30.000011637.6768   17.0517
    0.0000   22.5000   30.000012202.3008   17.0486
    7.5000   22.5000   30.000011568.7227   17.0377
   -7.5000   30.0000   30.000010789.7988   17.1588
    0.0000   30.0000   30.000011323.5840   17.1471
    7.5000   30.0000   30.000010712.6396   17.1249
   -7.5000   37.5000   30.000010340.8223   17.5680
    0.0000   37.5000   30.000010825.6816   17.5603
    7.5000   37.5000   30.000010262.4365   17.5339
   -7.5000   45.0000   30.0000 9529.0811   17.6205
    0.0000   45.0000   30.0000 9949.9932   17.6247
    7.5000   45.0000   30.0000 9446.0518   17.6060
   -7.5000  -45.0000   37.5000 9825.9443   17.1084
    0.0000  -45.0000   37.500010226.2969   17.1143
    7.5000  -45.0000   37.5000 9799.0020   17.0971
   -7.5000  -37.5000   37.500010347.3770   16.9709
    0.0000  -37.5000   37.500010755.5557   16.9796
    7.5000  -37.5000   37.500010303.3750   16.9727
   -7.5000  -30.0000   37.500011143.4941   16.8648
    0.0000  -30.0000   37.500011564.3477   16.8678
    7.5000  -30.0000   37.500011082.8301   16.8653
   -7.5000  -22.5000   37.500011846.7900   16.8636
    0.0000  -22.5000   37.500012301.3799   16.8566
    7.5000  -22.5000   37.500011765.4482   16.8471
   -7.5000  -15.0000   37.500012450.4756   16.8721
    0.0000  -15.0000   37.500012949.6084   16.8597
    7.5000  -15.0000   37.500012361.9033   16.8399
   -7.5000   -7.5000   37.500012993.5586   16.8663
    0.0000   -7.5000   37.500013559.8770   16.8594
    7.5000   -7.5000   37.500012906.1035   16.8362
   -7.5000    0.0000   37.500013380.8984   16.8492
    0.0000    0.0000   37.500013994.0420   16.8533
    7.5000    0.0000   37.500013319.1211   16.8361
   -7.5000    7.5000   37.500012720.1250   16.8786
    0.0000    7.5000   37.500013300.1201   16.8872
    7.5000    7.5000   37.500012660.2500   16.8804
   -7.5000   15.0000   37.500011931.0596   17.0061
    0.0000   15.0000   37.500012456.7129   17.0083
    7.5000   15.0000   37.500011847.4434   17.0045
   -7.5000   22.5000   37.500011126.1934   17.2388
    0.0000   22.5000   37.500011608.2227   17.2281
    7.5000   22.5000   37.500011037.1777   17.2145
   -7.5000   30.0000   37.500010332.5918   17.3549
    0.0000   30.0000   37.500010766.7920   17.3372
    7.5000   30.0000   37.500010225.3594   17.3121
   -7.5000   37.5000   37.5000 9894.9990   17.7696
    0.0000   37.5000   37.500010320.0664   17.7580
    7.5000   37.5000   37.5000 9797.5586   17.7311
   -7.5000   45.0000   37.5000 9112.5176   17.8171
    0.0000   45.0000   37.5000 9503.4346   17.8137
    7.5000   45.0000   37.5000 9037.8770   17.7956
   -7.5000  -45.0000   45.0000 9052.0859   17.2945
    0.0000  -45.0000   45.0000 9420.4697   17.2941
    7.5000  -45.0000   45.0000 9037.3564   17.2798
   -7.5000  -37.5000   45.0000 9516.5078   17.1551
    0.0000  -37.5000   45.0000 9889.4766   17.1541
    7.5000  -37.5000   45.0000 9460.8242   17.1469
   -7.5000  -30.0000   45.000010238.1289   17.0474
    0.0000  -30.0000   45.000010614.6260   17.0404
    7.5000  -30.0000   45.000010154.0342   17.0366
   -7.5000  -22.5000   45.000010872.6396   17.0465
    0.0000  -22.5000   45.000011269.2803   17.0330
    7.5000  -22.5000   45.000010792.7686   17.0245
   -7.5000  -15.0000   45.000011409.6289   17.0543
    0.0000  -15.0000   45.000011846.6279   17.0393
    7.5000  -15.0000   45.000011342.3242   17.0241
   -7.5000   -7.5000   45.000011866.1768   17.0464
    0.0000   -7.5000   45.000012381.7305   17.0372
    7.5000   -7.5000   45.000011800.8252   17.0192
   -7.5000    0.0000   45.000012190.0010   17.0280
    0.0000    0.0000   45.000012708.3955   17.0262
    7.5000    0.0000   45.000012104.1592   17.0118
   -7.5000    7.5000   45.000011567.0303   17.0602
    0.0000    7.5000   45.000012067.6748   17.0591
    7.5000    7.5000   45.000011474.2051   17.0522
   -7.5000   15.0000   45.000010849.2588   17.1945
    0.0000   15.0000   45.000011298.7715   17.1867
    7.5000   15.0000   45.000010732.3721   17.1815
   -7.5000   22.5000   45.000010154.8877   17.4348
    0.0000   22.5000   45.000010567.1416   17.4177
    7.5000   22.5000   45.000010047.1914   17.4038
   -7.5000   30.0000   45.0000 9467.9229   17.5539
    0.0000   30.0000   45.0000 9829.8652   17.5330
    7.5000   30.0000   45.0000 9348.2129   17.5101
   -7.5000   37.5000   45.0000 9078.2471   17.9797
    0.0000   37.5000   45.0000 9435.7998   17.9667
    7.5000   37.5000   45.0000 8986.2969   17.9424
   -7.5000   45.0000   45.0000 8343.6289   18.0513
    0.0000   45.0000   45.0000 8669.9736   18.0407
    7.5000   45.0000   45.0000 8280.8379   18.0203

---------------------------------------------------------------------
imgreg_4dfp /opt/freesurfer/average/711-2C_as_mni_average_305 /opt/freesurfer/average/711-2B_as_mni_average_305_mask talsrcimg_g11 none talsrcimg_to_711-2C_as_mni_average_305_t4 4355
---------------------------------------------------------------------

freesurfer imgreg_4dfp.c
/opt/freesurfer/average/711-2C_as_mni_average_305.4dfp.img
       256       256       256         1
  1.000000  1.000000  1.000000
orientation T byte_order littleendian
Reading image: /opt/freesurfer/average/711-2C_as_mni_average_305.4dfp.img
dimensions:      256       256       256
mmppix:       1.0000   -1.0000   -1.0000
center:     128.0000 -129.0000 -129.0000
/opt/freesurfer/average/711-2B_as_mni_average_305_mask.4dfp.img
       256       256       256         1
  1.000000  1.000000  1.000000
orientation T byte_order littleendian
Reading mask: /opt/freesurfer/average/711-2B_as_mni_average_305_mask.4dfp.img (2306576 pixels)
talsrcimg_g11.4dfp.img
       256       256       256         1
  1.000000  1.000000  1.000000
orientation T byte_order littleendian
Reading image: talsrcimg_g11.4dfp.img
dimensions:      256       256       256
mmppix:       1.0000   -1.0000   -1.0000
center:     128.0000 -129.0000 -129.0000
rotation matrix determinant  1.000000
image alignment mode   4355 decimal     1103 hex
   -7.5000  -45.0000  -45.0000 2157.3989   20.0037
    0.0000  -45.0000  -45.0000 2166.1060   20.0116
    7.5000  -45.0000  -45.0000 2144.5659   20.2939
   -7.5000  -37.5000  -45.0000 2215.6550   19.1113
    0.0000  -37.5000  -45.0000 2217.5298   19.1660
    7.5000  -37.5000  -45.0000 2194.7380   19.4313
   -7.5000  -30.0000  -45.0000 2262.2539   18.4270
    0.0000  -30.0000  -45.0000 2264.6965   18.4531
    7.5000  -30.0000  -45.0000 2235.0103   18.6964
   -7.5000  -22.5000  -45.0000 2301.3406   17.8796
    0.0000  -22.5000  -45.0000 2300.5732   17.8808
    7.5000  -22.5000  -45.0000 2269.0732   18.1055
   -7.5000  -15.0000  -45.0000 2332.3701   17.4038
    0.0000  -15.0000  -45.0000 2334.6011   17.4495
    7.5000  -15.0000  -45.0000 2293.9194   17.7413
   -7.5000   -7.5000  -45.0000 2347.0237   17.0360
    0.0000   -7.5000  -45.0000 2344.7288   17.0470
    7.5000   -7.5000  -45.0000 2304.0557   17.3605
   -7.5000    0.0000  -45.0000 2356.8123   16.7265
    0.0000    0.0000  -45.0000 2357.3281   16.7290
    7.5000    0.0000  -45.0000 2315.6968   17.0439
   -7.5000    7.5000  -45.0000 2369.8604   16.6558
    0.0000    7.5000  -45.0000 2361.6914   16.6471
    7.5000    7.5000  -45.0000 2324.6584   16.9860
   -7.5000   15.0000  -45.0000 2363.9177   16.8999
    0.0000   15.0000  -45.0000 2358.9937   16.8934
    7.5000   15.0000  -45.0000 2321.5679   17.2341
   -7.5000   22.5000  -45.0000 2332.3469   17.4853
    0.0000   22.5000  -45.0000 2324.7380   17.4646
    7.5000   22.5000  -45.0000 2291.7756   17.8033
   -7.5000   30.0000  -45.0000 2281.7385   18.3593
    0.0000   30.0000  -45.0000 2283.8840   18.3108
    7.5000   30.0000  -45.0000 2241.2512   18.6385
   -7.5000   37.5000  -45.0000 2210.1475   19.4868
    0.0000   37.5000  -45.0000 2211.7585   19.4049
    7.5000   37.5000  -45.0000 2170.7380   19.7389
   -7.5000   45.0000  -45.0000 2124.4980   20.9299
    0.0000   45.0000  -45.0000 2121.9692   20.8167
    7.5000   45.0000  -45.0000 2092.1978   21.1994
   -7.5000  -45.0000  -37.5000 2256.5396   18.4229
    0.0000  -45.0000  -37.5000 2268.5806   18.4074
    7.5000  -45.0000  -37.5000 2248.8184   18.6445
   -7.5000  -37.5000  -37.5000 2314.6245   17.6610
    0.0000  -37.5000  -37.5000 2320.7173   17.7256
    7.5000  -37.5000  -37.5000 2296.8640   17.9120
   -7.5000  -30.0000  -37.5000 2365.3240   17.0440
    0.0000  -30.0000  -37.5000 2366.7920   17.0901
    7.5000  -30.0000  -37.5000 2337.6602   17.2923
   -7.5000  -22.5000  -37.5000 2402.5056   16.5689
    0.0000  -22.5000  -37.5000 2406.8914   16.5796
    7.5000  -22.5000  -37.5000 2372.3037   16.7606
   -7.5000  -15.0000  -37.5000 2423.6062   16.0630
    0.0000  -15.0000  -37.5000 2426.3201   16.0804
    7.5000  -15.0000  -37.5000 2389.9080   16.3419
   -7.5000   -7.5000  -37.5000 2443.4448   15.7194
    0.0000   -7.5000  -37.5000 2441.7700   15.7397
    7.5000   -7.5000  -37.5000 2404.8643   16.0130
   -7.5000    0.0000  -37.5000 2453.1226   15.5096
    0.0000    0.0000  -37.5000 2454.9832   15.5364
    7.5000    0.0000  -37.5000 2413.3125   15.7791
   -7.5000    7.5000  -37.5000 2466.7703   15.4663
    0.0000    7.5000  -37.5000 2461.8752   15.4947
    7.5000    7.5000  -37.5000 2422.1086   15.7855
   -7.5000   15.0000  -37.5000 2464.2876   15.6927
    0.0000   15.0000  -37.5000 2461.1489   15.7109
    7.5000   15.0000  -37.5000 2418.2253   15.9667
   -7.5000   22.5000  -37.5000 2436.7781   16.2022
    0.0000   22.5000  -37.5000 2432.7329   16.2424
    7.5000   22.5000  -37.5000 2393.0220   16.5116
   -7.5000   30.0000  -37.5000 2384.6216   16.9532
    0.0000   30.0000  -37.5000 2387.9546   16.9562
    7.5000   30.0000  -37.5000 2344.1157   17.2540
   -7.5000   37.5000  -37.5000 2306.2532   17.9484
    0.0000   37.5000  -37.5000 2311.4565   17.9426
    7.5000   37.5000  -37.5000 2268.8413   18.2351
   -7.5000   45.0000  -37.5000 2211.9631   19.2800
    0.0000   45.0000  -37.5000 2213.3201   19.2525
    7.5000   45.0000  -37.5000 2177.4290   19.5649
   -7.5000  -45.0000  -30.0000 2395.1897   17.6827
    0.0000  -45.0000  -30.0000 2405.0862   17.7092
    7.5000  -45.0000  -30.0000 2380.7751   17.9296
   -7.5000  -37.5000  -30.0000 2452.9165   16.9450
    0.0000  -37.5000  -30.0000 2463.1619   17.0469
    7.5000  -37.5000  -30.0000 2433.5024   17.2387
   -7.5000  -30.0000  -30.0000 2503.1775   16.3458
    0.0000  -30.0000  -30.0000 2511.8259   16.3976
    7.5000  -30.0000  -30.0000 2476.5085   16.5821
   -7.5000  -22.5000  -30.0000 2540.6404   15.8393
    0.0000  -22.5000  -30.0000 2547.5352   15.8438
    7.5000  -22.5000  -30.0000 2514.0911   16.0220
   -7.5000  -15.0000  -30.0000 2561.0176   15.4367
    0.0000  -15.0000  -30.0000 2566.0049   15.4415
    7.5000  -15.0000  -30.0000 2533.1201   15.6128
   -7.5000   -7.5000  -30.0000 2584.6145   15.0954
    0.0000   -7.5000  -30.0000 2584.9939   15.1362
    7.5000   -7.5000  -30.0000 2552.0874   15.3391
   -7.5000    0.0000  -30.0000 2596.9749   14.9371
    0.0000    0.0000  -30.0000 2598.7710   14.9795
    7.5000    0.0000  -30.0000 2558.1707   15.1811
   -7.5000    7.5000  -30.0000 2607.6919   14.9269
    0.0000    7.5000  -30.0000 2603.9314   14.9801
    7.5000    7.5000  -30.0000 2563.2786   15.1902
   -7.5000   15.0000  -30.0000 2601.5889   15.1347
    0.0000   15.0000  -30.0000 2604.7600   15.1777
    7.5000   15.0000  -30.0000 2557.5366   15.4310
   -7.5000   22.5000  -30.0000 2584.0110   15.6124
    0.0000   22.5000  -30.0000 2587.4998   15.6656
    7.5000   22.5000  -30.0000 2540.4197   15.9039
   -7.5000   30.0000  -30.0000 2529.6328   16.3056
    0.0000   30.0000  -30.0000 2534.0754   16.3432
    7.5000   30.0000  -30.0000 2490.4980   16.5930
   -7.5000   37.5000  -30.0000 2446.9089   17.2342
    0.0000   37.5000  -30.0000 2455.8105   17.2698
    7.5000   37.5000  -30.0000 2417.7124   17.5505
   -7.5000   45.0000  -30.0000 2345.3601   18.4895
    0.0000   45.0000  -30.0000 2351.1892   18.4924
    7.5000   45.0000  -30.0000 2314.2502   18.7901
   -7.5000  -45.0000  -22.5000 2500.8845   16.8491
    0.0000  -45.0000  -22.5000 2516.6726   16.9054
    7.5000  -45.0000  -22.5000 2487.8286   17.0929
   -7.5000  -37.5000  -22.5000 2557.1978   16.1539
    0.0000  -37.5000  -22.5000 2574.3616   16.2206
    7.5000  -37.5000  -22.5000 2545.2180   16.4333
   -7.5000  -30.0000  -22.5000 2612.2205   15.5855
    0.0000  -30.0000  -22.5000 2622.7800   15.6472
    7.5000  -30.0000  -22.5000 2589.0229   15.8376
   -7.5000  -22.5000  -22.5000 2643.5571   15.0962
    0.0000  -22.5000  -22.5000 2650.2456   15.1230
    7.5000  -22.5000  -22.5000 2620.2573   15.3171
   -7.5000  -15.0000  -22.5000 2665.7168   14.7215
    0.0000  -15.0000  -22.5000 2673.2502   14.7551
    7.5000  -15.0000  -22.5000 2642.6125   14.9373
   -7.5000   -7.5000  -22.5000 2691.2026   14.4201
    0.0000   -7.5000  -22.5000 2696.3572   14.4466
    7.5000   -7.5000  -22.5000 2662.6738   14.6283
   -7.5000    0.0000  -22.5000 2709.1353   14.2629
    0.0000    0.0000  -22.5000 2710.6548   14.3016
    7.5000    0.0000  -22.5000 2672.7271   14.4652
   -7.5000    7.5000  -22.5000 2719.9663   14.2193
    0.0000    7.5000  -22.5000 2722.8857   14.2891
    7.5000    7.5000  -22.5000 2679.9666   14.4819
   -7.5000   15.0000  -22.5000 2718.8538   14.4526
    0.0000   15.0000  -22.5000 2728.2759   14.4934
    7.5000   15.0000  -22.5000 2679.6575   14.7327
   -7.5000   22.5000  -22.5000 2701.7366   14.9106
    0.0000   22.5000  -22.5000 2712.1553   14.9606
    7.5000   22.5000  -22.5000 2662.7668   15.2143
   -7.5000   30.0000  -22.5000 2646.3140   15.6225
    0.0000   30.0000  -22.5000 2653.0950   15.6567
    7.5000   30.0000  -22.5000 2610.3745   15.8860
   -7.5000   37.5000  -22.5000 2564.6680   16.4978
    0.0000   37.5000  -22.5000 2573.1172   16.5165
    7.5000   37.5000  -22.5000 2533.6465   16.7686
   -7.5000   45.0000  -22.5000 2455.0393   17.6635
    0.0000   45.0000  -22.5000 2466.5410   17.6563
    7.5000   45.0000  -22.5000 2427.6128   17.9291
   -7.5000  -45.0000  -15.0000 2579.1091   16.0722
    0.0000  -45.0000  -15.0000 2597.2039   16.1215
    7.5000  -45.0000  -15.0000 2569.2698   16.3234
   -7.5000  -37.5000  -15.0000 2630.4009   15.4143
    0.0000  -37.5000  -15.0000 2654.8931   15.4449
    7.5000  -37.5000  -15.0000 2624.5732   15.6397
   -7.5000  -30.0000  -15.0000 2671.0491   14.8800
    0.0000  -30.0000  -15.0000 2686.9971   14.8750
    7.5000  -30.0000  -15.0000 2661.6377   15.0774
   -7.5000  -22.5000  -15.0000 2700.4399   14.4102
    0.0000  -22.5000  -15.0000 2711.9312   14.4206
    7.5000  -22.5000  -15.0000 2687.8752   14.6027
   -7.5000  -15.0000  -15.0000 2729.4561   14.0729
    0.0000  -15.0000  -15.0000 2745.1777   14.0861
    7.5000  -15.0000  -15.0000 2711.4077   14.2789
   -7.5000   -7.5000  -15.0000 2765.9148   13.7857
    0.0000   -7.5000  -15.0000 2771.0640   13.8037
    7.5000   -7.5000  -15.0000 2731.1899   14.0082
   -7.5000    0.0000  -15.0000 2782.8394   13.5993
    0.0000    0.0000  -15.0000 2789.9248   13.6451
    7.5000    0.0000  -15.0000 2743.6726   13.8933
   -7.5000    7.5000  -15.0000 2799.0161   13.5429
    0.0000    7.5000  -15.0000 2808.0366   13.5881
    7.5000    7.5000  -15.0000 2761.2065   13.8647
   -7.5000   15.0000  -15.0000 2811.7942   13.7614
    0.0000   15.0000  -15.0000 2820.2944   13.8096
    7.5000   15.0000  -15.0000 2769.8345   14.0850
   -7.5000   22.5000  -15.0000 2785.9631   14.2361
    0.0000   22.5000  -15.0000 2808.1975   14.2828
    7.5000   22.5000  -15.0000 2753.9543   14.5691
   -7.5000   30.0000  -15.0000 2729.0588   14.9354
    0.0000   30.0000  -15.0000 2744.7175   14.9617
    7.5000   30.0000  -15.0000 2694.7117   15.2251
   -7.5000   37.5000  -15.0000 2646.0676   15.8117
    0.0000   37.5000  -15.0000 2660.9487   15.8192
    7.5000   37.5000  -15.0000 2613.0286   16.0807
   -7.5000   45.0000  -15.0000 2535.0632   16.9327
    0.0000   45.0000  -15.0000 2545.2124   16.9340
    7.5000   45.0000  -15.0000 2500.6650   17.2247
   -7.5000  -45.0000   -7.5000 2627.0574   15.5695
    0.0000  -45.0000   -7.5000 2647.8687   15.5032
    7.5000  -45.0000   -7.5000 2625.6370   15.7110
   -7.5000  -37.5000   -7.5000 2662.8254   14.8509
    0.0000  -37.5000   -7.5000 2690.4028   14.8171
    7.5000  -37.5000   -7.5000 2665.0134   15.0592
   -7.5000  -30.0000   -7.5000 2699.7151   14.2415
    0.0000  -30.0000   -7.5000 2719.4714   14.2062
    7.5000  -30.0000   -7.5000 2694.7104   14.4711
   -7.5000  -22.5000   -7.5000 2735.5779   13.8192
    0.0000  -22.5000   -7.5000 2752.7510   13.7811
    7.5000  -22.5000   -7.5000 2718.0452   14.0329
   -7.5000  -15.0000   -7.5000 2766.6682   13.4668
    0.0000  -15.0000   -7.5000 2781.9768   13.4628
    7.5000  -15.0000   -7.5000 2744.6687   13.7091
   -7.5000   -7.5000   -7.5000 2806.5481   13.2302
    0.0000   -7.5000   -7.5000 2818.2322   13.2341
    7.5000   -7.5000   -7.5000 2775.4583   13.4850
   -7.5000    0.0000   -7.5000 2834.2197   13.0785
    0.0000    0.0000   -7.5000 2853.3706   13.0888
    7.5000    0.0000   -7.5000 2799.5422   13.3897
   -7.5000    7.5000   -7.5000 2859.3142   13.0286
    0.0000    7.5000   -7.5000 2869.5105   13.0559
    7.5000    7.5000   -7.5000 2817.7690   13.4175
   -7.5000   15.0000   -7.5000 2875.6572   13.2143
    0.0000   15.0000   -7.5000 2883.7397   13.2191
    7.5000   15.0000   -7.5000 2830.2051   13.6067
   -7.5000   22.5000   -7.5000 2849.3262   13.6719
    0.0000   22.5000   -7.5000 2870.5913   13.6950
    7.5000   22.5000   -7.5000 2816.6843   14.0344
   -7.5000   30.0000   -7.5000 2791.4194   14.3164
    0.0000   30.0000   -7.5000 2806.7461   14.3384
    7.5000   30.0000   -7.5000 2753.6313   14.6545
   -7.5000   37.5000   -7.5000 2702.1028   15.1981
    0.0000   37.5000   -7.5000 2717.2129   15.1931
    7.5000   37.5000   -7.5000 2666.9963   15.5057
   -7.5000   45.0000   -7.5000 2583.9390   16.3637
    0.0000   45.0000   -7.5000 2596.2590   16.3393
    7.5000   45.0000   -7.5000 2550.3860   16.6571
   -7.5000  -45.0000    0.0000 2653.8823   15.2309
    0.0000  -45.0000    0.0000 2669.1956   15.0804
    7.5000  -45.0000    0.0000 2655.7144   15.3295
   -7.5000  -37.5000    0.0000 2683.6006   14.4922
    0.0000  -37.5000    0.0000 2701.9338   14.4050
    7.5000  -37.5000    0.0000 2683.5815   14.6794
   -7.5000  -30.0000    0.0000 2713.3879   13.8862
    0.0000  -30.0000    0.0000 2731.6929   13.8265
    7.5000  -30.0000    0.0000 2705.7822   14.0817
   -7.5000  -22.5000    0.0000 2747.2937   13.4369
    0.0000  -22.5000    0.0000 2766.4983   13.4100
    7.5000  -22.5000    0.0000 2730.3523   13.6607
   -7.5000  -15.0000    0.0000 2785.8237   13.1027
    0.0000  -15.0000    0.0000 2797.1685   13.0622
    7.5000  -15.0000    0.0000 2759.2449   13.3530
   -7.5000   -7.5000    0.0000 2828.8650   12.8829
    0.0000   -7.5000    0.0000 2837.3425   12.8581
    7.5000   -7.5000    0.0000 2796.6895   13.1357
   -7.5000    0.0000    0.0000 2858.4634   12.8136
    0.0000    0.0000    0.0000 2879.0969   12.7778
    7.5000    0.0000    0.0000 2830.9343   13.1112
   -7.5000    7.5000    0.0000 2897.2866   12.8621
    0.0000    7.5000    0.0000 2914.4724   12.8192
    7.5000    7.5000    0.0000 2859.4927   13.2178
   -7.5000   15.0000    0.0000 2908.9692   12.9737
    0.0000   15.0000    0.0000 2918.9241   12.9440
    7.5000   15.0000    0.0000 2863.4165   13.3771
   -7.5000   22.5000    0.0000 2888.6267   13.3317
    0.0000   22.5000    0.0000 2900.4429   13.2807
    7.5000   22.5000    0.0000 2845.2651   13.6623
   -7.5000   30.0000    0.0000 2825.3223   13.9688
    0.0000   30.0000    0.0000 2839.1292   13.8848
    7.5000   30.0000    0.0000 2789.4719   14.2425
   -7.5000   37.5000    0.0000 2729.2100   14.8718
    0.0000   37.5000    0.0000 2742.9641   14.7680
    7.5000   37.5000    0.0000 2695.3840   15.0966
   -7.5000   45.0000    0.0000 2600.8081   16.0794
    0.0000   45.0000    0.0000 2612.4741   15.9888
    7.5000   45.0000    0.0000 2571.0383   16.2967
   -7.5000  -45.0000    7.5000 2665.6372   15.0572
    0.0000  -45.0000    7.5000 2683.3315   14.9001
    7.5000  -45.0000    7.5000 2668.6543   15.1356
   -7.5000  -37.5000    7.5000 2683.1616   14.3533
    0.0000  -37.5000    7.5000 2703.5249   14.2385
    7.5000  -37.5000    7.5000 2681.0964   14.4936
   -7.5000  -30.0000    7.5000 2707.4148   13.7148
    0.0000  -30.0000    7.5000 2724.4885   13.6384
    7.5000  -30.0000    7.5000 2699.2402   13.9225
   -7.5000  -22.5000    7.5000 2738.8384   13.2593
    0.0000  -22.5000    7.5000 2753.0071   13.1880
    7.5000  -22.5000    7.5000 2728.4829   13.4922
   -7.5000  -15.0000    7.5000 2772.8972   12.9545
    0.0000  -15.0000    7.5000 2786.9119   12.8720
    7.5000  -15.0000    7.5000 2762.1731   13.2147
   -7.5000   -7.5000    7.5000 2815.3596   12.8445
    0.0000   -7.5000    7.5000 2835.1484   12.7400
    7.5000   -7.5000    7.5000 2799.1914   13.0427
   -7.5000    0.0000    7.5000 2861.7397   12.8608
    0.0000    0.0000    7.5000 2884.0266   12.7543
    7.5000    0.0000    7.5000 2837.1196   13.0302
   -7.5000    7.5000    7.5000 2900.8123   12.9470
    0.0000    7.5000    7.5000 2929.7300   12.8262
    7.5000    7.5000    7.5000 2872.6929   13.1327
   -7.5000   15.0000    7.5000 2919.4971   13.0286
    0.0000   15.0000    7.5000 2936.0269   12.8798
    7.5000   15.0000    7.5000 2874.7427   13.2426
   -7.5000   22.5000    7.5000 2893.6047   13.2664
    0.0000   22.5000    7.5000 2903.8665   13.1226
    7.5000   22.5000    7.5000 2842.6616   13.4983
   -7.5000   30.0000    7.5000 2823.6646   13.8600
    0.0000   30.0000    7.5000 2838.1614   13.7548
    7.5000   30.0000    7.5000 2788.6982   14.0757
   -7.5000   37.5000    7.5000 2730.8716   14.7718
    0.0000   37.5000    7.5000 2743.0320   14.6927
    7.5000   37.5000    7.5000 2700.6541   14.9959
   -7.5000   45.0000    7.5000 2597.8752   15.9880
    0.0000   45.0000    7.5000 2613.5801   15.9250
    7.5000   45.0000    7.5000 2576.4158   16.2207
   -7.5000  -45.0000   15.0000 2656.1787   15.0227
    0.0000  -45.0000   15.0000 2685.7891   14.8629
    7.5000  -45.0000   15.0000 2664.8511   15.1315
   -7.5000  -37.5000   15.0000 2664.1790   14.3807
    0.0000  -37.5000   15.0000 2691.7876   14.2187
    7.5000  -37.5000   15.0000 2673.2773   14.5189
   -7.5000  -30.0000   15.0000 2678.7886   13.7903
    0.0000  -30.0000   15.0000 2698.1050   13.6349
    7.5000  -30.0000   15.0000 2677.8093   13.9992
   -7.5000  -22.5000   15.0000 2701.1602   13.4093
    0.0000  -22.5000   15.0000 2714.4380   13.2406
    7.5000  -22.5000   15.0000 2696.6580   13.6136
   -7.5000  -15.0000   15.0000 2735.3716   13.1731
    0.0000  -15.0000   15.0000 2751.6523   13.0251
    7.5000  -15.0000   15.0000 2724.8206   13.3603
   -7.5000   -7.5000   15.0000 2784.7454   13.0648
    0.0000   -7.5000   15.0000 2805.1772   12.9109
    7.5000   -7.5000   15.0000 2766.5930   13.1994
   -7.5000    0.0000   15.0000 2834.9861   13.0673
    0.0000    0.0000   15.0000 2862.0337   12.9373
    7.5000    0.0000   15.0000 2806.8489   13.1799
   -7.5000    7.5000   15.0000 2877.7112   13.1477
    0.0000    7.5000   15.0000 2907.6296   12.9970
    7.5000    7.5000   15.0000 2843.8237   13.2553
   -7.5000   15.0000   15.0000 2892.1094   13.1915
    0.0000   15.0000   15.0000 2913.8428   13.0249
    7.5000   15.0000   15.0000 2850.1975   13.3559
   -7.5000   22.5000   15.0000 2857.2449   13.5096
    0.0000   22.5000   15.0000 2875.6560   13.3930
    7.5000   22.5000   15.0000 2817.5750   13.6652
   -7.5000   30.0000   15.0000 2781.7292   14.1308
    0.0000   30.0000   15.0000 2801.5881   14.0765
    7.5000   30.0000   15.0000 2753.6707   14.3016
   -7.5000   37.5000   15.0000 2691.2842   15.0657
    0.0000   37.5000   15.0000 2706.0574   15.0074
    7.5000   37.5000   15.0000 2667.7747   15.2528
   -7.5000   45.0000   15.0000 2569.5361   16.2150
    0.0000   45.0000   15.0000 2584.3955   16.1736
    7.5000   45.0000   15.0000 2552.2373   16.4861
   -7.5000  -45.0000   22.5000 2630.7417   15.2517
    0.0000  -45.0000   22.5000 2660.0842   15.0362
    7.5000  -45.0000   22.5000 2639.7468   15.3188
   -7.5000  -37.5000   22.5000 2632.3711   14.6819
    0.0000  -37.5000   22.5000 2661.9744   14.4880
    7.5000  -37.5000   22.5000 2646.5940   14.8182
   -7.5000  -30.0000   22.5000 2637.5518   14.1768
    0.0000  -30.0000   22.5000 2661.7812   13.9944
    7.5000  -30.0000   22.5000 2645.2563   14.3592
   -7.5000  -22.5000   22.5000 2658.7124   13.8027
    0.0000  -22.5000   22.5000 2675.7969   13.6153
    7.5000  -22.5000   22.5000 2656.4204   13.9753
   -7.5000  -15.0000   22.5000 2691.3438   13.5524
    0.0000  -15.0000   22.5000 2707.7209   13.3567
    7.5000  -15.0000   22.5000 2678.9116   13.6808
   -7.5000   -7.5000   22.5000 2735.9895   13.3989
    0.0000   -7.5000   22.5000 2760.1846   13.2553
    7.5000   -7.5000   22.5000 2715.0266   13.4986
   -7.5000    0.0000   22.5000 2787.6187   13.3749
    0.0000    0.0000   22.5000 2812.9836   13.2522
    7.5000    0.0000   22.5000 2761.4458   13.5077
   -7.5000    7.5000   22.5000 2826.3037   13.4531
    0.0000    7.5000   22.5000 2849.8596   13.3263
    7.5000    7.5000   22.5000 2795.8633   13.6090
   -7.5000   15.0000   22.5000 2834.4934   13.5698
    0.0000   15.0000   22.5000 2851.8005   13.4448
    7.5000   15.0000   22.5000 2801.3933   13.7621
   -7.5000   22.5000   22.5000 2796.1941   13.9506
    0.0000   22.5000   22.5000 2817.8140   13.8915
    7.5000   22.5000   22.5000 2770.7988   14.1485
   -7.5000   30.0000   22.5000 2716.3931   14.6425
    0.0000   30.0000   22.5000 2742.6541   14.5821
    7.5000   30.0000   22.5000 2697.8650   14.8299
   -7.5000   37.5000   22.5000 2628.7185   15.5752
    0.0000   37.5000   22.5000 2648.3909   15.5132
    7.5000   37.5000   22.5000 2611.1045   15.7673
   -7.5000   45.0000   22.5000 2517.0569   16.7189
    0.0000   45.0000   22.5000 2533.0059   16.6562
    7.5000   45.0000   22.5000 2500.9917   16.9136
   -7.5000  -45.0000   30.0000 2586.5493   15.7850
    0.0000  -45.0000   30.0000 2613.4380   15.5588
    7.5000  -45.0000   30.0000 2596.9402   15.8097
   -7.5000  -37.5000   30.0000 2586.4817   15.2806
    0.0000  -37.5000   30.0000 2617.0491   15.0754
    7.5000  -37.5000   30.0000 2597.4634   15.3543
   -7.5000  -30.0000   30.0000 2583.5457   14.7620
    0.0000  -30.0000   30.0000 2608.6421   14.5772
    7.5000  -30.0000   30.0000 2594.4275   14.8920
   -7.5000  -22.5000   30.0000 2604.9995   14.3666
    0.0000  -22.5000   30.0000 2622.9216   14.1909
    7.5000  -22.5000   30.0000 2601.4736   14.4860
   -7.5000  -15.0000   30.0000 2631.7000   14.0599
    0.0000  -15.0000   30.0000 2650.7065   13.8906
    7.5000  -15.0000   30.0000 2622.6843   14.1822
   -7.5000   -7.5000   30.0000 2675.2671   13.9172
    0.0000   -7.5000   30.0000 2694.8506   13.7823
    7.5000   -7.5000   30.0000 2659.3755   14.0361
   -7.5000    0.0000   30.0000 2721.5403   13.8899
    0.0000    0.0000   30.0000 2744.4087   13.7899
    7.5000    0.0000   30.0000 2701.2258   14.0702
   -7.5000    7.5000   30.0000 2750.9448   14.0080
    0.0000    7.5000   30.0000 2771.1499   13.8840
    7.5000    7.5000   30.0000 2728.2534   14.1814
   -7.5000   15.0000   30.0000 2749.6106   14.2369
    0.0000   15.0000   30.0000 2761.5273   14.1285
    7.5000   15.0000   30.0000 2725.4675   14.4120
   -7.5000   22.5000   30.0000 2705.6221   14.7409
    0.0000   22.5000   30.0000 2726.1604   14.6332
    7.5000   22.5000   30.0000 2688.9905   14.8989
   -7.5000   30.0000   30.0000 2635.8506   15.4170
    0.0000   30.0000   30.0000 2658.9890   15.3479
    7.5000   30.0000   30.0000 2617.2939   15.5884
   -7.5000   37.5000   30.0000 2555.8560   16.2808
    0.0000   37.5000   30.0000 2575.2844   16.2373
    7.5000   37.5000   30.0000 2537.5779   16.4596
   -7.5000   45.0000   30.0000 2449.0244   17.4386
    0.0000   45.0000   30.0000 2467.9055   17.3392
    7.5000   45.0000   30.0000 2433.4741   17.6035
   -7.5000  -45.0000   37.5000 2524.1516   16.5113
    0.0000  -45.0000   37.5000 2544.2502   16.2598
    7.5000  -45.0000   37.5000 2533.4675   16.5134
   -7.5000  -37.5000   37.5000 2528.1724   15.9914
    0.0000  -37.5000   37.5000 2554.0657   15.7744
    7.5000  -37.5000   37.5000 2534.4775   16.0377
   -7.5000  -30.0000   37.5000 2533.0776   15.4935
    0.0000  -30.0000   37.5000 2553.2322   15.2735
    7.5000  -30.0000   37.5000 2536.3164   15.5643
   -7.5000  -22.5000   37.5000 2547.6509   15.0661
    0.0000  -22.5000   37.5000 2572.1062   14.8655
    7.5000  -22.5000   37.5000 2547.2146   15.1672
   -7.5000  -15.0000   37.5000 2569.0945   14.7703
    0.0000  -15.0000   37.5000 2593.6909   14.6075
    7.5000  -15.0000   37.5000 2567.8887   14.9064
   -7.5000   -7.5000   37.5000 2606.6270   14.6581
    0.0000   -7.5000   37.5000 2635.7046   14.5166
    7.5000   -7.5000   37.5000 2600.0457   14.7913
   -7.5000    0.0000   37.5000 2641.4895   14.6346
    0.0000    0.0000   37.5000 2670.5120   14.5322
    7.5000    0.0000   37.5000 2630.7693   14.8121
   -7.5000    7.5000   37.5000 2664.0432   14.7657
    0.0000    7.5000   37.5000 2684.6660   14.6814
    7.5000    7.5000   37.5000 2642.5315   14.9516
   -7.5000   15.0000   37.5000 2648.8699   15.0973
    0.0000   15.0000   37.5000 2668.1477   15.0058
    7.5000   15.0000   37.5000 2628.3799   15.2671
   -7.5000   22.5000   37.5000 2610.9150   15.6797
    0.0000   22.5000   37.5000 2628.7334   15.5686
    7.5000   22.5000   37.5000 2594.8799   15.8185
   -7.5000   30.0000   37.5000 2546.7456   16.3670
    0.0000   30.0000   37.5000 2566.7263   16.2967
    7.5000   30.0000   37.5000 2531.4290   16.5502
   -7.5000   37.5000   37.5000 2470.7019   17.2433
    0.0000   37.5000   37.5000 2490.7385   17.1937
    7.5000   37.5000   37.5000 2456.2222   17.4374
   -7.5000   45.0000   37.5000 2376.8115   18.3410
    0.0000   45.0000   37.5000 2396.8213   18.2667
    7.5000   45.0000   37.5000 2366.3716   18.5325
   -7.5000  -45.0000   45.0000 2439.5083   17.3974
    0.0000  -45.0000   45.0000 2468.7771   17.0765
    7.5000  -45.0000   45.0000 2462.6357   17.3314
   -7.5000  -37.5000   45.0000 2456.5073   16.8205
    0.0000  -37.5000   45.0000 2488.4971   16.5007
    7.5000  -37.5000   45.0000 2471.6609   16.7943
   -7.5000  -30.0000   45.0000 2468.7434   16.3604
    0.0000  -30.0000   45.0000 2494.3091   16.0825
    7.5000  -30.0000   45.0000 2471.3647   16.3477
   -7.5000  -22.5000   45.0000 2488.6799   15.9375
    0.0000  -22.5000   45.0000 2512.4529   15.7133
    7.5000  -22.5000   45.0000 2488.4333   16.0056
   -7.5000  -15.0000   45.0000 2504.3916   15.6836
    0.0000  -15.0000   45.0000 2533.8540   15.4526
    7.5000  -15.0000   45.0000 2508.5059   15.7779
   -7.5000   -7.5000   45.0000 2525.4836   15.5576
    0.0000   -7.5000   45.0000 2558.5105   15.3984
    7.5000   -7.5000   45.0000 2525.1335   15.6665
   -7.5000    0.0000   45.0000 2548.6060   15.5580
    0.0000    0.0000   45.0000 2576.8386   15.4302
    7.5000    0.0000   45.0000 2538.1836   15.7059
   -7.5000    7.5000   45.0000 2558.4543   15.7518
    0.0000    7.5000   45.0000 2583.5642   15.6925
    7.5000    7.5000   45.0000 2542.3340   15.9204
   -7.5000   15.0000   45.0000 2539.1487   16.1536
    0.0000   15.0000   45.0000 2559.3726   16.0571
    7.5000   15.0000   45.0000 2521.5073   16.3017
   -7.5000   22.5000   45.0000 2506.0037   16.7849
    0.0000   22.5000   45.0000 2520.9973   16.6689
    7.5000   22.5000   45.0000 2490.9868   16.9137
   -7.5000   30.0000   45.0000 2454.0142   17.5395
    0.0000   30.0000   45.0000 2466.3831   17.4649
    7.5000   30.0000   45.0000 2438.7126   17.7024
   -7.5000   37.5000   45.0000 2381.7876   18.4405
    0.0000   37.5000   45.0000 2399.6838   18.3439
    7.5000   37.5000   45.0000 2372.3958   18.6092
   -7.5000   45.0000   45.0000 2292.5188   19.5067
    0.0000   45.0000   45.0000 2308.8540   19.4355
    7.5000   45.0000   45.0000 2287.0090   19.6750

---------------------------------------------------------------------
imgreg_4dfp /opt/freesurfer/average/711-2C_as_mni_average_305 /opt/freesurfer/average/711-2B_as_mni_average_305_mask talsrcimg_g11 none talsrcimg_to_711-2C_as_mni_average_305_t4 1283
---------------------------------------------------------------------

freesurfer imgreg_4dfp.c
/opt/freesurfer/average/711-2C_as_mni_average_305.4dfp.img
       256       256       256         1
  1.000000  1.000000  1.000000
orientation T byte_order littleendian
Reading image: /opt/freesurfer/average/711-2C_as_mni_average_305.4dfp.img
dimensions:      256       256       256
mmppix:       1.0000   -1.0000   -1.0000
center:     128.0000 -129.0000 -129.0000
/opt/freesurfer/average/711-2B_as_mni_average_305_mask.4dfp.img
       256       256       256         1
  1.000000  1.000000  1.000000
orientation T byte_order littleendian
Reading mask: /opt/freesurfer/average/711-2B_as_mni_average_305_mask.4dfp.img (2306576 pixels)
talsrcimg_g11.4dfp.img
       256       256       256         1
  1.000000  1.000000  1.000000
orientation T byte_order littleendian
Reading image: talsrcimg_g11.4dfp.img
dimensions:      256       256       256
mmppix:       1.0000   -1.0000   -1.0000
center:     128.0000 -129.0000 -129.0000
rotation matrix determinant  1.000000
fimgreg.f
image alignment mode   1283 decimal      503 hex
parameters
    0.0000   15.0000    7.5000    0.0000    0.0000    0.0000
eta,q 0.91907 12.95789
niter,ni,del,rscale     5    3   12.0000    1.2000
parameter  4 -1.880242 ->  0.500000 qaram    1.1500
parameters
   -2.7168   14.6958    7.3665   -3.4500   -1.3817    2.3420
eta,q 0.92711 12.93309
  0.0841  0.0832  0.0854  0.0681  0.0772  0.0777
  0.0805  0.0824  0.0832  0.0722  0.0751  0.0752
  0.0798  0.0811  0.0808  0.0762  0.0734  0.0739
  0.0823  0.0794  0.0793  0.0793  0.0734  0.0731
  0.0874  0.0798  0.0804  0.0826  0.0760  0.0729
  0.0919  0.0822  0.0831  0.0845  0.0793  0.0731
  0.0978  0.0852  0.0865  0.0862  0.0813  0.0735
niter,ni,del,rscale     5    3   12.0000    1.2000
parameter  4  2.910583 ->  0.500000 qaram    1.3225
parameters
   -1.5257   15.8280    7.3921   -7.4175   -3.2604    2.0920
eta,q 0.93760 12.77981
  0.0886  0.0784  0.0792  0.0605  0.0654  0.0671
  0.0803  0.0760  0.0757  0.0625  0.0625  0.0644
  0.0756  0.0747  0.0727  0.0655  0.0624  0.0628
  0.0729  0.0723  0.0708  0.0708  0.0632  0.0624
  0.0725  0.0701  0.0717  0.0773  0.0646  0.0630
  0.0752  0.0716  0.0749  0.0831  0.0680  0.0646
  0.0793  0.0765  0.0799  0.0864  0.0724  0.0683
niter,ni,del,rscale     5    3   12.0000    1.2000
parameter  4  0.984335 ->  0.500000 qaram    1.5209
parameters
   -1.1048   15.8099    6.8948  -11.9801   -3.0159    2.2742
eta,q 0.94049 12.89534
  0.0754  0.0729  0.0701  0.0560  0.0640  0.0642
  0.0684  0.0673  0.0660  0.0590  0.0616  0.0613
  0.0641  0.0638  0.0632  0.0598  0.0601  0.0598
  0.0624  0.0624  0.0624  0.0623  0.0595  0.0595
  0.0634  0.0631  0.0640  0.0674  0.0598  0.0601
  0.0667  0.0669  0.0678  0.0744  0.0609  0.0613
  0.0719  0.0736  0.0735  0.0821  0.0635  0.0633
niter,ni,del,rscale     5    3   12.0000    1.2000
parameter  4  0.852880 ->  0.500000 qaram    1.7490
parameters
   -1.2975   15.5452    4.2796  -17.2272   -2.4090    2.9502
eta,q 0.94787 12.72200
  0.0695  0.0660  0.0600  0.0527  0.0588  0.0589
  0.0640  0.0605  0.0577  0.0518  0.0549  0.0557
  0.0603  0.0582  0.0573  0.0535  0.0525  0.0537
  0.0595  0.0594  0.0592  0.0571  0.0521  0.0523
  0.0612  0.0605  0.0617  0.0621  0.0530  0.0522
  0.0648  0.0623  0.0648  0.0676  0.0540  0.0539
  0.0707  0.0659  0.0695  0.0749  0.0559  0.0568
niter,ni,del,rscale     5    3   12.0000    1.2000
parameter  4  0.562466 ->  0.500000 qaram    2.0114
parameters
   -1.5221   18.2151    3.2501  -23.2612   -2.1278    2.6852
eta,q 0.95579 12.76493
  0.0644  0.0671  0.0571  0.0495  0.0521  0.0512
  0.0573  0.0608  0.0514  0.0444  0.0491  0.0472
  0.0534  0.0556  0.0488  0.0452  0.0461  0.0450
  0.0521  0.0521  0.0501  0.0491  0.0443  0.0442
  0.0539  0.0503  0.0528  0.0555  0.0445  0.0450
  0.0594  0.0506  0.0568  0.0625  0.0471  0.0481
  0.0659  0.0532  0.0630  0.0689  0.0518  0.0528
niter,ni,del,rscale     5    3   12.0000    1.2000
parameters
   -1.4532   19.7560    1.8022  -23.5598   -2.5206    2.9039
eta,q 0.95865 12.76060
  0.0625  0.0637  0.0515  0.0614  0.0476  0.0493
  0.0538  0.0553  0.0449  0.0540  0.0446  0.0452
  0.0473  0.0488  0.0415  0.0452  0.0423  0.0427
  0.0442  0.0442  0.0430  0.0414  0.0414  0.0414
  0.0458  0.0433  0.0485  0.0459  0.0429  0.0415
  0.0528  0.0464  0.0555  0.0540  0.0458  0.0439
  0.0624  0.0509  0.0634  0.0643  0.0494  0.0488
niter,ni,del,rscale     4    3   12.0000    1.2000
parameters
   -1.4011   19.7655    1.6631  -23.6338   -2.6565    2.9069
eta,q 0.95865 12.76044
  0.0598  0.0560  0.0567  0.0615  0.0480  0.0489
  0.0505  0.0483  0.0490  0.0548  0.0448  0.0448
  0.0440  0.0427  0.0433  0.0457  0.0426  0.0425
  0.0413  0.0414  0.0414  0.0413  0.0413  0.0413
  0.0436  0.0442  0.0444  0.0453  0.0425  0.0417
  0.0502  0.0487  0.0505  0.0531  0.0453  0.0443
  0.0592  0.0550  0.0576  0.0636  0.0487  0.0494
niter,ni,del,rscale     3    3   12.0000    1.2000
parameters
   -1.3538   19.7690    1.6220  -23.6432   -2.7176    2.9077
eta,q 0.95864 12.76096
  0.0596  0.0559  0.0571  0.0616  0.0482  0.0489
  0.0505  0.0481  0.0494  0.0550  0.0449  0.0448
  0.0439  0.0426  0.0435  0.0458  0.0426  0.0425
  0.0413  0.0414  0.0414  0.0414  0.0414  0.0414
  0.0435  0.0442  0.0441  0.0453  0.0424  0.0417
  0.0501  0.0487  0.0501  0.0528  0.0451  0.0444
  0.0591  0.0550  0.0571  0.0634  0.0485  0.0494
niter,ni,del,rscale     2    3   12.0000    1.2000
parameters
   -1.3324   19.7699    1.6096  -23.6388   -2.7458    2.9077
eta,q 0.95864 12.76120
  0.0594  0.0559  0.0572  0.0616  0.0482  0.0489
  0.0503  0.0481  0.0495  0.0550  0.0449  0.0448
  0.0439  0.0426  0.0435  0.0459  0.0426  0.0424
  0.0414  0.0414  0.0414  0.0414  0.0414  0.0414
  0.0436  0.0442  0.0440  0.0452  0.0423  0.0417
  0.0502  0.0487  0.0500  0.0527  0.0451  0.0444
  0.0592  0.0550  0.0569  0.0633  0.0484  0.0494
registration optimization eta report
parameter search radius
    6.0000    6.0000    6.0000   12.0681    6.0000    6.0000
100000*second partial in parameter space
       49.       38.       42.       14.       19.       22.
  0.0594  0.0559  0.0572  0.0616  0.0482  0.0489
  0.0503  0.0481  0.0495  0.0550  0.0449  0.0448
  0.0439  0.0426  0.0435  0.0459  0.0426  0.0424
  0.0414  0.0414  0.0414  0.0414  0.0414  0.0414
  0.0436  0.0442  0.0440  0.0452  0.0423  0.0417
  0.0502  0.0487  0.0500  0.0527  0.0451  0.0444
  0.0592  0.0550  0.0569  0.0633  0.0484  0.0494
   -1.3324   19.7699    1.6096  -23.6388   -2.7458    2.9077
eta,q 0.95864 12.76120

---------------------------------------------------------------------
imgreg_4dfp /opt/freesurfer/average/711-2C_as_mni_average_305 /opt/freesurfer/average/711-2B_as_mni_average_305_mask talsrcimg_g11 none talsrcimg_to_711-2C_as_mni_average_305_t4 3335
---------------------------------------------------------------------

freesurfer imgreg_4dfp.c
/opt/freesurfer/average/711-2C_as_mni_average_305.4dfp.img
       256       256       256         1
  1.000000  1.000000  1.000000
orientation T byte_order littleendian
Reading image: /opt/freesurfer/average/711-2C_as_mni_average_305.4dfp.img
dimensions:      256       256       256
mmppix:       1.0000   -1.0000   -1.0000
center:     128.0000 -129.0000 -129.0000
/opt/freesurfer/average/711-2B_as_mni_average_305_mask.4dfp.img
       256       256       256         1
  1.000000  1.000000  1.000000
orientation T byte_order littleendian
Reading mask: /opt/freesurfer/average/711-2B_as_mni_average_305_mask.4dfp.img (2306576 pixels)
talsrcimg_g11.4dfp.img
       256       256       256         1
  1.000000  1.000000  1.000000
orientation T byte_order littleendian
Reading image: talsrcimg_g11.4dfp.img
dimensions:      256       256       256
mmppix:       1.0000   -1.0000   -1.0000
center:     128.0000 -129.0000 -129.0000
fimgreg.f
image alignment mode   3335 decimal      D07 hex
parameters
   -1.3324   19.7699    1.6096   -0.2434   -8.6062   -8.4960
   -6.5655    2.3489    5.0670   40.2679   -4.7905  -40.0509
eta,q 0.96119 12.70449
niter,ni,del,rscale     5    3    5.0000    1.2000
parameter  4  2.969434 ->  0.500000 qaram    1.1500
parameter  5  0.767022 ->  0.500000 qaram    1.1500
parameters
   -1.5610   20.0699    1.6167   -4.3834  -12.7462  -11.0063
   -5.8996    3.1083    5.8134   38.2719   -3.4117  -39.3538
eta,q 0.96955 12.41689
  0.0415  0.0422  0.0414  0.0295  0.0316  0.0329  0.0355  0.0378  0.0336  0.0324  0.0326  0.0332
  0.0398  0.0404  0.0399  0.0320  0.0312  0.0316  0.0333  0.0345  0.0322  0.0312  0.0317  0.0317
  0.0389  0.0393  0.0390  0.0352  0.0317  0.0309  0.0317  0.0321  0.0313  0.0306  0.0310  0.0308
  0.0388  0.0388  0.0387  0.0387  0.0328  0.0313  0.0309  0.0309  0.0308  0.0307  0.0305  0.0305
  0.0394  0.0388  0.0390  0.0426  0.0345  0.0331  0.0312  0.0311  0.0309  0.0319  0.0305  0.0306
  0.0407  0.0395  0.0399  0.0469  0.0367  0.0364  0.0323  0.0327  0.0315  0.0338  0.0308  0.0312
  0.0426  0.0408  0.0414  0.0516  0.0392  0.0407  0.0341  0.0356  0.0327  0.0363  0.0315  0.0322
niter,ni,del,rscale     6    3    5.0000    1.2000
parameter  4  0.947257 ->  0.500000 qaram    1.3225
parameters
   -1.3737   20.0462    1.1541   -9.1444  -12.0647  -11.2419
   -5.8661    3.0404    5.8354   37.6632   -4.1297  -40.3297
eta,q 0.97305 12.28096
  0.0353  0.0333  0.0319  0.0268  0.0308  0.0303  0.0310  0.0328  0.0295  0.0297  0.0282  0.0286
  0.0329  0.0317  0.0309  0.0269  0.0289  0.0288  0.0288  0.0296  0.0282  0.0283  0.0275  0.0275
  0.0312  0.0307  0.0304  0.0279  0.0277  0.0277  0.0275  0.0276  0.0274  0.0274  0.0271  0.0270
  0.0305  0.0304  0.0304  0.0303  0.0270  0.0270  0.0270  0.0270  0.0270  0.0270  0.0270  0.0270
  0.0307  0.0308  0.0310  0.0337  0.0271  0.0270  0.0275  0.0278  0.0273  0.0275  0.0273  0.0275
  0.0319  0.0318  0.0322  0.0377  0.0280  0.0285  0.0289  0.0298  0.0281  0.0289  0.0279  0.0284
  0.0341  0.0335  0.0337  0.0421  0.0299  0.0316  0.0308  0.0329  0.0295  0.0310  0.0287  0.0296
niter,ni,del,rscale     6    3    5.0000    1.2000
parameters
   -1.2782   20.0784    1.0406  -12.6245  -11.8012  -11.3419
   -6.0793    2.9867    5.7622   37.4899   -5.1573  -40.8853
eta,q 0.97344 12.12591
  0.0322  0.0301  0.0291  0.0284  0.0298  0.0297  0.0300  0.0322  0.0289  0.0296  0.0275  0.0284
  0.0295  0.0283  0.0278  0.0272  0.0282  0.0282  0.0281  0.0290  0.0277  0.0280  0.0269  0.0272
  0.0277  0.0273  0.0271  0.0266  0.0272  0.0273  0.0270  0.0271  0.0269  0.0270  0.0266  0.0266
  0.0269  0.0269  0.0269  0.0269  0.0266  0.0266  0.0266  0.0266  0.0266  0.0266  0.0266  0.0266
  0.0273  0.0273  0.0273  0.0288  0.0267  0.0265  0.0272  0.0274  0.0269  0.0270  0.0269  0.0270
  0.0289  0.0283  0.0282  0.0324  0.0278  0.0278  0.0284  0.0293  0.0277  0.0281  0.0274  0.0278
  0.0315  0.0299  0.0295  0.0369  0.0296  0.0306  0.0303  0.0322  0.0291  0.0300  0.0282  0.0289
niter,ni,del,rscale     5    3    5.0000    1.2000
parameters
   -1.2154   20.1285    1.0368  -13.2362  -11.9099  -11.4592
   -6.1512    3.0155    5.7006   37.5278   -5.3513  -41.0035
eta,q 0.97333 12.08585
  0.0314  0.0297  0.0289  0.0304  0.0296  0.0298  0.0301  0.0324  0.0290  0.0298  0.0278  0.0287
  0.0289  0.0280  0.0276  0.0285  0.0281  0.0282  0.0282  0.0292  0.0278  0.0282  0.0272  0.0275
  0.0272  0.0269  0.0268  0.0273  0.0271  0.0273  0.0271  0.0272  0.0270  0.0271  0.0268  0.0268
  0.0266  0.0266  0.0266  0.0266  0.0266  0.0267  0.0267  0.0267  0.0267  0.0267  0.0267  0.0267
  0.0270  0.0269  0.0268  0.0269  0.0268  0.0266  0.0271  0.0275  0.0269  0.0269  0.0269  0.0270
  0.0285  0.0278  0.0276  0.0288  0.0280  0.0278  0.0284  0.0294  0.0278  0.0280  0.0273  0.0277
  0.0310  0.0294  0.0288  0.0323  0.0300  0.0306  0.0303  0.0321  0.0291  0.0298  0.0279  0.0287
niter,ni,del,rscale     4    3    5.0000    1.2000
parameters
   -1.2056   20.1405    1.0256  -13.2539  -11.9370  -11.4774
   -6.1539    3.0262    5.6909   37.5477   -5.3727  -41.0338
eta,q 0.97332 12.08414
  0.0312  0.0297  0.0289  0.0309  0.0297  0.0298  0.0302  0.0324  0.0290  0.0298  0.0279  0.0288
  0.0288  0.0280  0.0276  0.0288  0.0282  0.0283  0.0283  0.0292  0.0278  0.0281  0.0272  0.0275
  0.0272  0.0270  0.0269  0.0275  0.0272  0.0273  0.0271  0.0272  0.0270  0.0271  0.0268  0.0268
  0.0267  0.0267  0.0267  0.0267  0.0267  0.0267  0.0267  0.0267  0.0267  0.0267  0.0267  0.0267
  0.0271  0.0270  0.0270  0.0267  0.0269  0.0266  0.0271  0.0275  0.0269  0.0270  0.0268  0.0270
  0.0287  0.0280  0.0277  0.0283  0.0280  0.0278  0.0283  0.0294  0.0278  0.0281  0.0273  0.0277
  0.0312  0.0296  0.0289  0.0316  0.0299  0.0305  0.0302  0.0322  0.0291  0.0299  0.0279  0.0287
registration optimization eta report
parameter search radius
    2.4000    2.4000    2.4000    9.5220    8.2800    7.2000
    7.2000    7.2000    7.2000    7.2000    7.2000    7.2000
100000*second partial in parameter space
       79.       52.       39.        5.        5.        7.
        7.       11.        5.        6.        2.        4.
  0.0312  0.0297  0.0289  0.0309  0.0297  0.0298  0.0302  0.0324  0.0290  0.0298  0.0279  0.0288
  0.0288  0.0280  0.0276  0.0288  0.0282  0.0283  0.0283  0.0292  0.0278  0.0281  0.0272  0.0275
  0.0272  0.0270  0.0269  0.0275  0.0272  0.0273  0.0271  0.0272  0.0270  0.0271  0.0268  0.0268
  0.0267  0.0267  0.0267  0.0267  0.0267  0.0267  0.0267  0.0267  0.0267  0.0267  0.0267  0.0267
  0.0271  0.0270  0.0270  0.0267  0.0269  0.0266  0.0271  0.0275  0.0269  0.0270  0.0268  0.0270
  0.0287  0.0280  0.0277  0.0283  0.0280  0.0278  0.0283  0.0294  0.0278  0.0281  0.0273  0.0277
  0.0312  0.0296  0.0289  0.0316  0.0299  0.0305  0.0302  0.0322  0.0291  0.0299  0.0279  0.0287
   -1.2056   20.1405    1.0256  -13.2539  -11.9370  -11.4774
   -6.1539    3.0262    5.6909   37.5477   -5.3727  -41.0338
eta,q 0.97332 12.08414

---------------------------------------------------------------------
imgreg_4dfp /opt/freesurfer/average/711-2C_as_mni_average_305 /opt/freesurfer/average/711-2B_as_mni_average_305_mask talsrcimg_g11 none talsrcimg_to_711-2C_as_mni_average_305_t4 2311
---------------------------------------------------------------------

freesurfer imgreg_4dfp.c
/opt/freesurfer/average/711-2C_as_mni_average_305.4dfp.img
       256       256       256         1
  1.000000  1.000000  1.000000
orientation T byte_order littleendian
Reading image: /opt/freesurfer/average/711-2C_as_mni_average_305.4dfp.img
dimensions:      256       256       256
mmppix:       1.0000   -1.0000   -1.0000
center:     128.0000 -129.0000 -129.0000
/opt/freesurfer/average/711-2B_as_mni_average_305_mask.4dfp.img
       256       256       256         1
  1.000000  1.000000  1.000000
orientation T byte_order littleendian
Reading mask: /opt/freesurfer/average/711-2B_as_mni_average_305_mask.4dfp.img (2306576 pixels)
talsrcimg_g11.4dfp.img
       256       256       256         1
  1.000000  1.000000  1.000000
orientation T byte_order littleendian
Reading image: talsrcimg_g11.4dfp.img
dimensions:      256       256       256
mmppix:       1.0000   -1.0000   -1.0000
center:     128.0000 -129.0000 -129.0000
fimgreg.f
image alignment mode   2311 decimal      907 hex
parameters
   -1.2056   20.1405    1.0256  -13.2539  -11.9370  -11.4774
   -6.1539    3.0262    5.6909   37.5477   -5.3727  -41.0338
eta,q 0.97332 12.08414
niter,ni,del,rscale     5    3    5.0000    0.8000
parameters
   -1.1892   20.1321    0.9967  -12.1707  -11.5998  -10.8358
   -6.2519    2.9968    5.7919   37.8988   -5.0604  -41.0957
eta,q 0.97362 12.19134
  0.0288  0.0280  0.0277  0.0281  0.0278  0.0282  0.0281  0.0292  0.0276  0.0282  0.0271  0.0274
  0.0277  0.0273  0.0271  0.0275  0.0272  0.0275  0.0272  0.0276  0.0270  0.0273  0.0267  0.0268
  0.0269  0.0268  0.0268  0.0270  0.0268  0.0270  0.0266  0.0266  0.0266  0.0267  0.0265  0.0265
  0.0267  0.0267  0.0267  0.0267  0.0265  0.0265  0.0264  0.0264  0.0264  0.0264  0.0264  0.0264
  0.0269  0.0268  0.0268  0.0265  0.0266  0.0264  0.0267  0.0268  0.0265  0.0265  0.0264  0.0266
  0.0276  0.0273  0.0272  0.0267  0.0269  0.0267  0.0273  0.0277  0.0269  0.0269  0.0266  0.0269
  0.0287  0.0280  0.0277  0.0273  0.0276  0.0277  0.0283  0.0292  0.0275  0.0278  0.0270  0.0274
niter,ni,del,rscale     4    3    5.0000    0.7000
parameters
   -1.2057   20.1289    1.0112  -12.1330  -11.6252  -10.6106
   -6.2416    2.9643    5.8624   37.9862   -4.9540  -41.1405
eta,q 0.97365 12.20394
  0.0280  0.0275  0.0273  0.0273  0.0273  0.0277  0.0277  0.0285  0.0273  0.0276  0.0269  0.0272
  0.0271  0.0269  0.0268  0.0269  0.0268  0.0272  0.0270  0.0272  0.0268  0.0270  0.0266  0.0267
  0.0266  0.0265  0.0265  0.0266  0.0265  0.0267  0.0265  0.0265  0.0265  0.0265  0.0264  0.0264
  0.0264  0.0264  0.0264  0.0264  0.0264  0.0264  0.0264  0.0264  0.0264  0.0264  0.0263  0.0263
  0.0266  0.0265  0.0265  0.0264  0.0264  0.0263  0.0265  0.0267  0.0264  0.0264  0.0264  0.0265
  0.0272  0.0269  0.0268  0.0268  0.0268  0.0267  0.0270  0.0274  0.0267  0.0268  0.0266  0.0267
  0.0281  0.0275  0.0272  0.0274  0.0273  0.0277  0.0277  0.0285  0.0272  0.0276  0.0269  0.0272
niter,ni,del,rscale     3    3    5.0000    0.6000
parameters
   -1.2110   20.1353    1.0264  -12.0065  -11.6223  -10.4206
   -6.2552    2.9569    5.8972   38.0816   -4.8372  -41.1799
eta,q 0.97369 12.22068
  0.0276  0.0272  0.0270  0.0271  0.0270  0.0274  0.0274  0.0279  0.0270  0.0273  0.0267  0.0269
  0.0269  0.0267  0.0266  0.0268  0.0267  0.0269  0.0268  0.0270  0.0266  0.0268  0.0265  0.0266
  0.0265  0.0264  0.0264  0.0265  0.0264  0.0266  0.0264  0.0265  0.0264  0.0265  0.0264  0.0264
  0.0263  0.0264  0.0263  0.0263  0.0263  0.0263  0.0263  0.0263  0.0263  0.0263  0.0263  0.0263
  0.0265  0.0264  0.0264  0.0264  0.0264  0.0263  0.0264  0.0265  0.0264  0.0264  0.0264  0.0264
  0.0269  0.0267  0.0266  0.0266  0.0266  0.0266  0.0268  0.0271  0.0266  0.0267  0.0265  0.0266
  0.0276  0.0271  0.0270  0.0271  0.0270  0.0273  0.0274  0.0279  0.0270  0.0272  0.0267  0.0269
niter,ni,del,rscale     2    3    5.0000    0.5000
parameters
   -1.2156   20.1400    1.0399  -11.8981  -11.6128  -10.2351
   -6.2574    2.9486    5.9229   38.1636   -4.7177  -41.2072
eta,q 0.97370 12.23584
  0.0272  0.0269  0.0268  0.0269  0.0268  0.0271  0.0270  0.0274  0.0268  0.0270  0.0266  0.0267
  0.0267  0.0266  0.0265  0.0266  0.0265  0.0268  0.0266  0.0268  0.0265  0.0266  0.0264  0.0265
  0.0264  0.0264  0.0264  0.0264  0.0264  0.0265  0.0264  0.0264  0.0264  0.0264  0.0263  0.0263
  0.0263  0.0263  0.0263  0.0263  0.0263  0.0263  0.0263  0.0263  0.0263  0.0263  0.0263  0.0263
  0.0264  0.0264  0.0264  0.0263  0.0263  0.0263  0.0264  0.0264  0.0263  0.0263  0.0263  0.0264
  0.0267  0.0266  0.0265  0.0265  0.0265  0.0265  0.0266  0.0268  0.0265  0.0265  0.0264  0.0265
  0.0272  0.0269  0.0268  0.0269  0.0268  0.0270  0.0270  0.0274  0.0268  0.0269  0.0266  0.0267
niter,ni,del,rscale     1    3    5.0000    0.4000
parameters
   -1.2227   20.1462    1.0539  -11.7971  -11.6112  -10.0930
   -6.2508    2.9508    5.9689   38.2370   -4.6230  -41.2414
eta,q 0.97372 12.24821
  0.0269  0.0267  0.0266  0.0267  0.0266  0.0268  0.0268  0.0270  0.0266  0.0267  0.0265  0.0266
  0.0265  0.0265  0.0264  0.0265  0.0264  0.0266  0.0265  0.0266  0.0264  0.0265  0.0264  0.0264
  0.0264  0.0263  0.0263  0.0264  0.0263  0.0264  0.0263  0.0264  0.0263  0.0263  0.0263  0.0263
  0.0263  0.0263  0.0263  0.0263  0.0263  0.0263  0.0263  0.0263  0.0263  0.0263  0.0263  0.0263
  0.0264  0.0263  0.0263  0.0263  0.0263  0.0263  0.0263  0.0264  0.0263  0.0263  0.0263  0.0263
  0.0266  0.0265  0.0264  0.0264  0.0264  0.0265  0.0265  0.0266  0.0264  0.0264  0.0264  0.0264
  0.0269  0.0266  0.0266  0.0267  0.0266  0.0268  0.0268  0.0270  0.0266  0.0267  0.0265  0.0266
registration optimization eta report
parameter search radius
    0.8000    0.8000    0.8000    2.4000    2.4000    2.4000
    2.4000    2.4000    2.4000    2.4000    2.4000    2.4000
100000*second partial in parameter space
       89.       55.       48.        6.        5.        9.
        8.       13.        5.        7.        3.        5.
  0.0269  0.0267  0.0266  0.0267  0.0266  0.0268  0.0268  0.0270  0.0266  0.0267  0.0265  0.0266
  0.0265  0.0265  0.0264  0.0265  0.0264  0.0266  0.0265  0.0266  0.0264  0.0265  0.0264  0.0264
  0.0264  0.0263  0.0263  0.0264  0.0263  0.0264  0.0263  0.0264  0.0263  0.0263  0.0263  0.0263
  0.0263  0.0263  0.0263  0.0263  0.0263  0.0263  0.0263  0.0263  0.0263  0.0263  0.0263  0.0263
  0.0264  0.0263  0.0263  0.0263  0.0263  0.0263  0.0263  0.0264  0.0263  0.0263  0.0263  0.0263
  0.0266  0.0265  0.0264  0.0264  0.0264  0.0265  0.0265  0.0266  0.0264  0.0264  0.0264  0.0264
  0.0269  0.0266  0.0266  0.0267  0.0266  0.0268  0.0268  0.0270  0.0266  0.0267  0.0265  0.0266
   -1.2227   20.1462    1.0539  -11.7971  -11.6112  -10.0930
   -6.2508    2.9508    5.9689   38.2370   -4.6230  -41.2414
eta,q 0.97372 12.24821

---------------------------------------------------------------------
imgreg_4dfp /opt/freesurfer/average/711-2C_as_mni_average_305 /opt/freesurfer/average/711-2B_as_mni_average_305_mask talsrcimg_g11 none talsrcimg_to_711-2C_as_mni_average_305_t4 2311
---------------------------------------------------------------------

freesurfer imgreg_4dfp.c
/opt/freesurfer/average/711-2C_as_mni_average_305.4dfp.img
       256       256       256         1
  1.000000  1.000000  1.000000
orientation T byte_order littleendian
Reading image: /opt/freesurfer/average/711-2C_as_mni_average_305.4dfp.img
dimensions:      256       256       256
mmppix:       1.0000   -1.0000   -1.0000
center:     128.0000 -129.0000 -129.0000
/opt/freesurfer/average/711-2B_as_mni_average_305_mask.4dfp.img
       256       256       256         1
  1.000000  1.000000  1.000000
orientation T byte_order littleendian
Reading mask: /opt/freesurfer/average/711-2B_as_mni_average_305_mask.4dfp.img (2306576 pixels)
talsrcimg_g11.4dfp.img
       256       256       256         1
  1.000000  1.000000  1.000000
orientation T byte_order littleendian
Reading image: talsrcimg_g11.4dfp.img
dimensions:      256       256       256
mmppix:       1.0000   -1.0000   -1.0000
center:     128.0000 -129.0000 -129.0000
fimgreg.f
image alignment mode   2311 decimal      907 hex
parameters
   -1.2227   20.1462    1.0539  -11.7971  -11.6112  -10.0930
   -6.2508    2.9508    5.9689   38.2370   -4.6230  -41.2414
eta,q 0.97372 12.24820
niter,ni,del,rscale     5    3    5.0000    0.8000
parameters
   -1.2395   20.1594    1.0858  -12.2033  -11.8329  -10.5994
   -6.2018    2.9456    5.8777   37.9804   -4.9747  -41.0864
eta,q 0.97364 12.19347
  0.0285  0.0277  0.0276  0.0274  0.0274  0.0277  0.0281  0.0291  0.0275  0.0278  0.0269  0.0275
  0.0273  0.0269  0.0269  0.0269  0.0268  0.0271  0.0272  0.0275  0.0269  0.0270  0.0266  0.0268
  0.0265  0.0264  0.0264  0.0265  0.0265  0.0266  0.0266  0.0266  0.0265  0.0265  0.0264  0.0265
  0.0263  0.0263  0.0263  0.0263  0.0263  0.0263  0.0264  0.0264  0.0264  0.0264  0.0264  0.0264
  0.0265  0.0264  0.0264  0.0264  0.0264  0.0265  0.0265  0.0267  0.0265  0.0265  0.0265  0.0265
  0.0273  0.0269  0.0268  0.0270  0.0269  0.0273  0.0271  0.0276  0.0269  0.0272  0.0267  0.0268
  0.0286  0.0277  0.0274  0.0280  0.0277  0.0289  0.0281  0.0291  0.0276  0.0282  0.0271  0.0273
niter,ni,del,rscale     4    3    5.0000    0.7000
parameters
   -1.2112   20.1519    1.0486  -12.1036  -11.6694  -10.5733
   -6.2451    2.9577    5.8678   38.0074   -4.9456  -41.1219
eta,q 0.97366 12.20599
  0.0281  0.0274  0.0272  0.0273  0.0273  0.0276  0.0277  0.0285  0.0272  0.0276  0.0269  0.0272
  0.0272  0.0268  0.0267  0.0269  0.0268  0.0271  0.0270  0.0273  0.0268  0.0269  0.0266  0.0267
  0.0266  0.0265  0.0264  0.0266  0.0265  0.0266  0.0265  0.0265  0.0265  0.0265  0.0264  0.0264
  0.0264  0.0264  0.0264  0.0264  0.0263  0.0263  0.0263  0.0263  0.0263  0.0263  0.0263  0.0263
  0.0265  0.0265  0.0265  0.0264  0.0264  0.0264  0.0265  0.0266  0.0264  0.0264  0.0264  0.0265
  0.0271  0.0268  0.0268  0.0267  0.0267  0.0268  0.0270  0.0273  0.0267  0.0268  0.0266  0.0267
  0.0280  0.0274  0.0273  0.0274  0.0272  0.0278  0.0278  0.0284  0.0273  0.0276  0.0269  0.0271
niter,ni,del,rscale     3    3    5.0000    0.6000
parameters
   -1.2097   20.1428    1.0349  -12.0033  -11.6204  -10.4116
   -6.2560    2.9561    5.8959   38.0827   -4.8285  -41.1688
eta,q 0.97369 12.22125
  0.0276  0.0271  0.0270  0.0271  0.0270  0.0274  0.0274  0.0279  0.0270  0.0273  0.0267  0.0269
  0.0269  0.0267  0.0266  0.0268  0.0267  0.0269  0.0268  0.0270  0.0266  0.0268  0.0265  0.0266
  0.0265  0.0264  0.0264  0.0265  0.0264  0.0266  0.0264  0.0265  0.0264  0.0265  0.0264  0.0264
  0.0263  0.0263  0.0263  0.0263  0.0263  0.0263  0.0263  0.0263  0.0263  0.0263  0.0263  0.0263
  0.0265  0.0264  0.0264  0.0264  0.0264  0.0263  0.0264  0.0265  0.0264  0.0264  0.0264  0.0264
  0.0269  0.0267  0.0267  0.0266  0.0266  0.0266  0.0268  0.0271  0.0266  0.0267  0.0265  0.0266
  0.0276  0.0271  0.0270  0.0271  0.0270  0.0274  0.0274  0.0279  0.0270  0.0272  0.0267  0.0269
niter,ni,del,rscale     2    3    5.0000    0.5000
parameters
   -1.2165   20.1432    1.0425  -11.8929  -11.6040  -10.2290
   -6.2550    2.9516    5.9285   38.1682   -4.7043  -41.2005
eta,q 0.97371 12.23668
  0.0272  0.0269  0.0268  0.0269  0.0268  0.0271  0.0270  0.0274  0.0268  0.0270  0.0266  0.0267
  0.0267  0.0266  0.0265  0.0266  0.0265  0.0268  0.0266  0.0268  0.0265  0.0266  0.0264  0.0265
  0.0264  0.0264  0.0264  0.0264  0.0264  0.0265  0.0264  0.0264  0.0264  0.0264  0.0263  0.0263
  0.0263  0.0263  0.0263  0.0263  0.0263  0.0263  0.0263  0.0263  0.0263  0.0263  0.0263  0.0263
  0.0264  0.0264  0.0264  0.0263  0.0263  0.0263  0.0264  0.0264  0.0263  0.0263  0.0263  0.0264
  0.0267  0.0266  0.0265  0.0265  0.0265  0.0265  0.0266  0.0268  0.0265  0.0265  0.0264  0.0265
  0.0272  0.0269  0.0268  0.0269  0.0268  0.0270  0.0270  0.0274  0.0268  0.0269  0.0266  0.0267
niter,ni,del,rscale     1    3    5.0000    0.4000
parameters
   -1.2210   20.1490    1.0555  -11.7967  -11.6113  -10.0926
   -6.2477    2.9467    5.9574   38.2322   -4.6193  -41.2333
eta,q 0.97372 12.24804
  0.0269  0.0267  0.0266  0.0267  0.0266  0.0268  0.0268  0.0270  0.0266  0.0267  0.0265  0.0266
  0.0265  0.0265  0.0264  0.0265  0.0264  0.0266  0.0265  0.0266  0.0264  0.0265  0.0264  0.0264
  0.0264  0.0263  0.0263  0.0264  0.0263  0.0264  0.0263  0.0264  0.0263  0.0263  0.0263  0.0263
  0.0263  0.0263  0.0263  0.0263  0.0263  0.0263  0.0263  0.0263  0.0263  0.0263  0.0263  0.0263
  0.0264  0.0263  0.0263  0.0263  0.0263  0.0263  0.0263  0.0264  0.0263  0.0263  0.0263  0.0263
  0.0266  0.0264  0.0264  0.0264  0.0264  0.0265  0.0265  0.0266  0.0264  0.0264  0.0264  0.0264
  0.0269  0.0266  0.0266  0.0267  0.0266  0.0268  0.0268  0.0270  0.0266  0.0267  0.0265  0.0266
registration optimization eta report
parameter search radius
    0.8000    0.8000    0.8000    2.4000    2.4000    2.4000
    2.4000    2.4000    2.4000    2.4000    2.4000    2.4000
100000*second partial in parameter space
       89.       56.       48.        6.        5.        9.
        8.       13.        5.        7.        3.        5.
  0.0269  0.0267  0.0266  0.0267  0.0266  0.0268  0.0268  0.0270  0.0266  0.0267  0.0265  0.0266
  0.0265  0.0265  0.0264  0.0265  0.0264  0.0266  0.0265  0.0266  0.0264  0.0265  0.0264  0.0264
  0.0264  0.0263  0.0263  0.0264  0.0263  0.0264  0.0263  0.0264  0.0263  0.0263  0.0263  0.0263
  0.0263  0.0263  0.0263  0.0263  0.0263  0.0263  0.0263  0.0263  0.0263  0.0263  0.0263  0.0263
  0.0264  0.0263  0.0263  0.0263  0.0263  0.0263  0.0263  0.0264  0.0263  0.0263  0.0263  0.0263
  0.0266  0.0264  0.0264  0.0264  0.0264  0.0265  0.0265  0.0266  0.0264  0.0264  0.0264  0.0264
  0.0269  0.0266  0.0266  0.0267  0.0266  0.0268  0.0268  0.0270  0.0266  0.0267  0.0265  0.0266
   -1.2210   20.1490    1.0555  -11.7967  -11.6113  -10.0926
   -6.2477    2.9467    5.9574   38.2322   -4.6193  -41.2333
eta,q 0.97372 12.24804

---------------------------------------------------------------------
compute_vox2vox talsrcimg talsrcimg_to_711-2C_as_mni_average_305_t4 /opt/freesurfer/average/711-2C_as_mni_average_305
---------------------------------------------------------------------

freesurfer compute_vox2vox.c
Reading: talsrcimg.4dfp.ifh
Reading: talsrcimg_to_711-2C_as_mni_average_305_t4
Reading: /opt/freesurfer/average/711-2C_as_mni_average_305.4dfp.ifh
Writing: talsrcimg_to_711-2C_as_mni_average_305_t4_vox2vox.txt

start time Tue Mar 10 02:43:00 CET 2026
end		time Tue Mar 10 02:44:26 CET 2026

mpr2mni305 success

avi2talxfm orig_nu.mgz /opt/freesurfer/average/mni305.cor.mgz talsrcimg_to_711-2C_as_mni_average_305_t4_vox2vox.txt transforms/talairach.auto.xfm
avi2talxfm done
mv -f /out/sourcedata/freesurfer/sub-v1s4x0050700_ses-1/mri/talsrcimg_to_711-2C_as_mni_average_305_t4_vox2vox.txt /out/sourcedata/freesurfer/sub-v1s4x0050700_ses-1/mri/transforms/talsrcimg_to_711-2C_as_mni_average_305_t4_vox2vox.txt
lta_convert --src orig_nu.mgz --trg /opt/freesurfer/average/mni305.cor.mgz --inxfm transforms/talairach.auto.xfm --outlta transforms/talairach.auto.xfm.lta --subject fsaverage
7.3.2

--src: orig_nu.mgz src image (geometry).
--trg: /opt/freesurfer/average/mni305.cor.mgz trg image (geometry).
--inmni: transforms/talairach.auto.xfm input MNI/XFM transform.
--outlta: transforms/talairach.auto.xfm.lta output LTA.
--s: fsaverage subject name
 LTA read, type : 1
 1.12713  -0.05910   0.05210  -5.29175;
 0.01925   0.92713   0.43387  -7.95517;
-0.08429  -0.39704   0.94019   1.51649;
 0.00000   0.00000   0.00000   1.00000;
setting subject to fsaverage
Writing  LTA to file transforms/talairach.auto.xfm.lta...
lta_convert successful.
 
 
Started at Tue Mar 10 02:43:00 CET 2026
Ended   at Tue Mar 10 02:44:27 CET 2026
talairach_avi done
