status file for recon-all
Tue Mar 10 04:46:20 CET 2026
#@# Tessellate lh Tue Mar 10 04:46:20 CET 2026
#@# Smooth1 lh Tue Mar 10 04:46:24 CET 2026
#@# Inflation1 lh Tue Mar 10 04:46:27 CET 2026
#@# QSphere lh Tue Mar 10 04:46:45 CET 2026
#@# Fix Topology lh Tue Mar 10 04:48:05 CET 2026
#@# Smooth2 lh Tue Mar 10 04:54:25 CET 2026
#@# Inflation2 lh Tue Mar 10 04:54:28 CET 2026
#@# Curv .H and .K lh Tue Mar 10 04:54:45 CET 2026
#@# Sphere lh Tue Mar 10 04:55:39 CET 2026
#@# Surf Reg lh Tue Mar 10 05:01:04 CET 2026
#@# Jacobian white lh Tue Mar 10 05:06:03 CET 2026
#@# AvgCurv lh Tue Mar 10 05:06:04 CET 2026
#@# Cortical Parc lh Tue Mar 10 05:06:05 CET 2026
#@# white curv lh Tue Mar 10 05:14:01 CET 2026
#@# white area lh Tue Mar 10 05:14:03 CET 2026
#@# pial curv lh Tue Mar 10 05:14:04 CET 2026
#@# pial area lh Tue Mar 10 05:14:06 CET 2026
#@# thickness lh Tue Mar 10 05:14:07 CET 2026
#@# area and vertex vol lh Tue Mar 10 05:14:41 CET 2026
#@# Curvature Stats lh Tue Mar 10 05:14:43 CET 2026
#@# Cortical Parc 2 lh Tue Mar 10 05:14:46 CET 2026
#@# Cortical Parc 3 lh Tue Mar 10 05:15:02 CET 2026
#@# WM/GM Contrast lh Tue Mar 10 05:15:14 CET 2026
recon-all -s sub-v1s4x0050704_ses-1 finished without error at Tue Mar 10 05:15:18 CET 2026



#New# invocation of recon-all 



status file for recon-all
Tue Mar 10 05:47:42 CET 2026
#@# white curv lh Tue Mar 10 05:47:42 CET 2026
#@# white area lh Tue Mar 10 05:47:42 CET 2026
#@# pial curv lh Tue Mar 10 05:47:42 CET 2026
#@# pial area lh Tue Mar 10 05:47:42 CET 2026
#@# thickness lh Tue Mar 10 05:47:42 CET 2026
#@# area and vertex vol lh Tue Mar 10 05:47:42 CET 2026
#@# Parcellation Stats lh Tue Mar 10 05:47:42 CET 2026
#@# Parcellation Stats 2 lh Tue Mar 10 05:48:06 CET 2026
#@# Parcellation Stats 3 lh Tue Mar 10 05:48:19 CET 2026
#@# BA_exvivo Labels lh Tue Mar 10 05:48:31 CET 2026
recon-all -s sub-v1s4x0050704_ses-1 finished without error at Tue Mar 10 05:51:48 CET 2026
