status file for recon-all
Tue Mar 10 05:15:22 CET 2026
#@# Tessellate rh Tue Mar 10 05:15:22 CET 2026
#@# Smooth1 rh Tue Mar 10 05:15:26 CET 2026
#@# Inflation1 rh Tue Mar 10 05:15:30 CET 2026
#@# QSphere rh Tue Mar 10 05:15:44 CET 2026
#@# Fix Topology rh Tue Mar 10 05:17:07 CET 2026
#@# Smooth2 rh Tue Mar 10 05:23:47 CET 2026
#@# Inflation2 rh Tue Mar 10 05:23:50 CET 2026
#@# Curv .H and .K rh Tue Mar 10 05:24:08 CET 2026
#@# Sphere rh Tue Mar 10 05:25:02 CET 2026
#@# Surf Reg rh Tue Mar 10 05:27:59 CET 2026
#@# Jacobian white rh Tue Mar 10 05:32:50 CET 2026
#@# AvgCurv rh Tue Mar 10 05:32:51 CET 2026
#@# Cortical Parc rh Tue Mar 10 05:32:52 CET 2026
#@# white curv rh Tue Mar 10 05:40:50 CET 2026
#@# white area rh Tue Mar 10 05:40:53 CET 2026
#@# pial curv rh Tue Mar 10 05:40:54 CET 2026
#@# pial area rh Tue Mar 10 05:40:56 CET 2026
#@# thickness rh Tue Mar 10 05:40:57 CET 2026
#@# area and vertex vol rh Tue Mar 10 05:41:34 CET 2026
#@# Curvature Stats rh Tue Mar 10 05:41:36 CET 2026
#@# Cortical Parc 2 rh Tue Mar 10 05:41:38 CET 2026
#@# Cortical Parc 3 rh Tue Mar 10 05:41:54 CET 2026
#@# WM/GM Contrast rh Tue Mar 10 05:42:06 CET 2026
recon-all -s sub-v1s4x0050704_ses-1 finished without error at Tue Mar 10 05:42:11 CET 2026



#New# invocation of recon-all 



status file for recon-all
Tue Mar 10 05:51:51 CET 2026
#@# white curv rh Tue Mar 10 05:51:51 CET 2026
#@# white area rh Tue Mar 10 05:51:51 CET 2026
#@# pial curv rh Tue Mar 10 05:51:51 CET 2026
#@# pial area rh Tue Mar 10 05:51:51 CET 2026
#@# thickness rh Tue Mar 10 05:51:51 CET 2026
#@# area and vertex vol rh Tue Mar 10 05:51:51 CET 2026
#@# Parcellation Stats rh Tue Mar 10 05:51:51 CET 2026
#@# Parcellation Stats 2 rh Tue Mar 10 05:52:15 CET 2026
#@# Parcellation Stats 3 rh Tue Mar 10 05:52:28 CET 2026
#@# BA_exvivo Labels rh Tue Mar 10 05:52:40 CET 2026
recon-all -s sub-v1s4x0050704_ses-1 finished without error at Tue Mar 10 05:55:57 CET 2026
