/out/sourcedata/freesurfer/sub-v1s4x0050707_ses-1/mri
/opt/freesurfer/bin/talairach_avi
--i orig_nu.mgz --xfm transforms/talairach.auto.xfm
talairach_avi 7.3.2
Linux dna029 5.14.0-427.37.1.el9_4.x86_64 #1 SMP PREEMPT_DYNAMIC Fri Sep 13 12:41:50 EDT 2024 x86_64 x86_64 x86_64 GNU/Linux
Tue Mar 10 02:58:55 CET 2026
mri_convert orig_nu.mgz talsrcimg.img 
reading from orig_nu.mgz...
TR=0.00, TE=0.00, TI=0.00, flip angle=0.00
i_ras = (-1, -5.82077e-10, 0)
j_ras = (-1.86265e-09, -3.72529e-09, -1)
k_ras = (5.82077e-10, 1, -3.72529e-09)
writing to talsrcimg.img...
Analyze Output Matrix
-1.00000  -0.00000   0.00000   129.91678;
-0.00000  -0.00000   1.00000  -128.96497;
 0.00000  -1.00000  -0.00000   109.14827;
 0.00000   0.00000   0.00000   1.00000;
--------------------
INFO: set hdr.hist.orient to -1
mpr2mni305 talsrcimg
Tue Mar 10 02:58:55 CET 2026
/opt/freesurfer/bin/mpr2mni305 talsrcimg
mpr2mni305 7.3.2
target=711-2C_as_mni_average_305

---------------------------------------------------------------------
analyzeto4dfp talsrcimg -O0 -y
---------------------------------------------------------------------

freesurfer ifh2hdr.c
Tue Mar 10 02:58:56 2026
Writing: talsrcimg.4dfp.hdr
freesurfer analyzeto4dfp.c
Reading: talsrcimg.hdr
header size 348 bytes
hdr.dime.datatype	offset=70	value=2
hdr.dime.bitpix		offset=72	value=8
hdr.hist.orient		offset=252	value=-1
dimensionality     4
dimensions       256       256       256         1
Reading: talsrcimg.img
Writing: talsrcimg.4dfp.img
Writing: talsrcimg.4dfp.ifh
ifh2hdr talsrcimg -r0to250
ori=2

---------------------------------------------------------------------
gauss_4dfp talsrcimg 1.1
---------------------------------------------------------------------

freesurfer gauss_4dfp.c
Reading: talsrcimg.4dfp.img
Writing: talsrcimg_g11.4dfp.img
image dimensions 256 256 256 padded to 288 288 288
processing volume 1freesurfer ifh2hdr.c
Tue Mar 10 02:58:57 2026
Writing: talsrcimg_g11.4dfp.hdr

Writing: talsrcimg_g11.4dfp.ifh
including: talsrcimg.4dfp.img.rec in talsrcimg_g11.4dfp.img.rec

---------------------------------------------------------------------
imgreg_4dfp /opt/freesurfer/average/711-2C_as_mni_average_305 none talsrcimg_g11 none talsrcimg_to_711-2C_as_mni_average_305_t4 4355
---------------------------------------------------------------------

freesurfer imgreg_4dfp.c
/opt/freesurfer/average/711-2C_as_mni_average_305.4dfp.img
       256       256       256         1
  1.000000  1.000000  1.000000
orientation T byte_order littleendian
Reading image: /opt/freesurfer/average/711-2C_as_mni_average_305.4dfp.img
dimensions:      256       256       256
mmppix:       1.0000   -1.0000   -1.0000
center:     128.0000 -129.0000 -129.0000
talsrcimg_g11.4dfp.img
       256       256       256         1
  1.000000  1.000000  1.000000
orientation T byte_order littleendian
Reading image: talsrcimg_g11.4dfp.img
dimensions:      256       256       256
mmppix:       1.0000   -1.0000   -1.0000
center:     128.0000 -129.0000 -129.0000
t4_read: open error in t4_sub.f l:  41 t4_file(1:l)talsrcimg_to_711-2C_as_mni_average_305_t4 
t4_read: transform initialized to I4
rotation matrix determinant  1.000000
image alignment mode   4355 decimal     1103 hex
   -7.5000  -45.0000  -45.0000 8658.8574   18.0412
    0.0000  -45.0000  -45.0000 9095.4209   18.0449
    7.5000  -45.0000  -45.0000 8776.8994   18.0186
   -7.5000  -37.5000  -45.0000 9108.7441   17.9070
    0.0000  -37.5000  -45.0000 9579.7285   17.9119
    7.5000  -37.5000  -45.0000 9219.7764   17.8898
   -7.5000  -30.0000  -45.0000 9981.9414   17.9226
    0.0000  -30.0000  -45.000010477.8232   17.9236
    7.5000  -30.0000  -45.000010066.9258   17.8965
   -7.5000  -22.5000  -45.000010682.1338   17.9546
    0.0000  -22.5000  -45.000011220.1641   17.9497
    7.5000  -22.5000  -45.000010784.6631   17.9141
   -7.5000  -15.0000  -45.000011191.3516   17.9471
    0.0000  -15.0000  -45.000011744.6875   17.9401
    7.5000  -15.0000  -45.000011270.2832   17.9008
   -7.5000   -7.5000  -45.000011591.3896   17.9030
    0.0000   -7.5000  -45.000012171.3848   17.9003
    7.5000   -7.5000  -45.000011686.6064   17.8661
   -7.5000    0.0000  -45.000011851.3379   17.8663
    0.0000    0.0000  -45.000012423.6445   17.8697
    7.5000    0.0000  -45.000011940.2559   17.8441
   -7.5000    7.5000  -45.000011235.0781   17.8769
    0.0000    7.5000  -45.000011776.4092   17.8819
    7.5000    7.5000  -45.000011304.5146   17.8599
   -7.5000   15.0000  -45.000010606.1758   17.9336
    0.0000   15.0000  -45.000011100.3994   17.9349
    7.5000   15.0000  -45.000010615.2861   17.9078
   -7.5000   22.5000  -45.0000 9953.4297   18.2290
    0.0000   22.5000  -45.000010410.2832   18.2256
    7.5000   22.5000  -45.0000 9962.5830   18.1874
   -7.5000   30.0000  -45.0000 9278.3408   18.4560
    0.0000   30.0000  -45.0000 9725.9814   18.4505
    7.5000   30.0000  -45.0000 9293.6309   18.4047
   -7.5000   37.5000  -45.0000 9004.2197   18.9199
    0.0000   37.5000  -45.0000 9411.5312   18.9215
    7.5000   37.5000  -45.0000 8957.7178   18.8763
   -7.5000   45.0000  -45.0000 8362.8115   18.9368
    0.0000   45.0000  -45.0000 8714.4795   18.9467
    7.5000   45.0000  -45.0000 8288.1963   18.9174
   -7.5000  -45.0000  -37.5000 9208.9668   18.0599
    0.0000  -45.0000  -37.5000 9689.5312   18.0642
    7.5000  -45.0000  -37.5000 9339.2783   18.0436
   -7.5000  -37.5000  -37.5000 9731.3984   17.9178
    0.0000  -37.5000  -37.500010244.1699   17.9221
    7.5000  -37.5000  -37.5000 9856.3965   17.9055
   -7.5000  -30.0000  -37.500010646.3262   17.9297
    0.0000  -30.0000  -37.500011189.7686   17.9295
    7.5000  -30.0000  -37.500010745.7715   17.9111
   -7.5000  -22.5000  -37.500011416.9365   17.9671
    0.0000  -22.5000  -37.500012016.6396   17.9613
    7.5000  -22.5000  -37.500011527.4883   17.9373
   -7.5000  -15.0000  -37.500011947.9131   17.9672
    0.0000  -15.0000  -37.500012577.7461   17.9605
    7.5000  -15.0000  -37.500012075.4121   17.9332
   -7.5000   -7.5000  -37.500012384.5166   17.9252
    0.0000   -7.5000  -37.500013008.1953   17.9236
    7.5000   -7.5000  -37.500012491.1230   17.8984
   -7.5000    0.0000  -37.500012693.3594   17.8845
    0.0000    0.0000  -37.500013272.4893   17.8884
    7.5000    0.0000  -37.500012761.0615   17.8684
   -7.5000    7.5000  -37.500011994.9600   17.8877
    0.0000    7.5000  -37.500012582.7705   17.8920
    7.5000    7.5000  -37.500012052.5928   17.8755
   -7.5000   15.0000  -37.500011273.7021   17.9408
    0.0000   15.0000  -37.500011810.0684   17.9408
    7.5000   15.0000  -37.500011303.6279   17.9224
   -7.5000   22.5000  -37.500010531.6855   18.2399
    0.0000   22.5000  -37.500011031.1006   18.2353
    7.5000   22.5000  -37.500010567.9043   18.2096
   -7.5000   30.0000  -37.5000 9834.6279   18.4746
    0.0000   30.0000  -37.500010289.6084   18.4695
    7.5000   30.0000  -37.5000 9865.8408   18.4382
   -7.5000   37.5000  -37.5000 9543.9170   18.9391
    0.0000   37.5000  -37.5000 9920.3193   18.9421
    7.5000   37.5000  -37.5000 9509.7637   18.9089
   -7.5000   45.0000  -37.5000 8824.9951   18.9491
    0.0000   45.0000  -37.5000 9158.5000   18.9584
    7.5000   45.0000  -37.5000 8765.6514   18.9360
   -7.5000  -45.0000  -30.0000 9868.7139   18.8298
    0.0000  -45.0000  -30.000010414.3818   18.8394
    7.5000  -45.0000  -30.000010022.3545   18.8237
   -7.5000  -37.5000  -30.000010449.6201   18.6749
    0.0000  -37.5000  -30.000011045.4678   18.6809
    7.5000  -37.5000  -30.000010611.9746   18.6684
   -7.5000  -30.0000  -30.000011400.6270   18.6725
    0.0000  -30.0000  -30.000012012.9746   18.6731
    7.5000  -30.0000  -30.000011521.4229   18.6620
   -7.5000  -22.5000  -30.000012243.0049   18.7037
    0.0000  -22.5000  -30.000012855.8320   18.7021
    7.5000  -22.5000  -30.000012350.8779   18.6890
   -7.5000  -15.0000  -30.000012816.6846   18.7100
    0.0000  -15.0000  -30.000013459.4922   18.7108
    7.5000  -15.0000  -30.000012942.4863   18.6952
   -7.5000   -7.5000  -30.000013280.4258   18.6806
    0.0000   -7.5000  -30.000013973.2275   18.6869
    7.5000   -7.5000  -30.000013377.4629   18.6703
   -7.5000    0.0000  -30.000013579.8428   18.6468
    0.0000    0.0000  -30.000014255.2529   18.6561
    7.5000    0.0000  -30.000013663.4844   18.6408
   -7.5000    7.5000  -30.000012863.4688   18.6436
    0.0000    7.5000  -30.000013519.0449   18.6496
    7.5000    7.5000  -30.000012929.0400   18.6372
   -7.5000   15.0000  -30.000012088.6904   18.6844
    0.0000   15.0000  -30.000012679.2021   18.6850
    7.5000   15.0000  -30.000012105.6104   18.6739
   -7.5000   22.5000  -30.000011283.0029   18.9863
    0.0000   22.5000  -30.000011826.0977   18.9874
    7.5000   22.5000  -30.000011303.1064   18.9732
   -7.5000   30.0000  -30.000010521.9922   19.2428
    0.0000   30.0000  -30.000011027.9092   19.2486
    7.5000   30.0000  -30.000010541.0371   19.2323
   -7.5000   37.5000  -30.000010201.2393   19.7488
    0.0000   37.5000  -30.000010664.2979   19.7650
    7.5000   37.5000  -30.000010167.8457   19.7434
   -7.5000   45.0000  -30.0000 9408.7715   19.7878
    0.0000   45.0000  -30.0000 9803.1836   19.8040
    7.5000   45.0000  -30.0000 9375.6885   19.7879
   -7.5000  -45.0000  -22.500010552.0869   19.4188
    0.0000  -45.0000  -22.500011135.5107   19.4341
    7.5000  -45.0000  -22.500010722.6709   19.4162
   -7.5000  -37.5000  -22.500011175.9395   19.2626
    0.0000  -37.5000  -22.500011799.7617   19.2717
    7.5000  -37.5000  -22.500011334.6064   19.2564
   -7.5000  -30.0000  -22.500012143.7568   19.2477
    0.0000  -30.0000  -22.500012800.7393   19.2516
    7.5000  -30.0000  -22.500012280.0791   19.2375
   -7.5000  -22.5000  -22.500013019.0146   19.2632
    0.0000  -22.5000  -22.500013685.9512   19.2677
    7.5000  -22.5000  -22.500013122.8135   19.2526
   -7.5000  -15.0000  -22.500013656.0840   19.2657
    0.0000  -15.0000  -22.500014372.4619   19.2750
    7.5000  -15.0000  -22.500013747.0215   19.2580
   -7.5000   -7.5000  -22.500014150.6133   19.2495
    0.0000   -7.5000  -22.500014923.8438   19.2639
    7.5000   -7.5000  -22.500014259.5400   19.2456
   -7.5000    0.0000  -22.500014451.4766   19.2310
    0.0000    0.0000  -22.500015259.1123   19.2460
    7.5000    0.0000  -22.500014557.0342   19.2286
   -7.5000    7.5000  -22.500013709.4014   19.2304
    0.0000    7.5000  -22.500014478.0576   19.2396
    7.5000    7.5000  -22.500013768.6387   19.2243
   -7.5000   15.0000  -22.500012868.9648   19.2600
    0.0000   15.0000  -22.500013575.8896   19.2639
    7.5000   15.0000  -22.500012898.1934   19.2497
   -7.5000   22.5000  -22.500011989.5596   19.5548
    0.0000   22.5000  -22.500012658.0010   19.5643
    7.5000   22.5000  -22.500012020.3486   19.5477
   -7.5000   30.0000  -22.500011180.7451   19.8208
    0.0000   30.0000  -22.500011753.4766   19.8389
    7.5000   30.0000  -22.500011173.1309   19.8215
   -7.5000   37.5000  -22.500010789.6621   20.3655
    0.0000   37.5000  -22.500011306.4443   20.3955
    7.5000   37.5000  -22.500010762.3213   20.3728
   -7.5000   45.0000  -22.5000 9957.0850   20.4459
    0.0000   45.0000  -22.500010397.0459   20.4711
    7.5000   45.0000  -22.5000 9926.2549   20.4533
   -7.5000  -45.0000  -15.000011210.8271   19.8194
    0.0000  -45.0000  -15.000011809.4590   19.8365
    7.5000  -45.0000  -15.000011358.0996   19.8120
   -7.5000  -37.5000  -15.000011854.2432   19.6692
    0.0000  -37.5000  -15.000012512.0664   19.6811
    7.5000  -37.5000  -15.000012009.3223   19.6595
   -7.5000  -30.0000  -15.000012850.6982   19.6562
    0.0000  -30.0000  -15.000013512.4756   19.6631
    7.5000  -30.0000  -15.000012989.8281   19.6398
   -7.5000  -22.5000  -15.000013743.0420   19.6635
    0.0000  -22.5000  -15.000014446.7744   19.6708
    7.5000  -22.5000  -15.000013858.8477   19.6438
   -7.5000  -15.0000  -15.000014437.1045   19.6571
    0.0000  -15.0000  -15.000015206.6211   19.6684
    7.5000  -15.0000  -15.000014527.5371   19.6392
   -7.5000   -7.5000  -15.000014991.5469   19.6405
    0.0000   -7.5000  -15.000015842.5996   19.6562
    7.5000   -7.5000  -15.000015089.3848   19.6285
   -7.5000    0.0000  -15.000015274.1787   19.6286
    0.0000    0.0000  -15.000016218.8115   19.6454
    7.5000    0.0000  -15.000015420.0771   19.6217
   -7.5000    7.5000  -15.000014461.7949   19.6364
    0.0000    7.5000  -15.000015353.7090   19.6483
    7.5000    7.5000  -15.000014543.5449   19.6269
   -7.5000   15.0000  -15.000013545.8955   19.6685
    0.0000   15.0000  -15.000014403.0225   19.6756
    7.5000   15.0000  -15.000013617.8701   19.6522
   -7.5000   22.5000  -15.000012645.4805   19.9615
    0.0000   22.5000  -15.000013410.3838   19.9747
    7.5000   22.5000  -15.000012685.3916   19.9452
   -7.5000   30.0000  -15.000011771.2900   20.2263
    0.0000   30.0000  -15.000012431.9902   20.2470
    7.5000   30.0000  -15.000011777.6562   20.2145
   -7.5000   37.5000  -15.000011316.7070   20.7831
    0.0000   37.5000  -15.000011905.6768   20.8150
    7.5000   37.5000  -15.000011312.3330   20.7798
   -7.5000   45.0000  -15.000010469.5430   20.8854
    0.0000   45.0000  -15.000010943.4053   20.9139
    7.5000   45.0000  -15.000010449.9209   20.8883
   -7.5000  -45.0000   -7.500011860.7471   20.0539
    0.0000  -45.0000   -7.500012491.8643   20.0648
    7.5000  -45.0000   -7.500012000.7607   20.0354
   -7.5000  -37.5000   -7.500012524.1816   19.9081
    0.0000  -37.5000   -7.500013202.7129   19.9176
    7.5000  -37.5000   -7.500012677.6992   19.8919
   -7.5000  -30.0000   -7.500013543.9688   19.9116
    0.0000  -30.0000   -7.500014236.3613   19.9166
    7.5000  -30.0000   -7.500013676.5713   19.8857
   -7.5000  -22.5000   -7.500014457.7715   19.9292
    0.0000  -22.5000   -7.500015231.2568   19.9309
    7.5000  -22.5000   -7.500014601.5742   19.8921
   -7.5000  -15.0000   -7.500015158.9199   19.9175
    0.0000  -15.0000   -7.500016008.7676   19.9194
    7.5000  -15.0000   -7.500015253.2344   19.8773
   -7.5000   -7.5000   -7.500015766.4482   19.8841
    0.0000   -7.5000   -7.500016741.7715   19.8905
    7.5000   -7.5000   -7.500015924.2080   19.8532
   -7.5000    0.0000   -7.500016144.6279   19.8607
    0.0000    0.0000   -7.500017227.3730   19.8714
    7.5000    0.0000   -7.500016340.7803   19.8428
   -7.5000    7.5000   -7.500015287.2695   19.8748
    0.0000    7.5000   -7.500016312.1836   19.8844
    7.5000    7.5000   -7.500015375.3086   19.8588
   -7.5000   15.0000   -7.500014328.4268   19.9239
    0.0000   15.0000   -7.500015270.8867   19.9290
    7.5000   15.0000   -7.500014353.4834   19.8983
   -7.5000   22.5000   -7.500013326.7158   20.2285
    0.0000   22.5000   -7.500014212.4980   20.2341
    7.5000   22.5000   -7.500013347.8135   20.1923
   -7.5000   30.0000   -7.500012360.4756   20.4908
    0.0000   30.0000   -7.500013148.8955   20.4984
    7.5000   30.0000   -7.500012386.7471   20.4496
   -7.5000   37.5000   -7.500011875.8408   21.0294
    0.0000   37.5000   -7.500012575.2471   21.0463
    7.5000   37.5000   -7.500011878.1172   20.9977
   -7.5000   45.0000   -7.500010975.8760   21.1165
    0.0000   45.0000   -7.500011555.4404   21.1370
    7.5000   45.0000   -7.500010956.6885   21.1045
   -7.5000  -45.0000    0.000012390.4609   20.1501
    0.0000  -45.0000    0.000013055.2705   20.1540
    7.5000  -45.0000    0.000012530.2734   20.1244
   -7.5000  -37.5000    0.000013090.2314   20.0012
    0.0000  -37.5000    0.000013769.9922   20.0066
    7.5000  -37.5000    0.000013198.7275   19.9818
   -7.5000  -30.0000    0.000014093.8096   20.0185
    0.0000  -30.0000    0.000014809.3271   20.0195
    7.5000  -30.0000    0.000014213.0684   19.9890
   -7.5000  -22.5000    0.000015029.9326   20.0531
    0.0000  -22.5000    0.000015828.5322   20.0474
    7.5000  -22.5000    0.000015144.2559   20.0075
   -7.5000  -15.0000    0.000015694.7988   20.0439
    0.0000  -15.0000    0.000016580.6367   20.0357
    7.5000  -15.0000    0.000015850.3457   19.9917
   -7.5000   -7.5000    0.000016376.4746   19.9950
    0.0000   -7.5000    0.000017404.4746   19.9917
    7.5000   -7.5000    0.000016584.7188   19.9532
   -7.5000    0.0000    0.000016976.0820   19.9551
    0.0000    0.0000    0.000018218.4375   19.9588
    7.5000    0.0000    0.000017186.1875   19.9299
   -7.5000    7.5000    0.000016145.6543   19.9677
    0.0000    7.5000    0.000017356.9395   19.9732
    7.5000    7.5000    0.000016219.1406   19.9484
   -7.5000   15.0000    0.000015077.5332   20.0308
    0.0000   15.0000    0.000016158.1592   20.0320
    7.5000   15.0000    0.000015101.5576   20.0016
   -7.5000   22.5000    0.000013976.4951   20.3524
    0.0000   22.5000    0.000014965.2764   20.3484
    7.5000   22.5000    0.000014008.8633   20.3056
   -7.5000   30.0000    0.000012905.7334   20.6186
    0.0000   30.0000    0.000013817.9541   20.6121
    7.5000   30.0000    0.000012956.2607   20.5607
   -7.5000   37.5000    0.000012365.7676   21.1360
    0.0000   37.5000    0.000013190.3115   21.1374
    7.5000   37.5000    0.000012409.9355   21.0868
   -7.5000   45.0000    0.000011426.0273   21.1965
    0.0000   45.0000    0.000012114.9814   21.2073
    7.5000   45.0000    0.000011400.6152   21.1742
   -7.5000  -45.0000    7.500011984.6924   20.2088
    0.0000  -45.0000    7.500012624.3818   20.2136
    7.5000  -45.0000    7.500012082.1367   20.1906
   -7.5000  -37.5000    7.500012658.2109   20.0497
    0.0000  -37.5000    7.500013282.3877   20.0545
    7.5000  -37.5000    7.500012716.3320   20.0360
   -7.5000  -30.0000    7.500013587.0801   20.0630
    0.0000  -30.0000    7.500014235.1660   20.0628
    7.5000  -30.0000    7.500013646.0000   20.0422
   -7.5000  -22.5000    7.500014471.2959   20.1049
    0.0000  -22.5000    7.500015167.5615   20.0985
    7.5000  -22.5000    7.500014537.0322   20.0716
   -7.5000  -15.0000    7.500015155.3379   20.1051
    0.0000  -15.0000    7.500015907.8301   20.0976
    7.5000  -15.0000    7.500015244.8906   20.0670
   -7.5000   -7.5000    7.500015919.4150   20.0580
    0.0000   -7.5000    7.500016810.1582   20.0563
    7.5000   -7.5000    7.500016055.8457   20.0280
   -7.5000    0.0000    7.500016608.8203   20.0125
    0.0000    0.0000    7.500017822.0195   20.0169
    7.5000    0.0000    7.500016715.3145   19.9945
   -7.5000    7.5000    7.500015811.5605   20.0161
    0.0000    7.5000    7.500017041.3477   20.0209
    7.5000    7.5000    7.500015920.2285   20.0025
   -7.5000   15.0000    7.500014693.8281   20.0755
    0.0000   15.0000    7.500015861.7412   20.0755
    7.5000   15.0000    7.500014849.3379   20.0549
   -7.5000   22.5000    7.500013534.8086   20.4035
    0.0000   22.5000    7.500014568.8857   20.3985
    7.5000   22.5000    7.500013653.3379   20.3697
   -7.5000   30.0000    7.500012482.2764   20.6809
    0.0000   30.0000    7.500013401.4756   20.6751
    7.5000   30.0000    7.500012555.4072   20.6401
   -7.5000   37.5000    7.500011926.9521   21.2008
    0.0000   37.5000    7.500012718.4004   21.2042
    7.5000   37.5000    7.500011967.0410   21.1670
   -7.5000   45.0000    7.500011015.8848   21.2536
    0.0000   45.0000    7.500011657.8857   21.2641
    7.5000   45.0000    7.500010999.9492   21.2389
   -7.5000  -45.0000   15.000011554.4736   20.2200
    0.0000  -45.0000   15.000012114.2139   20.2304
    7.5000  -45.0000   15.000011607.0986   20.2135
   -7.5000  -37.5000   15.000012235.9463   20.0537
    0.0000  -37.5000   15.000012747.4834   20.0602
    7.5000  -37.5000   15.000012249.9014   20.0468
   -7.5000  -30.0000   15.000013141.8330   20.0512
    0.0000  -30.0000   15.000013660.3711   20.0518
    7.5000  -30.0000   15.000013121.8955   20.0399
   -7.5000  -22.5000   15.000013974.4502   20.0847
    0.0000  -22.5000   15.000014534.0137   20.0829
    7.5000  -22.5000   15.000013949.2568   20.0688
   -7.5000  -15.0000   15.000014639.7500   20.0914
    0.0000  -15.0000   15.000015301.1064   20.0923
    7.5000  -15.0000   15.000014648.8516   20.0755
   -7.5000   -7.5000   15.000015308.1416   20.0599
    0.0000   -7.5000   15.000016167.1943   20.0666
    7.5000   -7.5000   15.000015365.0410   20.0488
   -7.5000    0.0000   15.000015838.5264   20.0236
    0.0000    0.0000   15.000016990.4883   20.0336
    7.5000    0.0000   15.000015966.3916   20.0171
   -7.5000    7.5000   15.000015034.7666   20.0201
    0.0000    7.5000   15.000016265.5107   20.0266
    7.5000    7.5000   15.000015274.3584   20.0133
   -7.5000   15.0000   15.000014031.4326   20.0639
    0.0000   15.0000   15.000015184.7051   20.0646
    7.5000   15.0000   15.000014299.1992   20.0526
   -7.5000   22.5000   15.000012942.7979   20.3836
    0.0000   22.5000   15.000013956.5430   20.3848
    7.5000   22.5000   15.000013144.4473   20.3695
   -7.5000   30.0000   15.000011936.9307   20.6697
    0.0000   30.0000   15.000012793.3799   20.6759
    7.5000   30.0000   15.000012058.8037   20.6584
   -7.5000   37.5000   15.000011387.4287   21.2131
    0.0000   37.5000   15.000012079.0381   21.2305
    7.5000   37.5000   15.000011443.8018   21.2074
   -7.5000   45.0000   15.000010561.1230   21.2832
    0.0000   45.0000   15.000011087.9229   21.3006
    7.5000   45.0000   15.000010540.1582   21.2834
   -7.5000  -45.0000   22.500011066.8408   20.1583
    0.0000  -45.0000   22.500011569.3154   20.1742
    7.5000  -45.0000   22.500011101.9404   20.1555
   -7.5000  -37.5000   22.500011722.7842   19.9962
    0.0000  -37.5000   22.500012257.8271   20.0056
    7.5000  -37.5000   22.500011751.5830   19.9897
   -7.5000  -30.0000   22.500012574.6387   19.9807
    0.0000  -30.0000   22.500013159.7510   19.9847
    7.5000  -30.0000   22.500012573.3242   19.9700
   -7.5000  -22.5000   22.500013352.4541   19.9968
    0.0000  -22.5000   22.500013958.0830   20.0014
    7.5000  -22.5000   22.500013325.3496   19.9857
   -7.5000  -15.0000   22.500013968.5283   19.9994
    0.0000  -15.0000   22.500014593.8877   20.0090
    7.5000  -15.0000   22.500013941.0361   19.9913
   -7.5000   -7.5000   22.500014562.8613   19.9825
    0.0000   -7.5000   22.500015257.9971   19.9974
    7.5000   -7.5000   22.500014551.8066   19.9785
   -7.5000    0.0000   22.500014965.9316   19.9634
    0.0000    0.0000   22.500015742.4268   19.9789
    7.5000    0.0000   22.500014992.5908   19.9609
   -7.5000    7.5000   22.500014124.2695   19.9627
    0.0000    7.5000   22.500014862.4844   19.9722
    7.5000    7.5000   22.500014230.2305   19.9564
   -7.5000   15.0000   22.500013200.8242   19.9934
    0.0000   15.0000   22.500013853.6328   19.9975
    7.5000   15.0000   22.500013309.1104   19.9828
   -7.5000   22.5000   22.500012257.4531   20.2963
    0.0000   22.5000   22.500012864.5029   20.3062
    7.5000   22.5000   22.500012322.0762   20.2890
   -7.5000   30.0000   22.500011363.7842   20.5785
    0.0000   30.0000   22.500011940.5107   20.5973
    7.5000   30.0000   22.500011431.9141   20.5792
   -7.5000   37.5000   22.500010854.0771   21.1440
    0.0000   37.5000   22.500011365.2656   21.1752
    7.5000   37.5000   22.500010892.5625   21.1515
   -7.5000   45.0000   22.500010037.4580   21.2429
    0.0000   45.0000   22.500010489.7178   21.2691
    7.5000   45.0000   22.500010035.9131   21.2505
   -7.5000  -45.0000   30.000010409.2021   20.0919
    0.0000  -45.0000   30.000010910.3545   20.1092
    7.5000  -45.0000   30.000010433.6104   20.0844
   -7.5000  -37.5000   30.000011025.7012   19.9396
    0.0000  -37.5000   30.000011548.1025   19.9516
    7.5000  -37.5000   30.000011052.2559   19.9298
   -7.5000  -30.0000   30.000011809.6963   19.9264
    0.0000  -30.0000   30.000012342.5254   19.9334
    7.5000  -30.0000   30.000011796.8262   19.9097
   -7.5000  -22.5000   30.000012500.9600   19.9338
    0.0000  -22.5000   30.000013027.3721   19.9412
    7.5000  -22.5000   30.000012468.5859   19.9139
   -7.5000  -15.0000   30.000013034.9248   19.9273
    0.0000  -15.0000   30.000013606.0029   19.9388
    7.5000  -15.0000   30.000013014.7832   19.9092
   -7.5000   -7.5000   30.000013558.3105   19.9105
    0.0000   -7.5000   30.000014143.8955   19.9265
    7.5000   -7.5000   30.000013533.3672   19.8983
   -7.5000    0.0000   30.000013857.4629   19.8985
    0.0000    0.0000   30.000014464.6680   19.9155
    7.5000    0.0000   30.000013888.0967   19.8915
   -7.5000    7.5000   30.000013086.9746   19.9064
    0.0000    7.5000   30.000013629.3281   19.9184
    7.5000    7.5000   30.000013125.4180   19.8967
   -7.5000   15.0000   30.000012170.3291   19.9389
    0.0000   15.0000   30.000012684.7773   19.9460
    7.5000   15.0000   30.000012234.5967   19.9224
   -7.5000   22.5000   30.000011325.0361   20.2338
    0.0000   22.5000   30.000011782.2969   20.2471
    7.5000   22.5000   30.000011337.8506   20.2172
   -7.5000   30.0000   30.000010564.5430   20.5044
    0.0000   30.0000   30.000011014.1133   20.5254
    7.5000   30.0000   30.000010547.4902   20.4924
   -7.5000   37.5000   30.000010138.6719   21.0689
    0.0000   37.5000   30.000010566.9473   21.1012
    7.5000   37.5000   30.000010127.2109   21.0655
   -7.5000   45.0000   30.0000 9393.9287   21.1781
    0.0000   45.0000   30.0000 9785.9229   21.2070
    7.5000   45.0000   30.0000 9365.1670   21.1811
   -7.5000  -45.0000   37.500010042.2520   20.1831
    0.0000  -45.0000   37.500010496.8613   20.1943
    7.5000  -45.0000   37.500010054.4072   20.1647
   -7.5000  -37.5000   37.500010642.2197   20.0359
    0.0000  -37.5000   37.500011103.5889   20.0456
    7.5000  -37.5000   37.500010635.4170   20.0198
   -7.5000  -30.0000   37.500011410.3398   20.0397
    0.0000  -30.0000   37.500011894.7539   20.0449
    7.5000  -30.0000   37.500011388.1689   20.0139
   -7.5000  -22.5000   37.500012041.2998   20.0578
    0.0000  -22.5000   37.500012557.1182   20.0596
    7.5000  -22.5000   37.500012018.3652   20.0205
   -7.5000  -15.0000   37.500012550.5752   20.0458
    0.0000  -15.0000   37.500013112.0049   20.0479
    7.5000  -15.0000   37.500012536.5117   20.0053
   -7.5000   -7.5000   37.500012999.7480   20.0117
    0.0000   -7.5000   37.500013615.2529   20.0183
    7.5000   -7.5000   37.500013024.3428   19.9806
   -7.5000    0.0000   37.500013301.3262   19.9878
    0.0000    0.0000   37.500013918.1689   19.9988
    7.5000    0.0000   37.500013333.6064   19.9700
   -7.5000    7.5000   37.500012594.2090   20.0023
    0.0000    7.5000   37.500013109.9756   20.0121
    7.5000    7.5000   37.500012576.8330   19.9864
   -7.5000   15.0000   37.500011718.4600   20.0522
    0.0000   15.0000   37.500012210.0176   20.0575
    7.5000   15.0000   37.500011738.9814   20.0266
   -7.5000   22.5000   37.500010893.0527   20.3605
    0.0000   22.5000   37.500011343.7324   20.3662
    7.5000   22.5000   37.500010902.1475   20.3240
   -7.5000   30.0000   37.500010171.8750   20.6272
    0.0000   30.0000   37.500010591.5420   20.6351
    7.5000   30.0000   37.500010163.1885   20.5857
   -7.5000   37.5000   37.5000 9769.8877   21.1715
    0.0000   37.5000   37.500010175.0674   21.1888
    7.5000   37.5000   37.5000 9750.8018   21.1397
   -7.5000   45.0000   37.5000 9067.7451   21.2628
    0.0000   45.0000   37.5000 9426.3047   21.2838
    7.5000   45.0000   37.5000 9024.8750   21.2511
   -7.5000  -45.0000   45.0000 9184.0986   20.3194
    0.0000  -45.0000   45.0000 9601.8037   20.3231
    7.5000  -45.0000   45.0000 9209.4043   20.2933
   -7.5000  -37.5000   45.0000 9722.9727   20.1671
    0.0000  -37.5000   45.000010169.0361   20.1721
    7.5000  -37.5000   45.0000 9731.3301   20.1472
   -7.5000  -30.0000   45.000010444.3037   20.1849
    0.0000  -30.0000   45.000010923.6797   20.1855
    7.5000  -30.0000   45.000010424.6543   20.1548
   -7.5000  -22.5000   45.000011011.1797   20.2206
    0.0000  -22.5000   45.000011522.3330   20.2143
    7.5000  -22.5000   45.000011000.8184   20.1738
   -7.5000  -15.0000   45.000011482.5635   20.2111
    0.0000  -15.0000   45.000012029.1426   20.2023
    7.5000  -15.0000   45.000011475.0088   20.1577
   -7.5000   -7.5000   45.000011886.8652   20.1609
    0.0000   -7.5000   45.000012442.3906   20.1573
    7.5000   -7.5000   45.000011872.2520   20.1183
   -7.5000    0.0000   45.000012153.6650   20.1199
    0.0000    0.0000   45.000012701.3643   20.1233
    7.5000    0.0000   45.000012135.9912   20.0942
   -7.5000    7.5000   45.000011478.5166   20.1328
    0.0000    7.5000   45.000011977.5596   20.1379
    7.5000    7.5000   45.000011455.2314   20.1130
   -7.5000   15.0000   45.000010709.2441   20.1976
    0.0000   15.0000   45.000011178.4619   20.1984
    7.5000   15.0000   45.000010689.6748   20.1677
   -7.5000   22.5000   45.0000 9943.9863   20.5270
    0.0000   22.5000   45.000010363.3242   20.5224
    7.5000   22.5000   45.0000 9924.4609   20.4791
   -7.5000   30.0000   45.0000 9314.5117   20.8019
    0.0000   30.0000   45.0000 9713.8926   20.7949
    7.5000   30.0000   45.0000 9307.9873   20.7427
   -7.5000   37.5000   45.0000 8965.1484   21.3322
    0.0000   37.5000   45.0000 9372.9873   21.3333
    7.5000   37.5000   45.0000 8956.9199   21.2819
   -7.5000   45.0000   45.0000 8322.9014   21.4139
    0.0000   45.0000   45.0000 8679.4609   21.4246
    7.5000   45.0000   45.0000 8276.5430   21.3911

---------------------------------------------------------------------
imgreg_4dfp /opt/freesurfer/average/711-2C_as_mni_average_305 /opt/freesurfer/average/711-2B_as_mni_average_305_mask talsrcimg_g11 none talsrcimg_to_711-2C_as_mni_average_305_t4 4355
---------------------------------------------------------------------

freesurfer imgreg_4dfp.c
/opt/freesurfer/average/711-2C_as_mni_average_305.4dfp.img
       256       256       256         1
  1.000000  1.000000  1.000000
orientation T byte_order littleendian
Reading image: /opt/freesurfer/average/711-2C_as_mni_average_305.4dfp.img
dimensions:      256       256       256
mmppix:       1.0000   -1.0000   -1.0000
center:     128.0000 -129.0000 -129.0000
/opt/freesurfer/average/711-2B_as_mni_average_305_mask.4dfp.img
       256       256       256         1
  1.000000  1.000000  1.000000
orientation T byte_order littleendian
Reading mask: /opt/freesurfer/average/711-2B_as_mni_average_305_mask.4dfp.img (2306576 pixels)
talsrcimg_g11.4dfp.img
       256       256       256         1
  1.000000  1.000000  1.000000
orientation T byte_order littleendian
Reading image: talsrcimg_g11.4dfp.img
dimensions:      256       256       256
mmppix:       1.0000   -1.0000   -1.0000
center:     128.0000 -129.0000 -129.0000
rotation matrix determinant  1.000000
image alignment mode   4355 decimal     1103 hex
   -7.5000  -45.0000  -45.0000 2111.3892   24.3183
    0.0000  -45.0000  -45.0000 2139.5906   24.1434
    7.5000  -45.0000  -45.0000 2135.5312   24.0965
   -7.5000  -37.5000  -45.0000 2131.9863   23.6012
    0.0000  -37.5000  -45.0000 2156.9167   23.4087
    7.5000  -37.5000  -45.0000 2150.5962   23.4124
   -7.5000  -30.0000  -45.0000 2162.6758   23.1249
    0.0000  -30.0000  -45.0000 2183.1736   22.9474
    7.5000  -30.0000  -45.0000 2173.9199   22.9148
   -7.5000  -22.5000  -45.0000 2187.0413   22.6497
    0.0000  -22.5000  -45.0000 2205.9231   22.4734
    7.5000  -22.5000  -45.0000 2196.9771   22.4451
   -7.5000  -15.0000  -45.0000 2203.0183   22.2363
    0.0000  -15.0000  -45.0000 2222.4248   21.9951
    7.5000  -15.0000  -45.0000 2210.9497   22.0387
   -7.5000   -7.5000  -45.0000 2209.4009   21.8223
    0.0000   -7.5000  -45.0000 2233.0127   21.5632
    7.5000   -7.5000  -45.0000 2216.2205   21.6485
   -7.5000    0.0000  -45.0000 2209.8225   21.5145
    0.0000    0.0000  -45.0000 2234.2161   21.3176
    7.5000    0.0000  -45.0000 2214.6248   21.4726
   -7.5000    7.5000  -45.0000 2215.3723   21.4518
    0.0000    7.5000  -45.0000 2237.6992   21.2386
    7.5000    7.5000  -45.0000 2226.3701   21.4188
   -7.5000   15.0000  -45.0000 2222.2014   21.7251
    0.0000   15.0000  -45.0000 2238.0676   21.5264
    7.5000   15.0000  -45.0000 2217.3804   21.6740
   -7.5000   22.5000  -45.0000 2205.8367   22.4896
    0.0000   22.5000  -45.0000 2221.3782   22.2561
    7.5000   22.5000  -45.0000 2197.2776   22.4986
   -7.5000   30.0000  -45.0000 2160.9614   23.7211
    0.0000   30.0000  -45.0000 2180.3789   23.5166
    7.5000   30.0000  -45.0000 2154.4993   23.6810
   -7.5000   37.5000  -45.0000 2101.3467   25.2793
    0.0000   37.5000  -45.0000 2116.7834   25.1308
    7.5000   37.5000  -45.0000 2091.2498   25.2662
   -7.5000   45.0000  -45.0000 2014.8424   27.3518
    0.0000   45.0000  -45.0000 2032.3881   27.1936
    7.5000   45.0000  -45.0000 2008.5605   27.3879
   -7.5000  -45.0000  -37.5000 2203.9255   22.2015
    0.0000  -45.0000  -37.5000 2230.7151   22.0581
    7.5000  -45.0000  -37.5000 2232.9990   22.1151
   -7.5000  -37.5000  -37.5000 2229.5510   21.5450
    0.0000  -37.5000  -37.5000 2261.9973   21.3942
    7.5000  -37.5000  -37.5000 2255.5615   21.3713
   -7.5000  -30.0000  -37.5000 2261.2234   21.1067
    0.0000  -30.0000  -37.5000 2294.6663   20.9450
    7.5000  -30.0000  -37.5000 2285.1924   20.9539
   -7.5000  -22.5000  -37.5000 2289.3816   20.6865
    0.0000  -22.5000  -37.5000 2321.5347   20.5223
    7.5000  -22.5000  -37.5000 2308.9062   20.5812
   -7.5000  -15.0000  -37.5000 2310.2319   20.3578
    0.0000  -15.0000  -37.5000 2337.2905   20.1265
    7.5000  -15.0000  -37.5000 2322.1528   20.1960
   -7.5000   -7.5000  -37.5000 2314.0779   20.0700
    0.0000   -7.5000  -37.5000 2341.7898   19.8432
    7.5000   -7.5000  -37.5000 2324.8599   19.9616
   -7.5000    0.0000  -37.5000 2316.6047   19.8669
    0.0000    0.0000  -37.5000 2342.1921   19.5895
    7.5000    0.0000  -37.5000 2325.7786   19.8207
   -7.5000    7.5000  -37.5000 2319.5359   19.8150
    0.0000    7.5000  -37.5000 2345.6445   19.5979
    7.5000    7.5000  -37.5000 2325.3801   19.8377
   -7.5000   15.0000  -37.5000 2323.3516   20.0986
    0.0000   15.0000  -37.5000 2343.1384   19.8826
    7.5000   15.0000  -37.5000 2321.1699   20.1576
   -7.5000   22.5000  -37.5000 2300.4216   20.7950
    0.0000   22.5000  -37.5000 2318.0974   20.5714
    7.5000   22.5000  -37.5000 2297.4248   20.8850
   -7.5000   30.0000  -37.5000 2259.5615   21.8590
    0.0000   30.0000  -37.5000 2278.6311   21.6325
    7.5000   30.0000  -37.5000 2256.7175   21.8955
   -7.5000   37.5000  -37.5000 2197.8916   23.3141
    0.0000   37.5000  -37.5000 2208.9983   23.0957
    7.5000   37.5000  -37.5000 2186.2434   23.3410
   -7.5000   45.0000  -37.5000 2104.3679   25.1349
    0.0000   45.0000  -37.5000 2121.1790   24.9437
    7.5000   45.0000  -37.5000 2097.6431   25.2556
   -7.5000  -45.0000  -30.0000 2341.0496   20.9546
    0.0000  -45.0000  -30.0000 2373.8401   20.8222
    7.5000  -45.0000  -30.0000 2374.0010   20.8628
   -7.5000  -37.5000  -30.0000 2369.8345   20.3538
    0.0000  -37.5000  -30.0000 2411.6411   20.1853
    7.5000  -37.5000  -30.0000 2404.3540   20.2421
   -7.5000  -30.0000  -30.0000 2397.5540   19.9155
    0.0000  -30.0000  -30.0000 2434.2598   19.7823
    7.5000  -30.0000  -30.0000 2426.6614   19.8793
   -7.5000  -22.5000  -30.0000 2419.4470   19.5314
    0.0000  -22.5000  -30.0000 2457.1831   19.3903
    7.5000  -22.5000  -30.0000 2450.4434   19.5429
   -7.5000  -15.0000  -30.0000 2443.3167   19.2414
    0.0000  -15.0000  -30.0000 2472.5349   19.0235
    7.5000  -15.0000  -30.0000 2466.4265   19.1339
   -7.5000   -7.5000  -30.0000 2455.9380   19.0140
    0.0000   -7.5000  -30.0000 2487.2844   18.7886
    7.5000   -7.5000  -30.0000 2472.1475   18.8857
   -7.5000    0.0000  -30.0000 2468.5117   18.8710
    0.0000    0.0000  -30.0000 2491.7996   18.6578
    7.5000    0.0000  -30.0000 2475.0742   18.8436
   -7.5000    7.5000  -30.0000 2475.2966   18.9153
    0.0000    7.5000  -30.0000 2499.9500   18.7466
    7.5000    7.5000  -30.0000 2477.9341   18.9770
   -7.5000   15.0000  -30.0000 2476.3733   19.2225
    0.0000   15.0000  -30.0000 2495.3760   19.0681
    7.5000   15.0000  -30.0000 2469.5295   19.3612
   -7.5000   22.5000  -30.0000 2448.5203   19.9324
    0.0000   22.5000  -30.0000 2472.5137   19.7703
    7.5000   22.5000  -30.0000 2448.6594   20.0769
   -7.5000   30.0000  -30.0000 2404.6555   20.9168
    0.0000   30.0000  -30.0000 2430.4473   20.7407
    7.5000   30.0000  -30.0000 2399.4634   21.0376
   -7.5000   37.5000  -30.0000 2332.9275   22.2568
    0.0000   37.5000  -30.0000 2356.8743   22.1331
    7.5000   37.5000  -30.0000 2325.3369   22.3436
   -7.5000   45.0000  -30.0000 2227.8386   24.0236
    0.0000   45.0000  -30.0000 2253.1189   23.8173
    7.5000   45.0000  -30.0000 2227.5759   24.0933
   -7.5000  -45.0000  -22.5000 2445.7383   19.8986
    0.0000  -45.0000  -22.5000 2486.4414   19.6847
    7.5000  -45.0000  -22.5000 2487.4517   19.7233
   -7.5000  -37.5000  -22.5000 2474.3003   19.2480
    0.0000  -37.5000  -22.5000 2519.5791   19.0147
    7.5000  -37.5000  -22.5000 2515.7095   19.0575
   -7.5000  -30.0000  -22.5000 2503.3486   18.7521
    0.0000  -30.0000  -22.5000 2543.4241   18.5367
    7.5000  -30.0000  -22.5000 2537.1104   18.6082
   -7.5000  -22.5000  -22.5000 2532.9026   18.3444
    0.0000  -22.5000  -22.5000 2562.9690   18.1214
    7.5000  -22.5000  -22.5000 2558.6436   18.2601
   -7.5000  -15.0000  -22.5000 2557.0171   18.0425
    0.0000  -15.0000  -22.5000 2586.0471   17.8656
    7.5000  -15.0000  -22.5000 2577.3577   17.9532
   -7.5000   -7.5000  -22.5000 2576.2354   17.8212
    0.0000   -7.5000  -22.5000 2605.9807   17.6665
    7.5000   -7.5000  -22.5000 2593.8926   17.7576
   -7.5000    0.0000  -22.5000 2592.9204   17.7346
    0.0000    0.0000  -22.5000 2619.0320   17.5871
    7.5000    0.0000  -22.5000 2602.2427   17.7020
   -7.5000    7.5000  -22.5000 2607.7419   17.8356
    0.0000    7.5000  -22.5000 2635.0393   17.7267
    7.5000    7.5000  -22.5000 2608.7986   17.8942
   -7.5000   15.0000  -22.5000 2604.2722   18.2398
    0.0000   15.0000  -22.5000 2630.6199   18.1345
    7.5000   15.0000  -22.5000 2598.1897   18.3268
   -7.5000   22.5000  -22.5000 2577.0349   18.9030
    0.0000   22.5000  -22.5000 2605.0869   18.7917
    7.5000   22.5000  -22.5000 2575.2720   19.0255
   -7.5000   30.0000  -22.5000 2528.1326   19.8363
    0.0000   30.0000  -22.5000 2555.0854   19.6987
    7.5000   30.0000  -22.5000 2522.9490   19.9600
   -7.5000   37.5000  -22.5000 2447.5164   21.1409
    0.0000   37.5000  -22.5000 2471.8401   20.9796
    7.5000   37.5000  -22.5000 2442.4485   21.2056
   -7.5000   45.0000  -22.5000 2332.3125   22.8529
    0.0000   45.0000  -22.5000 2355.1726   22.6887
    7.5000   45.0000  -22.5000 2337.8679   22.9148
   -7.5000  -45.0000  -15.0000 2516.1013   18.9650
    0.0000  -45.0000  -15.0000 2558.3811   18.7189
    7.5000  -45.0000  -15.0000 2556.4800   18.7083
   -7.5000  -37.5000  -15.0000 2542.2837   18.2899
    0.0000  -37.5000  -15.0000 2592.1003   18.0366
    7.5000  -37.5000  -15.0000 2587.5925   18.0293
   -7.5000  -30.0000  -15.0000 2571.5186   17.7322
    0.0000  -30.0000  -15.0000 2612.2432   17.4993
    7.5000  -30.0000  -15.0000 2610.1658   17.5317
   -7.5000  -22.5000  -15.0000 2601.8960   17.3189
    0.0000  -22.5000  -15.0000 2633.7334   17.1162
    7.5000  -22.5000  -15.0000 2632.7766   17.2249
   -7.5000  -15.0000  -15.0000 2637.7712   16.9861
    0.0000  -15.0000  -15.0000 2663.3447   16.8303
    7.5000  -15.0000  -15.0000 2656.4412   16.8859
   -7.5000   -7.5000  -15.0000 2666.3079   16.7833
    0.0000   -7.5000  -15.0000 2696.5264   16.6530
    7.5000   -7.5000  -15.0000 2685.5781   16.7005
   -7.5000    0.0000  -15.0000 2683.0813   16.7462
    0.0000    0.0000  -15.0000 2714.7036   16.6023
    7.5000    0.0000  -15.0000 2698.7288   16.6559
   -7.5000    7.5000  -15.0000 2703.6531   16.8633
    0.0000    7.5000  -15.0000 2732.9583   16.7502
    7.5000    7.5000  -15.0000 2702.5676   16.8671
   -7.5000   15.0000  -15.0000 2700.0435   17.3209
    0.0000   15.0000  -15.0000 2732.2759   17.1920
    7.5000   15.0000  -15.0000 2697.8711   17.3232
   -7.5000   22.5000  -15.0000 2671.3145   17.9797
    0.0000   22.5000  -15.0000 2705.2253   17.8545
    7.5000   22.5000  -15.0000 2672.5559   18.0043
   -7.5000   30.0000  -15.0000 2617.4939   18.8117
    0.0000   30.0000  -15.0000 2641.6443   18.7112
    7.5000   30.0000  -15.0000 2614.8125   18.8849
   -7.5000   37.5000  -15.0000 2528.4888   20.0373
    0.0000   37.5000  -15.0000 2550.9514   19.9112
    7.5000   37.5000  -15.0000 2524.7112   20.1024
   -7.5000   45.0000  -15.0000 2411.0908   21.7309
    0.0000   45.0000  -15.0000 2429.1533   21.5526
    7.5000   45.0000  -15.0000 2410.3184   21.8025
   -7.5000  -45.0000   -7.5000 2566.4099   18.2361
    0.0000  -45.0000   -7.5000 2605.2478   17.9505
    7.5000  -45.0000   -7.5000 2602.1643   17.9593
   -7.5000  -37.5000   -7.5000 2589.0945   17.5292
    0.0000  -37.5000   -7.5000 2631.4109   17.2454
    7.5000  -37.5000   -7.5000 2630.1938   17.2496
   -7.5000  -30.0000   -7.5000 2619.3123   16.9500
    0.0000  -30.0000   -7.5000 2655.0381   16.7176
    7.5000  -30.0000   -7.5000 2654.8337   16.7524
   -7.5000  -22.5000   -7.5000 2650.8838   16.5504
    0.0000  -22.5000   -7.5000 2686.9670   16.3402
    7.5000  -22.5000   -7.5000 2683.7505   16.3772
   -7.5000  -15.0000   -7.5000 2693.5808   16.1919
    0.0000  -15.0000   -7.5000 2724.2952   16.0181
    7.5000  -15.0000   -7.5000 2714.5007   16.0163
   -7.5000   -7.5000   -7.5000 2736.0173   15.9846
    0.0000   -7.5000   -7.5000 2770.4138   15.8516
    7.5000   -7.5000   -7.5000 2755.2554   15.8498
   -7.5000    0.0000   -7.5000 2767.2327   15.9635
    0.0000    0.0000   -7.5000 2799.3589   15.8897
    7.5000    0.0000   -7.5000 2778.5862   15.8718
   -7.5000    7.5000   -7.5000 2793.3625   16.1126
    0.0000    7.5000   -7.5000 2827.5940   15.9973
    7.5000    7.5000   -7.5000 2791.2498   16.0763
   -7.5000   15.0000   -7.5000 2789.9580   16.5540
    0.0000   15.0000   -7.5000 2828.2451   16.4254
    7.5000   15.0000   -7.5000 2781.9485   16.5362
   -7.5000   22.5000   -7.5000 2755.9658   17.2018
    0.0000   22.5000   -7.5000 2792.7576   17.0547
    7.5000   22.5000   -7.5000 2748.7043   17.1590
   -7.5000   30.0000   -7.5000 2682.8440   17.9897
    0.0000   30.0000   -7.5000 2711.1423   17.8510
    7.5000   30.0000   -7.5000 2680.3948   17.9730
   -7.5000   37.5000   -7.5000 2588.0022   19.1120
    0.0000   37.5000   -7.5000 2613.7708   18.9565
    7.5000   37.5000   -7.5000 2585.0767   19.1550
   -7.5000   45.0000   -7.5000 2459.2034   20.7627
    0.0000   45.0000   -7.5000 2484.3789   20.5628
    7.5000   45.0000   -7.5000 2459.2568   20.8210
   -7.5000  -45.0000    0.0000 2584.1292   17.8866
    0.0000  -45.0000    0.0000 2627.6538   17.4924
    7.5000  -45.0000    0.0000 2626.2400   17.4806
   -7.5000  -37.5000    0.0000 2605.0176   17.0994
    0.0000  -37.5000    0.0000 2646.7949   16.7475
    7.5000  -37.5000    0.0000 2645.0288   16.7482
   -7.5000  -30.0000    0.0000 2638.1497   16.5093
    0.0000  -30.0000    0.0000 2670.6086   16.1941
    7.5000  -30.0000    0.0000 2670.2085   16.2491
   -7.5000  -22.5000    0.0000 2671.6675   16.0799
    0.0000  -22.5000    0.0000 2708.0312   15.7782
    7.5000  -22.5000    0.0000 2702.0251   15.8318
   -7.5000  -15.0000    0.0000 2716.5210   15.7035
    0.0000  -15.0000    0.0000 2749.1709   15.4589
    7.5000  -15.0000    0.0000 2738.9468   15.4907
   -7.5000   -7.5000    0.0000 2770.0037   15.4807
    0.0000   -7.5000    0.0000 2801.4324   15.3250
    7.5000   -7.5000    0.0000 2789.3501   15.3344
   -7.5000    0.0000    0.0000 2824.4993   15.5554
    0.0000    0.0000    0.0000 2858.1716   15.5014
    7.5000    0.0000    0.0000 2833.0540   15.4324
   -7.5000    7.5000    0.0000 2861.2041   15.6990
    0.0000    7.5000    0.0000 2910.1589   15.6585
    7.5000    7.5000    0.0000 2859.5217   15.6473
   -7.5000   15.0000    0.0000 2860.2373   16.0689
    0.0000   15.0000    0.0000 2914.5474   15.9788
    7.5000   15.0000    0.0000 2851.1892   16.0611
   -7.5000   22.5000    0.0000 2811.7048   16.6689
    0.0000   22.5000    0.0000 2855.7195   16.5254
    7.5000   22.5000    0.0000 2796.4304   16.6580
   -7.5000   30.0000    0.0000 2722.7324   17.4274
    0.0000   30.0000    0.0000 2758.3015   17.2735
    7.5000   30.0000    0.0000 2716.5759   17.4392
   -7.5000   37.5000    0.0000 2616.7622   18.5104
    0.0000   37.5000    0.0000 2651.9944   18.3433
    7.5000   37.5000    0.0000 2621.0681   18.5451
   -7.5000   45.0000    0.0000 2486.4231   20.1083
    0.0000   45.0000    0.0000 2514.9868   19.9380
    7.5000   45.0000    0.0000 2492.8540   20.1547
   -7.5000  -45.0000    7.5000 2584.5042   17.6926
    0.0000  -45.0000    7.5000 2631.2690   17.2929
    7.5000  -45.0000    7.5000 2631.8296   17.2372
   -7.5000  -37.5000    7.5000 2605.0391   16.8577
    0.0000  -37.5000    7.5000 2643.7424   16.4851
    7.5000  -37.5000    7.5000 2643.7781   16.4796
   -7.5000  -30.0000    7.5000 2632.8489   16.2633
    0.0000  -30.0000    7.5000 2665.3726   15.8603
    7.5000  -30.0000    7.5000 2665.7498   15.9247
   -7.5000  -22.5000    7.5000 2675.7083   15.7927
    0.0000  -22.5000    7.5000 2708.5383   15.4292
    7.5000  -22.5000    7.5000 2705.5286   15.5041
   -7.5000  -15.0000    7.5000 2724.6438   15.4458
    0.0000  -15.0000    7.5000 2756.7219   15.1347
    7.5000  -15.0000    7.5000 2746.1006   15.2276
   -7.5000   -7.5000    7.5000 2787.9658   15.3027
    0.0000   -7.5000    7.5000 2818.1111   15.0691
    7.5000   -7.5000    7.5000 2803.4019   15.1461
   -7.5000    0.0000    7.5000 2854.9119   15.4410
    0.0000    0.0000    7.5000 2892.1797   15.3263
    7.5000    0.0000    7.5000 2859.8135   15.2890
   -7.5000    7.5000    7.5000 2901.1194   15.6109
    0.0000    7.5000    7.5000 2958.7239   15.6420
    7.5000    7.5000    7.5000 2901.7986   15.5470
   -7.5000   15.0000    7.5000 2897.0178   15.8338
    0.0000   15.0000    7.5000 2965.4241   15.8055
    7.5000   15.0000    7.5000 2889.9617   15.8912
   -7.5000   22.5000    7.5000 2838.4280   16.3241
    0.0000   22.5000    7.5000 2888.5859   16.2179
    7.5000   22.5000    7.5000 2824.7756   16.3995
   -7.5000   30.0000    7.5000 2737.9639   17.1009
    0.0000   30.0000    7.5000 2772.6982   16.9885
    7.5000   30.0000    7.5000 2730.7524   17.1402
   -7.5000   37.5000    7.5000 2623.1174   18.2150
    0.0000   37.5000    7.5000 2648.0129   18.0856
    7.5000   37.5000    7.5000 2625.7632   18.2344
   -7.5000   45.0000    7.5000 2494.9111   19.7854
    0.0000   45.0000    7.5000 2515.1968   19.6476
    7.5000   45.0000    7.5000 2497.8225   19.8118
   -7.5000  -45.0000   15.0000 2566.6384   17.7622
    0.0000  -45.0000   15.0000 2616.1245   17.3042
    7.5000  -45.0000   15.0000 2614.2166   17.2571
   -7.5000  -37.5000   15.0000 2588.4661   16.9217
    0.0000  -37.5000   15.0000 2623.5293   16.4336
    7.5000  -37.5000   15.0000 2626.5369   16.5012
   -7.5000  -30.0000   15.0000 2613.2188   16.3418
    0.0000  -30.0000   15.0000 2643.2332   15.8461
    7.5000  -30.0000   15.0000 2640.4822   15.9687
   -7.5000  -22.5000   15.0000 2658.7676   15.8607
    0.0000  -22.5000   15.0000 2683.8308   15.4308
    7.5000  -22.5000   15.0000 2677.0547   15.5659
   -7.5000  -15.0000   15.0000 2713.2397   15.5063
    0.0000  -15.0000   15.0000 2744.2324   15.1740
    7.5000  -15.0000   15.0000 2726.6069   15.3077
   -7.5000   -7.5000   15.0000 2776.7327   15.3666
    0.0000   -7.5000   15.0000 2811.8452   15.1409
    7.5000   -7.5000   15.0000 2787.3699   15.2560
   -7.5000    0.0000   15.0000 2839.0044   15.4991
    0.0000    0.0000   15.0000 2882.6685   15.3948
    7.5000    0.0000   15.0000 2848.5684   15.4083
   -7.5000    7.5000   15.0000 2882.8745   15.6800
    0.0000    7.5000   15.0000 2944.2996   15.6664
    7.5000    7.5000   15.0000 2891.7234   15.6801
   -7.5000   15.0000   15.0000 2880.4026   15.9534
    0.0000   15.0000   15.0000 2935.6384   15.8939
    7.5000   15.0000   15.0000 2880.8083   16.0587
   -7.5000   22.5000   15.0000 2827.4343   16.4022
    0.0000   22.5000   15.0000 2870.0193   16.3004
    7.5000   22.5000   15.0000 2825.1621   16.5008
   -7.5000   30.0000   15.0000 2722.6790   17.2236
    0.0000   30.0000   15.0000 2755.6052   17.0900
    7.5000   30.0000   15.0000 2722.1716   17.2214
   -7.5000   37.5000   15.0000 2603.0547   18.3759
    0.0000   37.5000   15.0000 2620.9146   18.1655
    7.5000   37.5000   15.0000 2600.4944   18.3326
   -7.5000   45.0000   15.0000 2479.2021   19.9439
    0.0000   45.0000   15.0000 2488.1555   19.6847
    7.5000   45.0000   15.0000 2475.1436   19.8926
   -7.5000  -45.0000   22.5000 2538.5801   18.0439
    0.0000  -45.0000   22.5000 2583.8625   17.5309
    7.5000  -45.0000   22.5000 2584.6013   17.5634
   -7.5000  -37.5000   22.5000 2558.5139   17.2566
    0.0000  -37.5000   22.5000 2597.4839   16.7688
    7.5000  -37.5000   22.5000 2600.5352   16.8529
   -7.5000  -30.0000   22.5000 2584.2144   16.6839
    0.0000  -30.0000   22.5000 2620.8340   16.2482
    7.5000  -30.0000   22.5000 2612.2832   16.3462
   -7.5000  -22.5000   22.5000 2633.0757   16.2190
    0.0000  -22.5000   22.5000 2663.3081   15.8273
    7.5000  -22.5000   22.5000 2646.7468   15.9576
   -7.5000  -15.0000   22.5000 2685.4495   15.8856
    0.0000  -15.0000   22.5000 2710.6885   15.5580
    7.5000  -15.0000   22.5000 2690.4797   15.7299
   -7.5000   -7.5000   22.5000 2750.2305   15.7886
    0.0000   -7.5000   22.5000 2769.8110   15.5255
    7.5000   -7.5000   22.5000 2747.8745   15.6964
   -7.5000    0.0000   22.5000 2801.2788   15.8406
    0.0000    0.0000   22.5000 2828.6653   15.6696
    7.5000    0.0000   22.5000 2800.1477   15.7824
   -7.5000    7.5000   22.5000 2826.5305   16.0131
    0.0000    7.5000   22.5000 2872.1670   15.7829
    7.5000    7.5000   22.5000 2835.6196   16.0208
   -7.5000   15.0000   22.5000 2823.7961   16.3346
    0.0000   15.0000   22.5000 2858.4377   16.1149
    7.5000   15.0000   22.5000 2821.6560   16.4068
   -7.5000   22.5000   22.5000 2773.2974   16.9480
    0.0000   22.5000   22.5000 2800.9712   16.7319
    7.5000   22.5000   22.5000 2765.2568   16.9676
   -7.5000   30.0000   22.5000 2678.0347   17.7910
    0.0000   30.0000   22.5000 2707.8997   17.5868
    7.5000   30.0000   22.5000 2672.0056   17.8011
   -7.5000   37.5000   22.5000 2560.1028   18.9002
    0.0000   37.5000   22.5000 2576.5620   18.7015
    7.5000   37.5000   22.5000 2556.2947   18.9199
   -7.5000   45.0000   22.5000 2437.9900   20.4007
    0.0000   45.0000   22.5000 2456.4985   20.1559
    7.5000   45.0000   22.5000 2435.2141   20.3687
   -7.5000  -45.0000   30.0000 2486.6877   18.5646
    0.0000  -45.0000   30.0000 2519.7388   18.0924
    7.5000  -45.0000   30.0000 2526.7971   18.0979
   -7.5000  -37.5000   30.0000 2514.6672   17.8286
    0.0000  -37.5000   30.0000 2550.6572   17.3940
    7.5000  -37.5000   30.0000 2549.7837   17.4717
   -7.5000  -30.0000   30.0000 2543.7534   17.2496
    0.0000  -30.0000   30.0000 2575.8655   16.8299
    7.5000  -30.0000   30.0000 2565.3948   16.9635
   -7.5000  -22.5000   30.0000 2593.3367   16.7942
    0.0000  -22.5000   30.0000 2624.3904   16.3917
    7.5000  -22.5000   30.0000 2605.4275   16.5626
   -7.5000  -15.0000   30.0000 2639.0701   16.4605
    0.0000  -15.0000   30.0000 2671.0884   16.0939
    7.5000  -15.0000   30.0000 2648.0715   16.3034
   -7.5000   -7.5000   30.0000 2697.7449   16.3183
    0.0000   -7.5000   30.0000 2719.8303   15.9818
    7.5000   -7.5000   30.0000 2695.2710   16.1868
   -7.5000    0.0000   30.0000 2731.9973   16.3152
    0.0000    0.0000   30.0000 2761.2380   16.0069
    7.5000    0.0000   30.0000 2734.2192   16.2209
   -7.5000    7.5000   30.0000 2751.9629   16.4876
    0.0000    7.5000   30.0000 2779.0757   16.1783
    7.5000    7.5000   30.0000 2749.8323   16.4618
   -7.5000   15.0000   30.0000 2733.9194   16.8879
    0.0000   15.0000   30.0000 2758.2490   16.6368
    7.5000   15.0000   30.0000 2730.1831   16.9227
   -7.5000   22.5000   30.0000 2690.7468   17.5455
    0.0000   22.5000   30.0000 2716.0662   17.3149
    7.5000   22.5000   30.0000 2683.5518   17.5545
   -7.5000   30.0000   30.0000 2605.6138   18.4884
    0.0000   30.0000   30.0000 2632.6230   18.2456
    7.5000   30.0000   30.0000 2593.2952   18.4397
   -7.5000   37.5000   30.0000 2494.1084   19.6788
    0.0000   37.5000   30.0000 2514.9995   19.4143
    7.5000   37.5000   30.0000 2491.7827   19.6172
   -7.5000   45.0000   30.0000 2381.1985   21.1884
    0.0000   45.0000   30.0000 2397.8005   20.9108
    7.5000   45.0000   30.0000 2377.9277   21.1585
   -7.5000  -45.0000   37.5000 2424.5857   19.4757
    0.0000  -45.0000   37.5000 2456.6357   18.9110
    7.5000  -45.0000   37.5000 2461.4856   18.9027
   -7.5000  -37.5000   37.5000 2461.6064   18.7116
    0.0000  -37.5000   37.5000 2493.9131   18.2192
    7.5000  -37.5000   37.5000 2489.1514   18.2778
   -7.5000  -30.0000   37.5000 2496.9307   18.1416
    0.0000  -30.0000   37.5000 2530.2346   17.6710
    7.5000  -30.0000   37.5000 2520.1206   17.7632
   -7.5000  -22.5000   37.5000 2543.3101   17.6376
    0.0000  -22.5000   37.5000 2578.1545   17.1898
    7.5000  -22.5000   37.5000 2558.9895   17.3391
   -7.5000  -15.0000   37.5000 2581.8152   17.2318
    0.0000  -15.0000   37.5000 2616.0225   16.8570
    7.5000  -15.0000   37.5000 2587.3643   17.0551
   -7.5000   -7.5000   37.5000 2621.9536   17.0505
    0.0000   -7.5000   37.5000 2653.0469   16.6919
    7.5000   -7.5000   37.5000 2623.3352   16.9102
   -7.5000    0.0000   37.5000 2649.6975   17.0350
    0.0000    0.0000   37.5000 2685.0737   16.7077
    7.5000    0.0000   37.5000 2652.4810   16.9662
   -7.5000    7.5000   37.5000 2669.4556   17.3196
    0.0000    7.5000   37.5000 2690.3914   17.0031
    7.5000    7.5000   37.5000 2657.0728   17.2637
   -7.5000   15.0000   37.5000 2641.6550   17.7784
    0.0000   15.0000   37.5000 2661.5864   17.5072
    7.5000   15.0000   37.5000 2632.3081   17.8012
   -7.5000   22.5000   37.5000 2601.6331   18.4325
    0.0000   22.5000   37.5000 2617.6445   18.1899
    7.5000   22.5000   37.5000 2591.3464   18.4304
   -7.5000   30.0000   37.5000 2525.4700   19.3599
    0.0000   30.0000   37.5000 2545.0496   19.0977
    7.5000   30.0000   37.5000 2511.6206   19.2797
   -7.5000   37.5000   37.5000 2427.9001   20.5510
    0.0000   37.5000   37.5000 2448.0125   20.2351
    7.5000   37.5000   37.5000 2422.0593   20.4119
   -7.5000   45.0000   37.5000 2319.3938   22.0346
    0.0000   45.0000   37.5000 2335.9924   21.7786
    7.5000   45.0000   37.5000 2316.0127   21.9849
   -7.5000  -45.0000   45.0000 2349.4233   20.6946
    0.0000  -45.0000   45.0000 2382.3833   20.0575
    7.5000  -45.0000   45.0000 2391.4197   20.0300
   -7.5000  -37.5000   45.0000 2392.2107   19.9101
    0.0000  -37.5000   45.0000 2424.8376   19.3433
    7.5000  -37.5000   45.0000 2420.6318   19.3335
   -7.5000  -30.0000   45.0000 2435.3892   19.2698
    0.0000  -30.0000   45.0000 2471.0208   18.8015
    7.5000  -30.0000   45.0000 2453.6919   18.8361
   -7.5000  -22.5000   45.0000 2477.0886   18.7542
    0.0000  -22.5000   45.0000 2515.6826   18.3533
    7.5000  -22.5000   45.0000 2491.5701   18.4382
   -7.5000  -15.0000   45.0000 2509.6777   18.3312
    0.0000  -15.0000   45.0000 2543.5945   17.9767
    7.5000  -15.0000   45.0000 2515.4795   18.1168
   -7.5000   -7.5000   45.0000 2534.5320   18.1069
    0.0000   -7.5000   45.0000 2565.4146   17.7786
    7.5000   -7.5000   45.0000 2535.5903   17.9447
   -7.5000    0.0000   45.0000 2559.1941   18.1614
    0.0000    0.0000   45.0000 2588.0037   17.8406
    7.5000    0.0000   45.0000 2550.7424   18.0765
   -7.5000    7.5000   45.0000 2566.4448   18.4461
    0.0000    7.5000   45.0000 2582.9221   18.2072
    7.5000    7.5000   45.0000 2550.8657   18.4200
   -7.5000   15.0000   45.0000 2540.6731   19.0292
    0.0000   15.0000   45.0000 2556.8318   18.8172
    7.5000   15.0000   45.0000 2524.1357   19.0480
   -7.5000   22.5000   45.0000 2498.7810   19.6894
    0.0000   22.5000   45.0000 2514.5222   19.4699
    7.5000   22.5000   45.0000 2483.6643   19.7057
   -7.5000   30.0000   45.0000 2436.9680   20.5311
    0.0000   30.0000   45.0000 2458.4319   20.2488
    7.5000   30.0000   45.0000 2424.5105   20.4859
   -7.5000   37.5000   45.0000 2356.4333   21.6445
    0.0000   37.5000   45.0000 2381.2559   21.3174
    7.5000   37.5000   45.0000 2349.1003   21.5602
   -7.5000   45.0000   45.0000 2250.8586   23.1597
    0.0000   45.0000   45.0000 2269.6189   22.8858
    7.5000   45.0000   45.0000 2243.9922   23.0861

---------------------------------------------------------------------
imgreg_4dfp /opt/freesurfer/average/711-2C_as_mni_average_305 /opt/freesurfer/average/711-2B_as_mni_average_305_mask talsrcimg_g11 none talsrcimg_to_711-2C_as_mni_average_305_t4 1283
---------------------------------------------------------------------

freesurfer imgreg_4dfp.c
/opt/freesurfer/average/711-2C_as_mni_average_305.4dfp.img
       256       256       256         1
  1.000000  1.000000  1.000000
orientation T byte_order littleendian
Reading image: /opt/freesurfer/average/711-2C_as_mni_average_305.4dfp.img
dimensions:      256       256       256
mmppix:       1.0000   -1.0000   -1.0000
center:     128.0000 -129.0000 -129.0000
/opt/freesurfer/average/711-2B_as_mni_average_305_mask.4dfp.img
       256       256       256         1
  1.000000  1.000000  1.000000
orientation T byte_order littleendian
Reading mask: /opt/freesurfer/average/711-2B_as_mni_average_305_mask.4dfp.img (2306576 pixels)
talsrcimg_g11.4dfp.img
       256       256       256         1
  1.000000  1.000000  1.000000
orientation T byte_order littleendian
Reading image: talsrcimg_g11.4dfp.img
dimensions:      256       256       256
mmppix:       1.0000   -1.0000   -1.0000
center:     128.0000 -129.0000 -129.0000
rotation matrix determinant  1.000000
fimgreg.f
image alignment mode   1283 decimal      503 hex
parameters
    0.0000   15.0000    7.5000    0.0000    0.0000    0.0000
eta,q 0.92843 15.82520
niter,ni,del,rscale     5    3   12.0000    1.2000
parameter  4  1.144965 ->  0.500000 qaram    1.1500
parameters
   -0.1781   12.1289    8.2774   -3.4500    0.5437    2.6041
eta,q 0.94040 15.73185
  0.0861  0.0708  0.0754  0.0606  0.0729  0.0725
  0.0783  0.0668  0.0711  0.0609  0.0680  0.0680
  0.0723  0.0672  0.0681  0.0620  0.0635  0.0642
  0.0700  0.0698  0.0662  0.0658  0.0610  0.0607
  0.0724  0.0743  0.0655  0.0700  0.0613  0.0596
  0.0799  0.0823  0.0674  0.0744  0.0647  0.0602
  0.0881  0.0898  0.0724  0.0791  0.0701  0.0621
niter,ni,del,rscale     5    3   12.0000    1.2000
parameter  4  0.745317 ->  0.500000 qaram    1.3225
parameters
   -0.1799   13.4700    7.4658   -7.4175    0.5858    2.8991
eta,q 0.94390 15.77215
  0.0802  0.0770  0.0680  0.0566  0.0675  0.0648
  0.0711  0.0703  0.0632  0.0559  0.0618  0.0599
  0.0628  0.0632  0.0600  0.0566  0.0580  0.0568
  0.0596  0.0596  0.0595  0.0593  0.0561  0.0561
  0.0622  0.0599  0.0623  0.0635  0.0569  0.0565
  0.0709  0.0625  0.0675  0.0692  0.0612  0.0587
  0.0806  0.0668  0.0738  0.0746  0.0677  0.0632
niter,ni,del,rscale     5    3   12.0000    1.2000
parameters
   -0.2098   14.8277    6.9467   -8.5066    0.6080    2.8792
eta,q 0.94560 15.82728
  0.0771  0.0751  0.0654  0.0642  0.0667  0.0642
  0.0673  0.0650  0.0599  0.0576  0.0604  0.0588
  0.0592  0.0589  0.0556  0.0545  0.0562  0.0555
  0.0561  0.0561  0.0549  0.0546  0.0544  0.0544
  0.0589  0.0547  0.0578  0.0578  0.0556  0.0555
  0.0677  0.0571  0.0625  0.0633  0.0599  0.0587
  0.0775  0.0629  0.0695  0.0697  0.0669  0.0644
niter,ni,del,rscale     4    3   12.0000    1.2000
parameters
   -0.2611   15.0868    6.8967   -8.6683    0.6544    2.8694
eta,q 0.94574 15.82638
  0.0765  0.0704  0.0660  0.0673  0.0668  0.0643
  0.0663  0.0618  0.0603  0.0595  0.0605  0.0588
  0.0577  0.0565  0.0560  0.0550  0.0561  0.0554
  0.0544  0.0544  0.0543  0.0543  0.0543  0.0543
  0.0578  0.0551  0.0560  0.0559  0.0554  0.0555
  0.0670  0.0599  0.0600  0.0615  0.0598  0.0587
  0.0771  0.0681  0.0668  0.0673  0.0669  0.0644
niter,ni,del,rscale     3    3   12.0000    1.2000
parameters
   -0.3026   15.1430    6.8819   -8.7236    0.6881    2.8693
eta,q 0.94578 15.82521
  0.0767  0.0696  0.0660  0.0677  0.0667  0.0643
  0.0662  0.0611  0.0604  0.0598  0.0604  0.0588
  0.0576  0.0561  0.0561  0.0551  0.0561  0.0555
  0.0543  0.0543  0.0542  0.0542  0.0542  0.0542
  0.0578  0.0554  0.0558  0.0557  0.0554  0.0555
  0.0670  0.0607  0.0598  0.0613  0.0598  0.0587
  0.0770  0.0692  0.0666  0.0671  0.0669  0.0644
registration optimization eta report
parameter search radius
    6.0000    6.0000    6.0000    7.9350    6.0000    6.0000
100000*second partial in parameter space
       61.       42.       33.       21.       35.       28.
  0.0767  0.0696  0.0660  0.0677  0.0667  0.0643
  0.0662  0.0611  0.0604  0.0598  0.0604  0.0588
  0.0576  0.0561  0.0561  0.0551  0.0561  0.0555
  0.0543  0.0543  0.0542  0.0542  0.0542  0.0542
  0.0578  0.0554  0.0558  0.0557  0.0554  0.0555
  0.0670  0.0607  0.0598  0.0613  0.0598  0.0587
  0.0770  0.0692  0.0666  0.0671  0.0669  0.0644
   -0.3026   15.1430    6.8819   -8.7236    0.6881    2.8693
eta,q 0.94578 15.82521

---------------------------------------------------------------------
imgreg_4dfp /opt/freesurfer/average/711-2C_as_mni_average_305 /opt/freesurfer/average/711-2B_as_mni_average_305_mask talsrcimg_g11 none talsrcimg_to_711-2C_as_mni_average_305_t4 3335
---------------------------------------------------------------------

freesurfer imgreg_4dfp.c
/opt/freesurfer/average/711-2C_as_mni_average_305.4dfp.img
       256       256       256         1
  1.000000  1.000000  1.000000
orientation T byte_order littleendian
Reading image: /opt/freesurfer/average/711-2C_as_mni_average_305.4dfp.img
dimensions:      256       256       256
mmppix:       1.0000   -1.0000   -1.0000
center:     128.0000 -129.0000 -129.0000
/opt/freesurfer/average/711-2B_as_mni_average_305_mask.4dfp.img
       256       256       256         1
  1.000000  1.000000  1.000000
orientation T byte_order littleendian
Reading mask: /opt/freesurfer/average/711-2B_as_mni_average_305_mask.4dfp.img (2306576 pixels)
talsrcimg_g11.4dfp.img
       256       256       256         1
  1.000000  1.000000  1.000000
orientation T byte_order littleendian
Reading image: talsrcimg_g11.4dfp.img
dimensions:      256       256       256
mmppix:       1.0000   -1.0000   -1.0000
center:     128.0000 -129.0000 -129.0000
fimgreg.f
image alignment mode   3335 decimal      D07 hex
parameters
   -0.3026   15.1430    6.8819   -0.1326   -1.2717   -1.1640
   -4.7659   -1.9448    5.0054   15.0884    1.2010  -15.1658
eta,q 0.94450 15.76890
niter,ni,del,rscale     5    3    5.0000    1.2000
parameter  4  0.841445 ->  0.500000 qaram    1.1500
parameter  5  2.298952 ->  0.500000 qaram    1.1500
parameter  6  1.088234 ->  0.500000 qaram    1.1500
parameter 11  0.542552 ->  0.500000 qaram    1.1500
parameters
   -0.1934   15.1928    6.6910   -4.2726   -5.4117   -5.3040
   -3.6190   -1.8268    4.8335   12.9924   -2.9390  -12.5961
eta,q 0.95661 15.23930
  0.0597  0.0582  0.0575  0.0529  0.0464  0.0433  0.0480  0.0494  0.0465  0.0458  0.0440  0.0468
  0.0574  0.0568  0.0563  0.0532  0.0482  0.0441  0.0463  0.0468  0.0453  0.0447  0.0437  0.0453
  0.0560  0.0559  0.0556  0.0540  0.0505  0.0458  0.0451  0.0450  0.0446  0.0442  0.0437  0.0443
  0.0555  0.0555  0.0555  0.0555  0.0533  0.0488  0.0445  0.0444  0.0444  0.0444  0.0442  0.0437
  0.0559  0.0558  0.0559  0.0578  0.0567  0.0529  0.0444  0.0449  0.0446  0.0454  0.0448  0.0434
  0.0570  0.0566  0.0569  0.0611  0.0603  0.0581  0.0451  0.0465  0.0454  0.0472  0.0458  0.0436
  0.0589  0.0580  0.0582  0.0652  0.0642  0.0639  0.0463  0.0492  0.0468  0.0496  0.0471  0.0442
niter,ni,del,rscale     7    3    5.0000    1.2000
parameter  5  1.391968 ->  0.500000 qaram    1.3225
parameter  6  0.869897 ->  0.500000 qaram    1.3225
parameters
    0.0588   14.9503    6.2695   -6.9253  -10.1727  -10.0650
   -4.0713   -1.3921    4.3394   10.8225   -2.6659  -13.3333
eta,q 0.96328 14.29007
  0.0481  0.0457  0.0450  0.0442  0.0387  0.0365  0.0401  0.0426  0.0394  0.0387  0.0388  0.0385
  0.0458  0.0442  0.0438  0.0433  0.0394  0.0370  0.0384  0.0399  0.0381  0.0372  0.0378  0.0375
  0.0442  0.0434  0.0433  0.0430  0.0410  0.0382  0.0375  0.0381  0.0374  0.0367  0.0371  0.0368
  0.0434  0.0433  0.0433  0.0432  0.0430  0.0398  0.0373  0.0373  0.0373  0.0373  0.0368  0.0368
  0.0435  0.0439  0.0439  0.0441  0.0456  0.0428  0.0379  0.0376  0.0377  0.0384  0.0369  0.0372
  0.0446  0.0450  0.0451  0.0459  0.0488  0.0469  0.0391  0.0391  0.0386  0.0401  0.0375  0.0381
  0.0465  0.0468  0.0466  0.0487  0.0523  0.0521  0.0407  0.0415  0.0400  0.0420  0.0386  0.0394
niter,ni,del,rscale     7    3    5.0000    1.2000
parameter  5  0.590453 ->  0.500000 qaram    1.5209
parameters
    0.0818   15.1075    5.7241   -7.6249  -15.6479  -13.2144
   -4.0260   -1.2913    4.1198   11.0993   -3.2847  -13.6832
eta,q 0.96603 13.55186
  0.0408  0.0406  0.0379  0.0390  0.0361  0.0371  0.0374  0.0392  0.0364  0.0380  0.0357  0.0357
  0.0386  0.0387  0.0370  0.0375  0.0351  0.0346  0.0355  0.0365  0.0350  0.0358  0.0347  0.0347
  0.0372  0.0373  0.0366  0.0367  0.0353  0.0340  0.0344  0.0347  0.0342  0.0345  0.0341  0.0341
  0.0367  0.0367  0.0367  0.0366  0.0365  0.0351  0.0340  0.0340  0.0340  0.0340  0.0340  0.0340
  0.0371  0.0369  0.0372  0.0371  0.0389  0.0369  0.0345  0.0346  0.0344  0.0344  0.0343  0.0343
  0.0385  0.0379  0.0383  0.0382  0.0419  0.0402  0.0356  0.0363  0.0353  0.0355  0.0351  0.0350
  0.0407  0.0398  0.0398  0.0399  0.0452  0.0449  0.0372  0.0390  0.0366  0.0373  0.0363  0.0360
niter,ni,del,rscale     7    3    5.0000    1.2000
parameters
    0.0316   15.5846    5.2242   -8.1955  -15.9510  -13.8731
   -3.9037   -1.3221    4.3794   11.9802   -3.7461  -13.9292
eta,q 0.96643 13.45260
  0.0378  0.0383  0.0351  0.0363  0.0386  0.0394  0.0370  0.0386  0.0362  0.0379  0.0353  0.0353
  0.0356  0.0362  0.0342  0.0348  0.0362  0.0361  0.0352  0.0359  0.0348  0.0356  0.0343  0.0343
  0.0344  0.0347  0.0338  0.0339  0.0344  0.0339  0.0340  0.0342  0.0339  0.0342  0.0337  0.0337
  0.0340  0.0340  0.0339  0.0337  0.0337  0.0337  0.0336  0.0336  0.0336  0.0336  0.0336  0.0336
  0.0345  0.0339  0.0344  0.0342  0.0343  0.0351  0.0340  0.0343  0.0339  0.0338  0.0339  0.0339
  0.0359  0.0345  0.0354  0.0353  0.0363  0.0372  0.0351  0.0360  0.0346  0.0346  0.0346  0.0345
  0.0381  0.0358  0.0368  0.0371  0.0395  0.0410  0.0367  0.0387  0.0358  0.0361  0.0357  0.0354
niter,ni,del,rscale     6    3    5.0000    1.2000
parameters
   -0.0321   15.8986    4.9039   -8.4065  -16.4601  -14.3696
   -3.8205   -1.3687    4.6596   12.7474   -4.0689  -13.9870
eta,q 0.96665 13.37054
  0.0373  0.0373  0.0351  0.0363  0.0379  0.0394  0.0367  0.0383  0.0359  0.0372  0.0351  0.0351
  0.0352  0.0354  0.0341  0.0346  0.0357  0.0361  0.0349  0.0357  0.0345  0.0352  0.0341  0.0341
  0.0339  0.0341  0.0335  0.0337  0.0340  0.0338  0.0337  0.0340  0.0337  0.0339  0.0335  0.0335
  0.0336  0.0336  0.0335  0.0335  0.0334  0.0334  0.0334  0.0334  0.0334  0.0334  0.0334  0.0333
  0.0341  0.0336  0.0340  0.0339  0.0340  0.0348  0.0338  0.0340  0.0336  0.0335  0.0336  0.0336
  0.0355  0.0344  0.0349  0.0349  0.0360  0.0369  0.0349  0.0358  0.0344  0.0343  0.0343  0.0342
  0.0377  0.0357  0.0362  0.0365  0.0391  0.0406  0.0365  0.0384  0.0355  0.0358  0.0354  0.0351
niter,ni,del,rscale     5    3    5.0000    1.2000
parameters
   -0.0777   16.1930    4.6397   -8.6006  -17.0797  -14.8491
   -3.7585   -1.4213    4.7894   13.5506   -4.2117  -14.0075
eta,q 0.96685 13.28096
  0.0372  0.0369  0.0350  0.0361  0.0374  0.0392  0.0365  0.0380  0.0356  0.0368  0.0350  0.0349
  0.0350  0.0351  0.0340  0.0345  0.0353  0.0360  0.0347  0.0354  0.0343  0.0349  0.0340  0.0339
  0.0337  0.0339  0.0334  0.0335  0.0338  0.0337  0.0335  0.0338  0.0334  0.0337  0.0334  0.0333
  0.0334  0.0333  0.0333  0.0333  0.0333  0.0333  0.0332  0.0332  0.0332  0.0332  0.0332  0.0332
  0.0339  0.0334  0.0337  0.0337  0.0339  0.0346  0.0337  0.0338  0.0335  0.0333  0.0334  0.0334
  0.0353  0.0341  0.0346  0.0347  0.0357  0.0368  0.0347  0.0355  0.0342  0.0340  0.0341  0.0340
  0.0374  0.0355  0.0359  0.0363  0.0388  0.0404  0.0363  0.0382  0.0354  0.0355  0.0351  0.0348
niter,ni,del,rscale     4    3    5.0000    1.2000
parameters
   -0.1185   16.5233    4.3701   -8.7986  -17.8849  -15.3882
   -3.7076   -1.4887    4.7565   14.5351   -4.1237  -14.0135
eta,q 0.96710 13.17291
  0.0370  0.0367  0.0348  0.0359  0.0369  0.0389  0.0362  0.0377  0.0353  0.0365  0.0348  0.0346
  0.0348  0.0349  0.0337  0.0342  0.0349  0.0358  0.0344  0.0352  0.0340  0.0347  0.0338  0.0336
  0.0336  0.0337  0.0332  0.0333  0.0335  0.0335  0.0333  0.0336  0.0332  0.0335  0.0331  0.0331
  0.0332  0.0332  0.0331  0.0331  0.0331  0.0330  0.0330  0.0330  0.0330  0.0330  0.0329  0.0329
  0.0337  0.0332  0.0335  0.0335  0.0338  0.0344  0.0334  0.0336  0.0333  0.0330  0.0331  0.0331
  0.0350  0.0339  0.0344  0.0345  0.0356  0.0367  0.0345  0.0353  0.0341  0.0336  0.0337  0.0337
  0.0372  0.0352  0.0357  0.0361  0.0384  0.0403  0.0360  0.0379  0.0353  0.0351  0.0347  0.0345
niter,ni,del,rscale     3    3    5.0000    1.2000
parameters
   -0.1529   16.9319    4.0530   -9.0404  -18.9954  -16.0557
   -3.6531   -1.5782    4.5217   15.7728   -3.7280  -13.9736
eta,q 0.96751 13.02844
  0.0367  0.0366  0.0344  0.0356  0.0362  0.0384  0.0359  0.0372  0.0349  0.0364  0.0345  0.0342
  0.0346  0.0348  0.0334  0.0339  0.0343  0.0354  0.0341  0.0348  0.0336  0.0346  0.0335  0.0332
  0.0333  0.0335  0.0329  0.0330  0.0331  0.0332  0.0330  0.0332  0.0329  0.0333  0.0328  0.0327
  0.0329  0.0329  0.0328  0.0328  0.0328  0.0327  0.0327  0.0327  0.0327  0.0327  0.0325  0.0325
  0.0334  0.0329  0.0333  0.0333  0.0336  0.0341  0.0331  0.0333  0.0330  0.0325  0.0327  0.0327
  0.0348  0.0335  0.0342  0.0342  0.0354  0.0365  0.0341  0.0349  0.0339  0.0331  0.0332  0.0332
  0.0369  0.0347  0.0355  0.0358  0.0381  0.0402  0.0357  0.0375  0.0352  0.0346  0.0342  0.0341
niter,ni,del,rscale     2    3    5.0000    1.2000
parameters
   -0.1754   17.4427    3.6608   -9.3096  -20.3270  -16.8332
   -3.6385   -1.6368    4.0759   17.0250   -3.1359  -13.9099
eta,q 0.96800 12.85776
  0.0362  0.0366  0.0338  0.0351  0.0357  0.0377  0.0353  0.0367  0.0344  0.0361  0.0342  0.0336
  0.0342  0.0346  0.0329  0.0335  0.0337  0.0348  0.0336  0.0343  0.0331  0.0343  0.0331  0.0327
  0.0329  0.0332  0.0324  0.0325  0.0325  0.0328  0.0325  0.0327  0.0324  0.0330  0.0324  0.0322
  0.0325  0.0325  0.0324  0.0323  0.0323  0.0323  0.0322  0.0322  0.0322  0.0322  0.0320  0.0320
  0.0330  0.0324  0.0329  0.0329  0.0332  0.0336  0.0326  0.0328  0.0326  0.0320  0.0321  0.0322
  0.0343  0.0330  0.0338  0.0338  0.0351  0.0361  0.0336  0.0344  0.0336  0.0327  0.0327  0.0328
  0.0364  0.0341  0.0352  0.0354  0.0378  0.0399  0.0352  0.0369  0.0350  0.0342  0.0337  0.0336
niter,ni,del,rscale     1    3    5.0000    1.2000
parameters
   -0.1581   17.9537    3.2294   -9.5610  -21.3686  -17.5661
   -3.6998   -1.6275    3.6804   17.9029   -2.7331  -13.8870
eta,q 0.96838 12.71747
  0.0358  0.0362  0.0332  0.0347  0.0357  0.0372  0.0347  0.0363  0.0341  0.0356  0.0337  0.0332
  0.0337  0.0341  0.0323  0.0330  0.0334  0.0344  0.0330  0.0338  0.0327  0.0337  0.0327  0.0323
  0.0324  0.0327  0.0319  0.0320  0.0321  0.0323  0.0320  0.0323  0.0319  0.0324  0.0319  0.0318
  0.0320  0.0320  0.0319  0.0318  0.0318  0.0318  0.0317  0.0317  0.0317  0.0317  0.0316  0.0316
  0.0324  0.0319  0.0324  0.0324  0.0327  0.0330  0.0322  0.0323  0.0322  0.0317  0.0318  0.0318
  0.0337  0.0325  0.0333  0.0334  0.0346  0.0356  0.0332  0.0338  0.0332  0.0326  0.0324  0.0324
  0.0357  0.0337  0.0347  0.0349  0.0374  0.0393  0.0347  0.0362  0.0346  0.0342  0.0334  0.0331
registration optimization eta report
parameter search radius
    2.4000    2.4000    2.4000    8.2800   10.9503    9.5220
    7.2000    7.2000    7.2000    7.2000    8.2800    7.2000
100000*second partial in parameter space
       65.       51.       36.        4.        4.        7.
        6.        9.        5.        6.        3.        3.
  0.0358  0.0362  0.0332  0.0347  0.0357  0.0372  0.0347  0.0363  0.0341  0.0356  0.0337  0.0332
  0.0337  0.0341  0.0323  0.0330  0.0334  0.0344  0.0330  0.0338  0.0327  0.0337  0.0327  0.0323
  0.0324  0.0327  0.0319  0.0320  0.0321  0.0323  0.0320  0.0323  0.0319  0.0324  0.0319  0.0318
  0.0320  0.0320  0.0319  0.0318  0.0318  0.0318  0.0317  0.0317  0.0317  0.0317  0.0316  0.0316
  0.0324  0.0319  0.0324  0.0324  0.0327  0.0330  0.0322  0.0323  0.0322  0.0317  0.0318  0.0318
  0.0337  0.0325  0.0333  0.0334  0.0346  0.0356  0.0332  0.0338  0.0332  0.0326  0.0324  0.0324
  0.0357  0.0337  0.0347  0.0349  0.0374  0.0393  0.0347  0.0362  0.0346  0.0342  0.0334  0.0331
   -0.1581   17.9537    3.2294   -9.5610  -21.3686  -17.5661
   -3.6998   -1.6275    3.6804   17.9029   -2.7331  -13.8870
eta,q 0.96838 12.71747

---------------------------------------------------------------------
imgreg_4dfp /opt/freesurfer/average/711-2C_as_mni_average_305 /opt/freesurfer/average/711-2B_as_mni_average_305_mask talsrcimg_g11 none talsrcimg_to_711-2C_as_mni_average_305_t4 2311
---------------------------------------------------------------------

freesurfer imgreg_4dfp.c
/opt/freesurfer/average/711-2C_as_mni_average_305.4dfp.img
       256       256       256         1
  1.000000  1.000000  1.000000
orientation T byte_order littleendian
Reading image: /opt/freesurfer/average/711-2C_as_mni_average_305.4dfp.img
dimensions:      256       256       256
mmppix:       1.0000   -1.0000   -1.0000
center:     128.0000 -129.0000 -129.0000
/opt/freesurfer/average/711-2B_as_mni_average_305_mask.4dfp.img
       256       256       256         1
  1.000000  1.000000  1.000000
orientation T byte_order littleendian
Reading mask: /opt/freesurfer/average/711-2B_as_mni_average_305_mask.4dfp.img (2306576 pixels)
talsrcimg_g11.4dfp.img
       256       256       256         1
  1.000000  1.000000  1.000000
orientation T byte_order littleendian
Reading image: talsrcimg_g11.4dfp.img
dimensions:      256       256       256
mmppix:       1.0000   -1.0000   -1.0000
center:     128.0000 -129.0000 -129.0000
fimgreg.f
image alignment mode   2311 decimal      907 hex
parameters
   -0.1581   17.9537    3.2294   -9.5610  -21.3686  -17.5661
   -3.6998   -1.6275    3.6804   17.9029   -2.7331  -13.8870
eta,q 0.96838 12.71747
niter,ni,del,rscale     5    3    5.0000    0.8000
parameters
   -0.1202   18.3003    2.8666   -9.9467  -21.8903  -17.9371
   -3.8424   -1.6315    3.4502   18.4914   -2.5374  -14.0573
eta,q 0.96858 12.63654
  0.0334  0.0335  0.0321  0.0325  0.0323  0.0331  0.0328  0.0335  0.0326  0.0333  0.0322  0.0321
  0.0324  0.0326  0.0317  0.0319  0.0318  0.0322  0.0320  0.0324  0.0319  0.0324  0.0318  0.0317
  0.0318  0.0320  0.0315  0.0315  0.0315  0.0316  0.0316  0.0317  0.0316  0.0318  0.0315  0.0315
  0.0316  0.0316  0.0316  0.0315  0.0315  0.0315  0.0315  0.0315  0.0315  0.0315  0.0314  0.0314
  0.0318  0.0316  0.0318  0.0317  0.0317  0.0318  0.0317  0.0317  0.0317  0.0315  0.0315  0.0315
  0.0323  0.0318  0.0322  0.0322  0.0321  0.0326  0.0322  0.0324  0.0321  0.0319  0.0317  0.0318
  0.0332  0.0324  0.0329  0.0328  0.0328  0.0337  0.0329  0.0335  0.0328  0.0326  0.0321  0.0322
niter,ni,del,rscale     4    3    5.0000    0.7000
parameters
   -0.0914   18.4992    2.6755  -10.0552  -22.1161  -18.1928
   -3.8962   -1.6184    3.3583   18.7656   -2.4828  -14.1545
eta,q 0.96862 12.60191
  0.0328  0.0327  0.0319  0.0323  0.0321  0.0327  0.0325  0.0330  0.0323  0.0327  0.0319  0.0319
  0.0320  0.0321  0.0316  0.0318  0.0317  0.0320  0.0318  0.0321  0.0318  0.0320  0.0316  0.0316
  0.0316  0.0316  0.0314  0.0315  0.0315  0.0315  0.0315  0.0316  0.0315  0.0316  0.0314  0.0314
  0.0314  0.0314  0.0314  0.0314  0.0314  0.0314  0.0314  0.0314  0.0314  0.0314  0.0314  0.0314
  0.0316  0.0314  0.0315  0.0315  0.0315  0.0316  0.0315  0.0316  0.0315  0.0315  0.0314  0.0315
  0.0320  0.0317  0.0318  0.0319  0.0318  0.0322  0.0319  0.0321  0.0318  0.0318  0.0316  0.0316
  0.0327  0.0322  0.0323  0.0323  0.0323  0.0331  0.0325  0.0330  0.0324  0.0324  0.0319  0.0319
niter,ni,del,rscale     3    3    5.0000    0.6000
parameters
   -0.0784   18.5866    2.5586  -10.1036  -22.1992  -18.3437
   -3.9268   -1.6177    3.3137   18.8986   -2.4713  -14.2235
eta,q 0.96864 12.58609
  0.0323  0.0322  0.0318  0.0320  0.0320  0.0324  0.0322  0.0326  0.0321  0.0323  0.0318  0.0318
  0.0318  0.0318  0.0315  0.0317  0.0316  0.0318  0.0317  0.0319  0.0317  0.0318  0.0315  0.0315
  0.0315  0.0315  0.0314  0.0314  0.0314  0.0315  0.0314  0.0315  0.0314  0.0315  0.0314  0.0314
  0.0314  0.0314  0.0314  0.0314  0.0314  0.0314  0.0314  0.0314  0.0314  0.0314  0.0314  0.0314
  0.0315  0.0314  0.0315  0.0315  0.0314  0.0315  0.0315  0.0315  0.0315  0.0314  0.0314  0.0314
  0.0318  0.0316  0.0317  0.0317  0.0317  0.0320  0.0318  0.0319  0.0317  0.0317  0.0315  0.0316
  0.0323  0.0320  0.0320  0.0321  0.0320  0.0326  0.0322  0.0326  0.0321  0.0322  0.0318  0.0318
niter,ni,del,rscale     2    3    5.0000    0.5000
parameters
   -0.0757   18.6251    2.4980  -10.1375  -22.2197  -18.4083
   -3.9465   -1.6179    3.3085   18.9668   -2.4629  -14.2749
eta,q 0.96864 12.58005
  0.0320  0.0319  0.0317  0.0318  0.0318  0.0321  0.0319  0.0322  0.0319  0.0320  0.0316  0.0316
  0.0317  0.0316  0.0315  0.0316  0.0316  0.0317  0.0316  0.0318  0.0316  0.0316  0.0315  0.0315
  0.0314  0.0314  0.0314  0.0314  0.0314  0.0315  0.0314  0.0315  0.0314  0.0314  0.0314  0.0314
  0.0314  0.0314  0.0314  0.0314  0.0314  0.0314  0.0314  0.0314  0.0314  0.0314  0.0314  0.0314
  0.0314  0.0314  0.0314  0.0314  0.0314  0.0315  0.0314  0.0315  0.0314  0.0314  0.0314  0.0314
  0.0317  0.0316  0.0315  0.0316  0.0316  0.0318  0.0316  0.0318  0.0316  0.0316  0.0315  0.0315
  0.0320  0.0318  0.0318  0.0318  0.0318  0.0322  0.0319  0.0322  0.0319  0.0319  0.0316  0.0316
niter,ni,del,rscale     1    3    5.0000    0.4000
parameters
   -0.0724   18.6384    2.4662  -10.1638  -22.2074  -18.4366
   -3.9619   -1.6247    3.2972   18.9953   -2.4552  -14.3142
eta,q 0.96864 12.57831
  0.0318  0.0317  0.0316  0.0317  0.0317  0.0319  0.0317  0.0319  0.0317  0.0317  0.0315  0.0315
  0.0315  0.0315  0.0314  0.0315  0.0315  0.0316  0.0315  0.0316  0.0315  0.0315  0.0314  0.0314
  0.0314  0.0314  0.0314  0.0314  0.0314  0.0314  0.0314  0.0314  0.0314  0.0314  0.0314  0.0314
  0.0314  0.0314  0.0314  0.0314  0.0314  0.0314  0.0314  0.0314  0.0314  0.0314  0.0314  0.0314
  0.0314  0.0314  0.0314  0.0314  0.0314  0.0314  0.0314  0.0314  0.0314  0.0314  0.0314  0.0314
  0.0315  0.0315  0.0315  0.0315  0.0315  0.0316  0.0315  0.0316  0.0315  0.0315  0.0314  0.0314
  0.0318  0.0317  0.0316  0.0317  0.0317  0.0319  0.0317  0.0319  0.0317  0.0317  0.0315  0.0315
registration optimization eta report
parameter search radius
    0.8000    0.8000    0.8000    2.4000    2.4000    2.4000
    2.4000    2.4000    2.4000    2.4000    2.4000    2.4000
100000*second partial in parameter space
       66.       53.       35.        6.        5.        9.
        6.       10.        5.        7.        3.        3.
  0.0318  0.0317  0.0316  0.0317  0.0317  0.0319  0.0317  0.0319  0.0317  0.0317  0.0315  0.0315
  0.0315  0.0315  0.0314  0.0315  0.0315  0.0316  0.0315  0.0316  0.0315  0.0315  0.0314  0.0314
  0.0314  0.0314  0.0314  0.0314  0.0314  0.0314  0.0314  0.0314  0.0314  0.0314  0.0314  0.0314
  0.0314  0.0314  0.0314  0.0314  0.0314  0.0314  0.0314  0.0314  0.0314  0.0314  0.0314  0.0314
  0.0314  0.0314  0.0314  0.0314  0.0314  0.0314  0.0314  0.0314  0.0314  0.0314  0.0314  0.0314
  0.0315  0.0315  0.0315  0.0315  0.0315  0.0316  0.0315  0.0316  0.0315  0.0315  0.0314  0.0314
  0.0318  0.0317  0.0316  0.0317  0.0317  0.0319  0.0317  0.0319  0.0317  0.0317  0.0315  0.0315
   -0.0724   18.6384    2.4662  -10.1638  -22.2074  -18.4366
   -3.9619   -1.6247    3.2972   18.9953   -2.4552  -14.3142
eta,q 0.96864 12.57831

---------------------------------------------------------------------
imgreg_4dfp /opt/freesurfer/average/711-2C_as_mni_average_305 /opt/freesurfer/average/711-2B_as_mni_average_305_mask talsrcimg_g11 none talsrcimg_to_711-2C_as_mni_average_305_t4 2311
---------------------------------------------------------------------

freesurfer imgreg_4dfp.c
/opt/freesurfer/average/711-2C_as_mni_average_305.4dfp.img
       256       256       256         1
  1.000000  1.000000  1.000000
orientation T byte_order littleendian
Reading image: /opt/freesurfer/average/711-2C_as_mni_average_305.4dfp.img
dimensions:      256       256       256
mmppix:       1.0000   -1.0000   -1.0000
center:     128.0000 -129.0000 -129.0000
/opt/freesurfer/average/711-2B_as_mni_average_305_mask.4dfp.img
       256       256       256         1
  1.000000  1.000000  1.000000
orientation T byte_order littleendian
Reading mask: /opt/freesurfer/average/711-2B_as_mni_average_305_mask.4dfp.img (2306576 pixels)
talsrcimg_g11.4dfp.img
       256       256       256         1
  1.000000  1.000000  1.000000
orientation T byte_order littleendian
Reading image: talsrcimg_g11.4dfp.img
dimensions:      256       256       256
mmppix:       1.0000   -1.0000   -1.0000
center:     128.0000 -129.0000 -129.0000
fimgreg.f
image alignment mode   2311 decimal      907 hex
parameters
   -0.0724   18.6384    2.4662  -10.1638  -22.2074  -18.4366
   -3.9619   -1.6247    3.2972   18.9953   -2.4552  -14.3142
eta,q 0.96864 12.57831
niter,ni,del,rscale     5    3    5.0000    0.8000
parameters
   -0.0677   18.6528    2.4578  -10.0275  -22.2630  -18.5337
   -3.8775   -1.5963    3.3040   18.9907   -2.4609  -14.2180
eta,q 0.96864 12.57596
  0.0330  0.0327  0.0322  0.0326  0.0324  0.0332  0.0328  0.0334  0.0326  0.0328  0.0321  0.0321
  0.0321  0.0320  0.0318  0.0319  0.0319  0.0322  0.0320  0.0323  0.0319  0.0320  0.0317  0.0317
  0.0315  0.0315  0.0315  0.0315  0.0315  0.0316  0.0315  0.0316  0.0315  0.0315  0.0314  0.0314
  0.0314  0.0314  0.0314  0.0314  0.0314  0.0314  0.0314  0.0314  0.0314  0.0314  0.0314  0.0314
  0.0315  0.0315  0.0315  0.0315  0.0315  0.0316  0.0315  0.0316  0.0315  0.0315  0.0314  0.0314
  0.0321  0.0319  0.0318  0.0319  0.0319  0.0323  0.0320  0.0323  0.0319  0.0320  0.0317  0.0317
  0.0330  0.0327  0.0323  0.0325  0.0325  0.0334  0.0327  0.0334  0.0326  0.0329  0.0321  0.0320
niter,ni,del,rscale     4    3    5.0000    0.7000
parameters
   -0.0742   18.6555    2.4201  -10.0555  -22.2496  -18.5642
   -3.8999   -1.6044    3.3033   18.9963   -2.4535  -14.2218
eta,q 0.96864 12.57300
  0.0326  0.0324  0.0320  0.0323  0.0322  0.0328  0.0324  0.0329  0.0323  0.0325  0.0319  0.0319
  0.0319  0.0318  0.0316  0.0318  0.0318  0.0321  0.0318  0.0321  0.0318  0.0319  0.0316  0.0316
  0.0315  0.0315  0.0314  0.0314  0.0315  0.0316  0.0315  0.0316  0.0315  0.0315  0.0314  0.0314
  0.0314  0.0314  0.0314  0.0314  0.0314  0.0314  0.0314  0.0314  0.0314  0.0314  0.0314  0.0314
  0.0315  0.0315  0.0315  0.0315  0.0315  0.0315  0.0315  0.0316  0.0315  0.0315  0.0314  0.0314
  0.0319  0.0318  0.0317  0.0318  0.0318  0.0321  0.0319  0.0321  0.0318  0.0319  0.0316  0.0316
  0.0326  0.0324  0.0321  0.0323  0.0322  0.0329  0.0324  0.0330  0.0323  0.0325  0.0319  0.0319
niter,ni,del,rscale     3    3    5.0000    0.6000
parameters
   -0.0739   18.6604    2.4094  -10.0934  -22.2471  -18.5557
   -3.9288   -1.6146    3.2937   19.0127   -2.4443  -14.2644
eta,q 0.96864 12.57207
  0.0323  0.0321  0.0319  0.0320  0.0320  0.0325  0.0322  0.0325  0.0321  0.0322  0.0318  0.0318
  0.0318  0.0317  0.0316  0.0317  0.0317  0.0319  0.0317  0.0319  0.0317  0.0317  0.0315  0.0315
  0.0315  0.0314  0.0314  0.0314  0.0314  0.0315  0.0314  0.0315  0.0314  0.0315  0.0314  0.0314
  0.0314  0.0314  0.0314  0.0314  0.0314  0.0314  0.0314  0.0314  0.0314  0.0314  0.0314  0.0314
  0.0315  0.0314  0.0314  0.0315  0.0314  0.0315  0.0315  0.0315  0.0314  0.0315  0.0314  0.0314
  0.0318  0.0317  0.0316  0.0317  0.0317  0.0319  0.0317  0.0319  0.0317  0.0317  0.0315  0.0316
  0.0323  0.0321  0.0319  0.0320  0.0320  0.0325  0.0322  0.0326  0.0321  0.0322  0.0318  0.0318
niter,ni,del,rscale     2    3    5.0000    0.5000
parameters
   -0.0733   18.6585    2.4131  -10.1291  -22.2380  -18.5267
   -3.9471   -1.6190    3.2997   19.0334   -2.4489  -14.3180
eta,q 0.96864 12.57334
  0.0320  0.0319  0.0317  0.0318  0.0318  0.0322  0.0319  0.0322  0.0319  0.0320  0.0316  0.0316
  0.0316  0.0316  0.0315  0.0316  0.0316  0.0317  0.0316  0.0317  0.0316  0.0316  0.0315  0.0315
  0.0314  0.0314  0.0314  0.0314  0.0314  0.0315  0.0314  0.0315  0.0314  0.0314  0.0314  0.0314
  0.0314  0.0314  0.0314  0.0314  0.0314  0.0314  0.0314  0.0314  0.0314  0.0314  0.0314  0.0314
  0.0314  0.0314  0.0314  0.0314  0.0314  0.0314  0.0314  0.0315  0.0314  0.0314  0.0314  0.0314
  0.0317  0.0316  0.0315  0.0316  0.0316  0.0317  0.0316  0.0318  0.0316  0.0316  0.0315  0.0315
  0.0320  0.0319  0.0317  0.0319  0.0318  0.0322  0.0319  0.0322  0.0318  0.0319  0.0316  0.0316
niter,ni,del,rscale     1    3    5.0000    0.4000
parameters
   -0.0720   18.6616    2.4208  -10.1518  -22.2263  -18.5007
   -3.9652   -1.6239    3.2986   19.0340   -2.4615  -14.3465
eta,q 0.96864 12.57489
  0.0318  0.0317  0.0316  0.0317  0.0317  0.0319  0.0317  0.0319  0.0317  0.0317  0.0315  0.0315
  0.0315  0.0315  0.0315  0.0315  0.0315  0.0316  0.0315  0.0316  0.0315  0.0315  0.0314  0.0314
  0.0314  0.0314  0.0314  0.0314  0.0314  0.0314  0.0314  0.0314  0.0314  0.0314  0.0314  0.0314
  0.0314  0.0314  0.0314  0.0314  0.0314  0.0314  0.0314  0.0314  0.0314  0.0314  0.0314  0.0314
  0.0314  0.0314  0.0314  0.0314  0.0314  0.0314  0.0314  0.0314  0.0314  0.0314  0.0314  0.0314
  0.0315  0.0315  0.0315  0.0315  0.0315  0.0316  0.0315  0.0316  0.0315  0.0315  0.0314  0.0314
  0.0318  0.0317  0.0316  0.0317  0.0317  0.0319  0.0317  0.0319  0.0317  0.0317  0.0315  0.0315
registration optimization eta report
parameter search radius
    0.8000    0.8000    0.8000    2.4000    2.4000    2.4000
    2.4000    2.4000    2.4000    2.4000    2.4000    2.4000
100000*second partial in parameter space
       66.       52.       35.        5.        5.        9.
        6.        9.        6.        6.        3.        3.
  0.0318  0.0317  0.0316  0.0317  0.0317  0.0319  0.0317  0.0319  0.0317  0.0317  0.0315  0.0315
  0.0315  0.0315  0.0315  0.0315  0.0315  0.0316  0.0315  0.0316  0.0315  0.0315  0.0314  0.0314
  0.0314  0.0314  0.0314  0.0314  0.0314  0.0314  0.0314  0.0314  0.0314  0.0314  0.0314  0.0314
  0.0314  0.0314  0.0314  0.0314  0.0314  0.0314  0.0314  0.0314  0.0314  0.0314  0.0314  0.0314
  0.0314  0.0314  0.0314  0.0314  0.0314  0.0314  0.0314  0.0314  0.0314  0.0314  0.0314  0.0314
  0.0315  0.0315  0.0315  0.0315  0.0315  0.0316  0.0315  0.0316  0.0315  0.0315  0.0314  0.0314
  0.0318  0.0317  0.0316  0.0317  0.0317  0.0319  0.0317  0.0319  0.0317  0.0317  0.0315  0.0315
   -0.0720   18.6616    2.4208  -10.1518  -22.2263  -18.5007
   -3.9652   -1.6239    3.2986   19.0340   -2.4615  -14.3465
eta,q 0.96864 12.57489

---------------------------------------------------------------------
compute_vox2vox talsrcimg talsrcimg_to_711-2C_as_mni_average_305_t4 /opt/freesurfer/average/711-2C_as_mni_average_305
---------------------------------------------------------------------

freesurfer compute_vox2vox.c
Reading: talsrcimg.4dfp.ifh
Reading: talsrcimg_to_711-2C_as_mni_average_305_t4
Reading: /opt/freesurfer/average/711-2C_as_mni_average_305.4dfp.ifh
Writing: talsrcimg_to_711-2C_as_mni_average_305_t4_vox2vox.txt

start time Tue Mar 10 02:58:55 CET 2026
end		time Tue Mar 10 03:00:23 CET 2026

mpr2mni305 success

avi2talxfm orig_nu.mgz /opt/freesurfer/average/mni305.cor.mgz talsrcimg_to_711-2C_as_mni_average_305_t4_vox2vox.txt transforms/talairach.auto.xfm
avi2talxfm done
mv -f /out/sourcedata/freesurfer/sub-v1s4x0050707_ses-1/mri/talsrcimg_to_711-2C_as_mni_average_305_t4_vox2vox.txt /out/sourcedata/freesurfer/sub-v1s4x0050707_ses-1/mri/transforms/talsrcimg_to_711-2C_as_mni_average_305_t4_vox2vox.txt
lta_convert --src orig_nu.mgz --trg /opt/freesurfer/average/mni305.cor.mgz --inxfm transforms/talairach.auto.xfm --outlta transforms/talairach.auto.xfm.lta --subject fsaverage
7.3.2

--src: orig_nu.mgz src image (geometry).
--trg: /opt/freesurfer/average/mni305.cor.mgz trg image (geometry).
--inmni: transforms/talairach.auto.xfm input MNI/XFM transform.
--outlta: transforms/talairach.auto.xfm.lta output LTA.
--s: fsaverage subject name
 LTA read, type : 1
 1.11109   0.00854   0.05822  -0.88178;
 0.02422   1.17651   0.21826  -2.47345;
-0.05305  -0.28830   1.22990   1.92821;
 0.00000   0.00000   0.00000   1.00000;
setting subject to fsaverage
Writing  LTA to file transforms/talairach.auto.xfm.lta...
lta_convert successful.
 
 
Started at Tue Mar 10 02:58:55 CET 2026
Ended   at Tue Mar 10 03:00:23 CET 2026
talairach_avi done
