status file for recon-all
Tue Mar 10 03:51:41 CET 2026
#@# Tessellate lh Tue Mar 10 03:51:41 CET 2026
#@# Smooth1 lh Tue Mar 10 03:51:45 CET 2026
#@# Inflation1 lh Tue Mar 10 03:51:48 CET 2026
#@# QSphere lh Tue Mar 10 03:52:00 CET 2026
#@# Fix Topology lh Tue Mar 10 03:53:00 CET 2026
#@# Smooth2 lh Tue Mar 10 03:59:42 CET 2026
#@# Inflation2 lh Tue Mar 10 03:59:45 CET 2026
#@# Curv .H and .K lh Tue Mar 10 03:59:59 CET 2026
#@# Sphere lh Tue Mar 10 04:00:48 CET 2026
#@# Surf Reg lh Tue Mar 10 04:03:41 CET 2026
#@# Jacobian white lh Tue Mar 10 04:07:22 CET 2026
#@# AvgCurv lh Tue Mar 10 04:07:23 CET 2026
#@# Cortical Parc lh Tue Mar 10 04:07:24 CET 2026
#@# white curv lh Tue Mar 10 04:15:14 CET 2026
#@# white area lh Tue Mar 10 04:15:17 CET 2026
#@# pial curv lh Tue Mar 10 04:15:17 CET 2026
#@# pial area lh Tue Mar 10 04:15:19 CET 2026
#@# thickness lh Tue Mar 10 04:15:20 CET 2026
#@# area and vertex vol lh Tue Mar 10 04:15:53 CET 2026
#@# Curvature Stats lh Tue Mar 10 04:15:55 CET 2026
#@# Cortical Parc 2 lh Tue Mar 10 04:15:58 CET 2026
#@# Cortical Parc 3 lh Tue Mar 10 04:16:13 CET 2026
#@# WM/GM Contrast lh Tue Mar 10 04:16:24 CET 2026
recon-all -s sub-v1s4x0050685_ses-1 finished without error at Tue Mar 10 04:16:28 CET 2026



#New# invocation of recon-all 



status file for recon-all
Tue Mar 10 04:49:58 CET 2026
#@# white curv lh Tue Mar 10 04:49:58 CET 2026
#@# white area lh Tue Mar 10 04:49:58 CET 2026
#@# pial curv lh Tue Mar 10 04:49:58 CET 2026
#@# pial area lh Tue Mar 10 04:49:58 CET 2026
#@# thickness lh Tue Mar 10 04:49:58 CET 2026
#@# area and vertex vol lh Tue Mar 10 04:49:58 CET 2026
#@# Parcellation Stats lh Tue Mar 10 04:49:58 CET 2026
#@# Parcellation Stats 2 lh Tue Mar 10 04:50:18 CET 2026
#@# Parcellation Stats 3 lh Tue Mar 10 04:50:29 CET 2026
#@# BA_exvivo Labels lh Tue Mar 10 04:50:39 CET 2026
recon-all -s sub-v1s4x0050685_ses-1 finished without error at Tue Mar 10 04:53:32 CET 2026
