status file for recon-all
Tue Mar 10 02:02:25 CET 2026
#@# MotionCor Tue Mar 10 02:02:28 CET 2026
#@# Talairach Tue Mar 10 02:02:37 CET 2026
#@# Talairach Failure Detection Tue Mar 10 02:07:06 CET 2026
#@# Nu Intensity Correction Tue Mar 10 02:07:06 CET 2026
#@# Intensity Normalization Tue Mar 10 02:10:23 CET 2026
recon-all -s sub-v1s4x0050685_ses-1 finished without error at Tue Mar 10 02:12:02 CET 2026



#New# invocation of recon-all 



status file for recon-all
Tue Mar 10 02:19:15 CET 2026
#@# EM Registration Tue Mar 10 02:19:15 CET 2026
recon-all -s sub-v1s4x0050685_ses-1 finished without error at Tue Mar 10 02:21:16 CET 2026



#New# invocation of recon-all 



status file for recon-all
Tue Mar 10 02:21:20 CET 2026
#@# CA Normalize Tue Mar 10 02:21:20 CET 2026
#@# CA Reg Tue Mar 10 02:22:42 CET 2026
#@# SubCort Seg Tue Mar 10 03:13:19 CET 2026
#@# CC Seg Tue Mar 10 03:45:47 CET 2026
#@# Merge ASeg Tue Mar 10 03:46:24 CET 2026
#@# Intensity Normalization2 Tue Mar 10 03:46:24 CET 2026
#@# Mask BFS Tue Mar 10 03:48:41 CET 2026
#@# WM Segmentation Tue Mar 10 03:48:42 CET 2026
#@# Fill Tue Mar 10 03:50:33 CET 2026
recon-all -s sub-v1s4x0050685_ses-1 finished without error at Tue Mar 10 03:51:38 CET 2026



#New# invocation of recon-all 



status file for recon-all
Tue Mar 10 04:43:06 CET 2026
#@# white curv lh Tue Mar 10 04:43:06 CET 2026
#@# white area lh Tue Mar 10 04:43:06 CET 2026
#@# pial curv lh Tue Mar 10 04:43:06 CET 2026
#@# pial area lh Tue Mar 10 04:43:06 CET 2026
#@# thickness lh Tue Mar 10 04:43:06 CET 2026
#@# area and vertex vol lh Tue Mar 10 04:43:06 CET 2026
#@# white curv rh Tue Mar 10 04:43:06 CET 2026
#@# white area rh Tue Mar 10 04:43:06 CET 2026
#@# pial curv rh Tue Mar 10 04:43:06 CET 2026
#@# pial area rh Tue Mar 10 04:43:06 CET 2026
#@# thickness rh Tue Mar 10 04:43:06 CET 2026
#@# area and vertex vol rh Tue Mar 10 04:43:06 CET 2026
#@# Cortical ribbon mask Tue Mar 10 04:43:06 CET 2026
recon-all -s sub-v1s4x0050685_ses-1 finished without error at Tue Mar 10 04:49:53 CET 2026



#New# invocation of recon-all 



status file for recon-all
Tue Mar 10 04:57:15 CET 2026
#@# white curv lh Tue Mar 10 04:57:15 CET 2026
#@# white area lh Tue Mar 10 04:57:15 CET 2026
#@# pial curv lh Tue Mar 10 04:57:15 CET 2026
#@# pial area lh Tue Mar 10 04:57:15 CET 2026
#@# thickness lh Tue Mar 10 04:57:15 CET 2026
#@# area and vertex vol lh Tue Mar 10 04:57:16 CET 2026
#@# white curv rh Tue Mar 10 04:57:16 CET 2026
#@# white area rh Tue Mar 10 04:57:16 CET 2026
#@# pial curv rh Tue Mar 10 04:57:16 CET 2026
#@# pial area rh Tue Mar 10 04:57:16 CET 2026
#@# thickness rh Tue Mar 10 04:57:16 CET 2026
#@# area and vertex vol rh Tue Mar 10 04:57:16 CET 2026
#@# Curvature Stats lh Tue Mar 10 04:57:16 CET 2026
#@# Curvature Stats rh Tue Mar 10 04:57:18 CET 2026
#@# Relabel Hypointensities Tue Mar 10 04:57:21 CET 2026
#@# APas-to-ASeg Tue Mar 10 04:57:37 CET 2026
#@# AParc-to-ASeg aparc Tue Mar 10 04:57:46 CET 2026
#@# AParc-to-ASeg aparc.a2009s Tue Mar 10 04:58:17 CET 2026
#@# AParc-to-ASeg aparc.DKTatlas Tue Mar 10 04:58:48 CET 2026
#@# WMParc Tue Mar 10 04:59:20 CET 2026
#@# ASeg Stats Tue Mar 10 05:03:06 CET 2026
recon-all -s sub-v1s4x0050685_ses-1 finished without error at Tue Mar 10 05:03:46 CET 2026
