status file for recon-all
Tue Mar 10 04:30:36 CET 2026
#@# Tessellate rh Tue Mar 10 04:30:36 CET 2026
#@# Smooth1 rh Tue Mar 10 04:30:40 CET 2026
#@# Inflation1 rh Tue Mar 10 04:30:43 CET 2026
#@# QSphere rh Tue Mar 10 04:30:58 CET 2026
#@# Fix Topology rh Tue Mar 10 04:32:31 CET 2026
#@# Smooth2 rh Tue Mar 10 04:39:25 CET 2026
#@# Inflation2 rh Tue Mar 10 04:39:29 CET 2026
#@# Curv .H and .K rh Tue Mar 10 04:39:47 CET 2026
#@# Sphere rh Tue Mar 10 04:40:40 CET 2026
#@# Surf Reg rh Tue Mar 10 04:45:39 CET 2026
#@# Jacobian white rh Tue Mar 10 04:50:34 CET 2026
#@# AvgCurv rh Tue Mar 10 04:50:35 CET 2026
#@# Cortical Parc rh Tue Mar 10 04:50:36 CET 2026
#@# white curv rh Tue Mar 10 04:58:26 CET 2026
#@# white area rh Tue Mar 10 04:58:28 CET 2026
#@# pial curv rh Tue Mar 10 04:58:29 CET 2026
#@# pial area rh Tue Mar 10 04:58:31 CET 2026
#@# thickness rh Tue Mar 10 04:58:32 CET 2026
#@# area and vertex vol rh Tue Mar 10 04:59:07 CET 2026
#@# Curvature Stats rh Tue Mar 10 04:59:09 CET 2026
#@# Cortical Parc 2 rh Tue Mar 10 04:59:12 CET 2026
#@# Cortical Parc 3 rh Tue Mar 10 04:59:27 CET 2026
#@# WM/GM Contrast rh Tue Mar 10 04:59:38 CET 2026
recon-all -s sub-v1s4x0050689_ses-1 finished without error at Tue Mar 10 04:59:42 CET 2026



#New# invocation of recon-all 



status file for recon-all
Tue Mar 10 05:09:38 CET 2026
#@# white curv rh Tue Mar 10 05:09:38 CET 2026
#@# white area rh Tue Mar 10 05:09:38 CET 2026
#@# pial curv rh Tue Mar 10 05:09:38 CET 2026
#@# pial area rh Tue Mar 10 05:09:38 CET 2026
#@# thickness rh Tue Mar 10 05:09:38 CET 2026
#@# area and vertex vol rh Tue Mar 10 05:09:38 CET 2026
#@# Parcellation Stats rh Tue Mar 10 05:09:38 CET 2026
#@# Parcellation Stats 2 rh Tue Mar 10 05:10:01 CET 2026
#@# Parcellation Stats 3 rh Tue Mar 10 05:10:13 CET 2026
#@# BA_exvivo Labels rh Tue Mar 10 05:10:24 CET 2026
recon-all -s sub-v1s4x0050689_ses-1 finished without error at Tue Mar 10 05:13:29 CET 2026
