status file for recon-all
Tue Mar 10 02:07:58 CET 2026
#@# MotionCor Tue Mar 10 02:08:00 CET 2026
#@# Talairach Tue Mar 10 02:08:12 CET 2026
#@# Talairach Failure Detection Tue Mar 10 02:12:44 CET 2026
#@# Nu Intensity Correction Tue Mar 10 02:12:44 CET 2026
#@# Intensity Normalization Tue Mar 10 02:16:02 CET 2026
recon-all -s sub-v1s4x0050689_ses-1 finished without error at Tue Mar 10 02:17:43 CET 2026



#New# invocation of recon-all 



status file for recon-all
Tue Mar 10 02:24:49 CET 2026
#@# EM Registration Tue Mar 10 02:24:49 CET 2026
recon-all -s sub-v1s4x0050689_ses-1 finished without error at Tue Mar 10 02:26:49 CET 2026



#New# invocation of recon-all 



status file for recon-all
Tue Mar 10 02:26:53 CET 2026
#@# CA Normalize Tue Mar 10 02:26:53 CET 2026
#@# CA Reg Tue Mar 10 02:28:15 CET 2026
#@# SubCort Seg Tue Mar 10 03:21:54 CET 2026
#@# CC Seg Tue Mar 10 03:56:04 CET 2026
#@# Merge ASeg Tue Mar 10 03:56:44 CET 2026
#@# Intensity Normalization2 Tue Mar 10 03:56:44 CET 2026
#@# Mask BFS Tue Mar 10 03:59:10 CET 2026
#@# WM Segmentation Tue Mar 10 03:59:11 CET 2026
#@# Fill Tue Mar 10 04:01:09 CET 2026
recon-all -s sub-v1s4x0050689_ses-1 finished without error at Tue Mar 10 04:02:14 CET 2026



#New# invocation of recon-all 



status file for recon-all
Tue Mar 10 04:59:48 CET 2026
#@# white curv lh Tue Mar 10 04:59:48 CET 2026
#@# white area lh Tue Mar 10 04:59:48 CET 2026
#@# pial curv lh Tue Mar 10 04:59:48 CET 2026
#@# pial area lh Tue Mar 10 04:59:48 CET 2026
#@# thickness lh Tue Mar 10 04:59:48 CET 2026
#@# area and vertex vol lh Tue Mar 10 04:59:48 CET 2026
#@# white curv rh Tue Mar 10 04:59:48 CET 2026
#@# white area rh Tue Mar 10 04:59:48 CET 2026
#@# pial curv rh Tue Mar 10 04:59:48 CET 2026
#@# pial area rh Tue Mar 10 04:59:48 CET 2026
#@# thickness rh Tue Mar 10 04:59:48 CET 2026
#@# area and vertex vol rh Tue Mar 10 04:59:48 CET 2026
#@# Cortical ribbon mask Tue Mar 10 04:59:48 CET 2026
recon-all -s sub-v1s4x0050689_ses-1 finished without error at Tue Mar 10 05:05:39 CET 2026



#New# invocation of recon-all 



status file for recon-all
Tue Mar 10 05:13:36 CET 2026
#@# white curv lh Tue Mar 10 05:13:36 CET 2026
#@# white area lh Tue Mar 10 05:13:36 CET 2026
#@# pial curv lh Tue Mar 10 05:13:36 CET 2026
#@# pial area lh Tue Mar 10 05:13:36 CET 2026
#@# thickness lh Tue Mar 10 05:13:36 CET 2026
#@# area and vertex vol lh Tue Mar 10 05:13:36 CET 2026
#@# white curv rh Tue Mar 10 05:13:36 CET 2026
#@# white area rh Tue Mar 10 05:13:36 CET 2026
#@# pial curv rh Tue Mar 10 05:13:36 CET 2026
#@# pial area rh Tue Mar 10 05:13:36 CET 2026
#@# thickness rh Tue Mar 10 05:13:36 CET 2026
#@# area and vertex vol rh Tue Mar 10 05:13:36 CET 2026
#@# Curvature Stats lh Tue Mar 10 05:13:36 CET 2026
#@# Curvature Stats rh Tue Mar 10 05:13:39 CET 2026
#@# Relabel Hypointensities Tue Mar 10 05:13:42 CET 2026
#@# APas-to-ASeg Tue Mar 10 05:13:59 CET 2026
#@# AParc-to-ASeg aparc Tue Mar 10 05:14:09 CET 2026
#@# AParc-to-ASeg aparc.a2009s Tue Mar 10 05:14:52 CET 2026
#@# AParc-to-ASeg aparc.DKTatlas Tue Mar 10 05:15:36 CET 2026
#@# WMParc Tue Mar 10 05:16:20 CET 2026
#@# ASeg Stats Tue Mar 10 05:20:39 CET 2026
recon-all -s sub-v1s4x0050689_ses-1 finished without error at Tue Mar 10 05:21:21 CET 2026
