status file for recon-all
Tue Mar 10 04:02:18 CET 2026
#@# Tessellate lh Tue Mar 10 04:02:18 CET 2026
#@# Smooth1 lh Tue Mar 10 04:02:22 CET 2026
#@# Inflation1 lh Tue Mar 10 04:02:25 CET 2026
#@# QSphere lh Tue Mar 10 04:02:41 CET 2026
#@# Fix Topology lh Tue Mar 10 04:03:59 CET 2026
#@# Smooth2 lh Tue Mar 10 04:11:01 CET 2026
#@# Inflation2 lh Tue Mar 10 04:11:04 CET 2026
#@# Curv .H and .K lh Tue Mar 10 04:11:22 CET 2026
#@# Sphere lh Tue Mar 10 04:12:15 CET 2026
#@# Surf Reg lh Tue Mar 10 04:16:14 CET 2026
#@# Jacobian white lh Tue Mar 10 04:20:52 CET 2026
#@# AvgCurv lh Tue Mar 10 04:20:53 CET 2026
#@# Cortical Parc lh Tue Mar 10 04:20:54 CET 2026
#@# white curv lh Tue Mar 10 04:29:13 CET 2026
#@# white area lh Tue Mar 10 04:29:16 CET 2026
#@# pial curv lh Tue Mar 10 04:29:17 CET 2026
#@# pial area lh Tue Mar 10 04:29:19 CET 2026
#@# thickness lh Tue Mar 10 04:29:20 CET 2026
#@# area and vertex vol lh Tue Mar 10 04:29:56 CET 2026
#@# Curvature Stats lh Tue Mar 10 04:29:58 CET 2026
#@# Cortical Parc 2 lh Tue Mar 10 04:30:01 CET 2026
#@# Cortical Parc 3 lh Tue Mar 10 04:30:17 CET 2026
#@# WM/GM Contrast lh Tue Mar 10 04:30:28 CET 2026
recon-all -s sub-v1s4x0050689_ses-1 finished without error at Tue Mar 10 04:30:32 CET 2026



#New# invocation of recon-all 



status file for recon-all
Tue Mar 10 05:05:42 CET 2026
#@# white curv lh Tue Mar 10 05:05:42 CET 2026
#@# white area lh Tue Mar 10 05:05:42 CET 2026
#@# pial curv lh Tue Mar 10 05:05:42 CET 2026
#@# pial area lh Tue Mar 10 05:05:42 CET 2026
#@# thickness lh Tue Mar 10 05:05:42 CET 2026
#@# area and vertex vol lh Tue Mar 10 05:05:42 CET 2026
#@# Parcellation Stats lh Tue Mar 10 05:05:42 CET 2026
#@# Parcellation Stats 2 lh Tue Mar 10 05:06:05 CET 2026
#@# Parcellation Stats 3 lh Tue Mar 10 05:06:18 CET 2026
#@# BA_exvivo Labels lh Tue Mar 10 05:06:30 CET 2026
recon-all -s sub-v1s4x0050689_ses-1 finished without error at Tue Mar 10 05:09:36 CET 2026
