/out/sourcedata/freesurfer/sub-v1s4x0050701_ses-1/mri
/opt/freesurfer/bin/talairach_avi
--i orig_nu.mgz --xfm transforms/talairach.auto.xfm
talairach_avi 7.3.2
Linux dna006 5.14.0-427.37.1.el9_4.x86_64 #1 SMP PREEMPT_DYNAMIC Fri Sep 13 12:41:50 EDT 2024 x86_64 x86_64 x86_64 GNU/Linux
Tue Mar 10 02:44:23 CET 2026
mri_convert orig_nu.mgz talsrcimg.img 
reading from orig_nu.mgz...
TR=0.00, TE=0.00, TI=0.00, flip angle=0.00
i_ras = (-1, 7.45058e-09, 0)
j_ras = (7.45058e-09, 1.49012e-08, -1)
k_ras = (0, 1, 2.98023e-08)
writing to talsrcimg.img...
Analyze Output Matrix
-1.00000   0.00000   0.00000   130.77399;
 0.00000   0.00000   1.00000  -125.70736;
 0.00000  -1.00000   0.00000   104.30037;
 0.00000   0.00000   0.00000   1.00000;
--------------------
INFO: set hdr.hist.orient to -1
mpr2mni305 talsrcimg
Tue Mar 10 02:44:24 CET 2026
/opt/freesurfer/bin/mpr2mni305 talsrcimg
mpr2mni305 7.3.2
target=711-2C_as_mni_average_305

---------------------------------------------------------------------
analyzeto4dfp talsrcimg -O0 -y
---------------------------------------------------------------------

freesurfer ifh2hdr.c
Tue Mar 10 02:44:24 2026
Writing: talsrcimg.4dfp.hdr
freesurfer analyzeto4dfp.c
Reading: talsrcimg.hdr
header size 348 bytes
hdr.dime.datatype	offset=70	value=2
hdr.dime.bitpix		offset=72	value=8
hdr.hist.orient		offset=252	value=-1
dimensionality     4
dimensions       256       256       256         1
Reading: talsrcimg.img
Writing: talsrcimg.4dfp.img
Writing: talsrcimg.4dfp.ifh
ifh2hdr talsrcimg -r0to238
ori=2

---------------------------------------------------------------------
gauss_4dfp talsrcimg 1.1
---------------------------------------------------------------------

freesurfer gauss_4dfp.c
Reading: talsrcimg.4dfp.img
Writing: talsrcimg_g11.4dfp.img
image dimensions 256 256 256 padded to 288 288 288
processing volume 1freesurfer ifh2hdr.c
Tue Mar 10 02:44:26 2026
Writing: talsrcimg_g11.4dfp.hdr

Writing: talsrcimg_g11.4dfp.ifh
including: talsrcimg.4dfp.img.rec in talsrcimg_g11.4dfp.img.rec

---------------------------------------------------------------------
imgreg_4dfp /opt/freesurfer/average/711-2C_as_mni_average_305 none talsrcimg_g11 none talsrcimg_to_711-2C_as_mni_average_305_t4 4355
---------------------------------------------------------------------

freesurfer imgreg_4dfp.c
/opt/freesurfer/average/711-2C_as_mni_average_305.4dfp.img
       256       256       256         1
  1.000000  1.000000  1.000000
orientation T byte_order littleendian
Reading image: /opt/freesurfer/average/711-2C_as_mni_average_305.4dfp.img
dimensions:      256       256       256
mmppix:       1.0000   -1.0000   -1.0000
center:     128.0000 -129.0000 -129.0000
talsrcimg_g11.4dfp.img
       256       256       256         1
  1.000000  1.000000  1.000000
orientation T byte_order littleendian
Reading image: talsrcimg_g11.4dfp.img
dimensions:      256       256       256
mmppix:       1.0000   -1.0000   -1.0000
center:     128.0000 -129.0000 -129.0000
t4_read: open error in t4_sub.f l:  41 t4_file(1:l)talsrcimg_to_711-2C_as_mni_average_305_t4 
t4_read: transform initialized to I4
rotation matrix determinant  1.000000
image alignment mode   4355 decimal     1103 hex
   -7.5000  -45.0000  -45.0000 8549.6973   17.5338
    0.0000  -45.0000  -45.0000 8895.0908   17.5164
    7.5000  -45.0000  -45.0000 8570.3193   17.4874
   -7.5000  -37.5000  -45.0000 9008.8730   17.4254
    0.0000  -37.5000  -45.0000 9379.3018   17.3998
    7.5000  -37.5000  -45.0000 9010.0732   17.3689
   -7.5000  -30.0000  -45.0000 9815.2881   17.4223
    0.0000  -30.0000  -45.000010233.7676   17.3886
    7.5000  -30.0000  -45.0000 9809.1162   17.3557
   -7.5000  -22.5000  -45.000010584.1689   17.4357
    0.0000  -22.5000  -45.000011044.6885   17.4028
    7.5000  -22.5000  -45.000010565.6992   17.3708
   -7.5000  -15.0000  -45.000011142.9824   17.4439
    0.0000  -15.0000  -45.000011614.8320   17.4198
    7.5000  -15.0000  -45.000011121.9043   17.3909
   -7.5000   -7.5000  -45.000011505.2871   17.4407
    0.0000   -7.5000  -45.000012003.4209   17.4244
    7.5000   -7.5000  -45.000011483.0303   17.3971
   -7.5000    0.0000  -45.000011763.9131   17.4287
    0.0000    0.0000  -45.000012320.9834   17.4118
    7.5000    0.0000  -45.000011746.5312   17.3835
   -7.5000    7.5000  -45.000011161.5645   17.4184
    0.0000    7.5000  -45.000011691.9922   17.3929
    7.5000    7.5000  -45.000011138.9229   17.3620
   -7.5000   15.0000  -45.000010513.3643   17.4333
    0.0000   15.0000  -45.000011015.1357   17.3993
    7.5000   15.0000  -45.000010500.6816   17.3663
   -7.5000   22.5000  -45.0000 9825.9385   17.5732
    0.0000   22.5000  -45.000010302.0879   17.5404
    7.5000   22.5000  -45.0000 9825.6885   17.5085
   -7.5000   30.0000  -45.0000 9156.7070   17.6453
    0.0000   30.0000  -45.0000 9619.5928   17.6230
    7.5000   30.0000  -45.0000 9152.3584   17.5943
   -7.5000   37.5000  -45.0000 8825.1318   18.1224
    0.0000   37.5000  -45.0000 9249.8135   18.1111
    7.5000   37.5000  -45.0000 8809.9541   18.0805
   -7.5000   45.0000  -45.0000 8219.3604   18.1776
    0.0000   45.0000  -45.0000 8625.4570   18.1538
    7.5000   45.0000  -45.0000 8207.6543   18.1214
   -7.5000  -45.0000  -37.5000 9107.6543   17.5232
    0.0000  -45.0000  -37.5000 9496.7676   17.5000
    7.5000  -45.0000  -37.5000 9122.8711   17.4696
   -7.5000  -37.5000  -37.5000 9625.8203   17.4116
    0.0000  -37.5000  -37.500010057.2275   17.3841
    7.5000  -37.5000  -37.5000 9623.3066   17.3535
   -7.5000  -30.0000  -37.500010478.7129   17.4051
    0.0000  -30.0000  -37.500010940.4766   17.3733
    7.5000  -30.0000  -37.500010477.2979   17.3422
   -7.5000  -22.5000  -37.500011318.2432   17.4195
    0.0000  -22.5000  -37.500011801.5957   17.3881
    7.5000  -22.5000  -37.500011292.3213   17.3571
   -7.5000  -15.0000  -37.500011910.9873   17.4316
    0.0000  -15.0000  -37.500012435.6191   17.4047
    7.5000  -15.0000  -37.500011890.9268   17.3747
   -7.5000   -7.5000  -37.500012302.0840   17.4306
    0.0000   -7.5000  -37.500012867.9600   17.4080
    7.5000   -7.5000  -37.500012288.3242   17.3786
   -7.5000    0.0000  -37.500012566.4375   17.4179
    0.0000    0.0000  -37.500013174.4131   17.3953
    7.5000    0.0000  -37.500012587.1250   17.3657
   -7.5000    7.5000  -37.500011910.1182   17.4045
    0.0000    7.5000  -37.500012485.4209   17.3771
    7.5000    7.5000  -37.500011903.0020   17.3466
   -7.5000   15.0000  -37.500011205.3516   17.4158
    0.0000   15.0000  -37.500011752.1641   17.3838
    7.5000   15.0000  -37.500011178.4404   17.3527
   -7.5000   22.5000  -37.500010469.0020   17.5572
    0.0000   22.5000  -37.500010993.8438   17.5261
    7.5000   22.5000  -37.500010454.8711   17.4956
   -7.5000   30.0000  -37.5000 9730.5117   17.6321
    0.0000   30.0000  -37.500010241.1094   17.6074
    7.5000   30.0000  -37.5000 9735.7158   17.5797
   -7.5000   37.5000  -37.5000 9327.0088   18.1145
    0.0000   37.5000  -37.5000 9814.1123   18.0963
    7.5000   37.5000  -37.5000 9327.7832   18.0651
   -7.5000   45.0000  -37.5000 8669.3193   18.1693
    0.0000   45.0000  -37.5000 9102.3623   18.1401
    7.5000   45.0000  -37.5000 8667.3096   18.1049
   -7.5000  -45.0000  -30.0000 9783.4971   18.2259
    0.0000  -45.0000  -30.000010225.6963   18.1952
    7.5000  -45.0000  -30.0000 9829.4385   18.1658
   -7.5000  -37.5000  -30.000010373.9814   18.1243
    0.0000  -37.5000  -30.000010871.3174   18.0898
    7.5000  -37.5000  -30.000010420.9326   18.0607
   -7.5000  -30.0000  -30.000011291.1836   18.1264
    0.0000  -30.0000  -30.000011818.8955   18.0902
    7.5000  -30.0000  -30.000011345.5293   18.0605
   -7.5000  -22.5000  -30.000012184.0732   18.1354
    0.0000  -22.5000  -30.000012741.7305   18.1027
    7.5000  -22.5000  -30.000012212.3789   18.0720
   -7.5000  -15.0000  -30.000012816.9570   18.1342
    0.0000  -15.0000  -30.000013427.1680   18.1060
    7.5000  -15.0000  -30.000012826.0918   18.0752
   -7.5000   -7.5000  -30.000013291.6270   18.1247
    0.0000   -7.5000  -30.000013879.1797   18.0975
    7.5000   -7.5000  -30.000013228.2178   18.0680
   -7.5000    0.0000  -30.000013562.5889   18.1165
    0.0000    0.0000  -30.000014194.3955   18.0866
    7.5000    0.0000  -30.000013538.5020   18.0579
   -7.5000    7.5000  -30.000012831.8154   18.1170
    0.0000    7.5000  -30.000013432.3955   18.0825
    7.5000    7.5000  -30.000012776.8154   18.0536
   -7.5000   15.0000  -30.000012054.5010   18.1374
    0.0000   15.0000  -30.000012656.2754   18.1013
    7.5000   15.0000  -30.000011993.9082   18.0717
   -7.5000   22.5000  -30.000011233.6484   18.2782
    0.0000   22.5000  -30.000011831.1680   18.2460
    7.5000   22.5000  -30.000011207.9912   18.2160
   -7.5000   30.0000  -30.000010444.7559   18.3478
    0.0000   30.0000  -30.000011017.7529   18.3216
    7.5000   30.0000  -30.000010452.9482   18.2949
   -7.5000   37.5000  -30.0000 9994.4785   18.8454
    0.0000   37.5000  -30.000010543.4883   18.8210
    7.5000   37.5000  -30.000010006.1182   18.7888
   -7.5000   45.0000  -30.0000 9269.4463   18.9214
    0.0000   45.0000  -30.0000 9763.4707   18.8835
    7.5000   45.0000  -30.0000 9271.6514   18.8460
   -7.5000  -45.0000  -22.500010438.3896   18.8204
    0.0000  -45.0000  -22.500010950.8662   18.7901
    7.5000  -45.0000  -22.500010483.4658   18.7652
   -7.5000  -37.5000  -22.500011089.0068   18.7346
    0.0000  -37.5000  -22.500011654.8457   18.6955
    7.5000  -37.5000  -22.500011160.9922   18.6693
   -7.5000  -30.0000  -22.500012055.0996   18.7499
    0.0000  -30.0000  -22.500012669.4551   18.7074
    7.5000  -30.0000  -22.500012142.1553   18.6780
   -7.5000  -22.5000  -22.500012977.9180   18.7518
    0.0000  -22.5000  -22.500013586.2412   18.7163
    7.5000  -22.5000  -22.500013018.6904   18.6853
   -7.5000  -15.0000  -22.500013694.6963   18.7316
    0.0000  -15.0000  -22.500014335.5713   18.7055
    7.5000  -15.0000  -22.500013697.9980   18.6763
   -7.5000   -7.5000  -22.500014159.0977   18.7103
    0.0000   -7.5000  -22.500014811.9355   18.6868
    7.5000   -7.5000  -22.500014120.1816   18.6611
   -7.5000    0.0000  -22.500014448.1758   18.7079
    0.0000    0.0000  -22.500015129.3994   18.6784
    7.5000    0.0000  -22.500014426.0645   18.6542
   -7.5000    7.5000  -22.500013645.4951   18.7272
    0.0000    7.5000  -22.500014324.3105   18.6882
    7.5000    7.5000  -22.500013611.0322   18.6619
   -7.5000   15.0000  -22.500012833.8535   18.7618
    0.0000   15.0000  -22.500013517.6582   18.7193
    7.5000   15.0000  -22.500012801.4258   18.6900
   -7.5000   22.5000  -22.500011974.5117   18.8992
    0.0000   22.5000  -22.500012643.5674   18.8642
    7.5000   22.5000  -22.500011939.9756   18.8336
   -7.5000   30.0000  -22.500011136.1680   18.9595
    0.0000   30.0000  -22.500011777.7490   18.9349
    7.5000   30.0000  -22.500011137.7754   18.9092
   -7.5000   37.5000  -22.500010648.9648   19.4624
    0.0000   37.5000  -22.500011251.9902   19.4402
    7.5000   37.5000  -22.500010655.0068   19.4091
   -7.5000   45.0000  -22.5000 9849.5146   19.5593
    0.0000   45.0000  -22.500010376.1924   19.5189
    7.5000   45.0000  -22.5000 9831.7314   19.4843
   -7.5000  -45.0000  -15.000011079.2383   19.2730
    0.0000  -45.0000  -15.000011606.3320   19.2476
    7.5000  -45.0000  -15.000011103.0791   19.2240
   -7.5000  -37.5000  -15.000011766.7861   19.1903
    0.0000  -37.5000  -15.000012356.3408   19.1509
    7.5000  -37.5000  -15.000011817.2285   19.1236
   -7.5000  -30.0000  -15.000012792.7812   19.2102
    0.0000  -30.0000  -15.000013430.6963   19.1631
    7.5000  -30.0000  -15.000012840.4863   19.1304
   -7.5000  -22.5000  -15.000013732.4502   19.2103
    0.0000  -22.5000  -15.000014386.6064   19.1712
    7.5000  -22.5000  -15.000013737.7363   19.1376
   -7.5000  -15.0000  -15.000014537.5439   19.1841
    0.0000  -15.0000  -15.000015211.6035   19.1597
    7.5000  -15.0000  -15.000014482.6553   19.1307
   -7.5000   -7.5000  -15.000015023.4531   19.1593
    0.0000   -7.5000  -15.000015731.2979   19.1415
    7.5000   -7.5000  -15.000014992.0664   19.1178
   -7.5000    0.0000  -15.000015338.8477   19.1582
    0.0000    0.0000  -15.000016099.2090   19.1335
    7.5000    0.0000  -15.000015310.8633   19.1105
   -7.5000    7.5000  -15.000014469.2959   19.1828
    0.0000    7.5000  -15.000015240.1211   19.1434
    7.5000    7.5000  -15.000014430.2090   19.1162
   -7.5000   15.0000  -15.000013608.6230   19.2226
    0.0000   15.0000  -15.000014383.1084   19.1756
    7.5000   15.0000  -15.000013569.2344   19.1429
   -7.5000   22.5000  -15.000012686.8096   19.3600
    0.0000   22.5000  -15.000013453.6846   19.3212
    7.5000   22.5000  -15.000012659.7373   19.2876
   -7.5000   30.0000  -15.000011787.6221   19.4217
    0.0000   30.0000  -15.000012506.0801   19.3986
    7.5000   30.0000  -15.000011806.0283   19.3713
   -7.5000   37.5000  -15.000011290.1230   19.9300
    0.0000   37.5000  -15.000011913.3213   19.9139
    7.5000   37.5000  -15.000011293.1064   19.8830
   -7.5000   45.0000  -15.000010414.2227   20.0386
    0.0000   45.0000  -15.000010970.7852   20.0021
    7.5000   45.0000  -15.000010396.3770   19.9698
   -7.5000  -45.0000   -7.500011688.6836   19.5354
    0.0000  -45.0000   -7.500012231.7412   19.5146
    7.5000  -45.0000   -7.500011722.8691   19.4865
   -7.5000  -37.5000   -7.500012426.0156   19.4355
    0.0000  -37.5000   -7.500013025.9424   19.4012
    7.5000  -37.5000   -7.500012469.9189   19.3693
   -7.5000  -30.0000   -7.500013514.5908   19.4454
    0.0000  -30.0000   -7.500014166.5264   19.4011
    7.5000  -30.0000   -7.500013584.1709   19.3648
   -7.5000  -22.5000   -7.500014500.4639   19.4517
    0.0000  -22.5000   -7.500015197.9229   19.4123
    7.5000  -22.5000   -7.500014521.2256   19.3765
   -7.5000  -15.0000   -7.500015377.0156   19.4403
    0.0000  -15.0000   -7.500016083.2773   19.4154
    7.5000  -15.0000   -7.500015337.6895   19.3847
   -7.5000   -7.5000   -7.500015952.2617   19.4248
    0.0000   -7.5000   -7.500016707.5801   19.4092
    7.5000   -7.5000   -7.500015926.3594   19.3825
   -7.5000    0.0000   -7.500016289.3047   19.4188
    0.0000    0.0000   -7.500017084.2969   19.3986
    7.5000    0.0000   -7.500016280.4443   19.3712
   -7.5000    7.5000   -7.500015369.8184   19.4278
    0.0000    7.5000   -7.500016169.8037   19.3936
    7.5000    7.5000   -7.500015384.6436   19.3617
   -7.5000   15.0000   -7.500014437.2490   19.4580
    0.0000   15.0000   -7.500015248.4219   19.4135
    7.5000   15.0000   -7.500014439.0107   19.3770
   -7.5000   22.5000   -7.500013414.4590   19.5997
    0.0000   22.5000   -7.500014198.9775   19.5603
    7.5000   22.5000   -7.500013424.9395   19.5244
   -7.5000   30.0000   -7.500012469.9307   19.6766
    0.0000   30.0000   -7.500013223.9014   19.6532
    7.5000   30.0000   -7.500012486.4541   19.6227
   -7.5000   37.5000   -7.500011937.8574   20.1969
    0.0000   37.5000   -7.500012647.8760   20.1854
    7.5000   37.5000   -7.500011963.3955   20.1523
   -7.5000   45.0000   -7.500011005.0508   20.3052
    0.0000   45.0000   -7.500011631.8018   20.2753
    7.5000   45.0000   -7.500010992.3164   20.2414
   -7.5000  -45.0000    0.000012239.1533   19.6112
    0.0000  -45.0000    0.000012794.2744   19.5918
    7.5000  -45.0000    0.000012279.2080   19.5593
   -7.5000  -37.5000    0.000012994.4648   19.4902
    0.0000  -37.5000    0.000013589.8516   19.4616
    7.5000  -37.5000    0.000013033.1191   19.4271
   -7.5000  -30.0000    0.000014131.7031   19.4865
    0.0000  -30.0000    0.000014776.1631   19.4488
    7.5000  -30.0000    0.000014165.0791   19.4121
   -7.5000  -22.5000    0.000015127.7227   19.5010
    0.0000  -22.5000    0.000015820.3330   19.4643
    7.5000  -22.5000    0.000015140.0713   19.4285
   -7.5000  -15.0000    0.000016039.0947   19.5100
    0.0000  -15.0000    0.000016773.4258   19.4831
    7.5000  -15.0000    0.000016044.7334   19.4507
   -7.5000   -7.5000    0.000016740.6660   19.5066
    0.0000   -7.5000    0.000017514.2070   19.4884
    7.5000   -7.5000    0.000016731.1855   19.4580
   -7.5000    0.0000    0.000017198.5781   19.4936
    0.0000    0.0000    0.000018050.0859   19.4748
    7.5000    0.0000    0.000017257.0352   19.4431
   -7.5000    7.5000    0.000016251.3721   19.4824
    0.0000    7.5000    0.000017092.0410   19.4539
    7.5000    7.5000    0.000016307.5898   19.4194
   -7.5000   15.0000    0.000015205.5928   19.4988
    0.0000   15.0000    0.000015982.2578   19.4609
    7.5000   15.0000    0.000015247.2900   19.4239
   -7.5000   22.5000    0.000014070.4121   19.6483
    0.0000   22.5000    0.000014838.5352   19.6118
    7.5000   22.5000    0.000014131.2783   19.5761
   -7.5000   30.0000    0.000013087.4629   19.7427
    0.0000   30.0000    0.000013850.7139   19.7178
    7.5000   30.0000    0.000013109.6562   19.6857
   -7.5000   37.5000    0.000012558.3115   20.2765
    0.0000   37.5000    0.000013305.6631   20.2639
    7.5000   37.5000    0.000012574.2188   20.2296
   -7.5000   45.0000    0.000011597.6504   20.3784
    0.0000   45.0000    0.000012249.4053   20.3517
    7.5000   45.0000    0.000011529.9375   20.3154
   -7.5000  -45.0000    7.500011847.1221   19.6085
    0.0000  -45.0000    7.500012380.0713   19.5825
    7.5000  -45.0000    7.500011877.6143   19.5486
   -7.5000  -37.5000    7.500012591.0020   19.4836
    0.0000  -37.5000    7.500013142.2959   19.4529
    7.5000  -37.5000    7.500012595.7275   19.4187
   -7.5000  -30.0000    7.500013682.3398   19.4765
    0.0000  -30.0000    7.500014277.5928   19.4408
    7.5000  -30.0000    7.500013704.6875   19.4060
   -7.5000  -22.5000    7.500014614.3096   19.4926
    0.0000  -22.5000    7.500015212.2178   19.4574
    7.5000  -22.5000    7.500014630.7021   19.4227
   -7.5000  -15.0000    7.500015477.4258   19.5061
    0.0000  -15.0000    7.500016106.6064   19.4760
    7.5000  -15.0000    7.500015517.8467   19.4424
   -7.5000   -7.5000    7.500016209.5693   19.5049
    0.0000   -7.5000    7.500016947.9062   19.4796
    7.5000   -7.5000    7.500016211.9062   19.4468
   -7.5000    0.0000    7.500016747.4238   19.4907
    0.0000    0.0000    7.500017632.0469   19.4654
    7.5000    0.0000    7.500016839.1758   19.4323
   -7.5000    7.5000    7.500015867.8506   19.4758
    0.0000    7.5000    7.500016618.1641   19.4451
    7.5000    7.5000    7.500015914.8789   19.4110
   -7.5000   15.0000    7.500014839.9658   19.4884
    0.0000   15.0000    7.500015497.2666   19.4526
    7.5000   15.0000    7.500014831.6035   19.4178
   -7.5000   22.5000    7.500013667.3438   19.6403
    0.0000   22.5000    7.500014348.8525   19.6055
    7.5000   22.5000    7.500013715.4795   19.5713
   -7.5000   30.0000    7.500012673.5332   19.7381
    0.0000   30.0000    7.500013387.3262   19.7105
    7.5000   30.0000    7.500012669.5049   19.6794
   -7.5000   37.5000    7.500012144.4902   20.2781
    0.0000   37.5000    7.500012842.0088   20.2577
    7.5000   37.5000    7.500012115.0869   20.2228
   -7.5000   45.0000    7.500011212.5742   20.3793
    0.0000   45.0000    7.500011799.1777   20.3467
    7.5000   45.0000    7.500011143.5566   20.3072
   -7.5000  -45.0000   15.000011363.1963   19.5716
    0.0000  -45.0000   15.000011840.2246   19.5387
    7.5000  -45.0000   15.000011378.3896   19.5071
   -7.5000  -37.5000   15.000012070.8096   19.4625
    0.0000  -37.5000   15.000012555.0527   19.4254
    7.5000  -37.5000   15.000012066.0498   19.3942
   -7.5000  -30.0000   15.000013108.3740   19.4647
    0.0000  -30.0000   15.000013608.9668   19.4259
    7.5000  -30.0000   15.000013115.6797   19.3940
   -7.5000  -22.5000   15.000014001.2793   19.4744
    0.0000  -22.5000   15.000014526.0996   19.4394
    7.5000  -22.5000   15.000013999.2002   19.4064
   -7.5000  -15.0000   15.000014812.4434   19.4732
    0.0000  -15.0000   15.000015382.8164   19.4428
    7.5000  -15.0000   15.000014796.1914   19.4098
   -7.5000   -7.5000   15.000015480.7627   19.4629
    0.0000   -7.5000   15.000016192.3730   19.4338
    7.5000   -7.5000   15.000015478.0537   19.4021
   -7.5000    0.0000   15.000015990.2441   19.4542
    0.0000    0.0000   15.000016811.0176   19.4221
    7.5000    0.0000   15.000016009.5215   19.3912
   -7.5000    7.5000   15.000015196.2773   19.4547
    0.0000    7.5000   15.000015935.2520   19.4176
    7.5000    7.5000   15.000015135.9912   19.3866
   -7.5000   15.0000   15.000014224.9248   19.4766
    0.0000   15.0000   15.000014916.5908   19.4378
    7.5000   15.0000   15.000014172.2520   19.4061
   -7.5000   22.5000   15.000013069.5518   19.6234
    0.0000   22.5000   15.000013783.9580   19.5889
    7.5000   22.5000   15.000013116.0488   19.5567
   -7.5000   30.0000   15.000012062.9170   19.7083
    0.0000   30.0000   15.000012734.6055   19.6802
    7.5000   30.0000   15.000012109.8623   19.6515
   -7.5000   37.5000   15.000011548.6416   20.2428
    0.0000   37.5000   15.000012169.3535   20.2166
    7.5000   37.5000   15.000011574.2002   20.1820
   -7.5000   45.0000   15.000010658.3027   20.3514
    0.0000   45.0000   15.000011163.1133   20.3106
    7.5000   45.0000   15.000010641.3535   20.2703
   -7.5000  -45.0000   22.500010755.3721   19.5373
    0.0000  -45.0000   22.500011233.9111   19.5059
    7.5000  -45.0000   22.500010811.9736   19.4800
   -7.5000  -37.5000   22.500011463.0957   19.4483
    0.0000  -37.5000   22.500011929.0820   19.4077
    7.5000  -37.5000   22.500011483.9463   19.3804
   -7.5000  -30.0000   22.500012488.7939   19.4642
    0.0000  -30.0000   22.500012972.5371   19.4200
    7.5000  -30.0000   22.500012481.8232   19.3895
   -7.5000  -22.5000   22.500013334.2324   19.4662
    0.0000  -22.5000   22.500013863.0176   19.4293
    7.5000  -22.5000   22.500013296.0898   19.3971
   -7.5000  -15.0000   22.500014053.2666   19.4452
    0.0000  -15.0000   22.500014594.5508   19.4180
    7.5000  -15.0000   22.500014019.7549   19.3878
   -7.5000   -7.5000   22.500014625.9336   19.4230
    0.0000   -7.5000   22.500015264.8301   19.3986
    7.5000   -7.5000   22.500014611.4629   19.3719
   -7.5000    0.0000   22.500015065.0205   19.4206
    0.0000    0.0000   22.500015710.2559   19.3899
    7.5000    0.0000   22.500015057.7783   19.3647
   -7.5000    7.5000   22.500014265.3623   19.4406
    0.0000    7.5000   22.500014848.4795   19.4001
    7.5000    7.5000   22.500014247.3652   19.3728
   -7.5000   15.0000   22.500013322.5850   19.4765
    0.0000   15.0000   22.500013903.1436   19.4324
    7.5000   15.0000   22.500013353.7383   19.4020
   -7.5000   22.5000   22.500012291.8623   19.6162
    0.0000   22.5000   22.500012875.8926   19.5798
    7.5000   22.5000   22.500012350.8809   19.5481
   -7.5000   30.0000   22.500011384.3604   19.6845
    0.0000   30.0000   22.500011964.0723   19.6589
    7.5000   30.0000   22.500011445.5186   19.6323
   -7.5000   37.5000   22.500010926.1035   20.2067
    0.0000   37.5000   22.500011487.0273   20.1835
    7.5000   37.5000   22.500010977.4697   20.1513
   -7.5000   45.0000   22.500010076.9775   20.3220
    0.0000   45.0000   22.500010556.6465   20.2800
    7.5000   45.0000   22.500010094.5127   20.2441
   -7.5000  -45.0000   30.000010093.0293   19.5526
    0.0000  -45.0000   30.000010559.2080   19.5268
    7.5000  -45.0000   30.000010153.7412   19.5028
   -7.5000  -37.5000   30.000010767.9004   19.4685
    0.0000  -37.5000   30.000011223.9131   19.4286
    7.5000  -37.5000   30.000010788.0420   19.4009
   -7.5000  -30.0000   30.000011710.9287   19.4888
    0.0000  -30.0000   30.000012166.2959   19.4409
    7.5000  -30.0000   30.000011699.3613   19.4079
   -7.5000  -22.5000   30.000012471.1123   19.4889
    0.0000  -22.5000   30.000012971.6377   19.4492
    7.5000  -22.5000   30.000012461.0430   19.4152
   -7.5000  -15.0000   30.000013054.5967   19.4623
    0.0000  -15.0000   30.000013592.5918   19.4376
    7.5000  -15.0000   30.000013075.2275   19.4082
   -7.5000   -7.5000   30.000013566.7148   19.4371
    0.0000   -7.5000   30.000014137.0312   19.4191
    7.5000   -7.5000   30.000013602.2168   19.3950
   -7.5000    0.0000   30.000013969.5674   19.4360
    0.0000    0.0000   30.000014506.6943   19.4109
    7.5000    0.0000   30.000013956.3037   19.3876
   -7.5000    7.5000   30.000013201.8721   19.4609
    0.0000    7.5000   30.000013723.4355   19.4210
    7.5000    7.5000   30.000013205.1543   19.3933
   -7.5000   15.0000   30.000012315.1250   19.5014
    0.0000   15.0000   30.000012830.2822   19.4537
    7.5000   15.0000   30.000012369.2715   19.4205
   -7.5000   22.5000   30.000011366.0537   19.6388
    0.0000   22.5000   30.000011861.9951   19.5994
    7.5000   22.5000   30.000011414.1768   19.5654
   -7.5000   30.0000   30.000010577.6045   19.7037
    0.0000   30.0000   30.000011043.0742   19.6803
    7.5000   30.0000   30.000010599.7773   19.6526
   -7.5000   37.5000   30.000010198.6836   20.2198
    0.0000   37.5000   30.000010667.9014   20.2035
    7.5000   37.5000   30.000010204.5664   20.1722
   -7.5000   45.0000   30.0000 9406.7549   20.3358
    0.0000   45.0000   30.0000 9840.3379   20.2987
    7.5000   45.0000   30.0000 9403.1006   20.2660
   -7.5000  -45.0000   37.5000 9786.7891   19.7456
    0.0000  -45.0000   37.500010225.6816   19.7242
    7.5000  -45.0000   37.5000 9841.7051   19.6956
   -7.5000  -37.5000   37.500010416.4775   19.6439
    0.0000  -37.5000   37.500010855.5039   19.6085
    7.5000  -37.5000   37.500010447.1045   19.5760
   -7.5000  -30.0000   37.500011299.3926   19.6540
    0.0000  -30.0000   37.500011754.7510   19.6086
    7.5000  -30.0000   37.500011299.3838   19.5719
   -7.5000  -22.5000   37.500012021.4619   19.6604
    0.0000  -22.5000   37.500012539.7881   19.6203
    7.5000  -22.5000   37.500012026.0830   19.5844
   -7.5000  -15.0000   37.500012589.6475   19.6487
    0.0000  -15.0000   37.500013124.8818   19.6235
    7.5000  -15.0000   37.500012603.5947   19.5929
   -7.5000   -7.5000   37.500013043.2461   19.6329
    0.0000   -7.5000   37.500013620.3047   19.6170
    7.5000   -7.5000   37.500013077.5781   19.5902
   -7.5000    0.0000   37.500013399.3867   19.6267
    0.0000    0.0000   37.500013952.2754   19.6059
    7.5000    0.0000   37.500013407.9648   19.5781
   -7.5000    7.5000   37.500012664.6494   19.6361
    0.0000    7.5000   37.500013178.6348   19.6007
    7.5000    7.5000   37.500012663.3047   19.5682
   -7.5000   15.0000   37.500011804.0166   19.6668
    0.0000   15.0000   37.500012309.2588   19.6213
    7.5000   15.0000   37.500011839.4590   19.5843
   -7.5000   22.5000   37.500010890.4512   19.8113
    0.0000   22.5000   37.500011362.0684   19.7713
    7.5000   22.5000   37.500010939.3633   19.7353
   -7.5000   30.0000   37.500010138.2891   19.8924
    0.0000   30.0000   37.500010567.9990   19.8689
    7.5000   30.0000   37.500010146.9756   19.8384
   -7.5000   37.5000   37.5000 9780.4717   20.4232
    0.0000   37.5000   37.500010233.2861   20.4115
    7.5000   37.5000   37.5000 9775.5098   20.3782
   -7.5000   45.0000   37.5000 9069.3594   20.5394
    0.0000   45.0000   37.5000 9474.3545   20.5086
    7.5000   45.0000   37.5000 9052.9287   20.4739
   -7.5000  -45.0000   45.0000 9031.6631   19.9412
    0.0000  -45.0000   45.0000 9460.6650   19.9222
    7.5000  -45.0000   45.0000 9089.5195   19.8876
   -7.5000  -37.5000   45.0000 9596.6768   19.8177
    0.0000  -37.5000   45.000010038.9375   19.7893
    7.5000  -37.5000   45.0000 9632.2227   19.7518
   -7.5000  -30.0000   45.000010432.5781   19.8156
    0.0000  -30.0000   45.000010881.5186   19.7771
    7.5000  -30.0000   45.000010437.5791   19.7371
   -7.5000  -22.5000   45.000011090.6992   19.8300
    0.0000  -22.5000   45.000011589.0117   19.7917
    7.5000  -22.5000   45.000011097.3018   19.7530
   -7.5000  -15.0000   45.000011587.1084   19.8371
    0.0000  -15.0000   45.000012112.5830   19.8087
    7.5000  -15.0000   45.000011610.5146   19.7743
   -7.5000   -7.5000   45.000011999.8867   19.8319
    0.0000   -7.5000   45.000012532.6230   19.8133
    7.5000   -7.5000   45.000012018.1992   19.7812
   -7.5000    0.0000   45.000012279.6543   19.8189
    0.0000    0.0000   45.000012814.1650   19.8005
    7.5000    0.0000   45.000012287.1416   19.7667
   -7.5000    7.5000   45.000011576.1572   19.8095
    0.0000    7.5000   45.000012089.2520   19.7812
    7.5000    7.5000   45.000011594.6807   19.7438
   -7.5000   15.0000   45.000010811.6055   19.8284
    0.0000   15.0000   45.000011305.6309   19.7896
    7.5000   15.0000   45.000010834.7119   19.7494
   -7.5000   22.5000   45.0000 9981.3018   19.9835
    0.0000   22.5000   45.000010438.9492   19.9453
    7.5000   22.5000   45.000010000.2998   19.9067
   -7.5000   30.0000   45.0000 9283.3555   20.0838
    0.0000   30.0000   45.0000 9695.8447   20.0574
    7.5000   30.0000   45.0000 9279.0791   20.0232
   -7.5000   37.5000   45.0000 8939.4922   20.6385
    0.0000   37.5000   45.0000 9368.3506   20.6257
    7.5000   37.5000   45.0000 8958.1836   20.5895
   -7.5000   45.0000   45.0000 8293.4219   20.7689
    0.0000   45.0000   45.0000 8693.0010   20.7424
    7.5000   45.0000   45.0000 8308.8564   20.7035

---------------------------------------------------------------------
imgreg_4dfp /opt/freesurfer/average/711-2C_as_mni_average_305 /opt/freesurfer/average/711-2B_as_mni_average_305_mask talsrcimg_g11 none talsrcimg_to_711-2C_as_mni_average_305_t4 4355
---------------------------------------------------------------------

freesurfer imgreg_4dfp.c
/opt/freesurfer/average/711-2C_as_mni_average_305.4dfp.img
       256       256       256         1
  1.000000  1.000000  1.000000
orientation T byte_order littleendian
Reading image: /opt/freesurfer/average/711-2C_as_mni_average_305.4dfp.img
dimensions:      256       256       256
mmppix:       1.0000   -1.0000   -1.0000
center:     128.0000 -129.0000 -129.0000
/opt/freesurfer/average/711-2B_as_mni_average_305_mask.4dfp.img
       256       256       256         1
  1.000000  1.000000  1.000000
orientation T byte_order littleendian
Reading mask: /opt/freesurfer/average/711-2B_as_mni_average_305_mask.4dfp.img (2306576 pixels)
talsrcimg_g11.4dfp.img
       256       256       256         1
  1.000000  1.000000  1.000000
orientation T byte_order littleendian
Reading image: talsrcimg_g11.4dfp.img
dimensions:      256       256       256
mmppix:       1.0000   -1.0000   -1.0000
center:     128.0000 -129.0000 -129.0000
rotation matrix determinant  1.000000
image alignment mode   4355 decimal     1103 hex
   -7.5000  -45.0000  -45.0000 2134.1086   22.8305
    0.0000  -45.0000  -45.0000 2151.4238   22.7917
    7.5000  -45.0000  -45.0000 2129.7251   23.0277
   -7.5000  -37.5000  -45.0000 2174.9468   22.0349
    0.0000  -37.5000  -45.0000 2186.0322   22.0133
    7.5000  -37.5000  -45.0000 2169.5918   22.1905
   -7.5000  -30.0000  -45.0000 2214.2705   21.4525
    0.0000  -30.0000  -45.0000 2225.2124   21.4672
    7.5000  -30.0000  -45.0000 2215.1733   21.5615
   -7.5000  -22.5000  -45.0000 2248.8230   21.0135
    0.0000  -22.5000  -45.0000 2256.5728   20.9957
    7.5000  -22.5000  -45.0000 2241.9285   21.0835
   -7.5000  -15.0000  -45.0000 2272.3574   20.6900
    0.0000  -15.0000  -45.0000 2277.9514   20.6332
    7.5000  -15.0000  -45.0000 2263.5991   20.7000
   -7.5000   -7.5000  -45.0000 2284.0557   20.3566
    0.0000   -7.5000  -45.0000 2292.4092   20.3237
    7.5000   -7.5000  -45.0000 2269.3167   20.4495
   -7.5000    0.0000  -45.0000 2288.3423   20.1918
    0.0000    0.0000  -45.0000 2300.2927   20.0819
    7.5000    0.0000  -45.0000 2269.3999   20.3040
   -7.5000    7.5000  -45.0000 2281.3999   20.1972
    0.0000    7.5000  -45.0000 2296.9597   20.1213
    7.5000    7.5000  -45.0000 2267.2092   20.3069
   -7.5000   15.0000  -45.0000 2272.9395   20.4703
    0.0000   15.0000  -45.0000 2283.4705   20.4437
    7.5000   15.0000  -45.0000 2255.9451   20.6335
   -7.5000   22.5000  -45.0000 2248.7625   21.2698
    0.0000   22.5000  -45.0000 2256.7573   21.2291
    7.5000   22.5000  -45.0000 2229.2495   21.4152
   -7.5000   30.0000  -45.0000 2190.8574   22.4254
    0.0000   30.0000  -45.0000 2204.2183   22.3560
    7.5000   30.0000  -45.0000 2176.0566   22.6044
   -7.5000   37.5000  -45.0000 2117.8735   23.8755
    0.0000   37.5000  -45.0000 2125.4194   23.7682
    7.5000   37.5000  -45.0000 2100.9929   24.0732
   -7.5000   45.0000  -45.0000 2024.8994   25.8383
    0.0000   45.0000  -45.0000 2028.7812   25.6387
    7.5000   45.0000  -45.0000 2004.0756   26.0237
   -7.5000  -45.0000  -37.5000 2235.0596   20.8470
    0.0000  -45.0000  -37.5000 2252.1875   20.8413
    7.5000  -45.0000  -37.5000 2233.2556   20.9934
   -7.5000  -37.5000  -37.5000 2280.6926   20.1603
    0.0000  -37.5000  -37.5000 2298.8875   20.1737
    7.5000  -37.5000  -37.5000 2274.1174   20.2420
   -7.5000  -30.0000  -37.5000 2323.6902   19.6405
    0.0000  -30.0000  -37.5000 2334.6873   19.6277
    7.5000  -30.0000  -37.5000 2317.5496   19.7014
   -7.5000  -22.5000  -37.5000 2358.8262   19.2468
    0.0000  -22.5000  -37.5000 2368.3833   19.1939
    7.5000  -22.5000  -37.5000 2345.8506   19.2588
   -7.5000  -15.0000  -37.5000 2375.9785   18.9816
    0.0000  -15.0000  -37.5000 2383.5796   18.8765
    7.5000  -15.0000  -37.5000 2363.4146   18.9503
   -7.5000   -7.5000  -37.5000 2389.6152   18.7851
    0.0000   -7.5000  -37.5000 2400.8015   18.6953
    7.5000   -7.5000  -37.5000 2374.8774   18.7855
   -7.5000    0.0000  -37.5000 2390.7991   18.6447
    0.0000    0.0000  -37.5000 2403.4600   18.5578
    7.5000    0.0000  -37.5000 2378.1753   18.6907
   -7.5000    7.5000  -37.5000 2385.4104   18.7312
    0.0000    7.5000  -37.5000 2396.0579   18.6406
    7.5000    7.5000  -37.5000 2367.6484   18.7781
   -7.5000   15.0000  -37.5000 2373.8120   19.0459
    0.0000   15.0000  -37.5000 2384.1658   18.9426
    7.5000   15.0000  -37.5000 2353.4111   19.1323
   -7.5000   22.5000  -37.5000 2353.3647   19.7087
    0.0000   22.5000  -37.5000 2362.7029   19.6374
    7.5000   22.5000  -37.5000 2329.3828   19.8188
   -7.5000   30.0000  -37.5000 2296.1995   20.6822
    0.0000   30.0000  -37.5000 2308.3481   20.6106
    7.5000   30.0000  -37.5000 2274.7805   20.8193
   -7.5000   37.5000  -37.5000 2210.0952   21.9632
    0.0000   37.5000  -37.5000 2220.8296   21.9121
    7.5000   37.5000  -37.5000 2189.9639   22.1417
   -7.5000   45.0000  -37.5000 2106.4890   23.7433
    0.0000   45.0000  -37.5000 2113.3096   23.6303
    7.5000   45.0000  -37.5000 2091.7825   23.8713
   -7.5000  -45.0000  -30.0000 2369.1711   19.7411
    0.0000  -45.0000  -30.0000 2386.2009   19.7339
    7.5000  -45.0000  -30.0000 2368.8206   19.9358
   -7.5000  -37.5000  -30.0000 2422.7463   19.1406
    0.0000  -37.5000  -30.0000 2442.3574   19.1468
    7.5000  -37.5000  -30.0000 2413.3667   19.2789
   -7.5000  -30.0000  -30.0000 2466.5139   18.6449
    0.0000  -30.0000  -30.0000 2480.6948   18.6069
    7.5000  -30.0000  -30.0000 2458.8203   18.7332
   -7.5000  -22.5000  -30.0000 2498.8188   18.2911
    0.0000  -22.5000  -30.0000 2510.8596   18.1996
    7.5000  -22.5000  -30.0000 2485.2825   18.3103
   -7.5000  -15.0000  -30.0000 2514.4119   17.9941
    0.0000  -15.0000  -30.0000 2530.3118   17.9214
    7.5000  -15.0000  -30.0000 2502.4155   17.9890
   -7.5000   -7.5000  -30.0000 2541.4177   17.8482
    0.0000   -7.5000  -30.0000 2545.9558   17.7365
    7.5000   -7.5000  -30.0000 2513.0913   17.7837
   -7.5000    0.0000  -30.0000 2544.7324   17.8001
    0.0000    0.0000  -30.0000 2546.8557   17.6898
    7.5000    0.0000  -30.0000 2518.4807   17.6897
   -7.5000    7.5000  -30.0000 2537.5728   17.9761
    0.0000    7.5000  -30.0000 2541.5029   17.8353
    7.5000    7.5000  -30.0000 2511.6890   17.9268
   -7.5000   15.0000  -30.0000 2520.9834   18.3064
    0.0000   15.0000  -30.0000 2533.2974   18.2196
    7.5000   15.0000  -30.0000 2496.7642   18.3477
   -7.5000   22.5000  -30.0000 2494.6489   18.9242
    0.0000   22.5000  -30.0000 2512.1050   18.8798
    7.5000   22.5000  -30.0000 2473.0537   19.0270
   -7.5000   30.0000  -30.0000 2439.6555   19.8070
    0.0000   30.0000  -30.0000 2453.1262   19.7715
    7.5000   30.0000  -30.0000 2419.3901   19.9283
   -7.5000   37.5000  -30.0000 2347.2161   20.9918
    0.0000   37.5000  -30.0000 2364.2622   20.9570
    7.5000   37.5000  -30.0000 2332.3025   21.1191
   -7.5000   45.0000  -30.0000 2227.6558   22.6810
    0.0000   45.0000  -30.0000 2249.7874   22.5644
    7.5000   45.0000  -30.0000 2222.1199   22.7559
   -7.5000  -45.0000  -22.5000 2481.1348   18.7390
    0.0000  -45.0000  -22.5000 2499.2964   18.6727
    7.5000  -45.0000  -22.5000 2479.6113   18.8657
   -7.5000  -37.5000  -22.5000 2534.4226   18.1406
    0.0000  -37.5000  -22.5000 2555.0244   18.1025
    7.5000  -37.5000  -22.5000 2528.3909   18.2323
   -7.5000  -30.0000  -22.5000 2568.4541   17.6149
    0.0000  -30.0000  -22.5000 2592.5518   17.5716
    7.5000  -30.0000  -22.5000 2568.8667   17.7087
   -7.5000  -22.5000  -22.5000 2596.0679   17.2454
    0.0000  -22.5000  -22.5000 2611.8271   17.1587
    7.5000  -22.5000  -22.5000 2590.5378   17.2937
   -7.5000  -15.0000  -22.5000 2619.6650   16.9570
    0.0000  -15.0000  -22.5000 2634.9600   16.8462
    7.5000  -15.0000  -22.5000 2609.5186   16.9643
   -7.5000   -7.5000  -22.5000 2648.7383   16.7637
    0.0000   -7.5000  -22.5000 2656.1008   16.6548
    7.5000   -7.5000  -22.5000 2630.3838   16.7359
   -7.5000    0.0000  -22.5000 2660.4893   16.7169
    0.0000    0.0000  -22.5000 2666.2000   16.6005
    7.5000    0.0000  -22.5000 2634.4734   16.6685
   -7.5000    7.5000  -22.5000 2657.5161   16.9820
    0.0000    7.5000  -22.5000 2666.8982   16.8613
    7.5000    7.5000  -22.5000 2636.4700   16.9102
   -7.5000   15.0000  -22.5000 2647.3442   17.3994
    0.0000   15.0000  -22.5000 2666.5605   17.3074
    7.5000   15.0000  -22.5000 2627.1426   17.3734
   -7.5000   22.5000  -22.5000 2617.3027   18.0259
    0.0000   22.5000  -22.5000 2644.6150   17.9543
    7.5000   22.5000  -22.5000 2602.0713   18.0647
   -7.5000   30.0000  -22.5000 2554.5293   18.8507
    0.0000   30.0000  -22.5000 2579.3643   18.7822
    7.5000   30.0000  -22.5000 2544.4543   18.9453
   -7.5000   37.5000  -22.5000 2459.7690   19.9672
    0.0000   37.5000  -22.5000 2484.3320   19.8707
    7.5000   37.5000  -22.5000 2452.5591   20.0436
   -7.5000   45.0000  -22.5000 2338.4749   21.5292
    0.0000   45.0000  -22.5000 2360.0117   21.3969
    7.5000   45.0000  -22.5000 2331.2114   21.5614
   -7.5000  -45.0000  -15.0000 2548.0603   17.9277
    0.0000  -45.0000  -15.0000 2567.1895   17.8263
    7.5000  -45.0000  -15.0000 2548.4028   17.9530
   -7.5000  -37.5000  -15.0000 2590.8523   17.2916
    0.0000  -37.5000  -15.0000 2619.9731   17.1952
    7.5000  -37.5000  -15.0000 2597.0271   17.3047
   -7.5000  -30.0000  -15.0000 2631.4502   16.7593
    0.0000  -30.0000  -15.0000 2658.8984   16.6522
    7.5000  -30.0000  -15.0000 2636.7224   16.7781
   -7.5000  -22.5000  -15.0000 2659.6194   16.3888
    0.0000  -22.5000  -15.0000 2679.2307   16.2312
    7.5000  -22.5000  -15.0000 2660.5547   16.3675
   -7.5000  -15.0000  -15.0000 2693.8418   16.0863
    0.0000  -15.0000  -15.0000 2706.7847   15.9293
    7.5000  -15.0000  -15.0000 2677.6860   16.0463
   -7.5000   -7.5000  -15.0000 2724.7803   15.8305
    0.0000   -7.5000  -15.0000 2741.7595   15.6958
    7.5000   -7.5000  -15.0000 2714.2461   15.8022
   -7.5000    0.0000  -15.0000 2746.1848   15.7354
    0.0000    0.0000  -15.0000 2766.1750   15.5923
    7.5000    0.0000  -15.0000 2730.9817   15.7166
   -7.5000    7.5000  -15.0000 2755.5642   15.9782
    0.0000    7.5000  -15.0000 2771.3669   15.8596
    7.5000    7.5000  -15.0000 2736.2400   15.9205
   -7.5000   15.0000  -15.0000 2743.4058   16.4856
    0.0000   15.0000  -15.0000 2767.9126   16.3719
    7.5000   15.0000  -15.0000 2728.6533   16.4316
   -7.5000   22.5000  -15.0000 2711.5566   17.1488
    0.0000   22.5000  -15.0000 2744.1785   17.0352
    7.5000   22.5000  -15.0000 2701.7231   17.1192
   -7.5000   30.0000  -15.0000 2642.2634   17.9214
    0.0000   30.0000  -15.0000 2671.7620   17.8551
    7.5000   30.0000  -15.0000 2635.8313   17.9712
   -7.5000   37.5000  -15.0000 2546.6978   18.9933
    0.0000   37.5000  -15.0000 2564.9763   18.8883
    7.5000   37.5000  -15.0000 2536.1584   19.0573
   -7.5000   45.0000  -15.0000 2419.1716   20.4950
    0.0000   45.0000  -15.0000 2438.6899   20.3455
    7.5000   45.0000  -15.0000 2409.9619   20.5210
   -7.5000  -45.0000   -7.5000 2589.2532   17.2862
    0.0000  -45.0000   -7.5000 2608.2856   17.1428
    7.5000  -45.0000   -7.5000 2595.1394   17.2767
   -7.5000  -37.5000   -7.5000 2628.5979   16.6113
    0.0000  -37.5000   -7.5000 2654.5640   16.4797
    7.5000  -37.5000   -7.5000 2639.5173   16.6026
   -7.5000  -30.0000   -7.5000 2668.0486   16.0370
    0.0000  -30.0000   -7.5000 2692.5186   15.8940
    7.5000  -30.0000   -7.5000 2678.8774   16.0365
   -7.5000  -22.5000   -7.5000 2699.6545   15.6469
    0.0000  -22.5000   -7.5000 2723.3528   15.4706
    7.5000  -22.5000   -7.5000 2705.7708   15.6076
   -7.5000  -15.0000   -7.5000 2736.4700   15.3503
    0.0000  -15.0000   -7.5000 2755.4688   15.1803
    7.5000  -15.0000   -7.5000 2729.9084   15.3236
   -7.5000   -7.5000   -7.5000 2777.5757   15.1224
    0.0000   -7.5000   -7.5000 2805.6770   14.9667
    7.5000   -7.5000   -7.5000 2774.1277   15.1163
   -7.5000    0.0000   -7.5000 2812.2668   14.9865
    0.0000    0.0000   -7.5000 2844.1343   14.7959
    7.5000    0.0000   -7.5000 2804.2517   15.0227
   -7.5000    7.5000   -7.5000 2832.9548   15.1528
    0.0000    7.5000   -7.5000 2856.1394   14.9714
    7.5000    7.5000   -7.5000 2820.9099   15.1566
   -7.5000   15.0000   -7.5000 2821.5474   15.6629
    0.0000   15.0000   -7.5000 2851.7817   15.4918
    7.5000   15.0000   -7.5000 2814.4382   15.6179
   -7.5000   22.5000   -7.5000 2786.5571   16.3100
    0.0000   22.5000   -7.5000 2818.5732   16.1593
    7.5000   22.5000   -7.5000 2781.9609   16.2775
   -7.5000   30.0000   -7.5000 2709.4873   17.1351
    0.0000   30.0000   -7.5000 2740.6462   17.0151
    7.5000   30.0000   -7.5000 2709.7690   17.1645
   -7.5000   37.5000   -7.5000 2610.2820   18.1876
    0.0000   37.5000   -7.5000 2630.8206   18.0716
    7.5000   37.5000   -7.5000 2601.7793   18.2851
   -7.5000   45.0000   -7.5000 2474.0076   19.6335
    0.0000   45.0000   -7.5000 2495.2561   19.4846
    7.5000   45.0000   -7.5000 2467.3198   19.7475
   -7.5000  -45.0000    0.0000 2612.3337   16.8911
    0.0000  -45.0000    0.0000 2637.0063   16.7022
    7.5000  -45.0000    0.0000 2620.8130   16.9045
   -7.5000  -37.5000    0.0000 2643.6587   16.1880
    0.0000  -37.5000    0.0000 2672.4426   15.9811
    7.5000  -37.5000    0.0000 2652.1985   16.1606
   -7.5000  -30.0000    0.0000 2681.7195   15.5941
    0.0000  -30.0000    0.0000 2707.9700   15.3772
    7.5000  -30.0000    0.0000 2689.4392   15.5663
   -7.5000  -22.5000    0.0000 2721.1025   15.1566
    0.0000  -22.5000    0.0000 2744.4719   14.9334
    7.5000  -22.5000    0.0000 2722.6814   15.0856
   -7.5000  -15.0000    0.0000 2757.7854   14.8619
    0.0000  -15.0000    0.0000 2780.6912   14.6464
    7.5000  -15.0000    0.0000 2755.3667   14.8250
   -7.5000   -7.5000    0.0000 2807.5269   14.6743
    0.0000   -7.5000    0.0000 2837.6868   14.4687
    7.5000   -7.5000    0.0000 2809.0671   14.6256
   -7.5000    0.0000    0.0000 2858.5190   14.6270
    0.0000    0.0000    0.0000 2891.0027   14.3677
    7.5000    0.0000    0.0000 2849.5312   14.5781
   -7.5000    7.5000    0.0000 2894.1748   14.6856
    0.0000    7.5000    0.0000 2921.6675   14.4572
    7.5000    7.5000    0.0000 2873.5728   14.7100
   -7.5000   15.0000    0.0000 2884.6919   15.1058
    0.0000   15.0000    0.0000 2915.4980   14.8784
    7.5000   15.0000    0.0000 2872.9153   15.1098
   -7.5000   22.5000    0.0000 2831.8818   15.7220
    0.0000   22.5000    0.0000 2871.3057   15.5468
    7.5000   22.5000    0.0000 2836.4570   15.7266
   -7.5000   30.0000    0.0000 2748.0771   16.6166
    0.0000   30.0000    0.0000 2788.8350   16.3832
    7.5000   30.0000    0.0000 2753.3311   16.5694
   -7.5000   37.5000    0.0000 2642.8049   17.7494
    0.0000   37.5000    0.0000 2668.5437   17.5515
    7.5000   37.5000    0.0000 2640.6763   17.7426
   -7.5000   45.0000    0.0000 2505.8997   19.1770
    0.0000   45.0000    0.0000 2524.4019   18.9794
    7.5000   45.0000    0.0000 2495.5493   19.2005
   -7.5000  -45.0000    7.5000 2615.2927   16.6486
    0.0000  -45.0000    7.5000 2646.3074   16.4211
    7.5000  -45.0000    7.5000 2634.5950   16.6370
   -7.5000  -37.5000    7.5000 2644.9814   15.9453
    0.0000  -37.5000    7.5000 2673.9019   15.6988
    7.5000  -37.5000    7.5000 2655.7180   15.9097
   -7.5000  -30.0000    7.5000 2677.5874   15.3812
    0.0000  -30.0000    7.5000 2706.4546   15.1052
    7.5000  -30.0000    7.5000 2686.9126   15.2992
   -7.5000  -22.5000    7.5000 2718.0928   14.9474
    0.0000  -22.5000    7.5000 2743.0286   14.6598
    7.5000  -22.5000    7.5000 2722.5452   14.8546
   -7.5000  -15.0000    7.5000 2758.6655   14.6237
    0.0000  -15.0000    7.5000 2783.1257   14.3239
    7.5000  -15.0000    7.5000 2764.5554   14.5530
   -7.5000   -7.5000    7.5000 2819.0212   14.4511
    0.0000   -7.5000    7.5000 2842.4055   14.1383
    7.5000   -7.5000    7.5000 2818.2488   14.3708
   -7.5000    0.0000    7.5000 2875.6462   14.4955
    0.0000    0.0000    7.5000 2907.4031   14.2174
    7.5000    0.0000    7.5000 2872.4800   14.3926
   -7.5000    7.5000    7.5000 2916.9199   14.6266
    0.0000    7.5000    7.5000 2959.4409   14.3611
    7.5000    7.5000    7.5000 2907.0295   14.5382
   -7.5000   15.0000    7.5000 2914.8955   14.8872
    0.0000   15.0000    7.5000 2957.7256   14.6217
    7.5000   15.0000    7.5000 2903.3120   14.8478
   -7.5000   22.5000    7.5000 2855.8032   15.4219
    0.0000   22.5000    7.5000 2900.6086   15.1409
    7.5000   22.5000    7.5000 2868.0173   15.3691
   -7.5000   30.0000    7.5000 2767.7190   16.2840
    0.0000   30.0000    7.5000 2807.8396   15.9973
    7.5000   30.0000    7.5000 2776.7627   16.2029
   -7.5000   37.5000    7.5000 2652.4373   17.4882
    0.0000   37.5000    7.5000 2678.0256   17.2958
    7.5000   37.5000    7.5000 2652.7881   17.4481
   -7.5000   45.0000    7.5000 2508.8003   19.0160
    0.0000   45.0000    7.5000 2525.0464   18.8279
    7.5000   45.0000    7.5000 2503.1887   18.9675
   -7.5000  -45.0000   15.0000 2603.0615   16.6582
    0.0000  -45.0000   15.0000 2636.3140   16.3509
    7.5000  -45.0000   15.0000 2623.4856   16.5875
   -7.5000  -37.5000   15.0000 2628.7280   15.9316
    0.0000  -37.5000   15.0000 2661.4902   15.5944
    7.5000  -37.5000   15.0000 2645.1333   15.8543
   -7.5000  -30.0000   15.0000 2657.8430   15.3633
    0.0000  -30.0000   15.0000 2687.6748   14.9940
    7.5000  -30.0000   15.0000 2668.9253   15.2660
   -7.5000  -22.5000   15.0000 2697.1621   14.9786
    0.0000  -22.5000   15.0000 2722.2087   14.5861
    7.5000  -22.5000   15.0000 2705.2192   14.8635
   -7.5000  -15.0000   15.0000 2739.1704   14.6708
    0.0000  -15.0000   15.0000 2764.9177   14.2928
    7.5000  -15.0000   15.0000 2746.2114   14.5057
   -7.5000   -7.5000   15.0000 2797.7905   14.5127
    0.0000   -7.5000   15.0000 2824.4929   14.1557
    7.5000   -7.5000   15.0000 2798.7856   14.3298
   -7.5000    0.0000   15.0000 2856.2734   14.5528
    0.0000    0.0000   15.0000 2894.8530   14.2796
    7.5000    0.0000   15.0000 2857.6924   14.3967
   -7.5000    7.5000   15.0000 2901.3313   14.7254
    0.0000    7.5000   15.0000 2951.4243   14.4373
    7.5000    7.5000   15.0000 2898.3440   14.5779
   -7.5000   15.0000   15.0000 2904.5735   15.0437
    0.0000   15.0000   15.0000 2944.5774   14.7366
    7.5000   15.0000   15.0000 2900.3564   14.8976
   -7.5000   22.5000   15.0000 2847.4893   15.4891
    0.0000   22.5000   15.0000 2890.7781   15.2726
    7.5000   22.5000   15.0000 2855.8557   15.4148
   -7.5000   30.0000   15.0000 2752.0725   16.2837
    0.0000   30.0000   15.0000 2789.2317   16.0599
    7.5000   30.0000   15.0000 2760.4656   16.2332
   -7.5000   37.5000   15.0000 2633.8992   17.4821
    0.0000   37.5000   15.0000 2661.7068   17.2469
    7.5000   37.5000   15.0000 2638.3281   17.4323
   -7.5000   45.0000   15.0000 2490.7234   19.0382
    0.0000   45.0000   15.0000 2507.6643   18.7943
    7.5000   45.0000   15.0000 2491.1809   18.9557
   -7.5000  -45.0000   22.5000 2572.1228   16.9162
    0.0000  -45.0000   22.5000 2607.4829   16.5707
    7.5000  -45.0000   22.5000 2598.3159   16.8679
   -7.5000  -37.5000   22.5000 2595.0918   16.2168
    0.0000  -37.5000   22.5000 2627.1152   15.8380
    7.5000  -37.5000   22.5000 2617.1272   16.0833
   -7.5000  -30.0000   22.5000 2625.8386   15.6747
    0.0000  -30.0000   22.5000 2651.0056   15.2664
    7.5000  -30.0000   22.5000 2637.4517   15.5121
   -7.5000  -22.5000   22.5000 2662.1619   15.2929
    0.0000  -22.5000   22.5000 2687.0820   14.9100
    7.5000  -22.5000   22.5000 2668.4482   15.0953
   -7.5000  -15.0000   22.5000 2697.3557   14.9267
    0.0000  -15.0000   22.5000 2724.7473   14.5753
    7.5000  -15.0000   22.5000 2710.4912   14.7399
   -7.5000   -7.5000   22.5000 2753.0774   14.7633
    0.0000   -7.5000   22.5000 2781.7144   14.3768
    7.5000   -7.5000   22.5000 2761.8665   14.5719
   -7.5000    0.0000   22.5000 2817.5396   14.8102
    0.0000    0.0000   22.5000 2852.1304   14.4395
    7.5000    0.0000   22.5000 2821.4011   14.6226
   -7.5000    7.5000   22.5000 2858.6555   15.0075
    0.0000    7.5000   22.5000 2904.1465   14.5783
    7.5000    7.5000   22.5000 2860.5146   14.8090
   -7.5000   15.0000   22.5000 2853.4333   15.3612
    0.0000   15.0000   22.5000 2893.6162   15.0032
    7.5000   15.0000   22.5000 2856.0200   15.1928
   -7.5000   22.5000   22.5000 2797.7463   15.9020
    0.0000   22.5000   22.5000 2839.0332   15.6165
    7.5000   22.5000   22.5000 2803.6079   15.8040
   -7.5000   30.0000   22.5000 2710.1401   16.7065
    0.0000   30.0000   22.5000 2745.5979   16.4907
    7.5000   30.0000   22.5000 2715.1926   16.6381
   -7.5000   37.5000   22.5000 2597.0134   17.8460
    0.0000   37.5000   22.5000 2625.9983   17.6231
    7.5000   37.5000   22.5000 2598.6589   17.7907
   -7.5000   45.0000   22.5000 2453.9365   19.3324
    0.0000   45.0000   22.5000 2478.2710   19.1294
    7.5000   45.0000   22.5000 2458.1052   19.2984
   -7.5000  -45.0000   30.0000 2514.5535   17.5331
    0.0000  -45.0000   30.0000 2552.6208   17.1323
    7.5000  -45.0000   30.0000 2542.6306   17.4375
   -7.5000  -37.5000   30.0000 2542.5645   16.8099
    0.0000  -37.5000   30.0000 2574.8159   16.3914
    7.5000  -37.5000   30.0000 2563.0872   16.6546
   -7.5000  -30.0000   30.0000 2571.7803   16.2488
    0.0000  -30.0000   30.0000 2599.0986   15.8267
    7.5000  -30.0000   30.0000 2584.6238   16.0480
   -7.5000  -22.5000   30.0000 2604.7178   15.8229
    0.0000  -22.5000   30.0000 2642.4468   15.4267
    7.5000  -22.5000   30.0000 2620.5095   15.5791
   -7.5000  -15.0000   30.0000 2638.4888   15.4681
    0.0000  -15.0000   30.0000 2677.8699   15.0582
    7.5000  -15.0000   30.0000 2661.3953   15.2376
   -7.5000   -7.5000   30.0000 2699.3279   15.2902
    0.0000   -7.5000   30.0000 2729.2222   14.9182
    7.5000   -7.5000   30.0000 2711.3079   15.0963
   -7.5000    0.0000   30.0000 2755.1167   15.3200
    0.0000    0.0000   30.0000 2785.3789   14.9201
    7.5000    0.0000   30.0000 2761.0852   15.1205
   -7.5000    7.5000   30.0000 2783.5645   15.5165
    0.0000    7.5000   30.0000 2820.6899   15.0934
    7.5000    7.5000   30.0000 2790.7427   15.3143
   -7.5000   15.0000   30.0000 2771.1201   15.9526
    0.0000   15.0000   30.0000 2801.6917   15.6023
    7.5000   15.0000   30.0000 2778.1367   15.7869
   -7.5000   22.5000   30.0000 2722.9131   16.5452
    0.0000   22.5000   30.0000 2750.2358   16.2547
    7.5000   22.5000   30.0000 2724.4910   16.4380
   -7.5000   30.0000   30.0000 2640.5781   17.3791
    0.0000   30.0000   30.0000 2670.7249   17.1403
    7.5000   30.0000   30.0000 2644.5564   17.3083
   -7.5000   37.5000   30.0000 2539.9177   18.4829
    0.0000   37.5000   30.0000 2570.4563   18.2741
    7.5000   37.5000   30.0000 2542.4463   18.4336
   -7.5000   45.0000   30.0000 2402.3740   19.9490
    0.0000   45.0000   30.0000 2432.5361   19.7612
    7.5000   45.0000   30.0000 2410.4214   19.9492
   -7.5000  -45.0000   37.5000 2448.1638   18.4050
    0.0000  -45.0000   37.5000 2486.5134   17.9947
    7.5000  -45.0000   37.5000 2479.4531   18.2122
   -7.5000  -37.5000   37.5000 2485.7625   17.6116
    0.0000  -37.5000   37.5000 2519.7527   17.1505
    7.5000  -37.5000   37.5000 2512.0701   17.3913
   -7.5000  -30.0000   37.5000 2513.1333   16.9811
    0.0000  -30.0000   37.5000 2543.4375   16.5570
    7.5000  -30.0000   37.5000 2532.8391   16.7555
   -7.5000  -22.5000   37.5000 2551.3098   16.4986
    0.0000  -22.5000   37.5000 2590.4241   16.1147
    7.5000  -22.5000   37.5000 2571.5137   16.2765
   -7.5000  -15.0000   37.5000 2588.2146   16.1786
    0.0000  -15.0000   37.5000 2631.4221   15.7934
    7.5000  -15.0000   37.5000 2612.0898   15.9371
   -7.5000   -7.5000   37.5000 2633.6799   16.0312
    0.0000   -7.5000   37.5000 2673.3984   15.6559
    7.5000   -7.5000   37.5000 2653.7842   15.8291
   -7.5000    0.0000   37.5000 2674.8093   16.0493
    0.0000    0.0000   37.5000 2710.2830   15.6823
    7.5000    0.0000   37.5000 2687.5134   15.8935
   -7.5000    7.5000   37.5000 2695.7480   16.2804
    0.0000    7.5000   37.5000 2729.8337   15.9250
    7.5000    7.5000   37.5000 2701.5005   16.1198
   -7.5000   15.0000   37.5000 2672.1255   16.7681
    0.0000   15.0000   37.5000 2703.7554   16.4377
    7.5000   15.0000   37.5000 2680.8281   16.6082
   -7.5000   22.5000   37.5000 2623.2275   17.4027
    0.0000   22.5000   37.5000 2650.3291   17.1092
    7.5000   22.5000   37.5000 2632.4163   17.3157
   -7.5000   30.0000   37.5000 2553.6147   18.2768
    0.0000   30.0000   37.5000 2577.6274   18.0017
    7.5000   30.0000   37.5000 2555.7600   18.2031
   -7.5000   37.5000   37.5000 2464.9875   19.3568
    0.0000   37.5000   37.5000 2494.0220   19.1092
    7.5000   37.5000   37.5000 2463.3503   19.2921
   -7.5000   45.0000   37.5000 2349.3696   20.8525
    0.0000   45.0000   37.5000 2373.5024   20.6392
    7.5000   45.0000   37.5000 2348.7976   20.7997
   -7.5000  -45.0000   45.0000 2383.5762   19.4407
    0.0000  -45.0000   45.0000 2420.1304   19.0903
    7.5000  -45.0000   45.0000 2415.0422   19.2442
   -7.5000  -37.5000   45.0000 2422.2649   18.5449
    0.0000  -37.5000   45.0000 2458.6440   18.1526
    7.5000  -37.5000   45.0000 2453.7026   18.2958
   -7.5000  -30.0000   45.0000 2451.0164   17.9018
    0.0000  -30.0000   45.0000 2485.6521   17.5238
    7.5000  -30.0000   45.0000 2478.5562   17.6686
   -7.5000  -22.5000   45.0000 2489.4756   17.4181
    0.0000  -22.5000   45.0000 2529.2957   17.0555
    7.5000  -22.5000   45.0000 2514.2920   17.1770
   -7.5000  -15.0000   45.0000 2522.7629   17.1409
    0.0000  -15.0000   45.0000 2566.3938   16.8000
    7.5000  -15.0000   45.0000 2552.2373   16.9134
   -7.5000   -7.5000   45.0000 2558.3735   16.9977
    0.0000   -7.5000   45.0000 2598.6040   16.6638
    7.5000   -7.5000   45.0000 2581.5608   16.8087
   -7.5000    0.0000   45.0000 2585.4094   17.0260
    0.0000    0.0000   45.0000 2620.9932   16.7054
    7.5000    0.0000   45.0000 2598.2334   16.8772
   -7.5000    7.5000   45.0000 2596.0525   17.2612
    0.0000    7.5000   45.0000 2630.1614   16.9970
    7.5000    7.5000   45.0000 2605.4976   17.1732
   -7.5000   15.0000   45.0000 2570.4819   17.7972
    0.0000   15.0000   45.0000 2604.3359   17.5288
    7.5000   15.0000   45.0000 2583.2358   17.6786
   -7.5000   22.5000   45.0000 2523.1677   18.5353
    0.0000   22.5000   45.0000 2552.1780   18.2700
    7.5000   22.5000   45.0000 2532.6809   18.4418
   -7.5000   30.0000   45.0000 2461.4321   19.4471
    0.0000   30.0000   45.0000 2483.0735   19.2108
    7.5000   30.0000   45.0000 2464.7810   19.3792
   -7.5000   37.5000   45.0000 2375.5759   20.4801
    0.0000   37.5000   45.0000 2406.6321   20.2176
    7.5000   37.5000   45.0000 2383.6426   20.3993
   -7.5000   45.0000   45.0000 2277.6565   21.9040
    0.0000   45.0000   45.0000 2306.1016   21.6690
    7.5000   45.0000   45.0000 2283.5010   21.8470

---------------------------------------------------------------------
imgreg_4dfp /opt/freesurfer/average/711-2C_as_mni_average_305 /opt/freesurfer/average/711-2B_as_mni_average_305_mask talsrcimg_g11 none talsrcimg_to_711-2C_as_mni_average_305_t4 1283
---------------------------------------------------------------------

freesurfer imgreg_4dfp.c
/opt/freesurfer/average/711-2C_as_mni_average_305.4dfp.img
       256       256       256         1
  1.000000  1.000000  1.000000
orientation T byte_order littleendian
Reading image: /opt/freesurfer/average/711-2C_as_mni_average_305.4dfp.img
dimensions:      256       256       256
mmppix:       1.0000   -1.0000   -1.0000
center:     128.0000 -129.0000 -129.0000
/opt/freesurfer/average/711-2B_as_mni_average_305_mask.4dfp.img
       256       256       256         1
  1.000000  1.000000  1.000000
orientation T byte_order littleendian
Reading mask: /opt/freesurfer/average/711-2B_as_mni_average_305_mask.4dfp.img (2306576 pixels)
talsrcimg_g11.4dfp.img
       256       256       256         1
  1.000000  1.000000  1.000000
orientation T byte_order littleendian
Reading image: talsrcimg_g11.4dfp.img
dimensions:      256       256       256
mmppix:       1.0000   -1.0000   -1.0000
center:     128.0000 -129.0000 -129.0000
rotation matrix determinant  1.000000
fimgreg.f
image alignment mode   1283 decimal      503 hex
parameters
    0.0000    7.5000    7.5000    0.0000    0.0000    0.0000
eta,q 0.92763 14.43410
niter,ni,del,rscale     5    3   12.0000    1.2000
parameter  2 -0.646920 -> -0.500000 qaram    1.1500
parameter  4  0.969398 ->  0.500000 qaram    1.1500
parameters
   -0.9964   10.9500    8.9899   -3.4500   -1.5164    1.3361
eta,q 0.93830 14.28686
  0.0814  0.0862  0.0809  0.0632  0.0660  0.0708
  0.0746  0.0806  0.0764  0.0629  0.0632  0.0665
  0.0713  0.0756  0.0712  0.0643  0.0617  0.0632
  0.0716  0.0709  0.0677  0.0673  0.0631  0.0618
  0.0761  0.0677  0.0670  0.0693  0.0648  0.0618
  0.0821  0.0676  0.0691  0.0730  0.0674  0.0628
  0.0877  0.0695  0.0732  0.0780  0.0712  0.0652
niter,ni,del,rscale     6    3   12.0000    1.2000
parameter  4  0.678015 ->  0.500000 qaram    1.3225
parameters
   -0.7294   12.1323    8.2845   -7.4175   -1.9189    3.4740
eta,q 0.94046 14.30348
  0.0800  0.0761  0.0707  0.0593  0.0651  0.0643
  0.0696  0.0696  0.0650  0.0597  0.0621  0.0616
  0.0629  0.0645  0.0606  0.0600  0.0606  0.0603
  0.0617  0.0619  0.0615  0.0605  0.0599  0.0600
  0.0645  0.0615  0.0662  0.0636  0.0610  0.0596
  0.0696  0.0638  0.0698  0.0675  0.0632  0.0593
  0.0751  0.0694  0.0726  0.0715  0.0667  0.0604
niter,ni,del,rscale     6    3   12.0000    1.2000
parameter  4  0.596428 ->  0.500000 qaram    1.5209
parameters
   -0.6356   14.5157    7.6613  -11.9801   -3.2436    3.2185
eta,q 0.94571 14.18079
  0.0747  0.0755  0.0645  0.0545  0.0597  0.0572
  0.0658  0.0690  0.0606  0.0546  0.0559  0.0557
  0.0603  0.0636  0.0567  0.0556  0.0543  0.0546
  0.0595  0.0596  0.0562  0.0559  0.0550  0.0543
  0.0620  0.0562  0.0590  0.0587  0.0575  0.0549
  0.0665  0.0581  0.0634  0.0643  0.0611  0.0560
  0.0723  0.0632  0.0682  0.0708  0.0656  0.0578
niter,ni,del,rscale     6    3   12.0000    1.2000
parameters
   -0.1850   16.7661    6.1672  -15.8426   -3.1630    2.6658
eta,q 0.95319 14.23254
  0.0728  0.0707  0.0580  0.0523  0.0566  0.0526
  0.0641  0.0636  0.0523  0.0487  0.0521  0.0493
  0.0568  0.0585  0.0495  0.0471  0.0484  0.0471
  0.0543  0.0543  0.0508  0.0495  0.0471  0.0471
  0.0559  0.0508  0.0554  0.0555  0.0481  0.0489
  0.0606  0.0525  0.0620  0.0629  0.0511  0.0509
  0.0680  0.0586  0.0690  0.0705  0.0566  0.0545
niter,ni,del,rscale     5    3   12.0000    1.2000
parameters
   -0.0975   17.6437    5.1643  -16.6136   -3.2217    2.7349
eta,q 0.95356 14.27959
  0.0676  0.0660  0.0563  0.0585  0.0547  0.0537
  0.0565  0.0595  0.0519  0.0532  0.0508  0.0501
  0.0489  0.0532  0.0477  0.0486  0.0476  0.0473
  0.0468  0.0468  0.0460  0.0464  0.0464  0.0464
  0.0497  0.0466  0.0501  0.0481  0.0476  0.0477
  0.0566  0.0516  0.0581  0.0551  0.0505  0.0498
  0.0654  0.0610  0.0667  0.0655  0.0554  0.0533
niter,ni,del,rscale     4    3   12.0000    1.2000
parameters
   -0.1259   17.8435    4.8463  -16.8306   -3.2742    2.8002
eta,q 0.95323 14.29376
  0.0665  0.0647  0.0577  0.0599  0.0546  0.0538
  0.0555  0.0582  0.0537  0.0546  0.0507  0.0503
  0.0485  0.0510  0.0494  0.0500  0.0478  0.0476
  0.0464  0.0464  0.0463  0.0467  0.0468  0.0468
  0.0496  0.0481  0.0474  0.0473  0.0479  0.0479
  0.0570  0.0544  0.0541  0.0533  0.0505  0.0499
  0.0657  0.0650  0.0624  0.0639  0.0551  0.0535
niter,ni,del,rscale     3    3   12.0000    1.2000
parameters
   -0.1393   17.8848    4.7572  -16.8845   -3.2986    2.8229
eta,q 0.95311 14.29752
  0.0667  0.0645  0.0582  0.0603  0.0546  0.0538
  0.0558  0.0579  0.0542  0.0551  0.0508  0.0504
  0.0488  0.0507  0.0500  0.0504  0.0479  0.0477
  0.0468  0.0468  0.0468  0.0469  0.0469  0.0469
  0.0498  0.0489  0.0470  0.0472  0.0479  0.0480
  0.0571  0.0553  0.0530  0.0528  0.0505  0.0501
  0.0658  0.0661  0.0612  0.0634  0.0550  0.0537
niter,ni,del,rscale     2    3   12.0000    1.2000
parameters
   -0.1428   17.8969    4.7348  -16.8967   -3.3064    2.8278
eta,q 0.95309 14.29863
  0.0668  0.0645  0.0583  0.0603  0.0546  0.0537
  0.0559  0.0578  0.0544  0.0552  0.0508  0.0504
  0.0490  0.0507  0.0502  0.0505  0.0479  0.0477
  0.0469  0.0469  0.0469  0.0469  0.0469  0.0469
  0.0499  0.0491  0.0469  0.0472  0.0480  0.0480
  0.0571  0.0556  0.0527  0.0527  0.0505  0.0501
  0.0658  0.0663  0.0608  0.0632  0.0549  0.0538
registration optimization eta report
parameter search radius
    6.0000    6.9000    6.0000    9.1253    6.0000    6.0000
100000*second partial in parameter space
       53.       37.       35.       18.       22.       19.
  0.0668  0.0645  0.0583  0.0603  0.0546  0.0537
  0.0559  0.0578  0.0544  0.0552  0.0508  0.0504
  0.0490  0.0507  0.0502  0.0505  0.0479  0.0477
  0.0469  0.0469  0.0469  0.0469  0.0469  0.0469
  0.0499  0.0491  0.0469  0.0472  0.0480  0.0480
  0.0571  0.0556  0.0527  0.0527  0.0505  0.0501
  0.0658  0.0663  0.0608  0.0632  0.0549  0.0538
   -0.1428   17.8969    4.7348  -16.8967   -3.3064    2.8278
eta,q 0.95309 14.29863

---------------------------------------------------------------------
imgreg_4dfp /opt/freesurfer/average/711-2C_as_mni_average_305 /opt/freesurfer/average/711-2B_as_mni_average_305_mask talsrcimg_g11 none talsrcimg_to_711-2C_as_mni_average_305_t4 3335
---------------------------------------------------------------------

freesurfer imgreg_4dfp.c
/opt/freesurfer/average/711-2C_as_mni_average_305.4dfp.img
       256       256       256         1
  1.000000  1.000000  1.000000
orientation T byte_order littleendian
Reading image: /opt/freesurfer/average/711-2C_as_mni_average_305.4dfp.img
dimensions:      256       256       256
mmppix:       1.0000   -1.0000   -1.0000
center:     128.0000 -129.0000 -129.0000
/opt/freesurfer/average/711-2B_as_mni_average_305_mask.4dfp.img
       256       256       256         1
  1.000000  1.000000  1.000000
orientation T byte_order littleendian
Reading mask: /opt/freesurfer/average/711-2B_as_mni_average_305_mask.4dfp.img (2306576 pixels)
talsrcimg_g11.4dfp.img
       256       256       256         1
  1.000000  1.000000  1.000000
orientation T byte_order littleendian
Reading image: talsrcimg_g11.4dfp.img
dimensions:      256       256       256
mmppix:       1.0000   -1.0000   -1.0000
center:     128.0000 -129.0000 -129.0000
fimgreg.f
image alignment mode   3335 decimal      D07 hex
parameters
   -0.1428   17.8969    4.7348   -0.2880   -4.5162   -4.4762
   -6.3947    4.0779    4.9252   29.3015   -5.7675  -29.0163
eta,q 0.95478 14.39487
niter,ni,del,rscale     5    3    5.0000    1.2000
parameter  4  1.574389 ->  0.500000 qaram    1.1500
parameter  5  3.779720 ->  0.500000 qaram    1.1500
parameter  6  0.561000 ->  0.500000 qaram    1.1500
parameter 10  0.509622 ->  0.500000 qaram    1.1500
parameter 12 -0.920735 -> -0.500000 qaram    1.1500
parameters
   -0.2851   17.4519    4.6337   -4.4280   -8.6562   -8.6162
   -5.4107    4.8719    5.8904   25.1615   -5.9390  -24.8763
eta,q 0.96902 13.99522
  0.0487  0.0464  0.0469  0.0384  0.0323  0.0348  0.0380  0.0403  0.0363  0.0333  0.0337  0.0373
  0.0467  0.0456  0.0459  0.0396  0.0345  0.0337  0.0359  0.0371  0.0349  0.0324  0.0329  0.0354
  0.0455  0.0452  0.0453  0.0419  0.0373  0.0335  0.0343  0.0346  0.0339  0.0324  0.0324  0.0337
  0.0452  0.0452  0.0451  0.0451  0.0402  0.0352  0.0335  0.0334  0.0333  0.0333  0.0323  0.0323
  0.0458  0.0456  0.0454  0.0493  0.0433  0.0385  0.0336  0.0336  0.0333  0.0351  0.0325  0.0314
  0.0473  0.0465  0.0461  0.0538  0.0467  0.0426  0.0345  0.0352  0.0340  0.0376  0.0330  0.0309
  0.0496  0.0480  0.0472  0.0586  0.0504  0.0474  0.0362  0.0380  0.0351  0.0406  0.0338  0.0309
niter,ni,del,rscale     7    3    5.0000    1.2000
parameter  4  0.561571 ->  0.500000 qaram    1.3225
parameter  5  0.650039 ->  0.500000 qaram    1.3225
parameters
   -0.2288   17.6852    4.2518   -9.1890  -13.4172   -9.8367
   -5.3252    4.8441    5.8235   24.7419   -6.5362  -25.6051
eta,q 0.97198 13.51753
  0.0356  0.0347  0.0324  0.0301  0.0286  0.0304  0.0317  0.0322  0.0305  0.0319  0.0288  0.0300
  0.0331  0.0328  0.0314  0.0297  0.0279  0.0290  0.0298  0.0299  0.0292  0.0297  0.0283  0.0288
  0.0315  0.0316  0.0309  0.0298  0.0282  0.0283  0.0285  0.0285  0.0283  0.0285  0.0281  0.0282
  0.0310  0.0310  0.0309  0.0308  0.0297  0.0279  0.0280  0.0280  0.0280  0.0280  0.0280  0.0280
  0.0315  0.0311  0.0315  0.0331  0.0319  0.0280  0.0284  0.0284  0.0283  0.0286  0.0282  0.0285
  0.0329  0.0319  0.0324  0.0368  0.0349  0.0300  0.0296  0.0299  0.0292  0.0303  0.0285  0.0294
  0.0351  0.0335  0.0336  0.0416  0.0386  0.0338  0.0315  0.0324  0.0306  0.0328  0.0291  0.0308
niter,ni,del,rscale     7    3    5.0000    1.2000
parameters
   -0.0049   17.8368    4.3222  -10.3725  -14.5184   -9.8972
   -5.4211    4.8865    5.6832   24.8818   -6.7800  -25.9047
eta,q 0.97195 13.38827
  0.0326  0.0317  0.0298  0.0306  0.0317  0.0311  0.0314  0.0322  0.0304  0.0321  0.0289  0.0301
  0.0303  0.0298  0.0288  0.0290  0.0299  0.0293  0.0296  0.0300  0.0291  0.0299  0.0284  0.0290
  0.0287  0.0285  0.0282  0.0282  0.0285  0.0284  0.0284  0.0286  0.0283  0.0286  0.0281  0.0283
  0.0280  0.0280  0.0280  0.0280  0.0280  0.0281  0.0281  0.0281  0.0281  0.0281  0.0281  0.0281
  0.0282  0.0282  0.0281  0.0283  0.0289  0.0279  0.0285  0.0285  0.0284  0.0284  0.0282  0.0284
  0.0293  0.0292  0.0287  0.0299  0.0311  0.0288  0.0297  0.0299  0.0292  0.0298  0.0285  0.0292
  0.0312  0.0309  0.0295  0.0330  0.0342  0.0317  0.0316  0.0321  0.0306  0.0319  0.0290  0.0305
niter,ni,del,rscale     6    3    5.0000    1.2000
parameters
    0.0368   17.9444    4.3658  -10.2667  -14.6826   -9.8120
   -5.4160    4.9066    5.6900   25.0145   -6.8630  -25.9731
eta,q 0.97196 13.39789
  0.0320  0.0315  0.0298  0.0314  0.0323  0.0312  0.0314  0.0321  0.0305  0.0321  0.0289  0.0302
  0.0299  0.0297  0.0288  0.0295  0.0304  0.0294  0.0297  0.0299  0.0292  0.0298  0.0284  0.0291
  0.0285  0.0285  0.0282  0.0284  0.0289  0.0284  0.0285  0.0285  0.0283  0.0286  0.0281  0.0283
  0.0281  0.0281  0.0280  0.0280  0.0280  0.0281  0.0280  0.0280  0.0280  0.0281  0.0280  0.0280
  0.0284  0.0283  0.0282  0.0281  0.0284  0.0279  0.0284  0.0285  0.0283  0.0284  0.0281  0.0283
  0.0297  0.0293  0.0288  0.0291  0.0303  0.0287  0.0296  0.0298  0.0292  0.0297  0.0284  0.0291
  0.0317  0.0309  0.0296  0.0315  0.0331  0.0316  0.0314  0.0321  0.0305  0.0318  0.0289  0.0303
niter,ni,del,rscale     5    3    5.0000    1.2000
parameters
    0.0413   17.9632    4.3585  -10.2409  -14.7132   -9.8041
   -5.4217    4.9109    5.6985   25.0437   -6.8660  -26.0014
eta,q 0.97196 13.40027
  0.0318  0.0312  0.0297  0.0313  0.0324  0.0311  0.0314  0.0321  0.0305  0.0319  0.0289  0.0303
  0.0298  0.0295  0.0288  0.0294  0.0305  0.0294  0.0296  0.0299  0.0292  0.0297  0.0284  0.0291
  0.0285  0.0284  0.0282  0.0284  0.0290  0.0284  0.0285  0.0285  0.0283  0.0286  0.0281  0.0283
  0.0280  0.0280  0.0280  0.0280  0.0280  0.0280  0.0280  0.0280  0.0280  0.0280  0.0280  0.0280
  0.0285  0.0284  0.0282  0.0281  0.0284  0.0278  0.0284  0.0285  0.0283  0.0284  0.0281  0.0283
  0.0297  0.0294  0.0288  0.0292  0.0302  0.0287  0.0296  0.0298  0.0292  0.0298  0.0284  0.0291
  0.0318  0.0311  0.0297  0.0315  0.0329  0.0317  0.0314  0.0321  0.0305  0.0319  0.0289  0.0303
registration optimization eta report
parameter search radius
    2.4000    2.4000    2.4000    9.5220    9.5220    8.2800
    7.2000    7.2000    7.2000    8.2800    7.2000    8.2800
100000*second partial in parameter space
       65.       54.       29.        4.        5.        5.
        7.        8.        5.        6.        2.        3.
  0.0318  0.0312  0.0297  0.0313  0.0324  0.0311  0.0314  0.0321  0.0305  0.0319  0.0289  0.0303
  0.0298  0.0295  0.0288  0.0294  0.0305  0.0294  0.0296  0.0299  0.0292  0.0297  0.0284  0.0291
  0.0285  0.0284  0.0282  0.0284  0.0290  0.0284  0.0285  0.0285  0.0283  0.0286  0.0281  0.0283
  0.0280  0.0280  0.0280  0.0280  0.0280  0.0280  0.0280  0.0280  0.0280  0.0280  0.0280  0.0280
  0.0285  0.0284  0.0282  0.0281  0.0284  0.0278  0.0284  0.0285  0.0283  0.0284  0.0281  0.0283
  0.0297  0.0294  0.0288  0.0292  0.0302  0.0287  0.0296  0.0298  0.0292  0.0298  0.0284  0.0291
  0.0318  0.0311  0.0297  0.0315  0.0329  0.0317  0.0314  0.0321  0.0305  0.0319  0.0289  0.0303
    0.0413   17.9632    4.3585  -10.2409  -14.7132   -9.8041
   -5.4217    4.9109    5.6985   25.0437   -6.8660  -26.0014
eta,q 0.97196 13.40027

---------------------------------------------------------------------
imgreg_4dfp /opt/freesurfer/average/711-2C_as_mni_average_305 /opt/freesurfer/average/711-2B_as_mni_average_305_mask talsrcimg_g11 none talsrcimg_to_711-2C_as_mni_average_305_t4 2311
---------------------------------------------------------------------

freesurfer imgreg_4dfp.c
/opt/freesurfer/average/711-2C_as_mni_average_305.4dfp.img
       256       256       256         1
  1.000000  1.000000  1.000000
orientation T byte_order littleendian
Reading image: /opt/freesurfer/average/711-2C_as_mni_average_305.4dfp.img
dimensions:      256       256       256
mmppix:       1.0000   -1.0000   -1.0000
center:     128.0000 -129.0000 -129.0000
/opt/freesurfer/average/711-2B_as_mni_average_305_mask.4dfp.img
       256       256       256         1
  1.000000  1.000000  1.000000
orientation T byte_order littleendian
Reading mask: /opt/freesurfer/average/711-2B_as_mni_average_305_mask.4dfp.img (2306576 pixels)
talsrcimg_g11.4dfp.img
       256       256       256         1
  1.000000  1.000000  1.000000
orientation T byte_order littleendian
Reading image: talsrcimg_g11.4dfp.img
dimensions:      256       256       256
mmppix:       1.0000   -1.0000   -1.0000
center:     128.0000 -129.0000 -129.0000
fimgreg.f
image alignment mode   2311 decimal      907 hex
parameters
    0.0413   17.9632    4.3585  -10.2409  -14.7132   -9.8041
   -5.4217    4.9109    5.6985   25.0437   -6.8660  -26.0014
eta,q 0.97196 13.40027
niter,ni,del,rscale     5    3    5.0000    0.8000
parameters
    0.0460   17.9748    4.3244   -9.4928  -14.1055   -8.1182
   -5.3282    4.9767    5.7329   25.5000   -6.9183  -26.3627
eta,q 0.97230 13.60078
  0.0298  0.0295  0.0288  0.0288  0.0297  0.0290  0.0295  0.0297  0.0290  0.0295  0.0281  0.0284
  0.0288  0.0287  0.0283  0.0284  0.0290  0.0285  0.0285  0.0286  0.0283  0.0286  0.0279  0.0280
  0.0282  0.0282  0.0281  0.0282  0.0284  0.0282  0.0280  0.0279  0.0279  0.0281  0.0277  0.0278
  0.0280  0.0280  0.0280  0.0280  0.0280  0.0279  0.0277  0.0277  0.0277  0.0277  0.0277  0.0277
  0.0282  0.0282  0.0281  0.0280  0.0280  0.0277  0.0279  0.0279  0.0279  0.0277  0.0277  0.0278
  0.0288  0.0287  0.0284  0.0281  0.0284  0.0277  0.0285  0.0285  0.0283  0.0282  0.0279  0.0281
  0.0297  0.0295  0.0288  0.0285  0.0291  0.0282  0.0294  0.0296  0.0289  0.0290  0.0281  0.0287
niter,ni,del,rscale     4    3    5.0000    0.7000
parameters
    0.0557   17.9084    4.2966   -8.6750  -14.0889   -8.1883
   -5.3587    5.0346    5.7644   25.5786   -6.8612  -26.2872
eta,q 0.97237 13.64961
  0.0291  0.0288  0.0283  0.0284  0.0289  0.0284  0.0289  0.0292  0.0286  0.0289  0.0280  0.0283
  0.0283  0.0282  0.0280  0.0281  0.0283  0.0282  0.0282  0.0283  0.0281  0.0283  0.0278  0.0279
  0.0279  0.0278  0.0277  0.0279  0.0278  0.0279  0.0278  0.0278  0.0277  0.0278  0.0277  0.0277
  0.0277  0.0277  0.0277  0.0277  0.0276  0.0276  0.0276  0.0276  0.0276  0.0276  0.0276  0.0276
  0.0278  0.0279  0.0278  0.0276  0.0277  0.0276  0.0278  0.0278  0.0277  0.0277  0.0277  0.0277
  0.0283  0.0283  0.0280  0.0277  0.0282  0.0279  0.0283  0.0283  0.0281  0.0281  0.0278  0.0279
  0.0291  0.0290  0.0284  0.0281  0.0289  0.0288  0.0290  0.0291  0.0286  0.0289  0.0280  0.0282
niter,ni,del,rscale     3    3    5.0000    0.6000
parameters
    0.0286   17.8963    4.2534   -8.5720  -14.0266   -7.8867
   -5.3756    5.0251    5.7594   25.6267   -6.7913  -26.4327
eta,q 0.97242 13.67744
  0.0286  0.0285  0.0281  0.0281  0.0286  0.0283  0.0286  0.0288  0.0283  0.0286  0.0279  0.0280
  0.0281  0.0280  0.0278  0.0279  0.0281  0.0281  0.0280  0.0281  0.0279  0.0281  0.0277  0.0278
  0.0277  0.0277  0.0277  0.0277  0.0278  0.0278  0.0277  0.0277  0.0277  0.0277  0.0276  0.0276
  0.0276  0.0276  0.0276  0.0276  0.0276  0.0276  0.0276  0.0276  0.0276  0.0276  0.0276  0.0276
  0.0278  0.0277  0.0277  0.0276  0.0277  0.0275  0.0277  0.0277  0.0277  0.0277  0.0276  0.0276
  0.0281  0.0280  0.0279  0.0278  0.0280  0.0277  0.0280  0.0281  0.0279  0.0280  0.0277  0.0278
  0.0287  0.0285  0.0282  0.0282  0.0286  0.0283  0.0286  0.0288  0.0283  0.0286  0.0279  0.0281
niter,ni,del,rscale     2    3    5.0000    0.5000
parameters
    0.0227   17.8910    4.2542   -8.3584  -14.0370   -7.5941
   -5.4005    5.0461    5.7261   25.7081   -6.7204  -26.5401
eta,q 0.97246 13.70677
  0.0283  0.0282  0.0279  0.0280  0.0283  0.0282  0.0282  0.0284  0.0280  0.0283  0.0278  0.0278
  0.0279  0.0279  0.0277  0.0278  0.0279  0.0280  0.0279  0.0279  0.0278  0.0279  0.0276  0.0277
  0.0277  0.0277  0.0276  0.0277  0.0277  0.0277  0.0276  0.0276  0.0276  0.0277  0.0276  0.0276
  0.0276  0.0276  0.0276  0.0276  0.0276  0.0276  0.0275  0.0275  0.0275  0.0275  0.0275  0.0275
  0.0277  0.0277  0.0276  0.0276  0.0276  0.0275  0.0276  0.0276  0.0276  0.0276  0.0276  0.0276
  0.0279  0.0279  0.0277  0.0277  0.0279  0.0277  0.0279  0.0279  0.0278  0.0278  0.0276  0.0277
  0.0283  0.0282  0.0279  0.0279  0.0283  0.0281  0.0283  0.0284  0.0281  0.0282  0.0277  0.0279
niter,ni,del,rscale     1    3    5.0000    0.4000
parameters
    0.0128   17.8936    4.2720   -8.1701  -14.0526   -7.3488
   -5.4061    5.0573    5.7106   25.7659   -6.6882  -26.5986
eta,q 0.97249 13.72981
  0.0280  0.0280  0.0278  0.0278  0.0280  0.0280  0.0280  0.0281  0.0279  0.0280  0.0277  0.0277
  0.0277  0.0277  0.0277  0.0277  0.0277  0.0278  0.0277  0.0278  0.0277  0.0277  0.0276  0.0276
  0.0276  0.0276  0.0276  0.0276  0.0276  0.0276  0.0276  0.0276  0.0275  0.0276  0.0275  0.0275
  0.0275  0.0275  0.0275  0.0275  0.0275  0.0275  0.0275  0.0275  0.0275  0.0275  0.0275  0.0275
  0.0276  0.0276  0.0276  0.0275  0.0276  0.0275  0.0276  0.0276  0.0276  0.0276  0.0275  0.0275
  0.0278  0.0277  0.0276  0.0276  0.0277  0.0276  0.0277  0.0278  0.0277  0.0277  0.0276  0.0276
  0.0280  0.0280  0.0278  0.0278  0.0280  0.0279  0.0280  0.0281  0.0279  0.0280  0.0277  0.0277
registration optimization eta report
parameter search radius
    0.8000    0.8000    0.8000    2.4000    2.4000    2.4000
    2.4000    2.4000    2.4000    2.4000    2.4000    2.4000
100000*second partial in parameter space
       75.       64.       37.        5.        8.        7.
        8.       10.        6.        8.        3.        4.
  0.0280  0.0280  0.0278  0.0278  0.0280  0.0280  0.0280  0.0281  0.0279  0.0280  0.0277  0.0277
  0.0277  0.0277  0.0277  0.0277  0.0277  0.0278  0.0277  0.0278  0.0277  0.0277  0.0276  0.0276
  0.0276  0.0276  0.0276  0.0276  0.0276  0.0276  0.0276  0.0276  0.0275  0.0276  0.0275  0.0275
  0.0275  0.0275  0.0275  0.0275  0.0275  0.0275  0.0275  0.0275  0.0275  0.0275  0.0275  0.0275
  0.0276  0.0276  0.0276  0.0275  0.0276  0.0275  0.0276  0.0276  0.0276  0.0276  0.0275  0.0275
  0.0278  0.0277  0.0276  0.0276  0.0277  0.0276  0.0277  0.0278  0.0277  0.0277  0.0276  0.0276
  0.0280  0.0280  0.0278  0.0278  0.0280  0.0279  0.0280  0.0281  0.0279  0.0280  0.0277  0.0277
    0.0128   17.8936    4.2720   -8.1701  -14.0526   -7.3488
   -5.4061    5.0573    5.7106   25.7659   -6.6882  -26.5986
eta,q 0.97249 13.72981

---------------------------------------------------------------------
imgreg_4dfp /opt/freesurfer/average/711-2C_as_mni_average_305 /opt/freesurfer/average/711-2B_as_mni_average_305_mask talsrcimg_g11 none talsrcimg_to_711-2C_as_mni_average_305_t4 2311
---------------------------------------------------------------------

freesurfer imgreg_4dfp.c
/opt/freesurfer/average/711-2C_as_mni_average_305.4dfp.img
       256       256       256         1
  1.000000  1.000000  1.000000
orientation T byte_order littleendian
Reading image: /opt/freesurfer/average/711-2C_as_mni_average_305.4dfp.img
dimensions:      256       256       256
mmppix:       1.0000   -1.0000   -1.0000
center:     128.0000 -129.0000 -129.0000
/opt/freesurfer/average/711-2B_as_mni_average_305_mask.4dfp.img
       256       256       256         1
  1.000000  1.000000  1.000000
orientation T byte_order littleendian
Reading mask: /opt/freesurfer/average/711-2B_as_mni_average_305_mask.4dfp.img (2306576 pixels)
talsrcimg_g11.4dfp.img
       256       256       256         1
  1.000000  1.000000  1.000000
orientation T byte_order littleendian
Reading image: talsrcimg_g11.4dfp.img
dimensions:      256       256       256
mmppix:       1.0000   -1.0000   -1.0000
center:     128.0000 -129.0000 -129.0000
fimgreg.f
image alignment mode   2311 decimal      907 hex
parameters
    0.0128   17.8936    4.2720   -8.1701  -14.0526   -7.3488
   -5.4061    5.0573    5.7106   25.7659   -6.6882  -26.5986
eta,q 0.97249 13.72982
niter,ni,del,rscale     5    3    5.0000    0.8000
parameters
   -0.0092   17.8846    4.3242   -8.6838  -14.2004   -8.2207
   -5.3255    4.9987    5.8124   25.5387   -6.8764  -26.2653
eta,q 0.97236 13.64115
  0.0294  0.0291  0.0286  0.0283  0.0291  0.0285  0.0294  0.0296  0.0289  0.0291  0.0281  0.0286
  0.0283  0.0282  0.0280  0.0279  0.0283  0.0281  0.0285  0.0285  0.0283  0.0283  0.0278  0.0281
  0.0277  0.0277  0.0276  0.0277  0.0278  0.0278  0.0279  0.0278  0.0278  0.0278  0.0277  0.0278
  0.0275  0.0275  0.0275  0.0275  0.0275  0.0276  0.0276  0.0276  0.0276  0.0276  0.0276  0.0277
  0.0277  0.0277  0.0276  0.0276  0.0277  0.0277  0.0278  0.0279  0.0278  0.0278  0.0277  0.0277
  0.0284  0.0282  0.0279  0.0281  0.0284  0.0286  0.0284  0.0285  0.0282  0.0285  0.0279  0.0279
  0.0295  0.0291  0.0284  0.0289  0.0294  0.0303  0.0293  0.0297  0.0288  0.0295  0.0282  0.0284
niter,ni,del,rscale     4    3    5.0000    0.7000
parameters
    0.0234   17.8972    4.2743   -8.7318  -14.0653   -8.2131
   -5.3538    5.0121    5.7809   25.5605   -6.8336  -26.3020
eta,q 0.97237 13.64592
  0.0291  0.0289  0.0283  0.0283  0.0289  0.0285  0.0289  0.0292  0.0286  0.0289  0.0280  0.0283
  0.0283  0.0282  0.0279  0.0280  0.0283  0.0282  0.0282  0.0283  0.0281  0.0283  0.0278  0.0279
  0.0278  0.0278  0.0277  0.0278  0.0279  0.0279  0.0278  0.0278  0.0277  0.0278  0.0277  0.0277
  0.0276  0.0276  0.0276  0.0276  0.0276  0.0276  0.0276  0.0276  0.0276  0.0276  0.0276  0.0276
  0.0278  0.0278  0.0277  0.0276  0.0277  0.0276  0.0278  0.0278  0.0278  0.0277  0.0277  0.0277
  0.0282  0.0282  0.0280  0.0279  0.0281  0.0279  0.0283  0.0283  0.0281  0.0282  0.0278  0.0279
  0.0290  0.0288  0.0284  0.0284  0.0289  0.0288  0.0290  0.0292  0.0286  0.0289  0.0280  0.0283
niter,ni,del,rscale     3    3    5.0000    0.6000
parameters
    0.0288   17.8937    4.2485   -8.5993  -14.0227   -7.8944
   -5.3718    5.0278    5.7535   25.6291   -6.7913  -26.4357
eta,q 0.97241 13.67574
  0.0287  0.0285  0.0281  0.0281  0.0286  0.0283  0.0286  0.0288  0.0283  0.0286  0.0279  0.0280
  0.0281  0.0280  0.0278  0.0279  0.0281  0.0281  0.0280  0.0281  0.0279  0.0281  0.0277  0.0278
  0.0278  0.0277  0.0277  0.0277  0.0278  0.0278  0.0277  0.0277  0.0277  0.0277  0.0276  0.0276
  0.0276  0.0276  0.0276  0.0276  0.0276  0.0276  0.0276  0.0276  0.0276  0.0276  0.0276  0.0276
  0.0277  0.0277  0.0277  0.0276  0.0277  0.0275  0.0277  0.0277  0.0277  0.0277  0.0276  0.0276
  0.0281  0.0280  0.0279  0.0278  0.0280  0.0277  0.0280  0.0281  0.0279  0.0280  0.0277  0.0278
  0.0287  0.0285  0.0282  0.0281  0.0286  0.0283  0.0286  0.0287  0.0283  0.0285  0.0279  0.0281
niter,ni,del,rscale     2    3    5.0000    0.5000
parameters
    0.0235   17.8903    4.2501   -8.3580  -14.0318   -7.5974
   -5.3963    5.0471    5.7273   25.7071   -6.7068  -26.5408
eta,q 0.97246 13.70681
  0.0283  0.0282  0.0280  0.0280  0.0283  0.0282  0.0282  0.0284  0.0280  0.0283  0.0278  0.0278
  0.0279  0.0279  0.0277  0.0278  0.0279  0.0280  0.0279  0.0279  0.0278  0.0279  0.0276  0.0277
  0.0277  0.0277  0.0276  0.0277  0.0277  0.0277  0.0276  0.0276  0.0276  0.0277  0.0276  0.0276
  0.0276  0.0276  0.0276  0.0276  0.0276  0.0276  0.0275  0.0275  0.0275  0.0275  0.0275  0.0275
  0.0277  0.0277  0.0276  0.0276  0.0276  0.0275  0.0276  0.0276  0.0276  0.0276  0.0276  0.0276
  0.0279  0.0279  0.0278  0.0277  0.0279  0.0277  0.0279  0.0279  0.0278  0.0278  0.0276  0.0277
  0.0283  0.0282  0.0279  0.0279  0.0283  0.0281  0.0283  0.0284  0.0281  0.0282  0.0277  0.0279
niter,ni,del,rscale     1    3    5.0000    0.4000
parameters
    0.0119   17.8920    4.2709   -8.1720  -14.0534   -7.3477
   -5.4027    5.0571    5.7117   25.7582   -6.6809  -26.6044
eta,q 0.97249 13.72953
  0.0280  0.0279  0.0278  0.0278  0.0280  0.0280  0.0280  0.0281  0.0279  0.0280  0.0277  0.0277
  0.0277  0.0277  0.0277  0.0277  0.0277  0.0278  0.0277  0.0278  0.0277  0.0277  0.0276  0.0276
  0.0276  0.0276  0.0276  0.0276  0.0276  0.0276  0.0276  0.0276  0.0275  0.0276  0.0275  0.0275
  0.0275  0.0275  0.0275  0.0275  0.0275  0.0275  0.0275  0.0275  0.0275  0.0275  0.0275  0.0275
  0.0276  0.0276  0.0276  0.0275  0.0276  0.0275  0.0276  0.0276  0.0276  0.0276  0.0275  0.0275
  0.0278  0.0277  0.0276  0.0276  0.0277  0.0276  0.0277  0.0278  0.0277  0.0277  0.0276  0.0276
  0.0280  0.0280  0.0278  0.0278  0.0280  0.0279  0.0280  0.0281  0.0279  0.0280  0.0277  0.0277
registration optimization eta report
parameter search radius
    0.8000    0.8000    0.8000    2.4000    2.4000    2.4000
    2.4000    2.4000    2.4000    2.4000    2.4000    2.4000
100000*second partial in parameter space
       75.       64.       38.        5.        8.        7.
        8.       10.        6.        8.        3.        4.
  0.0280  0.0279  0.0278  0.0278  0.0280  0.0280  0.0280  0.0281  0.0279  0.0280  0.0277  0.0277
  0.0277  0.0277  0.0277  0.0277  0.0277  0.0278  0.0277  0.0278  0.0277  0.0277  0.0276  0.0276
  0.0276  0.0276  0.0276  0.0276  0.0276  0.0276  0.0276  0.0276  0.0275  0.0276  0.0275  0.0275
  0.0275  0.0275  0.0275  0.0275  0.0275  0.0275  0.0275  0.0275  0.0275  0.0275  0.0275  0.0275
  0.0276  0.0276  0.0276  0.0275  0.0276  0.0275  0.0276  0.0276  0.0276  0.0276  0.0275  0.0275
  0.0278  0.0277  0.0276  0.0276  0.0277  0.0276  0.0277  0.0278  0.0277  0.0277  0.0276  0.0276
  0.0280  0.0280  0.0278  0.0278  0.0280  0.0279  0.0280  0.0281  0.0279  0.0280  0.0277  0.0277
    0.0119   17.8920    4.2709   -8.1720  -14.0534   -7.3477
   -5.4027    5.0571    5.7117   25.7582   -6.6809  -26.6044
eta,q 0.97249 13.72953

---------------------------------------------------------------------
compute_vox2vox talsrcimg talsrcimg_to_711-2C_as_mni_average_305_t4 /opt/freesurfer/average/711-2C_as_mni_average_305
---------------------------------------------------------------------

freesurfer compute_vox2vox.c
Reading: talsrcimg.4dfp.ifh
Reading: talsrcimg_to_711-2C_as_mni_average_305_t4
Reading: /opt/freesurfer/average/711-2C_as_mni_average_305.4dfp.ifh
Writing: talsrcimg_to_711-2C_as_mni_average_305_t4_vox2vox.txt

start time Tue Mar 10 02:44:24 CET 2026
end		time Tue Mar 10 02:45:50 CET 2026

mpr2mni305 success

avi2talxfm orig_nu.mgz /opt/freesurfer/average/mni305.cor.mgz talsrcimg_to_711-2C_as_mni_average_305_t4_vox2vox.txt transforms/talairach.auto.xfm
avi2talxfm done
mv -f /out/sourcedata/freesurfer/sub-v1s4x0050701_ses-1/mri/talsrcimg_to_711-2C_as_mni_average_305_t4_vox2vox.txt /out/sourcedata/freesurfer/sub-v1s4x0050701_ses-1/mri/transforms/talsrcimg_to_711-2C_as_mni_average_305_t4_vox2vox.txt
lta_convert --src orig_nu.mgz --trg /opt/freesurfer/average/mni305.cor.mgz --inxfm transforms/talairach.auto.xfm --outlta transforms/talairach.auto.xfm.lta --subject fsaverage
7.3.2

--src: orig_nu.mgz src image (geometry).
--trg: /opt/freesurfer/average/mni305.cor.mgz trg image (geometry).
--inmni: transforms/talairach.auto.xfm input MNI/XFM transform.
--outlta: transforms/talairach.auto.xfm.lta output LTA.
--s: fsaverage subject name
 LTA read, type : 1
 1.08093  -0.07172   0.04575  -1.14831;
 0.05277   0.99028   0.30985  -5.48464;
-0.08765  -0.29202   1.06761   9.34114;
 0.00000   0.00000   0.00000   1.00000;
setting subject to fsaverage
Writing  LTA to file transforms/talairach.auto.xfm.lta...
lta_convert successful.
 
 
Started at Tue Mar 10 02:44:23 CET 2026
Ended   at Tue Mar 10 02:45:50 CET 2026
talairach_avi done
