/out/sourcedata/freesurfer/sub-v1s4x0050702_ses-1/mri
/opt/freesurfer/bin/talairach_avi
--i orig_nu.mgz --xfm transforms/talairach.auto.xfm
talairach_avi 7.3.2
Linux dna069 5.14.0-427.37.1.el9_4.x86_64 #1 SMP PREEMPT_DYNAMIC Fri Sep 13 12:41:50 EDT 2024 x86_64 x86_64 x86_64 GNU/Linux
Tue Mar 10 02:44:20 CET 2026
mri_convert orig_nu.mgz talsrcimg.img 
reading from orig_nu.mgz...
TR=0.00, TE=0.00, TI=0.00, flip angle=0.00
i_ras = (-1, 2.32831e-10, 0)
j_ras = (-3.72529e-09, -7.45058e-09, -1)
k_ras = (1.86265e-09, 1, 7.45058e-09)
writing to talsrcimg.img...
Analyze Output Matrix
-1.00000  -0.00000   0.00000   131.26877;
 0.00000  -0.00000   1.00000  -118.91408;
 0.00000  -1.00000   0.00000   142.27017;
 0.00000   0.00000   0.00000   1.00000;
--------------------
INFO: set hdr.hist.orient to -1
mpr2mni305 talsrcimg
Tue Mar 10 02:44:20 CET 2026
/opt/freesurfer/bin/mpr2mni305 talsrcimg
mpr2mni305 7.3.2
target=711-2C_as_mni_average_305

---------------------------------------------------------------------
analyzeto4dfp talsrcimg -O0 -y
---------------------------------------------------------------------

freesurfer ifh2hdr.c
Tue Mar 10 02:44:21 2026
Writing: talsrcimg.4dfp.hdr
freesurfer analyzeto4dfp.c
Reading: talsrcimg.hdr
header size 348 bytes
hdr.dime.datatype	offset=70	value=2
hdr.dime.bitpix		offset=72	value=8
hdr.hist.orient		offset=252	value=-1
dimensionality     4
dimensions       256       256       256         1
Reading: talsrcimg.img
Writing: talsrcimg.4dfp.img
Writing: talsrcimg.4dfp.ifh
ifh2hdr talsrcimg -r0to251
ori=2

---------------------------------------------------------------------
gauss_4dfp talsrcimg 1.1
---------------------------------------------------------------------

freesurfer gauss_4dfp.c
Reading: talsrcimg.4dfp.img
Writing: talsrcimg_g11.4dfp.img
image dimensions 256 256 256 padded to 288 288 288
processing volume 1freesurfer ifh2hdr.c
Tue Mar 10 02:44:22 2026
Writing: talsrcimg_g11.4dfp.hdr

Writing: talsrcimg_g11.4dfp.ifh
including: talsrcimg.4dfp.img.rec in talsrcimg_g11.4dfp.img.rec

---------------------------------------------------------------------
imgreg_4dfp /opt/freesurfer/average/711-2C_as_mni_average_305 none talsrcimg_g11 none talsrcimg_to_711-2C_as_mni_average_305_t4 4355
---------------------------------------------------------------------

freesurfer imgreg_4dfp.c
/opt/freesurfer/average/711-2C_as_mni_average_305.4dfp.img
       256       256       256         1
  1.000000  1.000000  1.000000
orientation T byte_order littleendian
Reading image: /opt/freesurfer/average/711-2C_as_mni_average_305.4dfp.img
dimensions:      256       256       256
mmppix:       1.0000   -1.0000   -1.0000
center:     128.0000 -129.0000 -129.0000
talsrcimg_g11.4dfp.img
       256       256       256         1
  1.000000  1.000000  1.000000
orientation T byte_order littleendian
Reading image: talsrcimg_g11.4dfp.img
dimensions:      256       256       256
mmppix:       1.0000   -1.0000   -1.0000
center:     128.0000 -129.0000 -129.0000
t4_read: open error in t4_sub.f l:  41 t4_file(1:l)talsrcimg_to_711-2C_as_mni_average_305_t4 
t4_read: transform initialized to I4
rotation matrix determinant  1.000000
image alignment mode   4355 decimal     1103 hex
   -7.5000  -45.0000  -45.0000 8725.9688   13.8913
    0.0000  -45.0000  -45.0000 9110.2383   13.8775
    7.5000  -45.0000  -45.0000 8796.5488   13.8755
   -7.5000  -37.5000  -45.0000 9232.0684   13.7216
    0.0000  -37.5000  -45.0000 9670.9570   13.7103
    7.5000  -37.5000  -45.0000 9314.6074   13.7040
   -7.5000  -30.0000  -45.000010043.2432   13.6242
    0.0000  -30.0000  -45.000010514.6426   13.6145
    7.5000  -30.0000  -45.000010124.6738   13.6075
   -7.5000  -22.5000  -45.000010711.6709   13.6179
    0.0000  -22.5000  -45.000011244.8447   13.6076
    7.5000  -22.5000  -45.000010818.4824   13.6042
   -7.5000  -15.0000  -45.000011223.9512   13.6465
    0.0000  -15.0000  -45.000011807.2217   13.6349
    7.5000  -15.0000  -45.000011334.9434   13.6362
   -7.5000   -7.5000  -45.000011654.7471   13.6602
    0.0000   -7.5000  -45.000012270.6270   13.6475
    7.5000   -7.5000  -45.000011772.4600   13.6493
   -7.5000    0.0000  -45.000011920.8457   13.6463
    0.0000    0.0000  -45.000012547.0215   13.6334
    7.5000    0.0000  -45.000012063.0107   13.6314
   -7.5000    7.5000  -45.000011358.0449   13.6156
    0.0000    7.5000  -45.000011961.1445   13.6045
    7.5000    7.5000  -45.000011479.4365   13.5985
   -7.5000   15.0000  -45.000010749.3574   13.6000
    0.0000   15.0000  -45.000011331.8809   13.5905
    7.5000   15.0000  -45.000010871.3389   13.5835
   -7.5000   22.5000  -45.000010157.8350   13.8643
    0.0000   22.5000  -45.000010716.6299   13.8557
    7.5000   22.5000  -45.000010267.1816   13.8518
   -7.5000   30.0000  -45.0000 9563.7666   14.0402
    0.0000   30.0000  -45.000010122.3740   14.0274
    7.5000   30.0000  -45.0000 9672.3887   14.0279
   -7.5000   37.5000  -45.0000 9334.5957   14.4348
    0.0000   37.5000  -45.0000 9850.6650   14.4233
    7.5000   37.5000  -45.0000 9421.3438   14.4213
   -7.5000   45.0000  -45.0000 8755.6836   14.4832
    0.0000   45.0000  -45.0000 9206.1357   14.4681
    7.5000   45.0000  -45.0000 8803.1738   14.4620
   -7.5000  -45.0000  -37.5000 9242.0117   13.8368
    0.0000  -45.0000  -37.5000 9653.5771   13.8219
    7.5000  -45.0000  -37.5000 9340.3926   13.8196
   -7.5000  -37.5000  -37.5000 9836.9365   13.6707
    0.0000  -37.5000  -37.500010295.0234   13.6559
    7.5000  -37.5000  -37.5000 9922.7773   13.6510
   -7.5000  -30.0000  -37.500010717.0146   13.5761
    0.0000  -30.0000  -37.500011209.8047   13.5610
    7.5000  -30.0000  -37.500010790.2090   13.5567
   -7.5000  -22.5000  -37.500011468.0537   13.5702
    0.0000  -22.5000  -37.500012008.3809   13.5553
    7.5000  -22.5000  -37.500011533.3496   13.5535
   -7.5000  -15.0000  -37.500012016.2949   13.5977
    0.0000  -15.0000  -37.500012601.4492   13.5835
    7.5000  -15.0000  -37.500012103.3818   13.5847
   -7.5000   -7.5000  -37.500012438.1992   13.6092
    0.0000   -7.5000  -37.500013071.1230   13.5957
    7.5000   -7.5000  -37.500012544.3242   13.5964
   -7.5000    0.0000  -37.500012709.2354   13.5942
    0.0000    0.0000  -37.500013375.1260   13.5801
    7.5000    0.0000  -37.500012845.3115   13.5777
   -7.5000    7.5000  -37.500012091.2002   13.5655
    0.0000    7.5000  -37.500012734.2861   13.5508
    7.5000    7.5000  -37.500012193.0449   13.5462
   -7.5000   15.0000  -37.500011408.5986   13.5521
    0.0000   15.0000  -37.500012014.2578   13.5373
    7.5000   15.0000  -37.500011517.9434   13.5328
   -7.5000   22.5000  -37.500010770.8037   13.8161
    0.0000   22.5000  -37.500011358.5674   13.8023
    7.5000   22.5000  -37.500010859.3145   13.7989
   -7.5000   30.0000  -37.500010165.5020   13.9874
    0.0000   30.0000  -37.500010739.4717   13.9710
    7.5000   30.0000  -37.500010254.1465   13.9701
   -7.5000   37.5000  -37.5000 9906.0498   14.3763
    0.0000   37.5000  -37.500010431.1318   14.3620
    7.5000   37.5000  -37.5000 9983.7129   14.3570
   -7.5000   45.0000  -37.5000 9245.7119   14.4165
    0.0000   45.0000  -37.5000 9725.8848   14.3985
    7.5000   45.0000  -37.5000 9291.9785   14.3911
   -7.5000  -45.0000  -30.0000 9921.0381   14.3747
    0.0000  -45.0000  -30.000010390.6396   14.3615
    7.5000  -45.0000  -30.000010013.2139   14.3590
   -7.5000  -37.5000  -30.000010583.6689   14.2072
    0.0000  -37.5000  -30.000011095.9160   14.1921
    7.5000  -37.5000  -30.000010677.3604   14.1879
   -7.5000  -30.0000  -30.000011515.1270   14.1126
    0.0000  -30.0000  -30.000012065.4736   14.0943
    7.5000  -30.0000  -30.000011613.9814   14.0906
   -7.5000  -22.5000  -30.000012320.5029   14.1053
    0.0000  -22.5000  -30.000012896.9834   14.0863
    7.5000  -22.5000  -30.000012403.1953   14.0846
   -7.5000  -15.0000  -30.000012897.1299   14.1301
    0.0000  -15.0000  -30.000013526.2744   14.1136
    7.5000  -15.0000  -30.000013009.8350   14.1144
   -7.5000   -7.5000  -30.000013373.0938   14.1389
    0.0000   -7.5000  -30.000014014.8926   14.1257
    7.5000   -7.5000  -30.000013482.9834   14.1259
   -7.5000    0.0000  -30.000013671.6182   14.1236
    0.0000    0.0000  -30.000014386.1377   14.1108
    7.5000    0.0000  -30.000013820.6797   14.1084
   -7.5000    7.5000  -30.000013006.1631   14.0980
    0.0000    7.5000  -30.000013696.0957   14.0829
    7.5000    7.5000  -30.000013103.4463   14.0790
   -7.5000   15.0000  -30.000012228.2979   14.0877
    0.0000   15.0000  -30.000012885.5049   14.0696
    7.5000   15.0000  -30.000012317.2676   14.0659
   -7.5000   22.5000  -30.000011537.5176   14.3608
    0.0000   22.5000  -30.000012157.8691   14.3427
    7.5000   22.5000  -30.000011624.0791   14.3391
   -7.5000   30.0000  -30.000010910.8691   14.5363
    0.0000   30.0000  -30.000011479.3457   14.5176
    7.5000   30.0000  -30.000010975.9951   14.5170
   -7.5000   37.5000  -30.000010626.2266   14.9385
    0.0000   37.5000  -30.000011189.9717   14.9247
    7.5000   37.5000  -30.000010681.9932   14.9206
   -7.5000   45.0000  -30.0000 9883.3672   14.9876
    0.0000   45.0000  -30.000010397.1240   14.9713
    7.5000   45.0000  -30.0000 9929.7676   14.9662
   -7.5000  -45.0000  -22.500010597.8379   14.8661
    0.0000  -45.0000  -22.500011080.1816   14.8569
    7.5000  -45.0000  -22.500010644.2041   14.8546
   -7.5000  -37.5000  -22.500011320.5469   14.6936
    0.0000  -37.5000  -22.500011840.7998   14.6831
    7.5000  -37.5000  -22.500011371.8164   14.6776
   -7.5000  -30.0000  -22.500012279.3447   14.5973
    0.0000  -30.0000  -22.500012833.0381   14.5819
    7.5000  -30.0000  -22.500012337.9082   14.5755
   -7.5000  -22.5000  -22.500013131.3154   14.5897
    0.0000  -22.5000  -22.500013694.8193   14.5717
    7.5000  -22.5000  -22.500013182.5664   14.5675
   -7.5000  -15.0000  -22.500013770.9453   14.6140
    0.0000  -15.0000  -22.500014401.8213   14.5984
    7.5000  -15.0000  -22.500013826.7441   14.5981
   -7.5000   -7.5000  -22.500014304.6465   14.6218
    0.0000   -7.5000  -22.500014951.8643   14.6109
    7.5000   -7.5000  -22.500014357.5361   14.6114
   -7.5000    0.0000  -22.500014658.1260   14.6058
    0.0000    0.0000  -22.500015428.7871   14.5972
    7.5000    0.0000  -22.500014725.7910   14.5951
   -7.5000    7.5000  -22.500013924.9453   14.5806
    0.0000    7.5000  -22.500014695.5205   14.5700
    7.5000    7.5000  -22.500013993.0527   14.5649
   -7.5000   15.0000  -22.500013094.1758   14.5714
    0.0000   15.0000  -22.500013805.7842   14.5562
    7.5000   15.0000  -22.500013140.0898   14.5498
   -7.5000   22.5000  -22.500012334.8516   14.8538
    0.0000   22.5000  -22.500012983.0684   14.8373
    7.5000   22.5000  -22.500012383.7373   14.8323
   -7.5000   30.0000  -22.500011618.3457   15.0391
    0.0000   30.0000  -22.500012218.7812   15.0227
    7.5000   30.0000  -22.500011663.0840   15.0235
   -7.5000   37.5000  -22.500011304.3145   15.4569
    0.0000   37.5000  -22.500011894.0537   15.4482
    7.5000   37.5000  -22.500011345.9775   15.4484
   -7.5000   45.0000  -22.500010521.5928   15.5217
    0.0000   45.0000  -22.500011050.1045   15.5123
    7.5000   45.0000  -22.500010562.8652   15.5114
   -7.5000  -45.0000  -15.000011193.0352   15.2330
    0.0000  -45.0000  -15.000011705.8896   15.2261
    7.5000  -45.0000  -15.000011231.8691   15.2250
   -7.5000  -37.5000  -15.000011984.0859   15.0528
    0.0000  -37.5000  -15.000012541.4258   15.0463
    7.5000  -37.5000  -15.000012018.9492   15.0401
   -7.5000  -30.0000  -15.000012974.6611   14.9519
    0.0000  -30.0000  -15.000013569.8838   14.9417
    7.5000  -30.0000  -15.000012998.9609   14.9329
   -7.5000  -22.5000  -15.000013867.7637   14.9450
    0.0000  -22.5000  -15.000014483.5469   14.9314
    7.5000  -22.5000  -15.000013884.3604   14.9257
   -7.5000  -15.0000  -15.000014552.2178   14.9718
    0.0000  -15.0000  -15.000015247.5957   14.9591
    7.5000  -15.0000  -15.000014593.1904   14.9594
   -7.5000   -7.5000  -15.000015151.7031   14.9817
    0.0000   -7.5000  -15.000015886.2363   14.9729
    7.5000   -7.5000  -15.000015198.5762   14.9752
   -7.5000    0.0000  -15.000015585.8828   14.9655
    0.0000    0.0000  -15.000016404.9414   14.9595
    7.5000    0.0000  -15.000015626.1143   14.9586
   -7.5000    7.5000  -15.000014818.9639   14.9369
    0.0000    7.5000  -15.000015644.6123   14.9305
    7.5000    7.5000  -15.000014873.6768   14.9246
   -7.5000   15.0000  -15.000013955.2930   14.9253
    0.0000   15.0000  -15.000014741.0752   14.9153
    7.5000   15.0000  -15.000013978.5127   14.9065
   -7.5000   22.5000  -15.000013141.2119   15.2138
    0.0000   22.5000  -15.000013827.0977   15.2023
    7.5000   22.5000  -15.000013137.6250   15.1974
   -7.5000   30.0000  -15.000012320.2764   15.4106
    0.0000   30.0000  -15.000012950.8516   15.3983
    7.5000   30.0000  -15.000012331.9023   15.4013
   -7.5000   37.5000  -15.000011961.4463   15.8412
    0.0000   37.5000  -15.000012582.9551   15.8371
    7.5000   37.5000  -15.000011989.6025   15.8415
   -7.5000   45.0000  -15.000011127.3662   15.9212
    0.0000   45.0000  -15.000011703.9854   15.9167
    7.5000   45.0000  -15.000011150.0996   15.9186
   -7.5000  -45.0000   -7.500011789.5713   15.4265
    0.0000  -45.0000   -7.500012327.6074   15.4163
    7.5000  -45.0000   -7.500011858.8584   15.4154
   -7.5000  -37.5000   -7.500012637.8818   15.2395
    0.0000  -37.5000   -7.500013216.8662   15.2319
    7.5000  -37.5000   -7.500012686.6357   15.2251
   -7.5000  -30.0000   -7.500013635.4756   15.1332
    0.0000  -30.0000   -7.500014283.5869   15.1252
    7.5000  -30.0000   -7.500013718.7393   15.1163
   -7.5000  -22.5000   -7.500014569.3477   15.1265
    0.0000  -22.5000   -7.500015263.8555   15.1162
    7.5000  -22.5000   -7.500014636.7275   15.1114
   -7.5000  -15.0000   -7.500015324.2041   15.1571
    0.0000  -15.0000   -7.500016076.9648   15.1459
    7.5000  -15.0000   -7.500015389.9033   15.1476
   -7.5000   -7.5000   -7.500015994.4932   15.1709
    0.0000   -7.5000   -7.500016830.8555   15.1604
    7.5000   -7.5000   -7.500016062.8984   15.1638
   -7.5000    0.0000   -7.500016499.9219   15.1554
    0.0000    0.0000   -7.500017396.4473   15.1462
    7.5000    0.0000   -7.500016560.5273   15.1455
   -7.5000    7.5000   -7.500015767.9482   15.1224
    0.0000    7.5000   -7.500016638.6895   15.1148
    7.5000    7.5000   -7.500015843.9307   15.1084
   -7.5000   15.0000   -7.500014863.1084   15.1063
    0.0000   15.0000   -7.500015691.2344   15.0985
    7.5000   15.0000   -7.500014928.3564   15.0895
   -7.5000   22.5000   -7.500013958.1367   15.3946
    0.0000   22.5000   -7.500014700.4268   15.3867
    7.5000   22.5000   -7.500013988.3955   15.3826
   -7.5000   30.0000   -7.500013057.9355   15.5988
    0.0000   30.0000   -7.500013745.7334   15.5877
    7.5000   30.0000   -7.500013073.9121   15.5910
   -7.5000   37.5000   -7.500012643.8633   16.0367
    0.0000   37.5000   -7.500013343.4062   16.0301
    7.5000   37.5000   -7.500012671.9561   16.0334
   -7.5000   45.0000   -7.500011790.0273   16.1228
    0.0000   45.0000   -7.500012424.4609   16.1140
    7.5000   45.0000   -7.500011791.4238   16.1131
   -7.5000  -45.0000    0.000012280.1172   15.4610
    0.0000  -45.0000    0.000012854.2090   15.4457
    7.5000  -45.0000    0.000012384.8447   15.4435
   -7.5000  -37.5000    0.000013177.1738   15.2727
    0.0000  -37.5000    0.000013793.1016   15.2602
    7.5000  -37.5000    0.000013259.4883   15.2532
   -7.5000  -30.0000    0.000014200.0791   15.1648
    0.0000  -30.0000    0.000014856.8877   15.1540
    7.5000  -30.0000    0.000014304.8408   15.1464
   -7.5000  -22.5000    0.000015180.6484   15.1583
    0.0000  -22.5000    0.000015894.1094   15.1469
    7.5000  -22.5000    0.000015307.9004   15.1432
   -7.5000  -15.0000    0.000015974.6055   15.1904
    0.0000  -15.0000    0.000016782.2109   15.1776
    7.5000  -15.0000    0.000016104.2646   15.1792
   -7.5000   -7.5000    0.000016680.6484   15.2055
    0.0000   -7.5000    0.000017589.5781   15.1915
    7.5000   -7.5000    0.000016843.9863   15.1936
   -7.5000    0.0000    0.000017219.2031   15.1898
    0.0000    0.0000    0.000018238.4434   15.1755
    7.5000    0.0000    0.000017414.0254   15.1733
   -7.5000    7.5000    0.000016547.1641   15.1554
    0.0000    7.5000    0.000017581.4004   15.1430
    7.5000    7.5000    0.000016741.6270   15.1365
   -7.5000   15.0000    0.000015701.3672   15.1380
    0.0000   15.0000    0.000016714.8281   15.1274
    7.5000   15.0000    0.000015880.2930   15.1197
   -7.5000   22.5000    0.000014733.1709   15.4261
    0.0000   22.5000    0.000015628.0361   15.4165
    7.5000   22.5000    0.000014822.7930   15.4123
   -7.5000   30.0000    0.000013708.0029   15.6312
    0.0000   30.0000    0.000014482.5010   15.6171
    7.5000   30.0000    0.000013734.6650   15.6178
   -7.5000   37.5000    0.000013262.7070   16.0680
    0.0000   37.5000    0.000014023.8105   16.0554
    7.5000   37.5000    0.000013266.1201   16.0532
   -7.5000   45.0000    0.000012347.1738   16.1505
    0.0000   45.0000    0.000013044.2529   16.1337
    7.5000   45.0000    0.000012345.1240   16.1270
   -7.5000  -45.0000    7.500011863.9971   15.4484
    0.0000  -45.0000    7.500012396.3330   15.4317
    7.5000  -45.0000    7.500012004.1943   15.4289
   -7.5000  -37.5000    7.500012717.9355   15.2640
    0.0000  -37.5000    7.500013295.6396   15.2473
    7.5000  -37.5000    7.500012856.9404   15.2418
   -7.5000  -30.0000    7.500013709.0664   15.1589
    0.0000  -30.0000    7.500014286.8105   15.1420
    7.5000  -30.0000    7.500013836.2314   15.1371
   -7.5000  -22.5000    7.500014646.2676   15.1520
    0.0000  -22.5000    7.500015276.0117   15.1353
    7.5000  -22.5000    7.500014829.5010   15.1333
   -7.5000  -15.0000    7.500015434.0723   15.1820
    0.0000  -15.0000    7.500016172.4062   15.1662
    7.5000  -15.0000    7.500015638.0674   15.1674
   -7.5000   -7.5000    7.500016116.4678   15.1946
    0.0000   -7.5000    7.500017008.8398   15.1794
    7.5000   -7.5000    7.500016348.5449   15.1801
   -7.5000    0.0000    7.500016659.9023   15.1782
    0.0000    0.0000    7.500017725.0273   15.1623
    7.5000    0.0000    7.500016922.5352   15.1595
   -7.5000    7.5000    7.500016067.1367   15.1468
    0.0000    7.5000    7.500017268.0137   15.1303
    7.5000    7.5000    7.500016316.4717   15.1251
   -7.5000   15.0000    7.500015296.2920   15.1322
    0.0000   15.0000    7.500016514.8750   15.1156
    7.5000   15.0000    7.500015498.5078   15.1106
   -7.5000   22.5000    7.500014315.2705   15.4209
    0.0000   22.5000    7.500015362.4766   15.4055
    7.5000   22.5000    7.500014445.0400   15.4016
   -7.5000   30.0000    7.500013263.6006   15.6217
    0.0000   30.0000    7.500014093.0088   15.6034
    7.5000   30.0000    7.500013339.6963   15.6023
   -7.5000   37.5000    7.500012831.6455   16.0547
    0.0000   37.5000    7.500013551.5840   16.0387
    7.5000   37.5000    7.500012875.7979   16.0331
   -7.5000   45.0000    7.500011961.8672   16.1304
    0.0000   45.0000    7.500012602.2637   16.1102
    7.5000   45.0000    7.500011998.2080   16.1018
   -7.5000  -45.0000   15.000011323.3496   15.4353
    0.0000  -45.0000   15.000011868.3848   15.4210
    7.5000  -45.0000   15.000011489.7471   15.4184
   -7.5000  -37.5000   15.000012132.8701   15.2554
    0.0000  -37.5000   15.000012703.1377   15.2391
    7.5000  -37.5000   15.000012317.2314   15.2346
   -7.5000  -30.0000   15.000013084.1914   15.1538
    0.0000  -30.0000   15.000013651.0576   15.1341
    7.5000  -30.0000   15.000013260.8633   15.1302
   -7.5000  -22.5000   15.000014010.0225   15.1459
    0.0000  -22.5000   15.000014646.2666   15.1255
    7.5000  -22.5000   15.000014225.1826   15.1237
   -7.5000  -15.0000   15.000014815.4941   15.1726
    0.0000  -15.0000   15.000015508.4131   15.1548
    7.5000  -15.0000   15.000015014.7227   15.1557
   -7.5000   -7.5000   15.000015521.4883   15.1820
    0.0000   -7.5000   15.000016284.2275   15.1679
    7.5000   -7.5000   15.000015697.0400   15.1681
   -7.5000    0.0000   15.000016074.8066   15.1656
    0.0000    0.0000   15.000016967.6582   15.1519
    7.5000    0.0000   15.000016230.6689   15.1492
   -7.5000    7.5000   15.000015507.5654   15.1381
    0.0000    7.5000   15.000016469.0918   15.1219
    7.5000    7.5000   15.000015682.3711   15.1177
   -7.5000   15.0000   15.000014722.7217   15.1270
    0.0000   15.0000   15.000015675.8262   15.1076
    7.5000   15.0000   15.000014879.4746   15.1036
   -7.5000   22.5000   15.000013727.3252   15.4169
    0.0000   22.5000   15.000014548.2578   15.3975
    7.5000   22.5000   15.000013847.9570   15.3936
   -7.5000   30.0000   15.000012721.9219   15.6132
    0.0000   30.0000   15.000013430.8076   15.5932
    7.5000   30.0000   15.000012828.2617   15.5925
   -7.5000   37.5000   15.000012309.5215   16.0453
    0.0000   37.5000   15.000012953.0918   16.0305
    7.5000   37.5000   15.000012397.9756   16.0261
   -7.5000   45.0000   15.000011494.6396   16.1194
    0.0000   45.0000   15.000012059.2920   16.1018
    7.5000   45.0000   15.000011568.1953   16.0963
   -7.5000  -45.0000   22.500010716.8086   15.4337
    0.0000  -45.0000   22.500011273.4336   15.4242
    7.5000  -45.0000   22.500010917.3877   15.4218
   -7.5000  -37.5000   22.500011505.6025   15.2546
    0.0000  -37.5000   22.500012064.3721   15.2437
    7.5000  -37.5000   22.500011706.7617   15.2380
   -7.5000  -30.0000   22.500012416.7861   15.1546
    0.0000  -30.0000   22.500012962.6221   15.1386
    7.5000  -30.0000   22.500012565.3604   15.1320
   -7.5000  -22.5000   22.500013242.5781   15.1468
    0.0000  -22.5000   22.500013841.5967   15.1281
    7.5000  -22.5000   22.500013407.5010   15.1237
   -7.5000  -15.0000   22.500013950.3906   15.1720
    0.0000  -15.0000   22.500014586.3721   15.1558
    7.5000  -15.0000   22.500014108.8135   15.1555
   -7.5000   -7.5000   22.500014568.2852   15.1801
    0.0000   -7.5000   22.500015281.8447   15.1688
    7.5000   -7.5000   22.500014741.8486   15.1693
   -7.5000    0.0000   22.500015087.9189   15.1635
    0.0000    0.0000   22.500015880.1523   15.1546
    7.5000    0.0000   22.500015252.6689   15.1523
   -7.5000    7.5000   22.500014503.4932   15.1373
    0.0000    7.5000   22.500015268.6270   15.1263
    7.5000    7.5000   22.500014677.9541   15.1210
   -7.5000   15.0000   22.500013715.0684   15.1278
    0.0000   15.0000   22.500014402.5957   15.1119
    7.5000   15.0000   22.500013868.8691   15.1053
   -7.5000   22.5000   22.500012833.2559   15.4187
    0.0000   22.5000   22.500013454.8408   15.4015
    7.5000   22.5000   22.500012936.2012   15.3964
   -7.5000   30.0000   22.500011945.3154   15.6156
    0.0000   30.0000   22.500012525.4141   15.5985
    7.5000   30.0000   22.500012048.6396   15.5993
   -7.5000   37.5000   22.500011599.6895   16.0494
    0.0000   37.5000   22.500012154.7344   16.0403
    7.5000   37.5000   22.500011692.4248   16.0406
   -7.5000   45.0000   22.500010870.9883   16.1284
    0.0000   45.0000   22.500011359.9590   16.1187
    7.5000   45.0000   22.500010935.7158   16.1178
   -7.5000  -45.0000   30.000010020.6465   15.5173
    0.0000  -45.0000   30.000010525.2158   15.5104
    7.5000  -45.0000   30.000010157.9014   15.5093
   -7.5000  -37.5000   30.000010767.4932   15.3328
    0.0000  -37.5000   30.000011286.1768   15.3264
    7.5000  -37.5000   30.000010883.6152   15.3200
   -7.5000  -30.0000   30.000011578.2598   15.2293
    0.0000  -30.0000   30.000012121.8887   15.2191
    7.5000  -30.0000   30.000011648.0098   15.2102
   -7.5000  -22.5000   30.000012290.6719   15.2222
    0.0000  -22.5000   30.000012884.7051   15.2085
    7.5000  -22.5000   30.000012397.4014   15.2027
   -7.5000  -15.0000   30.000012919.4287   15.2496
    0.0000  -15.0000   30.000013547.8164   15.2368
    7.5000  -15.0000   30.000013054.6660   15.2372
   -7.5000   -7.5000   30.000013496.7656   15.2599
    0.0000   -7.5000   30.000014158.6465   15.2510
    7.5000   -7.5000   30.000013649.3242   15.2535
   -7.5000    0.0000   30.000013962.8926   15.2435
    0.0000    0.0000   30.000014652.0605   15.2375
    7.5000    0.0000   30.000014122.8984   15.2366
   -7.5000    7.5000   30.000013323.0010   15.2142
    0.0000    7.5000   30.000013937.6289   15.2078
    7.5000    7.5000   30.000013485.4707   15.2018
   -7.5000   15.0000   30.000012537.7480   15.2021
    0.0000   15.0000   30.000013101.7021   15.1921
    7.5000   15.0000   30.000012682.4912   15.1832
   -7.5000   22.5000   30.000011813.6924   15.4956
    0.0000   22.5000   30.000012361.3008   15.4841
    7.5000   22.5000   30.000011923.4043   15.4792
   -7.5000   30.0000   30.000011082.7852   15.6997
    0.0000   30.0000   30.000011603.8564   15.6874
    7.5000   30.0000   30.000011185.9961   15.6906
   -7.5000   37.5000   30.000010800.8096   16.1410
    0.0000   37.5000   30.000011313.7998   16.1369
    7.5000   37.5000   30.000010894.6807   16.1415
   -7.5000   45.0000   30.000010108.1924   16.2293
    0.0000   45.0000   30.000010577.9824   16.2249
    7.5000   45.0000   30.000010173.5918   16.2269
   -7.5000  -45.0000   37.5000 9693.7422   15.6802
    0.0000  -45.0000   37.500010148.8232   15.6711
    7.5000  -45.0000   37.5000 9736.5146   15.6707
   -7.5000  -37.5000   37.500010395.3652   15.4877
    0.0000  -37.5000   37.500010883.7617   15.4810
    7.5000  -37.5000   37.500010440.3203   15.4742
   -7.5000  -30.0000   37.500011163.5928   15.3786
    0.0000  -30.0000   37.500011692.2148   15.3713
    7.5000  -30.0000   37.500011204.2100   15.3620
   -7.5000  -22.5000   37.500011827.0684   15.3720
    0.0000  -22.5000   37.500012404.3047   15.3624
    7.5000  -22.5000   37.500011889.8291   15.3574
   -7.5000  -15.0000   37.500012400.8047   15.4034
    0.0000  -15.0000   37.500012998.4473   15.3929
    7.5000  -15.0000   37.500012492.7881   15.3950
   -7.5000   -7.5000   37.500012923.0977   15.4171
    0.0000   -7.5000   37.500013576.7959   15.4075
    7.5000   -7.5000   37.500013063.4219   15.4116
   -7.5000    0.0000   37.500013332.6631   15.4007
    0.0000    0.0000   37.500014008.6016   15.3926
    7.5000    0.0000   37.500013488.9346   15.3923
   -7.5000    7.5000   37.500012697.1553   15.3669
    0.0000    7.5000   37.500013278.6670   15.3603
    7.5000    7.5000   37.500012825.1230   15.3539
   -7.5000   15.0000   37.500011914.8711   15.3509
    0.0000   15.0000   37.500012431.1904   15.3438
    7.5000   15.0000   37.500012034.8047   15.3345
   -7.5000   22.5000   37.500011225.7207   15.6485
    0.0000   22.5000   37.500011750.3799   15.6413
    7.5000   22.5000   37.500011351.9502   15.6372
   -7.5000   30.0000   37.500010592.0791   15.8624
    0.0000   30.0000   37.500011086.6504   15.8520
    7.5000   30.0000   37.500010702.8838   15.8558
   -7.5000   37.5000   37.500010363.1592   16.3138
    0.0000   37.5000   37.500010819.2812   16.3084
    7.5000   37.5000   37.500010438.0449   16.3124
   -7.5000   45.0000   37.5000 9702.2783   16.4091
    0.0000   45.0000   37.500010157.5205   16.4016
    7.5000   45.0000   37.5000 9764.9561   16.4012
   -7.5000  -45.0000   45.0000 8988.8516   15.8974
    0.0000  -45.0000   45.0000 9386.9873   15.8857
    7.5000  -45.0000   45.0000 8968.4707   15.8845
   -7.5000  -37.5000   45.0000 9595.2021   15.6980
    0.0000  -37.5000   45.000010044.1406   15.6886
    7.5000  -37.5000   45.0000 9625.5400   15.6819
   -7.5000  -30.0000   45.000010278.4668   15.5847
    0.0000  -30.0000   45.000010773.2656   15.5765
    7.5000  -30.0000   45.000010317.4014   15.5687
   -7.5000  -22.5000   45.000010887.6895   15.5783
    0.0000  -22.5000   45.000011412.8564   15.5695
    7.5000  -22.5000   45.000010949.2705   15.5661
   -7.5000  -15.0000   45.000011393.7373   15.6119
    0.0000  -15.0000   45.000011936.0508   15.6021
    7.5000  -15.0000   45.000011470.9004   15.6047
   -7.5000   -7.5000   45.000011836.2363   15.6265
    0.0000   -7.5000   45.000012439.3389   15.6161
    7.5000   -7.5000   45.000011974.8311   15.6194
   -7.5000    0.0000   45.000012192.4287   15.6091
    0.0000    0.0000   45.000012789.3516   15.5983
    7.5000    0.0000   45.000012318.1162   15.5971
   -7.5000    7.5000   45.000011603.8232   15.5733
    0.0000    7.5000   45.000012135.5557   15.5640
    7.5000    7.5000   45.000011701.5488   15.5577
   -7.5000   15.0000   45.000010895.0273   15.5562
    0.0000   15.0000   45.000011390.8047   15.5482
    7.5000   15.0000   45.000011018.8066   15.5404
   -7.5000   22.5000   45.000010260.2920   15.8633
    0.0000   22.5000   45.000010758.5596   15.8566
    7.5000   22.5000   45.000010400.4775   15.8527
   -7.5000   30.0000   45.0000 9699.0127   16.0870
    0.0000   30.0000   45.000010169.3584   16.0762
    7.5000   30.0000   45.0000 9805.0479   16.0779
   -7.5000   37.5000   45.0000 9483.8135   16.5518
    0.0000   37.5000   45.0000 9913.8594   16.5433
    7.5000   37.5000   45.0000 9565.8350   16.5422
   -7.5000   45.0000   45.0000 8899.0244   16.6629
    0.0000   45.0000   45.0000 9317.3643   16.6502
    7.5000   45.0000   45.0000 8977.6279   16.6442

---------------------------------------------------------------------
imgreg_4dfp /opt/freesurfer/average/711-2C_as_mni_average_305 /opt/freesurfer/average/711-2B_as_mni_average_305_mask talsrcimg_g11 none talsrcimg_to_711-2C_as_mni_average_305_t4 4355
---------------------------------------------------------------------

freesurfer imgreg_4dfp.c
/opt/freesurfer/average/711-2C_as_mni_average_305.4dfp.img
       256       256       256         1
  1.000000  1.000000  1.000000
orientation T byte_order littleendian
Reading image: /opt/freesurfer/average/711-2C_as_mni_average_305.4dfp.img
dimensions:      256       256       256
mmppix:       1.0000   -1.0000   -1.0000
center:     128.0000 -129.0000 -129.0000
/opt/freesurfer/average/711-2B_as_mni_average_305_mask.4dfp.img
       256       256       256         1
  1.000000  1.000000  1.000000
orientation T byte_order littleendian
Reading mask: /opt/freesurfer/average/711-2B_as_mni_average_305_mask.4dfp.img (2306576 pixels)
talsrcimg_g11.4dfp.img
       256       256       256         1
  1.000000  1.000000  1.000000
orientation T byte_order littleendian
Reading image: talsrcimg_g11.4dfp.img
dimensions:      256       256       256
mmppix:       1.0000   -1.0000   -1.0000
center:     128.0000 -129.0000 -129.0000
rotation matrix determinant  1.000000
image alignment mode   4355 decimal     1103 hex
   -7.5000  -45.0000  -45.0000 2218.0544   18.8630
    0.0000  -45.0000  -45.0000 2228.7390   18.7712
    7.5000  -45.0000  -45.0000 2212.5984   18.9903
   -7.5000  -37.5000  -45.0000 2243.9150   18.2766
    0.0000  -37.5000  -45.0000 2260.1335   18.1565
    7.5000  -37.5000  -45.0000 2241.2290   18.3175
   -7.5000  -30.0000  -45.0000 2279.6941   17.7197
    0.0000  -30.0000  -45.0000 2294.4773   17.6198
    7.5000  -30.0000  -45.0000 2282.0149   17.7600
   -7.5000  -22.5000  -45.0000 2312.2410   17.2953
    0.0000  -22.5000  -45.0000 2331.0044   17.1930
    7.5000  -22.5000  -45.0000 2323.1929   17.2893
   -7.5000  -15.0000  -45.0000 2336.6919   16.9362
    0.0000  -15.0000  -45.0000 2360.9692   16.7844
    7.5000  -15.0000  -45.0000 2345.8433   16.8884
   -7.5000   -7.5000  -45.0000 2344.0208   16.5909
    0.0000   -7.5000  -45.0000 2374.6816   16.3979
    7.5000   -7.5000  -45.0000 2361.4761   16.4991
   -7.5000    0.0000  -45.0000 2336.7849   16.4116
    0.0000    0.0000  -45.0000 2366.6306   16.1652
    7.5000    0.0000  -45.0000 2366.6313   16.2546
   -7.5000    7.5000  -45.0000 2334.6177   16.3418
    0.0000    7.5000  -45.0000 2369.7756   16.0537
    7.5000    7.5000  -45.0000 2368.3906   16.1158
   -7.5000   15.0000  -45.0000 2334.1687   16.5228
    0.0000   15.0000  -45.0000 2372.5457   16.2041
    7.5000   15.0000  -45.0000 2369.1240   16.2594
   -7.5000   22.5000  -45.0000 2312.5347   17.0444
    0.0000   22.5000  -45.0000 2350.6421   16.7256
    7.5000   22.5000  -45.0000 2349.3623   16.7127
   -7.5000   30.0000  -45.0000 2265.6902   17.8360
    0.0000   30.0000  -45.0000 2313.7136   17.4814
    7.5000   30.0000  -45.0000 2309.4365   17.4785
   -7.5000   37.5000  -45.0000 2206.5847   18.8732
    0.0000   37.5000  -45.0000 2250.1692   18.5225
    7.5000   37.5000  -45.0000 2251.0461   18.5189
   -7.5000   45.0000  -45.0000 2131.9128   20.2649
    0.0000   45.0000  -45.0000 2170.2698   19.8672
    7.5000   45.0000  -45.0000 2169.5085   19.9028
   -7.5000  -45.0000  -37.5000 2304.7122   17.3302
    0.0000  -45.0000  -37.5000 2318.5671   17.2288
    7.5000  -45.0000  -37.5000 2305.1465   17.4242
   -7.5000  -37.5000  -37.5000 2341.7952   16.7943
    0.0000  -37.5000  -37.5000 2361.3276   16.6945
    7.5000  -37.5000  -37.5000 2342.8328   16.8105
   -7.5000  -30.0000  -37.5000 2386.9907   16.3173
    0.0000  -30.0000  -37.5000 2404.4221   16.2028
    7.5000  -30.0000  -37.5000 2390.0447   16.3176
   -7.5000  -22.5000  -37.5000 2424.5740   15.9397
    0.0000  -22.5000  -37.5000 2442.5032   15.8465
    7.5000  -22.5000  -37.5000 2432.4600   15.9187
   -7.5000  -15.0000  -37.5000 2443.9246   15.6327
    0.0000  -15.0000  -37.5000 2466.3606   15.4897
    7.5000  -15.0000  -37.5000 2452.1936   15.5609
   -7.5000   -7.5000  -37.5000 2445.0767   15.2978
    0.0000   -7.5000  -37.5000 2473.8125   15.1214
    7.5000   -7.5000  -37.5000 2464.2612   15.2058
   -7.5000    0.0000  -37.5000 2435.9238   15.1134
    0.0000    0.0000  -37.5000 2471.6716   14.8854
    7.5000    0.0000  -37.5000 2470.2683   14.9679
   -7.5000    7.5000  -37.5000 2441.9180   15.1052
    0.0000    7.5000  -37.5000 2474.3665   14.8095
    7.5000    7.5000  -37.5000 2473.2048   14.8712
   -7.5000   15.0000  -37.5000 2433.0330   15.2339
    0.0000   15.0000  -37.5000 2470.2686   14.9607
    7.5000   15.0000  -37.5000 2471.6311   15.0199
   -7.5000   22.5000  -37.5000 2412.4919   15.6666
    0.0000   22.5000  -37.5000 2452.7109   15.3808
    7.5000   22.5000  -37.5000 2451.8438   15.4245
   -7.5000   30.0000  -37.5000 2374.8738   16.3836
    0.0000   30.0000  -37.5000 2422.6091   16.0619
    7.5000   30.0000  -37.5000 2421.9192   16.0755
   -7.5000   37.5000  -37.5000 2311.0344   17.3414
    0.0000   37.5000  -37.5000 2356.1797   17.0407
    7.5000   37.5000  -37.5000 2359.0237   17.0523
   -7.5000   45.0000  -37.5000 2227.9565   18.6601
    0.0000   45.0000  -37.5000 2271.4526   18.3024
    7.5000   45.0000  -37.5000 2268.5322   18.3338
   -7.5000  -45.0000  -30.0000 2435.2031   16.5727
    0.0000  -45.0000  -30.0000 2457.8235   16.4897
    7.5000  -45.0000  -30.0000 2437.7886   16.6224
   -7.5000  -37.5000  -30.0000 2478.9663   16.0791
    0.0000  -37.5000  -30.0000 2503.4563   15.9363
    7.5000  -37.5000  -30.0000 2481.2944   16.0722
   -7.5000  -30.0000  -30.0000 2526.2598   15.6134
    0.0000  -30.0000  -30.0000 2549.1279   15.4550
    7.5000  -30.0000  -30.0000 2532.1570   15.5746
   -7.5000  -22.5000  -30.0000 2560.6389   15.2415
    0.0000  -22.5000  -30.0000 2581.2200   15.0939
    7.5000  -22.5000  -30.0000 2571.0234   15.1964
   -7.5000  -15.0000  -30.0000 2574.7764   14.8649
    0.0000  -15.0000  -30.0000 2599.4570   14.7430
    7.5000  -15.0000  -30.0000 2590.0574   14.8167
   -7.5000   -7.5000  -30.0000 2582.4373   14.6293
    0.0000   -7.5000  -30.0000 2610.1187   14.4494
    7.5000   -7.5000  -30.0000 2602.4294   14.4884
   -7.5000    0.0000  -30.0000 2585.4883   14.4487
    0.0000    0.0000  -30.0000 2620.9006   14.2212
    7.5000    0.0000  -30.0000 2616.7754   14.2854
   -7.5000    7.5000  -30.0000 2592.4497   14.4431
    0.0000    7.5000  -30.0000 2630.6206   14.1885
    7.5000    7.5000  -30.0000 2624.1233   14.2407
   -7.5000   15.0000  -30.0000 2580.3459   14.5652
    0.0000   15.0000  -30.0000 2621.7754   14.3212
    7.5000   15.0000  -30.0000 2619.4636   14.3699
   -7.5000   22.5000  -30.0000 2562.3438   14.9705
    0.0000   22.5000  -30.0000 2608.2290   14.7196
    7.5000   22.5000  -30.0000 2602.9065   14.7586
   -7.5000   30.0000  -30.0000 2528.9961   15.6683
    0.0000   30.0000  -30.0000 2571.5569   15.3557
    7.5000   30.0000  -30.0000 2568.9763   15.4132
   -7.5000   37.5000  -30.0000 2459.9712   16.6038
    0.0000   37.5000  -30.0000 2506.6179   16.3093
    7.5000   37.5000  -30.0000 2504.7693   16.3425
   -7.5000   45.0000  -30.0000 2365.0576   17.8445
    0.0000   45.0000  -30.0000 2408.6858   17.5448
    7.5000   45.0000  -30.0000 2406.6213   17.5887
   -7.5000  -45.0000  -22.5000 2540.4868   15.7913
    0.0000  -45.0000  -22.5000 2561.4053   15.6876
    7.5000  -45.0000  -22.5000 2540.1453   15.8181
   -7.5000  -37.5000  -22.5000 2585.9514   15.3362
    0.0000  -37.5000  -22.5000 2608.1248   15.1887
    7.5000  -37.5000  -22.5000 2585.2708   15.3176
   -7.5000  -30.0000  -22.5000 2624.2324   14.8976
    0.0000  -30.0000  -22.5000 2647.0945   14.7420
    7.5000  -30.0000  -22.5000 2629.8606   14.8567
   -7.5000  -22.5000  -22.5000 2655.0425   14.4634
    0.0000  -22.5000  -22.5000 2678.0496   14.2937
    7.5000  -22.5000  -22.5000 2667.3354   14.4215
   -7.5000  -15.0000  -22.5000 2669.6018   14.1154
    0.0000  -15.0000  -22.5000 2700.9260   13.9313
    7.5000  -15.0000  -22.5000 2686.9282   14.0229
   -7.5000   -7.5000  -22.5000 2685.6589   13.8853
    0.0000   -7.5000  -22.5000 2715.8562   13.6877
    7.5000   -7.5000  -22.5000 2708.3057   13.7466
   -7.5000    0.0000  -22.5000 2698.1375   13.7307
    0.0000    0.0000  -22.5000 2737.8838   13.5207
    7.5000    0.0000  -22.5000 2727.5320   13.5750
   -7.5000    7.5000  -22.5000 2708.4675   13.7118
    0.0000    7.5000  -22.5000 2755.1021   13.5263
    7.5000    7.5000  -22.5000 2742.4282   13.5636
   -7.5000   15.0000  -22.5000 2708.2881   13.8603
    0.0000   15.0000  -22.5000 2752.7175   13.6310
    7.5000   15.0000  -22.5000 2740.4021   13.6919
   -7.5000   22.5000  -22.5000 2691.2402   14.2877
    0.0000   22.5000  -22.5000 2737.6418   14.0055
    7.5000   22.5000  -22.5000 2729.7334   14.0714
   -7.5000   30.0000  -22.5000 2650.4441   14.9158
    0.0000   30.0000  -22.5000 2695.4497   14.6348
    7.5000   30.0000  -22.5000 2689.1011   14.6953
   -7.5000   37.5000  -22.5000 2577.6255   15.7911
    0.0000   37.5000  -22.5000 2622.0403   15.5287
    7.5000   37.5000  -22.5000 2615.5557   15.5973
   -7.5000   45.0000  -22.5000 2478.6067   16.9887
    0.0000   45.0000  -22.5000 2521.3848   16.7157
    7.5000   45.0000  -22.5000 2517.4294   16.7660
   -7.5000  -45.0000  -15.0000 2596.9080   15.1327
    0.0000  -45.0000  -15.0000 2622.7136   14.9867
    7.5000  -45.0000  -15.0000 2600.0623   15.1981
   -7.5000  -37.5000  -15.0000 2641.7539   14.6958
    0.0000  -37.5000  -15.0000 2670.3369   14.5338
    7.5000  -37.5000  -15.0000 2649.4341   14.6885
   -7.5000  -30.0000  -15.0000 2676.6345   14.2398
    0.0000  -30.0000  -15.0000 2709.8892   14.0769
    7.5000  -30.0000  -15.0000 2687.7361   14.2025
   -7.5000  -22.5000  -15.0000 2708.4888   13.7961
    0.0000  -22.5000  -15.0000 2735.8914   13.6272
    7.5000  -22.5000  -15.0000 2720.0183   13.7320
   -7.5000  -15.0000  -15.0000 2727.4629   13.4021
    0.0000  -15.0000  -15.0000 2760.7778   13.2511
    7.5000  -15.0000  -15.0000 2748.3257   13.3261
   -7.5000   -7.5000  -15.0000 2752.4844   13.1417
    0.0000   -7.5000  -15.0000 2791.0720   12.9946
    7.5000   -7.5000  -15.0000 2782.2490   13.0773
   -7.5000    0.0000  -15.0000 2773.4771   13.0390
    0.0000    0.0000  -15.0000 2820.3511   12.8467
    7.5000    0.0000  -15.0000 2803.5925   12.9150
   -7.5000    7.5000  -15.0000 2792.6609   13.0461
    0.0000    7.5000  -15.0000 2840.4043   12.8414
    7.5000    7.5000  -15.0000 2825.1865   12.9130
   -7.5000   15.0000  -15.0000 2799.2693   13.2212
    0.0000   15.0000  -15.0000 2848.7197   12.9897
    7.5000   15.0000  -15.0000 2833.0330   13.0490
   -7.5000   22.5000  -15.0000 2784.7317   13.6195
    0.0000   22.5000  -15.0000 2835.3657   13.3374
    7.5000   22.5000  -15.0000 2822.1277   13.4094
   -7.5000   30.0000  -15.0000 2729.6438   14.2313
    0.0000   30.0000  -15.0000 2781.1008   13.9576
    7.5000   30.0000  -15.0000 2773.3997   14.0347
   -7.5000   37.5000  -15.0000 2650.7346   15.0776
    0.0000   37.5000  -15.0000 2697.1418   14.8040
    7.5000   37.5000  -15.0000 2690.1741   14.8848
   -7.5000   45.0000  -15.0000 2549.6138   16.2297
    0.0000   45.0000  -15.0000 2591.8447   15.9589
    7.5000   45.0000  -15.0000 2583.6458   16.0143
   -7.5000  -45.0000   -7.5000 2637.6919   14.6765
    0.0000  -45.0000   -7.5000 2655.5400   14.4997
    7.5000  -45.0000   -7.5000 2642.0266   14.7386
   -7.5000  -37.5000   -7.5000 2676.9392   14.2113
    0.0000  -37.5000   -7.5000 2702.3552   14.0273
    7.5000  -37.5000   -7.5000 2684.4233   14.2060
   -7.5000  -30.0000   -7.5000 2703.6023   13.7127
    0.0000  -30.0000   -7.5000 2735.5195   13.5206
    7.5000  -30.0000   -7.5000 2722.0706   13.6820
   -7.5000  -22.5000   -7.5000 2735.3584   13.2605
    0.0000  -22.5000   -7.5000 2765.2593   13.0497
    7.5000  -22.5000   -7.5000 2753.1152   13.1967
   -7.5000  -15.0000   -7.5000 2762.7429   12.8325
    0.0000  -15.0000   -7.5000 2791.4590   12.6646
    7.5000  -15.0000   -7.5000 2783.5837   12.7571
   -7.5000   -7.5000   -7.5000 2796.3909   12.5432
    0.0000   -7.5000   -7.5000 2837.6082   12.3861
    7.5000   -7.5000   -7.5000 2829.9971   12.4790
   -7.5000    0.0000   -7.5000 2826.3301   12.4350
    0.0000    0.0000   -7.5000 2869.1914   12.2603
    7.5000    0.0000   -7.5000 2861.4290   12.3419
   -7.5000    7.5000   -7.5000 2851.0417   12.4966
    0.0000    7.5000   -7.5000 2905.2346   12.2764
    7.5000    7.5000   -7.5000 2895.4917   12.3806
   -7.5000   15.0000   -7.5000 2861.6917   12.6853
    0.0000   15.0000   -7.5000 2920.5188   12.4361
    7.5000   15.0000   -7.5000 2907.2090   12.5531
   -7.5000   22.5000   -7.5000 2844.8499   13.0365
    0.0000   22.5000   -7.5000 2905.7327   12.7370
    7.5000   22.5000   -7.5000 2892.1680   12.8620
   -7.5000   30.0000   -7.5000 2786.8491   13.6019
    0.0000   30.0000   -7.5000 2842.7444   13.3227
    7.5000   30.0000   -7.5000 2834.5396   13.4315
   -7.5000   37.5000   -7.5000 2700.4761   14.4088
    0.0000   37.5000   -7.5000 2756.3774   14.1317
    7.5000   37.5000   -7.5000 2745.9075   14.2391
   -7.5000   45.0000   -7.5000 2598.0044   15.5794
    0.0000   45.0000   -7.5000 2641.0847   15.3040
    7.5000   45.0000   -7.5000 2627.6956   15.3809
   -7.5000  -45.0000    0.0000 2654.9980   14.3503
    0.0000  -45.0000    0.0000 2677.9678   14.1892
    7.5000  -45.0000    0.0000 2663.0737   14.4196
   -7.5000  -37.5000    0.0000 2689.9128   13.8664
    0.0000  -37.5000    0.0000 2714.7744   13.6727
    7.5000  -37.5000    0.0000 2696.7087   13.8542
   -7.5000  -30.0000    0.0000 2711.8054   13.3420
    0.0000  -30.0000    0.0000 2739.7437   13.1255
    7.5000  -30.0000    0.0000 2727.7476   13.3085
   -7.5000  -22.5000    0.0000 2742.7368   12.8676
    0.0000  -22.5000    0.0000 2771.0283   12.6585
    7.5000  -22.5000    0.0000 2761.1951   12.8234
   -7.5000  -15.0000    0.0000 2773.8638   12.4746
    0.0000  -15.0000    0.0000 2803.7793   12.2857
    7.5000  -15.0000    0.0000 2792.5996   12.3938
   -7.5000   -7.5000    0.0000 2818.2820   12.2040
    0.0000   -7.5000    0.0000 2860.8977   12.0229
    7.5000   -7.5000    0.0000 2850.6667   12.1354
   -7.5000    0.0000    0.0000 2858.0544   12.0849
    0.0000    0.0000    0.0000 2906.3477   11.9334
    7.5000    0.0000    0.0000 2898.8062   12.0126
   -7.5000    7.5000    0.0000 2891.6543   12.1918
    0.0000    7.5000    0.0000 2953.2354   12.0423
    7.5000    7.5000    0.0000 2936.5876   12.0876
   -7.5000   15.0000    0.0000 2903.7700   12.3983
    0.0000   15.0000    0.0000 2983.7881   12.2321
    7.5000   15.0000    0.0000 2957.2146   12.2896
   -7.5000   22.5000    0.0000 2882.6206   12.6916
    0.0000   22.5000    0.0000 2958.0042   12.4712
    7.5000   22.5000    0.0000 2937.6067   12.5309
   -7.5000   30.0000    0.0000 2825.2280   13.1400
    0.0000   30.0000    0.0000 2881.2170   12.8817
    7.5000   30.0000    0.0000 2872.0828   12.9642
   -7.5000   37.5000    0.0000 2736.6204   13.9159
    0.0000   37.5000    0.0000 2788.8176   13.6590
    7.5000   37.5000    0.0000 2779.6567   13.7314
   -7.5000   45.0000    0.0000 2626.8196   15.1208
    0.0000   45.0000    0.0000 2670.8059   14.8695
    7.5000   45.0000    0.0000 2659.7644   14.9105
   -7.5000  -45.0000    7.5000 2662.5398   14.2655
    0.0000  -45.0000    7.5000 2685.6233   14.0543
    7.5000  -45.0000    7.5000 2668.6528   14.3094
   -7.5000  -37.5000    7.5000 2691.8760   13.7041
    0.0000  -37.5000    7.5000 2716.6238   13.4855
    7.5000  -37.5000    7.5000 2695.8909   13.7209
   -7.5000  -30.0000    7.5000 2710.7412   13.1583
    0.0000  -30.0000    7.5000 2732.5471   12.9044
    7.5000  -30.0000    7.5000 2720.4429   13.1441
   -7.5000  -22.5000    7.5000 2739.3296   12.7078
    0.0000  -22.5000    7.5000 2760.6873   12.4544
    7.5000  -22.5000    7.5000 2753.9165   12.6799
   -7.5000  -15.0000    7.5000 2768.8931   12.3666
    0.0000  -15.0000    7.5000 2799.8699   12.1270
    7.5000  -15.0000    7.5000 2793.8706   12.3192
   -7.5000   -7.5000    7.5000 2818.5598   12.0941
    0.0000   -7.5000    7.5000 2864.9927   11.9104
    7.5000   -7.5000    7.5000 2850.0837   12.0571
   -7.5000    0.0000    7.5000 2872.4106   11.9735
    0.0000    0.0000    7.5000 2924.6956   11.8428
    7.5000    0.0000    7.5000 2901.7900   11.9302
   -7.5000    7.5000    7.5000 2922.4561   12.0644
    0.0000    7.5000    7.5000 2989.1956   11.9766
    7.5000    7.5000    7.5000 2958.2903   11.9801
   -7.5000   15.0000    7.5000 2936.5547   12.3169
    0.0000   15.0000    7.5000 3025.5149   12.2204
    7.5000   15.0000    7.5000 2982.4126   12.1902
   -7.5000   22.5000    7.5000 2902.6467   12.6001
    0.0000   22.5000    7.5000 2980.8291   12.4385
    7.5000   22.5000    7.5000 2949.0020   12.4375
   -7.5000   30.0000    7.5000 2838.1160   12.9984
    0.0000   30.0000    7.5000 2894.3596   12.7670
    7.5000   30.0000    7.5000 2881.5552   12.8141
   -7.5000   37.5000    7.5000 2751.9714   13.7198
    0.0000   37.5000    7.5000 2803.7515   13.4571
    7.5000   37.5000    7.5000 2792.0168   13.5473
   -7.5000   45.0000    7.5000 2641.7036   14.8802
    0.0000   45.0000    7.5000 2682.3989   14.6111
    7.5000   45.0000    7.5000 2670.8203   14.6912
   -7.5000  -45.0000   15.0000 2652.4167   14.3579
    0.0000  -45.0000   15.0000 2681.0396   14.1415
    7.5000  -45.0000   15.0000 2662.3130   14.4538
   -7.5000  -37.5000   15.0000 2668.3013   13.7990
    0.0000  -37.5000   15.0000 2697.8516   13.5402
    7.5000  -37.5000   15.0000 2678.6262   13.8590
   -7.5000  -30.0000   15.0000 2686.7109   13.2725
    0.0000  -30.0000   15.0000 2707.3562   13.0229
    7.5000  -30.0000   15.0000 2695.5698   13.3045
   -7.5000  -22.5000   15.0000 2715.4460   12.8592
    0.0000  -22.5000   15.0000 2740.4011   12.5849
    7.5000  -22.5000   15.0000 2730.1050   12.8777
   -7.5000  -15.0000   15.0000 2750.5181   12.5230
    0.0000  -15.0000   15.0000 2784.2346   12.2681
    7.5000  -15.0000   15.0000 2771.1631   12.5099
   -7.5000   -7.5000   15.0000 2800.9614   12.2667
    0.0000   -7.5000   15.0000 2844.2083   12.0334
    7.5000   -7.5000   15.0000 2828.4602   12.2450
   -7.5000    0.0000   15.0000 2855.4854   12.1669
    0.0000    0.0000   15.0000 2910.6470   11.9507
    7.5000    0.0000   15.0000 2883.0410   12.1025
   -7.5000    7.5000   15.0000 2920.7292   12.2145
    0.0000    7.5000   15.0000 2986.8711   12.0315
    7.5000    7.5000   15.0000 2949.6804   12.1404
   -7.5000   15.0000   15.0000 2934.9622   12.4050
    0.0000   15.0000   15.0000 3024.9148   12.2312
    7.5000   15.0000   15.0000 2973.7009   12.3186
   -7.5000   22.5000   15.0000 2888.4480   12.7159
    0.0000   22.5000   15.0000 2970.2732   12.4721
    7.5000   22.5000   15.0000 2934.9526   12.5758
   -7.5000   30.0000   15.0000 2820.5928   13.1583
    0.0000   30.0000   15.0000 2876.2681   12.8721
    7.5000   30.0000   15.0000 2861.9338   12.9832
   -7.5000   37.5000   15.0000 2732.8938   13.8940
    0.0000   37.5000   15.0000 2780.3533   13.6258
    7.5000   37.5000   15.0000 2775.0261   13.6901
   -7.5000   45.0000   15.0000 2627.7263   14.9862
    0.0000   45.0000   15.0000 2661.7959   14.7370
    7.5000   45.0000   15.0000 2656.4929   14.7937
   -7.5000  -45.0000   22.5000 2617.4407   14.6954
    0.0000  -45.0000   22.5000 2650.5776   14.4850
    7.5000  -45.0000   22.5000 2624.9827   14.8961
   -7.5000  -37.5000   22.5000 2633.7791   14.1655
    0.0000  -37.5000   22.5000 2659.3484   13.9199
    7.5000  -37.5000   22.5000 2641.4087   14.2894
   -7.5000  -30.0000   22.5000 2656.1497   13.6456
    0.0000  -30.0000   22.5000 2674.0457   13.3707
    7.5000  -30.0000   22.5000 2661.0542   13.7069
   -7.5000  -22.5000   22.5000 2682.3679   13.2229
    0.0000  -22.5000   22.5000 2710.6204   12.9479
    7.5000  -22.5000   22.5000 2695.3416   13.2137
   -7.5000  -15.0000   22.5000 2724.0139   12.8560
    0.0000  -15.0000   22.5000 2755.9351   12.5827
    7.5000  -15.0000   22.5000 2740.4878   12.8190
   -7.5000   -7.5000   22.5000 2773.8633   12.6004
    0.0000   -7.5000   22.5000 2812.6113   12.3419
    7.5000   -7.5000   22.5000 2797.3359   12.5652
   -7.5000    0.0000   22.5000 2827.9058   12.4778
    0.0000    0.0000   22.5000 2874.6428   12.2290
    7.5000    0.0000   22.5000 2849.1848   12.4384
   -7.5000    7.5000   22.5000 2881.5486   12.5204
    0.0000    7.5000   22.5000 2941.1741   12.2574
    7.5000    7.5000   22.5000 2906.8037   12.4621
   -7.5000   15.0000   22.5000 2894.6655   12.6357
    0.0000   15.0000   22.5000 2968.5007   12.3585
    7.5000   15.0000   22.5000 2931.0881   12.5632
   -7.5000   22.5000   22.5000 2860.8657   12.9512
    0.0000   22.5000   22.5000 2928.6240   12.6433
    7.5000   22.5000   22.5000 2897.5518   12.8246
   -7.5000   30.0000   22.5000 2786.2266   13.4879
    0.0000   30.0000   22.5000 2834.0730   13.2093
    7.5000   30.0000   22.5000 2821.3284   13.3474
   -7.5000   37.5000   22.5000 2699.8059   14.2965
    0.0000   37.5000   22.5000 2739.6814   14.0209
    7.5000   37.5000   22.5000 2732.1331   14.0978
   -7.5000   45.0000   22.5000 2591.5256   15.4047
    0.0000   45.0000   22.5000 2626.2317   15.1250
    7.5000   45.0000   22.5000 2617.3564   15.1785
   -7.5000  -45.0000   30.0000 2551.2183   15.2030
    0.0000  -45.0000   30.0000 2576.1707   15.0284
    7.5000  -45.0000   30.0000 2553.4341   15.4499
   -7.5000  -37.5000   30.0000 2576.4993   14.6684
    0.0000  -37.5000   30.0000 2602.5769   14.4289
    7.5000  -37.5000   30.0000 2580.3318   14.8187
   -7.5000  -30.0000   30.0000 2607.2085   14.1641
    0.0000  -30.0000   30.0000 2634.4041   13.9086
    7.5000  -30.0000   30.0000 2605.6375   14.2112
   -7.5000  -22.5000   30.0000 2636.1782   13.7056
    0.0000  -22.5000   30.0000 2666.2900   13.4605
    7.5000  -22.5000   30.0000 2640.3496   13.7200
   -7.5000  -15.0000   30.0000 2679.2136   13.3503
    0.0000  -15.0000   30.0000 2708.6533   13.0869
    7.5000  -15.0000   30.0000 2689.7273   13.3177
   -7.5000   -7.5000   30.0000 2736.0146   13.1268
    0.0000   -7.5000   30.0000 2769.0742   12.8390
    7.5000   -7.5000   30.0000 2750.0635   13.0706
   -7.5000    0.0000   30.0000 2782.4351   13.0170
    0.0000    0.0000   30.0000 2823.1853   12.7195
    7.5000    0.0000   30.0000 2800.3879   12.9509
   -7.5000    7.5000   30.0000 2815.8743   12.9906
    0.0000    7.5000   30.0000 2861.2786   12.7020
    7.5000    7.5000   30.0000 2842.5732   12.9433
   -7.5000   15.0000   30.0000 2819.8296   13.0974
    0.0000   15.0000   30.0000 2872.6721   12.7792
    7.5000   15.0000   30.0000 2849.9424   13.0109
   -7.5000   22.5000   30.0000 2803.7244   13.4185
    0.0000   22.5000   30.0000 2856.9976   13.1569
    7.5000   22.5000   30.0000 2833.9778   13.3036
   -7.5000   30.0000   30.0000 2734.9990   14.0307
    0.0000   30.0000   30.0000 2778.2097   13.7961
    7.5000   30.0000   30.0000 2767.0461   13.8986
   -7.5000   37.5000   30.0000 2650.3682   14.8968
    0.0000   37.5000   30.0000 2690.3191   14.6426
    7.5000   37.5000   30.0000 2682.6304   14.7058
   -7.5000   45.0000   30.0000 2542.1091   15.9681
    0.0000   45.0000   30.0000 2576.7283   15.6989
    7.5000   45.0000   30.0000 2567.1890   15.7661
   -7.5000  -45.0000   37.5000 2490.7393   15.8882
    0.0000  -45.0000   37.5000 2501.9146   15.7319
    7.5000  -45.0000   37.5000 2480.4307   16.0650
   -7.5000  -37.5000   37.5000 2523.1035   15.3184
    0.0000  -37.5000   37.5000 2540.6921   15.1464
    7.5000  -37.5000   37.5000 2517.6741   15.4645
   -7.5000  -30.0000   37.5000 2560.5762   14.8400
    0.0000  -30.0000   37.5000 2585.6438   14.6152
    7.5000  -30.0000   37.5000 2556.9429   14.8943
   -7.5000  -22.5000   37.5000 2591.1223   14.3332
    0.0000  -22.5000   37.5000 2622.6353   14.1179
    7.5000  -22.5000   37.5000 2589.9978   14.3617
   -7.5000  -15.0000   37.5000 2630.1926   13.9815
    0.0000  -15.0000   37.5000 2662.4663   13.7085
    7.5000  -15.0000   37.5000 2631.3376   13.9484
   -7.5000   -7.5000   37.5000 2677.9341   13.7527
    0.0000   -7.5000   37.5000 2715.6011   13.4667
    7.5000   -7.5000   37.5000 2686.7974   13.6634
   -7.5000    0.0000   37.5000 2718.2134   13.6530
    0.0000    0.0000   37.5000 2764.2783   13.3619
    7.5000    0.0000   37.5000 2734.9678   13.5720
   -7.5000    7.5000   37.5000 2745.6531   13.6293
    0.0000    7.5000   37.5000 2788.8713   13.3157
    7.5000    7.5000   37.5000 2768.4844   13.5457
   -7.5000   15.0000   37.5000 2734.9717   13.7363
    0.0000   15.0000   37.5000 2778.5283   13.4356
    7.5000   15.0000   37.5000 2764.2693   13.6596
   -7.5000   22.5000   37.5000 2716.3101   14.0983
    0.0000   22.5000   37.5000 2762.4294   13.8271
    7.5000   22.5000   37.5000 2744.0510   13.9950
   -7.5000   30.0000   37.5000 2661.6375   14.7647
    0.0000   30.0000   37.5000 2702.3022   14.4961
    7.5000   30.0000   37.5000 2693.1057   14.6151
   -7.5000   37.5000   37.5000 2587.9253   15.6056
    0.0000   37.5000   37.5000 2618.2529   15.3482
    7.5000   37.5000   37.5000 2614.5608   15.4226
   -7.5000   45.0000   37.5000 2481.8250   16.6915
    0.0000   45.0000   37.5000 2518.3113   16.4064
    7.5000   45.0000   37.5000 2509.7002   16.4708
   -7.5000  -45.0000   45.0000 2433.6394   16.7679
    0.0000  -45.0000   45.0000 2443.9041   16.6197
    7.5000  -45.0000   45.0000 2414.2510   16.8873
   -7.5000  -37.5000   45.0000 2469.1895   16.1439
    0.0000  -37.5000   45.0000 2484.1565   16.0133
    7.5000  -37.5000   45.0000 2460.2461   16.2564
   -7.5000  -30.0000   45.0000 2505.9146   15.6519
    0.0000  -30.0000   45.0000 2528.7766   15.4535
    7.5000  -30.0000   45.0000 2500.2046   15.6790
   -7.5000  -22.5000   45.0000 2543.7627   15.1191
    0.0000  -22.5000   45.0000 2565.8916   14.9257
    7.5000  -22.5000   45.0000 2537.2556   15.1239
   -7.5000  -15.0000   45.0000 2574.3301   14.7666
    0.0000  -15.0000   45.0000 2601.1843   14.5175
    7.5000  -15.0000   45.0000 2570.6672   14.7091
   -7.5000   -7.5000   45.0000 2611.9253   14.5422
    0.0000   -7.5000   45.0000 2652.7239   14.2735
    7.5000   -7.5000   45.0000 2621.6973   14.4515
   -7.5000    0.0000   45.0000 2650.2107   14.4569
    0.0000    0.0000   45.0000 2689.3848   14.1565
    7.5000    0.0000   45.0000 2660.9617   14.3283
   -7.5000    7.5000   45.0000 2669.2766   14.4484
    0.0000    7.5000   45.0000 2707.5269   14.1354
    7.5000    7.5000   45.0000 2685.0261   14.2952
   -7.5000   15.0000   45.0000 2652.2151   14.6241
    0.0000   15.0000   45.0000 2689.8044   14.3306
    7.5000   15.0000   45.0000 2678.9792   14.4855
   -7.5000   22.5000   45.0000 2622.4817   15.0196
    0.0000   22.5000   45.0000 2665.9121   14.7393
    7.5000   22.5000   45.0000 2658.7595   14.8793
   -7.5000   30.0000   45.0000 2574.1604   15.6640
    0.0000   30.0000   45.0000 2614.1689   15.3565
    7.5000   30.0000   45.0000 2607.1296   15.4715
   -7.5000   37.5000   45.0000 2510.1670   16.4331
    0.0000   37.5000   45.0000 2538.8264   16.1583
    7.5000   37.5000   45.0000 2536.5591   16.2407
   -7.5000   45.0000   45.0000 2413.5422   17.5163
    0.0000   45.0000   45.0000 2444.6841   17.2163
    7.5000   45.0000   45.0000 2438.1658   17.2605

---------------------------------------------------------------------
imgreg_4dfp /opt/freesurfer/average/711-2C_as_mni_average_305 /opt/freesurfer/average/711-2B_as_mni_average_305_mask talsrcimg_g11 none talsrcimg_to_711-2C_as_mni_average_305_t4 1283
---------------------------------------------------------------------

freesurfer imgreg_4dfp.c
/opt/freesurfer/average/711-2C_as_mni_average_305.4dfp.img
       256       256       256         1
  1.000000  1.000000  1.000000
orientation T byte_order littleendian
Reading image: /opt/freesurfer/average/711-2C_as_mni_average_305.4dfp.img
dimensions:      256       256       256
mmppix:       1.0000   -1.0000   -1.0000
center:     128.0000 -129.0000 -129.0000
/opt/freesurfer/average/711-2B_as_mni_average_305_mask.4dfp.img
       256       256       256         1
  1.000000  1.000000  1.000000
orientation T byte_order littleendian
Reading mask: /opt/freesurfer/average/711-2B_as_mni_average_305_mask.4dfp.img (2306576 pixels)
talsrcimg_g11.4dfp.img
       256       256       256         1
  1.000000  1.000000  1.000000
orientation T byte_order littleendian
Reading image: talsrcimg_g11.4dfp.img
dimensions:      256       256       256
mmppix:       1.0000   -1.0000   -1.0000
center:     128.0000 -129.0000 -129.0000
rotation matrix determinant  1.000000
fimgreg.f
image alignment mode   1283 decimal      503 hex
parameters
    0.0000   15.0000    7.5000    0.0000    0.0000    0.0000
eta,q 0.94883 12.25014
niter,ni,del,rscale     5    3   12.0000    1.2000
parameter  3 -0.679144 -> -0.500000 qaram    1.1500
parameter  4  1.568501 ->  0.500000 qaram    1.1500
parameters
    1.7705   14.1913   10.9500   -3.4500    0.0808   -2.5457
eta,q 0.95756 12.19863
  0.0780  0.0558  0.0562  0.0417  0.0532  0.0440
  0.0658  0.0529  0.0532  0.0423  0.0473  0.0426
  0.0568  0.0520  0.0521  0.0448  0.0439  0.0425
  0.0514  0.0505  0.0509  0.0481  0.0429  0.0429
  0.0510  0.0514  0.0487  0.0509  0.0441  0.0454
  0.0536  0.0554  0.0480  0.0546  0.0477  0.0501
  0.0582  0.0606  0.0498  0.0595  0.0521  0.0552
niter,ni,del,rscale     6    3   12.0000    1.2000
parameters
    1.2571   15.0915    9.0048   -6.3828    1.4846   -3.0032
eta,q 0.96300 12.15191
  0.0586  0.0572  0.0460  0.0437  0.0544  0.0438
  0.0483  0.0499  0.0421  0.0395  0.0465  0.0397
  0.0430  0.0453  0.0411  0.0377  0.0408  0.0374
  0.0424  0.0422  0.0416  0.0410  0.0377  0.0371
  0.0454  0.0417  0.0445  0.0467  0.0371  0.0383
  0.0531  0.0446  0.0501  0.0507  0.0390  0.0414
  0.0651  0.0509  0.0563  0.0552  0.0439  0.0461
niter,ni,del,rscale     5    3   12.0000    1.2000
parameters
    0.9366   15.6237    8.5526   -7.3419    1.9760   -2.9438
eta,q 0.96303 12.17224
  0.0575  0.0527  0.0473  0.0440  0.0505  0.0444
  0.0456  0.0461  0.0415  0.0416  0.0436  0.0401
  0.0383  0.0405  0.0379  0.0387  0.0392  0.0375
  0.0370  0.0369  0.0368  0.0368  0.0371  0.0370
  0.0404  0.0381  0.0391  0.0393  0.0373  0.0377
  0.0492  0.0421  0.0440  0.0447  0.0405  0.0399
  0.0620  0.0489  0.0500  0.0501  0.0472  0.0440
niter,ni,del,rscale     4    3   12.0000    1.2000
parameters
    0.8156   15.9381    8.2296   -8.0153    2.1945   -2.7933
eta,q 0.96262 12.17759
  0.0590  0.0507  0.0479  0.0436  0.0493  0.0444
  0.0465  0.0442  0.0417  0.0409  0.0433  0.0403
  0.0388  0.0393  0.0382  0.0389  0.0393  0.0377
  0.0370  0.0369  0.0370  0.0370  0.0375  0.0374
  0.0399  0.0385  0.0390  0.0380  0.0376  0.0379
  0.0481  0.0419  0.0437  0.0422  0.0415  0.0398
  0.0604  0.0485  0.0496  0.0483  0.0485  0.0437
niter,ni,del,rscale     3    3   12.0000    1.2000
parameters
    0.7545   16.2079    7.8797   -8.5088    2.3062   -2.7063
eta,q 0.96244 12.17927
  0.0597  0.0496  0.0478  0.0434  0.0487  0.0442
  0.0470  0.0435  0.0417  0.0404  0.0432  0.0402
  0.0393  0.0393  0.0385  0.0387  0.0395  0.0379
  0.0374  0.0374  0.0374  0.0374  0.0376  0.0375
  0.0401  0.0383  0.0392  0.0378  0.0377  0.0381
  0.0482  0.0415  0.0438  0.0409  0.0419  0.0399
  0.0601  0.0481  0.0498  0.0467  0.0489  0.0438
niter,ni,del,rscale     2    3   12.0000    1.2000
parameters
    0.7251   16.4428    7.5542   -8.8891    2.3776   -2.6804
eta,q 0.96242 12.17779
  0.0601  0.0488  0.0479  0.0432  0.0484  0.0441
  0.0472  0.0431  0.0417  0.0400  0.0432  0.0401
  0.0394  0.0394  0.0386  0.0382  0.0396  0.0378
  0.0376  0.0376  0.0375  0.0376  0.0376  0.0376
  0.0403  0.0379  0.0392  0.0379  0.0378  0.0381
  0.0481  0.0409  0.0436  0.0403  0.0420  0.0399
  0.0599  0.0480  0.0497  0.0456  0.0490  0.0440
niter,ni,del,rscale     1    3   12.0000    1.2000
parameters
    0.7048   16.6478    7.2977   -9.2107    2.4164   -2.6996
eta,q 0.96256 12.17432
  0.0602  0.0481  0.0481  0.0432  0.0482  0.0440
  0.0473  0.0430  0.0416  0.0398  0.0430  0.0401
  0.0394  0.0395  0.0386  0.0379  0.0394  0.0378
  0.0376  0.0376  0.0375  0.0375  0.0375  0.0374
  0.0403  0.0375  0.0391  0.0381  0.0377  0.0380
  0.0481  0.0405  0.0433  0.0400  0.0421  0.0399
  0.0598  0.0481  0.0495  0.0448  0.0490  0.0442
registration optimization eta report
parameter search radius
    6.0000    6.0000    6.9000    6.9000    6.0000    6.0000
100000*second partial in parameter space
       63.       30.       24.       14.       31.       19.
  0.0602  0.0481  0.0481  0.0432  0.0482  0.0440
  0.0473  0.0430  0.0416  0.0398  0.0430  0.0401
  0.0394  0.0395  0.0386  0.0379  0.0394  0.0378
  0.0376  0.0376  0.0375  0.0375  0.0375  0.0374
  0.0403  0.0375  0.0391  0.0381  0.0377  0.0380
  0.0481  0.0405  0.0433  0.0400  0.0421  0.0399
  0.0598  0.0481  0.0495  0.0448  0.0490  0.0442
    0.7048   16.6478    7.2977   -9.2107    2.4164   -2.6996
eta,q 0.96256 12.17432

---------------------------------------------------------------------
imgreg_4dfp /opt/freesurfer/average/711-2C_as_mni_average_305 /opt/freesurfer/average/711-2B_as_mni_average_305_mask talsrcimg_g11 none talsrcimg_to_711-2C_as_mni_average_305_t4 3335
---------------------------------------------------------------------

freesurfer imgreg_4dfp.c
/opt/freesurfer/average/711-2C_as_mni_average_305.4dfp.img
       256       256       256         1
  1.000000  1.000000  1.000000
orientation T byte_order littleendian
Reading image: /opt/freesurfer/average/711-2C_as_mni_average_305.4dfp.img
dimensions:      256       256       256
mmppix:       1.0000   -1.0000   -1.0000
center:     128.0000 -129.0000 -129.0000
/opt/freesurfer/average/711-2B_as_mni_average_305_mask.4dfp.img
       256       256       256         1
  1.000000  1.000000  1.000000
orientation T byte_order littleendian
Reading mask: /opt/freesurfer/average/711-2B_as_mni_average_305_mask.4dfp.img (2306576 pixels)
talsrcimg_g11.4dfp.img
       256       256       256         1
  1.000000  1.000000  1.000000
orientation T byte_order littleendian
Reading image: talsrcimg_g11.4dfp.img
dimensions:      256       256       256
mmppix:       1.0000   -1.0000   -1.0000
center:     128.0000 -129.0000 -129.0000
fimgreg.f
image alignment mode   3335 decimal      D07 hex
parameters
    0.7048   16.6478    7.2977   -0.1998   -1.4307   -1.3771
    5.3233   -3.4033   -4.7057   16.1848    4.2162  -15.9923
eta,q 0.96326 12.22257
niter,ni,del,rscale     5    3    5.0000    1.2000
parameter  4  0.799391 ->  0.500000 qaram    1.1500
parameter 12  1.168838 ->  0.500000 qaram    1.1500
parameters
    0.4776   17.3796    7.3157   -4.3398   -2.1173   -1.1707
    6.6446   -3.0343   -4.9787   14.8351    2.6372  -20.1323
eta,q 0.96651 12.07348
  0.0397  0.0403  0.0379  0.0346  0.0366  0.0371  0.0388  0.0390  0.0361  0.0360  0.0348  0.0332
  0.0380  0.0387  0.0371  0.0347  0.0356  0.0358  0.0369  0.0368  0.0353  0.0350  0.0346  0.0334
  0.0370  0.0375  0.0366  0.0352  0.0350  0.0351  0.0355  0.0353  0.0348  0.0346  0.0345  0.0338
  0.0367  0.0367  0.0365  0.0365  0.0347  0.0348  0.0347  0.0346  0.0346  0.0346  0.0345  0.0345
  0.0374  0.0365  0.0366  0.0385  0.0351  0.0347  0.0347  0.0348  0.0348  0.0351  0.0347  0.0355
  0.0389  0.0368  0.0371  0.0413  0.0361  0.0355  0.0354  0.0361  0.0354  0.0362  0.0349  0.0366
  0.0412  0.0376  0.0378  0.0446  0.0375  0.0370  0.0367  0.0383  0.0364  0.0376  0.0353  0.0378
niter,ni,del,rscale     6    3    5.0000    1.2000
parameters
    0.4886   17.2920    7.2655   -7.5587   -1.4268   -0.4410
    7.0066   -3.1236   -3.8688   14.6493    0.7146  -23.0114
eta,q 0.96716 11.96422
  0.0373  0.0357  0.0349  0.0340  0.0360  0.0360  0.0365  0.0372  0.0353  0.0353  0.0334  0.0336
  0.0352  0.0345  0.0340  0.0335  0.0347  0.0345  0.0348  0.0350  0.0343  0.0341  0.0331  0.0330
  0.0339  0.0337  0.0336  0.0333  0.0338  0.0337  0.0337  0.0336  0.0336  0.0333  0.0330  0.0328
  0.0335  0.0335  0.0335  0.0335  0.0334  0.0333  0.0332  0.0332  0.0332  0.0331  0.0331  0.0330
  0.0339  0.0338  0.0337  0.0344  0.0334  0.0332  0.0334  0.0337  0.0331  0.0334  0.0333  0.0337
  0.0352  0.0347  0.0342  0.0364  0.0341  0.0338  0.0343  0.0352  0.0335  0.0342  0.0337  0.0346
  0.0373  0.0360  0.0349  0.0394  0.0352  0.0351  0.0360  0.0374  0.0344  0.0356  0.0341  0.0359
niter,ni,del,rscale     5    3    5.0000    1.2000
parameters
    0.4964   17.2954    7.2776   -8.0415   -1.5052   -0.3167
    6.8879   -3.0995   -3.2903   14.8791    0.8037  -23.0160
eta,q 0.96721 11.93781
  0.0367  0.0354  0.0344  0.0352  0.0353  0.0353  0.0360  0.0373  0.0350  0.0355  0.0336  0.0346
  0.0346  0.0341  0.0335  0.0339  0.0341  0.0339  0.0343  0.0349  0.0340  0.0341  0.0332  0.0336
  0.0333  0.0332  0.0330  0.0331  0.0332  0.0332  0.0332  0.0334  0.0332  0.0332  0.0329  0.0330
  0.0328  0.0328  0.0328  0.0328  0.0329  0.0329  0.0328  0.0328  0.0328  0.0328  0.0328  0.0328
  0.0332  0.0331  0.0330  0.0331  0.0332  0.0328  0.0332  0.0334  0.0329  0.0330  0.0328  0.0330
  0.0346  0.0340  0.0336  0.0341  0.0342  0.0336  0.0344  0.0350  0.0335  0.0339  0.0331  0.0336
  0.0367  0.0354  0.0344  0.0361  0.0355  0.0354  0.0362  0.0372  0.0345  0.0352  0.0336  0.0346
niter,ni,del,rscale     4    3    5.0000    1.2000
parameters
    0.4877   17.3614    7.2543   -8.0573   -1.6696   -0.4138
    6.8730   -3.1286   -3.2454   15.0889    0.7208  -23.0698
eta,q 0.96720 11.92662
  0.0366  0.0355  0.0344  0.0354  0.0353  0.0352  0.0360  0.0372  0.0347  0.0355  0.0335  0.0346
  0.0345  0.0341  0.0335  0.0340  0.0340  0.0338  0.0344  0.0348  0.0338  0.0341  0.0331  0.0336
  0.0332  0.0332  0.0329  0.0331  0.0332  0.0332  0.0332  0.0333  0.0331  0.0332  0.0329  0.0330
  0.0328  0.0328  0.0328  0.0328  0.0328  0.0328  0.0328  0.0328  0.0328  0.0328  0.0328  0.0328
  0.0332  0.0330  0.0330  0.0330  0.0332  0.0328  0.0332  0.0334  0.0330  0.0330  0.0328  0.0330
  0.0346  0.0339  0.0336  0.0338  0.0342  0.0337  0.0343  0.0350  0.0337  0.0339  0.0331  0.0336
  0.0367  0.0353  0.0344  0.0357  0.0355  0.0355  0.0361  0.0372  0.0348  0.0352  0.0336  0.0346
niter,ni,del,rscale     3    3    5.0000    1.2000
parameters
    0.4770   17.4359    7.1972   -8.0743   -1.8333   -0.5314
    6.9293   -3.1599   -3.2093   15.3505    0.6444  -23.1403
eta,q 0.96719 11.91475
  0.0366  0.0355  0.0343  0.0354  0.0352  0.0351  0.0361  0.0372  0.0347  0.0355  0.0335  0.0346
  0.0345  0.0341  0.0334  0.0340  0.0341  0.0338  0.0344  0.0348  0.0338  0.0341  0.0331  0.0335
  0.0332  0.0332  0.0329  0.0331  0.0332  0.0332  0.0333  0.0333  0.0331  0.0332  0.0329  0.0330
  0.0328  0.0328  0.0328  0.0328  0.0328  0.0328  0.0328  0.0328  0.0328  0.0328  0.0328  0.0328
  0.0332  0.0331  0.0330  0.0330  0.0332  0.0328  0.0332  0.0334  0.0330  0.0330  0.0328  0.0330
  0.0346  0.0339  0.0336  0.0338  0.0342  0.0337  0.0343  0.0350  0.0337  0.0339  0.0331  0.0336
  0.0367  0.0352  0.0344  0.0357  0.0355  0.0356  0.0361  0.0372  0.0348  0.0351  0.0336  0.0346
niter,ni,del,rscale     2    3    5.0000    1.2000
parameters
    0.4591   17.5315    7.1286   -8.1110   -2.0349   -0.6891
    7.0079   -3.2012   -3.1699   15.6809    0.5896  -23.2377
eta,q 0.96718 11.89874
  0.0366  0.0356  0.0343  0.0354  0.0352  0.0351  0.0361  0.0372  0.0347  0.0356  0.0335  0.0345
  0.0345  0.0342  0.0334  0.0340  0.0340  0.0338  0.0344  0.0348  0.0338  0.0341  0.0331  0.0335
  0.0332  0.0332  0.0329  0.0331  0.0332  0.0332  0.0333  0.0333  0.0331  0.0332  0.0329  0.0330
  0.0328  0.0328  0.0328  0.0328  0.0328  0.0328  0.0328  0.0328  0.0328  0.0328  0.0328  0.0328
  0.0333  0.0331  0.0330  0.0330  0.0332  0.0328  0.0332  0.0334  0.0330  0.0330  0.0328  0.0330
  0.0346  0.0339  0.0336  0.0338  0.0342  0.0337  0.0343  0.0350  0.0337  0.0338  0.0331  0.0336
  0.0367  0.0352  0.0344  0.0357  0.0355  0.0356  0.0360  0.0372  0.0348  0.0351  0.0336  0.0346
niter,ni,del,rscale     1    3    5.0000    1.2000
parameters
    0.4361   17.6507    7.0411   -8.1575   -2.2928   -0.8687
    7.1084   -3.2477   -3.1471   16.0965    0.5687  -23.3773
eta,q 0.96718 11.87991
  0.0365  0.0356  0.0343  0.0354  0.0352  0.0351  0.0361  0.0372  0.0347  0.0356  0.0335  0.0345
  0.0345  0.0342  0.0334  0.0340  0.0340  0.0338  0.0344  0.0348  0.0338  0.0342  0.0331  0.0335
  0.0332  0.0332  0.0329  0.0331  0.0332  0.0332  0.0333  0.0333  0.0331  0.0332  0.0329  0.0329
  0.0328  0.0328  0.0328  0.0328  0.0328  0.0328  0.0328  0.0328  0.0328  0.0328  0.0328  0.0328
  0.0333  0.0331  0.0330  0.0330  0.0332  0.0329  0.0331  0.0334  0.0330  0.0330  0.0328  0.0330
  0.0346  0.0339  0.0336  0.0339  0.0342  0.0338  0.0342  0.0350  0.0337  0.0338  0.0331  0.0336
  0.0367  0.0351  0.0344  0.0357  0.0356  0.0356  0.0360  0.0372  0.0348  0.0350  0.0336  0.0346
registration optimization eta report
parameter search radius
    2.4000    2.4000    2.4000    8.2800    7.2000    7.2000
    7.2000    7.2000    7.2000    7.2000    7.2000    8.2800
100000*second partial in parameter space
       66.       44.       27.        4.        5.        5.
        6.        8.        4.        5.        1.        3.
  0.0365  0.0356  0.0343  0.0354  0.0352  0.0351  0.0361  0.0372  0.0347  0.0356  0.0335  0.0345
  0.0345  0.0342  0.0334  0.0340  0.0340  0.0338  0.0344  0.0348  0.0338  0.0342  0.0331  0.0335
  0.0332  0.0332  0.0329  0.0331  0.0332  0.0332  0.0333  0.0333  0.0331  0.0332  0.0329  0.0329
  0.0328  0.0328  0.0328  0.0328  0.0328  0.0328  0.0328  0.0328  0.0328  0.0328  0.0328  0.0328
  0.0333  0.0331  0.0330  0.0330  0.0332  0.0329  0.0331  0.0334  0.0330  0.0330  0.0328  0.0330
  0.0346  0.0339  0.0336  0.0339  0.0342  0.0338  0.0342  0.0350  0.0337  0.0338  0.0331  0.0336
  0.0367  0.0351  0.0344  0.0357  0.0356  0.0356  0.0360  0.0372  0.0348  0.0350  0.0336  0.0346
    0.4361   17.6507    7.0411   -8.1575   -2.2928   -0.8687
    7.1084   -3.2477   -3.1471   16.0965    0.5687  -23.3773
eta,q 0.96718 11.87991

---------------------------------------------------------------------
imgreg_4dfp /opt/freesurfer/average/711-2C_as_mni_average_305 /opt/freesurfer/average/711-2B_as_mni_average_305_mask talsrcimg_g11 none talsrcimg_to_711-2C_as_mni_average_305_t4 2311
---------------------------------------------------------------------

freesurfer imgreg_4dfp.c
/opt/freesurfer/average/711-2C_as_mni_average_305.4dfp.img
       256       256       256         1
  1.000000  1.000000  1.000000
orientation T byte_order littleendian
Reading image: /opt/freesurfer/average/711-2C_as_mni_average_305.4dfp.img
dimensions:      256       256       256
mmppix:       1.0000   -1.0000   -1.0000
center:     128.0000 -129.0000 -129.0000
/opt/freesurfer/average/711-2B_as_mni_average_305_mask.4dfp.img
       256       256       256         1
  1.000000  1.000000  1.000000
orientation T byte_order littleendian
Reading mask: /opt/freesurfer/average/711-2B_as_mni_average_305_mask.4dfp.img (2306576 pixels)
talsrcimg_g11.4dfp.img
       256       256       256         1
  1.000000  1.000000  1.000000
orientation T byte_order littleendian
Reading image: talsrcimg_g11.4dfp.img
dimensions:      256       256       256
mmppix:       1.0000   -1.0000   -1.0000
center:     128.0000 -129.0000 -129.0000
fimgreg.f
image alignment mode   2311 decimal      907 hex
parameters
    0.4361   17.6507    7.0411   -8.1575   -2.2928   -0.8687
    7.1084   -3.2477   -3.1471   16.0965    0.5687  -23.3773
eta,q 0.96718 11.87991
niter,ni,del,rscale     5    3    5.0000    0.8000
parameters
    0.4150   17.7876    6.8909   -7.8694   -2.4561   -0.6808
    7.2350   -3.2980   -3.0392   16.6199    0.8838  -23.7572
eta,q 0.96726 11.91094
  0.0345  0.0342  0.0334  0.0337  0.0339  0.0338  0.0344  0.0348  0.0337  0.0342  0.0331  0.0333
  0.0336  0.0335  0.0330  0.0332  0.0334  0.0333  0.0335  0.0337  0.0332  0.0335  0.0329  0.0329
  0.0330  0.0330  0.0328  0.0329  0.0330  0.0330  0.0330  0.0330  0.0329  0.0330  0.0328  0.0328
  0.0328  0.0328  0.0328  0.0328  0.0328  0.0328  0.0328  0.0328  0.0328  0.0328  0.0328  0.0328
  0.0330  0.0329  0.0329  0.0328  0.0329  0.0327  0.0329  0.0330  0.0328  0.0328  0.0328  0.0329
  0.0336  0.0332  0.0332  0.0331  0.0334  0.0331  0.0334  0.0338  0.0331  0.0331  0.0329  0.0331
  0.0346  0.0338  0.0336  0.0335  0.0342  0.0338  0.0342  0.0349  0.0336  0.0337  0.0330  0.0334
niter,ni,del,rscale     4    3    5.0000    0.7000
parameters
    0.3899   17.9101    6.8153   -7.8637   -2.6819   -0.6611
    7.3345   -3.3401   -3.1412   17.0819    0.9968  -24.0030
eta,q 0.96729 11.91159
  0.0340  0.0338  0.0333  0.0334  0.0336  0.0335  0.0340  0.0343  0.0334  0.0338  0.0330  0.0331
  0.0333  0.0333  0.0329  0.0330  0.0332  0.0331  0.0333  0.0334  0.0330  0.0333  0.0329  0.0329
  0.0329  0.0329  0.0328  0.0328  0.0329  0.0329  0.0329  0.0329  0.0328  0.0329  0.0328  0.0327
  0.0327  0.0327  0.0327  0.0327  0.0327  0.0327  0.0327  0.0327  0.0327  0.0327  0.0327  0.0327
  0.0329  0.0328  0.0328  0.0328  0.0328  0.0327  0.0328  0.0329  0.0328  0.0328  0.0327  0.0328
  0.0334  0.0330  0.0330  0.0330  0.0332  0.0330  0.0332  0.0335  0.0330  0.0330  0.0328  0.0330
  0.0341  0.0335  0.0334  0.0334  0.0339  0.0336  0.0339  0.0344  0.0335  0.0335  0.0330  0.0332
niter,ni,del,rscale     3    3    5.0000    0.6000
parameters
    0.3735   18.0490    6.7336   -7.8677   -2.8897   -0.6551
    7.4379   -3.3459   -3.1936   17.5615    1.1111  -24.2741
eta,q 0.96732 11.91223
  0.0336  0.0335  0.0331  0.0332  0.0333  0.0332  0.0336  0.0339  0.0332  0.0336  0.0329  0.0330
  0.0331  0.0331  0.0329  0.0329  0.0330  0.0330  0.0331  0.0332  0.0329  0.0331  0.0328  0.0328
  0.0328  0.0328  0.0327  0.0328  0.0328  0.0328  0.0328  0.0328  0.0328  0.0329  0.0327  0.0327
  0.0327  0.0327  0.0327  0.0327  0.0327  0.0327  0.0327  0.0327  0.0327  0.0327  0.0327  0.0327
  0.0328  0.0327  0.0328  0.0328  0.0328  0.0327  0.0328  0.0328  0.0327  0.0327  0.0327  0.0328
  0.0332  0.0329  0.0329  0.0329  0.0331  0.0329  0.0331  0.0332  0.0329  0.0329  0.0328  0.0329
  0.0337  0.0332  0.0332  0.0332  0.0335  0.0334  0.0335  0.0339  0.0332  0.0332  0.0329  0.0331
niter,ni,del,rscale     2    3    5.0000    0.5000
parameters
    0.3648   18.1911    6.6455   -7.9110   -3.0968   -0.6279
    7.5341   -3.3472   -3.2857   18.0418    1.1431  -24.5289
eta,q 0.96735 11.91148
  0.0333  0.0333  0.0329  0.0330  0.0331  0.0331  0.0333  0.0335  0.0330  0.0333  0.0328  0.0329
  0.0330  0.0330  0.0328  0.0328  0.0329  0.0329  0.0330  0.0330  0.0328  0.0330  0.0327  0.0327
  0.0328  0.0328  0.0327  0.0327  0.0327  0.0328  0.0328  0.0328  0.0327  0.0328  0.0327  0.0327
  0.0327  0.0327  0.0327  0.0327  0.0327  0.0327  0.0327  0.0327  0.0327  0.0327  0.0327  0.0327
  0.0328  0.0327  0.0327  0.0327  0.0327  0.0327  0.0327  0.0328  0.0327  0.0327  0.0327  0.0327
  0.0330  0.0328  0.0328  0.0328  0.0329  0.0328  0.0329  0.0330  0.0328  0.0328  0.0327  0.0328
  0.0334  0.0330  0.0330  0.0330  0.0333  0.0331  0.0332  0.0335  0.0330  0.0330  0.0328  0.0329
niter,ni,del,rscale     1    3    5.0000    0.4000
parameters
    0.3586   18.3449    6.5728   -7.9378   -3.3354   -0.6258
    7.6265   -3.3355   -3.3896   18.5352    1.1760  -24.7776
eta,q 0.96738 11.90912
  0.0331  0.0331  0.0328  0.0328  0.0329  0.0329  0.0331  0.0332  0.0328  0.0331  0.0327  0.0328
  0.0328  0.0329  0.0327  0.0327  0.0328  0.0328  0.0328  0.0329  0.0327  0.0329  0.0327  0.0327
  0.0327  0.0327  0.0326  0.0327  0.0327  0.0327  0.0327  0.0327  0.0327  0.0327  0.0326  0.0326
  0.0326  0.0326  0.0326  0.0326  0.0326  0.0326  0.0326  0.0326  0.0326  0.0326  0.0326  0.0326
  0.0327  0.0326  0.0327  0.0327  0.0327  0.0326  0.0327  0.0327  0.0327  0.0326  0.0326  0.0327
  0.0328  0.0327  0.0328  0.0327  0.0328  0.0328  0.0328  0.0329  0.0327  0.0327  0.0327  0.0327
  0.0331  0.0328  0.0329  0.0328  0.0330  0.0330  0.0330  0.0331  0.0329  0.0328  0.0327  0.0328
registration optimization eta report
parameter search radius
    0.8000    0.8000    0.8000    2.4000    2.4000    2.4000
    2.4000    2.4000    2.4000    2.4000    2.4000    2.4000
100000*second partial in parameter space
       66.       46.       32.        3.        6.        5.
        7.        9.        3.        6.        2.        3.
  0.0331  0.0331  0.0328  0.0328  0.0329  0.0329  0.0331  0.0332  0.0328  0.0331  0.0327  0.0328
  0.0328  0.0329  0.0327  0.0327  0.0328  0.0328  0.0328  0.0329  0.0327  0.0329  0.0327  0.0327
  0.0327  0.0327  0.0326  0.0327  0.0327  0.0327  0.0327  0.0327  0.0327  0.0327  0.0326  0.0326
  0.0326  0.0326  0.0326  0.0326  0.0326  0.0326  0.0326  0.0326  0.0326  0.0326  0.0326  0.0326
  0.0327  0.0326  0.0327  0.0327  0.0327  0.0326  0.0327  0.0327  0.0327  0.0326  0.0326  0.0327
  0.0328  0.0327  0.0328  0.0327  0.0328  0.0328  0.0328  0.0329  0.0327  0.0327  0.0327  0.0327
  0.0331  0.0328  0.0329  0.0328  0.0330  0.0330  0.0330  0.0331  0.0329  0.0328  0.0327  0.0328
    0.3586   18.3449    6.5728   -7.9378   -3.3354   -0.6258
    7.6265   -3.3355   -3.3896   18.5352    1.1760  -24.7776
eta,q 0.96738 11.90912

---------------------------------------------------------------------
imgreg_4dfp /opt/freesurfer/average/711-2C_as_mni_average_305 /opt/freesurfer/average/711-2B_as_mni_average_305_mask talsrcimg_g11 none talsrcimg_to_711-2C_as_mni_average_305_t4 2311
---------------------------------------------------------------------

freesurfer imgreg_4dfp.c
/opt/freesurfer/average/711-2C_as_mni_average_305.4dfp.img
       256       256       256         1
  1.000000  1.000000  1.000000
orientation T byte_order littleendian
Reading image: /opt/freesurfer/average/711-2C_as_mni_average_305.4dfp.img
dimensions:      256       256       256
mmppix:       1.0000   -1.0000   -1.0000
center:     128.0000 -129.0000 -129.0000
/opt/freesurfer/average/711-2B_as_mni_average_305_mask.4dfp.img
       256       256       256         1
  1.000000  1.000000  1.000000
orientation T byte_order littleendian
Reading mask: /opt/freesurfer/average/711-2B_as_mni_average_305_mask.4dfp.img (2306576 pixels)
talsrcimg_g11.4dfp.img
       256       256       256         1
  1.000000  1.000000  1.000000
orientation T byte_order littleendian
Reading image: talsrcimg_g11.4dfp.img
dimensions:      256       256       256
mmppix:       1.0000   -1.0000   -1.0000
center:     128.0000 -129.0000 -129.0000
fimgreg.f
image alignment mode   2311 decimal      907 hex
parameters
    0.3586   18.3449    6.5728   -7.9378   -3.3354   -0.6258
    7.6265   -3.3355   -3.3896   18.5352    1.1760  -24.7776
eta,q 0.96738 11.90914
niter,ni,del,rscale     5    3    5.0000    0.8000
parameters
    0.3520   18.5169    6.5258   -8.0646   -3.9373   -1.3527
    7.6336   -3.3169   -3.6034   19.0858    1.2379  -24.6255
eta,q 0.96737 11.84127
  0.0343  0.0340  0.0334  0.0334  0.0335  0.0334  0.0341  0.0346  0.0334  0.0340  0.0330  0.0333
  0.0334  0.0333  0.0329  0.0329  0.0330  0.0330  0.0333  0.0335  0.0330  0.0334  0.0328  0.0329
  0.0328  0.0328  0.0327  0.0327  0.0327  0.0328  0.0328  0.0329  0.0327  0.0329  0.0327  0.0327
  0.0326  0.0326  0.0326  0.0326  0.0326  0.0326  0.0326  0.0326  0.0326  0.0326  0.0326  0.0326
  0.0328  0.0327  0.0327  0.0327  0.0328  0.0327  0.0328  0.0329  0.0327  0.0327  0.0327  0.0327
  0.0334  0.0330  0.0330  0.0330  0.0333  0.0333  0.0333  0.0335  0.0330  0.0330  0.0328  0.0329
  0.0343  0.0335  0.0335  0.0335  0.0341  0.0343  0.0341  0.0346  0.0336  0.0335  0.0330  0.0332
niter,ni,del,rscale     4    3    5.0000    0.7000
parameters
    0.3682   18.7785    6.2785   -8.1457   -4.3027   -1.6690
    7.7049   -3.2340   -3.7406   19.8270    1.3737  -24.9267
eta,q 0.96743 11.81724
  0.0339  0.0338  0.0330  0.0331  0.0332  0.0332  0.0337  0.0342  0.0332  0.0338  0.0329  0.0330
  0.0332  0.0332  0.0327  0.0328  0.0329  0.0329  0.0331  0.0333  0.0329  0.0332  0.0327  0.0327
  0.0328  0.0328  0.0326  0.0326  0.0327  0.0327  0.0328  0.0328  0.0327  0.0328  0.0326  0.0326
  0.0326  0.0326  0.0326  0.0326  0.0326  0.0326  0.0326  0.0326  0.0326  0.0326  0.0326  0.0326
  0.0328  0.0326  0.0327  0.0327  0.0327  0.0326  0.0327  0.0328  0.0327  0.0326  0.0326  0.0327
  0.0332  0.0328  0.0330  0.0328  0.0330  0.0330  0.0331  0.0332  0.0329  0.0328  0.0327  0.0328
  0.0339  0.0332  0.0334  0.0332  0.0336  0.0336  0.0337  0.0341  0.0333  0.0332  0.0328  0.0331
niter,ni,del,rscale     3    3    5.0000    0.6000
parameters
    0.3917   19.0301    6.1067   -8.2309   -4.6835   -1.7874
    7.7382   -3.1430   -3.8661   20.4465    1.3346  -25.2131
eta,q 0.96750 11.80176
  0.0335  0.0334  0.0328  0.0329  0.0330  0.0330  0.0333  0.0337  0.0330  0.0335  0.0327  0.0328
  0.0330  0.0330  0.0326  0.0327  0.0327  0.0328  0.0329  0.0331  0.0327  0.0330  0.0326  0.0326
  0.0327  0.0327  0.0325  0.0326  0.0326  0.0326  0.0326  0.0327  0.0326  0.0327  0.0325  0.0325
  0.0326  0.0326  0.0325  0.0325  0.0325  0.0325  0.0325  0.0325  0.0325  0.0325  0.0325  0.0325
  0.0327  0.0325  0.0326  0.0326  0.0326  0.0325  0.0326  0.0326  0.0326  0.0325  0.0325  0.0326
  0.0329  0.0327  0.0328  0.0327  0.0329  0.0328  0.0329  0.0330  0.0327  0.0327  0.0326  0.0327
  0.0334  0.0329  0.0331  0.0330  0.0333  0.0332  0.0333  0.0336  0.0330  0.0330  0.0327  0.0329
niter,ni,del,rscale     2    3    5.0000    0.5000
parameters
    0.4182   19.2056    6.0108   -8.2766   -4.9260   -1.7711
    7.7514   -3.0808   -3.9038   20.8144    1.2715  -25.3899
eta,q 0.96754 11.79715
  0.0332  0.0331  0.0327  0.0327  0.0328  0.0329  0.0330  0.0333  0.0328  0.0331  0.0326  0.0327
  0.0328  0.0328  0.0326  0.0326  0.0326  0.0327  0.0327  0.0328  0.0326  0.0328  0.0325  0.0326
  0.0326  0.0326  0.0325  0.0325  0.0325  0.0326  0.0325  0.0326  0.0325  0.0326  0.0325  0.0325
  0.0325  0.0325  0.0325  0.0325  0.0325  0.0325  0.0325  0.0325  0.0325  0.0325  0.0325  0.0325
  0.0326  0.0325  0.0325  0.0325  0.0325  0.0325  0.0325  0.0326  0.0325  0.0325  0.0325  0.0325
  0.0328  0.0326  0.0327  0.0326  0.0327  0.0326  0.0327  0.0328  0.0326  0.0326  0.0326  0.0326
  0.0331  0.0328  0.0328  0.0328  0.0330  0.0329  0.0330  0.0332  0.0328  0.0329  0.0327  0.0328
niter,ni,del,rscale     1    3    5.0000    0.4000
parameters
    0.4346   19.2998    5.9849   -8.2906   -5.0294   -1.6466
    7.7657   -3.0500   -3.8600   20.9790    1.2049  -25.4742
eta,q 0.96756 11.80216
  0.0329  0.0328  0.0327  0.0326  0.0327  0.0327  0.0328  0.0330  0.0327  0.0328  0.0326  0.0326
  0.0327  0.0326  0.0325  0.0325  0.0326  0.0326  0.0326  0.0327  0.0326  0.0326  0.0325  0.0325
  0.0325  0.0325  0.0325  0.0325  0.0325  0.0325  0.0325  0.0325  0.0325  0.0325  0.0325  0.0325
  0.0325  0.0325  0.0325  0.0325  0.0325  0.0325  0.0325  0.0325  0.0325  0.0325  0.0325  0.0325
  0.0325  0.0325  0.0325  0.0325  0.0325  0.0325  0.0325  0.0325  0.0325  0.0325  0.0325  0.0325
  0.0326  0.0325  0.0326  0.0325  0.0326  0.0325  0.0326  0.0327  0.0325  0.0326  0.0325  0.0325
  0.0329  0.0327  0.0327  0.0326  0.0328  0.0327  0.0328  0.0329  0.0327  0.0327  0.0326  0.0326
registration optimization eta report
parameter search radius
    0.8000    0.8000    0.8000    2.4000    2.4000    2.4000
    2.4000    2.4000    2.4000    2.4000    2.4000    2.4000
100000*second partial in parameter space
       63.       46.       32.        3.        5.        5.
        6.        8.        4.        6.        2.        3.
  0.0329  0.0328  0.0327  0.0326  0.0327  0.0327  0.0328  0.0330  0.0327  0.0328  0.0326  0.0326
  0.0327  0.0326  0.0325  0.0325  0.0326  0.0326  0.0326  0.0327  0.0326  0.0326  0.0325  0.0325
  0.0325  0.0325  0.0325  0.0325  0.0325  0.0325  0.0325  0.0325  0.0325  0.0325  0.0325  0.0325
  0.0325  0.0325  0.0325  0.0325  0.0325  0.0325  0.0325  0.0325  0.0325  0.0325  0.0325  0.0325
  0.0325  0.0325  0.0325  0.0325  0.0325  0.0325  0.0325  0.0325  0.0325  0.0325  0.0325  0.0325
  0.0326  0.0325  0.0326  0.0325  0.0326  0.0325  0.0326  0.0327  0.0325  0.0326  0.0325  0.0325
  0.0329  0.0327  0.0327  0.0326  0.0328  0.0327  0.0328  0.0329  0.0327  0.0327  0.0326  0.0326
    0.4346   19.2998    5.9849   -8.2906   -5.0294   -1.6466
    7.7657   -3.0500   -3.8600   20.9790    1.2049  -25.4742
eta,q 0.96756 11.80216

---------------------------------------------------------------------
compute_vox2vox talsrcimg talsrcimg_to_711-2C_as_mni_average_305_t4 /opt/freesurfer/average/711-2C_as_mni_average_305
---------------------------------------------------------------------

freesurfer compute_vox2vox.c
Reading: talsrcimg.4dfp.ifh
Reading: talsrcimg_to_711-2C_as_mni_average_305_t4
Reading: /opt/freesurfer/average/711-2C_as_mni_average_305.4dfp.ifh
Writing: talsrcimg_to_711-2C_as_mni_average_305_t4_vox2vox.txt

start time Tue Mar 10 02:44:20 CET 2026
end		time Tue Mar 10 02:44:34 CET 2026

mpr2mni305 success

avi2talxfm orig_nu.mgz /opt/freesurfer/average/mni305.cor.mgz talsrcimg_to_711-2C_as_mni_average_305_t4_vox2vox.txt transforms/talairach.auto.xfm
avi2talxfm done
mv -f /out/sourcedata/freesurfer/sub-v1s4x0050702_ses-1/mri/talsrcimg_to_711-2C_as_mni_average_305_t4_vox2vox.txt /out/sourcedata/freesurfer/sub-v1s4x0050702_ses-1/mri/transforms/talsrcimg_to_711-2C_as_mni_average_305_t4_vox2vox.txt
lta_convert --src orig_nu.mgz --trg /opt/freesurfer/average/mni305.cor.mgz --inxfm transforms/talairach.auto.xfm --outlta transforms/talairach.auto.xfm.lta --subject fsaverage
7.3.2

--src: orig_nu.mgz src image (geometry).
--trg: /opt/freesurfer/average/mni305.cor.mgz trg image (geometry).
--inmni: transforms/talairach.auto.xfm input MNI/XFM transform.
--outlta: transforms/talairach.auto.xfm.lta output LTA.
--s: fsaverage subject name
 LTA read, type : 1
 1.08657   0.04980  -0.07549  -1.22912;
-0.00177   0.96164   0.25809  -23.89375;
 0.04455  -0.21040   0.99288  -29.28748;
 0.00000   0.00000   0.00000   1.00000;
setting subject to fsaverage
Writing  LTA to file transforms/talairach.auto.xfm.lta...
lta_convert successful.
 
 
Started at Tue Mar 10 02:44:20 CET 2026
Ended   at Tue Mar 10 02:44:34 CET 2026
talairach_avi done
