status file for recon-all
Tue Mar 10 04:44:47 CET 2026
#@# Tessellate lh Tue Mar 10 04:44:47 CET 2026
#@# Smooth1 lh Tue Mar 10 04:44:51 CET 2026
#@# Inflation1 lh Tue Mar 10 04:44:53 CET 2026
#@# QSphere lh Tue Mar 10 04:45:06 CET 2026
#@# Fix Topology lh Tue Mar 10 04:46:19 CET 2026
#@# Smooth2 lh Tue Mar 10 04:51:44 CET 2026
#@# Inflation2 lh Tue Mar 10 04:51:47 CET 2026
#@# Curv .H and .K lh Tue Mar 10 04:52:02 CET 2026
#@# Sphere lh Tue Mar 10 04:52:45 CET 2026
#@# Surf Reg lh Tue Mar 10 04:55:51 CET 2026
#@# Jacobian white lh Tue Mar 10 05:00:02 CET 2026
#@# AvgCurv lh Tue Mar 10 05:00:03 CET 2026
#@# Cortical Parc lh Tue Mar 10 05:00:04 CET 2026
#@# white curv lh Tue Mar 10 05:06:06 CET 2026
#@# white area lh Tue Mar 10 05:06:07 CET 2026
#@# pial curv lh Tue Mar 10 05:06:08 CET 2026
#@# pial area lh Tue Mar 10 05:06:10 CET 2026
#@# thickness lh Tue Mar 10 05:06:11 CET 2026
#@# area and vertex vol lh Tue Mar 10 05:06:36 CET 2026
#@# Curvature Stats lh Tue Mar 10 05:06:37 CET 2026
#@# Cortical Parc 2 lh Tue Mar 10 05:06:40 CET 2026
#@# Cortical Parc 3 lh Tue Mar 10 05:06:52 CET 2026
#@# WM/GM Contrast lh Tue Mar 10 05:07:02 CET 2026
recon-all -s sub-v1s4x0050708_ses-1 finished without error at Tue Mar 10 05:07:05 CET 2026



#New# invocation of recon-all 



status file for recon-all
Tue Mar 10 05:34:27 CET 2026
#@# white curv lh Tue Mar 10 05:34:28 CET 2026
#@# white area lh Tue Mar 10 05:34:28 CET 2026
#@# pial curv lh Tue Mar 10 05:34:28 CET 2026
#@# pial area lh Tue Mar 10 05:34:28 CET 2026
#@# thickness lh Tue Mar 10 05:34:28 CET 2026
#@# area and vertex vol lh Tue Mar 10 05:34:28 CET 2026
#@# Parcellation Stats lh Tue Mar 10 05:34:28 CET 2026
#@# Parcellation Stats 2 lh Tue Mar 10 05:34:44 CET 2026
#@# Parcellation Stats 3 lh Tue Mar 10 05:34:52 CET 2026
#@# BA_exvivo Labels lh Tue Mar 10 05:35:00 CET 2026
recon-all -s sub-v1s4x0050708_ses-1 finished without error at Tue Mar 10 05:37:35 CET 2026
