status file for recon-all
Tue Mar 10 05:07:09 CET 2026
#@# Tessellate rh Tue Mar 10 05:07:09 CET 2026
#@# Smooth1 rh Tue Mar 10 05:07:13 CET 2026
#@# Inflation1 rh Tue Mar 10 05:07:15 CET 2026
#@# QSphere rh Tue Mar 10 05:07:28 CET 2026
#@# Fix Topology rh Tue Mar 10 05:08:33 CET 2026
#@# Smooth2 rh Tue Mar 10 05:13:44 CET 2026
#@# Inflation2 rh Tue Mar 10 05:13:46 CET 2026
#@# Curv .H and .K rh Tue Mar 10 05:14:02 CET 2026
#@# Sphere rh Tue Mar 10 05:14:47 CET 2026
#@# Surf Reg rh Tue Mar 10 05:17:45 CET 2026
#@# Jacobian white rh Tue Mar 10 05:22:38 CET 2026
#@# AvgCurv rh Tue Mar 10 05:22:39 CET 2026
#@# Cortical Parc rh Tue Mar 10 05:22:40 CET 2026
#@# white curv rh Tue Mar 10 05:29:20 CET 2026
#@# white area rh Tue Mar 10 05:29:21 CET 2026
#@# pial curv rh Tue Mar 10 05:29:22 CET 2026
#@# pial area rh Tue Mar 10 05:29:24 CET 2026
#@# thickness rh Tue Mar 10 05:29:25 CET 2026
#@# area and vertex vol rh Tue Mar 10 05:29:54 CET 2026
#@# Curvature Stats rh Tue Mar 10 05:29:56 CET 2026
#@# Cortical Parc 2 rh Tue Mar 10 05:29:58 CET 2026
#@# Cortical Parc 3 rh Tue Mar 10 05:30:10 CET 2026
#@# WM/GM Contrast rh Tue Mar 10 05:30:20 CET 2026
recon-all -s sub-v1s4x0050708_ses-1 finished without error at Tue Mar 10 05:30:23 CET 2026



#New# invocation of recon-all 



status file for recon-all
Tue Mar 10 05:37:37 CET 2026
#@# white curv rh Tue Mar 10 05:37:38 CET 2026
#@# white area rh Tue Mar 10 05:37:38 CET 2026
#@# pial curv rh Tue Mar 10 05:37:38 CET 2026
#@# pial area rh Tue Mar 10 05:37:38 CET 2026
#@# thickness rh Tue Mar 10 05:37:38 CET 2026
#@# area and vertex vol rh Tue Mar 10 05:37:38 CET 2026
#@# Parcellation Stats rh Tue Mar 10 05:37:38 CET 2026
#@# Parcellation Stats 2 rh Tue Mar 10 05:37:54 CET 2026
#@# Parcellation Stats 3 rh Tue Mar 10 05:38:02 CET 2026
#@# BA_exvivo Labels rh Tue Mar 10 05:38:11 CET 2026
recon-all -s sub-v1s4x0050708_ses-1 finished without error at Tue Mar 10 05:40:46 CET 2026
