status file for recon-all
Tue Mar 10 02:58:58 CET 2026
#@# MotionCor Tue Mar 10 02:59:00 CET 2026
#@# Talairach Tue Mar 10 02:59:10 CET 2026
#@# Talairach Failure Detection Tue Mar 10 03:03:40 CET 2026
#@# Nu Intensity Correction Tue Mar 10 03:03:40 CET 2026
#@# Intensity Normalization Tue Mar 10 03:06:58 CET 2026
recon-all -s sub-v1s4x0050708_ses-1 finished without error at Tue Mar 10 03:08:34 CET 2026



#New# invocation of recon-all 



status file for recon-all
Tue Mar 10 03:15:49 CET 2026
#@# EM Registration Tue Mar 10 03:15:49 CET 2026
recon-all -s sub-v1s4x0050708_ses-1 finished without error at Tue Mar 10 03:18:37 CET 2026



#New# invocation of recon-all 



status file for recon-all
Tue Mar 10 03:18:39 CET 2026
#@# CA Normalize Tue Mar 10 03:18:39 CET 2026
#@# CA Reg Tue Mar 10 03:19:59 CET 2026
#@# SubCort Seg Tue Mar 10 04:10:40 CET 2026
#@# CC Seg Tue Mar 10 04:38:44 CET 2026
#@# Merge ASeg Tue Mar 10 04:39:34 CET 2026
#@# Intensity Normalization2 Tue Mar 10 04:39:34 CET 2026
#@# Mask BFS Tue Mar 10 04:41:49 CET 2026
#@# WM Segmentation Tue Mar 10 04:41:50 CET 2026
#@# Fill Tue Mar 10 04:43:40 CET 2026
recon-all -s sub-v1s4x0050708_ses-1 finished without error at Tue Mar 10 04:44:42 CET 2026



#New# invocation of recon-all 



status file for recon-all
Tue Mar 10 05:30:27 CET 2026
#@# white curv lh Tue Mar 10 05:30:27 CET 2026
#@# white area lh Tue Mar 10 05:30:27 CET 2026
#@# pial curv lh Tue Mar 10 05:30:27 CET 2026
#@# pial area lh Tue Mar 10 05:30:27 CET 2026
#@# thickness lh Tue Mar 10 05:30:27 CET 2026
#@# area and vertex vol lh Tue Mar 10 05:30:27 CET 2026
#@# white curv rh Tue Mar 10 05:30:28 CET 2026
#@# white area rh Tue Mar 10 05:30:28 CET 2026
#@# pial curv rh Tue Mar 10 05:30:28 CET 2026
#@# pial area rh Tue Mar 10 05:30:28 CET 2026
#@# thickness rh Tue Mar 10 05:30:28 CET 2026
#@# area and vertex vol rh Tue Mar 10 05:30:28 CET 2026
#@# Cortical ribbon mask Tue Mar 10 05:30:28 CET 2026
recon-all -s sub-v1s4x0050708_ses-1 finished without error at Tue Mar 10 05:34:24 CET 2026



#New# invocation of recon-all 



status file for recon-all
Tue Mar 10 05:40:50 CET 2026
#@# white curv lh Tue Mar 10 05:40:50 CET 2026
#@# white area lh Tue Mar 10 05:40:50 CET 2026
#@# pial curv lh Tue Mar 10 05:40:50 CET 2026
#@# pial area lh Tue Mar 10 05:40:50 CET 2026
#@# thickness lh Tue Mar 10 05:40:50 CET 2026
#@# area and vertex vol lh Tue Mar 10 05:40:50 CET 2026
#@# white curv rh Tue Mar 10 05:40:50 CET 2026
#@# white area rh Tue Mar 10 05:40:50 CET 2026
#@# pial curv rh Tue Mar 10 05:40:50 CET 2026
#@# pial area rh Tue Mar 10 05:40:50 CET 2026
#@# thickness rh Tue Mar 10 05:40:50 CET 2026
#@# area and vertex vol rh Tue Mar 10 05:40:50 CET 2026
#@# Curvature Stats lh Tue Mar 10 05:40:50 CET 2026
#@# Curvature Stats rh Tue Mar 10 05:40:53 CET 2026
#@# Relabel Hypointensities Tue Mar 10 05:40:55 CET 2026
#@# APas-to-ASeg Tue Mar 10 05:41:09 CET 2026
#@# AParc-to-ASeg aparc Tue Mar 10 05:41:18 CET 2026
#@# AParc-to-ASeg aparc.a2009s Tue Mar 10 05:41:40 CET 2026
#@# AParc-to-ASeg aparc.DKTatlas Tue Mar 10 05:42:06 CET 2026
#@# WMParc Tue Mar 10 05:42:33 CET 2026
#@# ASeg Stats Tue Mar 10 05:46:33 CET 2026
recon-all -s sub-v1s4x0050708_ses-1 finished without error at Tue Mar 10 05:47:18 CET 2026
