/out/sourcedata/freesurfer/sub-v1s4x0050697_ses-1/mri
/opt/freesurfer/bin/talairach_avi
--i orig_nu.mgz --xfm transforms/talairach.auto.xfm
talairach_avi 7.3.2
Linux dna010 5.14.0-427.37.1.el9_4.x86_64 #1 SMP PREEMPT_DYNAMIC Fri Sep 13 12:41:50 EDT 2024 x86_64 x86_64 x86_64 GNU/Linux
Tue Mar 10 02:34:34 CET 2026
mri_convert orig_nu.mgz talsrcimg.img 
reading from orig_nu.mgz...
TR=0.00, TE=0.00, TI=0.00, flip angle=0.00
i_ras = (-1, -3.8126e-09, -2.32831e-10)
j_ras = (-4.65661e-10, 1.49012e-08, -1)
k_ras = (-3.52156e-09, 1, 0)
writing to talsrcimg.img...
Analyze Output Matrix
-1.00000  -0.00000  -0.00000   128.40982;
-0.00000   0.00000   1.00000  -121.60844;
-0.00000  -1.00000   0.00000   150.88135;
 0.00000   0.00000   0.00000   1.00000;
--------------------
INFO: set hdr.hist.orient to -1
mpr2mni305 talsrcimg
Tue Mar 10 02:34:35 CET 2026
/opt/freesurfer/bin/mpr2mni305 talsrcimg
mpr2mni305 7.3.2
target=711-2C_as_mni_average_305

---------------------------------------------------------------------
analyzeto4dfp talsrcimg -O0 -y
---------------------------------------------------------------------

freesurfer ifh2hdr.c
Tue Mar 10 02:34:35 2026
Writing: talsrcimg.4dfp.hdr
freesurfer analyzeto4dfp.c
Reading: talsrcimg.hdr
header size 348 bytes
hdr.dime.datatype	offset=70	value=2
hdr.dime.bitpix		offset=72	value=8
hdr.hist.orient		offset=252	value=-1
dimensionality     4
dimensions       256       256       256         1
Reading: talsrcimg.img
Writing: talsrcimg.4dfp.img
Writing: talsrcimg.4dfp.ifh
ifh2hdr talsrcimg -r0to225
ori=2

---------------------------------------------------------------------
gauss_4dfp talsrcimg 1.1
---------------------------------------------------------------------

freesurfer gauss_4dfp.c
Reading: talsrcimg.4dfp.img
Writing: talsrcimg_g11.4dfp.img
image dimensions 256 256 256 padded to 288 288 288
processing volume 1freesurfer ifh2hdr.c
Tue Mar 10 02:34:37 2026
Writing: talsrcimg_g11.4dfp.hdr

Writing: talsrcimg_g11.4dfp.ifh
including: talsrcimg.4dfp.img.rec in talsrcimg_g11.4dfp.img.rec

---------------------------------------------------------------------
imgreg_4dfp /opt/freesurfer/average/711-2C_as_mni_average_305 none talsrcimg_g11 none talsrcimg_to_711-2C_as_mni_average_305_t4 4355
---------------------------------------------------------------------

freesurfer imgreg_4dfp.c
/opt/freesurfer/average/711-2C_as_mni_average_305.4dfp.img
       256       256       256         1
  1.000000  1.000000  1.000000
orientation T byte_order littleendian
Reading image: /opt/freesurfer/average/711-2C_as_mni_average_305.4dfp.img
dimensions:      256       256       256
mmppix:       1.0000   -1.0000   -1.0000
center:     128.0000 -129.0000 -129.0000
talsrcimg_g11.4dfp.img
       256       256       256         1
  1.000000  1.000000  1.000000
orientation T byte_order littleendian
Reading image: talsrcimg_g11.4dfp.img
dimensions:      256       256       256
mmppix:       1.0000   -1.0000   -1.0000
center:     128.0000 -129.0000 -129.0000
t4_read: open error in t4_sub.f l:  41 t4_file(1:l)talsrcimg_to_711-2C_as_mni_average_305_t4 
t4_read: transform initialized to I4
rotation matrix determinant  1.000000
image alignment mode   4355 decimal     1103 hex
   -7.5000  -45.0000  -45.0000 9638.5791   12.5967
    0.0000  -45.0000  -45.000010177.1406   12.6032
    7.5000  -45.0000  -45.0000 9823.4863   12.6007
   -7.5000  -37.5000  -45.0000 9996.6260   12.5364
    0.0000  -37.5000  -45.000010563.1025   12.5464
    7.5000  -37.5000  -45.000010184.6934   12.5459
   -7.5000  -30.0000  -45.000010530.5459   12.4936
    0.0000  -30.0000  -45.000011134.8291   12.5078
    7.5000  -30.0000  -45.000010724.5469   12.5053
   -7.5000  -22.5000  -45.000010951.5020   12.5008
    0.0000  -22.5000  -45.000011568.8584   12.5159
    7.5000  -22.5000  -45.000011115.3301   12.5097
   -7.5000  -15.0000  -45.000011243.3818   12.5232
    0.0000  -15.0000  -45.000011900.0615   12.5351
    7.5000  -15.0000  -45.000011407.6074   12.5264
   -7.5000   -7.5000  -45.000011419.6992   12.5303
    0.0000   -7.5000  -45.000012101.7393   12.5380
    7.5000   -7.5000  -45.000011580.3721   12.5313
   -7.5000    0.0000  -45.000011468.6387   12.5172
    0.0000    0.0000  -45.000012172.1426   12.5238
    7.5000    0.0000  -45.000011608.3203   12.5212
   -7.5000    7.5000  -45.000010684.7842   12.5242
    0.0000    7.5000  -45.000011343.1670   12.5339
    7.5000    7.5000  -45.000010771.5625   12.5333
   -7.5000   15.0000  -45.0000 9960.6436   12.7416
    0.0000   15.0000  -45.000010528.4209   12.7570
    7.5000   15.0000  -45.000010016.8008   12.7543
   -7.5000   22.5000  -45.0000 9258.6943   13.1413
    0.0000   22.5000  -45.0000 9771.8145   13.1604
    7.5000   22.5000  -45.0000 9308.4062   13.1576
   -7.5000   30.0000  -45.0000 8539.8711   13.4312
    0.0000   30.0000  -45.0000 9008.3076   13.4465
    7.5000   30.0000  -45.0000 8573.3369   13.4438
   -7.5000   37.5000  -45.0000 8212.7793   13.9579
    0.0000   37.5000  -45.0000 8643.3379   13.9666
    7.5000   37.5000  -45.0000 8207.3447   13.9652
   -7.5000   45.0000  -45.0000 7598.6826   14.1612
    0.0000   45.0000  -45.0000 7995.3076   14.1607
    7.5000   45.0000  -45.0000 7570.9629   14.1625
   -7.5000  -45.0000  -37.500010212.0312   12.5286
    0.0000  -45.0000  -37.500010813.1846   12.5344
    7.5000  -45.0000  -37.500010428.5586   12.5356
   -7.5000  -37.5000  -37.500010618.5215   12.4647
    0.0000  -37.5000  -37.500011244.0654   12.4739
    7.5000  -37.5000  -37.500010837.1699   12.4788
   -7.5000  -30.0000  -37.500011199.2383   12.4166
    0.0000  -30.0000  -37.500011843.3311   12.4313
    7.5000  -30.0000  -37.500011419.2275   12.4343
   -7.5000  -22.5000  -37.500011638.5508   12.4224
    0.0000  -22.5000  -37.500012312.9941   12.4396
    7.5000  -22.5000  -37.500011827.6934   12.4369
   -7.5000  -15.0000  -37.500011953.4570   12.4481
    0.0000  -15.0000  -37.500012662.4941   12.4622
    7.5000  -15.0000  -37.500012123.1748   12.4554
   -7.5000   -7.5000  -37.500012125.7607   12.4606
    0.0000   -7.5000  -37.500012831.3994   12.4691
    7.5000   -7.5000  -37.500012255.0596   12.4644
   -7.5000    0.0000  -37.500012172.4746   12.4499
    0.0000    0.0000  -37.500012882.9424   12.4559
    7.5000    0.0000  -37.500012266.3848   12.4568
   -7.5000    7.5000  -37.500011312.0654   12.4526
    0.0000    7.5000  -37.500011995.3945   12.4616
    7.5000    7.5000  -37.500011381.3486   12.4664
   -7.5000   15.0000  -37.500010516.9160   12.6627
    0.0000   15.0000  -37.500011132.8984   12.6787
    7.5000   15.0000  -37.500010564.6719   12.6811
   -7.5000   22.5000  -37.5000 9765.4404   13.0568
    0.0000   22.5000  -37.500010329.9121   13.0770
    7.5000   22.5000  -37.5000 9812.9453   13.0781
   -7.5000   30.0000  -37.5000 9030.0107   13.3445
    0.0000   30.0000  -37.5000 9544.7646   13.3617
    7.5000   30.0000  -37.5000 9070.7012   13.3610
   -7.5000   37.5000  -37.5000 8669.9092   13.8695
    0.0000   37.5000  -37.5000 9147.7900   13.8785
    7.5000   37.5000  -37.5000 8665.2842   13.8784
   -7.5000   45.0000  -37.5000 7998.8740   14.0741
    0.0000   45.0000  -37.5000 8425.2939   14.0709
    7.5000   45.0000  -37.5000 7952.8472   14.0748
   -7.5000  -45.0000  -30.000010955.9229   13.0404
    0.0000  -45.0000  -30.000011628.5098   13.0452
    7.5000  -45.0000  -30.000011206.8477   13.0494
   -7.5000  -37.5000  -30.000011426.6328   12.9745
    0.0000  -37.5000  -30.000012118.4072   12.9802
    7.5000  -37.5000  -30.000011662.0264   12.9873
   -7.5000  -30.0000  -30.000012053.1455   12.9213
    0.0000  -30.0000  -30.000012762.3828   12.9316
    7.5000  -30.0000  -30.000012275.7998   12.9357
   -7.5000  -22.5000  -30.000012520.8750   12.9244
    0.0000  -22.5000  -30.000013248.2393   12.9387
    7.5000  -22.5000  -30.000012700.8799   12.9367
   -7.5000  -15.0000  -30.000012847.8076   12.9507
    0.0000  -15.0000  -30.000013584.2637   12.9646
    7.5000  -15.0000  -30.000012982.1299   12.9593
   -7.5000   -7.5000  -30.000013021.8926   12.9665
    0.0000   -7.5000  -30.000013754.0781   12.9755
    7.5000   -7.5000  -30.000013109.8037   12.9736
   -7.5000    0.0000  -30.000013023.4043   12.9586
    0.0000    0.0000  -30.000013784.7500   12.9635
    7.5000    0.0000  -30.000013099.7939   12.9674
   -7.5000    7.5000  -30.000012128.8115   12.9619
    0.0000    7.5000  -30.000012837.8789   12.9674
    7.5000    7.5000  -30.000012172.4033   12.9743
   -7.5000   15.0000  -30.000011306.3037   13.1786
    0.0000   15.0000  -30.000011956.8379   13.1906
    7.5000   15.0000  -30.000011314.9541   13.1949
   -7.5000   22.5000  -30.000010530.0469   13.5861
    0.0000   22.5000  -30.000011154.1602   13.6039
    7.5000   22.5000  -30.000010531.1992   13.6064
   -7.5000   30.0000  -30.0000 9748.0420   13.8900
    0.0000   30.0000  -30.000010313.2979   13.9082
    7.5000   30.0000  -30.0000 9746.6660   13.9079
   -7.5000   37.5000  -30.0000 9321.0000   14.4364
    0.0000   37.5000  -30.0000 9850.5771   14.4472
    7.5000   37.5000  -30.0000 9298.4648   14.4478
   -7.5000   45.0000  -30.0000 8587.2959   14.6630
    0.0000   45.0000  -30.0000 9060.6641   14.6583
    7.5000   45.0000  -30.0000 8520.5410   14.6653
   -7.5000  -45.0000  -22.500011675.1396   13.4811
    0.0000  -45.0000  -22.500012401.6318   13.4847
    7.5000  -45.0000  -22.500011936.2988   13.4885
   -7.5000  -37.5000  -22.500012210.7549   13.4202
    0.0000  -37.5000  -22.500012940.8779   13.4216
    7.5000  -37.5000  -22.500012436.5244   13.4254
   -7.5000  -30.0000  -22.500012875.9482   13.3668
    0.0000  -30.0000  -22.500013623.5205   13.3701
    7.5000  -30.0000  -22.500013033.5225   13.3698
   -7.5000  -22.5000  -22.500013376.3154   13.3648
    0.0000  -22.5000  -22.500014145.4414   13.3723
    7.5000  -22.5000  -22.500013500.8096   13.3678
   -7.5000  -15.0000  -22.500013731.1348   13.3855
    0.0000  -15.0000  -22.500014488.6035   13.3954
    7.5000  -15.0000  -22.500013817.1123   13.3903
   -7.5000   -7.5000  -22.500013916.8467   13.4004
    0.0000   -7.5000  -22.500014642.5244   13.4083
    7.5000   -7.5000  -22.500013987.5117   13.4077
   -7.5000    0.0000  -22.500013929.1504   13.3964
    0.0000    0.0000  -22.500014670.5479   13.4001
    7.5000    0.0000  -22.500013973.4688   13.4038
   -7.5000    7.5000  -22.500012985.0645   13.4070
    0.0000    7.5000  -22.500013673.2666   13.4082
    7.5000    7.5000  -22.500012963.1299   13.4118
   -7.5000   15.0000  -22.500012125.3945   13.6332
    0.0000   15.0000  -22.500012779.5098   13.6389
    7.5000   15.0000  -22.500012047.2666   13.6400
   -7.5000   22.5000  -22.500011301.8584   14.0501
    0.0000   22.5000  -22.500011951.7783   14.0625
    7.5000   22.5000  -22.500011240.7402   14.0628
   -7.5000   30.0000  -22.500010453.7197   14.3648
    0.0000   30.0000  -22.500011046.3174   14.3808
    7.5000   30.0000  -22.500010403.0791   14.3793
   -7.5000   37.5000  -22.5000 9971.7109   14.9268
    0.0000   37.5000  -22.500010524.9805   14.9379
    7.5000   37.5000  -22.5000 9895.1143   14.9385
   -7.5000   45.0000  -22.5000 9179.5420   15.1720
    0.0000   45.0000  -22.5000 9667.5518   15.1678
    7.5000   45.0000  -22.5000 9072.2910   15.1767
   -7.5000  -45.0000  -15.000012397.7627   13.7978
    0.0000  -45.0000  -15.000013118.5449   13.8014
    7.5000  -45.0000  -15.000012641.6758   13.8038
   -7.5000  -37.5000  -15.000012919.2510   13.7424
    0.0000  -37.5000  -15.000013682.8955   13.7431
    7.5000  -37.5000  -15.000013106.9648   13.7432
   -7.5000  -30.0000  -15.000013639.0352   13.6930
    0.0000  -30.0000  -15.000014401.2412   13.6940
    7.5000  -30.0000  -15.000013747.3516   13.6897
   -7.5000  -22.5000  -15.000014159.0371   13.6887
    0.0000  -22.5000  -15.000014939.0059   13.6931
    7.5000  -22.5000  -15.000014256.9268   13.6864
   -7.5000  -15.0000  -15.000014562.5635   13.7036
    0.0000  -15.0000  -15.000015312.4570   13.7110
    7.5000  -15.0000  -15.000014635.2998   13.7058
   -7.5000   -7.5000  -15.000014795.6035   13.7142
    0.0000   -7.5000  -15.000015535.0537   13.7212
    7.5000   -7.5000  -15.000014858.1494   13.7209
   -7.5000    0.0000  -15.000014865.3105   13.7111
    0.0000    0.0000  -15.000015594.1738   13.7148
    7.5000    0.0000  -15.000014862.1152   13.7172
   -7.5000    7.5000  -15.000013871.1094   13.7288
    0.0000    7.5000  -15.000014530.4033   13.7293
    7.5000    7.5000  -15.000013786.3047   13.7293
   -7.5000   15.0000  -15.000012959.2959   13.9648
    0.0000   15.0000  -15.000013595.9883   13.9683
    7.5000   15.0000  -15.000012812.5215   13.9660
   -7.5000   22.5000  -15.000012058.5107   14.3883
    0.0000   22.5000  -15.000012687.3008   14.3989
    7.5000   22.5000  -15.000011921.6426   14.3969
   -7.5000   30.0000  -15.000011142.8047   14.7082
    0.0000   30.0000  -15.000011725.6055   14.7224
    7.5000   30.0000  -15.000011025.3203   14.7211
   -7.5000   37.5000  -15.000010637.0840   15.2796
    0.0000   37.5000  -15.000011185.4053   15.2902
    7.5000   37.5000  -15.000010511.5234   15.2922
   -7.5000   45.0000  -15.0000 9766.4482   15.5347
    0.0000   45.0000  -15.000010270.2520   15.5322
    7.5000   45.0000  -15.0000 9651.4678   15.5425
   -7.5000  -45.0000   -7.500013153.1611   13.9562
    0.0000  -45.0000   -7.500013868.1973   13.9605
    7.5000  -45.0000   -7.500013333.3975   13.9608
   -7.5000  -37.5000   -7.500013648.9561   13.8976
    0.0000  -37.5000   -7.500014388.9414   13.9024
    7.5000  -37.5000   -7.500013781.8193   13.9018
   -7.5000  -30.0000   -7.500014347.7012   13.8505
    0.0000  -30.0000   -7.500015129.9912   13.8580
    7.5000  -30.0000   -7.500014471.2402   13.8539
   -7.5000  -22.5000   -7.500014937.8535   13.8508
    0.0000  -22.5000   -7.500015723.3828   13.8607
    7.5000  -22.5000   -7.500015060.1865   13.8541
   -7.5000  -15.0000   -7.500015417.3682   13.8684
    0.0000  -15.0000   -7.500016162.5039   13.8778
    7.5000  -15.0000   -7.500015507.7129   13.8715
   -7.5000   -7.5000   -7.500015749.1748   13.8764
    0.0000   -7.5000   -7.500016532.2383   13.8833
    7.5000   -7.5000   -7.500015823.0703   13.8808
   -7.5000    0.0000   -7.500015907.8936   13.8687
    0.0000    0.0000   -7.500016663.0234   13.8731
    7.5000    0.0000   -7.500015886.0420   13.8733
   -7.5000    7.5000   -7.500014908.6504   13.8840
    0.0000    7.5000   -7.500015537.6016   13.8886
    7.5000    7.5000   -7.500014762.2832   13.8878
   -7.5000   15.0000   -7.500013888.5195   14.1237
    0.0000   15.0000   -7.500014465.6846   14.1332
    7.5000   15.0000   -7.500013681.8936   14.1303
   -7.5000   22.5000   -7.500012899.8975   14.5527
    0.0000   22.5000   -7.500013453.9531   14.5683
    7.5000   22.5000   -7.500012691.5127   14.5663
   -7.5000   30.0000   -7.500011942.4043   14.8765
    0.0000   30.0000   -7.500012485.3848   14.8916
    7.5000   30.0000   -7.500011758.0850   14.8909
   -7.5000   37.5000   -7.500011414.0566   15.4541
    0.0000   37.5000   -7.500011973.6924   15.4633
    7.5000   37.5000   -7.500011233.4043   15.4658
   -7.5000   45.0000   -7.500010511.0664   15.7090
    0.0000   45.0000   -7.500011034.5430   15.7069
    7.5000   45.0000   -7.500010352.1260   15.7150
   -7.5000  -45.0000    0.000013816.3525   13.9853
    0.0000  -45.0000    0.000014501.7969   13.9907
    7.5000  -45.0000    0.000013916.2852   13.9905
   -7.5000  -37.5000    0.000014277.2842   13.9187
    0.0000  -37.5000    0.000014992.1641   13.9282
    7.5000  -37.5000    0.000014346.2969   13.9303
   -7.5000  -30.0000    0.000014957.2822   13.8697
    0.0000  -30.0000    0.000015775.9707   13.8851
    7.5000  -30.0000    0.000015076.6152   13.8851
   -7.5000  -22.5000    0.000015590.1299   13.8757
    0.0000  -22.5000    0.000016490.1465   13.8932
    7.5000  -22.5000    0.000015769.8516   13.8890
   -7.5000  -15.0000    0.000016159.6162   13.9003
    0.0000  -15.0000    0.000017046.8887   13.9141
    7.5000  -15.0000    0.000016331.3223   13.9071
   -7.5000   -7.5000    0.000016691.0449   13.9102
    0.0000   -7.5000    0.000017660.1836   13.9180
    7.5000   -7.5000    0.000016811.5117   13.9132
   -7.5000    0.0000    0.000017145.1094   13.8977
    0.0000    0.0000    0.000018043.5566   13.9032
    7.5000    0.0000    0.000017032.5508   13.9029
   -7.5000    7.5000    0.000016102.5430   13.9052
    0.0000    7.5000    0.000016782.3203   13.9145
    7.5000    7.5000    0.000015846.9600   13.9165
   -7.5000   15.0000    0.000014912.6953   14.1427
    0.0000   15.0000    0.000015504.2637   14.1595
    7.5000   15.0000    0.000014635.7852   14.1594
   -7.5000   22.5000    0.000013744.2852   14.5759
    0.0000   22.5000    0.000014337.1143   14.5978
    7.5000   22.5000    0.000013522.5518   14.5978
   -7.5000   30.0000    0.000012730.4932   14.9034
    0.0000   30.0000    0.000013329.5088   14.9211
    7.5000   30.0000    0.000012508.3740   14.9212
   -7.5000   37.5000    0.000012181.3203   15.4852
    0.0000   37.5000    0.000012827.9180   15.4939
    7.5000   37.5000    0.000011998.3672   15.4955
   -7.5000   45.0000    0.000011217.0381   15.7383
    0.0000   45.0000    0.000011819.8340   15.7354
    7.5000   45.0000    0.000011044.1035   15.7409
   -7.5000  -45.0000    7.500013456.0381   13.9879
    0.0000  -45.0000    7.500014172.2842   13.9936
    7.5000  -45.0000    7.500013554.2910   13.9959
   -7.5000  -37.5000    7.500013883.8105   13.9162
    0.0000  -37.5000    7.500014660.9658   13.9258
    7.5000  -37.5000    7.500013987.5518   13.9324
   -7.5000  -30.0000    7.500014590.5488   13.8627
    0.0000  -30.0000    7.500015451.4883   13.8791
    7.5000  -30.0000    7.500014708.4229   13.8837
   -7.5000  -22.5000    7.500015229.3223   13.8699
    0.0000  -22.5000    7.500016177.0781   13.8896
    7.5000  -22.5000    7.500015392.8730   13.8879
   -7.5000  -15.0000    7.500015827.2549   13.8991
    0.0000  -15.0000    7.500016812.1445   13.9153
    7.5000  -15.0000    7.500015961.7959   13.9090
   -7.5000   -7.5000    7.500016445.3926   13.9129
    0.0000   -7.5000    7.500017584.5723   13.9222
    7.5000   -7.5000    7.500016486.9609   13.9180
   -7.5000    0.0000    7.500016867.7480   13.9003
    0.0000    0.0000    7.500018032.7441   13.9061
    7.5000    0.0000    7.500016878.7090   13.9082
   -7.5000    7.5000    7.500015780.5400   13.9028
    0.0000    7.5000    7.500016784.6719   13.9121
    7.5000    7.5000    7.500015801.2900   13.9186
   -7.5000   15.0000    7.500014562.2988   14.1369
    0.0000   15.0000    7.500015446.8223   14.1547
    7.5000   15.0000    7.500014571.8174   14.1586
   -7.5000   22.5000    7.500013437.9014   14.5718
    0.0000   22.5000    7.500014242.6484   14.5949
    7.5000   22.5000    7.500013386.1436   14.5976
   -7.5000   30.0000    7.500012478.2432   14.9030
    0.0000   30.0000    7.500013209.3096   14.9227
    7.5000   30.0000    7.500012301.3076   14.9234
   -7.5000   37.5000    7.500011930.2041   15.4876
    0.0000   37.5000    7.500012636.0654   15.4975
    7.5000   37.5000    7.500011756.1162   15.4987
   -7.5000   45.0000    7.500010997.1348   15.7444
    0.0000   45.0000    7.500011613.3994   15.7398
    7.5000   45.0000    7.500010818.7227   15.7455
   -7.5000  -45.0000   15.000012971.8320   13.9901
    0.0000  -45.0000   15.000013799.6455   13.9951
    7.5000  -45.0000   15.000013139.9463   13.9999
   -7.5000  -37.5000   15.000013338.9971   13.9196
    0.0000  -37.5000   15.000014198.9785   13.9255
    7.5000  -37.5000   15.000013530.6328   13.9335
   -7.5000  -30.0000   15.000014015.8291   13.8632
    0.0000  -30.0000   15.000014938.0615   13.8742
    7.5000  -30.0000   15.000014211.5303   13.8790
   -7.5000  -22.5000   15.000014663.1592   13.8670
    0.0000  -22.5000   15.000015660.6895   13.8826
    7.5000  -22.5000   15.000014846.6182   13.8807
   -7.5000  -15.0000   15.000015228.5146   13.8951
    0.0000  -15.0000   15.000016299.9297   13.9101
    7.5000  -15.0000   15.000015338.7471   13.9047
   -7.5000   -7.5000   15.000015701.8799   13.9115
    0.0000   -7.5000   15.000016891.5879   13.9210
    7.5000   -7.5000   15.000015775.6582   13.9192
   -7.5000    0.0000   15.000015881.5703   13.9023
    0.0000    0.0000   15.000017131.9023   13.9074
    7.5000    0.0000   15.000016053.8633   13.9120
   -7.5000    7.5000   15.000014780.8691   13.9060
    0.0000    7.5000   15.000015948.0439   13.9118
    7.5000    7.5000   15.000015058.3711   13.9196
   -7.5000   15.0000   15.000013789.3496   14.1390
    0.0000   15.0000   15.000014850.6143   14.1519
    7.5000   15.0000   15.000014016.8105   14.1569
   -7.5000   22.5000   15.000012823.9102   14.5732
    0.0000   22.5000   15.000013788.3750   14.5924
    7.5000   22.5000   15.000012910.6904   14.5955
   -7.5000   30.0000   15.000011963.3984   14.9063
    0.0000   30.0000   15.000012805.7422   14.9259
    7.5000   30.0000   15.000011883.3447   14.9259
   -7.5000   37.5000   15.000011437.8086   15.4912
    0.0000   37.5000   15.000012178.9805   15.5028
    7.5000   37.5000   15.000011302.1240   15.5037
   -7.5000   45.0000   15.000010540.6455   15.7538
    0.0000   45.0000   15.000011193.3262   15.7486
    7.5000   45.0000   15.000010404.8438   15.7565
   -7.5000  -45.0000   22.500012271.7021   13.9907
    0.0000  -45.0000   22.500013066.9453   13.9948
    7.5000  -45.0000   22.500012484.9551   13.9991
   -7.5000  -37.5000   22.500012619.3936   13.9279
    0.0000  -37.5000   22.500013437.5732   13.9296
    7.5000  -37.5000   22.500012810.4102   13.9339
   -7.5000  -30.0000   22.500013296.5518   13.8730
    0.0000  -30.0000   22.500014150.2441   13.8766
    7.5000  -30.0000   22.500013434.5303   13.8766
   -7.5000  -22.5000   22.500013862.9170   13.8710
    0.0000  -22.5000   22.500014750.3789   13.8789
    7.5000  -22.5000   22.500013973.2188   13.8745
   -7.5000  -15.0000   22.500014325.5742   13.8922
    0.0000  -15.0000   22.500015253.9072   13.9026
    7.5000  -15.0000   22.500014383.7539   13.8976
   -7.5000   -7.5000   22.500014674.8613   13.9072
    0.0000   -7.5000   22.500015657.7715   13.9156
    7.5000   -7.5000   22.500014734.2188   13.9154
   -7.5000    0.0000   22.500014806.5889   13.9029
    0.0000    0.0000   22.500015797.1367   13.9070
    7.5000    0.0000   22.500014986.6064   13.9113
   -7.5000    7.5000   22.500013852.2676   13.9142
    0.0000    7.5000   22.500014760.7891   13.9157
    7.5000    7.5000   22.500014029.2100   13.9198
   -7.5000   15.0000   22.500012954.7686   14.1494
    0.0000   15.0000   22.500013796.3398   14.1556
    7.5000   15.0000   22.500013050.4229   14.1570
   -7.5000   22.5000   22.500012065.2090   14.5799
    0.0000   22.5000   22.500012873.6465   14.5929
    7.5000   22.5000   22.500012097.5166   14.5934
   -7.5000   30.0000   22.500011268.3828   14.9103
    0.0000   30.0000   22.500011999.3994   14.9271
    7.5000   30.0000   22.500011183.3369   14.9259
   -7.5000   37.5000   22.500010827.9229   15.4930
    0.0000   37.5000   22.500011502.8496   15.5049
    7.5000   37.5000   22.500010712.7285   15.5059
   -7.5000   45.0000   22.500010000.1279   15.7585
    0.0000   45.0000   22.500010634.5283   15.7545
    7.5000   45.0000   22.5000 9886.4277   15.7643
   -7.5000  -45.0000   30.000011411.3457   14.0427
    0.0000  -45.0000   30.000012022.0752   14.0463
    7.5000  -45.0000   30.000011504.2168   14.0488
   -7.5000  -37.5000   30.000011754.2207   13.9859
    0.0000  -37.5000   30.000012386.6514   13.9866
    7.5000  -37.5000   30.000011800.7021   13.9868
   -7.5000  -30.0000   30.000012365.2256   13.9352
    0.0000  -30.0000   30.000013019.0605   13.9363
    7.5000  -30.0000   30.000012367.8154   13.9320
   -7.5000  -22.5000   30.000012838.8584   13.9307
    0.0000  -22.5000   30.000013541.7842   13.9354
    7.5000  -22.5000   30.000012841.3047   13.9286
   -7.5000  -15.0000   30.000013234.8057   13.9462
    0.0000  -15.0000   30.000013973.3037   13.9537
    7.5000  -15.0000   30.000013220.7920   13.9485
   -7.5000   -7.5000   30.000013561.6982   13.9572
    0.0000   -7.5000   30.000014330.4805   13.9643
    7.5000   -7.5000   30.000013599.1572   13.9640
   -7.5000    0.0000   30.000013712.3770   13.9541
    0.0000    0.0000   30.000014478.6084   13.9579
    7.5000    0.0000   30.000013808.9219   13.9603
   -7.5000    7.5000   30.000012865.4258   13.9720
    0.0000    7.5000   30.000013558.2988   13.9725
    7.5000    7.5000   30.000012954.1973   13.9725
   -7.5000   15.0000   30.000012035.0898   14.2128
    0.0000   15.0000   30.000012666.8418   14.2166
    7.5000   15.0000   30.000012064.2939   14.2143
   -7.5000   22.5000   30.000011172.8389   14.6441
    0.0000   22.5000   30.000011778.5801   14.6550
    7.5000   22.5000   30.000011174.9287   14.6531
   -7.5000   30.0000   30.000010423.4199   14.9736
    0.0000   30.0000   30.000010985.1152   14.9882
    7.5000   30.0000   30.000010358.5332   14.9869
   -7.5000   37.5000   30.000010028.6562   15.5582
    0.0000   37.5000   30.000010579.9902   15.5691
    7.5000   37.5000   30.0000 9942.4277   15.5711
   -7.5000   45.0000   30.0000 9320.5254   15.8251
    0.0000   45.0000   30.0000 9811.2607   15.8226
    7.5000   45.0000   30.0000 9214.9639   15.8330
   -7.5000  -45.0000   37.500010974.5137   14.1934
    0.0000  -45.0000   37.500011450.0381   14.1977
    7.5000  -45.0000   37.500010946.3809   14.1983
   -7.5000  -37.5000   37.500011276.1348   14.1324
    0.0000  -37.5000   37.500011794.8359   14.1374
    7.5000  -37.5000   37.500011242.1338   14.1370
   -7.5000  -30.0000   37.500011833.6514   14.0838
    0.0000  -30.0000   37.500012374.0508   14.0915
    7.5000  -30.0000   37.500011794.0469   14.0874
   -7.5000  -22.5000   37.500012305.6602   14.0845
    0.0000  -22.5000   37.500012888.3564   14.0946
    7.5000  -22.5000   37.500012274.7100   14.0878
   -7.5000  -15.0000   37.500012645.3672   14.1030
    0.0000  -15.0000   37.500013286.0830   14.1125
    7.5000  -15.0000   37.500012638.2344   14.1060
   -7.5000   -7.5000   37.500012963.2305   14.1113
    0.0000   -7.5000   37.500013649.1963   14.1182
    7.5000   -7.5000   37.500012992.5420   14.1159
   -7.5000    0.0000   37.500013126.5684   14.1030
    0.0000    0.0000   37.500013805.8096   14.1075
    7.5000    0.0000   37.500013192.8750   14.1081
   -7.5000    7.5000   37.500012323.5557   14.1184
    0.0000    7.5000   37.500012930.5801   14.1231
    7.5000    7.5000   37.500012360.5625   14.1226
   -7.5000   15.0000   37.500011517.4541   14.3658
    0.0000   15.0000   37.500012082.1152   14.3756
    7.5000   15.0000   37.500011532.4893   14.3726
   -7.5000   22.5000   37.500010683.5918   14.8091
    0.0000   22.5000   37.500011199.6768   14.8252
    7.5000   22.5000   37.500010694.6270   14.8230
   -7.5000   30.0000   37.5000 9950.7275   15.1478
    0.0000   30.0000   37.500010437.4160   15.1632
    7.5000   30.0000   37.5000 9912.8027   15.1625
   -7.5000   37.5000   37.5000 9560.9160   15.7459
    0.0000   37.5000   37.500010031.3340   15.7551
    7.5000   37.5000   37.5000 9511.4844   15.7580
   -7.5000   45.0000   37.5000 8893.5176   16.0161
    0.0000   45.0000   37.5000 9325.4648   16.0138
    7.5000   45.0000   37.5000 8864.0156   16.0227
   -7.5000  -45.0000   45.000010132.6924   14.4293
    0.0000  -45.0000   45.000010542.3193   14.4330
    7.5000  -45.0000   45.000010072.1514   14.4327
   -7.5000  -37.5000   45.000010399.0518   14.3594
    0.0000  -37.5000   45.000010821.4297   14.3681
    7.5000  -37.5000   45.000010340.9814   14.3709
   -7.5000  -30.0000   45.000010910.9287   14.3064
    0.0000  -30.0000   45.000011347.1982   14.3222
    7.5000  -30.0000   45.000010849.1787   14.3231
   -7.5000  -22.5000   45.000011331.4512   14.3107
    0.0000  -22.5000   45.000011823.1826   14.3288
    7.5000  -22.5000   45.000011297.7842   14.3250
   -7.5000  -15.0000   45.000011640.2959   14.3353
    0.0000  -15.0000   45.000012182.6113   14.3488
    7.5000  -15.0000   45.000011627.3066   14.3415
   -7.5000   -7.5000   45.000011917.9531   14.3466
    0.0000   -7.5000   45.000012493.5967   14.3531
    7.5000   -7.5000   45.000011932.6660   14.3478
   -7.5000    0.0000   45.000012054.8789   14.3355
    0.0000    0.0000   45.000012642.3809   14.3393
    7.5000    0.0000   45.000012086.5908   14.3389
   -7.5000    7.5000   45.000011303.2500   14.3450
    0.0000    7.5000   45.000011840.3672   14.3534
    7.5000    7.5000   45.000011308.2021   14.3560
   -7.5000   15.0000   45.000010556.6104   14.5986
    0.0000   15.0000   45.000011073.3633   14.6159
    7.5000   15.0000   45.000010563.5762   14.6167
   -7.5000   22.5000   45.0000 9812.6172   15.0580
    0.0000   22.5000   45.000010271.1074   15.0808
    7.5000   22.5000   45.0000 9818.1143   15.0816
   -7.5000   30.0000   45.0000 9150.2227   15.4132
    0.0000   30.0000   45.0000 9580.4473   15.4308
    7.5000   30.0000   45.0000 9130.2842   15.4312
   -7.5000   37.5000   45.0000 8805.7344   16.0343
    0.0000   37.5000   45.0000 9207.1621   16.0412
    7.5000   37.5000   45.0000 8760.8730   16.0428
   -7.5000   45.0000   45.0000 8162.4155   16.3197
    0.0000   45.0000   45.0000 8534.8906   16.3137
    7.5000   45.0000   45.0000 8116.3286   16.3197

---------------------------------------------------------------------
imgreg_4dfp /opt/freesurfer/average/711-2C_as_mni_average_305 /opt/freesurfer/average/711-2B_as_mni_average_305_mask talsrcimg_g11 none talsrcimg_to_711-2C_as_mni_average_305_t4 4355
---------------------------------------------------------------------

freesurfer imgreg_4dfp.c
/opt/freesurfer/average/711-2C_as_mni_average_305.4dfp.img
       256       256       256         1
  1.000000  1.000000  1.000000
orientation T byte_order littleendian
Reading image: /opt/freesurfer/average/711-2C_as_mni_average_305.4dfp.img
dimensions:      256       256       256
mmppix:       1.0000   -1.0000   -1.0000
center:     128.0000 -129.0000 -129.0000
/opt/freesurfer/average/711-2B_as_mni_average_305_mask.4dfp.img
       256       256       256         1
  1.000000  1.000000  1.000000
orientation T byte_order littleendian
Reading mask: /opt/freesurfer/average/711-2B_as_mni_average_305_mask.4dfp.img (2306576 pixels)
talsrcimg_g11.4dfp.img
       256       256       256         1
  1.000000  1.000000  1.000000
orientation T byte_order littleendian
Reading image: talsrcimg_g11.4dfp.img
dimensions:      256       256       256
mmppix:       1.0000   -1.0000   -1.0000
center:     128.0000 -129.0000 -129.0000
rotation matrix determinant  1.000000
image alignment mode   4355 decimal     1103 hex
   -7.5000  -45.0000  -45.0000 2269.1497   17.5473
    0.0000  -45.0000  -45.0000 2297.7798   17.2580
    7.5000  -45.0000  -45.0000 2294.2463   17.2051
   -7.5000  -37.5000  -45.0000 2282.6367   17.3860
    0.0000  -37.5000  -45.0000 2312.8892   17.1025
    7.5000  -37.5000  -45.0000 2312.9133   17.0607
   -7.5000  -30.0000  -45.0000 2304.2839   17.3592
    0.0000  -30.0000  -45.0000 2328.8909   17.1155
    7.5000  -30.0000  -45.0000 2329.7124   17.0478
   -7.5000  -22.5000  -45.0000 2323.6160   17.4600
    0.0000  -22.5000  -45.0000 2348.8345   17.2436
    7.5000  -22.5000  -45.0000 2343.6125   17.1587
   -7.5000  -15.0000  -45.0000 2323.5901   17.5828
    0.0000  -15.0000  -45.0000 2357.6499   17.4033
    7.5000  -15.0000  -45.0000 2346.3396   17.3373
   -7.5000   -7.5000  -45.0000 2328.0256   17.6679
    0.0000   -7.5000  -45.0000 2358.8904   17.5653
    7.5000   -7.5000  -45.0000 2345.0022   17.4933
   -7.5000    0.0000  -45.0000 2320.1260   17.8647
    0.0000    0.0000  -45.0000 2350.0576   17.7703
    7.5000    0.0000  -45.0000 2333.7371   17.7210
   -7.5000    7.5000  -45.0000 2313.4568   18.2422
    0.0000    7.5000  -45.0000 2342.8989   18.1248
    7.5000    7.5000  -45.0000 2321.6812   18.1124
   -7.5000   15.0000  -45.0000 2299.6497   18.7860
    0.0000   15.0000  -45.0000 2324.1960   18.7072
    7.5000   15.0000  -45.0000 2310.5571   18.6998
   -7.5000   22.5000  -45.0000 2271.8970   19.7127
    0.0000   22.5000  -45.0000 2298.3770   19.6190
    7.5000   22.5000  -45.0000 2277.8511   19.6059
   -7.5000   30.0000  -45.0000 2216.7627   20.9043
    0.0000   30.0000  -45.0000 2241.5085   20.8318
    7.5000   30.0000  -45.0000 2216.9563   20.8591
   -7.5000   37.5000  -45.0000 2143.1350   22.3964
    0.0000   37.5000  -45.0000 2163.1187   22.2910
    7.5000   37.5000  -45.0000 2141.4622   22.3499
   -7.5000   45.0000  -45.0000 2053.5957   24.3230
    0.0000   45.0000  -45.0000 2070.3086   24.1026
    7.5000   45.0000  -45.0000 2047.4661   24.2516
   -7.5000  -45.0000  -37.5000 2375.0056   16.1173
    0.0000  -45.0000  -37.5000 2402.9250   15.8494
    7.5000  -45.0000  -37.5000 2397.8799   15.8065
   -7.5000  -37.5000  -37.5000 2394.6956   15.9798
    0.0000  -37.5000  -37.5000 2430.0317   15.7107
    7.5000  -37.5000  -37.5000 2425.1296   15.6683
   -7.5000  -30.0000  -37.5000 2418.7407   15.9733
    0.0000  -30.0000  -37.5000 2445.9812   15.7536
    7.5000  -30.0000  -37.5000 2441.4106   15.6869
   -7.5000  -22.5000  -37.5000 2430.8921   15.9991
    0.0000  -22.5000  -37.5000 2461.8542   15.7982
    7.5000  -22.5000  -37.5000 2452.7012   15.7592
   -7.5000  -15.0000  -37.5000 2433.7476   16.1116
    0.0000  -15.0000  -37.5000 2472.3157   15.9681
    7.5000  -15.0000  -37.5000 2454.1172   15.8905
   -7.5000   -7.5000  -37.5000 2435.0254   16.2602
    0.0000   -7.5000  -37.5000 2466.0669   16.1896
    7.5000   -7.5000  -37.5000 2449.7864   16.0886
   -7.5000    0.0000  -37.5000 2427.1143   16.4803
    0.0000    0.0000  -37.5000 2457.7676   16.4597
    7.5000    0.0000  -37.5000 2439.8752   16.3623
   -7.5000    7.5000  -37.5000 2415.8828   16.8670
    0.0000    7.5000  -37.5000 2452.3279   16.8162
    7.5000    7.5000  -37.5000 2425.7097   16.7656
   -7.5000   15.0000  -37.5000 2397.6321   17.3226
    0.0000   15.0000  -37.5000 2429.1006   17.2747
    7.5000   15.0000  -37.5000 2411.5588   17.2698
   -7.5000   22.5000  -37.5000 2364.8284   18.1221
    0.0000   22.5000  -37.5000 2400.0471   18.1124
    7.5000   22.5000  -37.5000 2378.4004   18.1109
   -7.5000   30.0000  -37.5000 2312.8889   19.2135
    0.0000   30.0000  -37.5000 2343.9285   19.2467
    7.5000   30.0000  -37.5000 2321.6360   19.2584
   -7.5000   37.5000  -37.5000 2235.7603   20.5838
    0.0000   37.5000  -37.5000 2260.9375   20.5472
    7.5000   37.5000  -37.5000 2239.6663   20.6692
   -7.5000   45.0000  -37.5000 2134.5173   22.3521
    0.0000   45.0000  -37.5000 2158.0439   22.2218
    7.5000   45.0000  -37.5000 2134.9106   22.3828
   -7.5000  -45.0000  -30.0000 2521.7712   15.4115
    0.0000  -45.0000  -30.0000 2560.1846   15.1642
    7.5000  -45.0000  -30.0000 2551.1646   15.1093
   -7.5000  -37.5000  -30.0000 2543.0239   15.2770
    0.0000  -37.5000  -30.0000 2586.0391   15.0413
    7.5000  -37.5000  -30.0000 2578.7271   15.0076
   -7.5000  -30.0000  -30.0000 2563.5662   15.2280
    0.0000  -30.0000  -30.0000 2599.5938   15.0179
    7.5000  -30.0000  -30.0000 2593.9419   14.9719
   -7.5000  -22.5000  -30.0000 2570.3704   15.2446
    0.0000  -22.5000  -30.0000 2608.0234   15.0488
    7.5000  -22.5000  -30.0000 2599.3201   15.0051
   -7.5000  -15.0000  -30.0000 2573.2871   15.2966
    0.0000  -15.0000  -30.0000 2612.2490   15.1622
    7.5000  -15.0000  -30.0000 2596.1375   15.0716
   -7.5000   -7.5000  -30.0000 2574.7261   15.4564
    0.0000   -7.5000  -30.0000 2609.4246   15.3843
    7.5000   -7.5000  -30.0000 2593.0659   15.2755
   -7.5000    0.0000  -30.0000 2569.2500   15.7317
    0.0000    0.0000  -30.0000 2607.8005   15.6512
    7.5000    0.0000  -30.0000 2583.8811   15.5730
   -7.5000    7.5000  -30.0000 2567.4697   16.0985
    0.0000    7.5000  -30.0000 2599.3113   16.0558
    7.5000    7.5000  -30.0000 2571.2200   16.0469
   -7.5000   15.0000  -30.0000 2547.1304   16.5851
    0.0000   15.0000  -30.0000 2579.4695   16.5789
    7.5000   15.0000  -30.0000 2555.1199   16.5788
   -7.5000   22.5000  -30.0000 2510.9429   17.3809
    0.0000   22.5000  -30.0000 2548.9636   17.3891
    7.5000   22.5000  -30.0000 2522.9158   17.4013
   -7.5000   30.0000  -30.0000 2455.2292   18.3767
    0.0000   30.0000  -30.0000 2489.4272   18.4573
    7.5000   30.0000  -30.0000 2465.8271   18.4523
   -7.5000   37.5000  -30.0000 2370.8716   19.6990
    0.0000   37.5000  -30.0000 2404.0339   19.6809
    7.5000   37.5000  -30.0000 2379.1128   19.7910
   -7.5000   45.0000  -30.0000 2261.0098   21.3821
    0.0000   45.0000  -30.0000 2284.5691   21.2726
    7.5000   45.0000  -30.0000 2261.9353   21.4265
   -7.5000  -45.0000  -22.5000 2632.0510   14.6440
    0.0000  -45.0000  -22.5000 2672.0156   14.4399
    7.5000  -45.0000  -22.5000 2668.0830   14.3349
   -7.5000  -37.5000  -22.5000 2652.4949   14.5036
    0.0000  -37.5000  -22.5000 2695.0818   14.2826
    7.5000  -37.5000  -22.5000 2691.6152   14.2055
   -7.5000  -30.0000  -22.5000 2663.7634   14.4294
    0.0000  -30.0000  -22.5000 2708.0691   14.1868
    7.5000  -30.0000  -22.5000 2699.7419   14.1395
   -7.5000  -22.5000  -22.5000 2667.6008   14.4352
    0.0000  -22.5000  -22.5000 2706.2107   14.1910
    7.5000  -22.5000  -22.5000 2701.1597   14.1475
   -7.5000  -15.0000  -22.5000 2671.2507   14.4701
    0.0000  -15.0000  -22.5000 2710.3052   14.3123
    7.5000  -15.0000  -22.5000 2702.7661   14.2431
   -7.5000   -7.5000  -22.5000 2682.8843   14.6190
    0.0000   -7.5000  -22.5000 2715.1560   14.5114
    7.5000   -7.5000  -22.5000 2708.2197   14.4379
   -7.5000    0.0000  -22.5000 2683.6702   14.8816
    0.0000    0.0000  -22.5000 2717.2139   14.7834
    7.5000    0.0000  -22.5000 2699.2598   14.7622
   -7.5000    7.5000  -22.5000 2678.1104   15.2887
    0.0000    7.5000  -22.5000 2716.4404   15.1938
    7.5000    7.5000  -22.5000 2684.7344   15.1896
   -7.5000   15.0000  -22.5000 2665.6707   15.8377
    0.0000   15.0000  -22.5000 2702.1372   15.7708
    7.5000   15.0000  -22.5000 2667.9050   15.7598
   -7.5000   22.5000  -22.5000 2632.8245   16.6377
    0.0000   22.5000  -22.5000 2672.4036   16.5729
    7.5000   22.5000  -22.5000 2635.7854   16.5560
   -7.5000   30.0000  -22.5000 2570.3525   17.5700
    0.0000   30.0000  -22.5000 2603.0122   17.5574
    7.5000   30.0000  -22.5000 2574.9480   17.5600
   -7.5000   37.5000  -22.5000 2479.1150   18.7836
    0.0000   37.5000  -22.5000 2509.2300   18.7623
    7.5000   37.5000  -22.5000 2482.1458   18.8153
   -7.5000   45.0000  -22.5000 2359.8840   20.3977
    0.0000   45.0000  -22.5000 2382.0342   20.2839
    7.5000   45.0000  -22.5000 2361.0542   20.3979
   -7.5000  -45.0000  -15.0000 2693.8054   14.0199
    0.0000  -45.0000  -15.0000 2726.6428   13.7598
    7.5000  -45.0000  -15.0000 2732.4875   13.6660
   -7.5000  -37.5000  -15.0000 2707.3608   13.8169
    0.0000  -37.5000  -15.0000 2744.2124   13.5351
    7.5000  -37.5000  -15.0000 2743.1453   13.4786
   -7.5000  -30.0000  -15.0000 2715.8762   13.6748
    0.0000  -30.0000  -15.0000 2755.1616   13.4059
    7.5000  -30.0000  -15.0000 2748.5762   13.3518
   -7.5000  -22.5000  -15.0000 2719.3193   13.6784
    0.0000  -22.5000  -15.0000 2756.7795   13.4199
    7.5000  -22.5000  -15.0000 2755.6951   13.3817
   -7.5000  -15.0000  -15.0000 2727.4753   13.7724
    0.0000  -15.0000  -15.0000 2763.9460   13.5503
    7.5000  -15.0000  -15.0000 2761.2036   13.5282
   -7.5000   -7.5000  -15.0000 2745.6340   13.9227
    0.0000   -7.5000  -15.0000 2780.3818   13.7085
    7.5000   -7.5000  -15.0000 2775.6973   13.7059
   -7.5000    0.0000  -15.0000 2755.1980   14.1641
    0.0000    0.0000  -15.0000 2790.9731   13.9302
    7.5000    0.0000  -15.0000 2771.6772   13.9684
   -7.5000    7.5000  -15.0000 2761.3320   14.5504
    0.0000    7.5000  -15.0000 2796.1160   14.3493
    7.5000    7.5000  -15.0000 2765.1870   14.3720
   -7.5000   15.0000  -15.0000 2751.7500   15.1462
    0.0000   15.0000  -15.0000 2789.4880   14.9928
    7.5000   15.0000  -15.0000 2750.4209   14.9812
   -7.5000   22.5000  -15.0000 2719.0649   15.9767
    0.0000   22.5000  -15.0000 2754.0554   15.8546
    7.5000   22.5000  -15.0000 2720.1755   15.7774
   -7.5000   30.0000  -15.0000 2643.3416   16.8626
    0.0000   30.0000  -15.0000 2674.2739   16.7789
    7.5000   30.0000  -15.0000 2646.7478   16.7483
   -7.5000   37.5000  -15.0000 2548.3020   17.9230
    0.0000   37.5000  -15.0000 2575.5842   17.8334
    7.5000   37.5000  -15.0000 2549.2563   17.9271
   -7.5000   45.0000  -15.0000 2423.5974   19.4591
    0.0000   45.0000  -15.0000 2448.1047   19.3448
    7.5000   45.0000  -15.0000 2426.9553   19.4855
   -7.5000  -45.0000   -7.5000 2720.4895   13.5397
    0.0000  -45.0000   -7.5000 2758.7991   13.1793
    7.5000  -45.0000   -7.5000 2759.8752   13.1056
   -7.5000  -37.5000   -7.5000 2729.8696   13.2535
    0.0000  -37.5000   -7.5000 2766.6350   12.9227
    7.5000  -37.5000   -7.5000 2764.7241   12.8707
   -7.5000  -30.0000   -7.5000 2738.8032   13.0617
    0.0000  -30.0000   -7.5000 2776.7322   12.7662
    7.5000  -30.0000   -7.5000 2777.4463   12.7586
   -7.5000  -22.5000   -7.5000 2749.7849   13.0860
    0.0000  -22.5000   -7.5000 2781.0259   12.8125
    7.5000  -22.5000   -7.5000 2786.2517   12.7844
   -7.5000  -15.0000   -7.5000 2768.5322   13.2009
    0.0000  -15.0000   -7.5000 2794.3279   12.9360
    7.5000  -15.0000   -7.5000 2795.8291   12.9308
   -7.5000   -7.5000   -7.5000 2794.4875   13.3884
    0.0000   -7.5000   -7.5000 2825.5798   13.1203
    7.5000   -7.5000   -7.5000 2814.9658   13.1466
   -7.5000    0.0000   -7.5000 2813.6440   13.6360
    0.0000    0.0000   -7.5000 2845.6680   13.3130
    7.5000    0.0000   -7.5000 2823.5129   13.3785
   -7.5000    7.5000   -7.5000 2829.5930   13.9867
    0.0000    7.5000   -7.5000 2855.4319   13.6714
    7.5000    7.5000   -7.5000 2830.7185   13.7520
   -7.5000   15.0000   -7.5000 2816.6174   14.5863
    0.0000   15.0000   -7.5000 2846.3875   14.2831
    7.5000   15.0000   -7.5000 2818.1448   14.3218
   -7.5000   22.5000   -7.5000 2778.4260   15.3777
    0.0000   22.5000   -7.5000 2801.3354   15.1484
    7.5000   22.5000   -7.5000 2778.1252   15.1279
   -7.5000   30.0000   -7.5000 2699.9636   16.1816
    0.0000   30.0000   -7.5000 2723.1729   16.0136
    7.5000   30.0000   -7.5000 2702.9807   16.0605
   -7.5000   37.5000   -7.5000 2598.1394   17.2032
    0.0000   37.5000   -7.5000 2621.9238   17.0401
    7.5000   37.5000   -7.5000 2598.7344   17.1921
   -7.5000   45.0000   -7.5000 2471.9746   18.7062
    0.0000   45.0000   -7.5000 2492.4136   18.5343
    7.5000   45.0000   -7.5000 2471.7256   18.7182
   -7.5000  -45.0000    0.0000 2731.5935   13.1905
    0.0000  -45.0000    0.0000 2749.2363   12.8105
    7.5000  -45.0000    0.0000 2755.1917   12.7233
   -7.5000  -37.5000    0.0000 2734.2283   12.8879
    0.0000  -37.5000    0.0000 2755.3579   12.5508
    7.5000  -37.5000    0.0000 2762.1260   12.5031
   -7.5000  -30.0000    0.0000 2745.2444   12.6961
    0.0000  -30.0000    0.0000 2770.7275   12.4314
    7.5000  -30.0000    0.0000 2779.0610   12.4028
   -7.5000  -22.5000    0.0000 2766.4104   12.6881
    0.0000  -22.5000    0.0000 2789.3530   12.4431
    7.5000  -22.5000    0.0000 2794.0903   12.4233
   -7.5000  -15.0000    0.0000 2793.1460   12.8205
    0.0000  -15.0000    0.0000 2810.7209   12.5479
    7.5000  -15.0000    0.0000 2810.9456   12.5580
   -7.5000   -7.5000    0.0000 2830.1523   13.0461
    0.0000   -7.5000    0.0000 2853.2717   12.8013
    7.5000   -7.5000    0.0000 2839.0608   12.8152
   -7.5000    0.0000    0.0000 2861.3416   13.3840
    0.0000    0.0000    0.0000 2883.6560   13.1262
    7.5000    0.0000    0.0000 2859.6194   13.1224
   -7.5000    7.5000    0.0000 2888.5618   13.7512
    0.0000    7.5000    0.0000 2908.9194   13.3608
    7.5000    7.5000    0.0000 2878.9534   13.4730
   -7.5000   15.0000    0.0000 2871.8545   14.2273
    0.0000   15.0000    0.0000 2893.7708   13.8671
    7.5000   15.0000    0.0000 2861.4851   13.9739
   -7.5000   22.5000    0.0000 2813.2356   14.8290
    0.0000   22.5000    0.0000 2832.1248   14.5914
    7.5000   22.5000    0.0000 2809.0051   14.7226
   -7.5000   30.0000    0.0000 2728.3152   15.6274
    0.0000   30.0000    0.0000 2747.4399   15.5102
    7.5000   30.0000    0.0000 2725.4077   15.6392
   -7.5000   37.5000    0.0000 2625.9614   16.7074
    0.0000   37.5000    0.0000 2645.9197   16.5863
    7.5000   37.5000    0.0000 2625.1030   16.7229
   -7.5000   45.0000    0.0000 2495.6699   18.1708
    0.0000   45.0000    0.0000 2518.0266   18.0627
    7.5000   45.0000    0.0000 2492.3484   18.1945
   -7.5000  -45.0000    7.5000 2730.9429   13.0758
    0.0000  -45.0000    7.5000 2739.7815   12.7273
    7.5000  -45.0000    7.5000 2743.5278   12.6301
   -7.5000  -37.5000    7.5000 2735.7544   12.7475
    0.0000  -37.5000    7.5000 2748.2869   12.4703
    7.5000  -37.5000    7.5000 2752.3794   12.4490
   -7.5000  -30.0000    7.5000 2755.0864   12.5556
    0.0000  -30.0000    7.5000 2766.9597   12.3186
    7.5000  -30.0000    7.5000 2768.7544   12.3298
   -7.5000  -22.5000    7.5000 2780.5996   12.4950
    0.0000  -22.5000    7.5000 2794.3870   12.2970
    7.5000  -22.5000    7.5000 2792.8389   12.2975
   -7.5000  -15.0000    7.5000 2812.8303   12.6289
    0.0000  -15.0000    7.5000 2824.5059   12.4304
    7.5000  -15.0000    7.5000 2816.7188   12.4273
   -7.5000   -7.5000    7.5000 2857.2864   12.8754
    0.0000   -7.5000    7.5000 2869.5703   12.7031
    7.5000   -7.5000    7.5000 2851.9358   12.7016
   -7.5000    0.0000    7.5000 2894.6094   13.2270
    0.0000    0.0000    7.5000 2914.1611   13.1334
    7.5000    0.0000    7.5000 2888.1636   13.1148
   -7.5000    7.5000    7.5000 2920.2085   13.5689
    0.0000    7.5000    7.5000 2943.3525   13.4041
    7.5000    7.5000    7.5000 2911.1243   13.4942
   -7.5000   15.0000    7.5000 2888.8408   13.8605
    0.0000   15.0000    7.5000 2920.3870   13.6855
    7.5000   15.0000    7.5000 2887.3657   13.9082
   -7.5000   22.5000    7.5000 2832.6860   14.4074
    0.0000   22.5000    7.5000 2860.3865   14.3183
    7.5000   22.5000    7.5000 2824.9709   14.5219
   -7.5000   30.0000    7.5000 2743.8970   15.2916
    0.0000   30.0000    7.5000 2763.6589   15.2481
    7.5000   30.0000    7.5000 2731.0645   15.4075
   -7.5000   37.5000    7.5000 2630.7583   16.4527
    0.0000   37.5000    7.5000 2648.7295   16.3883
    7.5000   37.5000    7.5000 2630.0093   16.4749
   -7.5000   45.0000    7.5000 2501.0149   17.9481
    0.0000   45.0000    7.5000 2522.2385   17.8698
    7.5000   45.0000    7.5000 2496.3511   17.9812
   -7.5000  -45.0000   15.0000 2720.7803   13.1620
    0.0000  -45.0000   15.0000 2735.0093   12.9455
    7.5000  -45.0000   15.0000 2730.2683   12.8696
   -7.5000  -37.5000   15.0000 2728.5889   12.8339
    0.0000  -37.5000   15.0000 2741.1023   12.6211
    7.5000  -37.5000   15.0000 2740.0500   12.6364
   -7.5000  -30.0000   15.0000 2749.3174   12.6098
    0.0000  -30.0000   15.0000 2764.0322   12.4309
    7.5000  -30.0000   15.0000 2757.5103   12.5061
   -7.5000  -22.5000   15.0000 2780.6592   12.5075
    0.0000  -22.5000   15.0000 2796.3582   12.3782
    7.5000  -22.5000   15.0000 2783.4565   12.4386
   -7.5000  -15.0000   15.0000 2812.3008   12.5684
    0.0000  -15.0000   15.0000 2829.4634   12.4822
    7.5000  -15.0000   15.0000 2808.7998   12.5211
   -7.5000   -7.5000   15.0000 2851.6353   12.8051
    0.0000   -7.5000   15.0000 2873.4155   12.7555
    7.5000   -7.5000   15.0000 2847.1184   12.7795
   -7.5000    0.0000   15.0000 2886.6582   13.1209
    0.0000    0.0000   15.0000 2913.5300   13.0953
    7.5000    0.0000   15.0000 2880.7983   13.1681
   -7.5000    7.5000   15.0000 2903.4082   13.3272
    0.0000    7.5000   15.0000 2939.2217   13.3001
    7.5000    7.5000   15.0000 2901.4033   13.5916
   -7.5000   15.0000   15.0000 2884.8723   13.7045
    0.0000   15.0000   15.0000 2916.0022   13.6996
    7.5000   15.0000   15.0000 2880.3201   14.0293
   -7.5000   22.5000   15.0000 2827.1309   14.3388
    0.0000   22.5000   15.0000 2860.0566   14.3739
    7.5000   22.5000   15.0000 2812.1277   14.6134
   -7.5000   30.0000   15.0000 2735.4551   15.3161
    0.0000   30.0000   15.0000 2761.5923   15.3462
    7.5000   30.0000   15.0000 2717.0520   15.4978
   -7.5000   37.5000   15.0000 2609.5825   16.5492
    0.0000   37.5000   15.0000 2627.7585   16.5346
    7.5000   37.5000   15.0000 2602.0415   16.6148
   -7.5000   45.0000   15.0000 2482.9358   18.0514
    0.0000   45.0000   15.0000 2499.2815   17.9942
    7.5000   45.0000   15.0000 2475.9368   18.0778
   -7.5000  -45.0000   22.5000 2690.0032   13.4475
    0.0000  -45.0000   22.5000 2709.2891   13.2842
    7.5000  -45.0000   22.5000 2711.1104   13.2663
   -7.5000  -37.5000   22.5000 2707.8704   13.0966
    0.0000  -37.5000   22.5000 2727.9048   12.9520
    7.5000  -37.5000   22.5000 2726.9282   13.0142
   -7.5000  -30.0000   22.5000 2737.5496   12.8639
    0.0000  -30.0000   22.5000 2755.0779   12.7463
    7.5000  -30.0000   22.5000 2748.7725   12.8531
   -7.5000  -22.5000   22.5000 2771.2158   12.7334
    0.0000  -22.5000   22.5000 2789.0981   12.6585
    7.5000  -22.5000   22.5000 2773.4236   12.7754
   -7.5000  -15.0000   22.5000 2799.4766   12.7334
    0.0000  -15.0000   22.5000 2820.2454   12.6850
    7.5000  -15.0000   22.5000 2799.3657   12.7919
   -7.5000   -7.5000   22.5000 2833.2625   12.9032
    0.0000   -7.5000   22.5000 2853.1194   12.8642
    7.5000   -7.5000   22.5000 2831.8584   12.9490
   -7.5000    0.0000   22.5000 2861.0237   13.1299
    0.0000    0.0000   22.5000 2885.9666   13.0444
    7.5000    0.0000   22.5000 2862.3911   13.2625
   -7.5000    7.5000   22.5000 2883.0151   13.4328
    0.0000    7.5000   22.5000 2913.7456   13.3156
    7.5000    7.5000   22.5000 2878.4675   13.7088
   -7.5000   15.0000   22.5000 2856.2031   13.9598
    0.0000   15.0000   22.5000 2884.8977   13.8699
    7.5000   15.0000   22.5000 2847.6582   14.2041
   -7.5000   22.5000   22.5000 2788.7422   14.6926
    0.0000   22.5000   22.5000 2822.4436   14.6306
    7.5000   22.5000   22.5000 2784.2908   14.8803
   -7.5000   30.0000   22.5000 2705.5332   15.6570
    0.0000   30.0000   22.5000 2728.1643   15.6628
    7.5000   30.0000   22.5000 2688.8267   15.8245
   -7.5000   37.5000   22.5000 2582.1392   16.9229
    0.0000   37.5000   22.5000 2603.6770   16.9469
    7.5000   37.5000   22.5000 2573.1465   17.0389
   -7.5000   45.0000   22.5000 2451.8667   18.4758
    0.0000   45.0000   22.5000 2473.1990   18.4481
    7.5000   45.0000   22.5000 2439.9351   18.5761
   -7.5000  -45.0000   30.0000 2649.7556   13.8941
    0.0000  -45.0000   30.0000 2668.6897   13.7244
    7.5000  -45.0000   30.0000 2664.5400   13.7374
   -7.5000  -37.5000   30.0000 2676.9810   13.5332
    0.0000  -37.5000   30.0000 2698.8848   13.3942
    7.5000  -37.5000   30.0000 2688.8323   13.4744
   -7.5000  -30.0000   30.0000 2707.5427   13.2864
    0.0000  -30.0000   30.0000 2729.1709   13.1515
    7.5000  -30.0000   30.0000 2713.9880   13.2871
   -7.5000  -22.5000   30.0000 2740.6667   13.1374
    0.0000  -22.5000   30.0000 2763.4109   13.0294
    7.5000  -22.5000   30.0000 2745.2866   13.1927
   -7.5000  -15.0000   30.0000 2767.2500   13.1098
    0.0000  -15.0000   30.0000 2788.8230   13.0255
    7.5000  -15.0000   30.0000 2768.7749   13.1701
   -7.5000   -7.5000   30.0000 2798.7480   13.2163
    0.0000   -7.5000   30.0000 2823.1621   13.1034
    7.5000   -7.5000   30.0000 2804.5623   13.2922
   -7.5000    0.0000   30.0000 2824.9109   13.3747
    0.0000    0.0000   30.0000 2849.7505   13.2459
    7.5000    0.0000   30.0000 2819.9275   13.5462
   -7.5000    7.5000   30.0000 2837.0645   13.7950
    0.0000    7.5000   30.0000 2856.7871   13.6409
    7.5000    7.5000   30.0000 2823.7310   13.9766
   -7.5000   15.0000   30.0000 2798.7275   14.4373
    0.0000   15.0000   30.0000 2813.2905   14.2720
    7.5000   15.0000   30.0000 2786.7244   14.5570
   -7.5000   22.5000   30.0000 2725.0688   15.2002
    0.0000   22.5000   30.0000 2750.8379   15.0859
    7.5000   22.5000   30.0000 2723.9282   15.3399
   -7.5000   30.0000   30.0000 2645.6421   16.2318
    0.0000   30.0000   30.0000 2669.8408   16.1919
    7.5000   30.0000   30.0000 2631.7283   16.3819
   -7.5000   37.5000   30.0000 2537.5291   17.4741
    0.0000   37.5000   30.0000 2565.5686   17.4411
    7.5000   37.5000   30.0000 2524.1641   17.6040
   -7.5000   45.0000   30.0000 2411.3801   19.0157
    0.0000   45.0000   30.0000 2434.5735   18.9923
    7.5000   45.0000   30.0000 2399.0935   19.1543
   -7.5000  -45.0000   37.5000 2601.4133   14.4526
    0.0000  -45.0000   37.5000 2622.5039   14.2318
    7.5000  -45.0000   37.5000 2607.7881   14.2341
   -7.5000  -37.5000   37.5000 2634.4976   14.1007
    0.0000  -37.5000   37.5000 2658.3752   13.9213
    7.5000  -37.5000   37.5000 2639.2695   13.9980
   -7.5000  -30.0000   37.5000 2661.3472   13.8087
    0.0000  -30.0000   37.5000 2684.0522   13.6536
    7.5000  -30.0000   37.5000 2666.1492   13.7985
   -7.5000  -22.5000   37.5000 2694.7312   13.6380
    0.0000  -22.5000   37.5000 2719.8193   13.4861
    7.5000  -22.5000   37.5000 2698.1235   13.6943
   -7.5000  -15.0000   37.5000 2718.2585   13.5613
    0.0000  -15.0000   37.5000 2741.6333   13.4143
    7.5000  -15.0000   37.5000 2722.8955   13.6545
   -7.5000   -7.5000   37.5000 2751.3433   13.5622
    0.0000   -7.5000   37.5000 2779.3420   13.4397
    7.5000   -7.5000   37.5000 2750.3093   13.7169
   -7.5000    0.0000   37.5000 2771.0398   13.8112
    0.0000    0.0000   37.5000 2792.6802   13.6729
    7.5000    0.0000   37.5000 2758.4631   13.9710
   -7.5000    7.5000   37.5000 2772.3560   14.2943
    0.0000    7.5000   37.5000 2785.1445   14.1284
    7.5000    7.5000   37.5000 2754.4792   14.4255
   -7.5000   15.0000   37.5000 2726.2595   14.9936
    0.0000   15.0000   37.5000 2738.4387   14.8273
    7.5000   15.0000   37.5000 2716.9382   15.0932
   -7.5000   22.5000   37.5000 2651.1409   15.8463
    0.0000   22.5000   37.5000 2670.8936   15.7100
    7.5000   22.5000   37.5000 2652.5300   15.9560
   -7.5000   30.0000   37.5000 2570.3059   16.9077
    0.0000   30.0000   37.5000 2597.6719   16.8135
    7.5000   30.0000   37.5000 2562.2449   17.0655
   -7.5000   37.5000   37.5000 2475.4900   18.1788
    0.0000   37.5000   37.5000 2503.1138   18.0982
    7.5000   37.5000   37.5000 2461.4463   18.2903
   -7.5000   45.0000   37.5000 2357.3735   19.7062
    0.0000   45.0000   37.5000 2375.3447   19.6643
    7.5000   45.0000   37.5000 2352.3979   19.8430
   -7.5000  -45.0000   45.0000 2543.4314   15.1056
    0.0000  -45.0000   45.0000 2564.1750   14.8590
    7.5000  -45.0000   45.0000 2550.0896   14.9169
   -7.5000  -37.5000   45.0000 2583.5039   14.7671
    0.0000  -37.5000   45.0000 2602.6912   14.5519
    7.5000  -37.5000   45.0000 2583.7327   14.6334
   -7.5000  -30.0000   45.0000 2610.6658   14.4481
    0.0000  -30.0000   45.0000 2628.5828   14.2351
    7.5000  -30.0000   45.0000 2609.8269   14.4169
   -7.5000  -22.5000   45.0000 2638.2395   14.2290
    0.0000  -22.5000   45.0000 2659.1279   14.0271
    7.5000  -22.5000   45.0000 2644.4456   14.3033
   -7.5000  -15.0000   45.0000 2658.1191   14.1142
    0.0000  -15.0000   45.0000 2679.3384   13.9684
    7.5000  -15.0000   45.0000 2660.3726   14.2486
   -7.5000   -7.5000   45.0000 2691.2786   14.1507
    0.0000   -7.5000   45.0000 2712.1538   14.0051
    7.5000   -7.5000   45.0000 2681.8918   14.3427
   -7.5000    0.0000   45.0000 2702.2190   14.3928
    0.0000    0.0000   45.0000 2716.3457   14.2832
    7.5000    0.0000   45.0000 2686.3315   14.6096
   -7.5000    7.5000   45.0000 2689.2588   14.9213
    0.0000    7.5000   45.0000 2700.5168   14.7770
    7.5000    7.5000   45.0000 2673.2510   15.0739
   -7.5000   15.0000   45.0000 2636.0471   15.6766
    0.0000   15.0000   45.0000 2658.0935   15.5406
    7.5000   15.0000   45.0000 2631.5254   15.7968
   -7.5000   22.5000   45.0000 2576.9600   16.5705
    0.0000   22.5000   45.0000 2595.6875   16.4574
    7.5000   22.5000   45.0000 2571.9819   16.7481
   -7.5000   30.0000   45.0000 2503.0005   17.6699
    0.0000   30.0000   45.0000 2524.7942   17.5790
    7.5000   30.0000   45.0000 2489.8008   17.8669
   -7.5000   37.5000   45.0000 2409.2361   18.9997
    0.0000   37.5000   45.0000 2429.7786   18.9141
    7.5000   37.5000   45.0000 2391.1528   19.1350
   -7.5000   45.0000   45.0000 2289.5083   20.5125
    0.0000   45.0000   45.0000 2305.8569   20.4600
    7.5000   45.0000   45.0000 2277.0801   20.7086

---------------------------------------------------------------------
imgreg_4dfp /opt/freesurfer/average/711-2C_as_mni_average_305 /opt/freesurfer/average/711-2B_as_mni_average_305_mask talsrcimg_g11 none talsrcimg_to_711-2C_as_mni_average_305_t4 1283
---------------------------------------------------------------------

freesurfer imgreg_4dfp.c
/opt/freesurfer/average/711-2C_as_mni_average_305.4dfp.img
       256       256       256         1
  1.000000  1.000000  1.000000
orientation T byte_order littleendian
Reading image: /opt/freesurfer/average/711-2C_as_mni_average_305.4dfp.img
dimensions:      256       256       256
mmppix:       1.0000   -1.0000   -1.0000
center:     128.0000 -129.0000 -129.0000
/opt/freesurfer/average/711-2B_as_mni_average_305_mask.4dfp.img
       256       256       256         1
  1.000000  1.000000  1.000000
orientation T byte_order littleendian
Reading mask: /opt/freesurfer/average/711-2B_as_mni_average_305_mask.4dfp.img (2306576 pixels)
talsrcimg_g11.4dfp.img
       256       256       256         1
  1.000000  1.000000  1.000000
orientation T byte_order littleendian
Reading image: talsrcimg_g11.4dfp.img
dimensions:      256       256       256
mmppix:       1.0000   -1.0000   -1.0000
center:     128.0000 -129.0000 -129.0000
rotation matrix determinant  1.000000
fimgreg.f
image alignment mode   1283 decimal      503 hex
parameters
    0.0000    7.5000    7.5000    0.0000    0.0000    0.0000
eta,q 0.92472 13.47806
niter,ni,del,rscale     5    3   12.0000    1.2000
parameters
   -0.7780    7.8889    8.8009   -2.3540    1.9264    0.5444
eta,q 0.92800 13.36697
  0.0803  0.0826  0.0807  0.0754  0.0775  0.0779
  0.0743  0.0792  0.0767  0.0732  0.0762  0.0749
  0.0732  0.0757  0.0747  0.0721  0.0740  0.0723
  0.0751  0.0738  0.0741  0.0737  0.0722  0.0719
  0.0764  0.0746  0.0733  0.0765  0.0719  0.0725
  0.0782  0.0772  0.0741  0.0790  0.0726  0.0737
  0.0821  0.0811  0.0764  0.0813  0.0740  0.0758
niter,ni,del,rscale     4    3   12.0000    1.2000
parameters
   -0.6086    8.2135    7.7229   -4.6577    4.2931    0.3719
eta,q 0.92921 13.28604
  0.0802  0.0777  0.0756  0.0734  0.0755  0.0749
  0.0747  0.0763  0.0735  0.0727  0.0744  0.0728
  0.0721  0.0735  0.0728  0.0726  0.0738  0.0715
  0.0720  0.0720  0.0721  0.0724  0.0726  0.0708
  0.0724  0.0730  0.0728  0.0737  0.0710  0.0714
  0.0742  0.0741  0.0762  0.0760  0.0709  0.0731
  0.0791  0.0776  0.0804  0.0777  0.0734  0.0755
niter,ni,del,rscale     3    3   12.0000    1.2000
parameters
   -1.6906    9.5474    7.0333   -7.0589    3.6545    0.2871
eta,q 0.93025 13.28251
  0.0766  0.0795  0.0775  0.0710  0.0727  0.0748
  0.0721  0.0771  0.0743  0.0701  0.0708  0.0723
  0.0705  0.0733  0.0712  0.0692  0.0702  0.0707
  0.0708  0.0703  0.0696  0.0699  0.0693  0.0697
  0.0730  0.0696  0.0718  0.0718  0.0689  0.0697
  0.0769  0.0710  0.0774  0.0751  0.0718  0.0721
  0.0822  0.0753  0.0823  0.0779  0.0759  0.0757
niter,ni,del,rscale     2    3   12.0000    1.2000
parameters
   -1.5612   11.0874    6.2398   -9.4262    2.6390    0.4415
eta,q 0.93247 13.31433
  0.0789  0.0794  0.0744  0.0692  0.0720  0.0739
  0.0723  0.0747  0.0713  0.0680  0.0689  0.0712
  0.0696  0.0719  0.0689  0.0681  0.0676  0.0689
  0.0698  0.0698  0.0688  0.0685  0.0680  0.0676
  0.0709  0.0687  0.0706  0.0696  0.0697  0.0680
  0.0728  0.0698  0.0738  0.0720  0.0720  0.0710
  0.0770  0.0731  0.0783  0.0757  0.0750  0.0734
niter,ni,del,rscale     1    3   12.0000    1.2000
parameters
   -0.8190   12.9455    5.8790  -11.7382    2.1886    0.7047
eta,q 0.93514 13.40383
  0.0797  0.0783  0.0726  0.0672  0.0715  0.0718
  0.0737  0.0741  0.0684  0.0656  0.0683  0.0687
  0.0688  0.0712  0.0657  0.0649  0.0651  0.0656
  0.0675  0.0677  0.0656  0.0654  0.0649  0.0647
  0.0681  0.0656  0.0671  0.0680  0.0668  0.0661
  0.0700  0.0678  0.0698  0.0717  0.0697  0.0679
  0.0748  0.0709  0.0741  0.0750  0.0735  0.0705
registration optimization eta report
parameter search radius
    6.0000    6.0000    6.0000    6.0000    6.0000    6.0000
100000*second partial in parameter space
       27.       19.       22.       15.       21.       17.
  0.0797  0.0783  0.0726  0.0672  0.0715  0.0718
  0.0737  0.0741  0.0684  0.0656  0.0683  0.0687
  0.0688  0.0712  0.0657  0.0649  0.0651  0.0656
  0.0675  0.0677  0.0656  0.0654  0.0649  0.0647
  0.0681  0.0656  0.0671  0.0680  0.0668  0.0661
  0.0700  0.0678  0.0698  0.0717  0.0697  0.0679
  0.0748  0.0709  0.0741  0.0750  0.0735  0.0705
   -0.8190   12.9455    5.8790  -11.7382    2.1886    0.7047
eta,q 0.93514 13.40383

---------------------------------------------------------------------
imgreg_4dfp /opt/freesurfer/average/711-2C_as_mni_average_305 /opt/freesurfer/average/711-2B_as_mni_average_305_mask talsrcimg_g11 none talsrcimg_to_711-2C_as_mni_average_305_t4 3335
---------------------------------------------------------------------

freesurfer imgreg_4dfp.c
/opt/freesurfer/average/711-2C_as_mni_average_305.4dfp.img
       256       256       256         1
  1.000000  1.000000  1.000000
orientation T byte_order littleendian
Reading image: /opt/freesurfer/average/711-2C_as_mni_average_305.4dfp.img
dimensions:      256       256       256
mmppix:       1.0000   -1.0000   -1.0000
center:     128.0000 -129.0000 -129.0000
/opt/freesurfer/average/711-2B_as_mni_average_305_mask.4dfp.img
       256       256       256         1
  1.000000  1.000000  1.000000
orientation T byte_order littleendian
Reading mask: /opt/freesurfer/average/711-2B_as_mni_average_305_mask.4dfp.img (2306576 pixels)
talsrcimg_g11.4dfp.img
       256       256       256         1
  1.000000  1.000000  1.000000
orientation T byte_order littleendian
Reading image: talsrcimg_g11.4dfp.img
dimensions:      256       256       256
mmppix:       1.0000   -1.0000   -1.0000
center:     128.0000 -129.0000 -129.0000
fimgreg.f
image alignment mode   3335 decimal      D07 hex
parameters
   -0.8190   12.9455    5.8790   -0.0805   -2.0891   -2.1627
   -0.4273   -3.9890    1.2290   20.2965    3.8189  -20.3292
eta,q 0.93716 13.46641
niter,ni,del,rscale     5    3    5.0000    1.2000
parameter  2 -0.867660 -> -0.500000 qaram    1.1500
parameter  4-10.497854 ->  0.500000 qaram    1.1500
parameter  5  6.457748 ->  0.500000 qaram    1.1500
parameter  6  1.394951 ->  0.500000 qaram    1.1500
parameter 10  0.537534 ->  0.500000 qaram    1.1500
parameter 11  0.765568 ->  0.500000 qaram    1.1500
parameters
   -0.7844   14.3255    5.3837   -4.2205   -6.2291   -6.3027
   -1.3670   -4.7449    0.4653   16.1565   -0.3211  -21.2557
eta,q 0.95997 13.56602
  0.0648  0.0665  0.0629  0.0479  0.0440  0.0405  0.0451  0.0476  0.0441  0.0422  0.0402  0.0421
  0.0637  0.0651  0.0622  0.0518  0.0467  0.0420  0.0435  0.0446  0.0430  0.0412  0.0401  0.0408
  0.0631  0.0639  0.0618  0.0567  0.0498  0.0444  0.0427  0.0428  0.0424  0.0413  0.0404  0.0401
  0.0628  0.0628  0.0619  0.0618  0.0531  0.0475  0.0426  0.0425  0.0424  0.0424  0.0411  0.0401
  0.0630  0.0622  0.0623  0.0665  0.0565  0.0516  0.0433  0.0439  0.0428  0.0442  0.0422  0.0408
  0.0636  0.0619  0.0632  0.0704  0.0600  0.0568  0.0448  0.0466  0.0436  0.0468  0.0436  0.0418
  0.0647  0.0619  0.0642  0.0742  0.0637  0.0625  0.0467  0.0499  0.0449  0.0498  0.0454  0.0432
niter,ni,del,rscale     7    3    5.0000    1.2000
parameter  4  1.463953 ->  0.500000 qaram    1.3225
parameter  5  1.079163 ->  0.500000 qaram    1.3225
parameters
   -0.8365   14.6333    5.2467   -8.9815  -10.9901  -10.1024
   -0.6466   -4.1416    1.8242   16.9902   -1.8003  -21.8701
eta,q 0.97118 13.20804
  0.0443  0.0450  0.0424  0.0321  0.0299  0.0304  0.0335  0.0357  0.0328  0.0349  0.0299  0.0304
  0.0419  0.0427  0.0410  0.0334  0.0302  0.0293  0.0314  0.0325  0.0311  0.0324  0.0293  0.0296
  0.0405  0.0409  0.0402  0.0358  0.0314  0.0293  0.0299  0.0302  0.0298  0.0303  0.0289  0.0290
  0.0400  0.0400  0.0399  0.0399  0.0339  0.0304  0.0292  0.0292  0.0291  0.0290  0.0288  0.0288
  0.0406  0.0401  0.0404  0.0454  0.0376  0.0321  0.0294  0.0295  0.0291  0.0289  0.0292  0.0291
  0.0422  0.0413  0.0414  0.0514  0.0415  0.0352  0.0304  0.0311  0.0297  0.0304  0.0301  0.0299
  0.0446  0.0433  0.0430  0.0567  0.0457  0.0407  0.0321  0.0339  0.0309  0.0334  0.0312  0.0311
niter,ni,del,rscale     7    3    5.0000    1.2000
parameter  4  0.687609 ->  0.500000 qaram    1.5209
parameters
   -0.7089   15.1730    4.9592  -14.4567  -14.3181  -10.6646
   -0.9475   -4.4069    1.9834   17.2253   -2.2105  -23.1682
eta,q 0.97419 12.69060
  0.0339  0.0354  0.0303  0.0262  0.0277  0.0300  0.0291  0.0313  0.0285  0.0312  0.0275  0.0272
  0.0313  0.0323  0.0293  0.0262  0.0264  0.0277  0.0273  0.0285  0.0271  0.0283  0.0266  0.0263
  0.0295  0.0300  0.0287  0.0269  0.0259  0.0263  0.0262  0.0265  0.0262  0.0265  0.0261  0.0259
  0.0288  0.0288  0.0286  0.0286  0.0263  0.0259  0.0259  0.0259  0.0259  0.0259  0.0259  0.0259
  0.0292  0.0287  0.0290  0.0316  0.0279  0.0269  0.0265  0.0268  0.0261  0.0262  0.0261  0.0264
  0.0305  0.0296  0.0300  0.0365  0.0308  0.0288  0.0278  0.0290  0.0269  0.0279  0.0268  0.0274
  0.0329  0.0318  0.0314  0.0425  0.0346  0.0310  0.0296  0.0322  0.0283  0.0307  0.0279  0.0287
niter,ni,del,rscale     7    3    5.0000    1.2000
parameters
   -0.7853   15.3757    4.9830  -16.4801  -14.6447  -10.6588
   -1.0127   -4.4418    1.9191   17.5396   -2.3873  -23.4532
eta,q 0.97453 12.53351
  0.0300  0.0308  0.0281  0.0294  0.0295  0.0303  0.0289  0.0314  0.0280  0.0308  0.0273  0.0274
  0.0276  0.0283  0.0268  0.0268  0.0272  0.0277  0.0270  0.0284  0.0266  0.0279  0.0263  0.0263
  0.0262  0.0266  0.0260  0.0256  0.0258  0.0261  0.0258  0.0263  0.0258  0.0261  0.0257  0.0257
  0.0258  0.0258  0.0258  0.0258  0.0255  0.0255  0.0255  0.0255  0.0255  0.0255  0.0255  0.0255
  0.0264  0.0260  0.0260  0.0270  0.0259  0.0262  0.0260  0.0262  0.0258  0.0259  0.0257  0.0258
  0.0281  0.0273  0.0268  0.0295  0.0275  0.0280  0.0272  0.0284  0.0267  0.0275  0.0264  0.0265
  0.0305  0.0297  0.0280  0.0340  0.0303  0.0301  0.0289  0.0316  0.0281  0.0300  0.0274  0.0277
niter,ni,del,rscale     6    3    5.0000    1.2000
parameters
   -0.8335   15.4527    4.9256  -16.5159  -14.6668  -10.6859
   -0.9721   -4.4724    1.9598   17.6551   -2.4370  -23.5724
eta,q 0.97455 12.53442
  0.0298  0.0301  0.0277  0.0311  0.0298  0.0303  0.0290  0.0314  0.0281  0.0305  0.0273  0.0274
  0.0274  0.0277  0.0264  0.0280  0.0273  0.0277  0.0270  0.0283  0.0267  0.0277  0.0263  0.0264
  0.0259  0.0261  0.0256  0.0260  0.0259  0.0260  0.0258  0.0262  0.0258  0.0260  0.0257  0.0257
  0.0255  0.0255  0.0255  0.0254  0.0254  0.0254  0.0254  0.0254  0.0254  0.0254  0.0254  0.0254
  0.0261  0.0258  0.0258  0.0262  0.0258  0.0261  0.0259  0.0262  0.0258  0.0260  0.0257  0.0257
  0.0277  0.0273  0.0266  0.0279  0.0272  0.0280  0.0271  0.0283  0.0267  0.0276  0.0263  0.0264
  0.0302  0.0297  0.0278  0.0312  0.0299  0.0301  0.0288  0.0315  0.0280  0.0302  0.0274  0.0276
niter,ni,del,rscale     5    3    5.0000    1.2000
parameters
   -0.8404   15.4665    4.9057  -16.5213  -14.6709  -10.6876
   -0.9644   -4.4805    1.9727   17.6876   -2.4465  -23.6095
eta,q 0.97456 12.53550
  0.0300  0.0299  0.0278  0.0311  0.0298  0.0303  0.0289  0.0314  0.0281  0.0304  0.0273  0.0275
  0.0275  0.0276  0.0264  0.0281  0.0274  0.0277  0.0270  0.0283  0.0267  0.0276  0.0263  0.0264
  0.0260  0.0261  0.0256  0.0260  0.0259  0.0260  0.0258  0.0262  0.0258  0.0260  0.0257  0.0257
  0.0254  0.0254  0.0254  0.0254  0.0254  0.0254  0.0254  0.0254  0.0254  0.0254  0.0254  0.0254
  0.0260  0.0259  0.0258  0.0262  0.0258  0.0261  0.0259  0.0262  0.0258  0.0260  0.0257  0.0257
  0.0276  0.0274  0.0265  0.0279  0.0272  0.0280  0.0271  0.0283  0.0267  0.0277  0.0263  0.0264
  0.0300  0.0299  0.0278  0.0312  0.0299  0.0301  0.0288  0.0315  0.0280  0.0303  0.0273  0.0276
registration optimization eta report
parameter search radius
    2.4000    2.7600    2.4000   10.9503    9.5220    8.2800
    7.2000    7.2000    7.2000    8.2800    8.2800    7.2000
100000*second partial in parameter space
       79.       58.       40.        5.        5.        7.
        7.       11.        5.        7.        3.        4.
  0.0300  0.0299  0.0278  0.0311  0.0298  0.0303  0.0289  0.0314  0.0281  0.0304  0.0273  0.0275
  0.0275  0.0276  0.0264  0.0281  0.0274  0.0277  0.0270  0.0283  0.0267  0.0276  0.0263  0.0264
  0.0260  0.0261  0.0256  0.0260  0.0259  0.0260  0.0258  0.0262  0.0258  0.0260  0.0257  0.0257
  0.0254  0.0254  0.0254  0.0254  0.0254  0.0254  0.0254  0.0254  0.0254  0.0254  0.0254  0.0254
  0.0260  0.0259  0.0258  0.0262  0.0258  0.0261  0.0259  0.0262  0.0258  0.0260  0.0257  0.0257
  0.0276  0.0274  0.0265  0.0279  0.0272  0.0280  0.0271  0.0283  0.0267  0.0277  0.0263  0.0264
  0.0300  0.0299  0.0278  0.0312  0.0299  0.0301  0.0288  0.0315  0.0280  0.0303  0.0273  0.0276
   -0.8404   15.4665    4.9057  -16.5213  -14.6709  -10.6876
   -0.9644   -4.4805    1.9727   17.6876   -2.4465  -23.6095
eta,q 0.97456 12.53550

---------------------------------------------------------------------
imgreg_4dfp /opt/freesurfer/average/711-2C_as_mni_average_305 /opt/freesurfer/average/711-2B_as_mni_average_305_mask talsrcimg_g11 none talsrcimg_to_711-2C_as_mni_average_305_t4 2311
---------------------------------------------------------------------

freesurfer imgreg_4dfp.c
/opt/freesurfer/average/711-2C_as_mni_average_305.4dfp.img
       256       256       256         1
  1.000000  1.000000  1.000000
orientation T byte_order littleendian
Reading image: /opt/freesurfer/average/711-2C_as_mni_average_305.4dfp.img
dimensions:      256       256       256
mmppix:       1.0000   -1.0000   -1.0000
center:     128.0000 -129.0000 -129.0000
/opt/freesurfer/average/711-2B_as_mni_average_305_mask.4dfp.img
       256       256       256         1
  1.000000  1.000000  1.000000
orientation T byte_order littleendian
Reading mask: /opt/freesurfer/average/711-2B_as_mni_average_305_mask.4dfp.img (2306576 pixels)
talsrcimg_g11.4dfp.img
       256       256       256         1
  1.000000  1.000000  1.000000
orientation T byte_order littleendian
Reading image: talsrcimg_g11.4dfp.img
dimensions:      256       256       256
mmppix:       1.0000   -1.0000   -1.0000
center:     128.0000 -129.0000 -129.0000
fimgreg.f
image alignment mode   2311 decimal      907 hex
parameters
   -0.8404   15.4665    4.9057  -16.5213  -14.6709  -10.6876
   -0.9644   -4.4805    1.9727   17.6876   -2.4465  -23.6095
eta,q 0.97455 12.53550
niter,ni,del,rscale     5    3    5.0000    0.8000
parameters
   -0.8465   15.5067    4.8695  -16.6514  -14.5053  -10.8909
   -1.0550   -4.4483    1.9759   17.6212   -2.5044  -23.5574
eta,q 0.97457 12.52210
  0.0275  0.0271  0.0264  0.0265  0.0265  0.0271  0.0270  0.0283  0.0267  0.0270  0.0261  0.0264
  0.0264  0.0262  0.0259  0.0259  0.0259  0.0262  0.0261  0.0268  0.0260  0.0261  0.0257  0.0259
  0.0257  0.0257  0.0255  0.0255  0.0255  0.0256  0.0256  0.0258  0.0256  0.0256  0.0255  0.0255
  0.0254  0.0254  0.0254  0.0254  0.0254  0.0254  0.0254  0.0254  0.0254  0.0254  0.0254  0.0254
  0.0257  0.0256  0.0256  0.0256  0.0255  0.0257  0.0257  0.0257  0.0256  0.0256  0.0255  0.0255
  0.0264  0.0261  0.0259  0.0260  0.0258  0.0264  0.0262  0.0267  0.0260  0.0262  0.0258  0.0258
  0.0275  0.0270  0.0265  0.0266  0.0263  0.0274  0.0271  0.0283  0.0267  0.0271  0.0261  0.0264
niter,ni,del,rscale     4    3    5.0000    0.7000
parameters
   -0.8413   15.5084    4.7983  -16.7191  -14.4764  -10.9916
   -1.0722   -4.4300    1.9958   17.6195   -2.5286  -23.6034
eta,q 0.97457 12.51386
  0.0270  0.0266  0.0262  0.0263  0.0262  0.0268  0.0267  0.0277  0.0264  0.0267  0.0259  0.0261
  0.0262  0.0260  0.0257  0.0258  0.0257  0.0260  0.0260  0.0265  0.0259  0.0260  0.0256  0.0257
  0.0256  0.0256  0.0255  0.0255  0.0255  0.0256  0.0255  0.0257  0.0255  0.0256  0.0255  0.0255
  0.0254  0.0254  0.0254  0.0254  0.0254  0.0254  0.0254  0.0254  0.0254  0.0254  0.0254  0.0254
  0.0256  0.0255  0.0256  0.0256  0.0255  0.0256  0.0256  0.0257  0.0255  0.0255  0.0255  0.0255
  0.0261  0.0260  0.0258  0.0259  0.0257  0.0261  0.0260  0.0264  0.0258  0.0260  0.0257  0.0258
  0.0270  0.0267  0.0263  0.0263  0.0261  0.0269  0.0267  0.0276  0.0264  0.0267  0.0259  0.0262
niter,ni,del,rscale     3    3    5.0000    0.6000
parameters
   -0.8376   15.5133    4.7526  -16.7758  -14.4592  -11.0436
   -1.0839   -4.4202    2.0060   17.6376   -2.5614  -23.6371
eta,q 0.97459 12.50887
  0.0266  0.0263  0.0260  0.0261  0.0259  0.0264  0.0263  0.0271  0.0261  0.0263  0.0258  0.0260
  0.0260  0.0258  0.0257  0.0257  0.0256  0.0259  0.0258  0.0262  0.0258  0.0259  0.0256  0.0257
  0.0256  0.0255  0.0255  0.0255  0.0255  0.0255  0.0255  0.0256  0.0255  0.0255  0.0255  0.0255
  0.0254  0.0254  0.0254  0.0254  0.0254  0.0254  0.0254  0.0254  0.0254  0.0254  0.0254  0.0254
  0.0256  0.0255  0.0255  0.0255  0.0255  0.0255  0.0255  0.0256  0.0255  0.0255  0.0255  0.0255
  0.0259  0.0258  0.0257  0.0257  0.0256  0.0259  0.0258  0.0262  0.0257  0.0258  0.0256  0.0257
  0.0266  0.0263  0.0260  0.0261  0.0259  0.0265  0.0263  0.0271  0.0261  0.0263  0.0258  0.0260
niter,ni,del,rscale     2    3    5.0000    0.5000
parameters
   -0.8367   15.5210    4.7254  -16.8278  -14.4707  -11.0734
   -1.1014   -4.4182    2.0196   17.6744   -2.5854  -23.6783
eta,q 0.97458 12.50422
  0.0262  0.0261  0.0258  0.0259  0.0258  0.0261  0.0261  0.0266  0.0259  0.0261  0.0257  0.0258
  0.0258  0.0257  0.0256  0.0256  0.0256  0.0257  0.0257  0.0259  0.0256  0.0257  0.0255  0.0256
  0.0255  0.0255  0.0255  0.0255  0.0254  0.0255  0.0255  0.0255  0.0255  0.0255  0.0254  0.0255
  0.0254  0.0254  0.0254  0.0254  0.0254  0.0254  0.0254  0.0254  0.0254  0.0254  0.0254  0.0254
  0.0255  0.0255  0.0255  0.0255  0.0254  0.0255  0.0255  0.0255  0.0255  0.0255  0.0254  0.0255
  0.0258  0.0257  0.0256  0.0256  0.0256  0.0258  0.0257  0.0259  0.0256  0.0257  0.0255  0.0256
  0.0262  0.0260  0.0258  0.0259  0.0258  0.0262  0.0261  0.0266  0.0259  0.0261  0.0257  0.0258
niter,ni,del,rscale     1    3    5.0000    0.4000
parameters
   -0.8336   15.5271    4.7092  -16.8651  -14.4309  -11.0804
   -1.1127   -4.4174    2.0276   17.7226   -2.5979  -23.6882
eta,q 0.97459 12.50526
  0.0259  0.0258  0.0257  0.0257  0.0256  0.0259  0.0258  0.0262  0.0257  0.0258  0.0256  0.0257
  0.0257  0.0256  0.0255  0.0255  0.0255  0.0256  0.0256  0.0257  0.0256  0.0256  0.0255  0.0255
  0.0255  0.0255  0.0254  0.0254  0.0254  0.0255  0.0255  0.0255  0.0255  0.0255  0.0254  0.0254
  0.0254  0.0254  0.0254  0.0254  0.0254  0.0254  0.0254  0.0254  0.0254  0.0254  0.0254  0.0254
  0.0255  0.0255  0.0255  0.0255  0.0254  0.0255  0.0255  0.0255  0.0254  0.0254  0.0254  0.0254
  0.0256  0.0256  0.0255  0.0256  0.0255  0.0256  0.0256  0.0257  0.0256  0.0256  0.0255  0.0255
  0.0259  0.0258  0.0257  0.0257  0.0256  0.0259  0.0258  0.0262  0.0257  0.0258  0.0256  0.0257
registration optimization eta report
parameter search radius
    0.8000    0.8000    0.8000    2.4000    2.4000    2.4000
    2.4000    2.4000    2.4000    2.4000    2.4000    2.4000
100000*second partial in parameter space
       82.       65.       40.        5.        4.        8.
        7.       13.        6.        7.        3.        4.
  0.0259  0.0258  0.0257  0.0257  0.0256  0.0259  0.0258  0.0262  0.0257  0.0258  0.0256  0.0257
  0.0257  0.0256  0.0255  0.0255  0.0255  0.0256  0.0256  0.0257  0.0256  0.0256  0.0255  0.0255
  0.0255  0.0255  0.0254  0.0254  0.0254  0.0255  0.0255  0.0255  0.0255  0.0255  0.0254  0.0254
  0.0254  0.0254  0.0254  0.0254  0.0254  0.0254  0.0254  0.0254  0.0254  0.0254  0.0254  0.0254
  0.0255  0.0255  0.0255  0.0255  0.0254  0.0255  0.0255  0.0255  0.0254  0.0254  0.0254  0.0254
  0.0256  0.0256  0.0255  0.0256  0.0255  0.0256  0.0256  0.0257  0.0256  0.0256  0.0255  0.0255
  0.0259  0.0258  0.0257  0.0257  0.0256  0.0259  0.0258  0.0262  0.0257  0.0258  0.0256  0.0257
   -0.8336   15.5271    4.7092  -16.8651  -14.4309  -11.0804
   -1.1127   -4.4174    2.0276   17.7226   -2.5979  -23.6882
eta,q 0.97459 12.50526

---------------------------------------------------------------------
imgreg_4dfp /opt/freesurfer/average/711-2C_as_mni_average_305 /opt/freesurfer/average/711-2B_as_mni_average_305_mask talsrcimg_g11 none talsrcimg_to_711-2C_as_mni_average_305_t4 2311
---------------------------------------------------------------------

freesurfer imgreg_4dfp.c
/opt/freesurfer/average/711-2C_as_mni_average_305.4dfp.img
       256       256       256         1
  1.000000  1.000000  1.000000
orientation T byte_order littleendian
Reading image: /opt/freesurfer/average/711-2C_as_mni_average_305.4dfp.img
dimensions:      256       256       256
mmppix:       1.0000   -1.0000   -1.0000
center:     128.0000 -129.0000 -129.0000
/opt/freesurfer/average/711-2B_as_mni_average_305_mask.4dfp.img
       256       256       256         1
  1.000000  1.000000  1.000000
orientation T byte_order littleendian
Reading mask: /opt/freesurfer/average/711-2B_as_mni_average_305_mask.4dfp.img (2306576 pixels)
talsrcimg_g11.4dfp.img
       256       256       256         1
  1.000000  1.000000  1.000000
orientation T byte_order littleendian
Reading image: talsrcimg_g11.4dfp.img
dimensions:      256       256       256
mmppix:       1.0000   -1.0000   -1.0000
center:     128.0000 -129.0000 -129.0000
fimgreg.f
image alignment mode   2311 decimal      907 hex
parameters
   -0.8336   15.5271    4.7092  -16.8651  -14.4309  -11.0804
   -1.1127   -4.4174    2.0276   17.7226   -2.5979  -23.6882
eta,q 0.97459 12.50526
niter,ni,del,rscale     5    3    5.0000    0.8000
parameters
   -0.8309   15.5103    4.7302  -16.6782  -14.4458  -11.0662
   -1.0474   -4.4283    2.0040   17.6347   -2.5192  -23.6727
eta,q 0.97459 12.51595
  0.0275  0.0270  0.0265  0.0267  0.0264  0.0273  0.0271  0.0283  0.0266  0.0270  0.0261  0.0264
  0.0264  0.0261  0.0259  0.0260  0.0258  0.0263  0.0262  0.0267  0.0260  0.0261  0.0257  0.0259
  0.0257  0.0256  0.0255  0.0255  0.0255  0.0256  0.0256  0.0257  0.0256  0.0256  0.0255  0.0255
  0.0254  0.0254  0.0254  0.0254  0.0254  0.0254  0.0254  0.0254  0.0254  0.0254  0.0254  0.0254
  0.0256  0.0256  0.0255  0.0256  0.0255  0.0256  0.0256  0.0257  0.0256  0.0256  0.0255  0.0255
  0.0263  0.0261  0.0259  0.0259  0.0258  0.0263  0.0261  0.0267  0.0260  0.0262  0.0257  0.0258
  0.0275  0.0271  0.0264  0.0265  0.0264  0.0273  0.0270  0.0283  0.0267  0.0271  0.0261  0.0264
niter,ni,del,rscale     4    3    5.0000    0.7000
parameters
   -0.8345   15.5072    4.7353  -16.7257  -14.4572  -11.0718
   -1.0613   -4.4223    1.9928   17.6280   -2.5339  -23.6671
eta,q 0.97458 12.51090
  0.0270  0.0266  0.0262  0.0263  0.0261  0.0268  0.0267  0.0277  0.0264  0.0267  0.0259  0.0262
  0.0261  0.0260  0.0258  0.0258  0.0257  0.0261  0.0260  0.0264  0.0259  0.0260  0.0257  0.0258
  0.0256  0.0256  0.0255  0.0255  0.0255  0.0256  0.0255  0.0257  0.0255  0.0256  0.0255  0.0255
  0.0254  0.0254  0.0254  0.0254  0.0254  0.0254  0.0254  0.0254  0.0254  0.0254  0.0254  0.0254
  0.0256  0.0255  0.0255  0.0256  0.0255  0.0256  0.0256  0.0257  0.0255  0.0255  0.0255  0.0255
  0.0261  0.0260  0.0258  0.0259  0.0257  0.0261  0.0260  0.0264  0.0259  0.0260  0.0257  0.0257
  0.0270  0.0267  0.0262  0.0263  0.0262  0.0269  0.0267  0.0277  0.0264  0.0267  0.0259  0.0262
niter,ni,del,rscale     3    3    5.0000    0.6000
parameters
   -0.8330   15.5133    4.7250  -16.7823  -14.4590  -11.0811
   -1.0827   -4.4133    2.0076   17.6475   -2.5570  -23.6604
eta,q 0.97458 12.50681
  0.0266  0.0263  0.0260  0.0261  0.0259  0.0265  0.0263  0.0271  0.0261  0.0263  0.0258  0.0260
  0.0259  0.0258  0.0257  0.0257  0.0256  0.0259  0.0258  0.0262  0.0258  0.0259  0.0256  0.0257
  0.0256  0.0255  0.0255  0.0255  0.0255  0.0255  0.0255  0.0256  0.0255  0.0256  0.0255  0.0255
  0.0254  0.0254  0.0254  0.0254  0.0254  0.0254  0.0254  0.0254  0.0254  0.0254  0.0254  0.0254
  0.0256  0.0255  0.0255  0.0255  0.0255  0.0255  0.0255  0.0256  0.0255  0.0255  0.0255  0.0255
  0.0259  0.0258  0.0257  0.0258  0.0256  0.0259  0.0258  0.0262  0.0257  0.0258  0.0256  0.0257
  0.0266  0.0263  0.0260  0.0261  0.0259  0.0265  0.0263  0.0271  0.0261  0.0263  0.0258  0.0260
niter,ni,del,rscale     2    3    5.0000    0.5000
parameters
   -0.8323   15.5208    4.7113  -16.8302  -14.4474  -11.0965
   -1.0977   -4.4162    2.0260   17.6820   -2.5959  -23.6863
eta,q 0.97458 12.50442
  0.0262  0.0261  0.0258  0.0259  0.0258  0.0261  0.0261  0.0266  0.0259  0.0261  0.0257  0.0258
  0.0258  0.0257  0.0256  0.0256  0.0256  0.0257  0.0257  0.0259  0.0256  0.0257  0.0255  0.0256
  0.0255  0.0255  0.0255  0.0255  0.0254  0.0255  0.0255  0.0255  0.0255  0.0255  0.0254  0.0255
  0.0254  0.0254  0.0254  0.0254  0.0254  0.0254  0.0254  0.0254  0.0254  0.0254  0.0254  0.0254
  0.0255  0.0255  0.0255  0.0255  0.0254  0.0255  0.0255  0.0255  0.0255  0.0255  0.0255  0.0255
  0.0258  0.0257  0.0256  0.0256  0.0256  0.0257  0.0257  0.0259  0.0256  0.0257  0.0255  0.0256
  0.0262  0.0260  0.0258  0.0259  0.0258  0.0262  0.0261  0.0266  0.0259  0.0261  0.0257  0.0258
niter,ni,del,rscale     1    3    5.0000    0.4000
parameters
   -0.8317   15.5262    4.6988  -16.8710  -14.4187  -11.0915
   -1.1091   -4.4143    2.0409   17.7301   -2.5979  -23.6863
eta,q 0.97459 12.50519
  0.0259  0.0258  0.0257  0.0257  0.0256  0.0259  0.0258  0.0262  0.0258  0.0258  0.0256  0.0257
  0.0256  0.0256  0.0255  0.0255  0.0255  0.0256  0.0256  0.0257  0.0256  0.0256  0.0255  0.0255
  0.0255  0.0255  0.0254  0.0254  0.0254  0.0255  0.0255  0.0255  0.0255  0.0255  0.0254  0.0254
  0.0254  0.0254  0.0254  0.0254  0.0254  0.0254  0.0254  0.0254  0.0254  0.0254  0.0254  0.0254
  0.0255  0.0255  0.0254  0.0255  0.0254  0.0255  0.0255  0.0255  0.0255  0.0254  0.0254  0.0254
  0.0256  0.0256  0.0255  0.0256  0.0255  0.0256  0.0256  0.0257  0.0256  0.0256  0.0255  0.0255
  0.0259  0.0258  0.0257  0.0257  0.0256  0.0259  0.0258  0.0262  0.0257  0.0258  0.0256  0.0257
registration optimization eta report
parameter search radius
    0.8000    0.8000    0.8000    2.4000    2.4000    2.4000
    2.4000    2.4000    2.4000    2.4000    2.4000    2.4000
100000*second partial in parameter space
       82.       64.       41.        5.        4.        8.
        7.       13.        6.        7.        3.        4.
  0.0259  0.0258  0.0257  0.0257  0.0256  0.0259  0.0258  0.0262  0.0258  0.0258  0.0256  0.0257
  0.0256  0.0256  0.0255  0.0255  0.0255  0.0256  0.0256  0.0257  0.0256  0.0256  0.0255  0.0255
  0.0255  0.0255  0.0254  0.0254  0.0254  0.0255  0.0255  0.0255  0.0255  0.0255  0.0254  0.0254
  0.0254  0.0254  0.0254  0.0254  0.0254  0.0254  0.0254  0.0254  0.0254  0.0254  0.0254  0.0254
  0.0255  0.0255  0.0254  0.0255  0.0254  0.0255  0.0255  0.0255  0.0255  0.0254  0.0254  0.0254
  0.0256  0.0256  0.0255  0.0256  0.0255  0.0256  0.0256  0.0257  0.0256  0.0256  0.0255  0.0255
  0.0259  0.0258  0.0257  0.0257  0.0256  0.0259  0.0258  0.0262  0.0257  0.0258  0.0256  0.0257
   -0.8317   15.5262    4.6988  -16.8710  -14.4187  -11.0915
   -1.1091   -4.4143    2.0409   17.7301   -2.5979  -23.6863
eta,q 0.97459 12.50519

---------------------------------------------------------------------
compute_vox2vox talsrcimg talsrcimg_to_711-2C_as_mni_average_305_t4 /opt/freesurfer/average/711-2C_as_mni_average_305
---------------------------------------------------------------------

freesurfer compute_vox2vox.c
Reading: talsrcimg.4dfp.ifh
Reading: talsrcimg_to_711-2C_as_mni_average_305_t4
Reading: /opt/freesurfer/average/711-2C_as_mni_average_305.4dfp.ifh
Writing: talsrcimg_to_711-2C_as_mni_average_305_t4_vox2vox.txt

start time Tue Mar 10 02:34:35 CET 2026
end		time Tue Mar 10 02:36:07 CET 2026

mpr2mni305 success

avi2talxfm orig_nu.mgz /opt/freesurfer/average/mni305.cor.mgz talsrcimg_to_711-2C_as_mni_average_305_t4_vox2vox.txt transforms/talairach.auto.xfm
avi2talxfm done
mv -f /out/sourcedata/freesurfer/sub-v1s4x0050697_ses-1/mri/talsrcimg_to_711-2C_as_mni_average_305_t4_vox2vox.txt /out/sourcedata/freesurfer/sub-v1s4x0050697_ses-1/mri/transforms/talsrcimg_to_711-2C_as_mni_average_305_t4_vox2vox.txt
lta_convert --src orig_nu.mgz --trg /opt/freesurfer/average/mni305.cor.mgz --inxfm transforms/talairach.auto.xfm --outlta transforms/talairach.auto.xfm.lta --subject fsaverage
7.3.2

--src: orig_nu.mgz src image (geometry).
--trg: /opt/freesurfer/average/mni305.cor.mgz trg image (geometry).
--inmni: transforms/talairach.auto.xfm input MNI/XFM transform.
--outlta: transforms/talairach.auto.xfm.lta output LTA.
--s: fsaverage subject name
 LTA read, type : 1
 1.20388   0.05370   0.03046  -0.02331;
 0.02609   1.06708   0.29567  -23.85767;
-0.03411  -0.22235   1.10650  -38.97392;
 0.00000   0.00000   0.00000   1.00000;
setting subject to fsaverage
Writing  LTA to file transforms/talairach.auto.xfm.lta...
lta_convert successful.
 
 
Started at Tue Mar 10 02:34:34 CET 2026
Ended   at Tue Mar 10 02:36:07 CET 2026
talairach_avi done
