status file for recon-all
Tue Mar 10 01:48:12 CET 2026
#@# MotionCor Tue Mar 10 01:48:14 CET 2026
#@# Talairach Tue Mar 10 01:48:25 CET 2026
#@# Talairach Failure Detection Tue Mar 10 01:52:51 CET 2026
#@# Nu Intensity Correction Tue Mar 10 01:52:51 CET 2026
#@# Intensity Normalization Tue Mar 10 01:56:08 CET 2026
recon-all -s sub-v1s4x0050682_ses-1 finished without error at Tue Mar 10 01:57:33 CET 2026



#New# invocation of recon-all 



status file for recon-all
Tue Mar 10 02:04:46 CET 2026
#@# EM Registration Tue Mar 10 02:04:46 CET 2026
recon-all -s sub-v1s4x0050682_ses-1 finished without error at Tue Mar 10 02:06:46 CET 2026



#New# invocation of recon-all 



status file for recon-all
Tue Mar 10 02:06:50 CET 2026
#@# CA Normalize Tue Mar 10 02:06:50 CET 2026
#@# CA Reg Tue Mar 10 02:08:12 CET 2026
#@# SubCort Seg Tue Mar 10 03:01:39 CET 2026
#@# CC Seg Tue Mar 10 03:31:17 CET 2026
#@# Merge ASeg Tue Mar 10 03:31:49 CET 2026
#@# Intensity Normalization2 Tue Mar 10 03:31:49 CET 2026
#@# Mask BFS Tue Mar 10 03:34:07 CET 2026
#@# WM Segmentation Tue Mar 10 03:34:08 CET 2026
#@# Fill Tue Mar 10 03:35:55 CET 2026
recon-all -s sub-v1s4x0050682_ses-1 finished without error at Tue Mar 10 03:37:00 CET 2026



#New# invocation of recon-all 



status file for recon-all
Tue Mar 10 04:23:33 CET 2026
#@# white curv lh Tue Mar 10 04:23:33 CET 2026
#@# white area lh Tue Mar 10 04:23:33 CET 2026
#@# pial curv lh Tue Mar 10 04:23:33 CET 2026
#@# pial area lh Tue Mar 10 04:23:33 CET 2026
#@# thickness lh Tue Mar 10 04:23:33 CET 2026
#@# area and vertex vol lh Tue Mar 10 04:23:33 CET 2026
#@# white curv rh Tue Mar 10 04:23:33 CET 2026
#@# white area rh Tue Mar 10 04:23:33 CET 2026
#@# pial curv rh Tue Mar 10 04:23:33 CET 2026
#@# pial area rh Tue Mar 10 04:23:33 CET 2026
#@# thickness rh Tue Mar 10 04:23:33 CET 2026
#@# area and vertex vol rh Tue Mar 10 04:23:33 CET 2026
#@# Cortical ribbon mask Tue Mar 10 04:23:33 CET 2026
recon-all -s sub-v1s4x0050682_ses-1 finished without error at Tue Mar 10 04:26:55 CET 2026



#New# invocation of recon-all 



status file for recon-all
Tue Mar 10 04:33:27 CET 2026
#@# white curv lh Tue Mar 10 04:33:27 CET 2026
#@# white area lh Tue Mar 10 04:33:27 CET 2026
#@# pial curv lh Tue Mar 10 04:33:27 CET 2026
#@# pial area lh Tue Mar 10 04:33:27 CET 2026
#@# thickness lh Tue Mar 10 04:33:27 CET 2026
#@# area and vertex vol lh Tue Mar 10 04:33:27 CET 2026
#@# white curv rh Tue Mar 10 04:33:27 CET 2026
#@# white area rh Tue Mar 10 04:33:27 CET 2026
#@# pial curv rh Tue Mar 10 04:33:27 CET 2026
#@# pial area rh Tue Mar 10 04:33:27 CET 2026
#@# thickness rh Tue Mar 10 04:33:27 CET 2026
#@# area and vertex vol rh Tue Mar 10 04:33:27 CET 2026
#@# Curvature Stats lh Tue Mar 10 04:33:27 CET 2026
#@# Curvature Stats rh Tue Mar 10 04:33:29 CET 2026
#@# Relabel Hypointensities Tue Mar 10 04:33:32 CET 2026
#@# APas-to-ASeg Tue Mar 10 04:33:46 CET 2026
#@# AParc-to-ASeg aparc Tue Mar 10 04:33:54 CET 2026
#@# AParc-to-ASeg aparc.a2009s Tue Mar 10 04:34:19 CET 2026
#@# AParc-to-ASeg aparc.DKTatlas Tue Mar 10 04:34:40 CET 2026
#@# WMParc Tue Mar 10 04:35:04 CET 2026
#@# ASeg Stats Tue Mar 10 04:39:29 CET 2026
recon-all -s sub-v1s4x0050682_ses-1 finished without error at Tue Mar 10 04:40:08 CET 2026
