status file for recon-all
Tue Mar 10 03:37:05 CET 2026
#@# Tessellate lh Tue Mar 10 03:37:05 CET 2026
#@# Smooth1 lh Tue Mar 10 03:37:08 CET 2026
#@# Inflation1 lh Tue Mar 10 03:37:11 CET 2026
#@# QSphere lh Tue Mar 10 03:37:23 CET 2026
#@# Fix Topology lh Tue Mar 10 03:38:37 CET 2026
#@# Smooth2 lh Tue Mar 10 03:44:15 CET 2026
#@# Inflation2 lh Tue Mar 10 03:44:18 CET 2026
#@# Curv .H and .K lh Tue Mar 10 03:44:31 CET 2026
#@# Sphere lh Tue Mar 10 03:45:13 CET 2026
#@# Surf Reg lh Tue Mar 10 03:48:54 CET 2026
#@# Jacobian white lh Tue Mar 10 03:52:27 CET 2026
#@# AvgCurv lh Tue Mar 10 03:52:28 CET 2026
#@# Cortical Parc lh Tue Mar 10 03:52:29 CET 2026
#@# white curv lh Tue Mar 10 03:58:52 CET 2026
#@# white area lh Tue Mar 10 03:58:54 CET 2026
#@# pial curv lh Tue Mar 10 03:58:55 CET 2026
#@# pial area lh Tue Mar 10 03:58:56 CET 2026
#@# thickness lh Tue Mar 10 03:58:57 CET 2026
#@# area and vertex vol lh Tue Mar 10 03:59:24 CET 2026
#@# Curvature Stats lh Tue Mar 10 03:59:25 CET 2026
#@# Cortical Parc 2 lh Tue Mar 10 03:59:28 CET 2026
#@# Cortical Parc 3 lh Tue Mar 10 03:59:40 CET 2026
#@# WM/GM Contrast lh Tue Mar 10 03:59:49 CET 2026
recon-all -s sub-v1s4x0050682_ses-1 finished without error at Tue Mar 10 03:59:53 CET 2026



#New# invocation of recon-all 



status file for recon-all
Tue Mar 10 04:26:59 CET 2026
#@# white curv lh Tue Mar 10 04:26:59 CET 2026
#@# white area lh Tue Mar 10 04:26:59 CET 2026
#@# pial curv lh Tue Mar 10 04:26:59 CET 2026
#@# pial area lh Tue Mar 10 04:26:59 CET 2026
#@# thickness lh Tue Mar 10 04:26:59 CET 2026
#@# area and vertex vol lh Tue Mar 10 04:26:59 CET 2026
#@# Parcellation Stats lh Tue Mar 10 04:26:59 CET 2026
#@# Parcellation Stats 2 lh Tue Mar 10 04:27:15 CET 2026
#@# Parcellation Stats 3 lh Tue Mar 10 04:27:24 CET 2026
#@# BA_exvivo Labels lh Tue Mar 10 04:27:32 CET 2026
recon-all -s sub-v1s4x0050682_ses-1 finished without error at Tue Mar 10 04:30:05 CET 2026
