status file for recon-all
Tue Mar 10 03:59:57 CET 2026
#@# Tessellate rh Tue Mar 10 03:59:57 CET 2026
#@# Smooth1 rh Tue Mar 10 04:00:00 CET 2026
#@# Inflation1 rh Tue Mar 10 04:00:03 CET 2026
#@# QSphere rh Tue Mar 10 04:00:15 CET 2026
#@# Fix Topology rh Tue Mar 10 04:01:29 CET 2026
#@# Smooth2 rh Tue Mar 10 04:07:26 CET 2026
#@# Inflation2 rh Tue Mar 10 04:07:29 CET 2026
#@# Curv .H and .K rh Tue Mar 10 04:07:43 CET 2026
#@# Sphere rh Tue Mar 10 04:08:26 CET 2026
#@# Surf Reg rh Tue Mar 10 04:12:19 CET 2026
#@# Jacobian white rh Tue Mar 10 04:16:18 CET 2026
#@# AvgCurv rh Tue Mar 10 04:16:19 CET 2026
#@# Cortical Parc rh Tue Mar 10 04:16:20 CET 2026
#@# white curv rh Tue Mar 10 04:22:24 CET 2026
#@# white area rh Tue Mar 10 04:22:25 CET 2026
#@# pial curv rh Tue Mar 10 04:22:26 CET 2026
#@# pial area rh Tue Mar 10 04:22:28 CET 2026
#@# thickness rh Tue Mar 10 04:22:29 CET 2026
#@# area and vertex vol rh Tue Mar 10 04:22:58 CET 2026
#@# Curvature Stats rh Tue Mar 10 04:22:59 CET 2026
#@# Cortical Parc 2 rh Tue Mar 10 04:23:02 CET 2026
#@# Cortical Parc 3 rh Tue Mar 10 04:23:14 CET 2026
#@# WM/GM Contrast rh Tue Mar 10 04:23:23 CET 2026
recon-all -s sub-v1s4x0050682_ses-1 finished without error at Tue Mar 10 04:23:27 CET 2026



#New# invocation of recon-all 



status file for recon-all
Tue Mar 10 04:30:07 CET 2026
#@# white curv rh Tue Mar 10 04:30:07 CET 2026
#@# white area rh Tue Mar 10 04:30:07 CET 2026
#@# pial curv rh Tue Mar 10 04:30:07 CET 2026
#@# pial area rh Tue Mar 10 04:30:07 CET 2026
#@# thickness rh Tue Mar 10 04:30:08 CET 2026
#@# area and vertex vol rh Tue Mar 10 04:30:08 CET 2026
#@# Parcellation Stats rh Tue Mar 10 04:30:08 CET 2026
#@# Parcellation Stats 2 rh Tue Mar 10 04:30:24 CET 2026
#@# Parcellation Stats 3 rh Tue Mar 10 04:30:33 CET 2026
#@# BA_exvivo Labels rh Tue Mar 10 04:30:41 CET 2026
recon-all -s sub-v1s4x0050682_ses-1 finished without error at Tue Mar 10 04:33:20 CET 2026
