status file for recon-all
Tue Mar 10 04:32:03 CET 2026
#@# Tessellate rh Tue Mar 10 04:32:03 CET 2026
#@# Smooth1 rh Tue Mar 10 04:32:06 CET 2026
#@# Inflation1 rh Tue Mar 10 04:32:08 CET 2026
#@# QSphere rh Tue Mar 10 04:32:21 CET 2026
#@# Fix Topology rh Tue Mar 10 04:33:23 CET 2026
#@# Smooth2 rh Tue Mar 10 04:39:55 CET 2026
#@# Inflation2 rh Tue Mar 10 04:39:58 CET 2026
#@# Curv .H and .K rh Tue Mar 10 04:40:13 CET 2026
#@# Sphere rh Tue Mar 10 04:40:56 CET 2026
#@# Surf Reg rh Tue Mar 10 04:47:39 CET 2026
#@# Jacobian white rh Tue Mar 10 04:54:17 CET 2026
#@# AvgCurv rh Tue Mar 10 04:54:18 CET 2026
#@# Cortical Parc rh Tue Mar 10 04:54:19 CET 2026
#@# white curv rh Tue Mar 10 05:02:05 CET 2026
#@# white area rh Tue Mar 10 05:02:06 CET 2026
#@# pial curv rh Tue Mar 10 05:02:07 CET 2026
#@# pial area rh Tue Mar 10 05:02:09 CET 2026
#@# thickness rh Tue Mar 10 05:02:09 CET 2026
#@# area and vertex vol rh Tue Mar 10 05:02:32 CET 2026
#@# Curvature Stats rh Tue Mar 10 05:02:33 CET 2026
#@# Cortical Parc 2 rh Tue Mar 10 05:02:35 CET 2026
#@# Cortical Parc 3 rh Tue Mar 10 05:02:47 CET 2026
#@# WM/GM Contrast rh Tue Mar 10 05:02:55 CET 2026
recon-all -s sub-v1s4x0050702_ses-1 finished without error at Tue Mar 10 05:02:58 CET 2026



#New# invocation of recon-all 



status file for recon-all
Tue Mar 10 05:11:59 CET 2026
#@# white curv rh Tue Mar 10 05:11:59 CET 2026
#@# white area rh Tue Mar 10 05:11:59 CET 2026
#@# pial curv rh Tue Mar 10 05:11:59 CET 2026
#@# pial area rh Tue Mar 10 05:11:59 CET 2026
#@# thickness rh Tue Mar 10 05:11:59 CET 2026
#@# area and vertex vol rh Tue Mar 10 05:11:59 CET 2026
#@# Parcellation Stats rh Tue Mar 10 05:11:59 CET 2026
#@# Parcellation Stats 2 rh Tue Mar 10 05:12:18 CET 2026
#@# Parcellation Stats 3 rh Tue Mar 10 05:12:28 CET 2026
#@# BA_exvivo Labels rh Tue Mar 10 05:12:37 CET 2026
recon-all -s sub-v1s4x0050702_ses-1 finished without error at Tue Mar 10 05:14:54 CET 2026
