status file for recon-all
Tue Mar 10 02:41:39 CET 2026
#@# MotionCor Tue Mar 10 02:41:41 CET 2026
#@# Talairach Tue Mar 10 02:41:47 CET 2026
#@# Talairach Failure Detection Tue Mar 10 02:44:36 CET 2026
#@# Nu Intensity Correction Tue Mar 10 02:44:37 CET 2026
#@# Intensity Normalization Tue Mar 10 02:47:23 CET 2026
recon-all -s sub-v1s4x0050702_ses-1 finished without error at Tue Mar 10 02:48:18 CET 2026



#New# invocation of recon-all 



status file for recon-all
Tue Mar 10 02:54:14 CET 2026
#@# EM Registration Tue Mar 10 02:54:14 CET 2026
recon-all -s sub-v1s4x0050702_ses-1 finished without error at Tue Mar 10 02:55:47 CET 2026



#New# invocation of recon-all 



status file for recon-all
Tue Mar 10 02:55:49 CET 2026
#@# CA Normalize Tue Mar 10 02:55:49 CET 2026
#@# CA Reg Tue Mar 10 02:56:42 CET 2026
#@# SubCort Seg Tue Mar 10 03:41:13 CET 2026
#@# CC Seg Tue Mar 10 04:05:28 CET 2026
#@# Merge ASeg Tue Mar 10 04:05:51 CET 2026
#@# Intensity Normalization2 Tue Mar 10 04:05:51 CET 2026
#@# Mask BFS Tue Mar 10 04:07:13 CET 2026
#@# WM Segmentation Tue Mar 10 04:07:14 CET 2026
#@# Fill Tue Mar 10 04:08:48 CET 2026
recon-all -s sub-v1s4x0050702_ses-1 finished without error at Tue Mar 10 04:09:26 CET 2026



#New# invocation of recon-all 



status file for recon-all
Tue Mar 10 05:03:02 CET 2026
#@# white curv lh Tue Mar 10 05:03:02 CET 2026
#@# white area lh Tue Mar 10 05:03:02 CET 2026
#@# pial curv lh Tue Mar 10 05:03:02 CET 2026
#@# pial area lh Tue Mar 10 05:03:02 CET 2026
#@# thickness lh Tue Mar 10 05:03:02 CET 2026
#@# area and vertex vol lh Tue Mar 10 05:03:02 CET 2026
#@# white curv rh Tue Mar 10 05:03:02 CET 2026
#@# white area rh Tue Mar 10 05:03:02 CET 2026
#@# pial curv rh Tue Mar 10 05:03:02 CET 2026
#@# pial area rh Tue Mar 10 05:03:02 CET 2026
#@# thickness rh Tue Mar 10 05:03:02 CET 2026
#@# area and vertex vol rh Tue Mar 10 05:03:02 CET 2026
#@# Cortical ribbon mask Tue Mar 10 05:03:02 CET 2026
recon-all -s sub-v1s4x0050702_ses-1 finished without error at Tue Mar 10 05:09:01 CET 2026



#New# invocation of recon-all 



status file for recon-all
Tue Mar 10 05:14:57 CET 2026
#@# white curv lh Tue Mar 10 05:14:57 CET 2026
#@# white area lh Tue Mar 10 05:14:57 CET 2026
#@# pial curv lh Tue Mar 10 05:14:57 CET 2026
#@# pial area lh Tue Mar 10 05:14:57 CET 2026
#@# thickness lh Tue Mar 10 05:14:57 CET 2026
#@# area and vertex vol lh Tue Mar 10 05:14:57 CET 2026
#@# white curv rh Tue Mar 10 05:14:57 CET 2026
#@# white area rh Tue Mar 10 05:14:57 CET 2026
#@# pial curv rh Tue Mar 10 05:14:57 CET 2026
#@# pial area rh Tue Mar 10 05:14:57 CET 2026
#@# thickness rh Tue Mar 10 05:14:57 CET 2026
#@# area and vertex vol rh Tue Mar 10 05:14:57 CET 2026
#@# Curvature Stats lh Tue Mar 10 05:14:57 CET 2026
#@# Curvature Stats rh Tue Mar 10 05:15:00 CET 2026
#@# Relabel Hypointensities Tue Mar 10 05:15:02 CET 2026
#@# APas-to-ASeg Tue Mar 10 05:15:14 CET 2026
#@# AParc-to-ASeg aparc Tue Mar 10 05:15:22 CET 2026
#@# AParc-to-ASeg aparc.a2009s Tue Mar 10 05:15:51 CET 2026
#@# AParc-to-ASeg aparc.DKTatlas Tue Mar 10 05:16:24 CET 2026
#@# WMParc Tue Mar 10 05:16:50 CET 2026
#@# ASeg Stats Tue Mar 10 05:18:44 CET 2026
recon-all -s sub-v1s4x0050702_ses-1 finished without error at Tue Mar 10 05:19:05 CET 2026
