status file for recon-all
Tue Mar 10 04:09:31 CET 2026
#@# Tessellate lh Tue Mar 10 04:09:31 CET 2026
#@# Smooth1 lh Tue Mar 10 04:09:34 CET 2026
#@# Inflation1 lh Tue Mar 10 04:09:36 CET 2026
#@# QSphere lh Tue Mar 10 04:09:51 CET 2026
#@# Fix Topology lh Tue Mar 10 04:11:01 CET 2026
#@# Smooth2 lh Tue Mar 10 04:16:40 CET 2026
#@# Inflation2 lh Tue Mar 10 04:16:43 CET 2026
#@# Curv .H and .K lh Tue Mar 10 04:16:56 CET 2026
#@# Sphere lh Tue Mar 10 04:17:39 CET 2026
#@# Surf Reg lh Tue Mar 10 04:20:30 CET 2026
#@# Jacobian white lh Tue Mar 10 04:24:06 CET 2026
#@# AvgCurv lh Tue Mar 10 04:24:06 CET 2026
#@# Cortical Parc lh Tue Mar 10 04:24:07 CET 2026
#@# white curv lh Tue Mar 10 04:31:10 CET 2026
#@# white area lh Tue Mar 10 04:31:11 CET 2026
#@# pial curv lh Tue Mar 10 04:31:12 CET 2026
#@# pial area lh Tue Mar 10 04:31:13 CET 2026
#@# thickness lh Tue Mar 10 04:31:14 CET 2026
#@# area and vertex vol lh Tue Mar 10 04:31:36 CET 2026
#@# Curvature Stats lh Tue Mar 10 04:31:37 CET 2026
#@# Cortical Parc 2 lh Tue Mar 10 04:31:40 CET 2026
#@# Cortical Parc 3 lh Tue Mar 10 04:31:50 CET 2026
#@# WM/GM Contrast lh Tue Mar 10 04:31:59 CET 2026
recon-all -s sub-v1s4x0050702_ses-1 finished without error at Tue Mar 10 04:32:01 CET 2026



#New# invocation of recon-all 



status file for recon-all
Tue Mar 10 05:09:05 CET 2026
#@# white curv lh Tue Mar 10 05:09:05 CET 2026
#@# white area lh Tue Mar 10 05:09:05 CET 2026
#@# pial curv lh Tue Mar 10 05:09:05 CET 2026
#@# pial area lh Tue Mar 10 05:09:05 CET 2026
#@# thickness lh Tue Mar 10 05:09:05 CET 2026
#@# area and vertex vol lh Tue Mar 10 05:09:05 CET 2026
#@# Parcellation Stats lh Tue Mar 10 05:09:05 CET 2026
#@# Parcellation Stats 2 lh Tue Mar 10 05:09:24 CET 2026
#@# Parcellation Stats 3 lh Tue Mar 10 05:09:33 CET 2026
#@# BA_exvivo Labels lh Tue Mar 10 05:09:42 CET 2026
recon-all -s sub-v1s4x0050702_ses-1 finished without error at Tue Mar 10 05:11:57 CET 2026
