/out/sourcedata/freesurfer/sub-v1s4x0050711_ses-1/mri
/opt/freesurfer/bin/talairach_avi
--i orig_nu.mgz --xfm transforms/talairach.auto.xfm
talairach_avi 7.3.2
Linux dna059 5.14.0-427.37.1.el9_4.x86_64 #1 SMP PREEMPT_DYNAMIC Fri Sep 13 12:41:50 EDT 2024 x86_64 x86_64 x86_64 GNU/Linux
Tue Mar 10 03:19:55 CET 2026
mri_convert orig_nu.mgz talsrcimg.img 
reading from orig_nu.mgz...
TR=0.00, TE=0.00, TI=0.00, flip angle=0.00
i_ras = (-1, -1.43773e-08, 0)
j_ras = (1.86265e-09, 3.72529e-09, -1)
k_ras = (-8.09086e-09, 1, 7.45058e-09)
writing to talsrcimg.img...
Analyze Output Matrix
-1.00000   0.00000  -0.00000   128.03972;
-0.00000   0.00000   1.00000  -120.56931;
 0.00000  -1.00000   0.00000   139.84341;
 0.00000   0.00000   0.00000   1.00000;
--------------------
INFO: set hdr.hist.orient to -1
mpr2mni305 talsrcimg
Tue Mar 10 03:19:56 CET 2026
/opt/freesurfer/bin/mpr2mni305 talsrcimg
mpr2mni305 7.3.2
target=711-2C_as_mni_average_305

---------------------------------------------------------------------
analyzeto4dfp talsrcimg -O0 -y
---------------------------------------------------------------------

freesurfer ifh2hdr.c
Tue Mar 10 03:19:56 2026
Writing: talsrcimg.4dfp.hdr
freesurfer analyzeto4dfp.c
Reading: talsrcimg.hdr
header size 348 bytes
hdr.dime.datatype	offset=70	value=2
hdr.dime.bitpix		offset=72	value=8
hdr.hist.orient		offset=252	value=-1
dimensionality     4
dimensions       256       256       256         1
Reading: talsrcimg.img
Writing: talsrcimg.4dfp.img
Writing: talsrcimg.4dfp.ifh
ifh2hdr talsrcimg -r0to232
ori=2

---------------------------------------------------------------------
gauss_4dfp talsrcimg 1.1
---------------------------------------------------------------------

freesurfer gauss_4dfp.c
Reading: talsrcimg.4dfp.img
Writing: talsrcimg_g11.4dfp.img
image dimensions 256 256 256 padded to 288 288 288
processing volume 1freesurfer ifh2hdr.c
Tue Mar 10 03:19:57 2026
Writing: talsrcimg_g11.4dfp.hdr

Writing: talsrcimg_g11.4dfp.ifh
including: talsrcimg.4dfp.img.rec in talsrcimg_g11.4dfp.img.rec

---------------------------------------------------------------------
imgreg_4dfp /opt/freesurfer/average/711-2C_as_mni_average_305 none talsrcimg_g11 none talsrcimg_to_711-2C_as_mni_average_305_t4 4355
---------------------------------------------------------------------

freesurfer imgreg_4dfp.c
/opt/freesurfer/average/711-2C_as_mni_average_305.4dfp.img
       256       256       256         1
  1.000000  1.000000  1.000000
orientation T byte_order littleendian
Reading image: /opt/freesurfer/average/711-2C_as_mni_average_305.4dfp.img
dimensions:      256       256       256
mmppix:       1.0000   -1.0000   -1.0000
center:     128.0000 -129.0000 -129.0000
talsrcimg_g11.4dfp.img
       256       256       256         1
  1.000000  1.000000  1.000000
orientation T byte_order littleendian
Reading image: talsrcimg_g11.4dfp.img
dimensions:      256       256       256
mmppix:       1.0000   -1.0000   -1.0000
center:     128.0000 -129.0000 -129.0000
t4_read: open error in t4_sub.f l:  41 t4_file(1:l)talsrcimg_to_711-2C_as_mni_average_305_t4 
t4_read: transform initialized to I4
rotation matrix determinant  1.000000
image alignment mode   4355 decimal     1103 hex
   -7.5000  -45.0000  -45.0000 8414.1602   17.5147
    0.0000  -45.0000  -45.0000 8752.0938   17.5450
    7.5000  -45.0000  -45.0000 8407.5010   17.5582
   -7.5000  -37.5000  -45.0000 8889.3076   17.3404
    0.0000  -37.5000  -45.0000 9241.4863   17.3790
    7.5000  -37.5000  -45.0000 8856.6152   17.3953
   -7.5000  -30.0000  -45.0000 9749.9893   17.2027
    0.0000  -30.0000  -45.000010127.6680   17.2378
    7.5000  -30.0000  -45.0000 9722.0762   17.2592
   -7.5000  -22.5000  -45.000010627.4844   17.1629
    0.0000  -22.5000  -45.000011026.3115   17.1846
    7.5000  -22.5000  -45.000010545.2939   17.2068
   -7.5000  -15.0000  -45.000011150.7393   17.1758
    0.0000  -15.0000  -45.000011579.4004   17.1879
    7.5000  -15.0000  -45.000011057.4258   17.2072
   -7.5000   -7.5000  -45.000011653.1104   17.2080
    0.0000   -7.5000  -45.000012102.3506   17.2244
    7.5000   -7.5000  -45.000011534.2314   17.2390
   -7.5000    0.0000  -45.000011993.0684   17.2259
    0.0000    0.0000  -45.000012472.7695   17.2551
    7.5000    0.0000  -45.000011842.3916   17.2675
   -7.5000    7.5000  -45.000011362.8730   17.2124
    0.0000    7.5000  -45.000011806.7061   17.2504
    7.5000    7.5000  -45.000011227.2129   17.2669
   -7.5000   15.0000  -45.000010679.4395   17.1806
    0.0000   15.0000  -45.000011123.5166   17.2156
    7.5000   15.0000  -45.000010553.3770   17.2369
   -7.5000   22.5000  -45.0000 9934.6846   17.1653
    0.0000   22.5000  -45.000010355.4170   17.1871
    7.5000   22.5000  -45.0000 9822.6465   17.2092
   -7.5000   30.0000  -45.0000 9294.7646   17.3457
    0.0000   30.0000  -45.0000 9690.4902   17.3582
    7.5000   30.0000  -45.0000 9158.0469   17.3776
   -7.5000   37.5000  -45.0000 9024.9658   17.8360
    0.0000   37.5000  -45.0000 9403.4922   17.8539
    7.5000   37.5000  -45.0000 8904.1836   17.8669
   -7.5000   45.0000  -45.0000 8417.2119   17.8958
    0.0000   45.0000  -45.0000 8748.5684   17.9256
    7.5000   45.0000  -45.0000 8303.2734   17.9370
   -7.5000  -45.0000  -37.5000 8850.3848   17.4207
    0.0000  -45.0000  -37.5000 9223.2910   17.4405
    7.5000  -45.0000  -37.5000 8836.7373   17.4506
   -7.5000  -37.5000  -37.5000 9390.7656   17.2522
    0.0000  -37.5000  -37.5000 9763.1797   17.2838
    7.5000  -37.5000  -37.5000 9358.2559   17.2956
   -7.5000  -30.0000  -37.500010329.8291   17.1174
    0.0000  -30.0000  -37.500010741.1484   17.1462
    7.5000  -30.0000  -37.500010280.0898   17.1613
   -7.5000  -22.5000  -37.500011240.5459   17.0750
    0.0000  -22.5000  -37.500011681.7744   17.0866
    7.5000  -22.5000  -37.500011180.8750   17.1018
   -7.5000  -15.0000  -37.500011805.6162   17.0848
    0.0000  -15.0000  -37.500012276.4111   17.0830
    7.5000  -15.0000  -37.500011740.8086   17.0960
   -7.5000   -7.5000  -37.500012316.2168   17.1152
    0.0000   -7.5000  -37.500012822.3916   17.1183
    7.5000   -7.5000  -37.500012211.1211   17.1286
   -7.5000    0.0000  -37.500012630.4590   17.1346
    0.0000    0.0000  -37.500013193.7607   17.1535
    7.5000    0.0000  -37.500012522.3916   17.1628
   -7.5000    7.5000  -37.500011995.5107   17.1255
    0.0000    7.5000  -37.500012551.0352   17.1566
    7.5000    7.5000  -37.500011886.6221   17.1686
   -7.5000   15.0000  -37.500011263.3643   17.0955
    0.0000   15.0000  -37.500011780.5000   17.1241
    7.5000   15.0000  -37.500011158.5908   17.1393
   -7.5000   22.5000  -37.500010469.9902   17.0775
    0.0000   22.5000  -37.500010946.1484   17.0892
    7.5000   22.5000  -37.500010344.1270   17.1044
   -7.5000   30.0000  -37.5000 9778.9688   17.2526
    0.0000   30.0000  -37.500010215.9619   17.2511
    7.5000   30.0000  -37.5000 9643.8721   17.2643
   -7.5000   37.5000  -37.5000 9533.1543   17.7384
    0.0000   37.5000  -37.5000 9959.2686   17.7435
    7.5000   37.5000  -37.5000 9403.9492   17.7533
   -7.5000   45.0000  -37.5000 8893.5049   17.8011
    0.0000   45.0000  -37.5000 9278.3809   17.8212
    7.5000   45.0000  -37.5000 8777.9307   17.8314
   -7.5000  -45.0000  -30.0000 9446.5029   18.1563
    0.0000  -45.0000  -30.0000 9863.4570   18.1670
    7.5000  -45.0000  -30.0000 9425.3047   18.1735
   -7.5000  -37.5000  -30.000010042.0752   17.9849
    0.0000  -37.5000  -30.000010445.8896   18.0077
    7.5000  -37.5000  -30.000010004.1660   18.0140
   -7.5000  -30.0000  -30.000011103.2627   17.8486
    0.0000  -30.0000  -30.000011537.0693   17.8710
    7.5000  -30.0000  -30.000011035.5322   17.8794
   -7.5000  -22.5000  -30.000012038.4639   17.8042
    0.0000  -22.5000  -30.000012517.6855   17.8110
    7.5000  -22.5000  -30.000011940.7783   17.8201
   -7.5000  -15.0000  -30.000012627.8193   17.8114
    0.0000  -15.0000  -30.000013131.2754   17.8046
    7.5000  -15.0000  -30.000012515.9072   17.8130
   -7.5000   -7.5000  -30.000013150.7383   17.8387
    0.0000   -7.5000  -30.000013713.0781   17.8350
    7.5000   -7.5000  -30.000013033.0469   17.8420
   -7.5000    0.0000  -30.000013511.6475   17.8579
    0.0000    0.0000  -30.000014130.2510   17.8680
    7.5000    0.0000  -30.000013387.7129   17.8738
   -7.5000    7.5000  -30.000012845.7500   17.8532
    0.0000    7.5000  -30.000013461.1006   17.8754
    7.5000    7.5000  -30.000012719.6602   17.8821
   -7.5000   15.0000  -30.000012092.6211   17.8258
    0.0000   15.0000  -30.000012669.8711   17.8479
    7.5000   15.0000  -30.000011980.6074   17.8564
   -7.5000   22.5000  -30.000011205.6260   17.8051
    0.0000   22.5000  -30.000011733.1152   17.8120
    7.5000   22.5000  -30.000011075.2588   17.8210
   -7.5000   30.0000  -30.000010449.5342   17.9863
    0.0000   30.0000  -30.000010910.6914   17.9797
    7.5000   30.0000  -30.000010295.8516   17.9884
   -7.5000   37.5000  -30.000010171.4736   18.4903
    0.0000   37.5000  -30.000010632.0293   18.4878
    7.5000   37.5000  -30.000010040.0186   18.4942
   -7.5000   45.0000  -30.0000 9481.5146   18.5636
    0.0000   45.0000  -30.0000 9939.1777   18.5742
    7.5000   45.0000  -30.0000 9382.1182   18.5830
   -7.5000  -45.0000  -22.5000 9984.4277   18.7944
    0.0000  -45.0000  -22.500010410.2988   18.8074
    7.5000  -45.0000  -22.5000 9995.8828   18.8140
   -7.5000  -37.5000  -22.500010624.5254   18.6160
    0.0000  -37.5000  -22.500011057.3086   18.6363
    7.5000  -37.5000  -22.500010636.7510   18.6422
   -7.5000  -30.0000  -22.500011775.5615   18.4773
    0.0000  -30.0000  -22.500012260.0371   18.4988
    7.5000  -30.0000  -22.500011756.0352   18.5074
   -7.5000  -22.5000  -22.500012702.2109   18.4348
    0.0000  -22.5000  -22.500013206.6113   18.4478
    7.5000  -22.5000  -22.500012647.5732   18.4581
   -7.5000  -15.0000  -22.500013363.8682   18.4430
    0.0000  -15.0000  -22.500013885.7031   18.4478
    7.5000  -15.0000  -22.500013263.4014   18.4580
   -7.5000   -7.5000  -22.500013947.0801   18.4685
    0.0000   -7.5000  -22.500014540.0508   18.4740
    7.5000   -7.5000  -22.500013829.7715   18.4821
   -7.5000    0.0000  -22.500014390.9492   18.4855
    0.0000    0.0000  -22.500015007.3652   18.4979
    7.5000    0.0000  -22.500014243.4062   18.5038
   -7.5000    7.5000  -22.500013694.5938   18.4798
    0.0000    7.5000  -22.500014328.4229   18.4997
    7.5000    7.5000  -22.500013535.6768   18.5060
   -7.5000   15.0000  -22.500012918.4824   18.4537
    0.0000   15.0000  -22.500013526.5771   18.4748
    7.5000   15.0000  -22.500012729.3975   18.4835
   -7.5000   22.5000  -22.500011939.8428   18.4344
    0.0000   22.5000  -22.500012521.3154   18.4474
    7.5000   22.5000  -22.500011768.3408   18.4577
   -7.5000   30.0000  -22.500011101.8535   18.6242
    0.0000   30.0000  -22.500011614.5840   18.6292
    7.5000   30.0000  -22.500010945.7109   18.6395
   -7.5000   37.5000  -22.500010769.5713   19.1423
    0.0000   37.5000  -22.500011295.6787   19.1479
    7.5000   37.5000  -22.500010666.3467   19.1542
   -7.5000   45.0000  -22.500010039.5742   19.2188
    0.0000   45.0000  -22.500010537.2686   19.2306
    7.5000   45.0000  -22.5000 9963.6797   19.2400
   -7.5000  -45.0000  -15.000010558.4316   19.2552
    0.0000  -45.0000  -15.000010974.2500   19.2791
    7.5000  -45.0000  -15.000010557.9453   19.2886
   -7.5000  -37.5000  -15.000011236.8555   19.0665
    0.0000  -37.5000  -15.000011684.2266   19.0935
    7.5000  -37.5000  -15.000011269.0537   19.1037
   -7.5000  -30.0000  -15.000012426.5088   18.9217
    0.0000  -30.0000  -15.000012929.7939   18.9491
    7.5000  -30.0000  -15.000012455.2988   18.9639
   -7.5000  -22.5000  -15.000013357.2344   18.8817
    0.0000  -22.5000  -15.000013882.4932   18.9052
    7.5000  -22.5000  -15.000013344.5400   18.9227
   -7.5000  -15.0000  -15.000014068.9287   18.8944
    0.0000  -15.0000  -15.000014633.3633   18.9144
    7.5000  -15.0000  -15.000014001.6270   18.9310
   -7.5000   -7.5000  -15.000014713.1436   18.9234
    0.0000   -7.5000  -15.000015340.0879   18.9434
    7.5000   -7.5000  -15.000014622.5156   18.9556
   -7.5000    0.0000  -15.000015173.7363   18.9390
    0.0000    0.0000  -15.000015826.6592   18.9620
    7.5000    0.0000  -15.000015072.0342   18.9707
   -7.5000    7.5000  -15.000014414.8701   18.9269
    0.0000    7.5000  -15.000015086.6816   18.9535
    7.5000    7.5000  -15.000014291.4229   18.9641
   -7.5000   15.0000  -15.000013590.4756   18.8975
    0.0000   15.0000  -15.000014257.3701   18.9246
    7.5000   15.0000  -15.000013450.4062   18.9395
   -7.5000   22.5000  -15.000012582.2227   18.8803
    0.0000   22.5000  -15.000013210.8945   18.9037
    7.5000   22.5000  -15.000012468.3691   18.9212
   -7.5000   30.0000  -15.000011704.2656   19.0819
    0.0000   30.0000  -15.000012261.5469   19.1021
    7.5000   30.0000  -15.000011610.1748   19.1187
   -7.5000   37.5000  -15.000011328.1738   19.6132
    0.0000   37.5000  -15.000011867.2393   19.6326
    7.5000   37.5000  -15.000011266.9775   19.6419
   -7.5000   45.0000  -15.000010560.1943   19.6938
    0.0000   45.0000  -15.000011069.8193   19.7155
    7.5000   45.0000  -15.000010514.0215   19.7259
   -7.5000  -45.0000   -7.500011175.4346   19.4749
    0.0000  -45.0000   -7.500011596.2324   19.5084
    7.5000  -45.0000   -7.500011167.8135   19.5215
   -7.5000  -37.5000   -7.500011884.3701   19.2801
    0.0000  -37.5000   -7.500012337.9648   19.3182
    7.5000  -37.5000   -7.500011903.9072   19.3338
   -7.5000  -30.0000   -7.500013095.4365   19.1285
    0.0000  -30.0000   -7.500013600.2637   19.1647
    7.5000  -30.0000   -7.500013145.4775   19.1865
   -7.5000  -22.5000   -7.500014004.8477   19.0871
    0.0000  -22.5000   -7.500014557.3125   19.1159
    7.5000  -22.5000   -7.500014051.6533   19.1401
   -7.5000  -15.0000   -7.500014729.5322   19.1028
    0.0000  -15.0000   -7.500015343.1475   19.1264
    7.5000  -15.0000   -7.500014763.8809   19.1483
   -7.5000   -7.5000   -7.500015400.4326   19.1374
    0.0000   -7.5000   -7.500016052.6523   19.1630
    7.5000   -7.5000   -7.500015412.7773   19.1788
   -7.5000    0.0000   -7.500015927.5820   19.1554
    0.0000    0.0000   -7.500016625.0508   19.1877
    7.5000    0.0000   -7.500015899.8242   19.1999
   -7.5000    7.5000   -7.500015200.1699   19.1387
    0.0000    7.5000   -7.500015888.2002   19.1762
    7.5000    7.5000   -7.500015122.4395   19.1921
   -7.5000   15.0000   -7.500014338.8047   19.1041
    0.0000   15.0000   -7.500015002.0771   19.1401
    7.5000   15.0000   -7.500014238.9287   19.1618
   -7.5000   22.5000   -7.500013263.7695   19.0835
    0.0000   22.5000   -7.500013896.9473   19.1123
    7.5000   22.5000   -7.500013227.6494   19.1365
   -7.5000   30.0000   -7.500012315.2432   19.2936
    0.0000   30.0000   -7.500012840.2275   19.3176
    7.5000   30.0000   -7.500012286.9023   19.3396
   -7.5000   37.5000   -7.500011912.9043   19.8350
    0.0000   37.5000   -7.500012434.8838   19.8608
    7.5000   37.5000   -7.500011910.5449   19.8737
   -7.5000   45.0000   -7.500011108.1396   19.9266
    0.0000   45.0000   -7.500011610.3516   19.9581
    7.5000   45.0000   -7.500011079.6318   19.9697
   -7.5000  -45.0000    0.000011719.5977   19.5002
    0.0000  -45.0000    0.000012168.9375   19.5340
    7.5000  -45.0000    0.000011703.2832   19.5484
   -7.5000  -37.5000    0.000012437.8408   19.3068
    0.0000  -37.5000    0.000012907.1299   19.3497
    7.5000  -37.5000    0.000012472.3994   19.3675
   -7.5000  -30.0000    0.000013701.2168   19.1532
    0.0000  -30.0000    0.000014181.0703   19.1924
    7.5000  -30.0000    0.000013753.0264   19.2159
   -7.5000  -22.5000    0.000014628.6221   19.1085
    0.0000  -22.5000    0.000015128.0186   19.1328
    7.5000  -22.5000    0.000014668.0732   19.1573
   -7.5000  -15.0000    0.000015334.6660   19.1230
    0.0000  -15.0000    0.000015901.8320   19.1366
    7.5000  -15.0000    0.000015388.9629   19.1580
   -7.5000   -7.5000    0.000015980.8252   19.1597
    0.0000   -7.5000    0.000016623.9707   19.1781
    7.5000   -7.5000    0.000016056.0781   19.1941
   -7.5000    0.0000    0.000016580.5508   19.1804
    0.0000    0.0000    0.000017302.8145   19.2128
    7.5000    0.0000    0.000016607.5723   19.2264
   -7.5000    7.5000    0.000015971.3340   19.1650
    0.0000    7.5000    0.000016728.6035   19.2072
    7.5000    7.5000    0.000015971.2373   19.2253
   -7.5000   15.0000    0.000015134.3242   19.1288
    0.0000   15.0000    0.000015795.6270   19.1677
    7.5000   15.0000    0.000015126.5742   19.1912
   -7.5000   22.5000    0.000013936.5898   19.1050
    0.0000   22.5000    0.000014538.0645   19.1293
    7.5000   22.5000    0.000014019.2695   19.1538
   -7.5000   30.0000    0.000012879.2480   19.3173
    0.0000   30.0000    0.000013386.9307   19.3314
    7.5000   30.0000    0.000012925.3555   19.3529
   -7.5000   37.5000    0.000012455.7148   19.8616
    0.0000   37.5000    0.000012953.8984   19.8816
    7.5000   37.5000    0.000012449.0820   19.8961
   -7.5000   45.0000    0.000011629.8545   19.9651
    0.0000   45.0000    0.000012101.6719   19.9983
    7.5000   45.0000    0.000011564.1650   20.0109
   -7.5000  -45.0000    7.500011351.4209   19.4922
    0.0000  -45.0000    7.500011819.8242   19.5144
    7.5000  -45.0000    7.500011341.6455   19.5257
   -7.5000  -37.5000    7.500012041.7432   19.3036
    0.0000  -37.5000    7.500012517.9336   19.3391
    7.5000  -37.5000    7.500012095.0430   19.3523
   -7.5000  -30.0000    7.500013264.9150   19.1528
    0.0000  -30.0000    7.500013760.9170   19.1852
    7.5000  -30.0000    7.500013336.7979   19.2021
   -7.5000  -22.5000    7.500014140.3809   19.1055
    0.0000  -22.5000    7.500014674.8223   19.1186
    7.5000  -22.5000    7.500014211.8066   19.1356
   -7.5000  -15.0000    7.500014842.6475   19.1165
    0.0000  -15.0000    7.500015386.2783   19.1145
    7.5000  -15.0000    7.500014933.1777   19.1290
   -7.5000   -7.5000    7.500015456.0420   19.1505
    0.0000   -7.5000    7.500016072.3984   19.1540
    7.5000   -7.5000    7.500015584.0068   19.1655
   -7.5000    0.0000    7.500016078.1426   19.1721
    0.0000    0.0000    7.500016801.9844   19.1933
    7.5000    0.0000    7.500016172.6201   19.2038
   -7.5000    7.5000    7.500015644.9395   19.1619
    0.0000    7.5000    7.500016403.5391   19.1967
    7.5000    7.5000    7.500015639.1348   19.2102
   -7.5000   15.0000    7.500014953.6123   19.1284
    0.0000   15.0000    7.500015647.5713   19.1605
    7.5000   15.0000    7.500014911.1709   19.1774
   -7.5000   22.5000    7.500013746.9180   19.1021
    0.0000   22.5000    7.500014326.1123   19.1153
    7.5000   22.5000    7.500013738.0840   19.1323
   -7.5000   30.0000    7.500012585.0225   19.3117
    0.0000   30.0000    7.500013045.0615   19.3101
    7.5000   30.0000    7.500012529.3535   19.3248
   -7.5000   37.5000    7.500012117.7930   19.8554
    0.0000   37.5000    7.500012539.1035   19.8611
    7.5000   37.5000    7.500012021.1875   19.8721
   -7.5000   45.0000    7.500011277.0068   19.9646
    0.0000   45.0000    7.500011662.7402   19.9872
    7.5000   45.0000    7.500011181.0566   19.9986
   -7.5000  -45.0000   15.000010878.1416   19.4968
    0.0000  -45.0000   15.000011345.7930   19.5082
    7.5000  -45.0000   15.000010912.1406   19.5152
   -7.5000  -37.5000   15.000011588.4775   19.3127
    0.0000  -37.5000   15.000012072.0381   19.3372
    7.5000  -37.5000   15.000011650.1182   19.3439
   -7.5000  -30.0000   15.000012770.5020   19.1663
    0.0000  -30.0000   15.000013268.4990   19.1904
    7.5000  -30.0000   15.000012844.5078   19.1994
   -7.5000  -22.5000   15.000013563.2539   19.1186
    0.0000  -22.5000   15.000014090.4131   19.1260
    7.5000  -22.5000   15.000013638.3945   19.1357
   -7.5000  -15.0000   15.000014228.3311   19.1264
    0.0000  -15.0000   15.000014780.6982   19.1190
    7.5000  -15.0000   15.000014311.7773   19.1281
   -7.5000   -7.5000   15.000014846.2598   19.1557
    0.0000   -7.5000   15.000015457.9463   19.1517
    7.5000   -7.5000   15.000014920.3672   19.1592
   -7.5000    0.0000   15.000015411.5020   19.1763
    0.0000    0.0000   15.000016103.5225   19.1872
    7.5000    0.0000   15.000015435.6836   19.1933
   -7.5000    7.5000   15.000014929.9307   19.1712
    0.0000    7.5000   15.000015539.6611   19.1951
    7.5000    7.5000   15.000014789.1924   19.2022
   -7.5000   15.0000   15.000014149.4277   19.1418
    0.0000   15.0000   15.000014752.1641   19.1656
    7.5000   15.0000   15.000014000.8486   19.1747
   -7.5000   22.5000   15.000013075.7314   19.1154
    0.0000   22.5000   15.000013656.1504   19.1228
    7.5000   22.5000   15.000012950.9697   19.1325
   -7.5000   30.0000   15.000011996.0752   19.3198
    0.0000   30.0000   15.000012495.9609   19.3128
    7.5000   30.0000   15.000011904.2158   19.3221
   -7.5000   37.5000   15.000011563.1768   19.8611
    0.0000   37.5000   15.000011979.6650   19.8586
    7.5000   37.5000   15.000011447.3701   19.8654
   -7.5000   45.0000   15.000010759.6133   19.9664
    0.0000   45.0000   15.000011121.2314   19.9778
    7.5000   45.0000   15.000010648.3770   19.9873
   -7.5000  -45.0000   22.500010340.6914   19.5101
    0.0000  -45.0000   22.500010807.3975   19.5236
    7.5000  -45.0000   22.500010392.5830   19.5305
   -7.5000  -37.5000   22.500011054.9404   19.3249
    0.0000  -37.5000   22.500011530.9277   19.3460
    7.5000  -37.5000   22.500011075.2334   19.3521
   -7.5000  -30.0000   22.500012203.3379   19.1810
    0.0000  -30.0000   22.500012710.9775   19.2032
    7.5000  -30.0000   22.500012182.3721   19.2122
   -7.5000  -22.5000   22.500012952.4902   19.1368
    0.0000  -22.5000   22.500013520.7812   19.1503
    7.5000  -22.5000   22.500012934.7988   19.1610
   -7.5000  -15.0000   22.500013577.4941   19.1453
    0.0000  -15.0000   22.500014157.6445   19.1502
    7.5000  -15.0000   22.500013526.3174   19.1609
   -7.5000   -7.5000   22.500014142.8945   19.1718
    0.0000   -7.5000   22.500014761.3096   19.1775
    7.5000   -7.5000   22.500014116.6475   19.1859
   -7.5000    0.0000   22.500014624.9062   19.1894
    0.0000    0.0000   22.500015238.7197   19.2023
    7.5000    0.0000   22.500014561.1562   19.2084
   -7.5000    7.5000   22.500013997.7158   19.1835
    0.0000    7.5000   22.500014540.4805   19.2041
    7.5000    7.5000   22.500013895.3223   19.2107
   -7.5000   15.0000   22.500013171.9033   19.1564
    0.0000   15.0000   22.500013670.5654   19.1783
    7.5000   15.0000   22.500013091.7432   19.1874
   -7.5000   22.5000   22.500012229.5059   19.1335
    0.0000   22.5000   22.500012700.3672   19.1470
    7.5000   22.5000   22.500012159.0996   19.1577
   -7.5000   30.0000   22.500011327.7734   19.3362
    0.0000   30.0000   22.500011755.4580   19.3413
    7.5000   30.0000   22.500011276.3838   19.3520
   -7.5000   37.5000   22.500010976.6357   19.8740
    0.0000   37.5000   22.500011355.0762   19.8798
    7.5000   37.5000   22.500010904.1680   19.8863
   -7.5000   45.0000   22.500010226.0010   19.9680
    0.0000   45.0000   22.500010579.1846   19.9803
    7.5000   45.0000   22.500010137.3691   19.9900
   -7.5000  -45.0000   30.0000 9736.3164   19.5531
    0.0000  -45.0000   30.000010174.0791   19.5774
    7.5000  -45.0000   30.0000 9725.5078   19.5872
   -7.5000  -37.5000   30.000010414.9678   19.3611
    0.0000  -37.5000   30.000010857.5742   19.3887
    7.5000  -37.5000   30.000010367.9805   19.3991
   -7.5000  -30.0000   30.000011485.2510   19.2140
    0.0000  -30.0000   30.000011974.7754   19.2418
    7.5000  -30.0000   30.000011412.9658   19.2569
   -7.5000  -22.5000   30.000012181.0312   19.1734
    0.0000  -22.5000   30.000012706.6348   19.1972
    7.5000  -22.5000   30.000012119.7998   19.2150
   -7.5000  -15.0000   30.000012724.1816   19.1863
    0.0000  -15.0000   30.000013291.6455   19.2066
    7.5000  -15.0000   30.000012696.4072   19.2234
   -7.5000   -7.5000   30.000013243.9502   19.2157
    0.0000   -7.5000   30.000013852.0830   19.2360
    7.5000   -7.5000   30.000013247.8047   19.2484
   -7.5000    0.0000   30.000013656.2188   19.2315
    0.0000    0.0000   30.000014267.0293   19.2549
    7.5000    0.0000   30.000013643.3623   19.2638
   -7.5000    7.5000   30.000013027.5693   19.2192
    0.0000    7.5000   30.000013571.0840   19.2462
    7.5000    7.5000   30.000012977.6514   19.2571
   -7.5000   15.0000   30.000012238.8740   19.1893
    0.0000   15.0000   30.000012744.9971   19.2169
    7.5000   15.0000   30.000012210.2852   19.2320
   -7.5000   22.5000   30.000011369.7666   19.1699
    0.0000   22.5000   30.000011858.3975   19.1937
    7.5000   22.5000   30.000011353.5527   19.2114
   -7.5000   30.0000   30.000010599.8594   19.3774
    0.0000   30.0000   30.000011019.5225   19.3980
    7.5000   30.0000   30.000010568.3096   19.4148
   -7.5000   37.5000   30.000010302.4062   19.9179
    0.0000   37.5000   30.000010689.3340   19.9376
    7.5000   37.5000   30.000010245.7109   19.9470
   -7.5000   45.0000   30.0000 9591.2529   20.0059
    0.0000   45.0000   30.0000 9961.1621   20.0280
    7.5000   45.0000   30.0000 9538.5967   20.0386
   -7.5000  -45.0000   37.5000 9426.3730   19.6698
    0.0000  -45.0000   37.5000 9832.0479   19.7041
    7.5000  -45.0000   37.5000 9389.1377   19.7173
   -7.5000  -37.5000   37.500010077.6875   19.4722
    0.0000  -37.5000   37.500010505.0127   19.5112
    7.5000  -37.5000   37.500010031.3457   19.5269
   -7.5000  -30.0000   37.500011125.1504   19.3186
    0.0000  -30.0000   37.500011607.7510   19.3556
    7.5000  -30.0000   37.500011076.7764   19.3774
   -7.5000  -22.5000   37.500011779.5273   19.2764
    0.0000  -22.5000   37.500012288.9688   19.3058
    7.5000  -22.5000   37.500011746.7822   19.3299
   -7.5000  -15.0000   37.500012299.1826   19.2918
    0.0000  -15.0000   37.500012833.8965   19.3157
    7.5000  -15.0000   37.500012296.7500   19.3377
   -7.5000   -7.5000   37.500012774.2793   19.3264
    0.0000   -7.5000   37.500013364.1201   19.3524
    7.5000   -7.5000   37.500012805.0107   19.3684
   -7.5000    0.0000   37.500013164.4365   19.3446
    0.0000    0.0000   37.500013762.4775   19.3776
    7.5000    0.0000   37.500013175.7363   19.3900
   -7.5000    7.5000   37.500012548.9463   19.3283
    0.0000    7.5000   37.500013081.7764   19.3667
    7.5000    7.5000   37.500012523.2217   19.3827
   -7.5000   15.0000   37.500011760.8320   19.2938
    0.0000   15.0000   37.500012276.6279   19.3305
    7.5000   15.0000   37.500011771.8018   19.3523
   -7.5000   22.5000   37.500010919.0840   19.2728
    0.0000   22.5000   37.500011413.8320   19.3022
    7.5000   22.5000   37.500010960.1133   19.3263
   -7.5000   30.0000   37.500010200.5293   19.4886
    0.0000   30.0000   37.500010655.2197   19.5130
    7.5000   30.0000   37.500010226.6260   19.5350
   -7.5000   37.5000   37.5000 9935.6172   20.0393
    0.0000   37.5000   37.500010356.5625   20.0655
    7.5000   37.5000   37.5000 9910.8857   20.0785
   -7.5000   45.0000   37.5000 9290.8965   20.1374
    0.0000   45.0000   37.5000 9671.7803   20.1697
    7.5000   45.0000   37.5000 9250.7314   20.1814
   -7.5000  -45.0000   45.0000 8668.0244   19.7842
    0.0000  -45.0000   45.0000 9043.9717   19.8183
    7.5000  -45.0000   45.0000 8639.7139   19.8318
   -7.5000  -37.5000   45.0000 9247.2432   19.5818
    0.0000  -37.5000   45.0000 9648.2012   19.6256
    7.5000  -37.5000   45.0000 9227.8281   19.6423
   -7.5000  -30.0000   45.000010231.0371   19.4233
    0.0000  -30.0000   45.000010669.0391   19.4630
    7.5000  -30.0000   45.000010219.2383   19.4854
   -7.5000  -22.5000   45.000010842.7285   19.3797
    0.0000  -22.5000   45.000011298.8135   19.4037
    7.5000  -22.5000   45.000010843.4873   19.4268
   -7.5000  -15.0000   45.000011330.0869   19.3968
    0.0000  -15.0000   45.000011796.2344   19.4097
    7.5000  -15.0000   45.000011345.2910   19.4296
   -7.5000   -7.5000   45.000011743.6045   19.4340
    0.0000   -7.5000   45.000012247.9805   19.4521
    7.5000   -7.5000   45.000011770.9844   19.4669
   -7.5000    0.0000   45.000012055.1318   19.4528
    0.0000    0.0000   45.000012598.8350   19.4856
    7.5000    0.0000   45.000012082.9502   19.4982
   -7.5000    7.5000   45.000011467.9189   19.4350
    0.0000    7.5000   45.000011977.8672   19.4780
    7.5000    7.5000   45.000011483.3555   19.4951
   -7.5000   15.0000   45.000010755.1025   19.3980
    0.0000   15.0000   45.000011237.5078   19.4374
    7.5000   15.0000   45.000010763.7910   19.4599
   -7.5000   22.5000   45.000010006.3418   19.3762
    0.0000   22.5000   45.000010452.1172   19.4002
    7.5000   22.5000   45.000010033.2861   19.4233
   -7.5000   30.0000   45.0000 9377.1768   19.6016
    0.0000   30.0000   45.0000 9793.7832   19.6149
    7.5000   30.0000   45.0000 9390.6943   19.6349
   -7.5000   37.5000   45.0000 9145.9307   20.1640
    0.0000   37.5000   45.0000 9538.6582   20.1838
    7.5000   37.5000   45.0000 9124.2666   20.1968
   -7.5000   45.0000   45.0000 8571.7959   20.2893
    0.0000   45.0000   45.0000 8922.8525   20.3229
    7.5000   45.0000   45.0000 8535.3291   20.3343

---------------------------------------------------------------------
imgreg_4dfp /opt/freesurfer/average/711-2C_as_mni_average_305 /opt/freesurfer/average/711-2B_as_mni_average_305_mask talsrcimg_g11 none talsrcimg_to_711-2C_as_mni_average_305_t4 4355
---------------------------------------------------------------------

freesurfer imgreg_4dfp.c
/opt/freesurfer/average/711-2C_as_mni_average_305.4dfp.img
       256       256       256         1
  1.000000  1.000000  1.000000
orientation T byte_order littleendian
Reading image: /opt/freesurfer/average/711-2C_as_mni_average_305.4dfp.img
dimensions:      256       256       256
mmppix:       1.0000   -1.0000   -1.0000
center:     128.0000 -129.0000 -129.0000
/opt/freesurfer/average/711-2B_as_mni_average_305_mask.4dfp.img
       256       256       256         1
  1.000000  1.000000  1.000000
orientation T byte_order littleendian
Reading mask: /opt/freesurfer/average/711-2B_as_mni_average_305_mask.4dfp.img (2306576 pixels)
talsrcimg_g11.4dfp.img
       256       256       256         1
  1.000000  1.000000  1.000000
orientation T byte_order littleendian
Reading image: talsrcimg_g11.4dfp.img
dimensions:      256       256       256
mmppix:       1.0000   -1.0000   -1.0000
center:     128.0000 -129.0000 -129.0000
rotation matrix determinant  1.000000
image alignment mode   4355 decimal     1103 hex
   -7.5000  -45.0000  -45.0000 2150.6650   21.9593
    0.0000  -45.0000  -45.0000 2153.7820   22.0558
    7.5000  -45.0000  -45.0000 2129.4043   22.3717
   -7.5000  -37.5000  -45.0000 2157.1997   21.3063
    0.0000  -37.5000  -45.0000 2162.6499   21.3523
    7.5000  -37.5000  -45.0000 2135.2319   21.7034
   -7.5000  -30.0000  -45.0000 2186.1860   20.8263
    0.0000  -30.0000  -45.0000 2184.4453   20.7862
    7.5000  -30.0000  -45.0000 2156.1013   21.1247
   -7.5000  -22.5000  -45.0000 2216.9131   20.4807
    0.0000  -22.5000  -45.0000 2216.7903   20.4282
    7.5000  -22.5000  -45.0000 2190.7898   20.6925
   -7.5000  -15.0000  -45.0000 2235.0615   20.2258
    0.0000  -15.0000  -45.0000 2238.2559   20.2160
    7.5000  -15.0000  -45.0000 2212.3547   20.4635
   -7.5000   -7.5000  -45.0000 2243.4719   20.0782
    0.0000   -7.5000  -45.0000 2249.8940   20.0110
    7.5000   -7.5000  -45.0000 2224.4883   20.2154
   -7.5000    0.0000  -45.0000 2242.4099   19.9028
    0.0000    0.0000  -45.0000 2249.5427   19.8951
    7.5000    0.0000  -45.0000 2219.6931   20.0975
   -7.5000    7.5000  -45.0000 2231.3445   19.8967
    0.0000    7.5000  -45.0000 2240.8730   19.8630
    7.5000    7.5000  -45.0000 2219.6194   20.0421
   -7.5000   15.0000  -45.0000 2218.8867   19.9475
    0.0000   15.0000  -45.0000 2234.5676   19.8988
    7.5000   15.0000  -45.0000 2211.4229   20.1201
   -7.5000   22.5000  -45.0000 2199.5479   20.3520
    0.0000   22.5000  -45.0000 2220.0146   20.3020
    7.5000   22.5000  -45.0000 2194.5942   20.5745
   -7.5000   30.0000  -45.0000 2164.6125   21.2025
    0.0000   30.0000  -45.0000 2186.4507   21.0972
    7.5000   30.0000  -45.0000 2154.7234   21.4124
   -7.5000   37.5000  -45.0000 2111.9766   22.4761
    0.0000   37.5000  -45.0000 2135.9045   22.3566
    7.5000   37.5000  -45.0000 2105.6064   22.7054
   -7.5000   45.0000  -45.0000 2038.5419   24.2234
    0.0000   45.0000  -45.0000 2061.6543   24.1276
    7.5000   45.0000  -45.0000 2032.7727   24.5011
   -7.5000  -45.0000  -37.5000 2237.6428   20.0667
    0.0000  -45.0000  -37.5000 2244.0344   20.1233
    7.5000  -45.0000  -37.5000 2222.8442   20.5056
   -7.5000  -37.5000  -37.5000 2260.1077   19.4508
    0.0000  -37.5000  -37.5000 2264.2017   19.4885
    7.5000  -37.5000  -37.5000 2236.4333   19.7882
   -7.5000  -30.0000  -37.5000 2289.4612   19.0172
    0.0000  -30.0000  -37.5000 2291.0452   18.9548
    7.5000  -30.0000  -37.5000 2257.6958   19.2322
   -7.5000  -22.5000  -37.5000 2324.8813   18.7080
    0.0000  -22.5000  -37.5000 2324.7700   18.6738
    7.5000  -22.5000  -37.5000 2299.0127   18.9046
   -7.5000  -15.0000  -37.5000 2339.5342   18.4703
    0.0000  -15.0000  -37.5000 2342.1299   18.4052
    7.5000  -15.0000  -37.5000 2314.9785   18.6226
   -7.5000   -7.5000  -37.5000 2347.2180   18.3275
    0.0000   -7.5000  -37.5000 2354.0210   18.2733
    7.5000   -7.5000  -37.5000 2329.1499   18.4044
   -7.5000    0.0000  -37.5000 2341.9187   18.2025
    0.0000    0.0000  -37.5000 2350.8359   18.2023
    7.5000    0.0000  -37.5000 2324.3201   18.2940
   -7.5000    7.5000  -37.5000 2338.7185   18.1901
    0.0000    7.5000  -37.5000 2354.3840   18.1988
    7.5000    7.5000  -37.5000 2327.0828   18.2787
   -7.5000   15.0000  -37.5000 2324.2366   18.3335
    0.0000   15.0000  -37.5000 2340.0935   18.3240
    7.5000   15.0000  -37.5000 2316.8406   18.4091
   -7.5000   22.5000  -37.5000 2304.2935   18.7807
    0.0000   22.5000  -37.5000 2325.3669   18.7089
    7.5000   22.5000  -37.5000 2293.3679   18.8622
   -7.5000   30.0000  -37.5000 2263.4727   19.5065
    0.0000   30.0000  -37.5000 2289.9270   19.4291
    7.5000   30.0000  -37.5000 2256.4902   19.6485
   -7.5000   37.5000  -37.5000 2211.2539   20.6486
    0.0000   37.5000  -37.5000 2237.6328   20.5598
    7.5000   37.5000  -37.5000 2202.0359   20.8121
   -7.5000   45.0000  -37.5000 2139.4792   22.2309
    0.0000   45.0000  -37.5000 2162.7593   22.1549
    7.5000   45.0000  -37.5000 2133.6143   22.4494
   -7.5000  -45.0000  -30.0000 2362.1445   19.1732
    0.0000  -45.0000  -30.0000 2377.9502   19.2091
    7.5000  -45.0000  -30.0000 2348.0986   19.5849
   -7.5000  -37.5000  -30.0000 2396.2644   18.5105
    0.0000  -37.5000  -30.0000 2400.9114   18.4808
    7.5000  -37.5000  -30.0000 2373.1143   18.8605
   -7.5000  -30.0000  -30.0000 2427.3535   18.0531
    0.0000  -30.0000  -30.0000 2429.8789   18.0083
    7.5000  -30.0000  -30.0000 2400.0708   18.3073
   -7.5000  -22.5000  -30.0000 2459.1382   17.6814
    0.0000  -22.5000  -30.0000 2463.9360   17.6543
    7.5000  -22.5000  -30.0000 2430.6094   17.9002
   -7.5000  -15.0000  -30.0000 2471.3906   17.3995
    0.0000  -15.0000  -30.0000 2477.6609   17.3972
    7.5000  -15.0000  -30.0000 2446.9185   17.5888
   -7.5000   -7.5000  -30.0000 2478.7871   17.2384
    0.0000   -7.5000  -30.0000 2492.3508   17.2500
    7.5000   -7.5000  -30.0000 2464.2598   17.3976
   -7.5000    0.0000  -30.0000 2484.3296   17.1909
    0.0000    0.0000  -30.0000 2495.7290   17.1530
    7.5000    0.0000  -30.0000 2471.8855   17.2809
   -7.5000    7.5000  -30.0000 2488.7866   17.2554
    0.0000    7.5000  -30.0000 2508.8979   17.2181
    7.5000    7.5000  -30.0000 2472.5229   17.3044
   -7.5000   15.0000  -30.0000 2478.2883   17.4962
    0.0000   15.0000  -30.0000 2496.6257   17.4574
    7.5000   15.0000  -30.0000 2466.2610   17.5285
   -7.5000   22.5000  -30.0000 2459.0237   17.9489
    0.0000   22.5000  -30.0000 2472.5479   17.9050
    7.5000   22.5000  -30.0000 2442.1313   18.0333
   -7.5000   30.0000  -30.0000 2417.0281   18.6592
    0.0000   30.0000  -30.0000 2432.0647   18.6032
    7.5000   30.0000  -30.0000 2400.0254   18.7514
   -7.5000   37.5000  -30.0000 2356.4226   19.7225
    0.0000   37.5000  -30.0000 2378.4844   19.6550
    7.5000   37.5000  -30.0000 2345.1938   19.7987
   -7.5000   45.0000  -30.0000 2272.2786   21.2016
    0.0000   45.0000  -30.0000 2300.4387   21.1685
    7.5000   45.0000  -30.0000 2265.5452   21.3725
   -7.5000  -45.0000  -22.5000 2450.3418   18.3839
    0.0000  -45.0000  -22.5000 2466.5000   18.4007
    7.5000  -45.0000  -22.5000 2444.2583   18.7526
   -7.5000  -37.5000  -22.5000 2486.8606   17.5908
    0.0000  -37.5000  -22.5000 2497.2217   17.6146
    7.5000  -37.5000  -22.5000 2476.8506   17.9824
   -7.5000  -30.0000  -22.5000 2525.0801   17.0919
    0.0000  -30.0000  -22.5000 2533.3406   17.0704
    7.5000  -30.0000  -22.5000 2499.3777   17.4108
   -7.5000  -22.5000  -22.5000 2552.2244   16.6590
    0.0000  -22.5000  -22.5000 2558.4795   16.6284
    7.5000  -22.5000  -22.5000 2526.1128   16.9305
   -7.5000  -15.0000  -22.5000 2571.4673   16.3210
    0.0000  -15.0000  -22.5000 2579.7358   16.3032
    7.5000  -15.0000  -22.5000 2548.2097   16.6092
   -7.5000   -7.5000  -22.5000 2589.2466   16.1635
    0.0000   -7.5000  -22.5000 2600.0696   16.1473
    7.5000   -7.5000  -22.5000 2575.1624   16.3690
   -7.5000    0.0000  -22.5000 2599.9124   16.1085
    0.0000    0.0000  -22.5000 2614.7825   16.0857
    7.5000    0.0000  -22.5000 2595.1045   16.2519
   -7.5000    7.5000  -22.5000 2616.1843   16.1960
    0.0000    7.5000  -22.5000 2638.7478   16.1731
    7.5000    7.5000  -22.5000 2602.0232   16.3035
   -7.5000   15.0000  -22.5000 2609.7856   16.5080
    0.0000   15.0000  -22.5000 2630.4543   16.4867
    7.5000   15.0000  -22.5000 2591.2124   16.5628
   -7.5000   22.5000  -22.5000 2584.3948   17.0187
    0.0000   22.5000  -22.5000 2607.8015   16.9877
    7.5000   22.5000  -22.5000 2567.9985   17.0697
   -7.5000   30.0000  -22.5000 2544.4087   17.7384
    0.0000   30.0000  -22.5000 2562.4233   17.6929
    7.5000   30.0000  -22.5000 2524.6423   17.8103
   -7.5000   37.5000  -22.5000 2468.9255   18.7200
    0.0000   37.5000  -22.5000 2495.7515   18.6699
    7.5000   37.5000  -22.5000 2464.4529   18.8113
   -7.5000   45.0000  -22.5000 2377.7178   20.1434
    0.0000   45.0000  -22.5000 2403.3093   20.0862
    7.5000   45.0000  -22.5000 2375.9470   20.2496
   -7.5000  -45.0000  -15.0000 2516.9319   17.7630
    0.0000  -45.0000  -15.0000 2527.6765   17.7209
    7.5000  -45.0000  -15.0000 2495.6782   18.1046
   -7.5000  -37.5000  -15.0000 2548.6414   16.9022
    0.0000  -37.5000  -15.0000 2560.4580   16.8775
    7.5000  -37.5000  -15.0000 2535.9094   17.2871
   -7.5000  -30.0000  -15.0000 2586.0005   16.3427
    0.0000  -30.0000  -15.0000 2594.5601   16.3026
    7.5000  -30.0000  -15.0000 2563.4290   16.6484
   -7.5000  -22.5000  -15.0000 2617.1233   15.8174
    0.0000  -22.5000  -15.0000 2620.0403   15.7606
    7.5000  -22.5000  -15.0000 2589.8770   16.0699
   -7.5000  -15.0000  -15.0000 2638.7229   15.4453
    0.0000  -15.0000  -15.0000 2650.0210   15.3914
    7.5000  -15.0000  -15.0000 2620.5732   15.6973
   -7.5000   -7.5000  -15.0000 2668.9421   15.2276
    0.0000   -7.5000  -15.0000 2683.1360   15.1903
    7.5000   -7.5000  -15.0000 2658.2175   15.4326
   -7.5000    0.0000  -15.0000 2692.4429   15.1545
    0.0000    0.0000  -15.0000 2713.1450   15.1085
    7.5000    0.0000  -15.0000 2683.1868   15.3001
   -7.5000    7.5000  -15.0000 2703.9299   15.2078
    0.0000    7.5000  -15.0000 2738.3721   15.1720
    7.5000    7.5000  -15.0000 2697.1426   15.3913
   -7.5000   15.0000  -15.0000 2704.0474   15.4956
    0.0000   15.0000  -15.0000 2739.4971   15.4812
    7.5000   15.0000  -15.0000 2693.7634   15.6585
   -7.5000   22.5000  -15.0000 2679.9641   16.0645
    0.0000   22.5000  -15.0000 2713.5361   16.0345
    7.5000   22.5000  -15.0000 2669.7515   16.1731
   -7.5000   30.0000  -15.0000 2625.4578   16.8275
    0.0000   30.0000  -15.0000 2658.5635   16.7729
    7.5000   30.0000  -15.0000 2630.3101   16.9052
   -7.5000   37.5000  -15.0000 2548.0774   17.7762
    0.0000   37.5000  -15.0000 2578.5261   17.7153
    7.5000   37.5000  -15.0000 2554.3184   17.8506
   -7.5000   45.0000  -15.0000 2448.4961   19.1477
    0.0000   45.0000  -15.0000 2475.5027   19.1111
    7.5000   45.0000  -15.0000 2452.1011   19.2855
   -7.5000  -45.0000   -7.5000 2560.0498   17.2180
    0.0000  -45.0000   -7.5000 2568.2603   17.1430
    7.5000  -45.0000   -7.5000 2537.3213   17.5472
   -7.5000  -37.5000   -7.5000 2593.6699   16.3163
    0.0000  -37.5000   -7.5000 2601.7004   16.2623
    7.5000  -37.5000   -7.5000 2570.8833   16.6847
   -7.5000  -30.0000   -7.5000 2620.7390   15.6576
    0.0000  -30.0000   -7.5000 2628.6982   15.5875
    7.5000  -30.0000   -7.5000 2601.0295   15.9564
   -7.5000  -22.5000   -7.5000 2649.3594   15.0994
    0.0000  -22.5000   -7.5000 2656.2158   15.0079
    7.5000  -22.5000   -7.5000 2628.0547   15.3710
   -7.5000  -15.0000   -7.5000 2679.9919   14.7248
    0.0000  -15.0000   -7.5000 2697.8882   14.6191
    7.5000  -15.0000   -7.5000 2671.8982   14.9250
   -7.5000   -7.5000   -7.5000 2721.7273   14.4516
    0.0000   -7.5000   -7.5000 2742.1023   14.3733
    7.5000   -7.5000   -7.5000 2715.9592   14.6519
   -7.5000    0.0000   -7.5000 2759.1946   14.3859
    0.0000    0.0000   -7.5000 2791.6130   14.2745
    7.5000    0.0000   -7.5000 2754.1584   14.5310
   -7.5000    7.5000   -7.5000 2787.4463   14.4790
    0.0000    7.5000   -7.5000 2831.4990   14.3782
    7.5000    7.5000   -7.5000 2779.8665   14.6526
   -7.5000   15.0000   -7.5000 2794.2031   14.7369
    0.0000   15.0000   -7.5000 2844.0156   14.6181
    7.5000   15.0000   -7.5000 2783.8538   14.9096
   -7.5000   22.5000   -7.5000 2759.8208   15.2535
    0.0000   22.5000   -7.5000 2805.9929   15.1658
    7.5000   22.5000   -7.5000 2762.7549   15.4444
   -7.5000   30.0000   -7.5000 2693.8594   15.9865
    0.0000   30.0000   -7.5000 2731.8059   15.8874
    7.5000   30.0000   -7.5000 2708.7651   16.1305
   -7.5000   37.5000   -7.5000 2605.2871   16.9518
    0.0000   37.5000   -7.5000 2644.4744   16.8127
    7.5000   37.5000   -7.5000 2621.0078   17.0586
   -7.5000   45.0000   -7.5000 2497.0698   18.2734
    0.0000   45.0000   -7.5000 2526.5361   18.1656
    7.5000   45.0000   -7.5000 2500.2119   18.4451
   -7.5000  -45.0000    0.0000 2583.7007   16.9047
    0.0000  -45.0000    0.0000 2601.9172   16.7689
    7.5000  -45.0000    0.0000 2560.6177   17.1955
   -7.5000  -37.5000    0.0000 2611.4666   15.9518
    0.0000  -37.5000    0.0000 2627.0195   15.8263
    7.5000  -37.5000    0.0000 2592.6931   16.2488
   -7.5000  -30.0000    0.0000 2630.3384   15.2031
    0.0000  -30.0000    0.0000 2638.7729   15.0650
    7.5000  -30.0000    0.0000 2617.6802   15.4885
   -7.5000  -22.5000    0.0000 2661.8479   14.6303
    0.0000  -22.5000    0.0000 2668.1873   14.4642
    7.5000  -22.5000    0.0000 2651.1011   14.8292
   -7.5000  -15.0000    0.0000 2700.4021   14.2204
    0.0000  -15.0000    0.0000 2717.7144   14.0485
    7.5000  -15.0000    0.0000 2696.4817   14.3756
   -7.5000   -7.5000    0.0000 2748.3860   13.9413
    0.0000   -7.5000    0.0000 2774.8311   13.7617
    7.5000   -7.5000    0.0000 2747.9016   14.0934
   -7.5000    0.0000    0.0000 2802.8623   13.8840
    0.0000    0.0000    0.0000 2838.2192   13.7247
    7.5000    0.0000    0.0000 2794.3384   14.0284
   -7.5000    7.5000    0.0000 2856.5166   14.0339
    0.0000    7.5000    0.0000 2907.9424   13.8755
    7.5000    7.5000    0.0000 2841.1562   14.1821
   -7.5000   15.0000    0.0000 2876.7466   14.2912
    0.0000   15.0000    0.0000 2939.0706   14.1336
    7.5000   15.0000    0.0000 2863.5483   14.4887
   -7.5000   22.5000    0.0000 2830.1748   14.7739
    0.0000   22.5000    0.0000 2887.8613   14.5858
    7.5000   22.5000    0.0000 2833.0100   15.0008
   -7.5000   30.0000    0.0000 2745.4243   15.4425
    0.0000   30.0000    0.0000 2790.4971   15.2315
    7.5000   30.0000    0.0000 2766.2241   15.5695
   -7.5000   37.5000    0.0000 2647.9473   16.3557
    0.0000   37.5000    0.0000 2691.7346   16.1289
    7.5000   37.5000    0.0000 2666.5034   16.4223
   -7.5000   45.0000    0.0000 2530.2156   17.6813
    0.0000   45.0000    0.0000 2563.3850   17.5157
    7.5000   45.0000    0.0000 2534.6287   17.7896
   -7.5000  -45.0000    7.5000 2587.6445   16.8089
    0.0000  -45.0000    7.5000 2612.9612   16.6336
    7.5000  -45.0000    7.5000 2562.3179   17.0406
   -7.5000  -37.5000    7.5000 2608.3572   15.7816
    0.0000  -37.5000    7.5000 2626.0645   15.6383
    7.5000  -37.5000    7.5000 2593.2910   16.0789
   -7.5000  -30.0000    7.5000 2625.1912   14.9949
    0.0000  -30.0000    7.5000 2634.1619   14.8112
    7.5000  -30.0000    7.5000 2609.0583   15.2591
   -7.5000  -22.5000    7.5000 2664.4578   14.4107
    0.0000  -22.5000    7.5000 2676.9253   14.1996
    7.5000  -22.5000    7.5000 2646.0308   14.5989
   -7.5000  -15.0000    7.5000 2710.5156   13.9715
    0.0000  -15.0000    7.5000 2728.6760   13.7543
    7.5000  -15.0000    7.5000 2701.2876   14.1202
   -7.5000   -7.5000    7.5000 2759.1562   13.7412
    0.0000   -7.5000    7.5000 2793.3218   13.4773
    7.5000   -7.5000    7.5000 2760.2485   13.8611
   -7.5000    0.0000    7.5000 2815.4023   13.7226
    0.0000    0.0000    7.5000 2860.4314   13.4671
    7.5000    0.0000    7.5000 2817.6870   13.8215
   -7.5000    7.5000    7.5000 2889.0967   13.9168
    0.0000    7.5000    7.5000 2940.8774   13.6691
    7.5000    7.5000    7.5000 2877.0474   13.9386
   -7.5000   15.0000    7.5000 2920.8828   14.2376
    0.0000   15.0000    7.5000 2996.6685   14.0310
    7.5000   15.0000    7.5000 2915.8481   14.2968
   -7.5000   22.5000    7.5000 2869.8640   14.6675
    0.0000   22.5000    7.5000 2940.0098   14.3986
    7.5000   22.5000    7.5000 2882.1055   14.7343
   -7.5000   30.0000    7.5000 2772.9951   15.2003
    0.0000   30.0000    7.5000 2823.8894   14.9154
    7.5000   30.0000    7.5000 2792.4585   15.2224
   -7.5000   37.5000    7.5000 2670.5557   16.0486
    0.0000   37.5000    7.5000 2712.1477   15.7813
    7.5000   37.5000    7.5000 2688.8740   16.0420
   -7.5000   45.0000    7.5000 2543.1545   17.3431
    0.0000   45.0000    7.5000 2574.7805   17.1510
    7.5000   45.0000    7.5000 2556.1743   17.3915
   -7.5000  -45.0000   15.0000 2562.1912   16.8634
    0.0000  -45.0000   15.0000 2586.9246   16.7030
    7.5000  -45.0000   15.0000 2536.5547   17.1610
   -7.5000  -37.5000   15.0000 2588.0059   15.8353
    0.0000  -37.5000   15.0000 2609.7161   15.6607
    7.5000  -37.5000   15.0000 2568.2297   16.1363
   -7.5000  -30.0000   15.0000 2607.2874   15.0353
    0.0000  -30.0000   15.0000 2622.9319   14.8434
    7.5000  -30.0000   15.0000 2591.7842   15.2940
   -7.5000  -22.5000   15.0000 2644.1091   14.4669
    0.0000  -22.5000   15.0000 2664.9480   14.2467
    7.5000  -22.5000   15.0000 2632.4629   14.6386
   -7.5000  -15.0000   15.0000 2687.2993   14.0734
    0.0000  -15.0000   15.0000 2712.8577   13.8328
    7.5000  -15.0000   15.0000 2683.8040   14.1833
   -7.5000   -7.5000   15.0000 2743.2732   13.8359
    0.0000   -7.5000   15.0000 2775.4026   13.6167
    7.5000   -7.5000   15.0000 2745.2048   13.9336
   -7.5000    0.0000   15.0000 2794.6548   13.8103
    0.0000    0.0000   15.0000 2839.3042   13.5941
    7.5000    0.0000   15.0000 2806.0598   13.8602
   -7.5000    7.5000   15.0000 2866.8508   13.9507
    0.0000    7.5000   15.0000 2913.9229   13.7229
    7.5000    7.5000   15.0000 2866.1201   13.9329
   -7.5000   15.0000   15.0000 2892.3215   14.2611
    0.0000   15.0000   15.0000 2965.5139   13.9634
    7.5000   15.0000   15.0000 2905.0674   14.1956
   -7.5000   22.5000   15.0000 2855.1956   14.6783
    0.0000   22.5000   15.0000 2922.6802   14.4049
    7.5000   22.5000   15.0000 2872.8562   14.5849
   -7.5000   30.0000   15.0000 2767.7363   15.2205
    0.0000   30.0000   15.0000 2811.3442   15.0251
    7.5000   30.0000   15.0000 2774.2310   15.2309
   -7.5000   37.5000   15.0000 2667.9380   16.0770
    0.0000   37.5000   15.0000 2700.0754   15.8738
    7.5000   37.5000   15.0000 2676.3840   16.0846
   -7.5000   45.0000   15.0000 2536.7700   17.3148
    0.0000   45.0000   15.0000 2560.9668   17.1578
    7.5000   45.0000   15.0000 2541.3809   17.4039
   -7.5000  -45.0000   22.5000 2515.2922   17.1600
    0.0000  -45.0000   22.5000 2541.2610   17.0105
    7.5000  -45.0000   22.5000 2502.9824   17.4525
   -7.5000  -37.5000   22.5000 2551.1082   16.1256
    0.0000  -37.5000   22.5000 2577.5613   15.9553
    7.5000  -37.5000   22.5000 2539.5100   16.3900
   -7.5000  -30.0000   22.5000 2578.1406   15.3288
    0.0000  -30.0000   22.5000 2601.6479   15.1697
    7.5000  -30.0000   22.5000 2570.5376   15.5334
   -7.5000  -22.5000   22.5000 2610.3462   14.7913
    0.0000  -22.5000   22.5000 2645.3733   14.6183
    7.5000  -22.5000   22.5000 2613.4714   14.9276
   -7.5000  -15.0000   22.5000 2653.4270   14.4317
    0.0000  -15.0000   22.5000 2688.0764   14.2507
    7.5000  -15.0000   22.5000 2655.0071   14.4819
   -7.5000   -7.5000   22.5000 2703.9958   14.1873
    0.0000   -7.5000   22.5000 2747.5251   14.0175
    7.5000   -7.5000   22.5000 2720.1777   14.2315
   -7.5000    0.0000   22.5000 2756.8850   14.1232
    0.0000    0.0000   22.5000 2806.5718   13.9500
    7.5000    0.0000   22.5000 2775.0623   14.1544
   -7.5000    7.5000   22.5000 2807.7859   14.2361
    0.0000    7.5000   22.5000 2862.4741   14.0039
    7.5000    7.5000   22.5000 2824.2241   14.2232
   -7.5000   15.0000   22.5000 2827.2170   14.4644
    0.0000   15.0000   22.5000 2887.4329   14.1853
    7.5000   15.0000   22.5000 2853.0525   14.4084
   -7.5000   22.5000   22.5000 2802.9202   14.8775
    0.0000   22.5000   22.5000 2860.3372   14.6187
    7.5000   22.5000   22.5000 2822.0007   14.8551
   -7.5000   30.0000   22.5000 2724.1162   15.5555
    0.0000   30.0000   22.5000 2766.6436   15.3432
    7.5000   30.0000   22.5000 2735.2832   15.5571
   -7.5000   37.5000   22.5000 2633.5220   16.4866
    0.0000   37.5000   22.5000 2663.6707   16.2584
    7.5000   37.5000   22.5000 2644.1008   16.4692
   -7.5000   45.0000   22.5000 2506.7632   17.7087
    0.0000   45.0000   22.5000 2530.9270   17.5588
    7.5000   45.0000   22.5000 2510.8904   17.7586
   -7.5000  -45.0000   30.0000 2453.8496   17.7245
    0.0000  -45.0000   30.0000 2481.8276   17.5814
    7.5000  -45.0000   30.0000 2453.0881   17.9063
   -7.5000  -37.5000   30.0000 2496.9189   16.6956
    0.0000  -37.5000   30.0000 2523.5828   16.5526
    7.5000  -37.5000   30.0000 2495.9680   16.8870
   -7.5000  -30.0000   30.0000 2531.7437   15.8799
    0.0000  -30.0000   30.0000 2566.1707   15.7706
    7.5000  -30.0000   30.0000 2533.7795   16.0471
   -7.5000  -22.5000   30.0000 2573.4211   15.3065
    0.0000  -22.5000   30.0000 2609.3257   15.1729
    7.5000  -22.5000   30.0000 2580.7214   15.4385
   -7.5000  -15.0000   30.0000 2608.8562   14.9512
    0.0000  -15.0000   30.0000 2651.3186   14.8152
    7.5000  -15.0000   30.0000 2625.8774   15.0469
   -7.5000   -7.5000   30.0000 2659.9690   14.7157
    0.0000   -7.5000   30.0000 2709.8752   14.5759
    7.5000   -7.5000   30.0000 2685.2717   14.7799
   -7.5000    0.0000   30.0000 2707.4985   14.6358
    0.0000    0.0000   30.0000 2755.3364   14.4796
    7.5000    0.0000   30.0000 2728.7273   14.6773
   -7.5000    7.5000   30.0000 2743.5715   14.7166
    0.0000    7.5000   30.0000 2793.2881   14.5357
    7.5000    7.5000   30.0000 2761.1130   14.7229
   -7.5000   15.0000   30.0000 2754.2407   14.9139
    0.0000   15.0000   30.0000 2803.4287   14.7333
    7.5000   15.0000   30.0000 2774.3430   14.9296
   -7.5000   22.5000   30.0000 2718.2134   15.3676
    0.0000   22.5000   30.0000 2773.1267   15.1752
    7.5000   22.5000   30.0000 2745.8237   15.3848
   -7.5000   30.0000   30.0000 2650.4656   16.0612
    0.0000   30.0000   30.0000 2688.9802   15.8798
    7.5000   30.0000   30.0000 2668.3171   16.0923
   -7.5000   37.5000   30.0000 2571.9172   17.0475
    0.0000   37.5000   30.0000 2600.1218   16.8340
    7.5000   37.5000   30.0000 2576.1538   17.0571
   -7.5000   45.0000   30.0000 2452.4512   18.2780
    0.0000   45.0000   30.0000 2483.2444   18.1103
    7.5000   45.0000   30.0000 2458.4878   18.3294
   -7.5000  -45.0000   37.5000 2390.9036   18.4863
    0.0000  -45.0000   37.5000 2418.8555   18.3373
    7.5000  -45.0000   37.5000 2395.8677   18.6175
   -7.5000  -37.5000   37.5000 2439.2549   17.4814
    0.0000  -37.5000   37.5000 2468.8081   17.3137
    7.5000  -37.5000   37.5000 2442.6272   17.5935
   -7.5000  -30.0000   37.5000 2482.2922   16.6880
    0.0000  -30.0000   37.5000 2519.2637   16.5475
    7.5000  -30.0000   37.5000 2490.1575   16.7999
   -7.5000  -22.5000   37.5000 2525.0085   16.1051
    0.0000  -22.5000   37.5000 2560.8457   15.9530
    7.5000  -22.5000   37.5000 2538.0623   16.2080
   -7.5000  -15.0000   37.5000 2559.0933   15.6952
    0.0000  -15.0000   37.5000 2598.6831   15.5460
    7.5000  -15.0000   37.5000 2579.1238   15.7776
   -7.5000   -7.5000   37.5000 2604.4148   15.4587
    0.0000   -7.5000   37.5000 2652.3706   15.3413
    7.5000   -7.5000   37.5000 2632.0708   15.5211
   -7.5000    0.0000   37.5000 2642.2346   15.3925
    0.0000    0.0000   37.5000 2691.1184   15.2377
    7.5000    0.0000   37.5000 2667.7224   15.4287
   -7.5000    7.5000   37.5000 2669.9707   15.4246
    0.0000    7.5000   37.5000 2716.1016   15.2804
    7.5000    7.5000   37.5000 2689.2026   15.4671
   -7.5000   15.0000   37.5000 2670.2297   15.6228
    0.0000   15.0000   37.5000 2709.1511   15.5092
    7.5000   15.0000   37.5000 2688.1304   15.7017
   -7.5000   22.5000   37.5000 2631.4106   16.1067
    0.0000   22.5000   37.5000 2678.4756   15.9557
    7.5000   22.5000   37.5000 2660.9800   16.1769
   -7.5000   30.0000   37.5000 2566.2346   16.7719
    0.0000   30.0000   37.5000 2608.2205   16.6409
    7.5000   30.0000   37.5000 2593.9275   16.8504
   -7.5000   37.5000   37.5000 2491.8098   17.7241
    0.0000   37.5000   37.5000 2523.3672   17.5809
    7.5000   37.5000   37.5000 2501.7239   17.7542
   -7.5000   45.0000   37.5000 2388.4124   18.9744
    0.0000   45.0000   37.5000 2418.8096   18.8051
    7.5000   45.0000   37.5000 2396.1113   19.0212
   -7.5000  -45.0000   45.0000 2326.7422   19.5369
    0.0000  -45.0000   45.0000 2353.6926   19.3358
    7.5000  -45.0000   45.0000 2327.6545   19.6165
   -7.5000  -37.5000   45.0000 2370.7209   18.4769
    0.0000  -37.5000   45.0000 2399.8970   18.2506
    7.5000  -37.5000   45.0000 2375.6292   18.5482
   -7.5000  -30.0000   45.0000 2419.4868   17.7026
    0.0000  -30.0000   45.0000 2457.1575   17.5155
    7.5000  -30.0000   45.0000 2434.5833   17.7846
   -7.5000  -22.5000   45.0000 2464.7795   17.1280
    0.0000  -22.5000   45.0000 2499.5789   16.9235
    7.5000  -22.5000   45.0000 2484.1328   17.1941
   -7.5000  -15.0000   45.0000 2499.7319   16.6815
    0.0000  -15.0000   45.0000 2534.6396   16.4980
    7.5000  -15.0000   45.0000 2523.6785   16.7172
   -7.5000   -7.5000   45.0000 2533.9746   16.4388
    0.0000   -7.5000   45.0000 2575.0942   16.2658
    7.5000   -7.5000   45.0000 2564.6914   16.4751
   -7.5000    0.0000   45.0000 2558.3843   16.3568
    0.0000    0.0000   45.0000 2602.7507   16.1892
    7.5000    0.0000   45.0000 2587.0674   16.3760
   -7.5000    7.5000   45.0000 2574.5803   16.3496
    0.0000    7.5000   45.0000 2614.1194   16.2546
    7.5000    7.5000   45.0000 2594.8752   16.4327
   -7.5000   15.0000   45.0000 2571.8816   16.6132
    0.0000   15.0000   45.0000 2603.5288   16.5509
    7.5000   15.0000   45.0000 2583.2551   16.7174
   -7.5000   22.5000   45.0000 2537.9136   17.1095
    0.0000   22.5000   45.0000 2571.0730   17.0066
    7.5000   22.5000   45.0000 2559.2329   17.1888
   -7.5000   30.0000   45.0000 2478.8101   17.8353
    0.0000   30.0000   45.0000 2515.2939   17.6581
    7.5000   30.0000   45.0000 2501.6538   17.8385
   -7.5000   37.5000   45.0000 2408.0872   18.7431
    0.0000   37.5000   45.0000 2440.7590   18.5266
    7.5000   37.5000   45.0000 2420.0688   18.6929
   -7.5000   45.0000   45.0000 2315.5657   19.9571
    0.0000   45.0000   45.0000 2342.8730   19.7000
    7.5000   45.0000   45.0000 2323.1902   19.9445

---------------------------------------------------------------------
imgreg_4dfp /opt/freesurfer/average/711-2C_as_mni_average_305 /opt/freesurfer/average/711-2B_as_mni_average_305_mask talsrcimg_g11 none talsrcimg_to_711-2C_as_mni_average_305_t4 1283
---------------------------------------------------------------------

freesurfer imgreg_4dfp.c
/opt/freesurfer/average/711-2C_as_mni_average_305.4dfp.img
       256       256       256         1
  1.000000  1.000000  1.000000
orientation T byte_order littleendian
Reading image: /opt/freesurfer/average/711-2C_as_mni_average_305.4dfp.img
dimensions:      256       256       256
mmppix:       1.0000   -1.0000   -1.0000
center:     128.0000 -129.0000 -129.0000
/opt/freesurfer/average/711-2B_as_mni_average_305_mask.4dfp.img
       256       256       256         1
  1.000000  1.000000  1.000000
orientation T byte_order littleendian
Reading mask: /opt/freesurfer/average/711-2B_as_mni_average_305_mask.4dfp.img (2306576 pixels)
talsrcimg_g11.4dfp.img
       256       256       256         1
  1.000000  1.000000  1.000000
orientation T byte_order littleendian
Reading image: talsrcimg_g11.4dfp.img
dimensions:      256       256       256
mmppix:       1.0000   -1.0000   -1.0000
center:     128.0000 -129.0000 -129.0000
rotation matrix determinant  1.000000
fimgreg.f
image alignment mode   1283 decimal      503 hex
parameters
    0.0000   15.0000    7.5000    0.0000    0.0000    0.0000
eta,q 0.93786 14.05970
niter,ni,del,rscale     5    3   12.0000    1.2000
parameter  4  1.364186 ->  0.500000 qaram    1.1500
parameter  5  0.610767 ->  0.500000 qaram    1.1500
parameters
    0.3045   15.7769    9.0013   -3.4500   -3.4500   -2.0189
eta,q 0.94523 14.00820
  0.0853  0.0751  0.0753  0.0598  0.0570  0.0580
  0.0758  0.0696  0.0688  0.0580  0.0552  0.0554
  0.0675  0.0659  0.0641  0.0603  0.0553  0.0548
  0.0638  0.0634  0.0625  0.0632  0.0584  0.0549
  0.0660  0.0623  0.0630  0.0644  0.0648  0.0577
  0.0729  0.0644  0.0641  0.0659  0.0731  0.0637
  0.0816  0.0716  0.0661  0.0691  0.0808  0.0704
niter,ni,del,rscale     6    3   12.0000    1.2000
parameters
    1.0850   16.5075    8.2012   -3.0538   -4.7559   -2.2978
eta,q 0.94680 14.08830
  0.0774  0.0733  0.0632  0.0654  0.0609  0.0616
  0.0650  0.0647  0.0571  0.0597  0.0562  0.0563
  0.0575  0.0580  0.0541  0.0552  0.0534  0.0534
  0.0548  0.0546  0.0540  0.0538  0.0537  0.0533
  0.0550  0.0540  0.0560  0.0546  0.0560  0.0547
  0.0587  0.0579  0.0617  0.0588  0.0618  0.0577
  0.0678  0.0671  0.0701  0.0626  0.0707  0.0628
niter,ni,del,rscale     5    3   12.0000    1.2000
parameters
    1.1524   16.4054    8.2197   -3.0247   -4.8263   -2.2864
eta,q 0.94677 14.08874
  0.0715  0.0688  0.0658  0.0640  0.0648  0.0625
  0.0596  0.0608  0.0595  0.0584  0.0586  0.0570
  0.0544  0.0555  0.0550  0.0548  0.0542  0.0537
  0.0532  0.0532  0.0533  0.0533  0.0533  0.0532
  0.0549  0.0541  0.0538  0.0546  0.0545  0.0545
  0.0600  0.0606  0.0584  0.0594  0.0584  0.0571
  0.0698  0.0712  0.0667  0.0632  0.0657  0.0621
niter,ni,del,rscale     4    3   12.0000    1.2000
parameters
    1.1630   16.3903    8.2273   -3.0164   -4.8321   -2.2812
eta,q 0.94676 14.08875
  0.0711  0.0692  0.0658  0.0640  0.0650  0.0625
  0.0594  0.0611  0.0594  0.0583  0.0588  0.0570
  0.0544  0.0557  0.0549  0.0548  0.0543  0.0537
  0.0532  0.0532  0.0532  0.0532  0.0532  0.0532
  0.0550  0.0540  0.0538  0.0546  0.0544  0.0545
  0.0602  0.0602  0.0585  0.0594  0.0582  0.0571
  0.0702  0.0707  0.0667  0.0632  0.0654  0.0621
registration optimization eta report
parameter search radius
    6.0000    6.0000    6.0000    6.9000    6.9000    6.0000
100000*second partial in parameter space
       49.       47.       37.       21.       25.       26.
  0.0711  0.0692  0.0658  0.0640  0.0650  0.0625
  0.0594  0.0611  0.0594  0.0583  0.0588  0.0570
  0.0544  0.0557  0.0549  0.0548  0.0543  0.0537
  0.0532  0.0532  0.0532  0.0532  0.0532  0.0532
  0.0550  0.0540  0.0538  0.0546  0.0544  0.0545
  0.0602  0.0602  0.0585  0.0594  0.0582  0.0571
  0.0702  0.0707  0.0667  0.0632  0.0654  0.0621
    1.1630   16.3903    8.2273   -3.0164   -4.8321   -2.2812
eta,q 0.94676 14.08875

---------------------------------------------------------------------
imgreg_4dfp /opt/freesurfer/average/711-2C_as_mni_average_305 /opt/freesurfer/average/711-2B_as_mni_average_305_mask talsrcimg_g11 none talsrcimg_to_711-2C_as_mni_average_305_t4 3335
---------------------------------------------------------------------

freesurfer imgreg_4dfp.c
/opt/freesurfer/average/711-2C_as_mni_average_305.4dfp.img
       256       256       256         1
  1.000000  1.000000  1.000000
orientation T byte_order littleendian
Reading image: /opt/freesurfer/average/711-2C_as_mni_average_305.4dfp.img
dimensions:      256       256       256
mmppix:       1.0000   -1.0000   -1.0000
center:     128.0000 -129.0000 -129.0000
/opt/freesurfer/average/711-2B_as_mni_average_305_mask.4dfp.img
       256       256       256         1
  1.000000  1.000000  1.000000
orientation T byte_order littleendian
Reading mask: /opt/freesurfer/average/711-2B_as_mni_average_305_mask.4dfp.img (2306576 pixels)
talsrcimg_g11.4dfp.img
       256       256       256         1
  1.000000  1.000000  1.000000
orientation T byte_order littleendian
Reading image: talsrcimg_g11.4dfp.img
dimensions:      256       256       256
mmppix:       1.0000   -1.0000   -1.0000
center:     128.0000 -129.0000 -129.0000
fimgreg.f
image alignment mode   3335 decimal      D07 hex
parameters
    1.1630   16.3903    8.2273   -0.4344   -0.2000   -0.4935
    3.5319    8.6147   -3.9662    4.9231   -8.4236   -5.2434
eta,q 0.94941 14.06942
niter,ni,del,rscale     5    3    5.0000    1.2000
parameter  4  1.853378 ->  0.500000 qaram    1.1500
parameter  5  0.992028 ->  0.500000 qaram    1.1500
parameter  6  0.628089 ->  0.500000 qaram    1.1500
parameters
    0.9123   16.9161    8.5374   -4.5744   -4.3400   -4.6335
    3.4734    7.9250   -2.0177    3.7212  -10.7485   -4.4955
eta,q 0.95950 13.41406
  0.0538  0.0548  0.0530  0.0417  0.0420  0.0415  0.0447  0.0458  0.0441  0.0434  0.0413  0.0431
  0.0518  0.0529  0.0517  0.0439  0.0423  0.0410  0.0428  0.0431  0.0427  0.0417  0.0407  0.0419
  0.0508  0.0515  0.0508  0.0467  0.0432  0.0415  0.0415  0.0415  0.0416  0.0408  0.0405  0.0410
  0.0506  0.0506  0.0503  0.0503  0.0446  0.0425  0.0411  0.0411  0.0410  0.0409  0.0407  0.0405
  0.0513  0.0504  0.0504  0.0546  0.0466  0.0445  0.0415  0.0421  0.0409  0.0419  0.0412  0.0406
  0.0529  0.0510  0.0509  0.0597  0.0493  0.0474  0.0428  0.0446  0.0412  0.0435  0.0419  0.0413
  0.0555  0.0523  0.0519  0.0653  0.0524  0.0514  0.0449  0.0482  0.0420  0.0456  0.0429  0.0423
niter,ni,del,rscale     7    3    5.0000    1.2000
parameter  4  1.185512 ->  0.500000 qaram    1.3225
parameters
    0.9128   16.9317    8.5240   -9.3354   -6.3809   -5.6167
    3.0502    7.8717   -2.1183    2.7146  -11.1133   -5.1916
eta,q 0.96369 12.95636
  0.0450  0.0438  0.0429  0.0352  0.0384  0.0397  0.0397  0.0420  0.0384  0.0390  0.0377  0.0381
  0.0425  0.0420  0.0416  0.0363  0.0371  0.0378  0.0378  0.0390  0.0373  0.0373  0.0369  0.0371
  0.0409  0.0409  0.0408  0.0380  0.0365  0.0367  0.0367  0.0372  0.0367  0.0364  0.0365  0.0364
  0.0405  0.0405  0.0405  0.0405  0.0367  0.0365  0.0365  0.0364  0.0364  0.0364  0.0363  0.0363
  0.0411  0.0409  0.0408  0.0438  0.0376  0.0373  0.0370  0.0371  0.0367  0.0373  0.0366  0.0368
  0.0426  0.0420  0.0416  0.0481  0.0393  0.0389  0.0385  0.0390  0.0374  0.0387  0.0372  0.0377
  0.0449  0.0437  0.0430  0.0534  0.0420  0.0419  0.0404  0.0422  0.0385  0.0407  0.0379  0.0389
niter,ni,del,rscale     7    3    5.0000    1.2000
parameter  4  0.555957 ->  0.500000 qaram    1.5209
parameters
    1.0257   16.9583    8.4699  -14.8105   -6.3458   -6.2088
    2.7701    7.8493   -2.3822    2.4696  -11.5687   -5.6496
eta,q 0.96557 12.55172
  0.0414  0.0395  0.0387  0.0358  0.0378  0.0383  0.0381  0.0403  0.0367  0.0377  0.0359  0.0363
  0.0387  0.0377  0.0373  0.0346  0.0359  0.0361  0.0361  0.0373  0.0354  0.0357  0.0351  0.0353
  0.0369  0.0367  0.0365  0.0348  0.0348  0.0348  0.0348  0.0352  0.0347  0.0347  0.0346  0.0346
  0.0363  0.0363  0.0363  0.0363  0.0345  0.0345  0.0345  0.0345  0.0345  0.0345  0.0344  0.0344
  0.0367  0.0366  0.0367  0.0387  0.0349  0.0353  0.0351  0.0352  0.0348  0.0350  0.0347  0.0348
  0.0381  0.0377  0.0375  0.0420  0.0359  0.0369  0.0366  0.0373  0.0357  0.0362  0.0354  0.0357
  0.0405  0.0394  0.0388  0.0463  0.0377  0.0395  0.0386  0.0405  0.0370  0.0380  0.0364  0.0369
niter,ni,del,rscale     7    3    5.0000    1.2000
parameters
    1.0752   17.0674    8.3842  -14.4884   -6.4704   -6.3113
    2.7710    7.8936   -2.3862    2.6508  -11.6248   -5.8624
eta,q 0.96559 12.56462
  0.0397  0.0379  0.0368  0.0419  0.0376  0.0388  0.0384  0.0405  0.0368  0.0381  0.0360  0.0364
  0.0370  0.0361  0.0354  0.0382  0.0358  0.0364  0.0362  0.0374  0.0355  0.0360  0.0352  0.0354
  0.0352  0.0349  0.0346  0.0355  0.0347  0.0349  0.0349  0.0352  0.0347  0.0348  0.0347  0.0347
  0.0344  0.0344  0.0344  0.0344  0.0344  0.0344  0.0344  0.0344  0.0344  0.0344  0.0344  0.0344
  0.0349  0.0347  0.0348  0.0353  0.0349  0.0351  0.0349  0.0351  0.0347  0.0348  0.0346  0.0347
  0.0366  0.0357  0.0357  0.0376  0.0359  0.0366  0.0363  0.0372  0.0355  0.0359  0.0352  0.0355
  0.0394  0.0373  0.0370  0.0411  0.0377  0.0389  0.0383  0.0404  0.0368  0.0376  0.0361  0.0367
niter,ni,del,rscale     6    3    5.0000    1.2000
parameters
    1.0809   17.0988    8.3358  -14.4746   -6.4536   -6.3168
    2.7650    7.9069   -2.3718    2.7442  -11.6472   -5.9512
eta,q 0.96559 12.56854
  0.0395  0.0377  0.0368  0.0415  0.0377  0.0389  0.0384  0.0404  0.0368  0.0380  0.0361  0.0365
  0.0368  0.0359  0.0354  0.0379  0.0358  0.0365  0.0362  0.0374  0.0355  0.0359  0.0352  0.0354
  0.0351  0.0348  0.0346  0.0353  0.0347  0.0349  0.0348  0.0352  0.0347  0.0347  0.0347  0.0347
  0.0344  0.0344  0.0344  0.0344  0.0344  0.0344  0.0344  0.0344  0.0344  0.0344  0.0344  0.0344
  0.0350  0.0348  0.0348  0.0354  0.0348  0.0350  0.0349  0.0351  0.0347  0.0349  0.0346  0.0347
  0.0367  0.0358  0.0357  0.0379  0.0358  0.0366  0.0363  0.0372  0.0355  0.0360  0.0352  0.0355
  0.0395  0.0375  0.0369  0.0414  0.0376  0.0388  0.0383  0.0404  0.0368  0.0376  0.0361  0.0366
niter,ni,del,rscale     5    3    5.0000    1.2000
parameters
    1.0813   17.1104    8.3203  -14.4751   -6.4520   -6.3089
    2.7616    7.9116   -2.3689    2.7821  -11.6566   -5.9881
eta,q 0.96558 12.56997
  0.0395  0.0376  0.0369  0.0415  0.0377  0.0389  0.0384  0.0404  0.0368  0.0379  0.0361  0.0365
  0.0368  0.0359  0.0355  0.0379  0.0358  0.0365  0.0362  0.0373  0.0355  0.0359  0.0352  0.0355
  0.0351  0.0348  0.0347  0.0353  0.0347  0.0349  0.0349  0.0352  0.0347  0.0347  0.0347  0.0347
  0.0344  0.0344  0.0344  0.0344  0.0344  0.0344  0.0344  0.0344  0.0344  0.0344  0.0344  0.0344
  0.0350  0.0348  0.0348  0.0354  0.0348  0.0350  0.0349  0.0351  0.0347  0.0349  0.0346  0.0347
  0.0367  0.0358  0.0356  0.0379  0.0358  0.0365  0.0363  0.0372  0.0355  0.0360  0.0352  0.0355
  0.0395  0.0376  0.0369  0.0414  0.0376  0.0388  0.0383  0.0405  0.0368  0.0377  0.0361  0.0366
registration optimization eta report
parameter search radius
    2.4000    2.4000    2.4000   10.9503    8.2800    8.2800
    7.2000    7.2000    7.2000    7.2000    7.2000    7.2000
100000*second partial in parameter space
       88.       55.       43.        6.        5.        6.
        8.       11.        5.        7.        3.        4.
  0.0395  0.0376  0.0369  0.0415  0.0377  0.0389  0.0384  0.0404  0.0368  0.0379  0.0361  0.0365
  0.0368  0.0359  0.0355  0.0379  0.0358  0.0365  0.0362  0.0373  0.0355  0.0359  0.0352  0.0355
  0.0351  0.0348  0.0347  0.0353  0.0347  0.0349  0.0349  0.0352  0.0347  0.0347  0.0347  0.0347
  0.0344  0.0344  0.0344  0.0344  0.0344  0.0344  0.0344  0.0344  0.0344  0.0344  0.0344  0.0344
  0.0350  0.0348  0.0348  0.0354  0.0348  0.0350  0.0349  0.0351  0.0347  0.0349  0.0346  0.0347
  0.0367  0.0358  0.0356  0.0379  0.0358  0.0365  0.0363  0.0372  0.0355  0.0360  0.0352  0.0355
  0.0395  0.0376  0.0369  0.0414  0.0376  0.0388  0.0383  0.0405  0.0368  0.0377  0.0361  0.0366
    1.0813   17.1104    8.3203  -14.4751   -6.4520   -6.3089
    2.7616    7.9116   -2.3689    2.7821  -11.6566   -5.9881
eta,q 0.96558 12.56997

---------------------------------------------------------------------
imgreg_4dfp /opt/freesurfer/average/711-2C_as_mni_average_305 /opt/freesurfer/average/711-2B_as_mni_average_305_mask talsrcimg_g11 none talsrcimg_to_711-2C_as_mni_average_305_t4 2311
---------------------------------------------------------------------

freesurfer imgreg_4dfp.c
/opt/freesurfer/average/711-2C_as_mni_average_305.4dfp.img
       256       256       256         1
  1.000000  1.000000  1.000000
orientation T byte_order littleendian
Reading image: /opt/freesurfer/average/711-2C_as_mni_average_305.4dfp.img
dimensions:      256       256       256
mmppix:       1.0000   -1.0000   -1.0000
center:     128.0000 -129.0000 -129.0000
/opt/freesurfer/average/711-2B_as_mni_average_305_mask.4dfp.img
       256       256       256         1
  1.000000  1.000000  1.000000
orientation T byte_order littleendian
Reading mask: /opt/freesurfer/average/711-2B_as_mni_average_305_mask.4dfp.img (2306576 pixels)
talsrcimg_g11.4dfp.img
       256       256       256         1
  1.000000  1.000000  1.000000
orientation T byte_order littleendian
Reading image: talsrcimg_g11.4dfp.img
dimensions:      256       256       256
mmppix:       1.0000   -1.0000   -1.0000
center:     128.0000 -129.0000 -129.0000
fimgreg.f
image alignment mode   2311 decimal      907 hex
parameters
    1.0813   17.1104    8.3203  -14.4751   -6.4520   -6.3089
    2.7616    7.9116   -2.3689    2.7821  -11.6566   -5.9881
eta,q 0.96559 12.56997
niter,ni,del,rscale     5    3    5.0000    0.8000
parameters
    1.0958   17.1129    8.2889  -14.5797   -6.5585   -6.4475
    2.6862    7.9601   -2.4275    2.5422  -11.5388   -5.8914
eta,q 0.96561 12.54428
  0.0368  0.0359  0.0355  0.0360  0.0355  0.0360  0.0362  0.0373  0.0355  0.0358  0.0352  0.0355
  0.0355  0.0351  0.0349  0.0351  0.0348  0.0351  0.0352  0.0358  0.0349  0.0350  0.0348  0.0349
  0.0347  0.0346  0.0345  0.0346  0.0345  0.0346  0.0346  0.0348  0.0345  0.0345  0.0345  0.0345
  0.0344  0.0344  0.0344  0.0344  0.0344  0.0344  0.0344  0.0344  0.0344  0.0344  0.0344  0.0344
  0.0347  0.0346  0.0346  0.0346  0.0346  0.0346  0.0346  0.0347  0.0346  0.0347  0.0345  0.0345
  0.0354  0.0351  0.0350  0.0352  0.0349  0.0353  0.0353  0.0357  0.0349  0.0352  0.0347  0.0348
  0.0367  0.0359  0.0356  0.0361  0.0355  0.0361  0.0363  0.0372  0.0355  0.0361  0.0352  0.0354
niter,ni,del,rscale     4    3    5.0000    0.7000
parameters
    1.1097   17.0971    8.2796  -14.5988   -6.6254   -6.5256
    2.6854    7.9665   -2.4796    2.4344  -11.4710   -5.8465
eta,q 0.96561 12.53167
  0.0362  0.0355  0.0353  0.0357  0.0352  0.0356  0.0358  0.0367  0.0353  0.0355  0.0350  0.0352
  0.0352  0.0349  0.0348  0.0350  0.0347  0.0350  0.0350  0.0354  0.0348  0.0349  0.0347  0.0348
  0.0346  0.0345  0.0345  0.0345  0.0345  0.0345  0.0346  0.0346  0.0345  0.0345  0.0345  0.0345
  0.0344  0.0344  0.0344  0.0344  0.0344  0.0344  0.0344  0.0344  0.0344  0.0344  0.0344  0.0344
  0.0346  0.0345  0.0345  0.0346  0.0345  0.0345  0.0346  0.0347  0.0345  0.0346  0.0344  0.0345
  0.0352  0.0349  0.0348  0.0350  0.0348  0.0350  0.0350  0.0354  0.0348  0.0350  0.0347  0.0348
  0.0362  0.0355  0.0353  0.0357  0.0352  0.0357  0.0358  0.0366  0.0353  0.0356  0.0350  0.0352
niter,ni,del,rscale     3    3    5.0000    0.6000
parameters
    1.1146   17.0909    8.2688  -14.6059   -6.6891   -6.5646
    2.6830    7.9602   -2.5167    2.3712  -11.4111   -5.8171
eta,q 0.96561 12.52358
  0.0357  0.0352  0.0350  0.0353  0.0350  0.0353  0.0355  0.0361  0.0350  0.0352  0.0349  0.0350
  0.0350  0.0347  0.0347  0.0348  0.0346  0.0348  0.0349  0.0351  0.0347  0.0348  0.0346  0.0347
  0.0346  0.0345  0.0345  0.0345  0.0344  0.0345  0.0345  0.0346  0.0345  0.0345  0.0345  0.0345
  0.0344  0.0344  0.0344  0.0344  0.0344  0.0344  0.0344  0.0344  0.0344  0.0344  0.0344  0.0344
  0.0345  0.0345  0.0345  0.0345  0.0345  0.0345  0.0345  0.0346  0.0345  0.0345  0.0344  0.0345
  0.0350  0.0348  0.0347  0.0348  0.0347  0.0348  0.0349  0.0352  0.0347  0.0348  0.0346  0.0347
  0.0357  0.0352  0.0350  0.0354  0.0350  0.0354  0.0355  0.0361  0.0350  0.0353  0.0349  0.0350
niter,ni,del,rscale     2    3    5.0000    0.5000
parameters
    1.1165   17.0890    8.2608  -14.6147   -6.7629   -6.5643
    2.6787    7.9482   -2.5499    2.3135  -11.3594   -5.8070
eta,q 0.96561 12.51744
  0.0353  0.0350  0.0348  0.0351  0.0348  0.0351  0.0351  0.0356  0.0348  0.0350  0.0347  0.0348
  0.0348  0.0346  0.0346  0.0347  0.0346  0.0347  0.0347  0.0349  0.0346  0.0346  0.0345  0.0346
  0.0345  0.0345  0.0344  0.0345  0.0344  0.0345  0.0345  0.0345  0.0344  0.0344  0.0344  0.0344
  0.0344  0.0344  0.0344  0.0344  0.0344  0.0344  0.0344  0.0344  0.0344  0.0344  0.0344  0.0344
  0.0345  0.0345  0.0344  0.0345  0.0345  0.0344  0.0345  0.0345  0.0345  0.0345  0.0344  0.0344
  0.0348  0.0346  0.0346  0.0347  0.0346  0.0347  0.0347  0.0349  0.0346  0.0347  0.0345  0.0346
  0.0353  0.0350  0.0349  0.0351  0.0348  0.0351  0.0351  0.0356  0.0348  0.0350  0.0347  0.0348
niter,ni,del,rscale     1    3    5.0000    0.4000
parameters
    1.1198   17.0851    8.2678  -14.6120   -6.8095   -6.5406
    2.6946    7.9340   -2.5675    2.3045  -11.3189   -5.7883
eta,q 0.96562 12.51594
  0.0350  0.0347  0.0347  0.0348  0.0347  0.0348  0.0349  0.0352  0.0347  0.0348  0.0346  0.0347
  0.0347  0.0345  0.0345  0.0346  0.0345  0.0346  0.0346  0.0347  0.0345  0.0346  0.0345  0.0345
  0.0345  0.0344  0.0344  0.0344  0.0344  0.0344  0.0344  0.0345  0.0344  0.0344  0.0344  0.0344
  0.0344  0.0344  0.0344  0.0344  0.0344  0.0344  0.0344  0.0344  0.0344  0.0344  0.0344  0.0344
  0.0345  0.0344  0.0344  0.0344  0.0344  0.0344  0.0344  0.0345  0.0344  0.0344  0.0344  0.0344
  0.0346  0.0346  0.0345  0.0346  0.0345  0.0346  0.0346  0.0347  0.0345  0.0346  0.0345  0.0345
  0.0350  0.0348  0.0347  0.0348  0.0347  0.0348  0.0349  0.0351  0.0347  0.0348  0.0346  0.0347
registration optimization eta report
parameter search radius
    0.8000    0.8000    0.8000    2.4000    2.4000    2.4000
    2.4000    2.4000    2.4000    2.4000    2.4000    2.4000
100000*second partial in parameter space
       94.       57.       46.        8.        5.        8.
        8.       13.        5.        7.        4.        5.
  0.0350  0.0347  0.0347  0.0348  0.0347  0.0348  0.0349  0.0352  0.0347  0.0348  0.0346  0.0347
  0.0347  0.0345  0.0345  0.0346  0.0345  0.0346  0.0346  0.0347  0.0345  0.0346  0.0345  0.0345
  0.0345  0.0344  0.0344  0.0344  0.0344  0.0344  0.0344  0.0345  0.0344  0.0344  0.0344  0.0344
  0.0344  0.0344  0.0344  0.0344  0.0344  0.0344  0.0344  0.0344  0.0344  0.0344  0.0344  0.0344
  0.0345  0.0344  0.0344  0.0344  0.0344  0.0344  0.0344  0.0345  0.0344  0.0344  0.0344  0.0344
  0.0346  0.0346  0.0345  0.0346  0.0345  0.0346  0.0346  0.0347  0.0345  0.0346  0.0345  0.0345
  0.0350  0.0348  0.0347  0.0348  0.0347  0.0348  0.0349  0.0351  0.0347  0.0348  0.0346  0.0347
    1.1198   17.0851    8.2678  -14.6120   -6.8095   -6.5406
    2.6946    7.9340   -2.5675    2.3045  -11.3189   -5.7883
eta,q 0.96562 12.51594

---------------------------------------------------------------------
imgreg_4dfp /opt/freesurfer/average/711-2C_as_mni_average_305 /opt/freesurfer/average/711-2B_as_mni_average_305_mask talsrcimg_g11 none talsrcimg_to_711-2C_as_mni_average_305_t4 2311
---------------------------------------------------------------------

freesurfer imgreg_4dfp.c
/opt/freesurfer/average/711-2C_as_mni_average_305.4dfp.img
       256       256       256         1
  1.000000  1.000000  1.000000
orientation T byte_order littleendian
Reading image: /opt/freesurfer/average/711-2C_as_mni_average_305.4dfp.img
dimensions:      256       256       256
mmppix:       1.0000   -1.0000   -1.0000
center:     128.0000 -129.0000 -129.0000
/opt/freesurfer/average/711-2B_as_mni_average_305_mask.4dfp.img
       256       256       256         1
  1.000000  1.000000  1.000000
orientation T byte_order littleendian
Reading mask: /opt/freesurfer/average/711-2B_as_mni_average_305_mask.4dfp.img (2306576 pixels)
talsrcimg_g11.4dfp.img
       256       256       256         1
  1.000000  1.000000  1.000000
orientation T byte_order littleendian
Reading image: talsrcimg_g11.4dfp.img
dimensions:      256       256       256
mmppix:       1.0000   -1.0000   -1.0000
center:     128.0000 -129.0000 -129.0000
fimgreg.f
image alignment mode   2311 decimal      907 hex
parameters
    1.1198   17.0851    8.2678  -14.6120   -6.8095   -6.5406
    2.6946    7.9340   -2.5675    2.3045  -11.3189   -5.7883
eta,q 0.96561 12.51593
niter,ni,del,rscale     5    3    5.0000    0.8000
parameters
    1.1061   17.0866    8.2930  -14.5782   -6.6165   -6.5610
    2.7131    7.9398   -2.5117    2.4198  -11.4854   -5.8361
eta,q 0.96561 12.53057
  0.0367  0.0358  0.0356  0.0361  0.0356  0.0360  0.0363  0.0373  0.0356  0.0360  0.0351  0.0354
  0.0354  0.0350  0.0349  0.0352  0.0349  0.0351  0.0352  0.0357  0.0349  0.0351  0.0347  0.0349
  0.0347  0.0345  0.0345  0.0346  0.0345  0.0346  0.0346  0.0347  0.0345  0.0346  0.0345  0.0345
  0.0344  0.0344  0.0344  0.0344  0.0344  0.0344  0.0344  0.0344  0.0344  0.0344  0.0344  0.0344
  0.0347  0.0345  0.0345  0.0346  0.0345  0.0346  0.0346  0.0347  0.0345  0.0346  0.0345  0.0345
  0.0355  0.0350  0.0349  0.0351  0.0348  0.0352  0.0352  0.0357  0.0349  0.0351  0.0348  0.0349
  0.0368  0.0358  0.0355  0.0360  0.0354  0.0361  0.0362  0.0373  0.0355  0.0358  0.0353  0.0355
niter,ni,del,rscale     4    3    5.0000    0.7000
parameters
    1.1085   17.0889    8.2678  -14.5950   -6.6245   -6.5761
    2.6980    7.9586   -2.4877    2.4018  -11.4556   -5.8344
eta,q 0.96561 12.52794
  0.0362  0.0355  0.0352  0.0357  0.0352  0.0357  0.0358  0.0367  0.0353  0.0356  0.0350  0.0352
  0.0352  0.0349  0.0348  0.0350  0.0347  0.0350  0.0350  0.0354  0.0348  0.0349  0.0347  0.0348
  0.0346  0.0345  0.0345  0.0345  0.0345  0.0346  0.0346  0.0346  0.0345  0.0345  0.0345  0.0345
  0.0344  0.0344  0.0344  0.0344  0.0344  0.0344  0.0344  0.0344  0.0344  0.0344  0.0344  0.0344
  0.0346  0.0345  0.0345  0.0346  0.0345  0.0345  0.0346  0.0347  0.0345  0.0346  0.0344  0.0345
  0.0352  0.0349  0.0348  0.0350  0.0348  0.0350  0.0350  0.0354  0.0348  0.0349  0.0347  0.0348
  0.0362  0.0355  0.0353  0.0357  0.0352  0.0357  0.0358  0.0366  0.0353  0.0356  0.0350  0.0352
niter,ni,del,rscale     3    3    5.0000    0.6000
parameters
    1.1127   17.0882    8.2585  -14.6025   -6.6804   -6.5889
    2.6856    7.9565   -2.5161    2.3558  -11.4022   -5.8193
eta,q 0.96562 12.52237
  0.0357  0.0352  0.0350  0.0354  0.0350  0.0353  0.0354  0.0361  0.0350  0.0352  0.0349  0.0350
  0.0350  0.0348  0.0347  0.0348  0.0346  0.0348  0.0349  0.0351  0.0347  0.0348  0.0346  0.0347
  0.0346  0.0345  0.0345  0.0345  0.0344  0.0345  0.0345  0.0346  0.0345  0.0345  0.0345  0.0345
  0.0344  0.0344  0.0344  0.0344  0.0344  0.0344  0.0344  0.0344  0.0344  0.0344  0.0344  0.0344
  0.0345  0.0345  0.0345  0.0345  0.0345  0.0345  0.0345  0.0346  0.0345  0.0345  0.0344  0.0345
  0.0350  0.0348  0.0347  0.0348  0.0347  0.0348  0.0349  0.0352  0.0347  0.0348  0.0346  0.0347
  0.0357  0.0352  0.0350  0.0354  0.0350  0.0354  0.0355  0.0361  0.0350  0.0353  0.0349  0.0350
niter,ni,del,rscale     2    3    5.0000    0.5000
parameters
    1.1158   17.0857    8.2570  -14.6121   -6.7555   -6.5726
    2.6862    7.9478   -2.5519    2.3147  -11.3632   -5.8079
eta,q 0.96561 12.51751
  0.0353  0.0350  0.0348  0.0351  0.0348  0.0351  0.0351  0.0356  0.0348  0.0350  0.0347  0.0348
  0.0348  0.0346  0.0346  0.0347  0.0346  0.0347  0.0347  0.0349  0.0346  0.0347  0.0346  0.0346
  0.0345  0.0345  0.0344  0.0345  0.0344  0.0345  0.0345  0.0345  0.0344  0.0344  0.0344  0.0344
  0.0344  0.0344  0.0344  0.0344  0.0344  0.0344  0.0344  0.0344  0.0344  0.0344  0.0344  0.0344
  0.0345  0.0344  0.0344  0.0345  0.0345  0.0344  0.0345  0.0345  0.0344  0.0345  0.0344  0.0344
  0.0348  0.0346  0.0346  0.0347  0.0346  0.0347  0.0347  0.0349  0.0346  0.0347  0.0345  0.0346
  0.0353  0.0350  0.0348  0.0351  0.0348  0.0351  0.0351  0.0356  0.0349  0.0350  0.0347  0.0348
niter,ni,del,rscale     1    3    5.0000    0.4000
parameters
    1.1191   17.0847    8.2660  -14.6166   -6.8094   -6.5379
    2.6892    7.9348   -2.5649    2.3032  -11.3257   -5.7907
eta,q 0.96561 12.51585
  0.0350  0.0348  0.0347  0.0348  0.0347  0.0348  0.0349  0.0352  0.0347  0.0348  0.0346  0.0347
  0.0347  0.0345  0.0345  0.0346  0.0345  0.0346  0.0346  0.0347  0.0345  0.0346  0.0345  0.0345
  0.0345  0.0344  0.0344  0.0344  0.0344  0.0344  0.0344  0.0345  0.0344  0.0344  0.0344  0.0344
  0.0344  0.0344  0.0344  0.0344  0.0344  0.0344  0.0344  0.0344  0.0344  0.0344  0.0344  0.0344
  0.0345  0.0344  0.0344  0.0344  0.0344  0.0344  0.0344  0.0345  0.0344  0.0344  0.0344  0.0344
  0.0346  0.0346  0.0345  0.0346  0.0345  0.0346  0.0346  0.0347  0.0345  0.0346  0.0345  0.0345
  0.0350  0.0348  0.0347  0.0348  0.0347  0.0348  0.0349  0.0351  0.0347  0.0348  0.0346  0.0347
registration optimization eta report
parameter search radius
    0.8000    0.8000    0.8000    2.4000    2.4000    2.4000
    2.4000    2.4000    2.4000    2.4000    2.4000    2.4000
100000*second partial in parameter space
       94.       57.       45.        8.        5.        8.
        8.       13.        5.        7.        4.        5.
  0.0350  0.0348  0.0347  0.0348  0.0347  0.0348  0.0349  0.0352  0.0347  0.0348  0.0346  0.0347
  0.0347  0.0345  0.0345  0.0346  0.0345  0.0346  0.0346  0.0347  0.0345  0.0346  0.0345  0.0345
  0.0345  0.0344  0.0344  0.0344  0.0344  0.0344  0.0344  0.0345  0.0344  0.0344  0.0344  0.0344
  0.0344  0.0344  0.0344  0.0344  0.0344  0.0344  0.0344  0.0344  0.0344  0.0344  0.0344  0.0344
  0.0345  0.0344  0.0344  0.0344  0.0344  0.0344  0.0344  0.0345  0.0344  0.0344  0.0344  0.0344
  0.0346  0.0346  0.0345  0.0346  0.0345  0.0346  0.0346  0.0347  0.0345  0.0346  0.0345  0.0345
  0.0350  0.0348  0.0347  0.0348  0.0347  0.0348  0.0349  0.0351  0.0347  0.0348  0.0346  0.0347
    1.1191   17.0847    8.2660  -14.6166   -6.8094   -6.5379
    2.6892    7.9348   -2.5649    2.3032  -11.3257   -5.7907
eta,q 0.96561 12.51585

---------------------------------------------------------------------
compute_vox2vox talsrcimg talsrcimg_to_711-2C_as_mni_average_305_t4 /opt/freesurfer/average/711-2C_as_mni_average_305
---------------------------------------------------------------------

freesurfer compute_vox2vox.c
Reading: talsrcimg.4dfp.ifh
Reading: talsrcimg_to_711-2C_as_mni_average_305_t4
Reading: /opt/freesurfer/average/711-2C_as_mni_average_305.4dfp.ifh
Writing: talsrcimg_to_711-2C_as_mni_average_305_t4_vox2vox.txt

start time Tue Mar 10 03:19:56 CET 2026
end		time Tue Mar 10 03:21:24 CET 2026

mpr2mni305 success

avi2talxfm orig_nu.mgz /opt/freesurfer/average/mni305.cor.mgz talsrcimg_to_711-2C_as_mni_average_305_t4_vox2vox.txt transforms/talairach.auto.xfm
avi2talxfm done
mv -f /out/sourcedata/freesurfer/sub-v1s4x0050711_ses-1/mri/talsrcimg_to_711-2C_as_mni_average_305_t4_vox2vox.txt /out/sourcedata/freesurfer/sub-v1s4x0050711_ses-1/mri/transforms/talsrcimg_to_711-2C_as_mni_average_305_t4_vox2vox.txt
lta_convert --src orig_nu.mgz --trg /opt/freesurfer/average/mni305.cor.mgz --inxfm transforms/talairach.auto.xfm --outlta transforms/talairach.auto.xfm.lta --subject fsaverage
7.3.2

--src: orig_nu.mgz src image (geometry).
--trg: /opt/freesurfer/average/mni305.cor.mgz trg image (geometry).
--inmni: transforms/talairach.auto.xfm input MNI/XFM transform.
--outlta: transforms/talairach.auto.xfm.lta output LTA.
--s: fsaverage subject name
 LTA read, type : 1
 1.15710  -0.09726  -0.03943   2.44430;
 0.14197   1.05638   0.06154  -19.32313;
 0.02834  -0.02878   1.07046  -29.44868;
 0.00000   0.00000   0.00000   1.00000;
setting subject to fsaverage
Writing  LTA to file transforms/talairach.auto.xfm.lta...
lta_convert successful.
 
 
Started at Tue Mar 10 03:19:55 CET 2026
Ended   at Tue Mar 10 03:21:24 CET 2026
talairach_avi done
