/out/sourcedata/freesurfer/sub-v1s4x0050710_ses-1/mri
/opt/freesurfer/bin/talairach_avi
--i orig_nu.mgz --xfm transforms/talairach.auto.xfm
talairach_avi 7.3.2
Linux dna030 5.14.0-427.37.1.el9_4.x86_64 #1 SMP PREEMPT_DYNAMIC Fri Sep 13 12:41:50 EDT 2024 x86_64 x86_64 x86_64 GNU/Linux
Tue Mar 10 03:18:50 CET 2026
mri_convert orig_nu.mgz talsrcimg.img 
reading from orig_nu.mgz...
TR=0.00, TE=0.00, TI=0.00, flip angle=0.00
i_ras = (-1, 8.14907e-10, 1.86265e-09)
j_ras = (0, 0, -1)
k_ras = (-2.67755e-09, 1, 0)
writing to talsrcimg.img...
Analyze Output Matrix
-1.00000   0.00000  -0.00000   131.15538;
 0.00000   0.00000   1.00000  -125.42115;
 0.00000  -1.00000   0.00000   141.19814;
 0.00000   0.00000   0.00000   1.00000;
--------------------
INFO: set hdr.hist.orient to -1
mpr2mni305 talsrcimg
Tue Mar 10 03:18:51 CET 2026
/opt/freesurfer/bin/mpr2mni305 talsrcimg
mpr2mni305 7.3.2
target=711-2C_as_mni_average_305

---------------------------------------------------------------------
analyzeto4dfp talsrcimg -O0 -y
---------------------------------------------------------------------

freesurfer ifh2hdr.c
Tue Mar 10 03:18:51 2026
Writing: talsrcimg.4dfp.hdr
freesurfer analyzeto4dfp.c
Reading: talsrcimg.hdr
header size 348 bytes
hdr.dime.datatype	offset=70	value=2
hdr.dime.bitpix		offset=72	value=8
hdr.hist.orient		offset=252	value=-1
dimensionality     4
dimensions       256       256       256         1
Reading: talsrcimg.img
Writing: talsrcimg.4dfp.img
Writing: talsrcimg.4dfp.ifh
ifh2hdr talsrcimg -r0to234
ori=2

---------------------------------------------------------------------
gauss_4dfp talsrcimg 1.1
---------------------------------------------------------------------

freesurfer gauss_4dfp.c
Reading: talsrcimg.4dfp.img
Writing: talsrcimg_g11.4dfp.img
image dimensions 256 256 256 padded to 288 288 288
processing volume 1freesurfer ifh2hdr.c
Tue Mar 10 03:18:52 2026
Writing: talsrcimg_g11.4dfp.hdr

Writing: talsrcimg_g11.4dfp.ifh
including: talsrcimg.4dfp.img.rec in talsrcimg_g11.4dfp.img.rec

---------------------------------------------------------------------
imgreg_4dfp /opt/freesurfer/average/711-2C_as_mni_average_305 none talsrcimg_g11 none talsrcimg_to_711-2C_as_mni_average_305_t4 4355
---------------------------------------------------------------------

freesurfer imgreg_4dfp.c
/opt/freesurfer/average/711-2C_as_mni_average_305.4dfp.img
       256       256       256         1
  1.000000  1.000000  1.000000
orientation T byte_order littleendian
Reading image: /opt/freesurfer/average/711-2C_as_mni_average_305.4dfp.img
dimensions:      256       256       256
mmppix:       1.0000   -1.0000   -1.0000
center:     128.0000 -129.0000 -129.0000
talsrcimg_g11.4dfp.img
       256       256       256         1
  1.000000  1.000000  1.000000
orientation T byte_order littleendian
Reading image: talsrcimg_g11.4dfp.img
dimensions:      256       256       256
mmppix:       1.0000   -1.0000   -1.0000
center:     128.0000 -129.0000 -129.0000
t4_read: open error in t4_sub.f l:  41 t4_file(1:l)talsrcimg_to_711-2C_as_mni_average_305_t4 
t4_read: transform initialized to I4
rotation matrix determinant  1.000000
image alignment mode   4355 decimal     1103 hex
   -7.5000  -45.0000  -45.0000 9190.1875   15.4793
    0.0000  -45.0000  -45.0000 9565.8496   15.5002
    7.5000  -45.0000  -45.0000 9174.2119   15.4983
   -7.5000  -37.5000  -45.0000 9621.7842   15.3615
    0.0000  -37.5000  -45.000010039.9785   15.3831
    7.5000  -37.5000  -45.0000 9600.6816   15.3848
   -7.5000  -30.0000  -45.000010390.0000   15.3502
    0.0000  -30.0000  -45.000010841.5645   15.3713
    7.5000  -30.0000  -45.000010344.3467   15.3793
   -7.5000  -22.5000  -45.000010910.7188   15.3647
    0.0000  -22.5000  -45.000011389.4658   15.3855
    7.5000  -22.5000  -45.000010870.0244   15.3969
   -7.5000  -15.0000  -45.000011267.8994   15.3640
    0.0000  -15.0000  -45.000011793.0117   15.3848
    7.5000  -15.0000  -45.000011213.2744   15.3952
   -7.5000   -7.5000  -45.000011538.5752   15.3465
    0.0000   -7.5000  -45.000012087.5742   15.3664
    7.5000   -7.5000  -45.000011507.4434   15.3700
   -7.5000    0.0000  -45.000011701.5391   15.3300
    0.0000    0.0000  -45.000012223.6982   15.3504
    7.5000    0.0000  -45.000011621.1953   15.3486
   -7.5000    7.5000  -45.000011005.0928   15.3319
    0.0000    7.5000  -45.000011518.6133   15.3535
    7.5000    7.5000  -45.000010917.4717   15.3552
   -7.5000   15.0000  -45.000010273.3828   15.3558
    0.0000   15.0000  -45.000010752.9395   15.3769
    7.5000   15.0000  -45.000010178.6875   15.3849
   -7.5000   22.5000  -45.0000 9572.7803   15.7292
    0.0000   22.5000  -45.000010010.4365   15.7487
    7.5000   22.5000  -45.0000 9489.8701   15.7588
   -7.5000   30.0000  -45.0000 8889.6260   16.0511
    0.0000   30.0000  -45.0000 9296.2217   16.0760
    7.5000   30.0000  -45.0000 8833.9160   16.0856
   -7.5000   37.5000  -45.0000 8559.9717   16.5814
    0.0000   37.5000  -45.0000 8965.7373   16.6072
    7.5000   37.5000  -45.0000 8511.9170   16.6097
   -7.5000   45.0000  -45.0000 7942.9023   16.7425
    0.0000   45.0000  -45.0000 8317.0537   16.7762
    7.5000   45.0000  -45.0000 7889.9985   16.7734
   -7.5000  -45.0000  -37.5000 9779.4248   15.4797
    0.0000  -45.0000  -37.500010180.4365   15.4889
    7.5000  -45.0000  -37.5000 9752.2041   15.4756
   -7.5000  -37.5000  -37.500010279.7139   15.3543
    0.0000  -37.5000  -37.500010705.2734   15.3651
    7.5000  -37.5000  -37.500010220.9053   15.3583
   -7.5000  -30.0000  -37.500011110.7100   15.3338
    0.0000  -30.0000  -37.500011569.6748   15.3496
    7.5000  -30.0000  -37.500011042.4014   15.3546
   -7.5000  -22.5000  -37.500011687.2041   15.3471
    0.0000  -22.5000  -37.500012188.5684   15.3670
    7.5000  -22.5000  -37.500011589.6260   15.3780
   -7.5000  -15.0000  -37.500012076.6035   15.3534
    0.0000  -15.0000  -37.500012615.1504   15.3726
    7.5000  -15.0000  -37.500012006.4727   15.3806
   -7.5000   -7.5000  -37.500012384.5205   15.3444
    0.0000   -7.5000  -37.500012971.4766   15.3577
    7.5000   -7.5000  -37.500012309.8779   15.3535
   -7.5000    0.0000  -37.500012541.0039   15.3302
    0.0000    0.0000  -37.500013076.9102   15.3392
    7.5000    0.0000  -37.500012376.5332   15.3263
   -7.5000    7.5000  -37.500011742.6475   15.3248
    0.0000    7.5000  -37.500012284.2676   15.3356
    7.5000    7.5000  -37.500011590.6250   15.3288
   -7.5000   15.0000  -37.500010917.3545   15.3392
    0.0000   15.0000  -37.500011436.2363   15.3550
    7.5000   15.0000  -37.500010779.1152   15.3601
   -7.5000   22.5000  -37.500010143.4365   15.7099
    0.0000   22.5000  -37.500010633.4248   15.7293
    7.5000   22.5000  -37.500010050.2383   15.7391
   -7.5000   30.0000  -37.5000 9454.3301   16.0374
    0.0000   30.0000  -37.5000 9884.7803   16.0603
    7.5000   30.0000  -37.5000 9349.7158   16.0653
   -7.5000   37.5000  -37.5000 9075.6943   16.5781
    0.0000   37.5000  -37.5000 9495.4199   16.5955
    7.5000   37.5000  -37.5000 8999.2432   16.5865
   -7.5000   45.0000  -37.5000 8376.4502   16.7442
    0.0000   45.0000  -37.5000 8789.7754   16.7660
    7.5000   45.0000  -37.5000 8344.9482   16.7501
   -7.5000  -45.0000  -30.000010491.6133   16.1461
    0.0000  -45.0000  -30.000010933.2646   16.1444
    7.5000  -45.0000  -30.000010414.7666   16.1276
   -7.5000  -37.5000  -30.000011050.6895   16.0034
    0.0000  -37.5000  -30.000011520.3457   16.0056
    7.5000  -37.5000  -30.000010970.4102   15.9961
   -7.5000  -30.0000  -30.000011916.9932   15.9682
    0.0000  -30.0000  -30.000012403.4219   15.9809
    7.5000  -30.0000  -30.000011829.5459   15.9875
   -7.5000  -22.5000  -30.000012559.3662   15.9810
    0.0000  -22.5000  -30.000013090.0752   16.0006
    7.5000  -22.5000  -30.000012444.9980   16.0168
   -7.5000  -15.0000  -30.000012983.4072   15.9985
    0.0000  -15.0000  -30.000013519.9277   16.0152
    7.5000  -15.0000  -30.000012867.9453   16.0284
   -7.5000   -7.5000  -30.000013319.2734   16.0020
    0.0000   -7.5000  -30.000013907.1182   16.0081
    7.5000   -7.5000  -30.000013205.7734   16.0046
   -7.5000    0.0000  -30.000013469.9492   15.9901
    0.0000    0.0000  -30.000014061.3447   15.9884
    7.5000    0.0000  -30.000013271.2256   15.9721
   -7.5000    7.5000  -30.000012609.9043   15.9726
    0.0000    7.5000  -30.000013198.3887   15.9748
    7.5000    7.5000  -30.000012437.1045   15.9655
   -7.5000   15.0000  -30.000011679.1221   15.9737
    0.0000   15.0000  -30.000012273.7041   15.9864
    7.5000   15.0000  -30.000011530.1846   15.9930
   -7.5000   22.5000  -30.000010837.0508   16.3568
    0.0000   22.5000  -30.000011403.8438   16.3758
    7.5000   22.5000  -30.000010742.7324   16.3908
   -7.5000   30.0000  -30.000010081.3096   16.7108
    0.0000   30.0000  -30.000010603.3428   16.7307
    7.5000   30.0000  -30.0000 9992.6729   16.7401
   -7.5000   37.5000  -30.0000 9706.4346   17.2931
    0.0000   37.5000  -30.000010181.7539   17.3005
    7.5000   37.5000  -30.0000 9630.4893   17.2896
   -7.5000   45.0000  -30.0000 8979.1484   17.4849
    0.0000   45.0000  -30.0000 9432.7891   17.4957
    7.5000   45.0000  -30.0000 8945.1650   17.4770
   -7.5000  -45.0000  -22.500011167.8428   16.6789
    0.0000  -45.0000  -22.500011656.1357   16.6789
    7.5000  -45.0000  -22.500011104.9541   16.6726
   -7.5000  -37.5000  -22.500011777.3564   16.5293
    0.0000  -37.5000  -22.500012292.8623   16.5344
    7.5000  -37.5000  -22.500011719.4385   16.5320
   -7.5000  -30.0000  -22.500012634.9639   16.4897
    0.0000  -30.0000  -22.500013171.9365   16.5048
    7.5000  -30.0000  -22.500012568.6719   16.5162
   -7.5000  -22.5000  -22.500013339.2227   16.5021
    0.0000  -22.5000  -22.500013902.0459   16.5219
    7.5000  -22.5000  -22.500013228.8643   16.5446
   -7.5000  -15.0000  -22.500013776.8008   16.5222
    0.0000  -15.0000  -22.500014382.1260   16.5376
    7.5000  -15.0000  -22.500013670.9570   16.5607
   -7.5000   -7.5000  -22.500014139.7148   16.5293
    0.0000   -7.5000  -22.500014767.8672   16.5350
    7.5000   -7.5000  -22.500014004.6699   16.5430
   -7.5000    0.0000  -22.500014313.4854   16.5182
    0.0000    0.0000  -22.500014967.8633   16.5183
    7.5000    0.0000  -22.500014126.7666   16.5123
   -7.5000    7.5000  -22.500013436.5430   16.4976
    0.0000    7.5000  -22.500014095.9365   16.5027
    7.5000    7.5000  -22.500013246.7441   16.5004
   -7.5000   15.0000  -22.500012471.2197   16.4953
    0.0000   15.0000  -22.500013126.6807   16.5105
    7.5000   15.0000  -22.500012327.4346   16.5219
   -7.5000   22.5000  -22.500011546.6084   16.8890
    0.0000   22.5000  -22.500012190.9570   16.9076
    7.5000   22.5000  -22.500011480.7031   16.9288
   -7.5000   30.0000  -22.500010706.7773   17.2595
    0.0000   30.0000  -22.500011269.7666   17.2785
    7.5000   30.0000  -22.500010661.0107   17.2991
   -7.5000   37.5000  -22.500010305.9678   17.8670
    0.0000   37.5000  -22.500010802.1904   17.8735
    7.5000   37.5000  -22.500010236.7148   17.8756
   -7.5000   45.0000  -22.5000 9511.8047   18.0774
    0.0000   45.0000  -22.500010002.0273   18.0896
    7.5000   45.0000  -22.5000 9506.3965   18.0840
   -7.5000  -45.0000  -15.000011801.2891   17.0421
    0.0000  -45.0000  -15.000012338.7080   17.0545
    7.5000  -45.0000  -15.000011763.3564   17.0614
   -7.5000  -37.5000  -15.000012435.9111   16.8978
    0.0000  -37.5000  -15.000012994.0420   16.9144
    7.5000  -37.5000  -15.000012394.5820   16.9218
   -7.5000  -30.0000  -15.000013305.5996   16.8676
    0.0000  -30.0000  -15.000013904.5361   16.8885
    7.5000  -30.0000  -15.000013222.4131   16.9040
   -7.5000  -22.5000  -15.000014023.0156   16.8816
    0.0000  -22.5000  -15.000014643.2383   16.9025
    7.5000  -22.5000  -15.000013931.0176   16.9269
   -7.5000  -15.0000  -15.000014530.7783   16.8944
    0.0000  -15.0000  -15.000015187.6924   16.9115
    7.5000  -15.0000  -15.000014434.4922   16.9389
   -7.5000   -7.5000  -15.000014939.2715   16.8923
    0.0000   -7.5000  -15.000015644.8848   16.9050
    7.5000   -7.5000  -15.000014799.1973   16.9229
   -7.5000    0.0000  -15.000015124.0967   16.8784
    0.0000    0.0000  -15.000015888.2275   16.8907
    7.5000    0.0000  -15.000014965.9434   16.8976
   -7.5000    7.5000  -15.000014193.2510   16.8654
    0.0000    7.5000  -15.000014944.6533   16.8821
    7.5000    7.5000  -15.000014050.7090   16.8895
   -7.5000   15.0000  -15.000013202.7500   16.8735
    0.0000   15.0000  -15.000013916.1035   16.8944
    7.5000   15.0000  -15.000013084.9688   16.9099
   -7.5000   22.5000  -15.000012245.4307   17.2769
    0.0000   22.5000  -15.000012930.5791   17.2959
    7.5000   22.5000  -15.000012209.7559   17.3187
   -7.5000   30.0000  -15.000011322.5762   17.6522
    0.0000   30.0000  -15.000011924.8652   17.6738
    7.5000   30.0000  -15.000011330.4141   17.7009
   -7.5000   37.5000  -15.000010880.7861   18.2616
    0.0000   37.5000  -15.000011432.6729   18.2774
    7.5000   37.5000  -15.000010852.3867   18.2930
   -7.5000   45.0000  -15.000010038.2900   18.4788
    0.0000   45.0000  -15.000010564.1592   18.5038
    7.5000   45.0000  -15.000010044.9502   18.5134
   -7.5000  -45.0000   -7.500012454.8145   17.2273
    0.0000  -45.0000   -7.500013019.0039   17.2507
    7.5000  -45.0000   -7.500012432.6377   17.2586
   -7.5000  -37.5000   -7.500013105.5205   17.0928
    0.0000  -37.5000   -7.500013706.5654   17.1184
    7.5000  -37.5000   -7.500013089.6357   17.1272
   -7.5000  -30.0000   -7.500013990.0400   17.0763
    0.0000  -30.0000   -7.500014618.7959   17.1008
    7.5000  -30.0000   -7.500013936.7656   17.1148
   -7.5000  -22.5000   -7.500014755.1709   17.0924
    0.0000  -22.5000   -7.500015395.4502   17.1144
    7.5000  -22.5000   -7.500014644.9424   17.1334
   -7.5000  -15.0000   -7.500015313.1133   17.0950
    0.0000  -15.0000   -7.500016000.1885   17.1153
    7.5000  -15.0000   -7.500015203.8145   17.1362
   -7.5000   -7.5000   -7.500015815.7354   17.0795
    0.0000   -7.5000   -7.500016635.6250   17.0998
    7.5000   -7.5000   -7.500015692.6709   17.1146
   -7.5000    0.0000   -7.500016015.7002   17.0618
    0.0000    0.0000   -7.500016984.9902   17.0849
    7.5000    0.0000   -7.500015968.2480   17.0927
   -7.5000    7.5000   -7.500015008.1826   17.0601
    0.0000    7.5000   -7.500015910.6738   17.0856
    7.5000    7.5000   -7.500014967.5527   17.0944
   -7.5000   15.0000   -7.500013947.5557   17.0825
    0.0000   15.0000   -7.500014713.7236   17.1070
    7.5000   15.0000   -7.500013891.4014   17.1209
   -7.5000   22.5000   -7.500012952.5723   17.4912
    0.0000   22.5000   -7.500013654.9961   17.5111
    7.5000   22.5000   -7.500012930.8662   17.5286
   -7.5000   30.0000   -7.500011992.2910   17.8628
    0.0000   30.0000   -7.500012644.4639   17.8880
    7.5000   30.0000   -7.500011987.0508   17.9093
   -7.5000   37.5000   -7.500011518.7041   18.4595
    0.0000   37.5000   -7.500012133.7988   18.4856
    7.5000   37.5000   -7.500011497.0146   18.5002
   -7.5000   45.0000   -7.500010650.6162   18.6746
    0.0000   45.0000   -7.500011210.0732   18.7115
    7.5000   45.0000   -7.500010649.8965   18.7214
   -7.5000  -45.0000    0.000013022.9014   17.2823
    0.0000  -45.0000    0.000013602.2744   17.3054
    7.5000  -45.0000    0.000012992.1211   17.3029
   -7.5000  -37.5000    0.000013668.6494   17.1516
    0.0000  -37.5000    0.000014311.1191   17.1754
    7.5000  -37.5000    0.000013687.2695   17.1769
   -7.5000  -30.0000    0.000014524.1377   17.1392
    0.0000  -30.0000    0.000015218.9336   17.1624
    7.5000  -30.0000    0.000014532.8643   17.1711
   -7.5000  -22.5000    0.000015316.9756   17.1551
    0.0000  -22.5000    0.000016027.7461   17.1779
    7.5000  -22.5000    0.000015263.5381   17.1905
   -7.5000  -15.0000    0.000015910.2168   17.1538
    0.0000  -15.0000    0.000016699.5625   17.1765
    7.5000  -15.0000    0.000015836.3965   17.1882
   -7.5000   -7.5000    0.000016523.8418   17.1341
    0.0000   -7.5000    0.000017535.7715   17.1559
    7.5000   -7.5000    0.000016462.3711   17.1598
   -7.5000    0.0000    0.000016883.4434   17.1160
    0.0000    0.0000    0.000018093.5254   17.1385
    7.5000    0.0000    0.000016959.9258   17.1361
   -7.5000    7.5000    0.000015874.2627   17.1187
    0.0000    7.5000    0.000016893.6367   17.1424
    7.5000    7.5000    0.000015924.8848   17.1439
   -7.5000   15.0000    0.000014686.7480   17.1455
    0.0000   15.0000    0.000015485.6318   17.1686
    7.5000   15.0000    0.000014644.6514   17.1774
   -7.5000   22.5000    0.000013606.4580   17.5555
    0.0000   22.5000    0.000014293.5586   17.5768
    7.5000   22.5000    0.000013523.1318   17.5879
   -7.5000   30.0000    0.000012618.8506   17.9255
    0.0000   30.0000    0.000013298.4102   17.9529
    7.5000   30.0000    0.000012557.8184   17.9635
   -7.5000   37.5000    0.000012145.2188   18.5160
    0.0000   37.5000    0.000012775.0029   18.5445
    7.5000   37.5000    0.000012047.2744   18.5470
   -7.5000   45.0000    0.000011226.0752   18.7314
    0.0000   45.0000    0.000011815.3223   18.7686
    7.5000   45.0000    0.000011138.3086   18.7651
   -7.5000  -45.0000    7.500012601.4375   17.3204
    0.0000  -45.0000    7.500013200.7109   17.3307
    7.5000  -45.0000    7.500012604.6064   17.3158
   -7.5000  -37.5000    7.500013229.7266   17.1802
    0.0000  -37.5000    7.500013860.2422   17.1922
    7.5000  -37.5000    7.500013272.5469   17.1846
   -7.5000  -30.0000    7.500014010.0996   17.1571
    0.0000  -30.0000    7.500014676.9277   17.1748
    7.5000  -30.0000    7.500014079.2646   17.1804
   -7.5000  -22.5000    7.500014762.5742   17.1720
    0.0000  -22.5000    7.500015457.0244   17.1942
    7.5000  -22.5000    7.500014791.2861   17.2065
   -7.5000  -15.0000    7.500015376.1562   17.1790
    0.0000  -15.0000    7.500016193.9814   17.2005
    7.5000  -15.0000    7.500015382.3340   17.2094
   -7.5000   -7.5000    7.500015998.1475   17.1690
    0.0000   -7.5000    7.500017104.2461   17.1839
    7.5000   -7.5000    7.500016027.4189   17.1791
   -7.5000    0.0000    7.500016533.8594   17.1532
    0.0000    0.0000    7.500017792.1543   17.1632
    7.5000    0.0000    7.500016572.3438   17.1487
   -7.5000    7.5000    7.500015681.0879   17.1472
    0.0000    7.5000    7.500016680.3027   17.1592
    7.5000    7.5000    7.500015585.8604   17.1516
   -7.5000   15.0000    7.500014473.5752   17.1632
    0.0000   15.0000    7.500015224.1230   17.1809
    7.5000   15.0000    7.500014267.0215   17.1865
   -7.5000   22.5000    7.500013320.5508   17.5723
    0.0000   22.5000    7.500014004.9912   17.5939
    7.5000   22.5000    7.500013110.9775   17.6048
   -7.5000   30.0000    7.500012290.6846   17.9512
    0.0000   30.0000    7.500012958.9443   17.9768
    7.5000   30.0000    7.500012116.8330   17.9823
   -7.5000   37.5000    7.500011786.4297   18.5564
    0.0000   37.5000    7.500012378.5322   18.5758
    7.5000   37.5000    7.500011630.7627   18.5657
   -7.5000   45.0000    7.500010861.8701   18.7791
    0.0000   45.0000    7.500011416.7314   18.8036
    7.5000   45.0000    7.500010757.6211   18.7857
   -7.5000  -45.0000   15.000012136.2021   17.3382
    0.0000  -45.0000   15.000012695.7344   17.3363
    7.5000  -45.0000   15.000012203.8164   17.3183
   -7.5000  -37.5000   15.000012747.1172   17.1850
    0.0000  -37.5000   15.000013311.1709   17.1873
    7.5000  -37.5000   15.000012824.1963   17.1771
   -7.5000  -30.0000   15.000013522.7227   17.1471
    0.0000  -30.0000   15.000014126.3486   17.1608
    7.5000  -30.0000   15.000013586.5557   17.1679
   -7.5000  -22.5000   15.000014235.9834   17.1609
    0.0000  -22.5000   15.000014909.4307   17.1819
    7.5000  -22.5000   15.000014250.2100   17.1993
   -7.5000  -15.0000   15.000014804.5684   17.1797
    0.0000  -15.0000   15.000015635.8379   17.1976
    7.5000  -15.0000   15.000014761.8799   17.2118
   -7.5000   -7.5000   15.000015374.2754   17.1835
    0.0000   -7.5000   15.000016413.1035   17.1900
    7.5000   -7.5000   15.000015311.2480   17.1862
   -7.5000    0.0000   15.000015853.5801   17.1707
    0.0000    0.0000   15.000016918.1094   17.1689
    7.5000    0.0000   15.000015655.4883   17.1514
   -7.5000    7.5000   15.000015003.7197   17.1519
    0.0000    7.5000   15.000015941.0723   17.1543
    7.5000    7.5000   15.000014729.1045   17.1443
   -7.5000   15.0000   15.000013860.9834   17.1530
    0.0000   15.0000   15.000014737.4844   17.1667
    7.5000   15.0000   15.000013617.8125   17.1738
   -7.5000   22.5000   15.000012713.4912   17.5605
    0.0000   22.5000   15.000013509.8057   17.5810
    7.5000   22.5000   15.000012537.1650   17.5971
   -7.5000   30.0000   15.000011701.6133   17.9499
    0.0000   30.0000   15.000012422.9023   17.9712
    7.5000   30.0000   15.000011574.3125   17.9813
   -7.5000   37.5000   15.000011144.7744   18.5753
    0.0000   37.5000   15.000011758.4932   18.5833
    7.5000   37.5000   15.000011051.3691   18.5716
   -7.5000   45.0000   15.000010287.9473   18.8063
    0.0000   45.0000   15.000010838.7725   18.8178
    7.5000   45.0000   15.000010258.4150   18.7977
   -7.5000  -45.0000   22.500011616.6035   17.3141
    0.0000  -45.0000   22.500012138.0400   17.3142
    7.5000  -45.0000   22.500011595.8672   17.3076
   -7.5000  -37.5000   22.500012240.6846   17.1588
    0.0000  -37.5000   22.500012792.4590   17.1641
    7.5000  -37.5000   22.500012211.5547   17.1616
   -7.5000  -30.0000   22.500012941.4824   17.1177
    0.0000  -30.0000   22.500013542.8555   17.1334
    7.5000  -30.0000   22.500012909.1084   17.1452
   -7.5000  -22.5000   22.500013580.0723   17.1306
    0.0000  -22.5000   22.500014201.1445   17.1512
    7.5000  -22.5000   22.500013509.4414   17.1747
   -7.5000  -15.0000   22.500014075.0586   17.1514
    0.0000  -15.0000   22.500014761.1465   17.1674
    7.5000  -15.0000   22.500013985.6084   17.1914
   -7.5000   -7.5000   22.500014509.2734   17.1588
    0.0000   -7.5000   22.500015293.4297   17.1647
    7.5000   -7.5000   22.500014429.1152   17.1731
   -7.5000    0.0000   22.500014850.8145   17.1473
    0.0000    0.0000   22.500015618.1924   17.1474
    7.5000    0.0000   22.500014681.6123   17.1412
   -7.5000    7.5000   22.500013940.7686   17.1259
    0.0000    7.5000   22.500014651.5420   17.1312
    7.5000    7.5000   22.500013779.3447   17.1288
   -7.5000   15.0000   22.500012874.1592   17.1235
    0.0000   15.0000   22.500013564.8682   17.1393
    7.5000   15.0000   22.500012783.8545   17.1511
   -7.5000   22.5000   22.500011861.4072   17.5295
    0.0000   22.5000   22.500012532.6855   17.5488
    7.5000   22.5000   22.500011812.7129   17.5709
   -7.5000   30.0000   22.500010989.2139   17.9193
    0.0000   30.0000   22.500011606.3711   17.9391
    7.5000   30.0000   22.500010955.5371   17.9605
   -7.5000   37.5000   22.500010525.4893   18.5500
    0.0000   37.5000   22.500011056.9873   18.5568
    7.5000   37.5000   22.500010484.6543   18.5590
   -7.5000   45.0000   22.5000 9736.8730   18.7821
    0.0000   45.0000   22.500010245.6885   18.7949
    7.5000   45.0000   22.5000 9715.7666   18.7890
   -7.5000  -45.0000   30.000010871.5791   17.2824
    0.0000  -45.0000   30.000011356.7197   17.2949
    7.5000  -45.0000   30.000010783.1250   17.3019
   -7.5000  -37.5000   30.000011463.6455   17.1359
    0.0000  -37.5000   30.000011939.2236   17.1529
    7.5000  -37.5000   30.000011388.6494   17.1603
   -7.5000  -30.0000   30.000012043.9512   17.1053
    0.0000  -30.0000   30.000012529.5479   17.1265
    7.5000  -30.0000   30.000011997.0957   17.1422
   -7.5000  -22.5000   30.000012535.2529   17.1196
    0.0000  -22.5000   30.000013049.0713   17.1407
    7.5000  -22.5000   30.000012503.1123   17.1655
   -7.5000  -15.0000   30.000012951.3428   17.1326
    0.0000  -15.0000   30.000013533.0605   17.1499
    7.5000  -15.0000   30.000012951.5479   17.1777
   -7.5000   -7.5000   30.000013364.6328   17.1304
    0.0000   -7.5000   30.000013976.0449   17.1432
    7.5000   -7.5000   30.000013339.4609   17.1614
   -7.5000    0.0000   30.000013615.3848   17.1163
    0.0000    0.0000   30.000014228.8789   17.1287
    7.5000    0.0000   30.000013562.8281   17.1357
   -7.5000    7.5000   30.000012741.0615   17.1031
    0.0000    7.5000   30.000013339.7812   17.1200
    7.5000    7.5000   30.000012705.6514   17.1275
   -7.5000   15.0000   30.000011784.0840   17.1114
    0.0000   15.0000   30.000012366.6074   17.1326
    7.5000   15.0000   30.000011766.3486   17.1482
   -7.5000   22.5000   30.000010905.0928   17.5187
    0.0000   22.5000   30.000011421.7178   17.5380
    7.5000   22.5000   30.000010864.7197   17.5611
   -7.5000   30.0000   30.000010158.1328   17.9013
    0.0000   30.0000   30.000010672.7227   17.9233
    7.5000   30.0000   30.000010133.8115   17.9508
   -7.5000   37.5000   30.0000 9777.0039   18.5196
    0.0000   37.5000   30.000010271.3721   18.5356
    7.5000   37.5000   30.0000 9748.0703   18.5514
   -7.5000   45.0000   30.0000 9067.1367   18.7451
    0.0000   45.0000   30.0000 9526.9326   18.7705
    7.5000   45.0000   30.0000 9053.5234   18.7802
   -7.5000  -45.0000   37.500010408.5459   17.3959
    0.0000  -45.0000   37.500010844.3369   17.4195
    7.5000  -45.0000   37.500010372.3203   17.4275
   -7.5000  -37.5000   37.500010960.7920   17.2584
    0.0000  -37.5000   37.500011396.6045   17.2843
    7.5000  -37.5000   37.500010936.3828   17.2933
   -7.5000  -30.0000   37.500011521.8574   17.2415
    0.0000  -30.0000   37.500011968.7051   17.2663
    7.5000  -30.0000   37.500011517.0137   17.2806
   -7.5000  -22.5000   37.500012000.5273   17.2587
    0.0000  -22.5000   37.500012472.0352   17.2809
    7.5000  -22.5000   37.500011998.8701   17.3001
   -7.5000  -15.0000   37.500012401.3770   17.2620
    0.0000  -15.0000   37.500012913.7686   17.2823
    7.5000  -15.0000   37.500012422.6855   17.3035
   -7.5000   -7.5000   37.500012760.4961   17.2461
    0.0000   -7.5000   37.500013304.0742   17.2666
    7.5000   -7.5000   37.500012737.6826   17.2815
   -7.5000    0.0000   37.500012975.3867   17.2275
    0.0000    0.0000   37.500013545.1865   17.2508
    7.5000    0.0000   37.500012951.5010   17.2587
   -7.5000    7.5000   37.500012142.8184   17.2251
    0.0000    7.5000   37.500012685.7568   17.2509
    7.5000    7.5000   37.500012136.3057   17.2600
   -7.5000   15.0000   37.500011218.4316   17.2478
    0.0000   15.0000   37.500011731.2314   17.2726
    7.5000   15.0000   37.500011232.4395   17.2869
   -7.5000   22.5000   37.500010401.7510   17.6645
    0.0000   22.5000   37.500010856.0156   17.6846
    7.5000   22.5000   37.500010375.8086   17.7024
   -7.5000   30.0000   37.5000 9711.4580   18.0459
    0.0000   30.0000   37.500010175.4453   18.0713
    7.5000   30.0000   37.5000 9702.9141   18.0928
   -7.5000   37.5000   37.5000 9385.7051   18.6538
    0.0000   37.5000   37.5000 9841.6904   18.6801
    7.5000   37.5000   37.5000 9362.4463   18.6948
   -7.5000   45.0000   37.5000 8721.4023   18.8771
    0.0000   45.0000   37.5000 9150.2451   18.9145
    7.5000   45.0000   37.5000 8713.1729   18.9245
   -7.5000  -45.0000   45.0000 9476.3389   17.5585
    0.0000  -45.0000   45.0000 9870.5811   17.5825
    7.5000  -45.0000   45.0000 9498.4883   17.5792
   -7.5000  -37.5000   45.000010010.8848   17.4203
    0.0000  -37.5000   45.000010387.1611   17.4450
    7.5000  -37.5000   45.000010012.8408   17.4464
   -7.5000  -30.0000   45.000010559.8379   17.4068
    0.0000  -30.0000   45.000010959.7734   17.4301
    7.5000  -30.0000   45.000010563.7002   17.4392
   -7.5000  -22.5000   45.000010984.8027   17.4253
    0.0000  -22.5000   45.000011433.5498   17.4477
    7.5000  -22.5000   45.000011016.4697   17.4602
   -7.5000  -15.0000   45.000011348.1992   17.4264
    0.0000  -15.0000   45.000011831.9121   17.4488
    7.5000  -15.0000   45.000011383.5410   17.4597
   -7.5000   -7.5000   45.000011648.6123   17.4062
    0.0000   -7.5000   45.000012144.6602   17.4284
    7.5000   -7.5000   45.000011633.0596   17.4312
   -7.5000    0.0000   45.000011817.9053   17.3857
    0.0000    0.0000   45.000012343.9551   17.4091
    7.5000    0.0000   45.000011786.8223   17.4060
   -7.5000    7.5000   45.000011052.3965   17.3861
    0.0000    7.5000   45.000011563.5117   17.4107
    7.5000    7.5000   45.000011022.8486   17.4122
   -7.5000   15.0000   45.000010205.7139   17.4132
    0.0000   15.0000   45.000010676.3027   17.4366
    7.5000   15.0000   45.000010198.9414   17.4457
   -7.5000   22.5000   45.0000 9469.0254   17.8413
    0.0000   22.5000   45.0000 9882.5771   17.8622
    7.5000   22.5000   45.0000 9456.2607   17.8732
   -7.5000   30.0000   45.0000 8864.8516   18.2328
    0.0000   30.0000   45.0000 9283.9229   18.2600
    7.5000   30.0000   45.0000 8877.4082   18.2696
   -7.5000   37.5000   45.0000 8568.8604   18.8487
    0.0000   37.5000   45.0000 8985.7754   18.8777
    7.5000   37.5000   45.0000 8571.2324   18.8789
   -7.5000   45.0000   45.0000 7975.3198   19.0929
    0.0000   45.0000   45.0000 8361.6016   19.1318
    7.5000   45.0000   45.0000 7968.8921   19.1274

---------------------------------------------------------------------
imgreg_4dfp /opt/freesurfer/average/711-2C_as_mni_average_305 /opt/freesurfer/average/711-2B_as_mni_average_305_mask talsrcimg_g11 none talsrcimg_to_711-2C_as_mni_average_305_t4 4355
---------------------------------------------------------------------

freesurfer imgreg_4dfp.c
/opt/freesurfer/average/711-2C_as_mni_average_305.4dfp.img
       256       256       256         1
  1.000000  1.000000  1.000000
orientation T byte_order littleendian
Reading image: /opt/freesurfer/average/711-2C_as_mni_average_305.4dfp.img
dimensions:      256       256       256
mmppix:       1.0000   -1.0000   -1.0000
center:     128.0000 -129.0000 -129.0000
/opt/freesurfer/average/711-2B_as_mni_average_305_mask.4dfp.img
       256       256       256         1
  1.000000  1.000000  1.000000
orientation T byte_order littleendian
Reading mask: /opt/freesurfer/average/711-2B_as_mni_average_305_mask.4dfp.img (2306576 pixels)
talsrcimg_g11.4dfp.img
       256       256       256         1
  1.000000  1.000000  1.000000
orientation T byte_order littleendian
Reading image: talsrcimg_g11.4dfp.img
dimensions:      256       256       256
mmppix:       1.0000   -1.0000   -1.0000
center:     128.0000 -129.0000 -129.0000
rotation matrix determinant  1.000000
image alignment mode   4355 decimal     1103 hex
   -7.5000  -45.0000  -45.0000 2189.6182   20.0782
    0.0000  -45.0000  -45.0000 2199.8979   20.1454
    7.5000  -45.0000  -45.0000 2177.8860   20.3536
   -7.5000  -37.5000  -45.0000 2207.2434   19.7629
    0.0000  -37.5000  -45.0000 2218.5654   19.8378
    7.5000  -37.5000  -45.0000 2198.7278   19.9754
   -7.5000  -30.0000  -45.0000 2233.8379   19.6435
    0.0000  -30.0000  -45.0000 2241.8938   19.7665
    7.5000  -30.0000  -45.0000 2223.6628   19.8646
   -7.5000  -22.5000  -45.0000 2260.5659   19.6679
    0.0000  -22.5000  -45.0000 2268.7007   19.7869
    7.5000  -22.5000  -45.0000 2247.6567   19.8776
   -7.5000  -15.0000  -45.0000 2271.3831   19.6225
    0.0000  -15.0000  -45.0000 2283.2742   19.7392
    7.5000  -15.0000  -45.0000 2257.2126   19.8164
   -7.5000   -7.5000  -45.0000 2274.4004   19.5168
    0.0000   -7.5000  -45.0000 2294.6921   19.5843
    7.5000   -7.5000  -45.0000 2261.4431   19.7087
   -7.5000    0.0000  -45.0000 2272.9744   19.4758
    0.0000    0.0000  -45.0000 2289.7695   19.5284
    7.5000    0.0000  -45.0000 2261.5974   19.6329
   -7.5000    7.5000  -45.0000 2264.3987   19.6606
    0.0000    7.5000  -45.0000 2287.0569   19.6543
    7.5000    7.5000  -45.0000 2262.1116   19.7506
   -7.5000   15.0000  -45.0000 2256.8750   20.1189
    0.0000   15.0000  -45.0000 2274.6636   20.1077
    7.5000   15.0000  -45.0000 2253.4006   20.2482
   -7.5000   22.5000  -45.0000 2227.9089   21.0341
    0.0000   22.5000  -45.0000 2249.0518   21.0210
    7.5000   22.5000  -45.0000 2225.4795   21.1192
   -7.5000   30.0000  -45.0000 2181.1829   22.1738
    0.0000   30.0000  -45.0000 2206.1445   22.1680
    7.5000   30.0000  -45.0000 2185.0039   22.2655
   -7.5000   37.5000  -45.0000 2113.8206   23.6735
    0.0000   37.5000  -45.0000 2137.5254   23.7151
    7.5000   37.5000  -45.0000 2117.5957   23.7417
   -7.5000   45.0000  -45.0000 2028.0968   25.7251
    0.0000   45.0000  -45.0000 2048.9709   25.7348
    7.5000   45.0000  -45.0000 2026.7329   25.8557
   -7.5000  -45.0000  -37.5000 2292.0757   18.4101
    0.0000  -45.0000  -37.5000 2304.1687   18.4768
    7.5000  -45.0000  -37.5000 2282.1304   18.5918
   -7.5000  -37.5000  -37.5000 2317.9094   18.1299
    0.0000  -37.5000  -37.5000 2329.4944   18.1971
    7.5000  -37.5000  -37.5000 2302.9709   18.2978
   -7.5000  -30.0000  -37.5000 2347.1057   18.0614
    0.0000  -30.0000  -37.5000 2356.6011   18.1052
    7.5000  -30.0000  -37.5000 2335.1743   18.1958
   -7.5000  -22.5000  -37.5000 2367.9692   18.0569
    0.0000  -22.5000  -37.5000 2379.8291   18.1019
    7.5000  -22.5000  -37.5000 2353.2268   18.2259
   -7.5000  -15.0000  -37.5000 2379.1946   18.0190
    0.0000  -15.0000  -37.5000 2393.0537   18.0990
    7.5000  -15.0000  -37.5000 2365.7825   18.1547
   -7.5000   -7.5000  -37.5000 2385.0818   18.0177
    0.0000   -7.5000  -37.5000 2403.7556   18.0643
    7.5000   -7.5000  -37.5000 2372.0764   18.1196
   -7.5000    0.0000  -37.5000 2379.6956   18.0685
    0.0000    0.0000  -37.5000 2397.2700   18.0614
    7.5000    0.0000  -37.5000 2366.2856   18.1238
   -7.5000    7.5000  -37.5000 2365.7292   18.2373
    0.0000    7.5000  -37.5000 2390.6997   18.2225
    7.5000    7.5000  -37.5000 2367.1143   18.2715
   -7.5000   15.0000  -37.5000 2357.6040   18.6959
    0.0000   15.0000  -37.5000 2379.8108   18.6668
    7.5000   15.0000  -37.5000 2354.6106   18.7322
   -7.5000   22.5000  -37.5000 2328.7805   19.4367
    0.0000   22.5000  -37.5000 2353.1858   19.4412
    7.5000   22.5000  -37.5000 2325.7991   19.5428
   -7.5000   30.0000  -37.5000 2282.7380   20.5307
    0.0000   30.0000  -37.5000 2306.6689   20.5196
    7.5000   30.0000  -37.5000 2280.6892   20.5621
   -7.5000   37.5000  -37.5000 2205.5171   21.8919
    0.0000   37.5000  -37.5000 2230.9963   21.9208
    7.5000   37.5000  -37.5000 2205.3044   21.9422
   -7.5000   45.0000  -37.5000 2106.8948   23.7570
    0.0000   45.0000  -37.5000 2129.6719   23.8098
    7.5000   45.0000  -37.5000 2110.1838   23.8832
   -7.5000  -45.0000  -30.0000 2432.3730   17.5735
    0.0000  -45.0000  -30.0000 2447.5222   17.5821
    7.5000  -45.0000  -30.0000 2415.8687   17.7563
   -7.5000  -37.5000  -30.0000 2461.8647   17.3133
    0.0000  -37.5000  -30.0000 2476.7317   17.3325
    7.5000  -37.5000  -30.0000 2449.9397   17.4828
   -7.5000  -30.0000  -30.0000 2488.9084   17.1783
    0.0000  -30.0000  -30.0000 2505.5312   17.2002
    7.5000  -30.0000  -30.0000 2480.1145   17.3721
   -7.5000  -22.5000  -30.0000 2511.3511   17.1887
    0.0000  -22.5000  -30.0000 2525.5566   17.1686
    7.5000  -22.5000  -30.0000 2494.8013   17.3088
   -7.5000  -15.0000  -30.0000 2516.0452   17.1843
    0.0000  -15.0000  -30.0000 2530.6990   17.1555
    7.5000  -15.0000  -30.0000 2506.6545   17.2359
   -7.5000   -7.5000  -30.0000 2526.3337   17.2338
    0.0000   -7.5000  -30.0000 2540.6902   17.1735
    7.5000   -7.5000  -30.0000 2519.4250   17.2303
   -7.5000    0.0000  -30.0000 2528.1167   17.2966
    0.0000    0.0000  -30.0000 2548.3486   17.2796
    7.5000    0.0000  -30.0000 2516.6716   17.2836
   -7.5000    7.5000  -30.0000 2517.9211   17.5430
    0.0000    7.5000  -30.0000 2545.6619   17.5371
    7.5000    7.5000  -30.0000 2515.4514   17.5083
   -7.5000   15.0000  -30.0000 2500.5964   17.9902
    0.0000   15.0000  -30.0000 2533.2424   17.9777
    7.5000   15.0000  -30.0000 2497.2239   18.0143
   -7.5000   22.5000  -30.0000 2468.1399   18.7371
    0.0000   22.5000  -30.0000 2501.7058   18.7204
    7.5000   22.5000  -30.0000 2467.6780   18.7851
   -7.5000   30.0000  -30.0000 2416.8704   19.6988
    0.0000   30.0000  -30.0000 2450.8691   19.6885
    7.5000   30.0000  -30.0000 2411.9443   19.7648
   -7.5000   37.5000  -30.0000 2336.9771   21.0053
    0.0000   37.5000  -30.0000 2367.0305   21.0214
    7.5000   37.5000  -30.0000 2341.2168   21.0724
   -7.5000   45.0000  -30.0000 2228.8245   22.8522
    0.0000   45.0000  -30.0000 2256.4661   22.8180
    7.5000   45.0000  -30.0000 2237.3276   22.8954
   -7.5000  -45.0000  -22.5000 2542.2297   16.6794
    0.0000  -45.0000  -22.5000 2553.8137   16.6447
    7.5000  -45.0000  -22.5000 2527.9773   16.8718
   -7.5000  -37.5000  -22.5000 2572.6497   16.4007
    0.0000  -37.5000  -22.5000 2587.7090   16.3623
    7.5000  -37.5000  -22.5000 2564.5569   16.5809
   -7.5000  -30.0000  -22.5000 2590.1814   16.2202
    0.0000  -30.0000  -22.5000 2607.3962   16.2294
    7.5000  -30.0000  -22.5000 2586.9082   16.4429
   -7.5000  -22.5000  -22.5000 2611.4053   16.1717
    0.0000  -22.5000  -22.5000 2626.3110   16.1309
    7.5000  -22.5000  -22.5000 2598.3040   16.3015
   -7.5000  -15.0000  -22.5000 2621.9736   16.1527
    0.0000  -15.0000  -22.5000 2638.8552   16.1105
    7.5000  -15.0000  -22.5000 2613.0396   16.2278
   -7.5000   -7.5000  -22.5000 2634.2229   16.1893
    0.0000   -7.5000  -22.5000 2650.1250   16.1633
    7.5000   -7.5000  -22.5000 2634.0264   16.2351
   -7.5000    0.0000  -22.5000 2639.7812   16.3011
    0.0000    0.0000  -22.5000 2666.8828   16.2913
    7.5000    0.0000  -22.5000 2635.3706   16.3021
   -7.5000    7.5000  -22.5000 2637.8232   16.5956
    0.0000    7.5000  -22.5000 2675.4822   16.5906
    7.5000    7.5000  -22.5000 2637.2886   16.5687
   -7.5000   15.0000  -22.5000 2621.9023   17.1177
    0.0000   15.0000  -22.5000 2667.1445   17.0832
    7.5000   15.0000  -22.5000 2628.3074   17.0955
   -7.5000   22.5000  -22.5000 2589.7522   17.8439
    0.0000   22.5000  -22.5000 2631.4771   17.8434
    7.5000   22.5000  -22.5000 2595.8779   17.9004
   -7.5000   30.0000  -22.5000 2528.3286   18.7772
    0.0000   30.0000  -22.5000 2561.9907   18.7286
    7.5000   30.0000  -22.5000 2534.2029   18.8367
   -7.5000   37.5000  -22.5000 2443.5916   20.0415
    0.0000   37.5000  -22.5000 2471.9207   19.9774
    7.5000   37.5000  -22.5000 2451.2578   20.0954
   -7.5000   45.0000  -22.5000 2326.3970   21.8070
    0.0000   45.0000  -22.5000 2352.9802   21.7446
    7.5000   45.0000  -22.5000 2338.6440   21.8327
   -7.5000  -45.0000  -15.0000 2603.2666   15.7949
    0.0000  -45.0000  -15.0000 2623.7102   15.8004
    7.5000  -45.0000  -15.0000 2593.8477   16.0254
   -7.5000  -37.5000  -15.0000 2635.7588   15.4873
    0.0000  -37.5000  -15.0000 2656.7922   15.4679
    7.5000  -37.5000  -15.0000 2626.2012   15.6971
   -7.5000  -30.0000  -15.0000 2655.2231   15.3296
    0.0000  -30.0000  -15.0000 2671.6521   15.2906
    7.5000  -30.0000  -15.0000 2646.2673   15.5154
   -7.5000  -22.5000  -15.0000 2675.1970   15.2431
    0.0000  -22.5000  -15.0000 2687.8916   15.1935
    7.5000  -22.5000  -15.0000 2665.2605   15.3998
   -7.5000  -15.0000  -15.0000 2693.2302   15.2316
    0.0000  -15.0000  -15.0000 2714.1301   15.1851
    7.5000  -15.0000  -15.0000 2688.3486   15.3485
   -7.5000   -7.5000  -15.0000 2715.5884   15.2450
    0.0000   -7.5000  -15.0000 2738.8962   15.2131
    7.5000   -7.5000  -15.0000 2716.1172   15.3271
   -7.5000    0.0000  -15.0000 2721.0664   15.3859
    0.0000    0.0000  -15.0000 2757.0554   15.3484
    7.5000    0.0000  -15.0000 2727.1104   15.4620
   -7.5000    7.5000  -15.0000 2726.6477   15.6569
    0.0000    7.5000  -15.0000 2770.9924   15.6321
    7.5000    7.5000  -15.0000 2733.6445   15.7281
   -7.5000   15.0000  -15.0000 2716.6790   16.2119
    0.0000   15.0000  -15.0000 2765.0806   16.1557
    7.5000   15.0000  -15.0000 2726.0735   16.2476
   -7.5000   22.5000  -15.0000 2680.8420   16.9708
    0.0000   22.5000  -15.0000 2725.7268   16.9439
    7.5000   22.5000  -15.0000 2695.6660   17.0214
   -7.5000   30.0000  -15.0000 2610.6094   17.8738
    0.0000   30.0000  -15.0000 2642.7993   17.8120
    7.5000   30.0000  -15.0000 2628.3472   17.9221
   -7.5000   37.5000  -15.0000 2521.4087   19.0497
    0.0000   37.5000  -15.0000 2546.9412   18.9572
    7.5000   37.5000  -15.0000 2529.9973   19.1096
   -7.5000   45.0000  -15.0000 2397.9292   20.7822
    0.0000   45.0000  -15.0000 2424.8079   20.6736
    7.5000   45.0000  -15.0000 2408.0046   20.8222
   -7.5000  -45.0000   -7.5000 2645.2900   15.1464
    0.0000  -45.0000   -7.5000 2667.4199   15.1641
    7.5000  -45.0000   -7.5000 2642.8340   15.3570
   -7.5000  -37.5000   -7.5000 2672.2449   14.7757
    0.0000  -37.5000   -7.5000 2698.8000   14.7888
    7.5000  -37.5000   -7.5000 2672.7722   14.9754
   -7.5000  -30.0000   -7.5000 2698.3042   14.5584
    0.0000  -30.0000   -7.5000 2716.3643   14.5484
    7.5000  -30.0000   -7.5000 2694.2563   14.7178
   -7.5000  -22.5000   -7.5000 2719.6917   14.4515
    0.0000  -22.5000   -7.5000 2732.0464   14.4366
    7.5000  -22.5000   -7.5000 2712.4062   14.6088
   -7.5000  -15.0000   -7.5000 2747.1733   14.4636
    0.0000  -15.0000   -7.5000 2766.2612   14.4006
    7.5000  -15.0000   -7.5000 2744.5620   14.5632
   -7.5000   -7.5000   -7.5000 2781.7830   14.5104
    0.0000   -7.5000   -7.5000 2811.9595   14.4672
    7.5000   -7.5000   -7.5000 2786.4504   14.6020
   -7.5000    0.0000   -7.5000 2796.0239   14.6390
    0.0000    0.0000   -7.5000 2841.0493   14.5820
    7.5000    0.0000   -7.5000 2811.7263   14.7648
   -7.5000    7.5000   -7.5000 2808.4014   14.8938
    0.0000    7.5000   -7.5000 2861.4160   14.8207
    7.5000    7.5000   -7.5000 2822.6326   15.0530
   -7.5000   15.0000   -7.5000 2796.3149   15.4429
    0.0000   15.0000   -7.5000 2844.0015   15.3000
    7.5000   15.0000   -7.5000 2807.0774   15.5364
   -7.5000   22.5000   -7.5000 2751.3689   16.1899
    0.0000   22.5000   -7.5000 2792.4189   16.0817
    7.5000   22.5000   -7.5000 2770.8110   16.2460
   -7.5000   30.0000   -7.5000 2671.7561   17.0717
    0.0000   30.0000   -7.5000 2704.6177   16.9417
    7.5000   30.0000   -7.5000 2692.6323   17.1330
   -7.5000   37.5000   -7.5000 2575.9241   18.2047
    0.0000   37.5000   -7.5000 2606.7734   18.0307
    7.5000   37.5000   -7.5000 2589.4141   18.2553
   -7.5000   45.0000   -7.5000 2450.0981   19.8441
    0.0000   45.0000   -7.5000 2475.1643   19.6955
    7.5000   45.0000   -7.5000 2456.1323   19.9445
   -7.5000  -45.0000    0.0000 2658.7354   14.8155
    0.0000  -45.0000    0.0000 2683.9211   14.7753
    7.5000  -45.0000    0.0000 2659.4546   15.0023
   -7.5000  -37.5000    0.0000 2679.8093   14.4207
    0.0000  -37.5000    0.0000 2703.8516   14.3685
    7.5000  -37.5000    0.0000 2685.6868   14.5913
   -7.5000  -30.0000    0.0000 2702.8064   14.1553
    0.0000  -30.0000    0.0000 2721.8025   14.1385
    7.5000  -30.0000    0.0000 2704.8354   14.2917
   -7.5000  -22.5000    0.0000 2729.2727   14.0365
    0.0000  -22.5000    0.0000 2747.5444   13.9952
    7.5000  -22.5000    0.0000 2730.6250   14.1466
   -7.5000  -15.0000    0.0000 2762.5437   13.9980
    0.0000  -15.0000    0.0000 2788.8953   13.9431
    7.5000  -15.0000    0.0000 2769.9888   14.1181
   -7.5000   -7.5000    0.0000 2807.9233   14.0817
    0.0000   -7.5000    0.0000 2846.8892   14.0126
    7.5000   -7.5000    0.0000 2823.0637   14.1772
   -7.5000    0.0000    0.0000 2846.4089   14.2706
    0.0000    0.0000    0.0000 2896.2644   14.2472
    7.5000    0.0000    0.0000 2865.8831   14.3744
   -7.5000    7.5000    0.0000 2870.4827   14.5226
    0.0000    7.5000    0.0000 2929.6494   14.3853
    7.5000    7.5000    0.0000 2885.5608   14.6696
   -7.5000   15.0000    0.0000 2851.5088   14.9835
    0.0000   15.0000    0.0000 2906.9521   14.7433
    7.5000   15.0000    0.0000 2864.5388   15.0952
   -7.5000   22.5000    0.0000 2791.4443   15.6946
    0.0000   22.5000    0.0000 2833.4241   15.4237
    7.5000   22.5000    0.0000 2806.1243   15.6961
   -7.5000   30.0000    0.0000 2704.1416   16.5697
    0.0000   30.0000    0.0000 2742.9224   16.3275
    7.5000   30.0000    0.0000 2724.7559   16.5512
   -7.5000   37.5000    0.0000 2607.8479   17.7125
    0.0000   37.5000    0.0000 2634.5786   17.4823
    7.5000   37.5000    0.0000 2619.9346   17.6595
   -7.5000   45.0000    0.0000 2478.3374   19.3357
    0.0000   45.0000    0.0000 2501.5391   19.1349
    7.5000   45.0000    0.0000 2483.2437   19.2979
   -7.5000  -45.0000    7.5000 2659.8303   14.6841
    0.0000  -45.0000    7.5000 2690.8462   14.5965
    7.5000  -45.0000    7.5000 2660.3606   14.8704
   -7.5000  -37.5000    7.5000 2675.9241   14.2616
    0.0000  -37.5000    7.5000 2700.9912   14.1990
    7.5000  -37.5000    7.5000 2676.2327   14.4456
   -7.5000  -30.0000    7.5000 2694.6853   13.9887
    0.0000  -30.0000    7.5000 2711.4187   13.9373
    7.5000  -30.0000    7.5000 2696.4136   14.1728
   -7.5000  -22.5000    7.5000 2721.3083   13.8485
    0.0000  -22.5000    7.5000 2740.4822   13.7630
    7.5000  -22.5000    7.5000 2730.0076   13.9823
   -7.5000  -15.0000    7.5000 2760.2068   13.8141
    0.0000  -15.0000    7.5000 2788.2993   13.7129
    7.5000  -15.0000    7.5000 2773.5947   13.9323
   -7.5000   -7.5000    7.5000 2811.9556   13.9173
    0.0000   -7.5000    7.5000 2854.7131   13.8368
    7.5000   -7.5000    7.5000 2833.4143   14.0051
   -7.5000    0.0000    7.5000 2867.3464   14.1935
    0.0000    0.0000    7.5000 2920.5017   14.1595
    7.5000    0.0000    7.5000 2886.4275   14.2309
   -7.5000    7.5000    7.5000 2905.9785   14.4936
    0.0000    7.5000    7.5000 2967.5503   14.4146
    7.5000    7.5000    7.5000 2922.3704   14.5150
   -7.5000   15.0000    7.5000 2884.3733   14.8714
    0.0000   15.0000    7.5000 2936.9883   14.5874
    7.5000   15.0000    7.5000 2894.0398   14.8010
   -7.5000   22.5000    7.5000 2813.1455   15.4589
    0.0000   22.5000    7.5000 2857.3198   15.1584
    7.5000   22.5000    7.5000 2823.9595   15.3546
   -7.5000   30.0000    7.5000 2715.3743   16.2922
    0.0000   30.0000    7.5000 2752.4529   16.0919
    7.5000   30.0000    7.5000 2731.1921   16.2206
   -7.5000   37.5000    7.5000 2612.6580   17.4873
    0.0000   37.5000    7.5000 2632.0559   17.2963
    7.5000   37.5000    7.5000 2622.5742   17.3812
   -7.5000   45.0000    7.5000 2479.6567   19.0930
    0.0000   45.0000    7.5000 2499.6030   18.9250
    7.5000   45.0000    7.5000 2487.7283   19.0037
   -7.5000  -45.0000   15.0000 2645.4946   14.7571
    0.0000  -45.0000   15.0000 2676.9873   14.6353
    7.5000  -45.0000   15.0000 2654.5623   15.0094
   -7.5000  -37.5000   15.0000 2656.4321   14.3310
    0.0000  -37.5000   15.0000 2678.3489   14.2028
    7.5000  -37.5000   15.0000 2663.8650   14.5736
   -7.5000  -30.0000   15.0000 2674.7673   14.0802
    0.0000  -30.0000   15.0000 2694.0271   13.9708
    7.5000  -30.0000   15.0000 2685.3826   14.2817
   -7.5000  -22.5000   15.0000 2703.4036   13.9678
    0.0000  -22.5000   15.0000 2721.4102   13.8883
    7.5000  -22.5000   15.0000 2717.6426   14.0744
   -7.5000  -15.0000   15.0000 2735.4500   13.9398
    0.0000  -15.0000   15.0000 2768.2712   13.8838
    7.5000  -15.0000   15.0000 2750.9829   14.0092
   -7.5000   -7.5000   15.0000 2791.6904   14.0382
    0.0000   -7.5000   15.0000 2834.1328   14.0058
    7.5000   -7.5000   15.0000 2807.3250   14.0579
   -7.5000    0.0000   15.0000 2850.8110   14.3191
    0.0000    0.0000   15.0000 2899.7803   14.2829
    7.5000    0.0000   15.0000 2863.2668   14.2920
   -7.5000    7.5000   15.0000 2890.7134   14.6256
    0.0000    7.5000   15.0000 2948.1846   14.4490
    7.5000    7.5000   15.0000 2902.2551   14.5058
   -7.5000   15.0000   15.0000 2868.3142   15.0227
    0.0000   15.0000   15.0000 2924.8528   14.8022
    7.5000   15.0000   15.0000 2877.8435   14.8323
   -7.5000   22.5000   15.0000 2800.5823   15.5128
    0.0000   22.5000   15.0000 2847.8000   15.3623
    7.5000   22.5000   15.0000 2811.5269   15.4378
   -7.5000   30.0000   15.0000 2705.3154   16.3572
    0.0000   30.0000   15.0000 2739.6118   16.2302
    7.5000   30.0000   15.0000 2713.7554   16.3518
   -7.5000   37.5000   15.0000 2586.8440   17.5884
    0.0000   37.5000   15.0000 2609.1113   17.4312
    7.5000   37.5000   15.0000 2595.2461   17.5129
   -7.5000   45.0000   15.0000 2451.0903   19.1943
    0.0000   45.0000   15.0000 2474.2925   19.0029
    7.5000   45.0000   15.0000 2468.1475   19.0779
   -7.5000  -45.0000   22.5000 2618.5466   15.1455
    0.0000  -45.0000   22.5000 2645.8552   14.9637
    7.5000  -45.0000   22.5000 2626.4377   15.3065
   -7.5000  -37.5000   22.5000 2634.6584   14.7442
    0.0000  -37.5000   22.5000 2655.0908   14.5556
    7.5000  -37.5000   22.5000 2639.5498   14.8470
   -7.5000  -30.0000   22.5000 2648.9968   14.4900
    0.0000  -30.0000   22.5000 2670.7983   14.3612
    7.5000  -30.0000   22.5000 2654.2952   14.5953
   -7.5000  -22.5000   22.5000 2679.7737   14.3779
    0.0000  -22.5000   22.5000 2698.5393   14.2728
    7.5000  -22.5000   22.5000 2685.4546   14.4253
   -7.5000  -15.0000   22.5000 2709.9929   14.3276
    0.0000  -15.0000   22.5000 2737.3997   14.2121
    7.5000  -15.0000   22.5000 2722.3193   14.3300
   -7.5000   -7.5000   22.5000 2759.5679   14.3958
    0.0000   -7.5000   22.5000 2790.5964   14.2663
    7.5000   -7.5000   22.5000 2774.6240   14.3911
   -7.5000    0.0000   22.5000 2811.4050   14.6576
    0.0000    0.0000   22.5000 2851.7634   14.4523
    7.5000    0.0000   22.5000 2824.0161   14.5712
   -7.5000    7.5000   22.5000 2836.0674   14.9058
    0.0000    7.5000   22.5000 2885.1931   14.6145
    7.5000    7.5000   22.5000 2854.7766   14.7571
   -7.5000   15.0000   22.5000 2812.9656   15.3106
    0.0000   15.0000   22.5000 2863.6199   15.0671
    7.5000   15.0000   22.5000 2828.4670   15.2212
   -7.5000   22.5000   22.5000 2750.0486   15.9338
    0.0000   22.5000   22.5000 2798.2715   15.7367
    7.5000   22.5000   22.5000 2769.7939   15.8994
   -7.5000   30.0000   22.5000 2661.5996   16.8138
    0.0000   30.0000   22.5000 2697.7632   16.6412
    7.5000   30.0000   22.5000 2675.2739   16.8008
   -7.5000   37.5000   22.5000 2544.1460   18.0644
    0.0000   37.5000   22.5000 2566.0327   17.8830
    7.5000   37.5000   22.5000 2554.4761   17.9967
   -7.5000   45.0000   22.5000 2411.1760   19.6318
    0.0000   45.0000   22.5000 2437.4949   19.4407
    7.5000   45.0000   22.5000 2426.9590   19.5474
   -7.5000  -45.0000   30.0000 2550.3254   15.7633
    0.0000  -45.0000   30.0000 2577.4392   15.5424
    7.5000  -45.0000   30.0000 2553.6924   15.8441
   -7.5000  -37.5000   30.0000 2577.0327   15.3158
    0.0000  -37.5000   30.0000 2596.1909   15.1231
    7.5000  -37.5000   30.0000 2584.3093   15.4131
   -7.5000  -30.0000   30.0000 2596.4675   15.0284
    0.0000  -30.0000   30.0000 2618.5906   14.8378
    7.5000  -30.0000   30.0000 2604.8779   15.1242
   -7.5000  -22.5000   30.0000 2625.9050   14.9037
    0.0000  -22.5000   30.0000 2650.7549   14.6996
    7.5000  -22.5000   30.0000 2636.7773   14.9501
   -7.5000  -15.0000   30.0000 2660.4019   14.8497
    0.0000  -15.0000   30.0000 2690.2964   14.6422
    7.5000  -15.0000   30.0000 2675.3477   14.8771
   -7.5000   -7.5000   30.0000 2708.6533   14.9209
    0.0000   -7.5000   30.0000 2741.4453   14.6991
    7.5000   -7.5000   30.0000 2728.0620   14.9079
   -7.5000    0.0000   30.0000 2744.2568   15.0969
    0.0000    0.0000   30.0000 2783.8408   14.8013
    7.5000    0.0000   30.0000 2766.8103   15.0053
   -7.5000    7.5000   30.0000 2754.6716   15.3513
    0.0000    7.5000   30.0000 2795.4014   15.1061
    7.5000    7.5000   30.0000 2775.8110   15.2774
   -7.5000   15.0000   30.0000 2734.5535   15.8598
    0.0000   15.0000   30.0000 2773.1694   15.6388
    7.5000   15.0000   30.0000 2751.0393   15.7916
   -7.5000   22.5000   30.0000 2672.4690   16.5757
    0.0000   22.5000   30.0000 2710.7249   16.3541
    7.5000   22.5000   30.0000 2691.1514   16.5238
   -7.5000   30.0000   30.0000 2587.5212   17.5275
    0.0000   30.0000   30.0000 2628.6958   17.2916
    7.5000   30.0000   30.0000 2607.2847   17.4587
   -7.5000   37.5000   30.0000 2484.2100   18.7188
    0.0000   37.5000   30.0000 2517.5249   18.4956
    7.5000   37.5000   30.0000 2500.5015   18.6213
   -7.5000   45.0000   30.0000 2361.4282   20.3389
    0.0000   45.0000   30.0000 2387.8254   20.1401
    7.5000   45.0000   30.0000 2377.0078   20.2684
   -7.5000  -45.0000   37.5000 2485.7664   16.5476
    0.0000  -45.0000   37.5000 2505.2312   16.2406
    7.5000  -45.0000   37.5000 2492.2012   16.5934
   -7.5000  -37.5000   37.5000 2513.0408   16.0967
    0.0000  -37.5000   37.5000 2532.2898   15.7855
    7.5000  -37.5000   37.5000 2520.2620   16.1348
   -7.5000  -30.0000   37.5000 2536.9692   15.7977
    0.0000  -30.0000   37.5000 2558.6270   15.4636
    7.5000  -30.0000   37.5000 2542.7507   15.8119
   -7.5000  -22.5000   37.5000 2567.3872   15.6378
    0.0000  -22.5000   37.5000 2594.5559   15.3123
    7.5000  -22.5000   37.5000 2583.4260   15.6336
   -7.5000  -15.0000   37.5000 2592.9951   15.5542
    0.0000  -15.0000   37.5000 2629.4170   15.2623
    7.5000  -15.0000   37.5000 2620.2666   15.5652
   -7.5000   -7.5000   37.5000 2635.0798   15.5939
    0.0000   -7.5000   37.5000 2671.3342   15.2734
    7.5000   -7.5000   37.5000 2656.4065   15.5462
   -7.5000    0.0000   37.5000 2658.1877   15.7304
    0.0000    0.0000   37.5000 2700.2839   15.4590
    7.5000    0.0000   37.5000 2681.8699   15.6805
   -7.5000    7.5000   37.5000 2663.6887   16.0609
    0.0000    7.5000   37.5000 2703.0037   15.8526
    7.5000    7.5000   37.5000 2685.8809   16.0434
   -7.5000   15.0000   37.5000 2631.7246   16.6543
    0.0000   15.0000   37.5000 2670.6318   16.4330
    7.5000   15.0000   37.5000 2655.0691   16.5967
   -7.5000   22.5000   37.5000 2578.0281   17.4306
    0.0000   22.5000   37.5000 2613.9304   17.1663
    7.5000   22.5000   37.5000 2600.2366   17.3181
   -7.5000   30.0000   37.5000 2503.2451   18.3586
    0.0000   30.0000   37.5000 2545.8240   18.1139
    7.5000   30.0000   37.5000 2527.8289   18.2804
   -7.5000   37.5000   37.5000 2412.7700   19.5728
    0.0000   37.5000   37.5000 2449.4226   19.3294
    7.5000   37.5000   37.5000 2433.5581   19.4463
   -7.5000   45.0000   37.5000 2303.8994   21.1812
    0.0000   45.0000   37.5000 2332.8713   20.9769
    7.5000   45.0000   37.5000 2321.8577   21.0477
   -7.5000  -45.0000   45.0000 2416.9495   17.5052
    0.0000  -45.0000   45.0000 2436.0142   17.1270
    7.5000  -45.0000   45.0000 2424.6680   17.5391
   -7.5000  -37.5000   45.0000 2448.9434   17.0566
    0.0000  -37.5000   45.0000 2465.2905   16.6850
    7.5000  -37.5000   45.0000 2455.5288   17.0478
   -7.5000  -30.0000   45.0000 2475.4670   16.7752
    0.0000  -30.0000   45.0000 2496.2571   16.3706
    7.5000  -30.0000   45.0000 2482.3337   16.7313
   -7.5000  -22.5000   45.0000 2503.3870   16.5907
    0.0000  -22.5000   45.0000 2535.2122   16.2614
    7.5000  -22.5000   45.0000 2521.1689   16.5490
   -7.5000  -15.0000   45.0000 2522.9163   16.5109
    0.0000  -15.0000   45.0000 2558.8870   16.1654
    7.5000  -15.0000   45.0000 2548.8953   16.4843
   -7.5000   -7.5000   45.0000 2547.1882   16.5440
    0.0000   -7.5000   45.0000 2587.1506   16.2258
    7.5000   -7.5000   45.0000 2574.2075   16.4616
   -7.5000    0.0000   45.0000 2562.2236   16.6923
    0.0000    0.0000   45.0000 2604.0803   16.4065
    7.5000    0.0000   45.0000 2582.7209   16.5994
   -7.5000    7.5000   45.0000 2568.7151   17.1425
    0.0000    7.5000   45.0000 2604.0754   16.8971
    7.5000    7.5000   45.0000 2582.0215   17.0161
   -7.5000   15.0000   45.0000 2530.3735   17.7565
    0.0000   15.0000   45.0000 2564.9087   17.5306
    7.5000   15.0000   45.0000 2550.7205   17.6333
   -7.5000   22.5000   45.0000 2481.0630   18.5385
    0.0000   22.5000   45.0000 2512.4727   18.3281
    7.5000   22.5000   45.0000 2500.7751   18.4554
   -7.5000   30.0000   45.0000 2415.6287   19.4575
    0.0000   30.0000   45.0000 2454.5581   19.2373
    7.5000   30.0000   45.0000 2444.0640   19.3922
   -7.5000   37.5000   45.0000 2338.8669   20.5865
    0.0000   37.5000   45.0000 2379.4133   20.3336
    7.5000   37.5000   45.0000 2360.6062   20.4482
   -7.5000   45.0000   45.0000 2232.0696   22.2474
    0.0000   45.0000   45.0000 2260.9688   21.9888
    7.5000   45.0000   45.0000 2243.5850   22.0927

---------------------------------------------------------------------
imgreg_4dfp /opt/freesurfer/average/711-2C_as_mni_average_305 /opt/freesurfer/average/711-2B_as_mni_average_305_mask talsrcimg_g11 none talsrcimg_to_711-2C_as_mni_average_305_t4 1283
---------------------------------------------------------------------

freesurfer imgreg_4dfp.c
/opt/freesurfer/average/711-2C_as_mni_average_305.4dfp.img
       256       256       256         1
  1.000000  1.000000  1.000000
orientation T byte_order littleendian
Reading image: /opt/freesurfer/average/711-2C_as_mni_average_305.4dfp.img
dimensions:      256       256       256
mmppix:       1.0000   -1.0000   -1.0000
center:     128.0000 -129.0000 -129.0000
/opt/freesurfer/average/711-2B_as_mni_average_305_mask.4dfp.img
       256       256       256         1
  1.000000  1.000000  1.000000
orientation T byte_order littleendian
Reading mask: /opt/freesurfer/average/711-2B_as_mni_average_305_mask.4dfp.img (2306576 pixels)
talsrcimg_g11.4dfp.img
       256       256       256         1
  1.000000  1.000000  1.000000
orientation T byte_order littleendian
Reading image: talsrcimg_g11.4dfp.img
dimensions:      256       256       256
mmppix:       1.0000   -1.0000   -1.0000
center:     128.0000 -129.0000 -129.0000
rotation matrix determinant  1.000000
fimgreg.f
image alignment mode   1283 decimal      503 hex
parameters
    0.0000    7.5000    7.5000    0.0000    0.0000    0.0000
eta,q 0.93081 14.46355
niter,ni,del,rscale     5    3   12.0000    1.2000
parameter  4  1.603853 ->  0.500000 qaram    1.1500
parameters
    0.3968    8.6584    7.9623   -3.4500   -1.5126   -0.7471
eta,q 0.93836 14.35529
  0.0863  0.0817  0.0765  0.0622  0.0667  0.0676
  0.0788  0.0731  0.0721  0.0618  0.0629  0.0631
  0.0706  0.0675  0.0682  0.0645  0.0618  0.0616
  0.0667  0.0664  0.0673  0.0679  0.0623  0.0619
  0.0689  0.0681  0.0686  0.0699  0.0647  0.0634
  0.0747  0.0697  0.0707  0.0729  0.0691  0.0663
  0.0826  0.0717  0.0737  0.0772  0.0746  0.0704
niter,ni,del,rscale     5    3   12.0000    1.2000
parameter  4  0.505916 ->  0.500000 qaram    1.3225
parameters
    0.5756   10.0562    7.2897   -7.4175   -1.6871   -0.5329
eta,q 0.94039 14.31182
  0.0812  0.0784  0.0711  0.0623  0.0683  0.0668
  0.0720  0.0706  0.0663  0.0602  0.0632  0.0636
  0.0640  0.0645  0.0621  0.0589  0.0602  0.0610
  0.0616  0.0616  0.0616  0.0614  0.0597  0.0597
  0.0633  0.0620  0.0646  0.0662  0.0610  0.0601
  0.0701  0.0646  0.0704  0.0697  0.0643  0.0625
  0.0793  0.0673  0.0754  0.0741  0.0690  0.0663
niter,ni,del,rscale     5    3   12.0000    1.2000
parameter  2 -0.511064 -> -0.500000 qaram    1.1500
parameter  4  0.633177 ->  0.500000 qaram    1.5209
parameters
    0.6270   13.5062    6.7448  -11.9801   -2.0274   -0.0727
eta,q 0.94560 14.37236
  0.0796  0.0780  0.0673  0.0558  0.0648  0.0642
  0.0689  0.0708  0.0626  0.0545  0.0593  0.0587
  0.0610  0.0643  0.0586  0.0543  0.0556  0.0556
  0.0596  0.0596  0.0564  0.0567  0.0544  0.0544
  0.0621  0.0568  0.0591  0.0628  0.0566  0.0549
  0.0692  0.0567  0.0655  0.0678  0.0619  0.0572
  0.0780  0.0599  0.0725  0.0740  0.0666  0.0614
niter,ni,del,rscale     6    3   12.0000    1.2000
parameters
    0.6563   14.4420    5.4371  -12.4101   -2.1877   -0.1747
eta,q 0.94732 14.40054
  0.0761  0.0761  0.0620  0.0675  0.0626  0.0624
  0.0653  0.0679  0.0556  0.0587  0.0581  0.0565
  0.0567  0.0588  0.0526  0.0539  0.0544  0.0532
  0.0544  0.0544  0.0539  0.0526  0.0527  0.0527
  0.0573  0.0541  0.0585  0.0554  0.0537  0.0542
  0.0648  0.0585  0.0645  0.0625  0.0588  0.0575
  0.0756  0.0687  0.0711  0.0689  0.0641  0.0624
niter,ni,del,rscale     5    3   12.0000    1.2000
parameters
    0.6796   14.5961    5.2903  -12.6063   -2.2116   -0.2123
eta,q 0.94733 14.40599
  0.0761  0.0734  0.0665  0.0682  0.0629  0.0626
  0.0639  0.0639  0.0591  0.0597  0.0583  0.0567
  0.0550  0.0556  0.0539  0.0543  0.0545  0.0533
  0.0527  0.0527  0.0527  0.0526  0.0527  0.0527
  0.0560  0.0547  0.0554  0.0548  0.0534  0.0541
  0.0644  0.0620  0.0607  0.0619  0.0581  0.0574
  0.0748  0.0722  0.0671  0.0687  0.0636  0.0623
niter,ni,del,rscale     4    3   12.0000    1.2000
parameters
    0.6777   14.6375    5.2349  -12.6860   -2.2127   -0.2242
eta,q 0.94733 14.40683
  0.0760  0.0731  0.0669  0.0685  0.0629  0.0628
  0.0637  0.0634  0.0595  0.0602  0.0583  0.0568
  0.0549  0.0552  0.0541  0.0545  0.0546  0.0533
  0.0527  0.0527  0.0527  0.0527  0.0527  0.0527
  0.0561  0.0552  0.0551  0.0545  0.0534  0.0541
  0.0646  0.0627  0.0604  0.0616  0.0580  0.0574
  0.0750  0.0728  0.0668  0.0684  0.0635  0.0622
registration optimization eta report
parameter search radius
    6.0000    6.9000    6.0000    9.1253    6.0000    6.0000
100000*second partial in parameter space
       63.       42.       39.       19.       29.       27.
  0.0760  0.0731  0.0669  0.0685  0.0629  0.0628
  0.0637  0.0634  0.0595  0.0602  0.0583  0.0568
  0.0549  0.0552  0.0541  0.0545  0.0546  0.0533
  0.0527  0.0527  0.0527  0.0527  0.0527  0.0527
  0.0561  0.0552  0.0551  0.0545  0.0534  0.0541
  0.0646  0.0627  0.0604  0.0616  0.0580  0.0574
  0.0750  0.0728  0.0668  0.0684  0.0635  0.0622
    0.6777   14.6375    5.2349  -12.6860   -2.2127   -0.2242
eta,q 0.94733 14.40683

---------------------------------------------------------------------
imgreg_4dfp /opt/freesurfer/average/711-2C_as_mni_average_305 /opt/freesurfer/average/711-2B_as_mni_average_305_mask talsrcimg_g11 none talsrcimg_to_711-2C_as_mni_average_305_t4 3335
---------------------------------------------------------------------

freesurfer imgreg_4dfp.c
/opt/freesurfer/average/711-2C_as_mni_average_305.4dfp.img
       256       256       256         1
  1.000000  1.000000  1.000000
orientation T byte_order littleendian
Reading image: /opt/freesurfer/average/711-2C_as_mni_average_305.4dfp.img
dimensions:      256       256       256
mmppix:       1.0000   -1.0000   -1.0000
center:     128.0000 -129.0000 -129.0000
/opt/freesurfer/average/711-2B_as_mni_average_305_mask.4dfp.img
       256       256       256         1
  1.000000  1.000000  1.000000
orientation T byte_order littleendian
Reading mask: /opt/freesurfer/average/711-2B_as_mni_average_305_mask.4dfp.img (2306576 pixels)
talsrcimg_g11.4dfp.img
       256       256       256         1
  1.000000  1.000000  1.000000
orientation T byte_order littleendian
Reading image: talsrcimg_g11.4dfp.img
dimensions:      256       256       256
mmppix:       1.0000   -1.0000   -1.0000
center:     128.0000 -129.0000 -129.0000
fimgreg.f
image alignment mode   3335 decimal      D07 hex
parameters
    0.6777   14.6375    5.2349   -0.0753   -2.4386   -2.5139
   -0.4661    3.8526   -0.3910   21.9459   -3.8609  -21.9445
eta,q 0.94733 14.43390
niter,ni,del,rscale     5    3    5.0000    1.2000
parameter  4  2.518811 ->  0.500000 qaram    1.1500
parameter  5  2.545269 ->  0.500000 qaram    1.1500
parameter  6  0.641411 ->  0.500000 qaram    1.1500
parameter 10  0.797888 ->  0.500000 qaram    1.1500
parameters
    0.6412   14.7636    5.2690   -4.2153   -6.5786   -6.6539
    1.2921    4.4641    0.9894   17.8059   -2.6978  -21.5271
eta,q 0.96225 14.30703
  0.0560  0.0554  0.0554  0.0447  0.0402  0.0410  0.0455  0.0474  0.0433  0.0380  0.0398  0.0400
  0.0541  0.0540  0.0539  0.0464  0.0419  0.0404  0.0432  0.0439  0.0417  0.0377  0.0387  0.0387
  0.0530  0.0531  0.0530  0.0491  0.0442  0.0406  0.0414  0.0412  0.0406  0.0383  0.0381  0.0379
  0.0527  0.0527  0.0526  0.0526  0.0470  0.0425  0.0403  0.0400  0.0400  0.0399  0.0378  0.0377
  0.0531  0.0528  0.0529  0.0564  0.0503  0.0458  0.0400  0.0404  0.0399  0.0423  0.0378  0.0380
  0.0542  0.0536  0.0538  0.0604  0.0539  0.0501  0.0407  0.0423  0.0405  0.0452  0.0381  0.0385
  0.0562  0.0550  0.0553  0.0646  0.0574  0.0556  0.0422  0.0454  0.0415  0.0486  0.0388  0.0394
niter,ni,del,rscale     7    3    5.0000    1.2000
parameter  4  0.741059 ->  0.500000 qaram    1.3225
parameter  5  0.773427 ->  0.500000 qaram    1.3225
parameters
    0.7736   14.6545    4.3104   -8.9763  -11.3396   -8.4253
    1.0258    4.2984    0.7942   16.5949   -2.9729  -22.3295
eta,q 0.96675 13.81595
  0.0432  0.0409  0.0382  0.0353  0.0333  0.0358  0.0369  0.0388  0.0359  0.0365  0.0342  0.0345
  0.0403  0.0391  0.0375  0.0352  0.0332  0.0342  0.0349  0.0358  0.0344  0.0345  0.0337  0.0338
  0.0385  0.0380  0.0373  0.0358  0.0338  0.0334  0.0336  0.0339  0.0335  0.0334  0.0334  0.0334
  0.0377  0.0377  0.0377  0.0373  0.0353  0.0332  0.0333  0.0333  0.0333  0.0333  0.0332  0.0333
  0.0381  0.0382  0.0387  0.0401  0.0377  0.0340  0.0339  0.0340  0.0337  0.0343  0.0334  0.0336
  0.0396  0.0395  0.0401  0.0439  0.0409  0.0367  0.0354  0.0361  0.0347  0.0363  0.0338  0.0343
  0.0421  0.0416  0.0419  0.0482  0.0446  0.0408  0.0374  0.0393  0.0362  0.0391  0.0344  0.0353
niter,ni,del,rscale     7    3    5.0000    1.2000
parameters
    0.7990   14.6227    4.3461  -11.0179  -13.4963   -8.6173
    0.8358    4.2076    0.8052   16.4474   -3.2545  -22.4233
eta,q 0.96708 13.52138
  0.0384  0.0367  0.0354  0.0359  0.0352  0.0365  0.0368  0.0386  0.0358  0.0372  0.0340  0.0345
  0.0356  0.0348  0.0342  0.0341  0.0339  0.0344  0.0346  0.0355  0.0342  0.0347  0.0334  0.0337
  0.0338  0.0336  0.0335  0.0331  0.0330  0.0332  0.0333  0.0336  0.0332  0.0333  0.0331  0.0331
  0.0333  0.0333  0.0333  0.0333  0.0330  0.0329  0.0329  0.0329  0.0329  0.0329  0.0329  0.0329
  0.0338  0.0337  0.0335  0.0345  0.0340  0.0330  0.0335  0.0337  0.0333  0.0335  0.0331  0.0331
  0.0355  0.0349  0.0341  0.0367  0.0361  0.0343  0.0350  0.0358  0.0343  0.0350  0.0335  0.0337
  0.0381  0.0368  0.0352  0.0401  0.0394  0.0373  0.0371  0.0388  0.0358  0.0374  0.0342  0.0346
niter,ni,del,rscale     6    3    5.0000    1.2000
parameters
    0.8293   14.7444    4.5667  -11.2809  -13.7798   -8.3773
    0.7870    4.2007    0.7916   16.5462   -3.3694  -22.3356
eta,q 0.96710 13.50268
  0.0381  0.0367  0.0353  0.0372  0.0363  0.0369  0.0369  0.0387  0.0357  0.0374  0.0340  0.0346
  0.0353  0.0347  0.0341  0.0349  0.0346  0.0347  0.0347  0.0356  0.0342  0.0349  0.0335  0.0337
  0.0335  0.0334  0.0333  0.0334  0.0334  0.0333  0.0333  0.0336  0.0332  0.0333  0.0331  0.0332
  0.0329  0.0329  0.0329  0.0329  0.0329  0.0329  0.0329  0.0329  0.0329  0.0329  0.0329  0.0329
  0.0335  0.0332  0.0330  0.0335  0.0333  0.0329  0.0334  0.0336  0.0333  0.0334  0.0330  0.0331
  0.0351  0.0343  0.0336  0.0351  0.0346  0.0339  0.0349  0.0357  0.0343  0.0349  0.0335  0.0337
  0.0378  0.0360  0.0346  0.0378  0.0371  0.0368  0.0369  0.0387  0.0357  0.0371  0.0341  0.0345
niter,ni,del,rscale     5    3    5.0000    1.2000
parameters
    0.8496   14.7749    4.6354  -11.2824  -13.7846   -8.3069
    0.7843    4.2182    0.7931   16.5681   -3.4056  -22.2828
eta,q 0.96711 13.50733
  0.0380  0.0364  0.0351  0.0374  0.0365  0.0367  0.0370  0.0387  0.0357  0.0373  0.0340  0.0345
  0.0352  0.0345  0.0339  0.0351  0.0348  0.0346  0.0347  0.0356  0.0342  0.0348  0.0335  0.0337
  0.0335  0.0333  0.0332  0.0335  0.0335  0.0333  0.0333  0.0336  0.0332  0.0333  0.0331  0.0331
  0.0329  0.0329  0.0329  0.0329  0.0329  0.0329  0.0329  0.0329  0.0329  0.0329  0.0329  0.0329
  0.0335  0.0333  0.0331  0.0334  0.0332  0.0329  0.0334  0.0336  0.0333  0.0335  0.0330  0.0331
  0.0351  0.0344  0.0338  0.0350  0.0344  0.0341  0.0348  0.0356  0.0342  0.0349  0.0334  0.0337
  0.0378  0.0362  0.0348  0.0375  0.0368  0.0370  0.0369  0.0387  0.0357  0.0372  0.0341  0.0345
niter,ni,del,rscale     4    3    5.0000    1.2000
parameters
    0.8564   14.7769    4.6523  -11.2776  -13.7838   -8.2908
    0.7841    4.2244    0.7954   16.5659   -3.4185  -22.2666
eta,q 0.96710 13.50843
  0.0380  0.0363  0.0350  0.0374  0.0365  0.0367  0.0370  0.0387  0.0357  0.0373  0.0340  0.0345
  0.0352  0.0344  0.0338  0.0351  0.0348  0.0345  0.0347  0.0356  0.0342  0.0348  0.0335  0.0337
  0.0334  0.0333  0.0331  0.0335  0.0335  0.0333  0.0333  0.0336  0.0332  0.0333  0.0331  0.0331
  0.0329  0.0329  0.0329  0.0329  0.0329  0.0329  0.0329  0.0329  0.0329  0.0329  0.0329  0.0329
  0.0335  0.0333  0.0331  0.0334  0.0332  0.0329  0.0334  0.0336  0.0332  0.0335  0.0330  0.0331
  0.0352  0.0345  0.0338  0.0350  0.0344  0.0341  0.0348  0.0356  0.0342  0.0349  0.0334  0.0337
  0.0379  0.0363  0.0349  0.0375  0.0368  0.0370  0.0369  0.0387  0.0357  0.0372  0.0341  0.0345
registration optimization eta report
parameter search radius
    2.4000    2.4000    2.4000    9.5220    9.5220    8.2800
    7.2000    7.2000    7.2000    8.2800    7.2000    7.2000
100000*second partial in parameter space
       87.       59.       35.        5.        4.        6.
        8.       11.        5.        6.        2.        3.
  0.0380  0.0363  0.0350  0.0374  0.0365  0.0367  0.0370  0.0387  0.0357  0.0373  0.0340  0.0345
  0.0352  0.0344  0.0338  0.0351  0.0348  0.0345  0.0347  0.0356  0.0342  0.0348  0.0335  0.0337
  0.0334  0.0333  0.0331  0.0335  0.0335  0.0333  0.0333  0.0336  0.0332  0.0333  0.0331  0.0331
  0.0329  0.0329  0.0329  0.0329  0.0329  0.0329  0.0329  0.0329  0.0329  0.0329  0.0329  0.0329
  0.0335  0.0333  0.0331  0.0334  0.0332  0.0329  0.0334  0.0336  0.0332  0.0335  0.0330  0.0331
  0.0352  0.0345  0.0338  0.0350  0.0344  0.0341  0.0348  0.0356  0.0342  0.0349  0.0334  0.0337
  0.0379  0.0363  0.0349  0.0375  0.0368  0.0370  0.0369  0.0387  0.0357  0.0372  0.0341  0.0345
    0.8564   14.7769    4.6523  -11.2776  -13.7838   -8.2908
    0.7841    4.2244    0.7954   16.5659   -3.4185  -22.2666
eta,q 0.96710 13.50843

---------------------------------------------------------------------
imgreg_4dfp /opt/freesurfer/average/711-2C_as_mni_average_305 /opt/freesurfer/average/711-2B_as_mni_average_305_mask talsrcimg_g11 none talsrcimg_to_711-2C_as_mni_average_305_t4 2311
---------------------------------------------------------------------

freesurfer imgreg_4dfp.c
/opt/freesurfer/average/711-2C_as_mni_average_305.4dfp.img
       256       256       256         1
  1.000000  1.000000  1.000000
orientation T byte_order littleendian
Reading image: /opt/freesurfer/average/711-2C_as_mni_average_305.4dfp.img
dimensions:      256       256       256
mmppix:       1.0000   -1.0000   -1.0000
center:     128.0000 -129.0000 -129.0000
/opt/freesurfer/average/711-2B_as_mni_average_305_mask.4dfp.img
       256       256       256         1
  1.000000  1.000000  1.000000
orientation T byte_order littleendian
Reading mask: /opt/freesurfer/average/711-2B_as_mni_average_305_mask.4dfp.img (2306576 pixels)
talsrcimg_g11.4dfp.img
       256       256       256         1
  1.000000  1.000000  1.000000
orientation T byte_order littleendian
Reading image: talsrcimg_g11.4dfp.img
dimensions:      256       256       256
mmppix:       1.0000   -1.0000   -1.0000
center:     128.0000 -129.0000 -129.0000
fimgreg.f
image alignment mode   2311 decimal      907 hex
parameters
    0.8564   14.7769    4.6523  -11.2777  -13.7838   -8.2908
    0.7841    4.2244    0.7954   16.5659   -3.4185  -22.2666
eta,q 0.96710 13.50841
niter,ni,del,rscale     5    3    5.0000    0.8000
parameters
    0.8472   14.7654    4.6433  -11.1493  -13.2094   -7.6266
    0.7446    4.2528    0.8358   16.5640   -3.1936  -22.2333
eta,q 0.96716 13.60446
  0.0352  0.0344  0.0338  0.0342  0.0341  0.0341  0.0347  0.0356  0.0342  0.0344  0.0334  0.0336
  0.0339  0.0336  0.0333  0.0335  0.0335  0.0334  0.0337  0.0341  0.0335  0.0335  0.0331  0.0332
  0.0331  0.0331  0.0330  0.0331  0.0331  0.0330  0.0330  0.0332  0.0330  0.0330  0.0329  0.0330
  0.0329  0.0329  0.0329  0.0329  0.0329  0.0329  0.0328  0.0328  0.0328  0.0328  0.0328  0.0328
  0.0332  0.0331  0.0330  0.0330  0.0329  0.0328  0.0331  0.0331  0.0330  0.0330  0.0329  0.0329
  0.0339  0.0336  0.0333  0.0334  0.0332  0.0330  0.0337  0.0340  0.0334  0.0335  0.0330  0.0332
  0.0352  0.0345  0.0338  0.0341  0.0337  0.0336  0.0348  0.0355  0.0341  0.0343  0.0333  0.0336
niter,ni,del,rscale     4    3    5.0000    0.7000
parameters
    0.8371   14.7021    4.7263  -11.0068  -13.0963   -7.4170
    0.7631    4.2810    0.8184   16.5172   -3.1182  -22.1210
eta,q 0.96718 13.63107
  0.0346  0.0340  0.0336  0.0339  0.0337  0.0336  0.0343  0.0349  0.0339  0.0340  0.0332  0.0335
  0.0336  0.0333  0.0332  0.0333  0.0332  0.0332  0.0335  0.0338  0.0333  0.0333  0.0330  0.0331
  0.0330  0.0329  0.0329  0.0330  0.0329  0.0329  0.0330  0.0331  0.0329  0.0329  0.0329  0.0329
  0.0328  0.0328  0.0328  0.0328  0.0328  0.0328  0.0328  0.0328  0.0328  0.0328  0.0328  0.0328
  0.0331  0.0330  0.0329  0.0329  0.0329  0.0328  0.0330  0.0330  0.0330  0.0330  0.0329  0.0329
  0.0337  0.0335  0.0331  0.0332  0.0332  0.0330  0.0335  0.0337  0.0333  0.0333  0.0330  0.0331
  0.0346  0.0342  0.0335  0.0337  0.0336  0.0335  0.0343  0.0349  0.0339  0.0340  0.0332  0.0334
niter,ni,del,rscale     3    3    5.0000    0.6000
parameters
    0.8350   14.6770    4.7557  -10.9537  -13.0408   -7.2399
    0.7687    4.3031    0.8152   16.5285   -3.0787  -22.0932
eta,q 0.96719 13.64929
  0.0341  0.0337  0.0334  0.0336  0.0334  0.0333  0.0339  0.0344  0.0336  0.0337  0.0331  0.0333
  0.0334  0.0332  0.0331  0.0332  0.0331  0.0330  0.0333  0.0335  0.0331  0.0332  0.0330  0.0330
  0.0329  0.0329  0.0329  0.0329  0.0329  0.0329  0.0329  0.0330  0.0329  0.0329  0.0328  0.0329
  0.0328  0.0328  0.0328  0.0328  0.0328  0.0328  0.0328  0.0328  0.0328  0.0328  0.0328  0.0328
  0.0330  0.0329  0.0329  0.0329  0.0329  0.0328  0.0329  0.0330  0.0329  0.0329  0.0328  0.0329
  0.0334  0.0333  0.0331  0.0331  0.0331  0.0329  0.0333  0.0335  0.0332  0.0332  0.0329  0.0330
  0.0341  0.0338  0.0333  0.0335  0.0334  0.0333  0.0339  0.0343  0.0336  0.0337  0.0331  0.0333
niter,ni,del,rscale     2    3    5.0000    0.5000
parameters
    0.8321   14.6655    4.7818  -10.9153  -13.0021   -7.0313
    0.7664    4.3227    0.8056   16.5545   -3.0594  -22.0685
eta,q 0.96720 13.66797
  0.0337  0.0334  0.0332  0.0333  0.0332  0.0331  0.0336  0.0339  0.0333  0.0334  0.0330  0.0331
  0.0332  0.0331  0.0330  0.0330  0.0330  0.0330  0.0331  0.0333  0.0330  0.0331  0.0329  0.0330
  0.0329  0.0329  0.0329  0.0329  0.0329  0.0329  0.0329  0.0329  0.0329  0.0329  0.0328  0.0328
  0.0328  0.0328  0.0328  0.0328  0.0328  0.0328  0.0328  0.0328  0.0328  0.0328  0.0328  0.0328
  0.0329  0.0329  0.0328  0.0329  0.0329  0.0328  0.0329  0.0329  0.0329  0.0329  0.0328  0.0328
  0.0332  0.0331  0.0330  0.0330  0.0330  0.0329  0.0331  0.0333  0.0330  0.0331  0.0329  0.0329
  0.0337  0.0335  0.0332  0.0333  0.0332  0.0331  0.0336  0.0339  0.0333  0.0334  0.0330  0.0331
niter,ni,del,rscale     1    3    5.0000    0.4000
parameters
    0.8290   14.6598    4.8148  -10.8635  -12.9872   -6.7947
    0.7742    4.3404    0.7953   16.5820   -3.0168  -22.0564
eta,q 0.96721 13.68755
  0.0334  0.0332  0.0331  0.0331  0.0331  0.0330  0.0333  0.0335  0.0331  0.0332  0.0329  0.0330
  0.0330  0.0330  0.0329  0.0330  0.0329  0.0329  0.0330  0.0331  0.0329  0.0330  0.0328  0.0329
  0.0329  0.0328  0.0328  0.0328  0.0328  0.0328  0.0328  0.0329  0.0328  0.0328  0.0328  0.0328
  0.0328  0.0328  0.0328  0.0328  0.0328  0.0328  0.0328  0.0328  0.0328  0.0328  0.0328  0.0328
  0.0329  0.0329  0.0328  0.0328  0.0328  0.0328  0.0328  0.0329  0.0328  0.0328  0.0328  0.0328
  0.0331  0.0330  0.0329  0.0329  0.0329  0.0328  0.0330  0.0331  0.0329  0.0329  0.0328  0.0329
  0.0334  0.0332  0.0330  0.0331  0.0331  0.0330  0.0333  0.0335  0.0331  0.0332  0.0329  0.0330
registration optimization eta report
parameter search radius
    0.8000    0.8000    0.8000    2.4000    2.4000    2.4000
    2.4000    2.4000    2.4000    2.4000    2.4000    2.4000
100000*second partial in parameter space
       91.       64.       38.        6.        5.        4.
        8.       12.        6.        7.        2.        4.
  0.0334  0.0332  0.0331  0.0331  0.0331  0.0330  0.0333  0.0335  0.0331  0.0332  0.0329  0.0330
  0.0330  0.0330  0.0329  0.0330  0.0329  0.0329  0.0330  0.0331  0.0329  0.0330  0.0328  0.0329
  0.0329  0.0328  0.0328  0.0328  0.0328  0.0328  0.0328  0.0329  0.0328  0.0328  0.0328  0.0328
  0.0328  0.0328  0.0328  0.0328  0.0328  0.0328  0.0328  0.0328  0.0328  0.0328  0.0328  0.0328
  0.0329  0.0329  0.0328  0.0328  0.0328  0.0328  0.0328  0.0329  0.0328  0.0328  0.0328  0.0328
  0.0331  0.0330  0.0329  0.0329  0.0329  0.0328  0.0330  0.0331  0.0329  0.0329  0.0328  0.0329
  0.0334  0.0332  0.0330  0.0331  0.0331  0.0330  0.0333  0.0335  0.0331  0.0332  0.0329  0.0330
    0.8290   14.6598    4.8148  -10.8635  -12.9872   -6.7947
    0.7742    4.3404    0.7953   16.5820   -3.0168  -22.0564
eta,q 0.96721 13.68755

---------------------------------------------------------------------
imgreg_4dfp /opt/freesurfer/average/711-2C_as_mni_average_305 /opt/freesurfer/average/711-2B_as_mni_average_305_mask talsrcimg_g11 none talsrcimg_to_711-2C_as_mni_average_305_t4 2311
---------------------------------------------------------------------

freesurfer imgreg_4dfp.c
/opt/freesurfer/average/711-2C_as_mni_average_305.4dfp.img
       256       256       256         1
  1.000000  1.000000  1.000000
orientation T byte_order littleendian
Reading image: /opt/freesurfer/average/711-2C_as_mni_average_305.4dfp.img
dimensions:      256       256       256
mmppix:       1.0000   -1.0000   -1.0000
center:     128.0000 -129.0000 -129.0000
/opt/freesurfer/average/711-2B_as_mni_average_305_mask.4dfp.img
       256       256       256         1
  1.000000  1.000000  1.000000
orientation T byte_order littleendian
Reading mask: /opt/freesurfer/average/711-2B_as_mni_average_305_mask.4dfp.img (2306576 pixels)
talsrcimg_g11.4dfp.img
       256       256       256         1
  1.000000  1.000000  1.000000
orientation T byte_order littleendian
Reading image: talsrcimg_g11.4dfp.img
dimensions:      256       256       256
mmppix:       1.0000   -1.0000   -1.0000
center:     128.0000 -129.0000 -129.0000
fimgreg.f
image alignment mode   2311 decimal      907 hex
parameters
    0.8290   14.6598    4.8148  -10.8635  -12.9872   -6.7947
    0.7742    4.3404    0.7953   16.5820   -3.0168  -22.0564
eta,q 0.96721 13.68754
niter,ni,del,rscale     5    3    5.0000    0.8000
parameters
    0.8443   14.6700    4.8633  -10.8721  -13.0528   -7.3826
    0.8097    4.3000    0.7860   16.4906   -3.1372  -21.9747
eta,q 0.96719 13.63983
  0.0351  0.0344  0.0338  0.0340  0.0338  0.0336  0.0348  0.0355  0.0342  0.0343  0.0333  0.0337
  0.0338  0.0335  0.0333  0.0334  0.0333  0.0331  0.0337  0.0340  0.0334  0.0334  0.0331  0.0332
  0.0330  0.0330  0.0329  0.0329  0.0329  0.0329  0.0330  0.0331  0.0330  0.0330  0.0329  0.0329
  0.0328  0.0328  0.0328  0.0328  0.0328  0.0328  0.0328  0.0328  0.0328  0.0328  0.0328  0.0328
  0.0330  0.0330  0.0329  0.0329  0.0329  0.0328  0.0330  0.0331  0.0330  0.0330  0.0329  0.0329
  0.0338  0.0335  0.0332  0.0334  0.0333  0.0333  0.0337  0.0341  0.0334  0.0335  0.0331  0.0332
  0.0350  0.0344  0.0337  0.0340  0.0339  0.0345  0.0347  0.0356  0.0342  0.0344  0.0334  0.0336
niter,ni,del,rscale     4    3    5.0000    0.7000
parameters
    0.8416   14.6685    4.7712  -10.9681  -13.0560   -7.4019
    0.7839    4.2881    0.8039   16.4723   -3.1561  -22.0458
eta,q 0.96719 13.63388
  0.0346  0.0341  0.0335  0.0337  0.0336  0.0335  0.0343  0.0349  0.0339  0.0340  0.0332  0.0334
  0.0336  0.0334  0.0331  0.0332  0.0332  0.0331  0.0335  0.0338  0.0333  0.0333  0.0330  0.0331
  0.0330  0.0330  0.0329  0.0329  0.0329  0.0329  0.0330  0.0331  0.0329  0.0329  0.0329  0.0329
  0.0328  0.0328  0.0328  0.0328  0.0328  0.0328  0.0328  0.0328  0.0328  0.0328  0.0328  0.0328
  0.0330  0.0330  0.0329  0.0329  0.0329  0.0328  0.0330  0.0331  0.0329  0.0330  0.0329  0.0329
  0.0336  0.0334  0.0332  0.0333  0.0332  0.0330  0.0335  0.0338  0.0333  0.0333  0.0330  0.0331
  0.0346  0.0340  0.0336  0.0338  0.0336  0.0337  0.0343  0.0349  0.0338  0.0340  0.0332  0.0335
niter,ni,del,rscale     3    3    5.0000    0.6000
parameters
    0.8354   14.6672    4.7660  -10.9657  -13.0351   -7.2577
    0.7710    4.3012    0.8198   16.4983   -3.1155  -22.0628
eta,q 0.96719 13.64617
  0.0341  0.0337  0.0333  0.0335  0.0334  0.0333  0.0339  0.0344  0.0336  0.0337  0.0331  0.0333
  0.0334  0.0332  0.0330  0.0331  0.0331  0.0330  0.0333  0.0335  0.0332  0.0332  0.0329  0.0330
  0.0329  0.0329  0.0329  0.0329  0.0329  0.0329  0.0329  0.0330  0.0329  0.0329  0.0328  0.0329
  0.0328  0.0328  0.0328  0.0328  0.0328  0.0328  0.0328  0.0328  0.0328  0.0328  0.0328  0.0328
  0.0330  0.0329  0.0329  0.0329  0.0329  0.0328  0.0329  0.0330  0.0329  0.0329  0.0328  0.0329
  0.0334  0.0332  0.0331  0.0331  0.0331  0.0329  0.0333  0.0335  0.0332  0.0332  0.0329  0.0330
  0.0341  0.0337  0.0333  0.0335  0.0334  0.0333  0.0339  0.0344  0.0336  0.0337  0.0331  0.0333
niter,ni,del,rscale     2    3    5.0000    0.5000
parameters
    0.8335   14.6628    4.7823  -10.9316  -13.0035   -7.0483
    0.7684    4.3195    0.8144   16.5487   -3.0778  -22.0560
eta,q 0.96720 13.66535
  0.0337  0.0334  0.0332  0.0333  0.0332  0.0331  0.0336  0.0339  0.0333  0.0334  0.0330  0.0331
  0.0332  0.0331  0.0330  0.0331  0.0330  0.0330  0.0331  0.0333  0.0330  0.0331  0.0329  0.0330
  0.0329  0.0329  0.0329  0.0329  0.0329  0.0329  0.0329  0.0329  0.0329  0.0329  0.0328  0.0328
  0.0328  0.0328  0.0328  0.0328  0.0328  0.0328  0.0328  0.0328  0.0328  0.0328  0.0328  0.0328
  0.0329  0.0329  0.0328  0.0329  0.0329  0.0328  0.0329  0.0329  0.0329  0.0329  0.0328  0.0328
  0.0332  0.0331  0.0330  0.0330  0.0330  0.0329  0.0331  0.0333  0.0330  0.0330  0.0329  0.0330
  0.0337  0.0334  0.0332  0.0333  0.0332  0.0331  0.0336  0.0339  0.0333  0.0334  0.0330  0.0331
niter,ni,del,rscale     1    3    5.0000    0.4000
parameters
    0.8322   14.6592    4.8175  -10.8745  -12.9897   -6.7800
    0.7701    4.3416    0.7990   16.5841   -3.0163  -22.0515
eta,q 0.96721 13.68765
  0.0334  0.0332  0.0331  0.0331  0.0331  0.0330  0.0333  0.0335  0.0331  0.0332  0.0329  0.0330
  0.0330  0.0330  0.0329  0.0330  0.0329  0.0329  0.0330  0.0331  0.0329  0.0330  0.0328  0.0329
  0.0329  0.0328  0.0328  0.0328  0.0328  0.0328  0.0328  0.0329  0.0328  0.0328  0.0328  0.0328
  0.0328  0.0328  0.0328  0.0328  0.0328  0.0328  0.0328  0.0328  0.0328  0.0328  0.0328  0.0328
  0.0329  0.0328  0.0328  0.0328  0.0328  0.0328  0.0328  0.0329  0.0328  0.0328  0.0328  0.0328
  0.0331  0.0330  0.0329  0.0329  0.0329  0.0328  0.0330  0.0331  0.0329  0.0329  0.0328  0.0329
  0.0334  0.0332  0.0330  0.0331  0.0331  0.0330  0.0333  0.0335  0.0331  0.0332  0.0329  0.0330
registration optimization eta report
parameter search radius
    0.8000    0.8000    0.8000    2.4000    2.4000    2.4000
    2.4000    2.4000    2.4000    2.4000    2.4000    2.4000
100000*second partial in parameter space
       90.       64.       38.        6.        5.        4.
        8.       12.        6.        7.        2.        4.
  0.0334  0.0332  0.0331  0.0331  0.0331  0.0330  0.0333  0.0335  0.0331  0.0332  0.0329  0.0330
  0.0330  0.0330  0.0329  0.0330  0.0329  0.0329  0.0330  0.0331  0.0329  0.0330  0.0328  0.0329
  0.0329  0.0328  0.0328  0.0328  0.0328  0.0328  0.0328  0.0329  0.0328  0.0328  0.0328  0.0328
  0.0328  0.0328  0.0328  0.0328  0.0328  0.0328  0.0328  0.0328  0.0328  0.0328  0.0328  0.0328
  0.0329  0.0328  0.0328  0.0328  0.0328  0.0328  0.0328  0.0329  0.0328  0.0328  0.0328  0.0328
  0.0331  0.0330  0.0329  0.0329  0.0329  0.0328  0.0330  0.0331  0.0329  0.0329  0.0328  0.0329
  0.0334  0.0332  0.0330  0.0331  0.0331  0.0330  0.0333  0.0335  0.0331  0.0332  0.0329  0.0330
    0.8322   14.6592    4.8175  -10.8745  -12.9897   -6.7800
    0.7701    4.3416    0.7990   16.5841   -3.0163  -22.0515
eta,q 0.96721 13.68765

---------------------------------------------------------------------
compute_vox2vox talsrcimg talsrcimg_to_711-2C_as_mni_average_305_t4 /opt/freesurfer/average/711-2C_as_mni_average_305
---------------------------------------------------------------------

freesurfer compute_vox2vox.c
Reading: talsrcimg.4dfp.ifh
Reading: talsrcimg_to_711-2C_as_mni_average_305_t4
Reading: /opt/freesurfer/average/711-2C_as_mni_average_305.4dfp.ifh
Writing: talsrcimg_to_711-2C_as_mni_average_305_t4_vox2vox.txt

start time Tue Mar 10 03:18:51 CET 2026
end		time Tue Mar 10 03:20:15 CET 2026

mpr2mni305 success

avi2talxfm orig_nu.mgz /opt/freesurfer/average/mni305.cor.mgz talsrcimg_to_711-2C_as_mni_average_305_t4_vox2vox.txt transforms/talairach.auto.xfm
avi2talxfm done
mv -f /out/sourcedata/freesurfer/sub-v1s4x0050710_ses-1/mri/talsrcimg_to_711-2C_as_mni_average_305_t4_vox2vox.txt /out/sourcedata/freesurfer/sub-v1s4x0050710_ses-1/mri/transforms/talsrcimg_to_711-2C_as_mni_average_305_t4_vox2vox.txt
lta_convert --src orig_nu.mgz --trg /opt/freesurfer/average/mni305.cor.mgz --inxfm transforms/talairach.auto.xfm --outlta transforms/talairach.auto.xfm.lta --subject fsaverage
7.3.2

--src: orig_nu.mgz src image (geometry).
--trg: /opt/freesurfer/average/mni305.cor.mgz trg image (geometry).
--inmni: transforms/talairach.auto.xfm input MNI/XFM transform.
--outlta: transforms/talairach.auto.xfm.lta output LTA.
--s: fsaverage subject name
 LTA read, type : 1
 1.12058  -0.04825  -0.02215  -2.39609;
 0.03237   1.02506   0.25950  -15.64783;
-0.01646  -0.19493   1.10003  -28.05298;
 0.00000   0.00000   0.00000   1.00000;
setting subject to fsaverage
Writing  LTA to file transforms/talairach.auto.xfm.lta...
lta_convert successful.
 
 
Started at Tue Mar 10 03:18:50 CET 2026
Ended   at Tue Mar 10 03:20:15 CET 2026
talairach_avi done
