status file for recon-all
Tue Mar 10 05:28:15 CET 2026
#@# Tessellate rh Tue Mar 10 05:28:15 CET 2026
#@# Smooth1 rh Tue Mar 10 05:28:18 CET 2026
#@# Inflation1 rh Tue Mar 10 05:28:21 CET 2026
#@# QSphere rh Tue Mar 10 05:28:36 CET 2026
#@# Fix Topology rh Tue Mar 10 05:29:49 CET 2026
#@# Smooth2 rh Tue Mar 10 05:35:36 CET 2026
#@# Inflation2 rh Tue Mar 10 05:35:39 CET 2026
#@# Curv .H and .K rh Tue Mar 10 05:35:53 CET 2026
#@# Sphere rh Tue Mar 10 05:36:38 CET 2026
#@# Surf Reg rh Tue Mar 10 05:39:04 CET 2026
#@# Jacobian white rh Tue Mar 10 05:43:07 CET 2026
#@# AvgCurv rh Tue Mar 10 05:43:08 CET 2026
#@# Cortical Parc rh Tue Mar 10 05:43:09 CET 2026
#@# white curv rh Tue Mar 10 05:49:28 CET 2026
#@# white area rh Tue Mar 10 05:49:30 CET 2026
#@# pial curv rh Tue Mar 10 05:49:30 CET 2026
#@# pial area rh Tue Mar 10 05:49:32 CET 2026
#@# thickness rh Tue Mar 10 05:49:33 CET 2026
#@# area and vertex vol rh Tue Mar 10 05:50:01 CET 2026
#@# Curvature Stats rh Tue Mar 10 05:50:03 CET 2026
#@# Cortical Parc 2 rh Tue Mar 10 05:50:05 CET 2026
#@# Cortical Parc 3 rh Tue Mar 10 05:50:17 CET 2026
#@# WM/GM Contrast rh Tue Mar 10 05:50:27 CET 2026
recon-all -s sub-v1s4x0050711_ses-1 finished without error at Tue Mar 10 05:50:31 CET 2026



#New# invocation of recon-all 



status file for recon-all
Tue Mar 10 05:57:58 CET 2026
#@# white curv rh Tue Mar 10 05:57:59 CET 2026
#@# white area rh Tue Mar 10 05:57:59 CET 2026
#@# pial curv rh Tue Mar 10 05:57:59 CET 2026
#@# pial area rh Tue Mar 10 05:57:59 CET 2026
#@# thickness rh Tue Mar 10 05:57:59 CET 2026
#@# area and vertex vol rh Tue Mar 10 05:57:59 CET 2026
#@# Parcellation Stats rh Tue Mar 10 05:57:59 CET 2026
#@# Parcellation Stats 2 rh Tue Mar 10 05:58:16 CET 2026
#@# Parcellation Stats 3 rh Tue Mar 10 05:58:25 CET 2026
#@# BA_exvivo Labels rh Tue Mar 10 05:58:33 CET 2026
recon-all -s sub-v1s4x0050711_ses-1 finished without error at Tue Mar 10 06:01:06 CET 2026
