status file for recon-all
Tue Mar 10 05:07:49 CET 2026
#@# Tessellate lh Tue Mar 10 05:07:49 CET 2026
#@# Smooth1 lh Tue Mar 10 05:07:53 CET 2026
#@# Inflation1 lh Tue Mar 10 05:07:55 CET 2026
#@# QSphere lh Tue Mar 10 05:08:09 CET 2026
#@# Fix Topology lh Tue Mar 10 05:09:23 CET 2026
#@# Smooth2 lh Tue Mar 10 05:14:54 CET 2026
#@# Inflation2 lh Tue Mar 10 05:14:57 CET 2026
#@# Curv .H and .K lh Tue Mar 10 05:15:12 CET 2026
#@# Sphere lh Tue Mar 10 05:15:56 CET 2026
#@# Surf Reg lh Tue Mar 10 05:17:19 CET 2026
#@# Jacobian white lh Tue Mar 10 05:20:51 CET 2026
#@# AvgCurv lh Tue Mar 10 05:20:52 CET 2026
#@# Cortical Parc lh Tue Mar 10 05:20:53 CET 2026
#@# white curv lh Tue Mar 10 05:27:07 CET 2026
#@# white area lh Tue Mar 10 05:27:09 CET 2026
#@# pial curv lh Tue Mar 10 05:27:10 CET 2026
#@# pial area lh Tue Mar 10 05:27:12 CET 2026
#@# thickness lh Tue Mar 10 05:27:12 CET 2026
#@# area and vertex vol lh Tue Mar 10 05:27:42 CET 2026
#@# Curvature Stats lh Tue Mar 10 05:27:44 CET 2026
#@# Cortical Parc 2 lh Tue Mar 10 05:27:46 CET 2026
#@# Cortical Parc 3 lh Tue Mar 10 05:27:59 CET 2026
#@# WM/GM Contrast lh Tue Mar 10 05:28:09 CET 2026
recon-all -s sub-v1s4x0050711_ses-1 finished without error at Tue Mar 10 05:28:13 CET 2026



#New# invocation of recon-all 



status file for recon-all
Tue Mar 10 05:54:46 CET 2026
#@# white curv lh Tue Mar 10 05:54:46 CET 2026
#@# white area lh Tue Mar 10 05:54:47 CET 2026
#@# pial curv lh Tue Mar 10 05:54:47 CET 2026
#@# pial area lh Tue Mar 10 05:54:47 CET 2026
#@# thickness lh Tue Mar 10 05:54:47 CET 2026
#@# area and vertex vol lh Tue Mar 10 05:54:47 CET 2026
#@# Parcellation Stats lh Tue Mar 10 05:54:47 CET 2026
#@# Parcellation Stats 2 lh Tue Mar 10 05:55:04 CET 2026
#@# Parcellation Stats 3 lh Tue Mar 10 05:55:12 CET 2026
#@# BA_exvivo Labels lh Tue Mar 10 05:55:21 CET 2026
recon-all -s sub-v1s4x0050711_ses-1 finished without error at Tue Mar 10 05:57:54 CET 2026
