status file for recon-all
Tue Mar 10 03:16:47 CET 2026
#@# MotionCor Tue Mar 10 03:16:49 CET 2026
#@# Talairach Tue Mar 10 03:16:59 CET 2026
#@# Talairach Failure Detection Tue Mar 10 03:21:27 CET 2026
#@# Nu Intensity Correction Tue Mar 10 03:21:27 CET 2026
#@# Intensity Normalization Tue Mar 10 03:24:44 CET 2026
recon-all -s sub-v1s4x0050711_ses-1 finished without error at Tue Mar 10 03:26:15 CET 2026



#New# invocation of recon-all 



status file for recon-all
Tue Mar 10 03:33:24 CET 2026
#@# EM Registration Tue Mar 10 03:33:24 CET 2026
recon-all -s sub-v1s4x0050711_ses-1 finished without error at Tue Mar 10 03:35:21 CET 2026



#New# invocation of recon-all 



status file for recon-all
Tue Mar 10 03:35:26 CET 2026
#@# CA Normalize Tue Mar 10 03:35:26 CET 2026
#@# CA Reg Tue Mar 10 03:36:48 CET 2026
#@# SubCort Seg Tue Mar 10 04:28:34 CET 2026
#@# CC Seg Tue Mar 10 05:01:51 CET 2026
#@# Merge ASeg Tue Mar 10 05:02:33 CET 2026
#@# Intensity Normalization2 Tue Mar 10 05:02:33 CET 2026
#@# Mask BFS Tue Mar 10 05:04:50 CET 2026
#@# WM Segmentation Tue Mar 10 05:04:51 CET 2026
#@# Fill Tue Mar 10 05:06:40 CET 2026
recon-all -s sub-v1s4x0050711_ses-1 finished without error at Tue Mar 10 05:07:45 CET 2026



#New# invocation of recon-all 



status file for recon-all
Tue Mar 10 05:50:37 CET 2026
#@# white curv lh Tue Mar 10 05:50:37 CET 2026
#@# white area lh Tue Mar 10 05:50:37 CET 2026
#@# pial curv lh Tue Mar 10 05:50:37 CET 2026
#@# pial area lh Tue Mar 10 05:50:37 CET 2026
#@# thickness lh Tue Mar 10 05:50:37 CET 2026
#@# area and vertex vol lh Tue Mar 10 05:50:37 CET 2026
#@# white curv rh Tue Mar 10 05:50:37 CET 2026
#@# white area rh Tue Mar 10 05:50:37 CET 2026
#@# pial curv rh Tue Mar 10 05:50:37 CET 2026
#@# pial area rh Tue Mar 10 05:50:37 CET 2026
#@# thickness rh Tue Mar 10 05:50:37 CET 2026
#@# area and vertex vol rh Tue Mar 10 05:50:37 CET 2026
#@# Cortical ribbon mask Tue Mar 10 05:50:37 CET 2026
recon-all -s sub-v1s4x0050711_ses-1 finished without error at Tue Mar 10 05:54:40 CET 2026



#New# invocation of recon-all 



status file for recon-all
Tue Mar 10 06:01:09 CET 2026
#@# white curv lh Tue Mar 10 06:01:09 CET 2026
#@# white area lh Tue Mar 10 06:01:09 CET 2026
#@# pial curv lh Tue Mar 10 06:01:09 CET 2026
#@# pial area lh Tue Mar 10 06:01:09 CET 2026
#@# thickness lh Tue Mar 10 06:01:09 CET 2026
#@# area and vertex vol lh Tue Mar 10 06:01:09 CET 2026
#@# white curv rh Tue Mar 10 06:01:09 CET 2026
#@# white area rh Tue Mar 10 06:01:09 CET 2026
#@# pial curv rh Tue Mar 10 06:01:09 CET 2026
#@# pial area rh Tue Mar 10 06:01:09 CET 2026
#@# thickness rh Tue Mar 10 06:01:09 CET 2026
#@# area and vertex vol rh Tue Mar 10 06:01:09 CET 2026
#@# Curvature Stats lh Tue Mar 10 06:01:09 CET 2026
#@# Curvature Stats rh Tue Mar 10 06:01:12 CET 2026
#@# Relabel Hypointensities Tue Mar 10 06:01:14 CET 2026
#@# APas-to-ASeg Tue Mar 10 06:01:28 CET 2026
#@# AParc-to-ASeg aparc Tue Mar 10 06:01:36 CET 2026
#@# AParc-to-ASeg aparc.a2009s Tue Mar 10 06:02:05 CET 2026
#@# AParc-to-ASeg aparc.DKTatlas Tue Mar 10 06:02:36 CET 2026
#@# WMParc Tue Mar 10 06:03:10 CET 2026
#@# ASeg Stats Tue Mar 10 06:07:34 CET 2026
recon-all -s sub-v1s4x0050711_ses-1 finished without error at Tue Mar 10 06:08:13 CET 2026
