/out/sourcedata/freesurfer/sub-v1s4x0050695_ses-1/mri
/opt/freesurfer/bin/talairach_avi
--i orig_nu.mgz --xfm transforms/talairach.auto.xfm
talairach_avi 7.3.2
Linux dna060 5.14.0-427.37.1.el9_4.x86_64 #1 SMP PREEMPT_DYNAMIC Fri Sep 13 12:41:50 EDT 2024 x86_64 x86_64 x86_64 GNU/Linux
Tue Mar 10 02:26:02 CET 2026
mri_convert orig_nu.mgz talsrcimg.img 
reading from orig_nu.mgz...
TR=0.00, TE=0.00, TI=0.00, flip angle=0.00
i_ras = (-1, -1.11759e-08, 0)
j_ras = (1.49012e-08, 0, -1)
k_ras = (1.11759e-08, 1, 0)
writing to talsrcimg.img...
Analyze Output Matrix
-1.00000   0.00000   0.00000   131.97986;
-0.00000   0.00000   1.00000  -114.64508;
 0.00000  -1.00000   0.00000   133.06271;
 0.00000   0.00000   0.00000   1.00000;
--------------------
INFO: set hdr.hist.orient to -1
mpr2mni305 talsrcimg
Tue Mar 10 02:26:03 CET 2026
/opt/freesurfer/bin/mpr2mni305 talsrcimg
mpr2mni305 7.3.2
target=711-2C_as_mni_average_305

---------------------------------------------------------------------
analyzeto4dfp talsrcimg -O0 -y
---------------------------------------------------------------------

freesurfer ifh2hdr.c
Tue Mar 10 02:26:03 2026
Writing: talsrcimg.4dfp.hdr
freesurfer analyzeto4dfp.c
Reading: talsrcimg.hdr
header size 348 bytes
hdr.dime.datatype	offset=70	value=2
hdr.dime.bitpix		offset=72	value=8
hdr.hist.orient		offset=252	value=-1
dimensionality     4
dimensions       256       256       256         1
Reading: talsrcimg.img
Writing: talsrcimg.4dfp.img
Writing: talsrcimg.4dfp.ifh
ifh2hdr talsrcimg -r0to244
ori=2

---------------------------------------------------------------------
gauss_4dfp talsrcimg 1.1
---------------------------------------------------------------------

freesurfer gauss_4dfp.c
Reading: talsrcimg.4dfp.img
Writing: talsrcimg_g11.4dfp.img
image dimensions 256 256 256 padded to 288 288 288
processing volume 1freesurfer ifh2hdr.c
Tue Mar 10 02:26:05 2026
Writing: talsrcimg_g11.4dfp.hdr

Writing: talsrcimg_g11.4dfp.ifh
including: talsrcimg.4dfp.img.rec in talsrcimg_g11.4dfp.img.rec

---------------------------------------------------------------------
imgreg_4dfp /opt/freesurfer/average/711-2C_as_mni_average_305 none talsrcimg_g11 none talsrcimg_to_711-2C_as_mni_average_305_t4 4355
---------------------------------------------------------------------

freesurfer imgreg_4dfp.c
/opt/freesurfer/average/711-2C_as_mni_average_305.4dfp.img
       256       256       256         1
  1.000000  1.000000  1.000000
orientation T byte_order littleendian
Reading image: /opt/freesurfer/average/711-2C_as_mni_average_305.4dfp.img
dimensions:      256       256       256
mmppix:       1.0000   -1.0000   -1.0000
center:     128.0000 -129.0000 -129.0000
talsrcimg_g11.4dfp.img
       256       256       256         1
  1.000000  1.000000  1.000000
orientation T byte_order littleendian
Reading image: talsrcimg_g11.4dfp.img
dimensions:      256       256       256
mmppix:       1.0000   -1.0000   -1.0000
center:     128.0000 -129.0000 -129.0000
t4_read: open error in t4_sub.f l:  41 t4_file(1:l)talsrcimg_to_711-2C_as_mni_average_305_t4 
t4_read: transform initialized to I4
rotation matrix determinant  1.000000
image alignment mode   4355 decimal     1103 hex
   -7.5000  -45.0000  -45.0000 8813.0195   14.7777
    0.0000  -45.0000  -45.0000 9162.6514   14.7804
    7.5000  -45.0000  -45.0000 8770.8164   14.7810
   -7.5000  -37.5000  -45.0000 9267.4023   14.6612
    0.0000  -37.5000  -45.0000 9605.0195   14.6664
    7.5000  -37.5000  -45.0000 9223.5166   14.6689
   -7.5000  -30.0000  -45.000010134.3809   14.5951
    0.0000  -30.0000  -45.000010472.7305   14.5983
    7.5000  -30.0000  -45.000010018.0059   14.6055
   -7.5000  -22.5000  -45.000010950.9951   14.5777
    0.0000  -22.5000  -45.000011317.8662   14.5768
    7.5000  -22.5000  -45.000010789.2090   14.5875
   -7.5000  -15.0000  -45.000011604.5703   14.5747
    0.0000  -15.0000  -45.000012003.5127   14.5709
    7.5000  -15.0000  -45.000011395.4551   14.5809
   -7.5000   -7.5000  -45.000012029.2168   14.5908
    0.0000   -7.5000  -45.000012462.0029   14.5887
    7.5000   -7.5000  -45.000011829.8154   14.5936
   -7.5000    0.0000  -45.000012317.7969   14.6087
    0.0000    0.0000  -45.000012717.6436   14.6112
    7.5000    0.0000  -45.000012085.1914   14.6122
   -7.5000    7.5000  -45.000011713.3662   14.6086
    0.0000    7.5000  -45.000012060.4062   14.6137
    7.5000    7.5000  -45.000011477.5781   14.6162
   -7.5000   15.0000  -45.000011038.6689   14.5971
    0.0000   15.0000  -45.000011389.7383   14.6004
    7.5000   15.0000  -45.000010783.1318   14.6077
   -7.5000   22.5000  -45.000010350.4570   14.6722
    0.0000   22.5000  -45.000010673.1963   14.6728
    7.5000   22.5000  -45.000010044.1064   14.6847
   -7.5000   30.0000  -45.0000 9637.6855   14.7158
    0.0000   30.0000  -45.0000 9929.6475   14.7153
    7.5000   30.0000  -45.0000 9337.4004   14.7304
   -7.5000   37.5000  -45.0000 9347.4717   15.1181
    0.0000   37.5000  -45.0000 9595.0410   15.1200
    7.5000   37.5000  -45.0000 9057.0596   15.1309
   -7.5000   45.0000  -45.0000 8727.0752   15.1861
    0.0000   45.0000  -45.0000 8954.4580   15.1938
    7.5000   45.0000  -45.0000 8461.2969   15.2022
   -7.5000  -45.0000  -37.5000 9303.5352   14.7263
    0.0000  -45.0000  -37.5000 9654.6641   14.7327
    7.5000  -45.0000  -37.5000 9239.6104   14.7375
   -7.5000  -37.5000  -37.5000 9829.7490   14.6128
    0.0000  -37.5000  -37.500010187.1934   14.6252
    7.5000  -37.5000  -37.5000 9758.4668   14.6331
   -7.5000  -30.0000  -37.500010748.2510   14.5449
    0.0000  -30.0000  -37.500011129.2109   14.5551
    7.5000  -30.0000  -37.500010627.8164   14.5683
   -7.5000  -22.5000  -37.500011618.3867   14.5227
    0.0000  -22.5000  -37.500012029.1914   14.5243
    7.5000  -22.5000  -37.500011455.6270   14.5395
   -7.5000  -15.0000  -37.500012305.6924   14.5176
    0.0000  -15.0000  -37.500012753.8125   14.5123
    7.5000  -15.0000  -37.500012101.6680   14.5247
   -7.5000   -7.5000  -37.500012771.0537   14.5369
    0.0000   -7.5000  -37.500013230.8398   14.5341
    7.5000   -7.5000  -37.500012527.5898   14.5414
   -7.5000    0.0000  -37.500013074.3623   14.5588
    0.0000    0.0000  -37.500013500.5547   14.5649
    7.5000    0.0000  -37.500012804.2383   14.5699
   -7.5000    7.5000  -37.500012399.6387   14.5606
    0.0000    7.5000  -37.500012797.5371   14.5728
    7.5000    7.5000  -37.500012127.5879   14.5807
   -7.5000   15.0000  -37.500011661.3623   14.5469
    0.0000   15.0000  -37.500012042.8184   14.5571
    7.5000   15.0000  -37.500011395.1035   14.5705
   -7.5000   22.5000  -37.500010940.7852   14.6167
    0.0000   22.5000  -37.500011294.5469   14.6198
    7.5000   22.5000  -37.500010628.5723   14.6362
   -7.5000   30.0000  -37.500010216.4502   14.6556
    0.0000   30.0000  -37.500010524.0068   14.6526
    7.5000   30.0000  -37.5000 9902.2832   14.6700
   -7.5000   37.5000  -37.5000 9889.9863   15.0570
    0.0000   37.5000  -37.500010181.3652   15.0575
    7.5000   37.5000  -37.5000 9583.0811   15.0731
   -7.5000   45.0000  -37.5000 9196.8828   15.1268
    0.0000   45.0000  -37.5000 9452.0664   15.1360
    7.5000   45.0000  -37.5000 8934.7217   15.1508
   -7.5000  -45.0000  -30.0000 9932.4443   15.3426
    0.0000  -45.0000  -30.000010312.2295   15.3522
    7.5000  -45.0000  -30.0000 9872.7900   15.3632
   -7.5000  -37.5000  -30.000010538.3877   15.2246
    0.0000  -37.5000  -30.000010955.5234   15.2444
    7.5000  -37.5000  -30.000010457.8662   15.2607
   -7.5000  -30.0000  -30.000011533.4688   15.1573
    0.0000  -30.0000  -30.000011970.8525   15.1761
    7.5000  -30.0000  -30.000011405.6787   15.1972
   -7.5000  -22.5000  -30.000012454.3379   15.1372
    0.0000  -22.5000  -30.000012913.5576   15.1439
    7.5000  -22.5000  -30.000012289.6289   15.1640
   -7.5000  -15.0000  -30.000013202.9551   15.1317
    0.0000  -15.0000  -30.000013669.8291   15.1274
    7.5000  -15.0000  -30.000012982.3018   15.1423
   -7.5000   -7.5000  -30.000013703.1211   15.1487
    0.0000   -7.5000  -30.000014163.3662   15.1460
    7.5000   -7.5000  -30.000013438.5498   15.1567
   -7.5000    0.0000  -30.000014022.3242   15.1683
    0.0000    0.0000  -30.000014471.5645   15.1774
    7.5000    0.0000  -30.000013749.7090   15.1885
   -7.5000    7.5000  -30.000013295.1377   15.1703
    0.0000    7.5000  -30.000013753.3252   15.1898
    7.5000    7.5000  -30.000013029.1709   15.2060
   -7.5000   15.0000  -30.000012495.6748   15.1594
    0.0000   15.0000  -30.000012933.7910   15.1782
    7.5000   15.0000  -30.000012234.9082   15.1995
   -7.5000   22.5000  -30.000011712.2744   15.2342
    0.0000   22.5000  -30.000012117.4229   15.2424
    7.5000   22.5000  -30.000011414.2266   15.2636
   -7.5000   30.0000  -30.000010949.3721   15.2773
    0.0000   30.0000  -30.000011309.6084   15.2744
    7.5000   30.0000  -30.000010642.8896   15.2935
   -7.5000   37.5000  -30.000010569.5459   15.6900
    0.0000   37.5000  -30.000010920.3857   15.6898
    7.5000   37.5000  -30.000010281.0400   15.7089
   -7.5000   45.0000  -30.0000 9796.4922   15.7698
    0.0000   45.0000  -30.000010112.6602   15.7799
    7.5000   45.0000  -30.0000 9572.7959   15.7998
   -7.5000  -45.0000  -22.500010537.1650   15.8843
    0.0000  -45.0000  -22.500010969.2803   15.8922
    7.5000  -45.0000  -22.500010500.5420   15.9042
   -7.5000  -37.5000  -22.500011204.8789   15.7606
    0.0000  -37.5000  -22.500011664.2607   15.7795
    7.5000  -37.5000  -22.500011138.2939   15.7979
   -7.5000  -30.0000  -22.500012248.0918   15.6965
    0.0000  -30.0000  -22.500012744.6855   15.7165
    7.5000  -30.0000  -22.500012147.4678   15.7387
   -7.5000  -22.5000  -22.500013208.8535   15.6830
    0.0000  -22.5000  -22.500013742.1953   15.6928
    7.5000  -22.5000  -22.500013077.9307   15.7125
   -7.5000  -15.0000  -22.500014019.5312   15.6781
    0.0000  -15.0000  -22.500014559.5225   15.6774
    7.5000  -15.0000  -22.500013836.4014   15.6916
   -7.5000   -7.5000  -22.500014563.9668   15.6895
    0.0000   -7.5000  -22.500015112.6348   15.6879
    7.5000   -7.5000  -22.500014346.4297   15.6984
   -7.5000    0.0000  -22.500014919.3750   15.7033
    0.0000    0.0000  -22.500015481.8389   15.7109
    7.5000    0.0000  -22.500014683.2920   15.7230
   -7.5000    7.5000  -22.500014153.8662   15.7043
    0.0000    7.5000  -22.500014730.5879   15.7229
    7.5000    7.5000  -22.500013938.0713   15.7411
   -7.5000   15.0000  -22.500013304.1914   15.6987
    0.0000   15.0000  -22.500013846.1475   15.7187
    7.5000   15.0000  -22.500013095.7334   15.7412
   -7.5000   22.5000  -22.500012452.5645   15.7830
    0.0000   22.5000  -22.500012958.7988   15.7942
    7.5000   22.5000  -22.500012223.5518   15.8148
   -7.5000   30.0000  -22.500011654.4248   15.8342
    0.0000   30.0000  -22.500012110.4424   15.8350
    7.5000   30.0000  -22.500011409.7998   15.8522
   -7.5000   37.5000  -22.500011236.4814   16.2544
    0.0000   37.5000  -22.500011648.3398   16.2550
    7.5000   37.5000  -22.500010969.7314   16.2714
   -7.5000   45.0000  -22.500010401.1660   16.3414
    0.0000   45.0000  -22.500010781.9482   16.3504
    7.5000   45.0000  -22.500010189.5107   16.3674
   -7.5000  -45.0000  -15.000011140.3721   16.2804
    0.0000  -45.0000  -15.000011593.9756   16.2845
    7.5000  -45.0000  -15.000011076.7822   16.2912
   -7.5000  -37.5000  -15.000011817.9697   16.1516
    0.0000  -37.5000  -15.000012301.6670   16.1633
    7.5000  -37.5000  -15.000011755.9648   16.1754
   -7.5000  -30.0000  -15.000012872.3193   16.0883
    0.0000  -30.0000  -15.000013426.6865   16.1018
    7.5000  -30.0000  -15.000012839.0469   16.1176
   -7.5000  -22.5000  -15.000013865.4736   16.0794
    0.0000  -22.5000  -15.000014470.0957   16.0876
    7.5000  -22.5000  -15.000013834.1006   16.1023
   -7.5000  -15.0000  -15.000014688.9590   16.0761
    0.0000  -15.0000  -15.000015344.0186   16.0779
    7.5000  -15.0000  -15.000014632.9697   16.0888
   -7.5000   -7.5000  -15.000015345.7979   16.0843
    0.0000   -7.5000  -15.000016021.1143   16.0839
    7.5000   -7.5000  -15.000015219.9482   16.0908
   -7.5000    0.0000  -15.000015764.1328   16.0943
    0.0000    0.0000  -15.000016445.8164   16.0983
    7.5000    0.0000  -15.000015611.1680   16.1053
   -7.5000    7.5000  -15.000014936.7705   16.0938
    0.0000    7.5000  -15.000015622.4082   16.1053
    7.5000    7.5000  -15.000014815.7510   16.1173
   -7.5000   15.0000  -15.000014038.3877   16.0906
    0.0000   15.0000  -15.000014709.8271   16.1042
    7.5000   15.0000  -15.000013922.7031   16.1202
   -7.5000   22.5000  -15.000013149.6055   16.1811
    0.0000   22.5000  -15.000013802.2578   16.1907
    7.5000   22.5000  -15.000013005.7393   16.2064
   -7.5000   30.0000  -15.000012291.2891   16.2403
    0.0000   30.0000  -15.000012881.6143   16.2448
    7.5000   30.0000  -15.000012121.0830   16.2584
   -7.5000   37.5000  -15.000011832.6357   16.6687
    0.0000   37.5000  -15.000012355.4238   16.6714
    7.5000   37.5000  -15.000011639.5801   16.6816
   -7.5000   45.0000  -15.000010990.4346   16.7624
    0.0000   45.0000  -15.000011451.3672   16.7701
    7.5000   45.0000  -15.000010803.7178   16.7795
   -7.5000  -45.0000   -7.500011785.6934   16.4677
    0.0000  -45.0000   -7.500012239.3848   16.4695
    7.5000  -45.0000   -7.500011690.2314   16.4710
   -7.5000  -37.5000   -7.500012473.3828   16.3366
    0.0000  -37.5000   -7.500012965.0557   16.3419
    7.5000  -37.5000   -7.500012399.3779   16.3466
   -7.5000  -30.0000   -7.500013520.5996   16.2689
    0.0000  -30.0000   -7.500014087.1572   16.2742
    7.5000  -30.0000   -7.500013506.9766   16.2833
   -7.5000  -22.5000   -7.500014535.3057   16.2572
    0.0000  -22.5000   -7.500015159.9590   16.2599
    7.5000  -22.5000   -7.500014527.6299   16.2710
   -7.5000  -15.0000   -7.500015422.8213   16.2550
    0.0000  -15.0000   -7.500016080.5391   16.2549
    7.5000  -15.0000   -7.500015362.5547   16.2646
   -7.5000   -7.5000   -7.500016151.1885   16.2666
    0.0000   -7.5000   -7.500016817.6074   16.2659
    7.5000   -7.5000   -7.500016040.3008   16.2707
   -7.5000    0.0000   -7.500016613.5254   16.2794
    0.0000    0.0000   -7.500017329.0352   16.2812
    7.5000    0.0000   -7.500016500.5234   16.2831
   -7.5000    7.5000   -7.500015763.9922   16.2782
    0.0000    7.5000   -7.500016518.7891   16.2833
    7.5000    7.5000   -7.500015714.0352   16.2880
   -7.5000   15.0000   -7.500014815.1143   16.2712
    0.0000   15.0000   -7.500015601.0234   16.2766
    7.5000   15.0000   -7.500014785.7441   16.2858
   -7.5000   22.5000   -7.500013850.4648   16.3576
    0.0000   22.5000   -7.500014627.8604   16.3617
    7.5000   22.5000   -7.500013786.4805   16.3740
   -7.5000   30.0000   -7.500012902.8232   16.4194
    0.0000   30.0000   -7.500013610.4619   16.4231
    7.5000   30.0000   -7.500012823.1631   16.4370
   -7.5000   37.5000   -7.500012466.1826   16.8588
    0.0000   37.5000   -7.500013069.6943   16.8622
    7.5000   37.5000   -7.500012324.4092   16.8709
   -7.5000   45.0000   -7.500011611.5186   16.9596
    0.0000   45.0000   -7.500012131.6025   16.9672
    7.5000   45.0000   -7.500011427.6182   16.9731
   -7.5000  -45.0000    0.000012338.9932   16.4857
    0.0000  -45.0000    0.000012806.3926   16.4886
    7.5000  -45.0000    0.000012231.8008   16.4893
   -7.5000  -37.5000    0.000013046.2764   16.3564
    0.0000  -37.5000    0.000013554.0000   16.3621
    7.5000  -37.5000    0.000012969.2861   16.3650
   -7.5000  -30.0000    0.000014115.3281   16.2827
    0.0000  -30.0000    0.000014674.6328   16.2863
    7.5000  -30.0000    0.000014077.1504   16.2945
   -7.5000  -22.5000    0.000015114.4219   16.2626
    0.0000  -22.5000    0.000015746.9551   16.2618
    7.5000  -22.5000    0.000015077.2920   16.2739
   -7.5000  -15.0000    0.000016032.7920   16.2589
    0.0000  -15.0000    0.000016649.9199   16.2549
    7.5000  -15.0000    0.000015918.5840   16.2661
   -7.5000   -7.5000    0.000016838.0684   16.2772
    0.0000   -7.5000    0.000017481.9746   16.2749
    7.5000   -7.5000    0.000016675.8145   16.2805
   -7.5000    0.0000    0.000017493.7637   16.2977
    0.0000    0.0000    0.000018134.8906   16.3004
    7.5000    0.0000    0.000017252.0410   16.3016
   -7.5000    7.5000    0.000016727.0078   16.2980
    0.0000    7.5000    0.000017428.2227   16.3036
    7.5000    7.5000    0.000016518.0117   16.3064
   -7.5000   15.0000    0.000015659.5928   16.2849
    0.0000   15.0000    0.000016440.5879   16.2886
    7.5000   15.0000    0.000015543.2930   16.2969
   -7.5000   22.5000    0.000014538.3516   16.3625
    0.0000   22.5000    0.000015335.3857   16.3633
    7.5000   22.5000    0.000014480.6357   16.3767
   -7.5000   30.0000    0.000013480.1855   16.4215
    0.0000   30.0000    0.000014191.9023   16.4212
    7.5000   30.0000    0.000013440.3867   16.4381
   -7.5000   37.5000    0.000013005.5801   16.8694
    0.0000   37.5000    0.000013641.0664   16.8716
    7.5000   37.5000    0.000012899.8516   16.8839
   -7.5000   45.0000    0.000012122.6982   16.9776
    0.0000   45.0000    0.000012660.5693   16.9861
    7.5000   45.0000    0.000011923.9404   16.9955
   -7.5000  -45.0000    7.500011896.7910   16.4743
    0.0000  -45.0000    7.500012371.1094   16.4816
    7.5000  -45.0000    7.500011760.7549   16.4869
   -7.5000  -37.5000    7.500012616.4521   16.3475
    0.0000  -37.5000    7.500013108.3701   16.3614
    7.5000  -37.5000    7.500012477.1514   16.3703
   -7.5000  -30.0000    7.500013680.4287   16.2717
    0.0000  -30.0000    7.500014210.8076   16.2832
    7.5000  -30.0000    7.500013568.5078   16.2979
   -7.5000  -22.5000    7.500014650.0312   16.2468
    0.0000  -22.5000    7.500015208.3672   16.2487
    7.5000  -22.5000    7.500014553.0068   16.2657
   -7.5000  -15.0000    7.500015500.0127   16.2410
    0.0000  -15.0000    7.500016036.4229   16.2352
    7.5000  -15.0000    7.500015349.3691   16.2490
   -7.5000   -7.5000    7.500016350.4258   16.2625
    0.0000   -7.5000    7.500016886.2617   16.2594
    7.5000   -7.5000    7.500016109.7178   16.2676
   -7.5000    0.0000    7.500017141.5391   16.2871
    0.0000    0.0000    7.500017692.5723   16.2939
    7.5000    0.0000    7.500016761.1172   16.2995
   -7.5000    7.5000    7.500016479.1211   16.2892
    0.0000    7.5000    7.500017055.6367   16.3029
    7.5000    7.5000    7.500016073.4883   16.3117
   -7.5000   15.0000    7.500015386.5439   16.2740
    0.0000   15.0000    7.500016003.6758   16.2854
    7.5000   15.0000    7.500015111.8877   16.3003
   -7.5000   22.5000    7.500014172.5625   16.3467
    0.0000   22.5000    7.500014806.0703   16.3502
    7.5000   22.5000    7.500014055.2227   16.3685
   -7.5000   30.0000    7.500013053.2002   16.4016
    0.0000   30.0000    7.500013638.2969   16.3983
    7.5000   30.0000    7.500012976.9873   16.4178
   -7.5000   37.5000    7.500012544.5439   16.8507
    0.0000   37.5000    7.500013113.1680   16.8513
    7.5000   37.5000    7.500012462.6436   16.8687
   -7.5000   45.0000    7.500011644.3711   16.9620
    0.0000   45.0000    7.500012185.8965   16.9723
    7.5000   45.0000    7.500011510.8281   16.9888
   -7.5000  -45.0000   15.000011355.2725   16.4750
    0.0000  -45.0000   15.000011816.0684   16.4852
    7.5000  -45.0000   15.000011226.6143   16.4970
   -7.5000  -37.5000   15.000012076.8750   16.3483
    0.0000  -37.5000   15.000012548.4043   16.3695
    7.5000  -37.5000   15.000011938.4521   16.3870
   -7.5000  -30.0000   15.000013165.1768   16.2759
    0.0000  -30.0000   15.000013661.3232   16.2961
    7.5000  -30.0000   15.000013004.7402   16.3187
   -7.5000  -22.5000   15.000014141.1299   16.2543
    0.0000  -22.5000   15.000014639.8613   16.2615
    7.5000  -22.5000   15.000013937.1836   16.2831
   -7.5000  -15.0000   15.000014929.8477   16.2483
    0.0000  -15.0000   15.000015446.7861   16.2438
    7.5000  -15.0000   15.000014688.8965   16.2598
   -7.5000   -7.5000   15.000015659.0195   16.2666
    0.0000   -7.5000   15.000016219.3672   16.2638
    7.5000   -7.5000   15.000015386.9922   16.2752
   -7.5000    0.0000   15.000016304.4033   16.2878
    0.0000    0.0000   15.000016867.8105   16.2975
    7.5000    0.0000   15.000015942.4424   16.3094
   -7.5000    7.5000   15.000015559.7393   16.2899
    0.0000    7.5000   15.000016138.6514   16.3108
    7.5000    7.5000   15.000015227.2002   16.3283
   -7.5000   15.0000   15.000014508.7354   16.2781
    0.0000   15.0000   15.000015053.9023   16.2983
    7.5000   15.0000   15.000014267.8984   16.3212
   -7.5000   22.5000   15.000013419.6631   16.3549
    0.0000   22.5000   15.000013971.9414   16.3637
    7.5000   22.5000   15.000013258.5107   16.3864
   -7.5000   30.0000   15.000012405.2461   16.4095
    0.0000   30.0000   15.000012908.5967   16.4064
    7.5000   30.0000   15.000012261.8496   16.4270
   -7.5000   37.5000   15.000011932.2598   16.8528
    0.0000   37.5000   15.000012418.3926   16.8526
    7.5000   37.5000   15.000011821.9355   16.8732
   -7.5000   45.0000   15.000011096.5049   16.9610
    0.0000   45.0000   15.000011551.9531   16.9719
    7.5000   45.0000   15.000010951.6943   16.9933
   -7.5000  -45.0000   22.500010772.4238   16.4917
    0.0000  -45.0000   22.500011231.6602   16.4999
    7.5000  -45.0000   22.500010675.2031   16.5123
   -7.5000  -37.5000   22.500011478.6396   16.3633
    0.0000  -37.5000   22.500011965.1738   16.3829
    7.5000  -37.5000   22.500011369.2637   16.4019
   -7.5000  -30.0000   22.500012528.4473   16.2966
    0.0000  -30.0000   22.500013037.6406   16.3174
    7.5000  -30.0000   22.500012349.7891   16.3405
   -7.5000  -22.5000   22.500013420.8428   16.2826
    0.0000  -22.5000   22.500013968.6123   16.2928
    7.5000  -22.5000   22.500013212.4824   16.3132
   -7.5000  -15.0000   22.500014113.4951   16.2776
    0.0000  -15.0000   22.500014676.8535   16.2768
    7.5000  -15.0000   22.500013876.5605   16.2916
   -7.5000   -7.5000   22.500014728.4014   16.2894
    0.0000   -7.5000   22.500015325.1670   16.2878
    7.5000   -7.5000   22.500014482.9971   16.2987
   -7.5000    0.0000   22.500015216.1396   16.3037
    0.0000    0.0000   22.500015803.7021   16.3117
    7.5000    0.0000   22.500014970.7197   16.3243
   -7.5000    7.5000   22.500014442.0557   16.3047
    0.0000    7.5000   22.500015003.8145   16.3241
    7.5000    7.5000   22.500014263.2803   16.3430
   -7.5000   15.0000   22.500013482.9697   16.2989
    0.0000   15.0000   22.500013998.0967   16.3197
    7.5000   15.0000   22.500013344.0527   16.3430
   -7.5000   22.5000   22.500012547.3730   16.3840
    0.0000   22.5000   22.500013052.6465   16.3956
    7.5000   22.5000   22.500012411.7988   16.4170
   -7.5000   30.0000   22.500011663.2021   16.4420
    0.0000   30.0000   22.500012126.7412   16.4428
    7.5000   30.0000   22.500011530.7432   16.4607
   -7.5000   37.5000   22.500011286.1260   16.8784
    0.0000   37.5000   22.500011703.3535   16.8790
    7.5000   37.5000   22.500011146.9609   16.8961
   -7.5000   45.0000   22.500010504.1006   16.9811
    0.0000   45.0000   22.500010891.6318   16.9905
    7.5000   45.0000   22.500010335.3477   17.0083
   -7.5000  -45.0000   30.000010060.1201   16.5835
    0.0000  -45.0000   30.000010535.2236   16.5874
    7.5000  -45.0000   30.000010010.6660   16.5939
   -7.5000  -37.5000   30.000010736.4971   16.4519
    0.0000  -37.5000   30.000011216.7656   16.4636
    7.5000  -37.5000   30.000010646.3271   16.4757
   -7.5000  -30.0000   30.000011709.4307   16.3871
    0.0000  -30.0000   30.000012193.2588   16.4009
    7.5000  -30.0000   30.000011547.3330   16.4170
   -7.5000  -22.5000   30.000012542.2158   16.3777
    0.0000  -22.5000   30.000013044.4492   16.3863
    7.5000  -22.5000   30.000012333.3926   16.4012
   -7.5000  -15.0000   30.000013163.0312   16.3742
    0.0000  -15.0000   30.000013694.3242   16.3761
    7.5000  -15.0000   30.000012957.7109   16.3871
   -7.5000   -7.5000   30.000013714.6689   16.3825
    0.0000   -7.5000   30.000014256.2188   16.3821
    7.5000   -7.5000   30.000013504.3359   16.3888
   -7.5000    0.0000   30.000014096.1084   16.3930
    0.0000    0.0000   30.000014621.4180   16.3968
    7.5000    0.0000   30.000013921.5264   16.4037
   -7.5000    7.5000   30.000013342.7725   16.3927
    0.0000    7.5000   30.000013824.0703   16.4042
    7.5000    7.5000   30.000013232.8379   16.4163
   -7.5000   15.0000   30.000012471.5391   16.3894
    0.0000   15.0000   30.000012917.1963   16.4033
    7.5000   15.0000   30.000012392.6689   16.4196
   -7.5000   22.5000   30.000011617.6260   16.4801
    0.0000   22.5000   30.000012031.1562   16.4900
    7.5000   22.5000   30.000011506.5225   16.5060
   -7.5000   30.0000   30.000010846.1387   16.5433
    0.0000   30.0000   30.000011219.2139   16.5479
    7.5000   30.0000   30.000010719.6963   16.5618
   -7.5000   37.5000   30.000010502.2568   16.9818
    0.0000   37.5000   30.000010857.7041   16.9844
    7.5000   37.5000   30.000010389.9854   16.9946
   -7.5000   45.0000   30.0000 9767.4980   17.0845
    0.0000   45.0000   30.000010085.8242   17.0921
    7.5000   45.0000   30.0000 9623.4658   17.1015
   -7.5000  -45.0000   37.5000 9708.7471   16.7451
    0.0000  -45.0000   37.500010182.9141   16.7462
    7.5000  -45.0000   37.5000 9681.1621   16.7477
   -7.5000  -37.5000   37.500010359.3271   16.6103
    0.0000  -37.5000   37.500010825.9102   16.6150
    7.5000  -37.5000   37.500010294.9121   16.6194
   -7.5000  -30.0000   37.500011300.6729   16.5413
    0.0000  -30.0000   37.500011757.6455   16.5459
    7.5000  -30.0000   37.500011166.2920   16.5544
   -7.5000  -22.5000   37.500012093.4072   16.5296
    0.0000  -22.5000   37.500012557.3135   16.5312
    7.5000  -22.5000   37.500011917.5576   16.5419
   -7.5000  -15.0000   37.500012681.2559   16.5269
    0.0000  -15.0000   37.500013172.2627   16.5258
    7.5000  -15.0000   37.500012508.1289   16.5353
   -7.5000   -7.5000   37.500013183.2686   16.5382
    0.0000   -7.5000   37.500013690.6543   16.5365
    7.5000   -7.5000   37.500013007.8564   16.5413
   -7.5000    0.0000   37.500013534.6709   16.5508
    0.0000    0.0000   37.500014012.5508   16.5520
    7.5000    0.0000   37.500013356.5352   16.5539
   -7.5000    7.5000   37.500012795.5146   16.5501
    0.0000    7.5000   37.500013247.5645   16.5546
    7.5000    7.5000   37.500012667.8896   16.5590
   -7.5000   15.0000   37.500011978.1865   16.5437
    0.0000   15.0000   37.500012379.9912   16.5483
    7.5000   15.0000   37.500011862.8486   16.5570
   -7.5000   22.5000   37.500011160.0508   16.6333
    0.0000   22.5000   37.500011537.4453   16.6365
    7.5000   22.5000   37.500011029.0869   16.6484
   -7.5000   30.0000   37.500010423.7695   16.7004
    0.0000   30.0000   37.500010738.4736   16.7030
    7.5000   30.0000   37.500010266.7588   16.7168
   -7.5000   37.5000   37.500010093.9248   17.1533
    0.0000   37.5000   37.500010400.3154   17.1558
    7.5000   37.5000   37.5000 9953.0703   17.1646
   -7.5000   45.0000   37.5000 9379.3496   17.2641
    0.0000   45.0000   37.5000 9680.9922   17.2711
    7.5000   45.0000   37.5000 9244.5479   17.2772
   -7.5000  -45.0000   45.0000 8927.0508   16.9318
    0.0000  -45.0000   45.0000 9399.1016   16.9374
    7.5000  -45.0000   45.0000 8933.2266   16.9391
   -7.5000  -37.5000   45.0000 9526.8057   16.7947
    0.0000  -37.5000   45.0000 9993.2246   16.8036
    7.5000  -37.5000   45.0000 9498.2783   16.8070
   -7.5000  -30.0000   45.000010395.9678   16.7185
    0.0000  -30.0000   45.000010849.8965   16.7256
    7.5000  -30.0000   45.000010309.8428   16.7346
   -7.5000  -22.5000   45.000011123.0322   16.6994
    0.0000  -22.5000   45.000011592.7100   16.7018
    7.5000  -22.5000   45.000011002.3027   16.7156
   -7.5000  -15.0000   45.000011646.2656   16.6957
    0.0000  -15.0000   45.000012118.0508   16.6944
    7.5000  -15.0000   45.000011513.3750   16.7077
   -7.5000   -7.5000   45.000012082.5059   16.7127
    0.0000   -7.5000   45.000012545.0146   16.7130
    7.5000   -7.5000   45.000011926.0391   16.7201
   -7.5000    0.0000   45.000012382.0049   16.7323
    0.0000    0.0000   45.000012818.6846   16.7376
    7.5000    0.0000   45.000012211.7305   16.7397
   -7.5000    7.5000   45.000011720.3613   16.7327
    0.0000    7.5000   45.000012132.8516   16.7414
    7.5000    7.5000   45.000011579.4014   16.7448
   -7.5000   15.0000   45.000010992.4570   16.7209
    0.0000   15.0000   45.000011343.0166   16.7279
    7.5000   15.0000   45.000010843.6729   16.7372
   -7.5000   22.5000   45.000010246.9199   16.8055
    0.0000   22.5000   45.000010567.8867   16.8097
    7.5000   22.5000   45.000010081.9092   16.8248
   -7.5000   30.0000   45.0000 9551.8154   16.8740
    0.0000   30.0000   45.0000 9829.7969   16.8768
    7.5000   30.0000   45.0000 9385.8828   16.8962
   -7.5000   37.5000   45.0000 9251.2529   17.3479
    0.0000   37.5000   45.0000 9539.9805   17.3531
    7.5000   37.5000   45.0000 9113.4102   17.3675
   -7.5000   45.0000   45.0000 8601.3711   17.4849
    0.0000   45.0000   45.0000 8879.5283   17.4968
    7.5000   45.0000   45.0000 8479.8994   17.5077

---------------------------------------------------------------------
imgreg_4dfp /opt/freesurfer/average/711-2C_as_mni_average_305 /opt/freesurfer/average/711-2B_as_mni_average_305_mask talsrcimg_g11 none talsrcimg_to_711-2C_as_mni_average_305_t4 4355
---------------------------------------------------------------------

freesurfer imgreg_4dfp.c
/opt/freesurfer/average/711-2C_as_mni_average_305.4dfp.img
       256       256       256         1
  1.000000  1.000000  1.000000
orientation T byte_order littleendian
Reading image: /opt/freesurfer/average/711-2C_as_mni_average_305.4dfp.img
dimensions:      256       256       256
mmppix:       1.0000   -1.0000   -1.0000
center:     128.0000 -129.0000 -129.0000
/opt/freesurfer/average/711-2B_as_mni_average_305_mask.4dfp.img
       256       256       256         1
  1.000000  1.000000  1.000000
orientation T byte_order littleendian
Reading mask: /opt/freesurfer/average/711-2B_as_mni_average_305_mask.4dfp.img (2306576 pixels)
talsrcimg_g11.4dfp.img
       256       256       256         1
  1.000000  1.000000  1.000000
orientation T byte_order littleendian
Reading image: talsrcimg_g11.4dfp.img
dimensions:      256       256       256
mmppix:       1.0000   -1.0000   -1.0000
center:     128.0000 -129.0000 -129.0000
rotation matrix determinant  1.000000
image alignment mode   4355 decimal     1103 hex
   -7.5000  -45.0000  -45.0000 2200.0015   19.1839
    0.0000  -45.0000  -45.0000 2214.4785   19.1918
    7.5000  -45.0000  -45.0000 2210.8699   19.5286
   -7.5000  -37.5000  -45.0000 2234.0610   18.5858
    0.0000  -37.5000  -45.0000 2233.3208   18.6179
    7.5000  -37.5000  -45.0000 2224.6616   18.9578
   -7.5000  -30.0000  -45.0000 2274.1790   18.1612
    0.0000  -30.0000  -45.0000 2266.9011   18.1824
    7.5000  -30.0000  -45.0000 2248.1028   18.4358
   -7.5000  -22.5000  -45.0000 2308.2979   17.8002
    0.0000  -22.5000  -45.0000 2301.9983   17.8487
    7.5000  -22.5000  -45.0000 2279.5107   18.1244
   -7.5000  -15.0000  -45.0000 2329.3088   17.4325
    0.0000  -15.0000  -45.0000 2326.8484   17.5282
    7.5000  -15.0000  -45.0000 2297.9902   17.8814
   -7.5000   -7.5000  -45.0000 2347.6306   17.1541
    0.0000   -7.5000  -45.0000 2335.1240   17.3147
    7.5000   -7.5000  -45.0000 2303.2756   17.7030
   -7.5000    0.0000  -45.0000 2350.8779   17.0997
    0.0000    0.0000  -45.0000 2333.1809   17.2754
    7.5000    0.0000  -45.0000 2294.5613   17.7018
   -7.5000    7.5000  -45.0000 2353.6650   17.1049
    0.0000    7.5000  -45.0000 2322.4639   17.3396
    7.5000    7.5000  -45.0000 2292.9910   17.8031
   -7.5000   15.0000  -45.0000 2337.1406   17.3537
    0.0000   15.0000  -45.0000 2303.0574   17.6507
    7.5000   15.0000  -45.0000 2268.9875   18.1676
   -7.5000   22.5000  -45.0000 2315.1689   17.9466
    0.0000   22.5000  -45.0000 2275.5532   18.2257
    7.5000   22.5000  -45.0000 2230.9441   18.7650
   -7.5000   30.0000  -45.0000 2262.3416   18.8214
    0.0000   30.0000  -45.0000 2226.1545   19.1445
    7.5000   30.0000  -45.0000 2180.4976   19.7490
   -7.5000   37.5000  -45.0000 2200.7686   20.0893
    0.0000   37.5000  -45.0000 2161.2512   20.4007
    7.5000   37.5000  -45.0000 2120.4929   21.1365
   -7.5000   45.0000  -45.0000 2111.9573   21.7219
    0.0000   45.0000  -45.0000 2078.2554   22.0678
    7.5000   45.0000  -45.0000 2035.9370   22.8778
   -7.5000  -45.0000  -37.5000 2290.8787   17.5978
    0.0000  -45.0000  -37.5000 2301.0845   17.5701
    7.5000  -45.0000  -37.5000 2296.1697   17.8486
   -7.5000  -37.5000  -37.5000 2333.9077   17.0351
    0.0000  -37.5000  -37.5000 2338.8660   17.0334
    7.5000  -37.5000  -37.5000 2322.6260   17.3463
   -7.5000  -30.0000  -37.5000 2375.6533   16.6824
    0.0000  -30.0000  -37.5000 2374.1003   16.6834
    7.5000  -30.0000  -37.5000 2350.2070   16.9356
   -7.5000  -22.5000  -37.5000 2414.2185   16.3470
    0.0000  -22.5000  -37.5000 2414.3083   16.3727
    7.5000  -22.5000  -37.5000 2385.5535   16.6412
   -7.5000  -15.0000  -37.5000 2437.0637   16.0375
    0.0000  -15.0000  -37.5000 2430.9609   16.1134
    7.5000  -15.0000  -37.5000 2402.6011   16.4484
   -7.5000   -7.5000  -37.5000 2449.2520   15.8047
    0.0000   -7.5000  -37.5000 2439.5178   15.9178
    7.5000   -7.5000  -37.5000 2403.8345   16.2830
   -7.5000    0.0000  -37.5000 2452.1575   15.7573
    0.0000    0.0000  -37.5000 2430.4585   15.8997
    7.5000    0.0000  -37.5000 2396.0762   16.2938
   -7.5000    7.5000  -37.5000 2452.5083   15.8136
    0.0000    7.5000  -37.5000 2422.4001   15.9941
    7.5000    7.5000  -37.5000 2393.9980   16.4017
   -7.5000   15.0000  -37.5000 2438.4209   16.0433
    0.0000   15.0000  -37.5000 2405.2192   16.2859
    7.5000   15.0000  -37.5000 2369.6750   16.7236
   -7.5000   22.5000  -37.5000 2413.9473   16.5083
    0.0000   22.5000  -37.5000 2376.6460   16.7567
    7.5000   22.5000  -37.5000 2326.7219   17.2023
   -7.5000   30.0000  -37.5000 2366.1101   17.2846
    0.0000   30.0000  -37.5000 2322.7510   17.5611
    7.5000   30.0000  -37.5000 2278.3203   18.1269
   -7.5000   37.5000  -37.5000 2300.8066   18.4050
    0.0000   37.5000  -37.5000 2261.4297   18.7159
    7.5000   37.5000  -37.5000 2214.5706   19.3519
   -7.5000   45.0000  -37.5000 2205.9446   19.9375
    0.0000   45.0000  -37.5000 2167.6541   20.2339
    7.5000   45.0000  -37.5000 2125.8428   20.8913
   -7.5000  -45.0000  -30.0000 2422.1672   16.8953
    0.0000  -45.0000  -30.0000 2438.7566   16.9009
    7.5000  -45.0000  -30.0000 2430.9697   17.1377
   -7.5000  -37.5000  -30.0000 2472.4473   16.3367
    0.0000  -37.5000  -30.0000 2482.6033   16.3558
    7.5000  -37.5000  -30.0000 2462.8735   16.5819
   -7.5000  -30.0000  -30.0000 2517.0452   15.9336
    0.0000  -30.0000  -30.0000 2523.2871   15.9687
    7.5000  -30.0000  -30.0000 2496.9827   16.1794
   -7.5000  -22.5000  -30.0000 2551.6885   15.5798
    0.0000  -22.5000  -30.0000 2553.1172   15.6344
    7.5000  -22.5000  -30.0000 2525.6797   15.8876
   -7.5000  -15.0000  -30.0000 2572.9734   15.2844
    0.0000  -15.0000  -30.0000 2568.5681   15.3666
    7.5000  -15.0000  -30.0000 2542.0808   15.6528
   -7.5000   -7.5000  -30.0000 2586.1570   15.1166
    0.0000   -7.5000  -30.0000 2574.3760   15.1915
    7.5000   -7.5000  -30.0000 2544.7222   15.4882
   -7.5000    0.0000  -30.0000 2593.9368   15.0606
    0.0000    0.0000  -30.0000 2568.7375   15.1636
    7.5000    0.0000  -30.0000 2544.0559   15.5262
   -7.5000    7.5000  -30.0000 2597.8987   15.1147
    0.0000    7.5000  -30.0000 2567.8313   15.3008
    7.5000    7.5000  -30.0000 2534.2935   15.6492
   -7.5000   15.0000  -30.0000 2588.4790   15.3165
    0.0000   15.0000  -30.0000 2553.8430   15.5689
    7.5000   15.0000  -30.0000 2510.2249   15.9641
   -7.5000   22.5000  -30.0000 2565.8772   15.7868
    0.0000   22.5000  -30.0000 2529.1355   16.0377
    7.5000   22.5000  -30.0000 2472.3867   16.5046
   -7.5000   30.0000  -30.0000 2519.2146   16.5190
    0.0000   30.0000  -30.0000 2479.9133   16.7985
    7.5000   30.0000  -30.0000 2426.0066   17.3197
   -7.5000   37.5000  -30.0000 2442.2375   17.5157
    0.0000   37.5000  -30.0000 2409.3428   17.8158
    7.5000   37.5000  -30.0000 2352.2788   18.4029
   -7.5000   45.0000  -30.0000 2335.1787   18.9865
    0.0000   45.0000  -30.0000 2304.0044   19.2284
    7.5000   45.0000  -30.0000 2255.3918   19.8518
   -7.5000  -45.0000  -22.5000 2522.1165   16.2215
    0.0000  -45.0000  -22.5000 2539.3174   16.2006
    7.5000  -45.0000  -22.5000 2526.8491   16.4199
   -7.5000  -37.5000  -22.5000 2577.0005   15.6288
    0.0000  -37.5000  -22.5000 2584.3271   15.6541
    7.5000  -37.5000  -22.5000 2564.1426   15.8634
   -7.5000  -30.0000  -22.5000 2614.5972   15.1842
    0.0000  -30.0000  -22.5000 2623.3806   15.2235
    7.5000  -30.0000  -22.5000 2601.2876   15.4639
   -7.5000  -22.5000  -22.5000 2646.8181   14.8058
    0.0000  -22.5000  -22.5000 2652.6428   14.8422
    7.5000  -22.5000  -22.5000 2624.0762   15.1250
   -7.5000  -15.0000  -22.5000 2670.6038   14.4977
    0.0000  -15.0000  -22.5000 2669.2454   14.5556
    7.5000  -15.0000  -22.5000 2638.8899   14.8439
   -7.5000   -7.5000  -22.5000 2691.7776   14.3274
    0.0000   -7.5000  -22.5000 2678.1873   14.3843
    7.5000   -7.5000  -22.5000 2645.6296   14.6897
   -7.5000    0.0000  -22.5000 2712.2451   14.2165
    0.0000    0.0000  -22.5000 2684.6929   14.3618
    7.5000    0.0000  -22.5000 2646.9426   14.6983
   -7.5000    7.5000  -22.5000 2719.7424   14.2911
    0.0000    7.5000  -22.5000 2692.2974   14.4827
    7.5000    7.5000  -22.5000 2646.0488   14.8262
   -7.5000   15.0000  -22.5000 2713.6895   14.5265
    0.0000   15.0000  -22.5000 2679.3816   14.7372
    7.5000   15.0000  -22.5000 2624.6753   15.1266
   -7.5000   22.5000  -22.5000 2688.1628   15.0072
    0.0000   22.5000  -22.5000 2658.5186   15.2544
    7.5000   22.5000  -22.5000 2594.6733   15.6841
   -7.5000   30.0000  -22.5000 2642.7388   15.7143
    0.0000   30.0000  -22.5000 2614.5413   15.9576
    7.5000   30.0000  -22.5000 2546.7908   16.4343
   -7.5000   37.5000  -22.5000 2555.5940   16.6672
    0.0000   37.5000  -22.5000 2531.8484   16.9149
    7.5000   37.5000  -22.5000 2467.0874   17.4027
   -7.5000   45.0000  -22.5000 2439.7627   17.9995
    0.0000   45.0000  -22.5000 2418.8384   18.2218
    7.5000   45.0000  -22.5000 2366.1274   18.7732
   -7.5000  -45.0000  -15.0000 2583.9019   15.6462
    0.0000  -45.0000  -15.0000 2599.5833   15.5984
    7.5000  -45.0000  -15.0000 2586.4346   15.8286
   -7.5000  -37.5000  -15.0000 2632.4407   15.0419
    0.0000  -37.5000  -15.0000 2638.1992   14.9949
    7.5000  -37.5000  -15.0000 2619.7068   15.2146
   -7.5000  -30.0000  -15.0000 2669.1301   14.5279
    0.0000  -30.0000  -15.0000 2677.5430   14.5464
    7.5000  -30.0000  -15.0000 2657.2732   14.7842
   -7.5000  -22.5000  -15.0000 2704.2839   14.1295
    0.0000  -22.5000  -15.0000 2707.3794   14.1672
    7.5000  -22.5000  -15.0000 2685.7886   14.4638
   -7.5000  -15.0000  -15.0000 2731.8054   13.8082
    0.0000  -15.0000  -15.0000 2730.3621   13.8753
    7.5000  -15.0000  -15.0000 2701.3818   14.1977
   -7.5000   -7.5000  -15.0000 2764.3416   13.6179
    0.0000   -7.5000  -15.0000 2750.9922   13.6863
    7.5000   -7.5000  -15.0000 2716.5020   14.0181
   -7.5000    0.0000  -15.0000 2796.1387   13.5277
    0.0000    0.0000  -15.0000 2769.5557   13.6329
    7.5000    0.0000  -15.0000 2725.5488   13.9380
   -7.5000    7.5000  -15.0000 2806.1033   13.5331
    0.0000    7.5000  -15.0000 2775.1943   13.7187
    7.5000    7.5000  -15.0000 2725.7688   14.0619
   -7.5000   15.0000  -15.0000 2799.1841   13.7664
    0.0000   15.0000  -15.0000 2770.5088   13.9839
    7.5000   15.0000  -15.0000 2714.3030   14.3744
   -7.5000   22.5000  -15.0000 2777.2766   14.2621
    0.0000   22.5000  -15.0000 2754.6501   14.4838
    7.5000   22.5000  -15.0000 2686.0857   14.8986
   -7.5000   30.0000  -15.0000 2724.5295   14.9327
    0.0000   30.0000  -15.0000 2703.4561   15.2046
    7.5000   30.0000  -15.0000 2626.8691   15.6198
   -7.5000   37.5000  -15.0000 2629.3799   15.8506
    0.0000   37.5000  -15.0000 2608.8132   16.1036
    7.5000   37.5000  -15.0000 2544.7942   16.5177
   -7.5000   45.0000  -15.0000 2513.0188   17.0961
    0.0000   45.0000  -15.0000 2494.1685   17.3423
    7.5000   45.0000  -15.0000 2443.1106   17.8277
   -7.5000  -45.0000   -7.5000 2623.5073   15.1721
    0.0000  -45.0000   -7.5000 2635.4395   15.0644
    7.5000  -45.0000   -7.5000 2624.3086   15.2873
   -7.5000  -37.5000   -7.5000 2664.2710   14.5271
    0.0000  -37.5000   -7.5000 2669.3020   14.4395
    7.5000  -37.5000   -7.5000 2655.1367   14.6398
   -7.5000  -30.0000   -7.5000 2692.1758   13.9570
    0.0000  -30.0000   -7.5000 2699.2925   13.9281
    7.5000  -30.0000   -7.5000 2686.6819   14.1981
   -7.5000  -22.5000   -7.5000 2734.5803   13.5324
    0.0000  -22.5000   -7.5000 2735.1362   13.5640
    7.5000  -22.5000   -7.5000 2714.0491   13.8520
   -7.5000  -15.0000   -7.5000 2775.2854   13.2201
    0.0000  -15.0000   -7.5000 2766.2771   13.2783
    7.5000  -15.0000   -7.5000 2733.7561   13.6018
   -7.5000   -7.5000   -7.5000 2817.9631   13.0782
    0.0000   -7.5000   -7.5000 2797.9548   13.1354
    7.5000   -7.5000   -7.5000 2763.0095   13.4355
   -7.5000    0.0000   -7.5000 2847.8096   12.9730
    0.0000    0.0000   -7.5000 2821.3152   13.0702
    7.5000    0.0000   -7.5000 2781.4836   13.3648
   -7.5000    7.5000   -7.5000 2872.4363   12.9634
    0.0000    7.5000   -7.5000 2842.0479   13.1479
    7.5000    7.5000   -7.5000 2795.8132   13.4893
   -7.5000   15.0000   -7.5000 2877.9695   13.1356
    0.0000   15.0000   -7.5000 2846.6960   13.3776
    7.5000   15.0000   -7.5000 2787.4280   13.7881
   -7.5000   22.5000   -7.5000 2847.0674   13.5921
    0.0000   22.5000   -7.5000 2823.7515   13.8502
    7.5000   22.5000   -7.5000 2756.1797   14.2348
   -7.5000   30.0000   -7.5000 2782.1689   14.2535
    0.0000   30.0000   -7.5000 2758.1614   14.5017
    7.5000   30.0000   -7.5000 2692.7175   14.9142
   -7.5000   37.5000   -7.5000 2685.0168   15.1527
    0.0000   37.5000   -7.5000 2665.2163   15.3441
    7.5000   37.5000   -7.5000 2603.8606   15.7966
   -7.5000   45.0000   -7.5000 2565.3518   16.3695
    0.0000   45.0000   -7.5000 2552.7422   16.5578
    7.5000   45.0000   -7.5000 2496.2192   17.0623
   -7.5000  -45.0000    0.0000 2640.8262   14.8968
    0.0000  -45.0000    0.0000 2654.5095   14.7476
    7.5000  -45.0000    0.0000 2644.3789   14.9716
   -7.5000  -37.5000    0.0000 2668.2854   14.2112
    0.0000  -37.5000    0.0000 2681.1162   14.0862
    7.5000  -37.5000    0.0000 2670.8335   14.3161
   -7.5000  -30.0000    0.0000 2692.5833   13.6378
    0.0000  -30.0000    0.0000 2700.0649   13.5392
    7.5000  -30.0000    0.0000 2689.1970   13.8251
   -7.5000  -22.5000    0.0000 2732.5818   13.1479
    0.0000  -22.5000    0.0000 2737.0139   13.1328
    7.5000  -22.5000    0.0000 2712.0371   13.4397
   -7.5000  -15.0000    0.0000 2787.3318   12.8379
    0.0000  -15.0000    0.0000 2773.5935   12.8450
    7.5000  -15.0000    0.0000 2737.8906   13.1349
   -7.5000   -7.5000    0.0000 2834.3516   12.7088
    0.0000   -7.5000    0.0000 2815.9312   12.7139
    7.5000   -7.5000    0.0000 2781.0776   13.0219
   -7.5000    0.0000    0.0000 2880.6450   12.6883
    0.0000    0.0000    0.0000 2855.6296   12.7511
    7.5000    0.0000    0.0000 2816.7405   13.0446
   -7.5000    7.5000    0.0000 2922.5569   12.7780
    0.0000    7.5000    0.0000 2892.7722   12.8916
    7.5000    7.5000    0.0000 2840.0640   13.1924
   -7.5000   15.0000    0.0000 2934.4773   12.8716
    0.0000   15.0000    0.0000 2907.1438   13.0725
    7.5000   15.0000    0.0000 2842.4819   13.4350
   -7.5000   22.5000    0.0000 2895.9053   13.1863
    0.0000   22.5000    0.0000 2877.2285   13.4187
    7.5000   22.5000    0.0000 2811.6294   13.8355
   -7.5000   30.0000    0.0000 2814.4470   13.7901
    0.0000   30.0000    0.0000 2798.1201   13.9790
    7.5000   30.0000    0.0000 2741.2854   14.4298
   -7.5000   37.5000    0.0000 2713.8059   14.6996
    0.0000   37.5000    0.0000 2699.3999   14.8278
    7.5000   37.5000    0.0000 2641.1152   15.3361
   -7.5000   45.0000    0.0000 2592.6660   15.9482
    0.0000   45.0000    0.0000 2577.5613   16.0783
    7.5000   45.0000    0.0000 2521.5830   16.5761
   -7.5000  -45.0000    7.5000 2627.7646   14.8511
    0.0000  -45.0000    7.5000 2649.6702   14.6731
    7.5000  -45.0000    7.5000 2638.2549   14.8646
   -7.5000  -37.5000    7.5000 2653.8511   14.1206
    0.0000  -37.5000    7.5000 2673.7302   13.9841
    7.5000  -37.5000    7.5000 2661.5471   14.1956
   -7.5000  -30.0000    7.5000 2681.9124   13.5278
    0.0000  -30.0000    7.5000 2692.6074   13.3889
    7.5000  -30.0000    7.5000 2678.0310   13.6598
   -7.5000  -22.5000    7.5000 2722.4231   13.0559
    0.0000  -22.5000    7.5000 2727.7927   12.9680
    7.5000  -22.5000    7.5000 2706.3921   13.2736
   -7.5000  -15.0000    7.5000 2772.2429   12.7587
    0.0000  -15.0000    7.5000 2764.7720   12.6878
    7.5000  -15.0000    7.5000 2736.4290   12.9937
   -7.5000   -7.5000    7.5000 2829.7681   12.6304
    0.0000   -7.5000    7.5000 2812.6050   12.5838
    7.5000   -7.5000    7.5000 2785.1438   12.8640
   -7.5000    0.0000    7.5000 2891.8669   12.6587
    0.0000    0.0000    7.5000 2877.2334   12.6375
    7.5000    0.0000    7.5000 2832.1069   12.9135
   -7.5000    7.5000    7.5000 2951.1667   12.7745
    0.0000    7.5000    7.5000 2928.2837   12.8309
    7.5000    7.5000    7.5000 2869.3362   13.0682
   -7.5000   15.0000    7.5000 2962.1777   12.8745
    0.0000   15.0000    7.5000 2945.0159   12.9465
    7.5000   15.0000    7.5000 2877.0530   13.2729
   -7.5000   22.5000    7.5000 2914.0833   13.1074
    0.0000   22.5000    7.5000 2901.6440   13.2323
    7.5000   22.5000    7.5000 2842.1694   13.6112
   -7.5000   30.0000    7.5000 2827.4834   13.6196
    0.0000   30.0000    7.5000 2814.7371   13.7294
    7.5000   30.0000    7.5000 2765.2327   14.2016
   -7.5000   37.5000    7.5000 2722.7937   14.5301
    0.0000   37.5000    7.5000 2713.6785   14.6289
    7.5000   37.5000    7.5000 2662.2786   15.1056
   -7.5000   45.0000    7.5000 2595.2488   15.7658
    0.0000   45.0000    7.5000 2589.0068   15.8695
    7.5000   45.0000    7.5000 2540.5625   16.3620
   -7.5000  -45.0000   15.0000 2594.9229   15.0609
    0.0000  -45.0000   15.0000 2625.2356   14.8305
    7.5000  -45.0000   15.0000 2615.8220   14.9876
   -7.5000  -37.5000   15.0000 2620.1487   14.2836
    0.0000  -37.5000   15.0000 2647.3408   14.1055
    7.5000  -37.5000   15.0000 2635.7578   14.2910
   -7.5000  -30.0000   15.0000 2656.2385   13.7057
    0.0000  -30.0000   15.0000 2669.6335   13.5563
    7.5000  -30.0000   15.0000 2656.0415   13.7753
   -7.5000  -22.5000   15.0000 2702.2222   13.2698
    0.0000  -22.5000   15.0000 2702.1035   13.1512
    7.5000  -22.5000   15.0000 2684.8997   13.3877
   -7.5000  -15.0000   15.0000 2747.6523   12.9676
    0.0000  -15.0000   15.0000 2745.0139   12.8555
    7.5000  -15.0000   15.0000 2716.3003   13.1145
   -7.5000   -7.5000   15.0000 2806.5876   12.7691
    0.0000   -7.5000   15.0000 2799.0901   12.7053
    7.5000   -7.5000   15.0000 2765.9375   12.9349
   -7.5000    0.0000   15.0000 2871.3406   12.7810
    0.0000    0.0000   15.0000 2865.7566   12.7452
    7.5000    0.0000   15.0000 2820.7629   12.9426
   -7.5000    7.5000   15.0000 2931.3254   12.8324
    0.0000    7.5000   15.0000 2920.1943   12.8671
    7.5000    7.5000   15.0000 2862.0664   13.0865
   -7.5000   15.0000   15.0000 2947.4031   12.9162
    0.0000   15.0000   15.0000 2935.0229   12.9960
    7.5000   15.0000   15.0000 2869.0371   13.2793
   -7.5000   22.5000   15.0000 2897.3142   13.2084
    0.0000   22.5000   15.0000 2891.3064   13.2576
    7.5000   22.5000   15.0000 2827.3472   13.6342
   -7.5000   30.0000   15.0000 2812.3796   13.7854
    0.0000   30.0000   15.0000 2803.1392   13.8382
    7.5000   30.0000   15.0000 2748.7881   14.2473
   -7.5000   37.5000   15.0000 2702.0659   14.7053
    0.0000   37.5000   15.0000 2693.4192   14.7989
    7.5000   37.5000   15.0000 2658.3958   15.1773
   -7.5000   45.0000   15.0000 2576.9998   15.9148
    0.0000   45.0000   15.0000 2575.5562   16.0157
    7.5000   45.0000   15.0000 2536.9617   16.4701
   -7.5000  -45.0000   22.5000 2542.2891   15.5016
    0.0000  -45.0000   22.5000 2573.5017   15.3140
    7.5000  -45.0000   22.5000 2572.4597   15.3660
   -7.5000  -37.5000   22.5000 2577.0210   14.7267
    0.0000  -37.5000   22.5000 2602.8728   14.5525
    7.5000  -37.5000   22.5000 2600.7639   14.6357
   -7.5000  -30.0000   22.5000 2618.1396   14.1260
    0.0000  -30.0000   22.5000 2632.4448   13.9668
    7.5000  -30.0000   22.5000 2617.9661   14.0869
   -7.5000  -22.5000   22.5000 2666.3784   13.6585
    0.0000  -22.5000   22.5000 2676.4924   13.5266
    7.5000  -22.5000   22.5000 2654.8376   13.6965
   -7.5000  -15.0000   22.5000 2716.3411   13.2859
    0.0000  -15.0000   22.5000 2719.4419   13.1748
    7.5000  -15.0000   22.5000 2694.0935   13.3617
   -7.5000   -7.5000   22.5000 2774.7666   13.0980
    0.0000   -7.5000   22.5000 2775.3152   13.0005
    7.5000   -7.5000   22.5000 2745.7834   13.2141
   -7.5000    0.0000   22.5000 2830.8904   13.0348
    0.0000    0.0000   22.5000 2833.7710   12.9763
    7.5000    0.0000   22.5000 2796.7668   13.1958
   -7.5000    7.5000   22.5000 2876.9905   13.0793
    0.0000    7.5000   22.5000 2879.2205   13.0553
    7.5000    7.5000   22.5000 2833.4092   13.3068
   -7.5000   15.0000   22.5000 2889.9644   13.1905
    0.0000   15.0000   22.5000 2882.1611   13.2073
    7.5000   15.0000   22.5000 2830.2224   13.5340
   -7.5000   22.5000   22.5000 2852.0710   13.5643
    0.0000   22.5000   22.5000 2846.2795   13.6107
    7.5000   22.5000   22.5000 2793.1719   13.9431
   -7.5000   30.0000   22.5000 2772.6338   14.2210
    0.0000   30.0000   22.5000 2769.3247   14.2804
    7.5000   30.0000   22.5000 2719.1528   14.6024
   -7.5000   37.5000   22.5000 2667.6035   15.1497
    0.0000   37.5000   22.5000 2663.8711   15.2328
    7.5000   37.5000   22.5000 2629.8882   15.5507
   -7.5000   45.0000   22.5000 2543.8516   16.3610
    0.0000   45.0000   22.5000 2545.3857   16.4281
    7.5000   45.0000   22.5000 2508.7454   16.7890
   -7.5000  -45.0000   30.0000 2477.1987   16.1633
    0.0000  -45.0000   30.0000 2508.2644   15.9402
    7.5000  -45.0000   30.0000 2508.4275   15.9406
   -7.5000  -37.5000   30.0000 2521.8188   15.3182
    0.0000  -37.5000   30.0000 2546.1941   15.1151
    7.5000  -37.5000   30.0000 2544.3745   15.1823
   -7.5000  -30.0000   30.0000 2567.0715   14.6912
    0.0000  -30.0000   30.0000 2580.2380   14.5058
    7.5000  -30.0000   30.0000 2567.8394   14.5545
   -7.5000  -22.5000   30.0000 2617.7009   14.1823
    0.0000  -22.5000   30.0000 2629.1150   13.9964
    7.5000  -22.5000   30.0000 2607.6597   14.1121
   -7.5000  -15.0000   30.0000 2665.4858   13.8002
    0.0000  -15.0000   30.0000 2675.7974   13.6126
    7.5000  -15.0000   30.0000 2653.9050   13.8078
   -7.5000   -7.5000   30.0000 2724.7627   13.5779
    0.0000   -7.5000   30.0000 2730.4363   13.4379
    7.5000   -7.5000   30.0000 2707.6477   13.6604
   -7.5000    0.0000   30.0000 2770.4302   13.5001
    0.0000    0.0000   30.0000 2781.5344   13.3712
    7.5000    0.0000   30.0000 2751.7390   13.6597
   -7.5000    7.5000   30.0000 2807.3572   13.5483
    0.0000    7.5000   30.0000 2815.9924   13.4425
    7.5000    7.5000   30.0000 2779.5747   13.7622
   -7.5000   15.0000   30.0000 2813.5254   13.7157
    0.0000   15.0000   30.0000 2815.7473   13.6594
    7.5000   15.0000   30.0000 2775.6855   14.0285
   -7.5000   22.5000   30.0000 2777.2637   14.1126
    0.0000   22.5000   30.0000 2776.8530   14.1158
    7.5000   22.5000   30.0000 2734.7144   14.4847
   -7.5000   30.0000   30.0000 2709.4617   14.8262
    0.0000   30.0000   30.0000 2708.0039   14.8382
    7.5000   30.0000   30.0000 2671.7620   15.1662
   -7.5000   37.5000   30.0000 2608.1094   15.7969
    0.0000   37.5000   30.0000 2612.1099   15.8580
    7.5000   37.5000   30.0000 2584.1125   16.1713
   -7.5000   45.0000   30.0000 2489.8281   17.0196
    0.0000   45.0000   30.0000 2490.9744   17.0675
    7.5000   45.0000   30.0000 2463.9255   17.3826
   -7.5000  -45.0000   37.5000 2412.5422   17.0114
    0.0000  -45.0000   37.5000 2448.1060   16.6527
    7.5000  -45.0000   37.5000 2446.3572   16.6486
   -7.5000  -37.5000   37.5000 2458.8120   16.1523
    0.0000  -37.5000   37.5000 2488.1399   15.8582
    7.5000  -37.5000   37.5000 2491.2712   15.8719
   -7.5000  -30.0000   37.5000 2504.4949   15.4565
    0.0000  -30.0000   37.5000 2525.4602   15.1845
    7.5000  -30.0000   37.5000 2520.7639   15.2375
   -7.5000  -22.5000   37.5000 2553.9248   14.8645
    0.0000  -22.5000   37.5000 2571.8342   14.6157
    7.5000  -22.5000   37.5000 2560.1409   14.7484
   -7.5000  -15.0000   37.5000 2604.9846   14.4374
    0.0000  -15.0000   37.5000 2619.1765   14.2294
    7.5000  -15.0000   37.5000 2605.4358   14.4364
   -7.5000   -7.5000   37.5000 2663.3750   14.2012
    0.0000   -7.5000   37.5000 2671.8049   14.0264
    7.5000   -7.5000   37.5000 2653.9727   14.2910
   -7.5000    0.0000   37.5000 2706.1992   14.1120
    0.0000    0.0000   37.5000 2715.6602   13.9692
    7.5000    0.0000   37.5000 2690.9194   14.2893
   -7.5000    7.5000   37.5000 2732.3943   14.2093
    0.0000    7.5000   37.5000 2742.4358   14.0723
    7.5000    7.5000   37.5000 2712.2217   14.4190
   -7.5000   15.0000   37.5000 2734.7766   14.4035
    0.0000   15.0000   37.5000 2738.2920   14.3501
    7.5000   15.0000   37.5000 2705.1038   14.6990
   -7.5000   22.5000   37.5000 2694.5879   14.8448
    0.0000   22.5000   37.5000 2696.5918   14.8287
    7.5000   22.5000   37.5000 2661.3477   15.2181
   -7.5000   30.0000   37.5000 2632.8433   15.5601
    0.0000   30.0000   37.5000 2628.0283   15.5502
    7.5000   30.0000   37.5000 2602.0667   15.9148
   -7.5000   37.5000   37.5000 2541.1926   16.5564
    0.0000   37.5000   37.5000 2541.7578   16.5608
    7.5000   37.5000   37.5000 2519.6365   16.8956
   -7.5000   45.0000   37.5000 2427.3010   17.8035
    0.0000   45.0000   37.5000 2436.2041   17.7752
    7.5000   45.0000   37.5000 2414.4248   18.1458
   -7.5000  -45.0000   45.0000 2340.3853   18.0690
    0.0000  -45.0000   45.0000 2383.1099   17.7106
    7.5000  -45.0000   45.0000 2382.4490   17.6297
   -7.5000  -37.5000   45.0000 2390.8230   17.1277
    0.0000  -37.5000   45.0000 2428.3154   16.7801
    7.5000  -37.5000   45.0000 2432.5476   16.7677
   -7.5000  -30.0000   45.0000 2437.8274   16.3664
    0.0000  -30.0000   45.0000 2469.0537   16.0268
    7.5000  -30.0000   45.0000 2468.1328   16.0604
   -7.5000  -22.5000   45.0000 2489.5085   15.7586
    0.0000  -22.5000   45.0000 2513.7295   15.4669
    7.5000  -22.5000   45.0000 2506.3174   15.5708
   -7.5000  -15.0000   45.0000 2531.3127   15.3099
    0.0000  -15.0000   45.0000 2552.7124   15.0801
    7.5000  -15.0000   45.0000 2542.3311   15.2536
   -7.5000   -7.5000   45.0000 2580.8064   15.0210
    0.0000   -7.5000   45.0000 2596.8904   14.8469
    7.5000   -7.5000   45.0000 2582.4797   15.1344
   -7.5000    0.0000   45.0000 2619.7400   14.9504
    0.0000    0.0000   45.0000 2630.2981   14.7761
    7.5000    0.0000   45.0000 2610.8281   15.0981
   -7.5000    7.5000   45.0000 2643.1428   15.0517
    0.0000    7.5000   45.0000 2653.0803   14.9370
    7.5000    7.5000   45.0000 2626.8008   15.2745
   -7.5000   15.0000   45.0000 2643.1323   15.3388
    0.0000   15.0000   45.0000 2642.6213   15.2842
    7.5000   15.0000   45.0000 2617.5679   15.6100
   -7.5000   22.5000   45.0000 2608.2161   15.7790
    0.0000   22.5000   45.0000 2607.8325   15.7657
    7.5000   22.5000   45.0000 2579.3909   16.1193
   -7.5000   30.0000   45.0000 2546.0859   16.4836
    0.0000   30.0000   45.0000 2540.8071   16.4806
    7.5000   30.0000   45.0000 2517.5405   16.8465
   -7.5000   37.5000   45.0000 2463.9207   17.4474
    0.0000   37.5000   45.0000 2467.0220   17.4143
    7.5000   37.5000   45.0000 2447.9382   17.7878
   -7.5000   45.0000   45.0000 2359.9995   18.6784
    0.0000   45.0000   45.0000 2372.7776   18.6524
    7.5000   45.0000   45.0000 2355.3774   18.9995

---------------------------------------------------------------------
imgreg_4dfp /opt/freesurfer/average/711-2C_as_mni_average_305 /opt/freesurfer/average/711-2B_as_mni_average_305_mask talsrcimg_g11 none talsrcimg_to_711-2C_as_mni_average_305_t4 1283
---------------------------------------------------------------------

freesurfer imgreg_4dfp.c
/opt/freesurfer/average/711-2C_as_mni_average_305.4dfp.img
       256       256       256         1
  1.000000  1.000000  1.000000
orientation T byte_order littleendian
Reading image: /opt/freesurfer/average/711-2C_as_mni_average_305.4dfp.img
dimensions:      256       256       256
mmppix:       1.0000   -1.0000   -1.0000
center:     128.0000 -129.0000 -129.0000
/opt/freesurfer/average/711-2B_as_mni_average_305_mask.4dfp.img
       256       256       256         1
  1.000000  1.000000  1.000000
orientation T byte_order littleendian
Reading mask: /opt/freesurfer/average/711-2B_as_mni_average_305_mask.4dfp.img (2306576 pixels)
talsrcimg_g11.4dfp.img
       256       256       256         1
  1.000000  1.000000  1.000000
orientation T byte_order littleendian
Reading image: talsrcimg_g11.4dfp.img
dimensions:      256       256       256
mmppix:       1.0000   -1.0000   -1.0000
center:     128.0000 -129.0000 -129.0000
rotation matrix determinant  1.000000
fimgreg.f
image alignment mode   1283 decimal      503 hex
parameters
   -7.5000   15.0000    7.5000    0.0000    0.0000    0.0000
eta,q 0.92966 12.89381
niter,ni,del,rscale     5    3   12.0000    1.2000
parameter  3 -0.508441 -> -0.500000 qaram    1.1500
parameter  4  0.591394 ->  0.500000 qaram    1.1500
parameter  5  3.226589 ->  0.500000 qaram    1.1500
parameter  6-55.890858 -> -0.500000 qaram    1.1500
parameters
   -5.5781   12.8809   10.9500   -3.4500   -3.4500    3.4500
eta,q 0.93767 12.70020
  0.0838  0.0767  0.0807  0.0702  0.0645  0.0771
  0.0780  0.0741  0.0775  0.0698  0.0664  0.0740
  0.0749  0.0726  0.0745  0.0696  0.0684  0.0701
  0.0740  0.0740  0.0725  0.0714  0.0697  0.0671
  0.0740  0.0774  0.0713  0.0726  0.0714  0.0646
  0.0741  0.0812  0.0712  0.0758  0.0739  0.0614
  0.0754  0.0852  0.0726  0.0794  0.0769  0.0576
niter,ni,del,rscale     7    3   12.0000    1.2000
parameter  4  0.613578 ->  0.500000 qaram    1.3225
parameter  5  0.739308 ->  0.500000 qaram    1.3225
parameter  6 -1.248861 -> -0.500000 qaram    1.3225
parameters
   -2.8213   15.3480    8.9839   -7.4175   -7.4175    7.4175
eta,q 0.95598 12.84936
  0.0759  0.0697  0.0605  0.0550  0.0502  0.0665
  0.0690  0.0641  0.0577  0.0534  0.0490  0.0607
  0.0654  0.0611  0.0567  0.0538  0.0507  0.0542
  0.0623  0.0582  0.0564  0.0566  0.0533  0.0493
  0.0588  0.0565  0.0588  0.0583  0.0579  0.0457
  0.0585  0.0567  0.0648  0.0615  0.0641  0.0435
  0.0630  0.0595  0.0736  0.0667  0.0711  0.0421
niter,ni,del,rscale     7    3   12.0000    1.2000
parameters
   -2.1328   16.6973    7.0358   -9.2535   -8.6167    9.2991
eta,q 0.96421 12.76239
  0.0652  0.0580  0.0492  0.0468  0.0515  0.0553
  0.0553  0.0499  0.0417  0.0408  0.0435  0.0474
  0.0480  0.0454  0.0394  0.0379  0.0375  0.0411
  0.0440  0.0436  0.0423  0.0395  0.0378  0.0368
  0.0445  0.0418  0.0477  0.0449  0.0431  0.0359
  0.0493  0.0428  0.0539  0.0488  0.0517  0.0383
  0.0580  0.0490  0.0598  0.0545  0.0616  0.0442
niter,ni,del,rscale     6    3   12.0000    1.2000
parameters
   -1.9834   16.9287    6.9516   -9.3837   -9.1288    9.3289
eta,q 0.96437 12.76755
  0.0603  0.0518  0.0525  0.0500  0.0525  0.0495
  0.0489  0.0427  0.0435  0.0434  0.0449  0.0428
  0.0400  0.0377  0.0371  0.0378  0.0384  0.0373
  0.0358  0.0357  0.0356  0.0356  0.0356  0.0356
  0.0382  0.0362  0.0394  0.0387  0.0394  0.0370
  0.0467  0.0409  0.0455  0.0444  0.0475  0.0419
  0.0587  0.0498  0.0516  0.0505  0.0580  0.0498
niter,ni,del,rscale     5    3   12.0000    1.2000
parameters
   -1.8556   17.0328    6.9003   -9.4541   -9.2834    9.3412
eta,q 0.96446 12.76804
  0.0602  0.0509  0.0525  0.0502  0.0537  0.0495
  0.0487  0.0420  0.0435  0.0437  0.0458  0.0426
  0.0397  0.0373  0.0370  0.0379  0.0392  0.0372
  0.0356  0.0356  0.0355  0.0355  0.0355  0.0355
  0.0380  0.0362  0.0391  0.0385  0.0383  0.0370
  0.0466  0.0413  0.0451  0.0442  0.0458  0.0420
  0.0590  0.0501  0.0515  0.0505  0.0563  0.0499
niter,ni,del,rscale     4    3   12.0000    1.2000
parameters
   -1.8136   17.0666    6.8749   -9.4882   -9.3319    9.3467
eta,q 0.96449 12.76743
  0.0595  0.0505  0.0525  0.0503  0.0540  0.0495
  0.0481  0.0417  0.0436  0.0439  0.0461  0.0426
  0.0394  0.0372  0.0370  0.0380  0.0395  0.0372
  0.0355  0.0355  0.0355  0.0355  0.0355  0.0355
  0.0381  0.0363  0.0389  0.0384  0.0380  0.0370
  0.0470  0.0415  0.0449  0.0441  0.0453  0.0420
  0.0596  0.0504  0.0514  0.0504  0.0558  0.0499
registration optimization eta report
parameter search radius
    6.0000    6.0000    6.9000    7.9350    7.9350    7.9350
100000*second partial in parameter space
       66.       42.       34.       23.       30.       23.
  0.0595  0.0505  0.0525  0.0503  0.0540  0.0495
  0.0481  0.0417  0.0436  0.0439  0.0461  0.0426
  0.0394  0.0372  0.0370  0.0380  0.0395  0.0372
  0.0355  0.0355  0.0355  0.0355  0.0355  0.0355
  0.0381  0.0363  0.0389  0.0384  0.0380  0.0370
  0.0470  0.0415  0.0449  0.0441  0.0453  0.0420
  0.0596  0.0504  0.0514  0.0504  0.0558  0.0499
   -1.8136   17.0666    6.8749   -9.4882   -9.3319    9.3467
eta,q 0.96449 12.76743

---------------------------------------------------------------------
imgreg_4dfp /opt/freesurfer/average/711-2C_as_mni_average_305 /opt/freesurfer/average/711-2B_as_mni_average_305_mask talsrcimg_g11 none talsrcimg_to_711-2C_as_mni_average_305_t4 3335
---------------------------------------------------------------------

freesurfer imgreg_4dfp.c
/opt/freesurfer/average/711-2C_as_mni_average_305.4dfp.img
       256       256       256         1
  1.000000  1.000000  1.000000
orientation T byte_order littleendian
Reading image: /opt/freesurfer/average/711-2C_as_mni_average_305.4dfp.img
dimensions:      256       256       256
mmppix:       1.0000   -1.0000   -1.0000
center:     128.0000 -129.0000 -129.0000
/opt/freesurfer/average/711-2B_as_mni_average_305_mask.4dfp.img
       256       256       256         1
  1.000000  1.000000  1.000000
orientation T byte_order littleendian
Reading mask: /opt/freesurfer/average/711-2B_as_mni_average_305_mask.4dfp.img (2306576 pixels)
talsrcimg_g11.4dfp.img
       256       256       256         1
  1.000000  1.000000  1.000000
orientation T byte_order littleendian
Reading image: talsrcimg_g11.4dfp.img
dimensions:      256       256       256
mmppix:       1.0000   -1.0000   -1.0000
center:     128.0000 -129.0000 -129.0000
fimgreg.f
image alignment mode   3335 decimal      D07 hex
parameters
   -1.8136   17.0666    6.8749   -2.6335   -3.1116   -2.6734
  -18.6562   13.1039   16.0260   18.8630  -16.2152  -16.2662
eta,q 0.96457 12.85211
niter,ni,del,rscale     5    3    5.0000    1.2000
parameter  4  0.577976 ->  0.500000 qaram    1.1500
parameter  5  1.991550 ->  0.500000 qaram    1.1500
parameters
   -1.7309   16.9874    6.8817   -6.7735   -7.2516   -4.5005
  -18.9316   13.6543   15.6634   16.9828  -13.6632  -16.0340
eta,q 0.96963 12.44844
  0.0401  0.0380  0.0377  0.0349  0.0294  0.0330  0.0339  0.0372  0.0331  0.0329  0.0331  0.0325
  0.0376  0.0365  0.0365  0.0346  0.0308  0.0316  0.0323  0.0341  0.0319  0.0313  0.0320  0.0315
  0.0360  0.0357  0.0357  0.0347  0.0326  0.0311  0.0313  0.0320  0.0311  0.0306  0.0312  0.0307
  0.0354  0.0354  0.0354  0.0354  0.0346  0.0313  0.0310  0.0310  0.0310  0.0310  0.0306  0.0304
  0.0359  0.0358  0.0357  0.0370  0.0369  0.0323  0.0314  0.0314  0.0314  0.0323  0.0304  0.0306
  0.0372  0.0368  0.0364  0.0395  0.0396  0.0340  0.0326  0.0329  0.0322  0.0340  0.0305  0.0313
  0.0395  0.0384  0.0377  0.0427  0.0431  0.0366  0.0344  0.0357  0.0335  0.0361  0.0311  0.0323
niter,ni,del,rscale     6    3    5.0000    1.2000
parameter  5  0.858602 ->  0.500000 qaram    1.3225
parameters
   -1.6216   16.6311    6.8534   -7.3252  -12.0126   -4.2134
  -18.5921   13.6713   15.6709   17.1560  -13.8223  -16.7589
eta,q 0.97188 12.24996
  0.0351  0.0327  0.0329  0.0330  0.0284  0.0320  0.0323  0.0337  0.0310  0.0323  0.0296  0.0299
  0.0326  0.0313  0.0315  0.0314  0.0281  0.0301  0.0302  0.0308  0.0295  0.0301  0.0288  0.0289
  0.0310  0.0305  0.0306  0.0305  0.0287  0.0288  0.0288  0.0288  0.0285  0.0286  0.0283  0.0282
  0.0304  0.0304  0.0303  0.0303  0.0303  0.0282  0.0282  0.0281  0.0281  0.0281  0.0281  0.0281
  0.0307  0.0311  0.0306  0.0306  0.0325  0.0285  0.0284  0.0288  0.0285  0.0286  0.0284  0.0286
  0.0320  0.0326  0.0316  0.0318  0.0350  0.0296  0.0297  0.0307  0.0295  0.0299  0.0289  0.0295
  0.0343  0.0347  0.0330  0.0341  0.0380  0.0316  0.0317  0.0337  0.0310  0.0319  0.0297  0.0307
niter,ni,del,rscale     6    3    5.0000    1.2000
parameters
   -1.5505   16.5893    7.1083   -6.9989  -13.7582   -3.7298
  -18.4157   13.7216   15.7635   17.2235  -13.7774  -16.7168
eta,q 0.97206 12.21452
  0.0329  0.0317  0.0313  0.0316  0.0312  0.0318  0.0320  0.0335  0.0308  0.0318  0.0294  0.0300
  0.0304  0.0297  0.0297  0.0298  0.0293  0.0300  0.0299  0.0306  0.0293  0.0297  0.0287  0.0289
  0.0287  0.0285  0.0286  0.0286  0.0281  0.0286  0.0285  0.0287  0.0283  0.0283  0.0282  0.0282
  0.0281  0.0281  0.0281  0.0281  0.0281  0.0280  0.0279  0.0279  0.0279  0.0279  0.0279  0.0279
  0.0286  0.0286  0.0282  0.0282  0.0293  0.0282  0.0283  0.0285  0.0282  0.0284  0.0281  0.0282
  0.0300  0.0299  0.0289  0.0292  0.0317  0.0292  0.0296  0.0304  0.0292  0.0296  0.0286  0.0289
  0.0324  0.0319  0.0302  0.0313  0.0345  0.0310  0.0317  0.0334  0.0307  0.0316  0.0294  0.0300
niter,ni,del,rscale     5    3    5.0000    1.2000
parameters
   -1.5086   16.6824    7.2970   -6.8566  -14.0789   -3.5658
  -18.3650   13.7366   15.7251   17.2507  -13.7735  -16.6482
eta,q 0.97209 12.21305
  0.0326  0.0318  0.0308  0.0313  0.0322  0.0315  0.0318  0.0334  0.0307  0.0318  0.0294  0.0300
  0.0301  0.0297  0.0294  0.0296  0.0301  0.0297  0.0298  0.0305  0.0292  0.0296  0.0286  0.0289
  0.0285  0.0284  0.0284  0.0284  0.0285  0.0284  0.0284  0.0286  0.0282  0.0283  0.0281  0.0282
  0.0279  0.0279  0.0279  0.0279  0.0279  0.0279  0.0279  0.0279  0.0279  0.0279  0.0279  0.0279
  0.0284  0.0283  0.0281  0.0281  0.0285  0.0283  0.0284  0.0285  0.0283  0.0283  0.0281  0.0281
  0.0299  0.0293  0.0288  0.0292  0.0304  0.0293  0.0297  0.0304  0.0292  0.0296  0.0286  0.0288
  0.0323  0.0312  0.0301  0.0314  0.0330  0.0313  0.0317  0.0334  0.0307  0.0316  0.0294  0.0299
niter,ni,del,rscale     4    3    5.0000    1.2000
parameters
   -1.4882   16.7000    7.3493   -6.8324  -14.1418   -3.5284
  -18.3461   13.7486   15.7050   17.2454  -13.7893  -16.6129
eta,q 0.97209 12.21242
  0.0325  0.0315  0.0305  0.0313  0.0325  0.0314  0.0318  0.0334  0.0307  0.0317  0.0294  0.0299
  0.0300  0.0295  0.0291  0.0295  0.0303  0.0296  0.0298  0.0305  0.0292  0.0295  0.0286  0.0289
  0.0285  0.0283  0.0282  0.0284  0.0286  0.0283  0.0284  0.0286  0.0282  0.0283  0.0281  0.0282
  0.0279  0.0279  0.0279  0.0279  0.0279  0.0279  0.0279  0.0279  0.0279  0.0279  0.0279  0.0279
  0.0284  0.0283  0.0282  0.0281  0.0284  0.0283  0.0284  0.0285  0.0283  0.0284  0.0281  0.0281
  0.0299  0.0295  0.0290  0.0292  0.0302  0.0294  0.0297  0.0304  0.0292  0.0296  0.0286  0.0288
  0.0324  0.0314  0.0303  0.0315  0.0328  0.0314  0.0318  0.0334  0.0307  0.0316  0.0294  0.0299
niter,ni,del,rscale     3    3    5.0000    1.2000
parameters
   -1.4816   16.7025    7.3635   -6.8313  -14.1507   -3.5240
  -18.3365   13.7528   15.7032   17.2374  -13.7998  -16.5973
eta,q 0.97208 12.21198
  0.0325  0.0315  0.0304  0.0312  0.0325  0.0314  0.0318  0.0334  0.0307  0.0317  0.0294  0.0299
  0.0300  0.0295  0.0291  0.0295  0.0303  0.0296  0.0298  0.0305  0.0292  0.0295  0.0286  0.0289
  0.0284  0.0283  0.0282  0.0284  0.0286  0.0283  0.0284  0.0286  0.0282  0.0283  0.0281  0.0282
  0.0279  0.0279  0.0279  0.0279  0.0279  0.0279  0.0279  0.0279  0.0279  0.0279  0.0279  0.0279
  0.0284  0.0283  0.0282  0.0281  0.0284  0.0283  0.0284  0.0285  0.0282  0.0284  0.0281  0.0281
  0.0300  0.0295  0.0290  0.0293  0.0301  0.0294  0.0297  0.0304  0.0292  0.0296  0.0286  0.0288
  0.0325  0.0314  0.0304  0.0315  0.0327  0.0315  0.0318  0.0334  0.0307  0.0316  0.0294  0.0299
registration optimization eta report
parameter search radius
    2.4000    2.4000    2.4000    8.2800    9.5220    7.2000
    7.2000    7.2000    7.2000    7.2000    7.2000    7.2000
100000*second partial in parameter space
       79.       61.       43.        5.        5.        7.
        7.       11.        5.        7.        3.        4.
  0.0325  0.0315  0.0304  0.0312  0.0325  0.0314  0.0318  0.0334  0.0307  0.0317  0.0294  0.0299
  0.0300  0.0295  0.0291  0.0295  0.0303  0.0296  0.0298  0.0305  0.0292  0.0295  0.0286  0.0289
  0.0284  0.0283  0.0282  0.0284  0.0286  0.0283  0.0284  0.0286  0.0282  0.0283  0.0281  0.0282
  0.0279  0.0279  0.0279  0.0279  0.0279  0.0279  0.0279  0.0279  0.0279  0.0279  0.0279  0.0279
  0.0284  0.0283  0.0282  0.0281  0.0284  0.0283  0.0284  0.0285  0.0282  0.0284  0.0281  0.0281
  0.0300  0.0295  0.0290  0.0293  0.0301  0.0294  0.0297  0.0304  0.0292  0.0296  0.0286  0.0288
  0.0325  0.0314  0.0304  0.0315  0.0327  0.0315  0.0318  0.0334  0.0307  0.0316  0.0294  0.0299
   -1.4816   16.7025    7.3635   -6.8313  -14.1507   -3.5240
  -18.3365   13.7528   15.7032   17.2374  -13.7998  -16.5973
eta,q 0.97208 12.21198

---------------------------------------------------------------------
imgreg_4dfp /opt/freesurfer/average/711-2C_as_mni_average_305 /opt/freesurfer/average/711-2B_as_mni_average_305_mask talsrcimg_g11 none talsrcimg_to_711-2C_as_mni_average_305_t4 2311
---------------------------------------------------------------------

freesurfer imgreg_4dfp.c
/opt/freesurfer/average/711-2C_as_mni_average_305.4dfp.img
       256       256       256         1
  1.000000  1.000000  1.000000
orientation T byte_order littleendian
Reading image: /opt/freesurfer/average/711-2C_as_mni_average_305.4dfp.img
dimensions:      256       256       256
mmppix:       1.0000   -1.0000   -1.0000
center:     128.0000 -129.0000 -129.0000
/opt/freesurfer/average/711-2B_as_mni_average_305_mask.4dfp.img
       256       256       256         1
  1.000000  1.000000  1.000000
orientation T byte_order littleendian
Reading mask: /opt/freesurfer/average/711-2B_as_mni_average_305_mask.4dfp.img (2306576 pixels)
talsrcimg_g11.4dfp.img
       256       256       256         1
  1.000000  1.000000  1.000000
orientation T byte_order littleendian
Reading image: talsrcimg_g11.4dfp.img
dimensions:      256       256       256
mmppix:       1.0000   -1.0000   -1.0000
center:     128.0000 -129.0000 -129.0000
fimgreg.f
image alignment mode   2311 decimal      907 hex
parameters
   -1.4816   16.7025    7.3635   -6.8313  -14.1507   -3.5240
  -18.3365   13.7528   15.7032   17.2374  -13.7998  -16.5973
eta,q 0.97208 12.21197
niter,ni,del,rscale     5    3    5.0000    0.8000
parameters
   -1.4791   16.6849    7.3587   -6.3840  -13.9206   -3.4342
  -18.3148   13.8013   15.7095   17.1810  -13.6213  -16.5649
eta,q 0.97212 12.24539
  0.0300  0.0294  0.0291  0.0292  0.0294  0.0296  0.0297  0.0305  0.0292  0.0296  0.0286  0.0288
  0.0288  0.0286  0.0284  0.0285  0.0286  0.0286  0.0287  0.0291  0.0285  0.0286  0.0283  0.0283
  0.0281  0.0281  0.0280  0.0281  0.0281  0.0281  0.0281  0.0282  0.0280  0.0280  0.0280  0.0280
  0.0279  0.0279  0.0279  0.0279  0.0279  0.0279  0.0279  0.0279  0.0279  0.0279  0.0279  0.0279
  0.0281  0.0281  0.0280  0.0279  0.0280  0.0281  0.0281  0.0281  0.0280  0.0281  0.0279  0.0280
  0.0288  0.0286  0.0284  0.0282  0.0284  0.0286  0.0287  0.0290  0.0285  0.0287  0.0282  0.0283
  0.0300  0.0295  0.0291  0.0288  0.0291  0.0294  0.0297  0.0304  0.0292  0.0296  0.0286  0.0288
niter,ni,del,rscale     4    3    5.0000    0.7000
parameters
   -1.4764   16.6363    7.3366   -6.3234  -13.8600   -3.4514
  -18.3105   13.8125   15.6990   17.1468  -13.5804  -16.5115
eta,q 0.97213 12.24902
  0.0295  0.0290  0.0287  0.0288  0.0290  0.0291  0.0293  0.0299  0.0289  0.0292  0.0284  0.0286
  0.0286  0.0284  0.0283  0.0283  0.0284  0.0284  0.0285  0.0288  0.0283  0.0284  0.0281  0.0282
  0.0281  0.0280  0.0280  0.0280  0.0280  0.0280  0.0280  0.0281  0.0280  0.0280  0.0280  0.0280
  0.0279  0.0279  0.0279  0.0279  0.0279  0.0279  0.0279  0.0279  0.0279  0.0279  0.0279  0.0279
  0.0281  0.0281  0.0280  0.0279  0.0280  0.0280  0.0280  0.0281  0.0280  0.0280  0.0279  0.0279
  0.0286  0.0285  0.0283  0.0282  0.0283  0.0284  0.0285  0.0288  0.0283  0.0285  0.0281  0.0282
  0.0295  0.0292  0.0288  0.0288  0.0289  0.0291  0.0293  0.0299  0.0289  0.0292  0.0284  0.0286
niter,ni,del,rscale     3    3    5.0000    0.6000
parameters
   -1.4772   16.6230    7.3337   -6.2649  -13.8274   -3.4745
  -18.3001   13.8222   15.6883   17.1273  -13.5569  -16.4718
eta,q 0.97213 12.25113
  0.0291  0.0287  0.0285  0.0285  0.0287  0.0288  0.0289  0.0293  0.0286  0.0288  0.0283  0.0284
  0.0284  0.0283  0.0282  0.0282  0.0282  0.0283  0.0283  0.0286  0.0282  0.0283  0.0281  0.0281
  0.0280  0.0280  0.0280  0.0280  0.0280  0.0280  0.0280  0.0281  0.0280  0.0280  0.0279  0.0279
  0.0279  0.0279  0.0279  0.0279  0.0279  0.0279  0.0279  0.0279  0.0279  0.0279  0.0279  0.0279
  0.0280  0.0280  0.0279  0.0279  0.0279  0.0280  0.0280  0.0280  0.0280  0.0280  0.0279  0.0279
  0.0284  0.0283  0.0282  0.0281  0.0282  0.0283  0.0283  0.0285  0.0282  0.0283  0.0281  0.0281
  0.0291  0.0288  0.0285  0.0285  0.0286  0.0288  0.0289  0.0294  0.0286  0.0289  0.0283  0.0284
niter,ni,del,rscale     2    3    5.0000    0.5000
parameters
   -1.4753   16.6129    7.3291   -6.2022  -13.8080   -3.4977
  -18.2924   13.8362   15.6901   17.1231  -13.5330  -16.4344
eta,q 0.97213 12.25323
  0.0287  0.0285  0.0283  0.0283  0.0284  0.0285  0.0286  0.0289  0.0284  0.0285  0.0282  0.0283
  0.0282  0.0281  0.0281  0.0281  0.0281  0.0281  0.0282  0.0284  0.0281  0.0282  0.0280  0.0281
  0.0280  0.0279  0.0279  0.0279  0.0279  0.0279  0.0279  0.0280  0.0279  0.0279  0.0279  0.0279
  0.0279  0.0279  0.0279  0.0279  0.0279  0.0279  0.0279  0.0279  0.0279  0.0279  0.0279  0.0279
  0.0280  0.0279  0.0279  0.0279  0.0279  0.0280  0.0280  0.0280  0.0279  0.0279  0.0279  0.0279
  0.0282  0.0282  0.0281  0.0280  0.0281  0.0282  0.0282  0.0283  0.0281  0.0282  0.0280  0.0280
  0.0287  0.0285  0.0283  0.0283  0.0284  0.0285  0.0286  0.0289  0.0284  0.0285  0.0282  0.0283
niter,ni,del,rscale     1    3    5.0000    0.4000
parameters
   -1.4740   16.6041    7.3268   -6.1495  -13.7894   -3.5354
  -18.2843   13.8462   15.6910   17.1183  -13.5099  -16.3985
eta,q 0.97213 12.25412
  0.0284  0.0283  0.0282  0.0281  0.0282  0.0283  0.0283  0.0285  0.0282  0.0283  0.0281  0.0281
  0.0281  0.0280  0.0280  0.0280  0.0280  0.0280  0.0281  0.0282  0.0280  0.0281  0.0280  0.0280
  0.0279  0.0279  0.0279  0.0279  0.0279  0.0279  0.0279  0.0279  0.0279  0.0279  0.0279  0.0279
  0.0279  0.0279  0.0279  0.0279  0.0279  0.0279  0.0279  0.0279  0.0279  0.0279  0.0279  0.0279
  0.0279  0.0279  0.0279  0.0279  0.0279  0.0279  0.0279  0.0279  0.0279  0.0279  0.0279  0.0279
  0.0281  0.0281  0.0280  0.0280  0.0280  0.0281  0.0281  0.0282  0.0280  0.0281  0.0280  0.0280
  0.0284  0.0283  0.0282  0.0281  0.0282  0.0283  0.0283  0.0285  0.0282  0.0283  0.0281  0.0281
registration optimization eta report
parameter search radius
    0.8000    0.8000    0.8000    2.4000    2.4000    2.4000
    2.4000    2.4000    2.4000    2.4000    2.4000    2.4000
100000*second partial in parameter space
       83.       63.       47.        5.        6.        7.
        8.       12.        6.        7.        3.        4.
  0.0284  0.0283  0.0282  0.0281  0.0282  0.0283  0.0283  0.0285  0.0282  0.0283  0.0281  0.0281
  0.0281  0.0280  0.0280  0.0280  0.0280  0.0280  0.0281  0.0282  0.0280  0.0281  0.0280  0.0280
  0.0279  0.0279  0.0279  0.0279  0.0279  0.0279  0.0279  0.0279  0.0279  0.0279  0.0279  0.0279
  0.0279  0.0279  0.0279  0.0279  0.0279  0.0279  0.0279  0.0279  0.0279  0.0279  0.0279  0.0279
  0.0279  0.0279  0.0279  0.0279  0.0279  0.0279  0.0279  0.0279  0.0279  0.0279  0.0279  0.0279
  0.0281  0.0281  0.0280  0.0280  0.0280  0.0281  0.0281  0.0282  0.0280  0.0281  0.0280  0.0280
  0.0284  0.0283  0.0282  0.0281  0.0282  0.0283  0.0283  0.0285  0.0282  0.0283  0.0281  0.0281
   -1.4740   16.6041    7.3268   -6.1495  -13.7894   -3.5354
  -18.2843   13.8462   15.6910   17.1183  -13.5099  -16.3985
eta,q 0.97213 12.25412

---------------------------------------------------------------------
imgreg_4dfp /opt/freesurfer/average/711-2C_as_mni_average_305 /opt/freesurfer/average/711-2B_as_mni_average_305_mask talsrcimg_g11 none talsrcimg_to_711-2C_as_mni_average_305_t4 2311
---------------------------------------------------------------------

freesurfer imgreg_4dfp.c
/opt/freesurfer/average/711-2C_as_mni_average_305.4dfp.img
       256       256       256         1
  1.000000  1.000000  1.000000
orientation T byte_order littleendian
Reading image: /opt/freesurfer/average/711-2C_as_mni_average_305.4dfp.img
dimensions:      256       256       256
mmppix:       1.0000   -1.0000   -1.0000
center:     128.0000 -129.0000 -129.0000
/opt/freesurfer/average/711-2B_as_mni_average_305_mask.4dfp.img
       256       256       256         1
  1.000000  1.000000  1.000000
orientation T byte_order littleendian
Reading mask: /opt/freesurfer/average/711-2B_as_mni_average_305_mask.4dfp.img (2306576 pixels)
talsrcimg_g11.4dfp.img
       256       256       256         1
  1.000000  1.000000  1.000000
orientation T byte_order littleendian
Reading image: talsrcimg_g11.4dfp.img
dimensions:      256       256       256
mmppix:       1.0000   -1.0000   -1.0000
center:     128.0000 -129.0000 -129.0000
fimgreg.f
image alignment mode   2311 decimal      907 hex
parameters
   -1.4740   16.6041    7.3268   -6.1495  -13.7894   -3.5354
  -18.2843   13.8462   15.6910   17.1183  -13.5099  -16.3985
eta,q 0.97213 12.25412
niter,ni,del,rscale     5    3    5.0000    0.8000
parameters
   -1.4709   16.6134    7.3279   -6.3936  -13.8486   -3.4740
  -18.2960   13.8000   15.6730   17.1231  -13.6161  -16.5097
eta,q 0.97213 12.24469
  0.0300  0.0295  0.0290  0.0289  0.0292  0.0295  0.0297  0.0304  0.0292  0.0296  0.0286  0.0288
  0.0288  0.0286  0.0284  0.0283  0.0285  0.0286  0.0287  0.0290  0.0285  0.0286  0.0282  0.0283
  0.0281  0.0280  0.0280  0.0280  0.0280  0.0280  0.0281  0.0282  0.0280  0.0281  0.0280  0.0280
  0.0279  0.0279  0.0279  0.0279  0.0279  0.0279  0.0279  0.0279  0.0279  0.0279  0.0279  0.0279
  0.0281  0.0280  0.0280  0.0280  0.0280  0.0281  0.0281  0.0282  0.0280  0.0281  0.0280  0.0280
  0.0288  0.0286  0.0284  0.0284  0.0285  0.0286  0.0287  0.0291  0.0285  0.0286  0.0282  0.0283
  0.0300  0.0294  0.0290  0.0292  0.0293  0.0294  0.0297  0.0305  0.0292  0.0296  0.0286  0.0289
niter,ni,del,rscale     4    3    5.0000    0.7000
parameters
   -1.4754   16.6279    7.3351   -6.3383  -13.8479   -3.4631
  -18.3012   13.8152   15.6819   17.1348  -13.5816  -16.5037
eta,q 0.97213 12.24780
  0.0295  0.0291  0.0288  0.0287  0.0289  0.0291  0.0293  0.0299  0.0289  0.0292  0.0284  0.0286
  0.0286  0.0284  0.0283  0.0283  0.0283  0.0284  0.0285  0.0288  0.0283  0.0285  0.0281  0.0282
  0.0281  0.0280  0.0280  0.0280  0.0280  0.0280  0.0280  0.0281  0.0280  0.0280  0.0280  0.0280
  0.0279  0.0279  0.0279  0.0279  0.0279  0.0279  0.0279  0.0279  0.0279  0.0279  0.0279  0.0279
  0.0281  0.0280  0.0280  0.0279  0.0280  0.0280  0.0280  0.0281  0.0280  0.0280  0.0279  0.0280
  0.0286  0.0284  0.0283  0.0282  0.0283  0.0284  0.0285  0.0288  0.0283  0.0284  0.0281  0.0282
  0.0295  0.0291  0.0288  0.0288  0.0290  0.0291  0.0293  0.0299  0.0289  0.0292  0.0284  0.0286
niter,ni,del,rscale     3    3    5.0000    0.6000
parameters
   -1.4757   16.6219    7.3326   -6.2634  -13.8249   -3.4764
  -18.3002   13.8246   15.6886   17.1259  -13.5528  -16.4699
eta,q 0.97213 12.25119
  0.0291  0.0288  0.0285  0.0285  0.0287  0.0288  0.0289  0.0293  0.0286  0.0288  0.0283  0.0284
  0.0284  0.0283  0.0282  0.0282  0.0282  0.0283  0.0283  0.0286  0.0282  0.0283  0.0281  0.0281
  0.0280  0.0280  0.0280  0.0280  0.0280  0.0280  0.0280  0.0281  0.0280  0.0280  0.0279  0.0279
  0.0279  0.0279  0.0279  0.0279  0.0279  0.0279  0.0279  0.0279  0.0279  0.0279  0.0279  0.0279
  0.0280  0.0280  0.0279  0.0279  0.0279  0.0280  0.0280  0.0280  0.0279  0.0280  0.0279  0.0279
  0.0284  0.0283  0.0282  0.0281  0.0282  0.0283  0.0283  0.0285  0.0282  0.0283  0.0281  0.0281
  0.0291  0.0288  0.0285  0.0285  0.0287  0.0288  0.0289  0.0294  0.0286  0.0289  0.0283  0.0284
niter,ni,del,rscale     2    3    5.0000    0.5000
parameters
   -1.4762   16.6118    7.3272   -6.2040  -13.8032   -3.5054
  -18.2928   13.8342   15.6928   17.1264  -13.5297  -16.4457
eta,q 0.97213 12.25316
  0.0287  0.0285  0.0283  0.0283  0.0284  0.0285  0.0286  0.0289  0.0284  0.0285  0.0282  0.0283
  0.0282  0.0281  0.0281  0.0281  0.0281  0.0281  0.0282  0.0284  0.0281  0.0282  0.0280  0.0281
  0.0280  0.0279  0.0279  0.0279  0.0279  0.0279  0.0279  0.0280  0.0279  0.0279  0.0279  0.0279
  0.0279  0.0279  0.0279  0.0279  0.0279  0.0279  0.0279  0.0279  0.0279  0.0279  0.0279  0.0279
  0.0280  0.0279  0.0279  0.0279  0.0279  0.0280  0.0280  0.0280  0.0279  0.0279  0.0279  0.0279
  0.0282  0.0282  0.0281  0.0280  0.0281  0.0282  0.0282  0.0283  0.0281  0.0282  0.0280  0.0280
  0.0287  0.0285  0.0283  0.0283  0.0284  0.0285  0.0286  0.0289  0.0284  0.0285  0.0282  0.0283
niter,ni,del,rscale     1    3    5.0000    0.4000
parameters
   -1.4737   16.6031    7.3226   -6.1532  -13.7882   -3.5365
  -18.2943   13.8432   15.6953   17.1132  -13.5218  -16.3997
eta,q 0.97213 12.25417
  0.0284  0.0283  0.0282  0.0282  0.0282  0.0283  0.0283  0.0285  0.0282  0.0283  0.0281  0.0281
  0.0281  0.0280  0.0280  0.0280  0.0280  0.0280  0.0281  0.0282  0.0280  0.0281  0.0280  0.0280
  0.0279  0.0279  0.0279  0.0279  0.0279  0.0279  0.0279  0.0279  0.0279  0.0279  0.0279  0.0279
  0.0279  0.0279  0.0279  0.0279  0.0279  0.0279  0.0279  0.0279  0.0279  0.0279  0.0279  0.0279
  0.0279  0.0279  0.0279  0.0279  0.0279  0.0279  0.0279  0.0279  0.0279  0.0279  0.0279  0.0279
  0.0281  0.0281  0.0280  0.0280  0.0280  0.0281  0.0281  0.0282  0.0280  0.0281  0.0280  0.0280
  0.0284  0.0283  0.0282  0.0281  0.0282  0.0283  0.0283  0.0285  0.0282  0.0283  0.0281  0.0281
registration optimization eta report
parameter search radius
    0.8000    0.8000    0.8000    2.4000    2.4000    2.4000
    2.4000    2.4000    2.4000    2.4000    2.4000    2.4000
100000*second partial in parameter space
       83.       62.       46.        5.        6.        7.
        8.       12.        6.        7.        3.        4.
  0.0284  0.0283  0.0282  0.0282  0.0282  0.0283  0.0283  0.0285  0.0282  0.0283  0.0281  0.0281
  0.0281  0.0280  0.0280  0.0280  0.0280  0.0280  0.0281  0.0282  0.0280  0.0281  0.0280  0.0280
  0.0279  0.0279  0.0279  0.0279  0.0279  0.0279  0.0279  0.0279  0.0279  0.0279  0.0279  0.0279
  0.0279  0.0279  0.0279  0.0279  0.0279  0.0279  0.0279  0.0279  0.0279  0.0279  0.0279  0.0279
  0.0279  0.0279  0.0279  0.0279  0.0279  0.0279  0.0279  0.0279  0.0279  0.0279  0.0279  0.0279
  0.0281  0.0281  0.0280  0.0280  0.0280  0.0281  0.0281  0.0282  0.0280  0.0281  0.0280  0.0280
  0.0284  0.0283  0.0282  0.0281  0.0282  0.0283  0.0283  0.0285  0.0282  0.0283  0.0281  0.0281
   -1.4737   16.6031    7.3226   -6.1532  -13.7882   -3.5365
  -18.2943   13.8432   15.6953   17.1132  -13.5218  -16.3997
eta,q 0.97213 12.25417

---------------------------------------------------------------------
compute_vox2vox talsrcimg talsrcimg_to_711-2C_as_mni_average_305_t4 /opt/freesurfer/average/711-2C_as_mni_average_305
---------------------------------------------------------------------

freesurfer compute_vox2vox.c
Reading: talsrcimg.4dfp.ifh
Reading: talsrcimg_to_711-2C_as_mni_average_305_t4
Reading: /opt/freesurfer/average/711-2C_as_mni_average_305.4dfp.ifh
Writing: talsrcimg_to_711-2C_as_mni_average_305_t4_vox2vox.txt

start time Tue Mar 10 02:26:03 CET 2026
end		time Tue Mar 10 02:27:35 CET 2026

mpr2mni305 success

avi2talxfm orig_nu.mgz /opt/freesurfer/average/mni305.cor.mgz talsrcimg_to_711-2C_as_mni_average_305_t4_vox2vox.txt transforms/talairach.auto.xfm
avi2talxfm done
mv -f /out/sourcedata/freesurfer/sub-v1s4x0050695_ses-1/mri/talsrcimg_to_711-2C_as_mni_average_305_t4_vox2vox.txt /out/sourcedata/freesurfer/sub-v1s4x0050695_ses-1/mri/transforms/talsrcimg_to_711-2C_as_mni_average_305_t4_vox2vox.txt
lta_convert --src orig_nu.mgz --trg /opt/freesurfer/average/mni305.cor.mgz --inxfm transforms/talairach.auto.xfm --outlta transforms/talairach.auto.xfm.lta --subject fsaverage
7.3.2

--src: orig_nu.mgz src image (geometry).
--trg: /opt/freesurfer/average/mni305.cor.mgz trg image (geometry).
--inmni: transforms/talairach.auto.xfm input MNI/XFM transform.
--outlta: transforms/talairach.auto.xfm.lta output LTA.
--s: fsaverage subject name
 LTA read, type : 1
 1.00986  -0.17697   0.18063  -1.59462;
 0.10670   0.98412   0.20985  -25.84650;
-0.20503  -0.16313   1.08539  -18.74857;
 0.00000   0.00000   0.00000   1.00000;
setting subject to fsaverage
Writing  LTA to file transforms/talairach.auto.xfm.lta...
lta_convert successful.
 
 
Started at Tue Mar 10 02:26:02 CET 2026
Ended   at Tue Mar 10 02:27:36 CET 2026
talairach_avi done
