status file for recon-all
Tue Mar 10 03:04:46 CET 2026
#@# MotionCor Tue Mar 10 03:04:48 CET 2026
#@# Talairach Tue Mar 10 03:04:54 CET 2026
#@# Talairach Failure Detection Tue Mar 10 03:07:45 CET 2026
#@# Nu Intensity Correction Tue Mar 10 03:07:45 CET 2026
#@# Intensity Normalization Tue Mar 10 03:10:32 CET 2026
recon-all -s sub-v1s4x0050709_ses-1 finished without error at Tue Mar 10 03:11:36 CET 2026



#New# invocation of recon-all 



status file for recon-all
Tue Mar 10 03:17:40 CET 2026
#@# EM Registration Tue Mar 10 03:17:40 CET 2026
recon-all -s sub-v1s4x0050709_ses-1 finished without error at Tue Mar 10 03:19:29 CET 2026



#New# invocation of recon-all 



status file for recon-all
Tue Mar 10 03:19:30 CET 2026
#@# CA Normalize Tue Mar 10 03:19:30 CET 2026
#@# CA Reg Tue Mar 10 03:20:23 CET 2026
#@# SubCort Seg Tue Mar 10 04:07:51 CET 2026
#@# CC Seg Tue Mar 10 04:31:49 CET 2026
#@# Merge ASeg Tue Mar 10 04:32:07 CET 2026
#@# Intensity Normalization2 Tue Mar 10 04:32:07 CET 2026
#@# Mask BFS Tue Mar 10 04:33:40 CET 2026
#@# WM Segmentation Tue Mar 10 04:33:41 CET 2026
#@# Fill Tue Mar 10 04:35:11 CET 2026
recon-all -s sub-v1s4x0050709_ses-1 finished without error at Tue Mar 10 04:35:50 CET 2026



#New# invocation of recon-all 



status file for recon-all
Tue Mar 10 05:27:18 CET 2026
#@# white curv lh Tue Mar 10 05:27:18 CET 2026
#@# white area lh Tue Mar 10 05:27:18 CET 2026
#@# pial curv lh Tue Mar 10 05:27:18 CET 2026
#@# pial area lh Tue Mar 10 05:27:18 CET 2026
#@# thickness lh Tue Mar 10 05:27:18 CET 2026
#@# area and vertex vol lh Tue Mar 10 05:27:18 CET 2026
#@# white curv rh Tue Mar 10 05:27:18 CET 2026
#@# white area rh Tue Mar 10 05:27:18 CET 2026
#@# pial curv rh Tue Mar 10 05:27:18 CET 2026
#@# pial area rh Tue Mar 10 05:27:18 CET 2026
#@# thickness rh Tue Mar 10 05:27:18 CET 2026
#@# area and vertex vol rh Tue Mar 10 05:27:18 CET 2026
#@# Cortical ribbon mask Tue Mar 10 05:27:18 CET 2026
recon-all -s sub-v1s4x0050709_ses-1 finished without error at Tue Mar 10 05:31:32 CET 2026



#New# invocation of recon-all 



status file for recon-all
Tue Mar 10 05:37:14 CET 2026
#@# white curv lh Tue Mar 10 05:37:14 CET 2026
#@# white area lh Tue Mar 10 05:37:15 CET 2026
#@# pial curv lh Tue Mar 10 05:37:15 CET 2026
#@# pial area lh Tue Mar 10 05:37:15 CET 2026
#@# thickness lh Tue Mar 10 05:37:15 CET 2026
#@# area and vertex vol lh Tue Mar 10 05:37:15 CET 2026
#@# white curv rh Tue Mar 10 05:37:15 CET 2026
#@# white area rh Tue Mar 10 05:37:15 CET 2026
#@# pial curv rh Tue Mar 10 05:37:15 CET 2026
#@# pial area rh Tue Mar 10 05:37:15 CET 2026
#@# thickness rh Tue Mar 10 05:37:15 CET 2026
#@# area and vertex vol rh Tue Mar 10 05:37:15 CET 2026
#@# Curvature Stats lh Tue Mar 10 05:37:15 CET 2026
#@# Curvature Stats rh Tue Mar 10 05:37:17 CET 2026
#@# Relabel Hypointensities Tue Mar 10 05:37:19 CET 2026
#@# APas-to-ASeg Tue Mar 10 05:37:29 CET 2026
#@# AParc-to-ASeg aparc Tue Mar 10 05:37:37 CET 2026
#@# AParc-to-ASeg aparc.a2009s Tue Mar 10 05:38:01 CET 2026
#@# AParc-to-ASeg aparc.DKTatlas Tue Mar 10 05:38:24 CET 2026
#@# WMParc Tue Mar 10 05:38:49 CET 2026
#@# ASeg Stats Tue Mar 10 05:40:47 CET 2026
recon-all -s sub-v1s4x0050709_ses-1 finished without error at Tue Mar 10 05:41:12 CET 2026
