status file for recon-all
Tue Mar 10 05:03:04 CET 2026
#@# Tessellate rh Tue Mar 10 05:03:04 CET 2026
#@# Smooth1 rh Tue Mar 10 05:03:07 CET 2026
#@# Inflation1 rh Tue Mar 10 05:03:09 CET 2026
#@# QSphere rh Tue Mar 10 05:03:23 CET 2026
#@# Fix Topology rh Tue Mar 10 05:04:30 CET 2026
#@# Smooth2 rh Tue Mar 10 05:10:39 CET 2026
#@# Inflation2 rh Tue Mar 10 05:10:42 CET 2026
#@# Curv .H and .K rh Tue Mar 10 05:10:57 CET 2026
#@# Sphere rh Tue Mar 10 05:11:38 CET 2026
#@# Surf Reg rh Tue Mar 10 05:15:37 CET 2026
#@# Jacobian white rh Tue Mar 10 05:19:40 CET 2026
#@# AvgCurv rh Tue Mar 10 05:19:40 CET 2026
#@# Cortical Parc rh Tue Mar 10 05:19:41 CET 2026
#@# white curv rh Tue Mar 10 05:26:19 CET 2026
#@# white area rh Tue Mar 10 05:26:20 CET 2026
#@# pial curv rh Tue Mar 10 05:26:21 CET 2026
#@# pial area rh Tue Mar 10 05:26:22 CET 2026
#@# thickness rh Tue Mar 10 05:26:23 CET 2026
#@# area and vertex vol rh Tue Mar 10 05:26:46 CET 2026
#@# Curvature Stats rh Tue Mar 10 05:26:47 CET 2026
#@# Cortical Parc 2 rh Tue Mar 10 05:26:49 CET 2026
#@# Cortical Parc 3 rh Tue Mar 10 05:27:00 CET 2026
#@# WM/GM Contrast rh Tue Mar 10 05:27:09 CET 2026
recon-all -s sub-v1s4x0050709_ses-1 finished without error at Tue Mar 10 05:27:11 CET 2026



#New# invocation of recon-all 



status file for recon-all
Tue Mar 10 05:34:22 CET 2026
#@# white curv rh Tue Mar 10 05:34:22 CET 2026
#@# white area rh Tue Mar 10 05:34:23 CET 2026
#@# pial curv rh Tue Mar 10 05:34:23 CET 2026
#@# pial area rh Tue Mar 10 05:34:23 CET 2026
#@# thickness rh Tue Mar 10 05:34:23 CET 2026
#@# area and vertex vol rh Tue Mar 10 05:34:23 CET 2026
#@# Parcellation Stats rh Tue Mar 10 05:34:23 CET 2026
#@# Parcellation Stats 2 rh Tue Mar 10 05:34:40 CET 2026
#@# Parcellation Stats 3 rh Tue Mar 10 05:34:49 CET 2026
#@# BA_exvivo Labels rh Tue Mar 10 05:34:58 CET 2026
recon-all -s sub-v1s4x0050709_ses-1 finished without error at Tue Mar 10 05:37:10 CET 2026
