status file for recon-all
Tue Mar 10 04:35:54 CET 2026
#@# Tessellate lh Tue Mar 10 04:35:54 CET 2026
#@# Smooth1 lh Tue Mar 10 04:35:57 CET 2026
#@# Inflation1 lh Tue Mar 10 04:36:00 CET 2026
#@# QSphere lh Tue Mar 10 04:36:14 CET 2026
#@# Fix Topology lh Tue Mar 10 04:37:58 CET 2026
#@# Smooth2 lh Tue Mar 10 04:44:14 CET 2026
#@# Inflation2 lh Tue Mar 10 04:44:16 CET 2026
#@# Curv .H and .K lh Tue Mar 10 04:44:31 CET 2026
#@# Sphere lh Tue Mar 10 04:45:12 CET 2026
#@# Surf Reg lh Tue Mar 10 04:50:11 CET 2026
#@# Jacobian white lh Tue Mar 10 04:55:17 CET 2026
#@# AvgCurv lh Tue Mar 10 04:55:17 CET 2026
#@# Cortical Parc lh Tue Mar 10 04:55:18 CET 2026
#@# white curv lh Tue Mar 10 05:02:07 CET 2026
#@# white area lh Tue Mar 10 05:02:09 CET 2026
#@# pial curv lh Tue Mar 10 05:02:10 CET 2026
#@# pial area lh Tue Mar 10 05:02:11 CET 2026
#@# thickness lh Tue Mar 10 05:02:12 CET 2026
#@# area and vertex vol lh Tue Mar 10 05:02:33 CET 2026
#@# Curvature Stats lh Tue Mar 10 05:02:34 CET 2026
#@# Cortical Parc 2 lh Tue Mar 10 05:02:37 CET 2026
#@# Cortical Parc 3 lh Tue Mar 10 05:02:48 CET 2026
#@# WM/GM Contrast lh Tue Mar 10 05:02:56 CET 2026
recon-all -s sub-v1s4x0050709_ses-1 finished without error at Tue Mar 10 05:02:59 CET 2026



#New# invocation of recon-all 



status file for recon-all
Tue Mar 10 05:31:36 CET 2026
#@# white curv lh Tue Mar 10 05:31:36 CET 2026
#@# white area lh Tue Mar 10 05:31:36 CET 2026
#@# pial curv lh Tue Mar 10 05:31:36 CET 2026
#@# pial area lh Tue Mar 10 05:31:37 CET 2026
#@# thickness lh Tue Mar 10 05:31:37 CET 2026
#@# area and vertex vol lh Tue Mar 10 05:31:37 CET 2026
#@# Parcellation Stats lh Tue Mar 10 05:31:37 CET 2026
#@# Parcellation Stats 2 lh Tue Mar 10 05:31:53 CET 2026
#@# Parcellation Stats 3 lh Tue Mar 10 05:32:02 CET 2026
#@# BA_exvivo Labels lh Tue Mar 10 05:32:10 CET 2026
recon-all -s sub-v1s4x0050709_ses-1 finished without error at Tue Mar 10 05:34:21 CET 2026
