status file for recon-all
Tue Mar 10 02:04:38 CET 2026
#@# MotionCor Tue Mar 10 02:04:39 CET 2026
#@# Talairach Tue Mar 10 02:04:45 CET 2026
#@# Talairach Failure Detection Tue Mar 10 02:07:36 CET 2026
#@# Nu Intensity Correction Tue Mar 10 02:07:36 CET 2026
#@# Intensity Normalization Tue Mar 10 02:10:22 CET 2026
recon-all -s sub-v1s4x0050688_ses-1 finished without error at Tue Mar 10 02:11:24 CET 2026



#New# invocation of recon-all 



status file for recon-all
Tue Mar 10 02:17:22 CET 2026
#@# EM Registration Tue Mar 10 02:17:22 CET 2026
recon-all -s sub-v1s4x0050688_ses-1 finished without error at Tue Mar 10 02:18:59 CET 2026



#New# invocation of recon-all 



status file for recon-all
Tue Mar 10 02:19:03 CET 2026
#@# CA Normalize Tue Mar 10 02:19:03 CET 2026
#@# CA Reg Tue Mar 10 02:19:56 CET 2026
#@# SubCort Seg Tue Mar 10 02:53:45 CET 2026
#@# CC Seg Tue Mar 10 03:14:56 CET 2026
#@# Merge ASeg Tue Mar 10 03:15:22 CET 2026
#@# Intensity Normalization2 Tue Mar 10 03:15:22 CET 2026
#@# Mask BFS Tue Mar 10 03:16:49 CET 2026
#@# WM Segmentation Tue Mar 10 03:16:49 CET 2026
#@# Fill Tue Mar 10 03:18:19 CET 2026
recon-all -s sub-v1s4x0050688_ses-1 finished without error at Tue Mar 10 03:18:56 CET 2026



#New# invocation of recon-all 



status file for recon-all
Tue Mar 10 03:49:20 CET 2026
#@# white curv lh Tue Mar 10 03:49:20 CET 2026
#@# white area lh Tue Mar 10 03:49:20 CET 2026
#@# pial curv lh Tue Mar 10 03:49:20 CET 2026
#@# pial area lh Tue Mar 10 03:49:20 CET 2026
#@# thickness lh Tue Mar 10 03:49:20 CET 2026
#@# area and vertex vol lh Tue Mar 10 03:49:20 CET 2026
#@# white curv rh Tue Mar 10 03:49:20 CET 2026
#@# white area rh Tue Mar 10 03:49:20 CET 2026
#@# pial curv rh Tue Mar 10 03:49:20 CET 2026
#@# pial area rh Tue Mar 10 03:49:20 CET 2026
#@# thickness rh Tue Mar 10 03:49:20 CET 2026
#@# area and vertex vol rh Tue Mar 10 03:49:20 CET 2026
#@# Cortical ribbon mask Tue Mar 10 03:49:20 CET 2026
recon-all -s sub-v1s4x0050688_ses-1 finished without error at Tue Mar 10 03:53:28 CET 2026



#New# invocation of recon-all 



status file for recon-all
Tue Mar 10 03:58:00 CET 2026
#@# white curv lh Tue Mar 10 03:58:00 CET 2026
#@# white area lh Tue Mar 10 03:58:00 CET 2026
#@# pial curv lh Tue Mar 10 03:58:00 CET 2026
#@# pial area lh Tue Mar 10 03:58:00 CET 2026
#@# thickness lh Tue Mar 10 03:58:00 CET 2026
#@# area and vertex vol lh Tue Mar 10 03:58:00 CET 2026
#@# white curv rh Tue Mar 10 03:58:00 CET 2026
#@# white area rh Tue Mar 10 03:58:00 CET 2026
#@# pial curv rh Tue Mar 10 03:58:00 CET 2026
#@# pial area rh Tue Mar 10 03:58:00 CET 2026
#@# thickness rh Tue Mar 10 03:58:00 CET 2026
#@# area and vertex vol rh Tue Mar 10 03:58:00 CET 2026
#@# Curvature Stats lh Tue Mar 10 03:58:00 CET 2026
#@# Curvature Stats rh Tue Mar 10 03:58:02 CET 2026
#@# Relabel Hypointensities Tue Mar 10 03:58:03 CET 2026
#@# APas-to-ASeg Tue Mar 10 03:58:13 CET 2026
#@# AParc-to-ASeg aparc Tue Mar 10 03:58:19 CET 2026
#@# AParc-to-ASeg aparc.a2009s Tue Mar 10 03:58:33 CET 2026
#@# AParc-to-ASeg aparc.DKTatlas Tue Mar 10 03:58:48 CET 2026
#@# WMParc Tue Mar 10 03:59:03 CET 2026
#@# ASeg Stats Tue Mar 10 04:00:56 CET 2026
recon-all -s sub-v1s4x0050688_ses-1 finished without error at Tue Mar 10 04:01:15 CET 2026
