status file for recon-all
Tue Mar 10 03:19:00 CET 2026
#@# Tessellate lh Tue Mar 10 03:19:00 CET 2026
#@# Smooth1 lh Tue Mar 10 03:19:02 CET 2026
#@# Inflation1 lh Tue Mar 10 03:19:04 CET 2026
#@# QSphere lh Tue Mar 10 03:19:11 CET 2026
#@# Fix Topology lh Tue Mar 10 03:19:52 CET 2026
#@# Smooth2 lh Tue Mar 10 03:23:57 CET 2026
#@# Inflation2 lh Tue Mar 10 03:23:59 CET 2026
#@# Curv .H and .K lh Tue Mar 10 03:24:06 CET 2026
#@# Sphere lh Tue Mar 10 03:24:42 CET 2026
#@# Surf Reg lh Tue Mar 10 03:25:50 CET 2026
#@# Jacobian white lh Tue Mar 10 03:27:53 CET 2026
#@# AvgCurv lh Tue Mar 10 03:27:54 CET 2026
#@# Cortical Parc lh Tue Mar 10 03:27:54 CET 2026
#@# white curv lh Tue Mar 10 03:32:50 CET 2026
#@# white area lh Tue Mar 10 03:32:51 CET 2026
#@# pial curv lh Tue Mar 10 03:32:51 CET 2026
#@# pial area lh Tue Mar 10 03:32:53 CET 2026
#@# thickness lh Tue Mar 10 03:32:53 CET 2026
#@# area and vertex vol lh Tue Mar 10 03:33:10 CET 2026
#@# Curvature Stats lh Tue Mar 10 03:33:11 CET 2026
#@# Cortical Parc 2 lh Tue Mar 10 03:33:13 CET 2026
#@# Cortical Parc 3 lh Tue Mar 10 03:33:23 CET 2026
#@# WM/GM Contrast lh Tue Mar 10 03:33:30 CET 2026
recon-all -s sub-v1s4x0050688_ses-1 finished without error at Tue Mar 10 03:33:32 CET 2026



#New# invocation of recon-all 



status file for recon-all
Tue Mar 10 03:53:32 CET 2026
#@# white curv lh Tue Mar 10 03:53:32 CET 2026
#@# white area lh Tue Mar 10 03:53:32 CET 2026
#@# pial curv lh Tue Mar 10 03:53:32 CET 2026
#@# pial area lh Tue Mar 10 03:53:32 CET 2026
#@# thickness lh Tue Mar 10 03:53:32 CET 2026
#@# area and vertex vol lh Tue Mar 10 03:53:32 CET 2026
#@# Parcellation Stats lh Tue Mar 10 03:53:32 CET 2026
#@# Parcellation Stats 2 lh Tue Mar 10 03:53:46 CET 2026
#@# Parcellation Stats 3 lh Tue Mar 10 03:53:53 CET 2026
#@# BA_exvivo Labels lh Tue Mar 10 03:54:00 CET 2026
recon-all -s sub-v1s4x0050688_ses-1 finished without error at Tue Mar 10 03:55:43 CET 2026
