/out/sourcedata/freesurfer/sub-v1s4x0050685_ses-1/mri
/opt/freesurfer/bin/talairach_avi
--i orig_nu.mgz --xfm transforms/talairach.auto.xfm
talairach_avi 7.3.2
Linux dna049 5.14.0-427.37.1.el9_4.x86_64 #1 SMP PREEMPT_DYNAMIC Fri Sep 13 12:41:50 EDT 2024 x86_64 x86_64 x86_64 GNU/Linux
Tue Mar 10 02:05:32 CET 2026
mri_convert orig_nu.mgz talsrcimg.img 
reading from orig_nu.mgz...
TR=0.00, TE=0.00, TI=0.00, flip angle=0.00
i_ras = (-1, 8.14907e-10, 0)
j_ras = (-7.45058e-09, -1.86265e-09, -1)
k_ras = (-9.31323e-10, 1, 0)
writing to talsrcimg.img...
Analyze Output Matrix
-1.00000  -0.00000  -0.00000   129.67119;
 0.00000  -0.00000   1.00000  -101.41609;
 0.00000  -1.00000   0.00000   111.11595;
 0.00000   0.00000   0.00000   1.00000;
--------------------
INFO: set hdr.hist.orient to -1
mpr2mni305 talsrcimg
Tue Mar 10 02:05:33 CET 2026
/opt/freesurfer/bin/mpr2mni305 talsrcimg
mpr2mni305 7.3.2
target=711-2C_as_mni_average_305

---------------------------------------------------------------------
analyzeto4dfp talsrcimg -O0 -y
---------------------------------------------------------------------

freesurfer ifh2hdr.c
Tue Mar 10 02:05:33 2026
Writing: talsrcimg.4dfp.hdr
freesurfer analyzeto4dfp.c
Reading: talsrcimg.hdr
header size 348 bytes
hdr.dime.datatype	offset=70	value=2
hdr.dime.bitpix		offset=72	value=8
hdr.hist.orient		offset=252	value=-1
dimensionality     4
dimensions       256       256       256         1
Reading: talsrcimg.img
Writing: talsrcimg.4dfp.img
Writing: talsrcimg.4dfp.ifh
ifh2hdr talsrcimg -r0to252
ori=2

---------------------------------------------------------------------
gauss_4dfp talsrcimg 1.1
---------------------------------------------------------------------

freesurfer gauss_4dfp.c
Reading: talsrcimg.4dfp.img
Writing: talsrcimg_g11.4dfp.img
image dimensions 256 256 256 padded to 288 288 288
processing volume 1freesurfer ifh2hdr.c
Tue Mar 10 02:05:35 2026
Writing: talsrcimg_g11.4dfp.hdr

Writing: talsrcimg_g11.4dfp.ifh
including: talsrcimg.4dfp.img.rec in talsrcimg_g11.4dfp.img.rec

---------------------------------------------------------------------
imgreg_4dfp /opt/freesurfer/average/711-2C_as_mni_average_305 none talsrcimg_g11 none talsrcimg_to_711-2C_as_mni_average_305_t4 4355
---------------------------------------------------------------------

freesurfer imgreg_4dfp.c
/opt/freesurfer/average/711-2C_as_mni_average_305.4dfp.img
       256       256       256         1
  1.000000  1.000000  1.000000
orientation T byte_order littleendian
Reading image: /opt/freesurfer/average/711-2C_as_mni_average_305.4dfp.img
dimensions:      256       256       256
mmppix:       1.0000   -1.0000   -1.0000
center:     128.0000 -129.0000 -129.0000
talsrcimg_g11.4dfp.img
       256       256       256         1
  1.000000  1.000000  1.000000
orientation T byte_order littleendian
Reading image: talsrcimg_g11.4dfp.img
dimensions:      256       256       256
mmppix:       1.0000   -1.0000   -1.0000
center:     128.0000 -129.0000 -129.0000
t4_read: open error in t4_sub.f l:  41 t4_file(1:l)talsrcimg_to_711-2C_as_mni_average_305_t4 
t4_read: transform initialized to I4
rotation matrix determinant  1.000000
image alignment mode   4355 decimal     1103 hex
   -7.5000  -45.0000  -45.0000 9186.9248   12.1239
    0.0000  -45.0000  -45.0000 9604.3301   12.1268
    7.5000  -45.0000  -45.0000 9260.8037   12.1211
   -7.5000  -37.5000  -45.0000 9690.8789   11.9909
    0.0000  -37.5000  -45.000010140.6084   11.9923
    7.5000  -37.5000  -45.0000 9776.5420   11.9882
   -7.5000  -30.0000  -45.000010557.6123   11.9033
    0.0000  -30.0000  -45.000011048.0010   11.8994
    7.5000  -30.0000  -45.000010608.3994   11.8948
   -7.5000  -22.5000  -45.000011220.0547   11.8812
    0.0000  -22.5000  -45.000011758.2656   11.8745
    7.5000  -22.5000  -45.000011249.4678   11.8672
   -7.5000  -15.0000  -45.000011797.9873   11.8824
    0.0000  -15.0000  -45.000012347.3682   11.8778
    7.5000  -15.0000  -45.000011811.2373   11.8686
   -7.5000   -7.5000  -45.000012243.5977   11.8917
    0.0000   -7.5000  -45.000012826.4375   11.8922
    7.5000   -7.5000  -45.000012283.7529   11.8843
   -7.5000    0.0000  -45.000012573.6533   11.8985
    0.0000    0.0000  -45.000013174.3389   11.9024
    7.5000    0.0000  -45.000012574.2412   11.8969
   -7.5000    7.5000  -45.000011945.8105   11.8961
    0.0000    7.5000  -45.000012528.1504   11.8976
    7.5000    7.5000  -45.000011913.7822   11.8935
   -7.5000   15.0000  -45.000011257.3760   11.8920
    0.0000   15.0000  -45.000011831.7520   11.8877
    7.5000   15.0000  -45.000011199.1758   11.8830
   -7.5000   22.5000  -45.000010555.6426   12.0974
    0.0000   22.5000  -45.000011078.6592   12.0883
    7.5000   22.5000  -45.000010481.2432   12.0810
   -7.5000   30.0000  -45.0000 9880.1436   12.2429
    0.0000   30.0000  -45.000010413.0322   12.2345
    7.5000   30.0000  -45.0000 9835.8330   12.2237
   -7.5000   37.5000  -45.0000 9573.4463   12.6011
    0.0000   37.5000  -45.000010086.8213   12.5945
    7.5000   37.5000  -45.0000 9515.5635   12.5826
   -7.5000   45.0000  -45.0000 8926.8828   12.6647
    0.0000   45.0000  -45.0000 9404.4951   12.6626
    7.5000   45.0000  -45.0000 8860.5156   12.6555
   -7.5000  -45.0000  -37.5000 9637.6455   12.1007
    0.0000  -45.0000  -37.500010096.0762   12.1079
    7.5000  -45.0000  -37.5000 9713.7139   12.1012
   -7.5000  -37.5000  -37.500010193.5830   11.9682
    0.0000  -37.5000  -37.500010719.0791   11.9723
    7.5000  -37.5000  -37.500010296.4355   11.9665
   -7.5000  -30.0000  -37.500011101.2188   11.8831
    0.0000  -30.0000  -37.500011653.1016   11.8828
    7.5000  -30.0000  -37.500011176.8545   11.8773
   -7.5000  -22.5000  -37.500011828.6982   11.8635
    0.0000  -22.5000  -37.500012402.3203   11.8632
    7.5000  -22.5000  -37.500011896.5625   11.8568
   -7.5000  -15.0000  -37.500012443.5039   11.8650
    0.0000  -15.0000  -37.500013036.0811   11.8687
    7.5000  -15.0000  -37.500012476.5273   11.8615
   -7.5000   -7.5000  -37.500012929.6885   11.8717
    0.0000   -7.5000  -37.500013536.4131   11.8794
    7.5000   -7.5000  -37.500012941.2451   11.8722
   -7.5000    0.0000  -37.500013265.0996   11.8759
    0.0000    0.0000  -37.500013879.8398   11.8840
    7.5000    0.0000  -37.500013260.5518   11.8776
   -7.5000    7.5000  -37.500012624.9521   11.8735
    0.0000    7.5000  -37.500013197.3379   11.8775
    7.5000    7.5000  -37.500012560.9570   11.8719
   -7.5000   15.0000  -37.500011873.6504   11.8717
    0.0000   15.0000  -37.500012418.8877   11.8711
    7.5000   15.0000  -37.500011790.3164   11.8655
   -7.5000   22.5000  -37.500011125.7129   12.0758
    0.0000   22.5000  -37.500011606.4414   12.0735
    7.5000   22.5000  -37.500011033.4189   12.0673
   -7.5000   30.0000  -37.500010420.1504   12.2171
    0.0000   30.0000  -37.500010899.0391   12.2177
    7.5000   30.0000  -37.500010355.9014   12.2094
   -7.5000   37.5000  -37.500010093.2744   12.5678
    0.0000   37.5000  -37.500010585.0059   12.5697
    7.5000   37.5000  -37.500010033.3535   12.5598
   -7.5000   45.0000  -37.5000 9403.5127   12.6250
    0.0000   45.0000  -37.5000 9861.8291   12.6270
    7.5000   45.0000  -37.5000 9321.3340   12.6201
   -7.5000  -45.0000  -30.000010270.0205   12.6024
    0.0000  -45.0000  -30.000010777.9980   12.6125
    7.5000  -45.0000  -30.000010356.7920   12.6044
   -7.5000  -37.5000  -30.000010902.4287   12.4650
    0.0000  -37.5000  -30.000011442.9775   12.4683
    7.5000  -37.5000  -30.000010980.9434   12.4596
   -7.5000  -30.0000  -30.000011864.0508   12.3759
    0.0000  -30.0000  -30.000012422.0527   12.3755
    7.5000  -30.0000  -30.000011922.0205   12.3674
   -7.5000  -22.5000  -30.000012655.5615   12.3547
    0.0000  -22.5000  -30.000013232.6787   12.3587
    7.5000  -22.5000  -30.000012693.0928   12.3517
   -7.5000  -15.0000  -30.000013311.5146   12.3558
    0.0000  -15.0000  -30.000013906.5781   12.3676
    7.5000  -15.0000  -30.000013323.3281   12.3610
   -7.5000   -7.5000  -30.000013854.2217   12.3635
    0.0000   -7.5000  -30.000014480.1963   12.3784
    7.5000   -7.5000  -30.000013839.5801   12.3713
   -7.5000    0.0000  -30.000014212.6172   12.3684
    0.0000    0.0000  -30.000014845.4727   12.3795
    7.5000    0.0000  -30.000014182.5459   12.3717
   -7.5000    7.5000  -30.000013544.9785   12.3660
    0.0000    7.5000  -30.000014141.7451   12.3693
    7.5000    7.5000  -30.000013462.6846   12.3610
   -7.5000   15.0000  -30.000012726.1533   12.3639
    0.0000   15.0000  -30.000013289.7539   12.3631
    7.5000   15.0000  -30.000012627.8438   12.3552
   -7.5000   22.5000  -30.000011882.2568   12.5715
    0.0000   22.5000  -30.000012395.2988   12.5744
    7.5000   22.5000  -30.000011765.8604   12.5683
   -7.5000   30.0000  -30.000011115.8799   12.7195
    0.0000   30.0000  -30.000011616.3613   12.7298
    7.5000   30.0000  -30.000011031.3506   12.7232
   -7.5000   37.5000  -30.000010783.0830   13.0848
    0.0000   37.5000  -30.000011268.3818   13.0965
    7.5000   37.5000  -30.000010693.6494   13.0880
   -7.5000   45.0000  -30.000010023.2158   13.1518
    0.0000   45.0000  -30.000010471.9336   13.1585
    7.5000   45.0000  -30.0000 9920.8730   13.1512
   -7.5000  -45.0000  -22.500010870.4160   13.0190
    0.0000  -45.0000  -22.500011424.7100   13.0270
    7.5000  -45.0000  -22.500010981.9990   13.0184
   -7.5000  -37.5000  -22.500011561.1602   12.8777
    0.0000  -37.5000  -22.500012149.6709   12.8770
    7.5000  -37.5000  -22.500011653.4170   12.8671
   -7.5000  -30.0000  -22.500012584.9863   12.7826
    0.0000  -30.0000  -22.500013192.3438   12.7775
    7.5000  -30.0000  -22.500012633.0342   12.7678
   -7.5000  -22.5000  -22.500013429.5156   12.7569
    0.0000  -22.5000  -22.500014068.2051   12.7572
    7.5000  -22.5000  -22.500013452.5029   12.7486
   -7.5000  -15.0000  -22.500014154.9473   12.7571
    0.0000  -15.0000  -22.500014823.6055   12.7670
    7.5000  -15.0000  -22.500014156.0840   12.7592
   -7.5000   -7.5000  -22.500014721.1094   12.7689
    0.0000   -7.5000  -22.500015412.0859   12.7828
    7.5000   -7.5000  -22.500014733.0469   12.7752
   -7.5000    0.0000  -22.500015144.4766   12.7780
    0.0000    0.0000  -22.500015837.1104   12.7871
    7.5000    0.0000  -22.500015136.7832   12.7788
   -7.5000    7.5000  -22.500014430.2090   12.7757
    0.0000    7.5000  -22.500015101.7744   12.7751
    7.5000    7.5000  -22.500014359.5010   12.7657
   -7.5000   15.0000  -22.500013567.1826   12.7702
    0.0000   15.0000  -22.500014201.5361   12.7646
    7.5000   15.0000  -22.500013461.3711   12.7551
   -7.5000   22.5000  -22.500012644.5303   12.9804
    0.0000   22.5000  -22.500013223.6982   12.9799
    7.5000   22.5000  -22.500012528.4746   12.9728
   -7.5000   30.0000  -22.500011821.0762   13.1377
    0.0000   30.0000  -22.500012380.8125   13.1471
    7.5000   30.0000  -22.500011732.0664   13.1396
   -7.5000   37.5000  -22.500011466.2070   13.5221
    0.0000   37.5000  -22.500011970.3320   13.5339
    7.5000   37.5000  -22.500011357.1484   13.5249
   -7.5000   45.0000  -22.500010649.9697   13.6050
    0.0000   45.0000  -22.500011110.7812   13.6120
    7.5000   45.0000  -22.500010559.4121   13.6040
   -7.5000  -45.0000  -15.000011452.7783   13.3204
    0.0000  -45.0000  -15.000012058.3359   13.3244
    7.5000  -45.0000  -15.000011573.0342   13.3164
   -7.5000  -37.5000  -15.000012188.6621   13.1761
    0.0000  -37.5000  -15.000012831.2891   13.1725
    7.5000  -37.5000  -15.000012294.2949   13.1639
   -7.5000  -30.0000  -15.000013232.2783   13.0761
    0.0000  -30.0000  -15.000013922.3115   13.0665
    7.5000  -30.0000  -15.000013311.2529   13.0574
   -7.5000  -22.5000  -15.000014115.7158   13.0461
    0.0000  -22.5000  -15.000014861.3496   13.0391
    7.5000  -22.5000  -15.000014181.8242   13.0294
   -7.5000  -15.0000  -15.000014919.3584   13.0457
    0.0000  -15.0000  -15.000015696.9023   13.0467
    7.5000  -15.0000  -15.000014956.9805   13.0369
   -7.5000   -7.5000  -15.000015562.0508   13.0612
    0.0000   -7.5000  -15.000016370.1436   13.0680
    7.5000   -7.5000  -15.000015600.1787   13.0595
   -7.5000    0.0000  -15.000016043.5137   13.0744
    0.0000    0.0000  -15.000016844.5938   13.0795
    7.5000    0.0000  -15.000016053.6123   13.0719
   -7.5000    7.5000  -15.000015315.0557   13.0722
    0.0000    7.5000  -15.000016072.6172   13.0688
    7.5000    7.5000  -15.000015237.8555   13.0606
   -7.5000   15.0000  -15.000014374.8779   13.0635
    0.0000   15.0000  -15.000015076.1699   13.0534
    7.5000   15.0000  -15.000014255.0762   13.0444
   -7.5000   22.5000  -15.000013379.4092   13.2772
    0.0000   22.5000  -15.000014030.7588   13.2689
    7.5000   22.5000  -15.000013276.4434   13.2606
   -7.5000   30.0000  -15.000012492.0771   13.4435
    0.0000   30.0000  -15.000013109.3174   13.4432
    7.5000   30.0000  -15.000012410.4082   13.4332
   -7.5000   37.5000  -15.000012101.0654   13.8441
    0.0000   37.5000  -15.000012689.4863   13.8474
    7.5000   37.5000  -15.000012025.3291   13.8362
   -7.5000   45.0000  -15.000011268.1582   13.9422
    0.0000   45.0000  -15.000011821.7451   13.9457
    7.5000   45.0000  -15.000011182.3555   13.9374
   -7.5000  -45.0000   -7.500012059.7832   13.4817
    0.0000  -45.0000   -7.500012700.0244   13.4832
    7.5000  -45.0000   -7.500012166.5879   13.4765
   -7.5000  -37.5000   -7.500012853.2598   13.3352
    0.0000  -37.5000   -7.500013531.5400   13.3329
    7.5000  -37.5000   -7.500012938.0127   13.3273
   -7.5000  -30.0000   -7.500013925.6689   13.2352
    0.0000  -30.0000   -7.500014656.1211   13.2262
    7.5000  -30.0000   -7.500013985.2998   13.2197
   -7.5000  -22.5000   -7.500014829.8672   13.2061
    0.0000  -22.5000   -7.500015646.0508   13.1955
    7.5000  -22.5000   -7.500014900.3760   13.1862
   -7.5000  -15.0000   -7.500015628.7168   13.2061
    0.0000  -15.0000   -7.500016515.6035   13.1997
    7.5000  -15.0000   -7.500015681.7314   13.1889
   -7.5000   -7.5000   -7.500016352.9502   13.2204
    0.0000   -7.5000   -7.500017283.0684   13.2204
    7.5000   -7.5000   -7.500016392.0977   13.2115
   -7.5000    0.0000   -7.500016968.7578   13.2324
    0.0000    0.0000   -7.500017922.0703   13.2353
    7.5000    0.0000   -7.500016981.0195   13.2288
   -7.5000    7.5000   -7.500016234.9932   13.2304
    0.0000    7.5000   -7.500017131.0977   13.2282
    7.5000    7.5000   -7.500016156.2627   13.2227
   -7.5000   15.0000   -7.500015218.4658   13.2226
    0.0000   15.0000   -7.500015995.4824   13.2132
    7.5000   15.0000   -7.500015096.5020   13.2066
   -7.5000   22.5000   -7.500014143.6455   13.4414
    0.0000   22.5000   -7.500014875.7188   13.4287
    7.5000   22.5000   -7.500014032.6318   13.4200
   -7.5000   30.0000   -7.500013204.7998   13.6124
    0.0000   30.0000   -7.500013913.6104   13.6028
    7.5000   30.0000   -7.500013123.5830   13.5907
   -7.5000   37.5000   -7.500012805.3359   14.0167
    0.0000   37.5000   -7.500013506.5645   14.0104
    7.5000   37.5000   -7.500012707.1172   13.9973
   -7.5000   45.0000   -7.500011952.0518   14.1189
    0.0000   45.0000   -7.500012601.5605   14.1177
    7.5000   45.0000   -7.500011813.2734   14.1096
   -7.5000  -45.0000    0.000012552.8799   13.5259
    0.0000  -45.0000    0.000013189.3340   13.5291
    7.5000  -45.0000    0.000012631.5186   13.5228
   -7.5000  -37.5000    0.000013380.6260   13.3782
    0.0000  -37.5000    0.000014073.1826   13.3799
    7.5000  -37.5000    0.000013447.4053   13.3755
   -7.5000  -30.0000    0.000014498.7217   13.2811
    0.0000  -30.0000    0.000015242.6465   13.2767
    7.5000  -30.0000    0.000014537.3809   13.2718
   -7.5000  -22.5000    0.000015436.3604   13.2566
    0.0000  -22.5000    0.000016274.3896   13.2488
    7.5000  -22.5000    0.000015483.2031   13.2407
   -7.5000  -15.0000    0.000016239.0947   13.2576
    0.0000  -15.0000    0.000017132.1719   13.2521
    7.5000  -15.0000    0.000016280.0361   13.2419
   -7.5000   -7.5000    0.000017005.0781   13.2677
    0.0000   -7.5000    0.000018044.0156   13.2680
    7.5000   -7.5000    0.000017064.8438   13.2591
   -7.5000    0.0000    0.000017861.7734   13.2752
    0.0000    0.0000    0.000019045.5586   13.2796
    7.5000    0.0000    0.000017830.3008   13.2735
   -7.5000    7.5000    0.000017271.2246   13.2728
    0.0000    7.5000    0.000018423.4160   13.2745
    7.5000    7.5000    0.000017144.6973   13.2702
   -7.5000   15.0000    0.000016202.3613   13.2686
    0.0000   15.0000    0.000017202.1406   13.2637
    7.5000   15.0000    0.000016020.0176   13.2587
   -7.5000   22.5000    0.000014987.0850   13.4927
    0.0000   22.5000    0.000015888.5127   13.4823
    7.5000   22.5000    0.000014797.8418   13.4742
   -7.5000   30.0000    0.000013880.6074   13.6634
    0.0000   30.0000    0.000014720.6113   13.6536
    7.5000   30.0000    0.000013750.3750   13.6416
   -7.5000   37.5000    0.000013416.1475   14.0616
    0.0000   37.5000    0.000014216.6523   14.0540
    7.5000   37.5000    0.000013270.8857   14.0406
   -7.5000   45.0000    0.000012497.7871   14.1589
    0.0000   45.0000    0.000013218.6475   14.1565
    7.5000   45.0000    0.000012315.5879   14.1487
   -7.5000  -45.0000    7.500012219.6045   13.5380
    0.0000  -45.0000    7.500012765.6074   13.5461
    7.5000  -45.0000    7.500012210.8291   13.5386
   -7.5000  -37.5000    7.500013041.5225   13.3898
    0.0000  -37.5000    7.500013589.8389   13.3944
    7.5000  -37.5000    7.500013012.5283   13.3879
   -7.5000  -30.0000    7.500014087.1494   13.2946
    0.0000  -30.0000    7.500014687.3779   13.2943
    7.5000  -30.0000    7.500014073.0391   13.2881
   -7.5000  -22.5000    7.500014990.4121   13.2727
    0.0000  -22.5000    7.500015706.8555   13.2724
    7.5000  -22.5000    7.500014977.8818   13.2653
   -7.5000  -15.0000    7.500015757.4795   13.2745
    0.0000  -15.0000    7.500016627.4590   13.2786
    7.5000  -15.0000    7.500015800.5840   13.2705
   -7.5000   -7.5000    7.500016514.1230   13.2820
    0.0000   -7.5000    7.500017631.9043   13.2905
    7.5000   -7.5000    7.500016544.8516   13.2825
   -7.5000    0.0000    7.500017313.1152   13.2865
    0.0000    0.0000    7.500018715.0703   13.2956
    7.5000    0.0000    7.500017249.1836   13.2885
   -7.5000    7.5000    7.500016756.1387   13.2838
    0.0000    7.5000    7.500018160.8516   13.2883
    7.5000    7.5000    7.500016626.8848   13.2821
   -7.5000   15.0000    7.500015798.2344   13.2819
    0.0000   15.0000    7.500017042.6582   13.2812
    7.5000   15.0000    7.500015604.5596   13.2750
   -7.5000   22.5000    7.500014592.1309   13.5058
    0.0000   22.5000    7.500015626.0869   13.5033
    7.5000   22.5000    7.500014373.2129   13.4964
   -7.5000   30.0000    7.500013447.2139   13.6735
    0.0000   30.0000    7.500014306.9766   13.6743
    7.5000   30.0000    7.500013274.9629   13.6649
   -7.5000   37.5000    7.500012911.8340   14.0660
    0.0000   37.5000    7.500013644.0752   14.0681
    7.5000   37.5000    7.500012758.6172   14.0570
   -7.5000   45.0000    7.500011993.4863   14.1576
    0.0000   45.0000    7.500012610.4658   14.1598
    7.5000   45.0000    7.500011829.2637   14.1521
   -7.5000  -45.0000   15.000011740.6846   13.5324
    0.0000  -45.0000   15.000012258.9570   13.5432
    7.5000  -45.0000   15.000011692.3838   13.5345
   -7.5000  -37.5000   15.000012508.4922   13.3849
    0.0000  -37.5000   15.000013062.3330   13.3884
    7.5000  -37.5000   15.000012464.1943   13.3790
   -7.5000  -30.0000   15.000013461.5518   13.2891
    0.0000  -30.0000   15.000014109.1006   13.2887
    7.5000  -30.0000   15.000013426.9375   13.2801
   -7.5000  -22.5000   15.000014283.3193   13.2665
    0.0000  -22.5000   15.000015038.2686   13.2707
    7.5000  -22.5000   15.000014281.1230   13.2632
   -7.5000  -15.0000   15.000015023.6367   13.2676
    0.0000  -15.0000   15.000015874.4092   13.2803
    7.5000  -15.0000   15.000015031.5586   13.2732
   -7.5000   -7.5000   15.000015741.5293   13.2759
    0.0000   -7.5000   15.000016711.1152   13.2919
    7.5000   -7.5000   15.000015718.3027   13.2843
   -7.5000    0.0000   15.000016394.1113   13.2811
    0.0000    0.0000   15.000017436.1289   13.2930
    7.5000    0.0000   15.000016333.6582   13.2846
   -7.5000    7.5000   15.000015708.0293   13.2786
    0.0000    7.5000   15.000016693.0762   13.2821
    7.5000    7.5000   15.000015645.8984   13.2732
   -7.5000   15.0000   15.000014821.0781   13.2763
    0.0000   15.0000   15.000015690.9805   13.2755
    7.5000   15.0000   15.000014690.6982   13.2669
   -7.5000   22.5000   15.000013791.7490   13.4963
    0.0000   22.5000   15.000014618.9561   13.4993
    7.5000   22.5000   15.000013621.0908   13.4928
   -7.5000   30.0000   15.000012768.6201   13.6621
    0.0000   30.0000   15.000013509.4160   13.6733
    7.5000   30.0000   15.000012643.5576   13.6661
   -7.5000   37.5000   15.000012280.4639   14.0545
    0.0000   37.5000   15.000012911.8115   14.0671
    7.5000   37.5000   15.000012185.7871   14.0579
   -7.5000   45.0000   15.000011417.8037   14.1451
    0.0000   45.0000   15.000011961.8447   14.1524
    7.5000   45.0000   15.000011316.5713   14.1444
   -7.5000  -45.0000   22.500011026.2529   13.5158
    0.0000  -45.0000   22.500011602.6582   13.5242
    7.5000  -45.0000   22.500011034.5088   13.5152
   -7.5000  -37.5000   22.500011724.3301   13.3691
    0.0000  -37.5000   22.500012327.6855   13.3684
    7.5000  -37.5000   22.500011724.9297   13.3581
   -7.5000  -30.0000   22.500012614.2314   13.2704
    0.0000  -30.0000   22.500013224.4229   13.2651
    7.5000  -30.0000   22.500012569.8906   13.2550
   -7.5000  -22.5000   22.500013377.1191   13.2437
    0.0000  -22.5000   22.500013996.9297   13.2440
    7.5000  -22.5000   22.500013329.8018   13.2351
   -7.5000  -15.0000   22.500014066.7979   13.2439
    0.0000  -15.0000   22.500014740.8887   13.2542
    7.5000  -15.0000   22.500014024.7646   13.2461
   -7.5000   -7.5000   22.500014705.8701   13.2561
    0.0000   -7.5000   22.500015452.5703   13.2707
    7.5000   -7.5000   22.500014662.4668   13.2627
   -7.5000    0.0000   22.500015213.7803   13.2656
    0.0000    0.0000   22.500015950.8477   13.2751
    7.5000    0.0000   22.500015173.2119   13.2665
   -7.5000    7.5000   22.500014490.8691   13.2632
    0.0000    7.5000   22.500015172.0117   13.2626
    7.5000    7.5000   22.500014453.1387   13.2528
   -7.5000   15.0000   22.500013661.6348   13.2575
    0.0000   15.0000   22.500014299.2969   13.2517
    7.5000   15.0000   22.500013588.4570   13.2418
   -7.5000   22.5000   22.500012796.6533   13.4737
    0.0000   22.5000   22.500013420.6475   13.4732
    7.5000   22.5000   22.500012686.6055   13.4658
   -7.5000   30.0000   22.500011931.4482   13.6410
    0.0000   30.0000   22.500012518.6738   13.6508
    7.5000   30.0000   22.500011849.2227   13.6430
   -7.5000   37.5000   22.500011517.8740   14.0402
    0.0000   37.5000   22.500012053.1094   14.0525
    7.5000   37.5000   22.500011453.0049   14.0430
   -7.5000   45.0000   22.500010751.5205   14.1365
    0.0000   45.0000   22.500011236.0811   14.1438
    7.5000   45.0000   22.500010673.1533   14.1355
   -7.5000  -45.0000   30.000010213.4980   13.6003
    0.0000  -45.0000   30.000010686.1367   13.6043
    7.5000  -45.0000   30.000010189.7031   13.5961
   -7.5000  -37.5000   30.000010858.2920   13.4520
    0.0000  -37.5000   30.000011343.8408   13.4483
    7.5000  -37.5000   30.000010831.5498   13.4394
   -7.5000  -30.0000   30.000011657.9219   13.3492
    0.0000  -30.0000   30.000012146.9609   13.3393
    7.5000  -30.0000   30.000011604.7754   13.3300
   -7.5000  -22.5000   30.000012379.4043   13.3183
    0.0000  -22.5000   30.000012897.5420   13.3111
    7.5000  -22.5000   30.000012322.1426   13.3011
   -7.5000  -15.0000   30.000013007.2383   13.3179
    0.0000  -15.0000   30.000013615.3652   13.3188
    7.5000  -15.0000   30.000012962.7842   13.3088
   -7.5000   -7.5000   30.000013559.0498   13.3338
    0.0000   -7.5000   30.000014206.1270   13.3407
    7.5000   -7.5000   30.000013527.3750   13.3320
   -7.5000    0.0000   30.000013984.1182   13.3473
    0.0000    0.0000   30.000014567.7842   13.3526
    7.5000    0.0000   30.000013940.2373   13.3446
   -7.5000    7.5000   30.000013298.9482   13.3452
    0.0000    7.5000   30.000013852.9189   13.3416
    7.5000    7.5000   30.000013251.4287   13.3331
   -7.5000   15.0000   30.000012536.2812   13.3362
    0.0000   15.0000   30.000013057.3418   13.3259
    7.5000   15.0000   30.000012467.0840   13.3166
   -7.5000   22.5000   30.000011782.1875   13.5545
    0.0000   22.5000   30.000012284.7588   13.5460
    7.5000   22.5000   30.000011675.0820   13.5375
   -7.5000   30.0000   30.000011039.4727   13.7282
    0.0000   30.0000   30.000011503.4785   13.7279
    7.5000   30.0000   30.000010951.2432   13.7176
   -7.5000   37.5000   30.000010706.1699   14.1404
    0.0000   37.5000   30.000011147.9707   14.1437
    7.5000   37.5000   30.000010618.8604   14.1322
   -7.5000   45.0000   30.0000 9987.4326   14.2477
    0.0000   45.0000   30.000010437.7471   14.2513
    7.5000   45.0000   30.0000 9895.7275   14.2426
   -7.5000  -45.0000   37.5000 9793.1943   13.8024
    0.0000  -45.0000   37.500010182.7266   13.8040
    7.5000  -45.0000   37.5000 9753.0771   13.7972
   -7.5000  -37.5000   37.500010404.2002   13.6488
    0.0000  -37.5000   37.500010832.2080   13.6468
    7.5000  -37.5000   37.500010372.3564   13.6411
   -7.5000  -30.0000   37.500011149.4180   13.5434
    0.0000  -30.0000   37.500011589.4639   13.5348
    7.5000  -30.0000   37.500011102.1104   13.5283
   -7.5000  -22.5000   37.500011845.9121   13.5127
    0.0000  -22.5000   37.500012338.1045   13.5023
    7.5000  -22.5000   37.500011810.5020   13.4929
   -7.5000  -15.0000   37.500012426.5391   13.5131
    0.0000  -15.0000   37.500012985.0781   13.5068
    7.5000  -15.0000   37.500012397.9629   13.4956
   -7.5000   -7.5000   37.500012942.5918   13.5288
    0.0000   -7.5000   37.500013516.9141   13.5289
    7.5000   -7.5000   37.500012898.9170   13.5196
   -7.5000    0.0000   37.500013333.0771   13.5418
    0.0000    0.0000   37.500013897.1260   13.5448
    7.5000    0.0000   37.500013277.8154   13.5381
   -7.5000    7.5000   37.500012677.5391   13.5392
    0.0000    7.5000   37.500013220.0508   13.5373
    7.5000    7.5000   37.500012636.5859   13.5318
   -7.5000   15.0000   37.500011929.2998   13.5302
    0.0000   15.0000   37.500012450.8369   13.5211
    7.5000   15.0000   37.500011887.5332   13.5146
   -7.5000   22.5000   37.500011232.6670   13.7587
    0.0000   22.5000   37.500011717.3945   13.7461
    7.5000   22.5000   37.500011141.4160   13.7373
   -7.5000   30.0000   37.500010551.5674   13.9421
    0.0000   30.0000   37.500010986.9482   13.9324
    7.5000   30.0000   37.500010471.9072   13.9199
   -7.5000   37.5000   37.500010237.6982   14.3663
    0.0000   37.5000   37.500010663.3398   14.3597
    7.5000   37.5000   37.500010152.8340   14.3461
   -7.5000   45.0000   37.5000 9569.5713   14.4825
    0.0000   45.0000   37.5000 9977.1035   14.4812
    7.5000   45.0000   37.5000 9501.1523   14.4728
   -7.5000  -45.0000   45.0000 8992.4795   14.1092
    0.0000  -45.0000   45.0000 9371.4365   14.1139
    7.5000  -45.0000   45.0000 8973.7500   14.1074
   -7.5000  -37.5000   45.0000 9564.4775   13.9479
    0.0000  -37.5000   45.0000 9958.5889   13.9511
    7.5000  -37.5000   45.0000 9529.8945   13.9465
   -7.5000  -30.0000   45.000010239.6406   13.8386
    0.0000  -30.0000   45.000010663.0928   13.8352
    7.5000  -30.0000   45.000010197.9688   13.8299
   -7.5000  -22.5000   45.000010875.1680   13.8079
    0.0000  -22.5000   45.000011337.8691   13.8011
    7.5000  -22.5000   45.000010856.3916   13.7922
   -7.5000  -15.0000   45.000011408.5410   13.8084
    0.0000  -15.0000   45.000011907.5801   13.8040
    7.5000  -15.0000   45.000011393.6982   13.7930
   -7.5000   -7.5000   45.000011865.6641   13.8228
    0.0000   -7.5000   45.000012371.7891   13.8246
    7.5000   -7.5000   45.000011828.8613   13.8153
   -7.5000    0.0000   45.000012226.2793   13.8349
    0.0000    0.0000   45.000012740.4082   13.8408
    7.5000    0.0000   45.000012182.5742   13.8346
   -7.5000    7.5000   45.000011614.6455   13.8327
    0.0000    7.5000   45.000012123.4756   13.8358
    7.5000    7.5000   45.000011591.9189   13.8313
   -7.5000   15.0000   45.000010920.9229   13.8249
    0.0000   15.0000   45.000011400.9678   13.8210
    7.5000   15.0000   45.000010892.1914   13.8156
   -7.5000   22.5000   45.000010284.6035   14.0624
    0.0000   22.5000   45.000010719.2998   14.0528
    7.5000   22.5000   45.000010209.6221   14.0439
   -7.5000   30.0000   45.0000 9664.8174   14.2462
    0.0000   30.0000   45.000010071.1836   14.2372
    7.5000   30.0000   45.0000 9584.4541   14.2242
   -7.5000   37.5000   45.0000 9392.4424   14.6723
    0.0000   37.5000   45.0000 9782.5586   14.6656
    7.5000   37.5000   45.0000 9300.0234   14.6512
   -7.5000   45.0000   45.0000 8773.3066   14.7922
    0.0000   45.0000   45.0000 9146.9619   14.7910
    7.5000   45.0000   45.0000 8685.4609   14.7828

---------------------------------------------------------------------
imgreg_4dfp /opt/freesurfer/average/711-2C_as_mni_average_305 /opt/freesurfer/average/711-2B_as_mni_average_305_mask talsrcimg_g11 none talsrcimg_to_711-2C_as_mni_average_305_t4 4355
---------------------------------------------------------------------

freesurfer imgreg_4dfp.c
/opt/freesurfer/average/711-2C_as_mni_average_305.4dfp.img
       256       256       256         1
  1.000000  1.000000  1.000000
orientation T byte_order littleendian
Reading image: /opt/freesurfer/average/711-2C_as_mni_average_305.4dfp.img
dimensions:      256       256       256
mmppix:       1.0000   -1.0000   -1.0000
center:     128.0000 -129.0000 -129.0000
/opt/freesurfer/average/711-2B_as_mni_average_305_mask.4dfp.img
       256       256       256         1
  1.000000  1.000000  1.000000
orientation T byte_order littleendian
Reading mask: /opt/freesurfer/average/711-2B_as_mni_average_305_mask.4dfp.img (2306576 pixels)
talsrcimg_g11.4dfp.img
       256       256       256         1
  1.000000  1.000000  1.000000
orientation T byte_order littleendian
Reading image: talsrcimg_g11.4dfp.img
dimensions:      256       256       256
mmppix:       1.0000   -1.0000   -1.0000
center:     128.0000 -129.0000 -129.0000
rotation matrix determinant  1.000000
image alignment mode   4355 decimal     1103 hex
   -7.5000  -45.0000  -45.0000 2286.8452   16.2040
    0.0000  -45.0000  -45.0000 2308.1392   16.0467
    7.5000  -45.0000  -45.0000 2302.3184   16.0354
   -7.5000  -37.5000  -45.0000 2299.5845   15.7772
    0.0000  -37.5000  -45.0000 2324.4673   15.6336
    7.5000  -37.5000  -45.0000 2319.8794   15.5832
   -7.5000  -30.0000  -45.0000 2325.1895   15.3749
    0.0000  -30.0000  -45.0000 2351.7017   15.2240
    7.5000  -30.0000  -45.0000 2341.4797   15.2132
   -7.5000  -22.5000  -45.0000 2356.0867   15.0283
    0.0000  -22.5000  -45.0000 2379.8047   14.9288
    7.5000  -22.5000  -45.0000 2363.8433   14.9462
   -7.5000  -15.0000  -45.0000 2380.8274   14.7857
    0.0000  -15.0000  -45.0000 2399.3674   14.6933
    7.5000  -15.0000  -45.0000 2383.5715   14.7263
   -7.5000   -7.5000  -45.0000 2392.3169   14.5603
    0.0000   -7.5000  -45.0000 2408.7947   14.4748
    7.5000   -7.5000  -45.0000 2391.2134   14.5761
   -7.5000    0.0000  -45.0000 2391.8103   14.4822
    0.0000    0.0000  -45.0000 2412.4082   14.3855
    7.5000    0.0000  -45.0000 2383.2300   14.5011
   -7.5000    7.5000  -45.0000 2387.1953   14.4512
    0.0000    7.5000  -45.0000 2404.3792   14.3559
    7.5000    7.5000  -45.0000 2380.0112   14.4690
   -7.5000   15.0000  -45.0000 2388.4045   14.5647
    0.0000   15.0000  -45.0000 2402.3833   14.4747
    7.5000   15.0000  -45.0000 2374.4546   14.5445
   -7.5000   22.5000  -45.0000 2374.8274   14.9301
    0.0000   22.5000  -45.0000 2390.2341   14.8264
    7.5000   22.5000  -45.0000 2358.5911   14.9487
   -7.5000   30.0000  -45.0000 2337.1406   15.5013
    0.0000   30.0000  -45.0000 2360.5105   15.4792
    7.5000   30.0000  -45.0000 2327.5703   15.6007
   -7.5000   37.5000  -45.0000 2286.3352   16.3984
    0.0000   37.5000  -45.0000 2303.8167   16.3811
    7.5000   37.5000  -45.0000 2272.3416   16.4913
   -7.5000   45.0000  -45.0000 2208.0439   17.5399
    0.0000   45.0000  -45.0000 2223.2385   17.4826
    7.5000   45.0000  -45.0000 2195.4602   17.6366
   -7.5000  -45.0000  -37.5000 2374.7410   14.9955
    0.0000  -45.0000  -37.5000 2395.4592   14.8539
    7.5000  -45.0000  -37.5000 2388.2427   14.8283
   -7.5000  -37.5000  -37.5000 2395.3740   14.5993
    0.0000  -37.5000  -37.5000 2428.1958   14.4416
    7.5000  -37.5000  -37.5000 2416.8447   14.4312
   -7.5000  -30.0000  -37.5000 2423.2446   14.2263
    0.0000  -30.0000  -37.5000 2455.0471   14.0868
    7.5000  -30.0000  -37.5000 2440.6577   14.1017
   -7.5000  -22.5000  -37.5000 2454.5925   13.9547
    0.0000  -22.5000  -37.5000 2481.0757   13.7955
    7.5000  -22.5000  -37.5000 2467.7524   13.8450
   -7.5000  -15.0000  -37.5000 2477.9136   13.6767
    0.0000  -15.0000  -37.5000 2500.3171   13.5756
    7.5000  -15.0000  -37.5000 2479.9141   13.6212
   -7.5000   -7.5000  -37.5000 2486.8369   13.5116
    0.0000   -7.5000  -37.5000 2501.6489   13.3796
    7.5000   -7.5000  -37.5000 2484.9155   13.4719
   -7.5000    0.0000  -37.5000 2489.4187   13.3933
    0.0000    0.0000  -37.5000 2506.7637   13.2767
    7.5000    0.0000  -37.5000 2484.8062   13.3884
   -7.5000    7.5000  -37.5000 2491.1267   13.3827
    0.0000    7.5000  -37.5000 2503.1887   13.2740
    7.5000    7.5000  -37.5000 2479.5601   13.4343
   -7.5000   15.0000  -37.5000 2488.6013   13.4972
    0.0000   15.0000  -37.5000 2498.9412   13.4007
    7.5000   15.0000  -37.5000 2474.5449   13.5477
   -7.5000   22.5000  -37.5000 2471.3411   13.8292
    0.0000   22.5000  -37.5000 2483.4844   13.7282
    7.5000   22.5000  -37.5000 2459.3909   13.9017
   -7.5000   30.0000  -37.5000 2433.9541   14.3791
    0.0000   30.0000  -37.5000 2451.8530   14.3230
    7.5000   30.0000  -37.5000 2422.5574   14.4756
   -7.5000   37.5000  -37.5000 2379.3616   15.1570
    0.0000   37.5000  -37.5000 2395.5291   15.1430
    7.5000   37.5000  -37.5000 2365.6619   15.2950
   -7.5000   45.0000  -37.5000 2299.5312   16.2436
    0.0000   45.0000  -37.5000 2315.4307   16.2267
    7.5000   45.0000  -37.5000 2284.3218   16.3738
   -7.5000  -45.0000  -30.0000 2506.8999   14.4443
    0.0000  -45.0000  -30.0000 2530.8113   14.3079
    7.5000  -45.0000  -30.0000 2524.5591   14.2968
   -7.5000  -37.5000  -30.0000 2532.1958   14.0633
    0.0000  -37.5000  -30.0000 2562.8384   13.8991
    7.5000  -37.5000  -30.0000 2553.0271   13.9286
   -7.5000  -30.0000  -30.0000 2559.7844   13.6959
    0.0000  -30.0000  -30.0000 2585.7625   13.5405
    7.5000  -30.0000  -30.0000 2576.5078   13.5984
   -7.5000  -22.5000  -30.0000 2584.6990   13.3376
    0.0000  -22.5000  -30.0000 2611.6731   13.1635
    7.5000  -22.5000  -30.0000 2599.7495   13.2693
   -7.5000  -15.0000  -30.0000 2603.2102   13.0636
    0.0000  -15.0000  -30.0000 2623.6414   12.9182
    7.5000  -15.0000  -30.0000 2610.3760   13.0240
   -7.5000   -7.5000  -30.0000 2613.9290   12.9156
    0.0000   -7.5000  -30.0000 2630.5271   12.7503
    7.5000   -7.5000  -30.0000 2619.0535   12.8712
   -7.5000    0.0000  -30.0000 2624.9875   12.8079
    0.0000    0.0000  -30.0000 2641.0085   12.6705
    7.5000    0.0000  -30.0000 2621.9299   12.8301
   -7.5000    7.5000  -30.0000 2637.0039   12.8067
    0.0000    7.5000  -30.0000 2652.5398   12.6952
    7.5000    7.5000  -30.0000 2624.5930   12.8721
   -7.5000   15.0000  -30.0000 2638.0449   12.9505
    0.0000   15.0000  -30.0000 2648.2183   12.8313
    7.5000   15.0000  -30.0000 2623.6233   13.0123
   -7.5000   22.5000  -30.0000 2619.1096   13.2608
    0.0000   22.5000  -30.0000 2634.1409   13.1566
    7.5000   22.5000  -30.0000 2606.3455   13.3521
   -7.5000   30.0000  -30.0000 2578.6274   13.8045
    0.0000   30.0000  -30.0000 2599.8164   13.7221
    7.5000   30.0000  -30.0000 2566.3093   13.8865
   -7.5000   37.5000  -30.0000 2524.7356   14.5580
    0.0000   37.5000  -30.0000 2541.1038   14.5079
    7.5000   37.5000  -30.0000 2506.4299   14.6887
   -7.5000   45.0000  -30.0000 2437.0112   15.6381
    0.0000   45.0000  -30.0000 2448.1777   15.5559
    7.5000   45.0000  -30.0000 2415.8091   15.7035
   -7.5000  -45.0000  -22.5000 2593.9551   13.8905
    0.0000  -45.0000  -22.5000 2626.9575   13.7457
    7.5000  -45.0000  -22.5000 2621.2646   13.7328
   -7.5000  -37.5000  -22.5000 2622.2832   13.4850
    0.0000  -37.5000  -22.5000 2656.8027   13.3129
    7.5000  -37.5000  -22.5000 2648.3918   13.3498
   -7.5000  -30.0000  -22.5000 2648.5366   13.0942
    0.0000  -30.0000  -22.5000 2681.0898   12.9091
    7.5000  -30.0000  -22.5000 2669.6140   12.9848
   -7.5000  -22.5000  -22.5000 2673.7419   12.7004
    0.0000  -22.5000  -22.5000 2700.4814   12.5171
    7.5000  -22.5000  -22.5000 2689.9451   12.6335
   -7.5000  -15.0000  -22.5000 2698.6304   12.4011
    0.0000  -15.0000  -22.5000 2724.5969   12.2247
    7.5000  -15.0000  -22.5000 2709.8396   12.3514
   -7.5000   -7.5000  -22.5000 2712.4143   12.2242
    0.0000   -7.5000  -22.5000 2734.5981   12.0600
    7.5000   -7.5000  -22.5000 2724.5740   12.1895
   -7.5000    0.0000  -22.5000 2730.5347   12.1647
    0.0000    0.0000  -22.5000 2751.9666   11.9805
    7.5000    0.0000  -22.5000 2734.5203   12.1557
   -7.5000    7.5000  -22.5000 2753.8340   12.1729
    0.0000    7.5000  -22.5000 2775.9316   12.0216
    7.5000    7.5000  -22.5000 2742.7751   12.1801
   -7.5000   15.0000  -22.5000 2760.1790   12.3135
    0.0000   15.0000  -22.5000 2778.2695   12.1646
    7.5000   15.0000  -22.5000 2744.5901   12.3415
   -7.5000   22.5000  -22.5000 2744.4258   12.6246
    0.0000   22.5000  -22.5000 2764.4995   12.4849
    7.5000   22.5000  -22.5000 2732.4270   12.6739
   -7.5000   30.0000  -22.5000 2705.2725   13.1404
    0.0000   30.0000  -22.5000 2727.1680   13.0353
    7.5000   30.0000  -22.5000 2690.4819   13.2068
   -7.5000   37.5000  -22.5000 2642.8208   13.8941
    0.0000   37.5000  -22.5000 2658.2573   13.7919
    7.5000   37.5000  -22.5000 2624.1643   13.9775
   -7.5000   45.0000  -22.5000 2545.9856   14.9481
    0.0000   45.0000  -22.5000 2558.2622   14.8253
    7.5000   45.0000  -22.5000 2530.5239   14.9846
   -7.5000  -45.0000  -15.0000 2643.3142   13.4454
    0.0000  -45.0000  -15.0000 2674.3032   13.2657
    7.5000  -45.0000  -15.0000 2672.3000   13.3013
   -7.5000  -37.5000  -15.0000 2669.7104   13.0284
    0.0000  -37.5000  -15.0000 2704.1201   12.8272
    7.5000  -37.5000  -15.0000 2696.0608   12.8604
   -7.5000  -30.0000  -15.0000 2693.8101   12.5764
    0.0000  -30.0000  -15.0000 2727.9224   12.3709
    7.5000  -30.0000  -15.0000 2719.4905   12.4375
   -7.5000  -22.5000  -15.0000 2719.2864   12.1620
    0.0000  -22.5000  -15.0000 2751.6804   11.9811
    7.5000  -22.5000  -15.0000 2742.6521   12.0322
   -7.5000  -15.0000  -15.0000 2756.6948   11.8430
    0.0000  -15.0000  -15.0000 2781.9702   11.6762
    7.5000  -15.0000  -15.0000 2768.1169   11.7575
   -7.5000   -7.5000  -15.0000 2782.7163   11.6612
    0.0000   -7.5000  -15.0000 2806.8667   11.4812
    7.5000   -7.5000  -15.0000 2794.9390   11.6183
   -7.5000    0.0000  -15.0000 2802.8010   11.5615
    0.0000    0.0000  -15.0000 2829.3311   11.3787
    7.5000    0.0000  -15.0000 2806.4348   11.5734
   -7.5000    7.5000  -15.0000 2834.7922   11.6104
    0.0000    7.5000  -15.0000 2858.3306   11.4086
    7.5000    7.5000  -15.0000 2820.2288   11.6051
   -7.5000   15.0000  -15.0000 2846.4167   11.7398
    0.0000   15.0000  -15.0000 2866.3792   11.5405
    7.5000   15.0000  -15.0000 2825.9614   11.7350
   -7.5000   22.5000  -15.0000 2833.0786   12.0245
    0.0000   22.5000  -15.0000 2854.2039   11.8570
    7.5000   22.5000  -15.0000 2818.9993   12.0541
   -7.5000   30.0000  -15.0000 2787.1233   12.5175
    0.0000   30.0000  -15.0000 2811.4119   12.3993
    7.5000   30.0000  -15.0000 2776.7969   12.6061
   -7.5000   37.5000  -15.0000 2717.3647   13.2703
    0.0000   37.5000  -15.0000 2734.0591   13.1585
    7.5000   37.5000  -15.0000 2704.2192   13.3703
   -7.5000   45.0000  -15.0000 2612.8181   14.2812
    0.0000   45.0000  -15.0000 2630.5981   14.1695
    7.5000   45.0000  -15.0000 2600.6123   14.3616
   -7.5000  -45.0000   -7.5000 2664.4622   13.1503
    0.0000  -45.0000   -7.5000 2696.7703   12.9025
    7.5000  -45.0000   -7.5000 2691.1946   12.9369
   -7.5000  -37.5000   -7.5000 2686.4321   12.6907
    0.0000  -37.5000   -7.5000 2722.8145   12.4634
    7.5000  -37.5000   -7.5000 2716.8782   12.4981
   -7.5000  -30.0000   -7.5000 2708.8042   12.2230
    0.0000  -30.0000   -7.5000 2739.5754   11.9907
    7.5000  -30.0000   -7.5000 2739.8005   12.0473
   -7.5000  -22.5000   -7.5000 2741.9185   11.7685
    0.0000  -22.5000   -7.5000 2767.9197   11.5715
    7.5000  -22.5000   -7.5000 2762.9998   11.6214
   -7.5000  -15.0000   -7.5000 2780.4944   11.4368
    0.0000  -15.0000   -7.5000 2799.3167   11.2488
    7.5000  -15.0000   -7.5000 2789.5413   11.3265
   -7.5000   -7.5000   -7.5000 2820.3738   11.2662
    0.0000   -7.5000   -7.5000 2840.1418   11.0777
    7.5000   -7.5000   -7.5000 2829.7649   11.1712
   -7.5000    0.0000   -7.5000 2857.0107   11.1819
    0.0000    0.0000   -7.5000 2879.1895   11.0133
    7.5000    0.0000   -7.5000 2859.2192   11.1571
   -7.5000    7.5000   -7.5000 2895.0120   11.2319
    0.0000    7.5000   -7.5000 2916.7017   11.0367
    7.5000    7.5000   -7.5000 2877.7954   11.2200
   -7.5000   15.0000   -7.5000 2912.0884   11.3051
    0.0000   15.0000   -7.5000 2931.0232   11.1130
    7.5000   15.0000   -7.5000 2887.1152   11.3180
   -7.5000   22.5000   -7.5000 2894.4243   11.5523
    0.0000   22.5000   -7.5000 2915.3726   11.3768
    7.5000   22.5000   -7.5000 2876.4060   11.5826
   -7.5000   30.0000   -7.5000 2843.8745   12.0266
    0.0000   30.0000   -7.5000 2863.2478   11.9017
    7.5000   30.0000   -7.5000 2827.3335   12.1169
   -7.5000   37.5000   -7.5000 2765.2449   12.7658
    0.0000   37.5000   -7.5000 2781.8860   12.6423
    7.5000   37.5000   -7.5000 2750.2634   12.8575
   -7.5000   45.0000   -7.5000 2659.7139   13.7731
    0.0000   45.0000   -7.5000 2674.0806   13.6519
    7.5000   45.0000   -7.5000 2641.6392   13.8533
   -7.5000  -45.0000    0.0000 2663.4385   12.9792
    0.0000  -45.0000    0.0000 2689.7593   12.7135
    7.5000  -45.0000    0.0000 2689.3342   12.6935
   -7.5000  -37.5000    0.0000 2680.3926   12.4853
    0.0000  -37.5000    0.0000 2711.4521   12.2620
    7.5000  -37.5000    0.0000 2712.7356   12.2738
   -7.5000  -30.0000    0.0000 2706.0449   12.0020
    0.0000  -30.0000    0.0000 2731.6897   11.7732
    7.5000  -30.0000    0.0000 2732.3586   11.8149
   -7.5000  -22.5000    0.0000 2742.8633   11.5623
    0.0000  -22.5000    0.0000 2768.0432   11.3419
    7.5000  -22.5000    0.0000 2758.6760   11.4049
   -7.5000  -15.0000    0.0000 2784.6426   11.2217
    0.0000  -15.0000    0.0000 2799.9888   11.0315
    7.5000  -15.0000    0.0000 2787.0308   11.0974
   -7.5000   -7.5000    0.0000 2834.8064   11.0260
    0.0000   -7.5000    0.0000 2850.8835   10.8804
    7.5000   -7.5000    0.0000 2832.9543   10.9553
   -7.5000    0.0000    0.0000 2890.2629   11.0053
    0.0000    0.0000    0.0000 2910.0820   10.9049
    7.5000    0.0000    0.0000 2888.1687   10.9495
   -7.5000    7.5000    0.0000 2941.0308   11.1103
    0.0000    7.5000    0.0000 2979.5908   11.0141
    7.5000    7.5000    0.0000 2923.7798   11.0633
   -7.5000   15.0000    0.0000 2964.5854   11.1550
    0.0000   15.0000    0.0000 2998.7275   11.0207
    7.5000   15.0000    0.0000 2930.9058   11.1888
   -7.5000   22.5000    0.0000 2937.9399   11.3198
    0.0000   22.5000    0.0000 2962.1907   11.2251
    7.5000   22.5000    0.0000 2905.8962   11.3707
   -7.5000   30.0000    0.0000 2871.1470   11.7234
    0.0000   30.0000    0.0000 2891.5955   11.6536
    7.5000   30.0000    0.0000 2849.5012   11.7879
   -7.5000   37.5000    0.0000 2788.9341   12.4372
    0.0000   37.5000    0.0000 2808.9666   12.3607
    7.5000   37.5000    0.0000 2773.7327   12.5047
   -7.5000   45.0000    0.0000 2678.2258   13.4599
    0.0000   45.0000    0.0000 2697.8677   13.3745
    7.5000   45.0000    0.0000 2661.1577   13.5061
   -7.5000  -45.0000    7.5000 2649.0916   13.0715
    0.0000  -45.0000    7.5000 2678.4163   12.7364
    7.5000  -45.0000    7.5000 2674.3438   12.7293
   -7.5000  -37.5000    7.5000 2675.4136   12.5361
    0.0000  -37.5000    7.5000 2694.1865   12.2362
    7.5000  -37.5000    7.5000 2691.8884   12.2570
   -7.5000  -30.0000    7.5000 2701.5303   12.0105
    0.0000  -30.0000    7.5000 2711.5742   11.7363
    7.5000  -30.0000    7.5000 2715.8164   11.8290
   -7.5000  -22.5000    7.5000 2736.2119   11.5714
    0.0000  -22.5000    7.5000 2750.5261   11.3269
    7.5000  -22.5000    7.5000 2745.6538   11.4272
   -7.5000  -15.0000    7.5000 2778.3477   11.2156
    0.0000  -15.0000    7.5000 2794.8152   11.0477
    7.5000  -15.0000    7.5000 2780.7021   11.1390
   -7.5000   -7.5000    7.5000 2835.6748   11.0156
    0.0000   -7.5000    7.5000 2853.7090   10.9350
    7.5000   -7.5000    7.5000 2826.9111   10.9825
   -7.5000    0.0000    7.5000 2900.4141   10.9797
    0.0000    0.0000    7.5000 2928.9910   10.9802
    7.5000    0.0000    7.5000 2888.0581   10.9642
   -7.5000    7.5000    7.5000 2962.3147   11.0797
    0.0000    7.5000    7.5000 3016.8584   11.1220
    7.5000    7.5000    7.5000 2942.5557   11.0551
   -7.5000   15.0000    7.5000 2990.3394   11.1540
    0.0000   15.0000    7.5000 3046.9778   11.1319
    7.5000   15.0000    7.5000 2953.8645   11.1901
   -7.5000   22.5000    7.5000 2950.7949   11.3259
    0.0000   22.5000    7.5000 2989.9861   11.2772
    7.5000   22.5000    7.5000 2918.0925   11.3803
   -7.5000   30.0000    7.5000 2877.4304   11.6979
    0.0000   30.0000    7.5000 2903.0151   11.6256
    7.5000   30.0000    7.5000 2856.6052   11.7544
   -7.5000   37.5000    7.5000 2786.9609   12.3490
    0.0000   37.5000    7.5000 2804.6074   12.2706
    7.5000   37.5000    7.5000 2774.3257   12.4020
   -7.5000   45.0000    7.5000 2677.2283   13.3716
    0.0000   45.0000    7.5000 2689.2644   13.2475
    7.5000   45.0000    7.5000 2659.8901   13.3804
   -7.5000  -45.0000   15.0000 2616.2405   13.3347
    0.0000  -45.0000   15.0000 2646.0503   13.0365
    7.5000  -45.0000   15.0000 2637.1707   13.0059
   -7.5000  -37.5000   15.0000 2647.8113   12.7376
    0.0000  -37.5000   15.0000 2668.3091   12.4975
    7.5000  -37.5000   15.0000 2663.8259   12.5362
   -7.5000  -30.0000   15.0000 2676.3921   12.2126
    0.0000  -30.0000   15.0000 2693.1003   12.0182
    7.5000  -30.0000   15.0000 2689.1130   12.0772
   -7.5000  -22.5000   15.0000 2713.9856   11.7381
    0.0000  -22.5000   15.0000 2732.0864   11.6049
    7.5000  -22.5000   15.0000 2719.0620   11.6848
   -7.5000  -15.0000   15.0000 2763.3081   11.3702
    0.0000  -15.0000   15.0000 2778.4663   11.2695
    7.5000  -15.0000   15.0000 2757.7764   11.3631
   -7.5000   -7.5000   15.0000 2823.1799   11.1814
    0.0000   -7.5000   15.0000 2836.7214   11.0763
    7.5000   -7.5000   15.0000 2809.2163   11.1636
   -7.5000    0.0000   15.0000 2888.0996   11.1191
    0.0000    0.0000   15.0000 2911.8035   11.0507
    7.5000    0.0000   15.0000 2872.2197   11.1032
   -7.5000    7.5000   15.0000 2950.5471   11.1524
    0.0000    7.5000   15.0000 2992.8992   11.0462
    7.5000    7.5000   15.0000 2928.7461   11.1410
   -7.5000   15.0000   15.0000 2973.5110   11.2308
    0.0000   15.0000   15.0000 3017.1394   11.0782
    7.5000   15.0000   15.0000 2941.3318   11.2653
   -7.5000   22.5000   15.0000 2939.7341   11.4840
    0.0000   22.5000   15.0000 2974.1179   11.3828
    7.5000   22.5000   15.0000 2907.3977   11.5234
   -7.5000   30.0000   15.0000 2854.8936   11.9482
    0.0000   30.0000   15.0000 2883.1506   11.8553
    7.5000   30.0000   15.0000 2838.2305   11.9829
   -7.5000   37.5000   15.0000 2758.1228   12.6378
    0.0000   37.5000   15.0000 2775.0293   12.5468
    7.5000   37.5000   15.0000 2748.2271   12.6744
   -7.5000   45.0000   15.0000 2649.8506   13.6165
    0.0000   45.0000   15.0000 2658.8831   13.4791
    7.5000   45.0000   15.0000 2634.3608   13.5975
   -7.5000  -45.0000   22.5000 2573.7620   13.7492
    0.0000  -45.0000   22.5000 2601.6433   13.5139
    7.5000  -45.0000   22.5000 2588.8711   13.4971
   -7.5000  -37.5000   22.5000 2609.9407   13.0887
    0.0000  -37.5000   22.5000 2633.8701   12.8893
    7.5000  -37.5000   22.5000 2621.8748   12.9606
   -7.5000  -30.0000   22.5000 2645.4082   12.5475
    0.0000  -30.0000   22.5000 2668.6863   12.3360
    7.5000  -30.0000   22.5000 2654.8191   12.4501
   -7.5000  -22.5000   22.5000 2687.9641   12.0831
    0.0000  -22.5000   22.5000 2706.6829   11.8854
    7.5000  -22.5000   22.5000 2688.5281   12.0342
   -7.5000  -15.0000   22.5000 2741.2522   11.7070
    0.0000  -15.0000   22.5000 2756.3894   11.5380
    7.5000  -15.0000   22.5000 2734.0754   11.7027
   -7.5000   -7.5000   22.5000 2801.3735   11.5131
    0.0000   -7.5000   22.5000 2814.3982   11.3680
    7.5000   -7.5000   22.5000 2785.2651   11.5118
   -7.5000    0.0000   22.5000 2859.3396   11.4300
    0.0000    0.0000   22.5000 2876.4170   11.3035
    7.5000    0.0000   22.5000 2837.7551   11.4311
   -7.5000    7.5000   22.5000 2906.8726   11.4007
    0.0000    7.5000   22.5000 2932.0603   11.2099
    7.5000    7.5000   22.5000 2884.3123   11.4234
   -7.5000   15.0000   22.5000 2925.8774   11.5064
    0.0000   15.0000   22.5000 2953.4099   11.3255
    7.5000   15.0000   22.5000 2899.2505   11.5493
   -7.5000   22.5000   22.5000 2898.3398   11.8239
    0.0000   22.5000   22.5000 2926.8486   11.7039
    7.5000   22.5000   22.5000 2870.6758   11.8674
   -7.5000   30.0000   22.5000 2812.5647   12.3636
    0.0000   30.0000   22.5000 2837.5679   12.2423
    7.5000   30.0000   22.5000 2800.4111   12.4175
   -7.5000   37.5000   22.5000 2717.4714   13.0689
    0.0000   37.5000   22.5000 2735.2712   12.9474
    7.5000   37.5000   22.5000 2706.5239   13.1066
   -7.5000   45.0000   22.5000 2606.6924   14.0527
    0.0000   45.0000   22.5000 2622.6562   13.9370
    7.5000   45.0000   22.5000 2594.0950   14.0698
   -7.5000  -45.0000   30.0000 2519.1267   14.2870
    0.0000  -45.0000   30.0000 2543.8379   13.9837
    7.5000  -45.0000   30.0000 2532.1414   14.0185
   -7.5000  -37.5000   30.0000 2560.0288   13.6031
    0.0000  -37.5000   30.0000 2583.8594   13.3091
    7.5000  -37.5000   30.0000 2571.4619   13.4341
   -7.5000  -30.0000   30.0000 2605.6113   13.0436
    0.0000  -30.0000   30.0000 2624.3984   12.7332
    7.5000  -30.0000   30.0000 2607.5457   12.9256
   -7.5000  -22.5000   30.0000 2652.2156   12.5662
    0.0000  -22.5000   30.0000 2673.2683   12.2958
    7.5000  -22.5000   30.0000 2650.7859   12.4980
   -7.5000  -15.0000   30.0000 2697.6384   12.2124
    0.0000  -15.0000   30.0000 2721.8911   11.9765
    7.5000  -15.0000   30.0000 2694.4668   12.1782
   -7.5000   -7.5000   30.0000 2756.9558   11.9969
    0.0000   -7.5000   30.0000 2777.7017   11.8010
    7.5000   -7.5000   30.0000 2745.1753   11.9890
   -7.5000    0.0000   30.0000 2805.4968   11.8829
    0.0000    0.0000   30.0000 2822.7695   11.6320
    7.5000    0.0000   30.0000 2790.7781   11.8892
   -7.5000    7.5000   30.0000 2842.4436   11.8643
    0.0000    7.5000   30.0000 2862.3416   11.6295
    7.5000    7.5000   30.0000 2822.0981   11.8864
   -7.5000   15.0000   30.0000 2850.7625   11.9935
    0.0000   15.0000   30.0000 2869.7456   11.8132
    7.5000   15.0000   30.0000 2830.6494   12.0359
   -7.5000   22.5000   30.0000 2827.4875   12.3485
    0.0000   22.5000   30.0000 2850.4946   12.1934
    7.5000   22.5000   30.0000 2800.9385   12.3821
   -7.5000   30.0000   30.0000 2747.5430   12.9180
    0.0000   30.0000   30.0000 2768.1560   12.7737
    7.5000   30.0000   30.0000 2736.0034   12.9489
   -7.5000   37.5000   30.0000 2655.7673   13.6775
    0.0000   37.5000   30.0000 2674.7832   13.5497
    7.5000   37.5000   30.0000 2645.7122   13.7088
   -7.5000   45.0000   30.0000 2546.3755   14.6467
    0.0000   45.0000   30.0000 2569.2429   14.5154
    7.5000   45.0000   30.0000 2539.1970   14.6720
   -7.5000  -45.0000   37.5000 2458.3062   14.9544
    0.0000  -45.0000   37.5000 2479.6240   14.5469
    7.5000  -45.0000   37.5000 2470.8076   14.6514
   -7.5000  -37.5000   37.5000 2506.5593   14.2562
    0.0000  -37.5000   37.5000 2525.9651   13.8679
    7.5000  -37.5000   37.5000 2511.9812   14.0399
   -7.5000  -30.0000   37.5000 2552.6685   13.6549
    0.0000  -30.0000   37.5000 2572.6328   13.3188
    7.5000  -30.0000   37.5000 2551.4424   13.5187
   -7.5000  -22.5000   37.5000 2599.1472   13.2031
    0.0000  -22.5000   37.5000 2625.3301   12.8690
    7.5000  -22.5000   37.5000 2601.6450   13.1125
   -7.5000  -15.0000   37.5000 2641.1030   12.8593
    0.0000  -15.0000   37.5000 2667.6116   12.5869
    7.5000  -15.0000   37.5000 2640.1296   12.7848
   -7.5000   -7.5000   37.5000 2692.0979   12.6263
    0.0000   -7.5000   37.5000 2719.3733   12.3629
    7.5000   -7.5000   37.5000 2686.7273   12.5893
   -7.5000    0.0000   37.5000 2735.3408   12.5165
    0.0000    0.0000   37.5000 2763.8328   12.2551
    7.5000    0.0000   37.5000 2725.5061   12.5131
   -7.5000    7.5000   37.5000 2767.0825   12.5019
    0.0000    7.5000   37.5000 2787.6567   12.3050
    7.5000    7.5000   37.5000 2753.1396   12.5378
   -7.5000   15.0000   37.5000 2766.0457   12.6825
    0.0000   15.0000   37.5000 2787.6416   12.4773
    7.5000   15.0000   37.5000 2753.9333   12.7120
   -7.5000   22.5000   37.5000 2732.7935   13.0562
    0.0000   22.5000   37.5000 2758.1946   12.8647
    7.5000   22.5000   37.5000 2716.0950   13.0515
   -7.5000   30.0000   37.5000 2665.3625   13.5913
    0.0000   30.0000   37.5000 2685.8125   13.4287
    7.5000   30.0000   37.5000 2659.0361   13.6042
   -7.5000   37.5000   37.5000 2576.0994   14.3756
    0.0000   37.5000   37.5000 2596.6750   14.2246
    7.5000   37.5000   37.5000 2566.4475   14.4327
   -7.5000   45.0000   37.5000 2475.4407   15.3442
    0.0000   45.0000   37.5000 2496.3596   15.2314
    7.5000   45.0000   37.5000 2469.8792   15.4156
   -7.5000  -45.0000   45.0000 2385.2668   15.7923
    0.0000  -45.0000   45.0000 2411.9465   15.3414
    7.5000  -45.0000   45.0000 2400.3420   15.4256
   -7.5000  -37.5000   45.0000 2440.7949   15.0786
    0.0000  -37.5000   45.0000 2467.0457   14.6544
    7.5000  -37.5000   45.0000 2446.3853   14.7990
   -7.5000  -30.0000   45.0000 2489.8789   14.4830
    0.0000  -30.0000   45.0000 2517.8943   14.1266
    7.5000  -30.0000   45.0000 2489.5430   14.2916
   -7.5000  -22.5000   45.0000 2535.4263   13.9971
    0.0000  -22.5000   45.0000 2563.9016   13.6877
    7.5000  -22.5000   45.0000 2539.9971   13.8683
   -7.5000  -15.0000   45.0000 2572.3408   13.6576
    0.0000  -15.0000   45.0000 2595.6895   13.3739
    7.5000  -15.0000   45.0000 2573.5217   13.5547
   -7.5000   -7.5000   45.0000 2615.2905   13.3941
    0.0000   -7.5000   45.0000 2638.7515   13.1290
    7.5000   -7.5000   45.0000 2612.8708   13.3482
   -7.5000    0.0000   45.0000 2655.8848   13.2937
    0.0000    0.0000   45.0000 2683.2104   13.0703
    7.5000    0.0000   45.0000 2649.0176   13.3021
   -7.5000    7.5000   45.0000 2677.0337   13.3302
    0.0000    7.5000   45.0000 2699.4192   13.1570
    7.5000    7.5000   45.0000 2668.0100   13.3849
   -7.5000   15.0000   45.0000 2671.2302   13.5478
    0.0000   15.0000   45.0000 2688.2644   13.3787
    7.5000   15.0000   45.0000 2659.9326   13.5819
   -7.5000   22.5000   45.0000 2636.9822   13.8907
    0.0000   22.5000   45.0000 2658.4302   13.7163
    7.5000   22.5000   45.0000 2626.0146   13.9012
   -7.5000   30.0000   45.0000 2576.1182   14.3983
    0.0000   30.0000   45.0000 2599.2322   14.2388
    7.5000   30.0000   45.0000 2567.2644   14.4578
   -7.5000   37.5000   45.0000 2495.5667   15.1780
    0.0000   37.5000   45.0000 2513.6758   15.0488
    7.5000   37.5000   45.0000 2483.9199   15.2638
   -7.5000   45.0000   45.0000 2395.3704   16.1824
    0.0000   45.0000   45.0000 2411.4719   16.0972
    7.5000   45.0000   45.0000 2386.0867   16.2660

---------------------------------------------------------------------
imgreg_4dfp /opt/freesurfer/average/711-2C_as_mni_average_305 /opt/freesurfer/average/711-2B_as_mni_average_305_mask talsrcimg_g11 none talsrcimg_to_711-2C_as_mni_average_305_t4 1283
---------------------------------------------------------------------

freesurfer imgreg_4dfp.c
/opt/freesurfer/average/711-2C_as_mni_average_305.4dfp.img
       256       256       256         1
  1.000000  1.000000  1.000000
orientation T byte_order littleendian
Reading image: /opt/freesurfer/average/711-2C_as_mni_average_305.4dfp.img
dimensions:      256       256       256
mmppix:       1.0000   -1.0000   -1.0000
center:     128.0000 -129.0000 -129.0000
/opt/freesurfer/average/711-2B_as_mni_average_305_mask.4dfp.img
       256       256       256         1
  1.000000  1.000000  1.000000
orientation T byte_order littleendian
Reading mask: /opt/freesurfer/average/711-2B_as_mni_average_305_mask.4dfp.img (2306576 pixels)
talsrcimg_g11.4dfp.img
       256       256       256         1
  1.000000  1.000000  1.000000
orientation T byte_order littleendian
Reading image: talsrcimg_g11.4dfp.img
dimensions:      256       256       256
mmppix:       1.0000   -1.0000   -1.0000
center:     128.0000 -129.0000 -129.0000
rotation matrix determinant  1.000000
fimgreg.f
image alignment mode   1283 decimal      503 hex
parameters
    0.0000   15.0000    7.5000    0.0000    0.0000    0.0000
eta,q 0.95627 11.18909
niter,ni,del,rscale     5    3   12.0000    1.2000
parameter  4  1.771520 ->  0.500000 qaram    1.1500
parameters
   -0.9878   13.1045    7.3791   -3.4500    1.9652    2.1216
eta,q 0.96235 11.04411
  0.0569  0.0463  0.0519  0.0403  0.0550  0.0500
  0.0494  0.0438  0.0463  0.0394  0.0490  0.0450
  0.0449  0.0446  0.0442  0.0411  0.0434  0.0409
  0.0447  0.0442  0.0444  0.0444  0.0396  0.0386
  0.0486  0.0454  0.0455  0.0462  0.0386  0.0377
  0.0570  0.0494  0.0477  0.0474  0.0402  0.0382
  0.0694  0.0566  0.0514  0.0505  0.0434  0.0406
niter,ni,del,rscale     5    3   12.0000    1.2000
parameters
   -1.1810   14.2808    6.8872   -3.9257    1.9804    2.1705
eta,q 0.96419 10.99853
  0.0576  0.0565  0.0452  0.0461  0.0462  0.0442
  0.0476  0.0484  0.0390  0.0400  0.0407  0.0397
  0.0403  0.0416  0.0364  0.0355  0.0365  0.0371
  0.0376  0.0376  0.0367  0.0364  0.0358  0.0358
  0.0416  0.0369  0.0388  0.0400  0.0369  0.0367
  0.0499  0.0405  0.0423  0.0433  0.0405  0.0394
  0.0597  0.0465  0.0470  0.0465  0.0461  0.0440
niter,ni,del,rscale     4    3   12.0000    1.2000
parameters
   -1.2108   14.4454    6.8387   -3.9950    1.9850    2.1910
eta,q 0.96430 10.99596
  0.0576  0.0522  0.0465  0.0473  0.0460  0.0441
  0.0467  0.0443  0.0399  0.0411  0.0406  0.0396
  0.0391  0.0383  0.0364  0.0361  0.0364  0.0370
  0.0358  0.0358  0.0358  0.0358  0.0357  0.0357
  0.0391  0.0380  0.0378  0.0392  0.0368  0.0367
  0.0475  0.0438  0.0413  0.0426  0.0404  0.0395
  0.0577  0.0500  0.0456  0.0458  0.0460  0.0441
niter,ni,del,rscale     3    3   12.0000    1.2000
parameters
   -1.2164   14.4846    6.8277   -4.0121    1.9832    2.1958
eta,q 0.96432 10.99537
  0.0577  0.0516  0.0466  0.0474  0.0460  0.0440
  0.0467  0.0437  0.0399  0.0412  0.0406  0.0396
  0.0390  0.0378  0.0364  0.0362  0.0364  0.0370
  0.0357  0.0357  0.0357  0.0357  0.0357  0.0357
  0.0388  0.0383  0.0377  0.0391  0.0368  0.0367
  0.0473  0.0444  0.0411  0.0426  0.0404  0.0395
  0.0576  0.0504  0.0455  0.0457  0.0460  0.0442
registration optimization eta report
parameter search radius
    6.0000    6.0000    6.0000    6.9000    6.0000    6.0000
100000*second partial in parameter space
       59.       41.       28.       22.       29.       23.
  0.0577  0.0516  0.0466  0.0474  0.0460  0.0440
  0.0467  0.0437  0.0399  0.0412  0.0406  0.0396
  0.0390  0.0378  0.0364  0.0362  0.0364  0.0370
  0.0357  0.0357  0.0357  0.0357  0.0357  0.0357
  0.0388  0.0383  0.0377  0.0391  0.0368  0.0367
  0.0473  0.0444  0.0411  0.0426  0.0404  0.0395
  0.0576  0.0504  0.0455  0.0457  0.0460  0.0442
   -1.2164   14.4846    6.8277   -4.0121    1.9832    2.1958
eta,q 0.96432 10.99537

---------------------------------------------------------------------
imgreg_4dfp /opt/freesurfer/average/711-2C_as_mni_average_305 /opt/freesurfer/average/711-2B_as_mni_average_305_mask talsrcimg_g11 none talsrcimg_to_711-2C_as_mni_average_305_t4 3335
---------------------------------------------------------------------

freesurfer imgreg_4dfp.c
/opt/freesurfer/average/711-2C_as_mni_average_305.4dfp.img
       256       256       256         1
  1.000000  1.000000  1.000000
orientation T byte_order littleendian
Reading image: /opt/freesurfer/average/711-2C_as_mni_average_305.4dfp.img
dimensions:      256       256       256
mmppix:       1.0000   -1.0000   -1.0000
center:     128.0000 -129.0000 -129.0000
/opt/freesurfer/average/711-2B_as_mni_average_305_mask.4dfp.img
       256       256       256         1
  1.000000  1.000000  1.000000
orientation T byte_order littleendian
Reading mask: /opt/freesurfer/average/711-2B_as_mni_average_305_mask.4dfp.img (2306576 pixels)
talsrcimg_g11.4dfp.img
       256       256       256         1
  1.000000  1.000000  1.000000
orientation T byte_order littleendian
Reading image: talsrcimg_g11.4dfp.img
dimensions:      256       256       256
mmppix:       1.0000   -1.0000   -1.0000
center:     128.0000 -129.0000 -129.0000
fimgreg.f
image alignment mode   3335 decimal      D07 hex
parameters
   -1.2164   14.4846    6.8277   -0.1333   -0.3090   -0.3048
   -3.5802   -3.7177    3.8292    6.8593    3.4606   -6.9925
eta,q 0.96365 11.17734
niter,ni,del,rscale     5    3    5.0000    1.2000
parameter  4  0.990497 ->  0.500000 qaram    1.1500
parameter  5  1.099382 ->  0.500000 qaram    1.1500
parameter 12  0.994581 ->  0.500000 qaram    1.1500
parameters
   -1.2808   14.7261    6.9368   -4.2733   -4.4490   -2.3843
   -3.5457   -3.1510    4.2038    4.2250    3.1496  -11.1325
eta,q 0.97088 10.99143
  0.0403  0.0393  0.0386  0.0329  0.0307  0.0321  0.0346  0.0367  0.0335  0.0317  0.0312  0.0290
  0.0380  0.0378  0.0374  0.0331  0.0307  0.0312  0.0326  0.0336  0.0321  0.0307  0.0307  0.0290
  0.0367  0.0368  0.0366  0.0341  0.0315  0.0308  0.0312  0.0316  0.0311  0.0303  0.0304  0.0295
  0.0363  0.0363  0.0363  0.0363  0.0332  0.0308  0.0308  0.0308  0.0308  0.0308  0.0303  0.0303
  0.0369  0.0365  0.0365  0.0394  0.0356  0.0316  0.0313  0.0311  0.0310  0.0320  0.0304  0.0314
  0.0384  0.0371  0.0372  0.0432  0.0382  0.0336  0.0325  0.0325  0.0317  0.0340  0.0308  0.0327
  0.0407  0.0383  0.0382  0.0472  0.0406  0.0370  0.0345  0.0351  0.0330  0.0367  0.0313  0.0342
niter,ni,del,rscale     7    3    5.0000    1.2000
parameters
   -1.2047   15.2021    7.3533   -7.5491   -7.1572   -1.7053
   -3.3239   -3.2335    4.1982    4.5528    3.0430  -14.0111
eta,q 0.97180 10.81308
  0.0338  0.0337  0.0316  0.0297  0.0300  0.0313  0.0322  0.0331  0.0309  0.0316  0.0294  0.0292
  0.0313  0.0315  0.0303  0.0289  0.0290  0.0300  0.0303  0.0305  0.0296  0.0299  0.0289  0.0284
  0.0297  0.0300  0.0295  0.0287  0.0285  0.0289  0.0290  0.0290  0.0288  0.0289  0.0286  0.0282
  0.0291  0.0291  0.0290  0.0289  0.0287  0.0285  0.0285  0.0285  0.0285  0.0285  0.0285  0.0285
  0.0295  0.0291  0.0290  0.0304  0.0299  0.0287  0.0288  0.0291  0.0288  0.0288  0.0286  0.0293
  0.0309  0.0298  0.0294  0.0333  0.0323  0.0292  0.0300  0.0308  0.0296  0.0296  0.0290  0.0304
  0.0333  0.0311  0.0303  0.0373  0.0354  0.0305  0.0318  0.0333  0.0309  0.0310  0.0295  0.0318
niter,ni,del,rscale     6    3    5.0000    1.2000
parameters
   -1.1724   15.8494    7.4884   -7.8566   -8.0938   -1.5297
   -3.2476   -3.3305    4.1417    5.2979    2.7466  -14.6537
eta,q 0.97201 10.77613
  0.0323  0.0327  0.0302  0.0307  0.0308  0.0307  0.0317  0.0326  0.0304  0.0313  0.0291  0.0300
  0.0301  0.0305  0.0291  0.0293  0.0292  0.0293  0.0297  0.0300  0.0291  0.0295  0.0285  0.0288
  0.0287  0.0290  0.0283  0.0284  0.0282  0.0283  0.0285  0.0285  0.0283  0.0284  0.0281  0.0281
  0.0282  0.0282  0.0280  0.0280  0.0280  0.0280  0.0280  0.0280  0.0280  0.0280  0.0280  0.0280
  0.0286  0.0280  0.0282  0.0281  0.0285  0.0283  0.0284  0.0287  0.0283  0.0282  0.0282  0.0285
  0.0299  0.0285  0.0288  0.0292  0.0300  0.0289  0.0296  0.0303  0.0291  0.0288  0.0286  0.0294
  0.0321  0.0295  0.0298  0.0317  0.0327  0.0306  0.0315  0.0328  0.0305  0.0301  0.0292  0.0306
niter,ni,del,rscale     5    3    5.0000    1.2000
parameters
   -1.1981   16.0602    7.4884   -7.7716   -8.3164   -1.4845
   -3.2033   -3.3930    4.2293    5.5926    2.6740  -14.8933
eta,q 0.97206 10.77597
  0.0319  0.0313  0.0299  0.0308  0.0312  0.0306  0.0316  0.0326  0.0304  0.0308  0.0291  0.0302
  0.0297  0.0295  0.0289  0.0294  0.0295  0.0292  0.0296  0.0300  0.0291  0.0292  0.0285  0.0289
  0.0284  0.0285  0.0282  0.0284  0.0283  0.0282  0.0284  0.0284  0.0282  0.0282  0.0281  0.0281
  0.0280  0.0280  0.0280  0.0280  0.0279  0.0279  0.0279  0.0279  0.0279  0.0279  0.0280  0.0280
  0.0285  0.0281  0.0282  0.0279  0.0283  0.0283  0.0284  0.0286  0.0282  0.0282  0.0281  0.0283
  0.0298  0.0289  0.0289  0.0288  0.0295  0.0289  0.0296  0.0302  0.0290  0.0290  0.0285  0.0292
  0.0320  0.0303  0.0300  0.0311  0.0318  0.0307  0.0315  0.0326  0.0303  0.0303  0.0291  0.0304
niter,ni,del,rscale     4    3    5.0000    1.2000
parameters
   -1.2168   16.1208    7.4668   -7.7802   -8.3711   -1.4864
   -3.1920   -3.4225    4.2768    5.6902    2.6625  -14.9837
eta,q 0.97205 10.77468
  0.0318  0.0309  0.0299  0.0307  0.0313  0.0305  0.0315  0.0326  0.0303  0.0306  0.0291  0.0303
  0.0297  0.0293  0.0289  0.0293  0.0296  0.0292  0.0296  0.0300  0.0290  0.0291  0.0285  0.0290
  0.0284  0.0283  0.0282  0.0284  0.0284  0.0282  0.0284  0.0284  0.0282  0.0282  0.0281  0.0282
  0.0279  0.0280  0.0279  0.0279  0.0279  0.0279  0.0279  0.0279  0.0279  0.0279  0.0279  0.0279
  0.0284  0.0282  0.0282  0.0279  0.0283  0.0283  0.0284  0.0286  0.0282  0.0283  0.0281  0.0283
  0.0298  0.0291  0.0289  0.0289  0.0294  0.0289  0.0296  0.0302  0.0290  0.0290  0.0285  0.0291
  0.0320  0.0306  0.0300  0.0312  0.0317  0.0307  0.0315  0.0326  0.0303  0.0304  0.0291  0.0303
niter,ni,del,rscale     3    3    5.0000    1.2000
parameters
   -1.2223   16.1451    7.4534   -7.7808   -8.3950   -1.4861
   -3.1897   -3.4345    4.2937    5.7352    2.6543  -15.0199
eta,q 0.97206 10.77437
  0.0319  0.0308  0.0299  0.0307  0.0314  0.0306  0.0315  0.0326  0.0303  0.0306  0.0291  0.0303
  0.0297  0.0293  0.0289  0.0293  0.0296  0.0292  0.0296  0.0300  0.0290  0.0290  0.0285  0.0290
  0.0284  0.0283  0.0282  0.0284  0.0284  0.0282  0.0284  0.0284  0.0282  0.0282  0.0281  0.0282
  0.0279  0.0279  0.0279  0.0279  0.0279  0.0279  0.0279  0.0279  0.0279  0.0279  0.0279  0.0279
  0.0284  0.0282  0.0282  0.0279  0.0282  0.0283  0.0284  0.0286  0.0282  0.0283  0.0281  0.0283
  0.0297  0.0291  0.0289  0.0289  0.0293  0.0289  0.0296  0.0302  0.0290  0.0291  0.0285  0.0291
  0.0319  0.0307  0.0300  0.0312  0.0316  0.0307  0.0315  0.0325  0.0303  0.0304  0.0291  0.0303
niter,ni,del,rscale     2    3    5.0000    1.2000
parameters
   -1.2254   16.1555    7.4493   -7.7849   -8.4033   -1.4893
   -3.1889   -3.4389    4.2982    5.7545    2.6479  -15.0237
eta,q 0.97206 10.77399
  0.0319  0.0308  0.0299  0.0307  0.0314  0.0305  0.0315  0.0326  0.0303  0.0306  0.0291  0.0303
  0.0297  0.0292  0.0289  0.0293  0.0296  0.0292  0.0296  0.0300  0.0290  0.0290  0.0285  0.0290
  0.0284  0.0283  0.0282  0.0284  0.0284  0.0282  0.0284  0.0284  0.0282  0.0281  0.0281  0.0282
  0.0279  0.0279  0.0279  0.0279  0.0279  0.0279  0.0279  0.0279  0.0279  0.0279  0.0279  0.0279
  0.0284  0.0282  0.0282  0.0279  0.0282  0.0283  0.0284  0.0286  0.0282  0.0283  0.0281  0.0283
  0.0297  0.0291  0.0289  0.0289  0.0293  0.0289  0.0296  0.0301  0.0290  0.0291  0.0285  0.0291
  0.0319  0.0308  0.0300  0.0312  0.0316  0.0307  0.0315  0.0325  0.0303  0.0304  0.0291  0.0302
registration optimization eta report
parameter search radius
    2.4000    2.4000    2.4000    8.2800    8.2800    7.2000
    7.2000    7.2000    7.2000    7.2000    7.2000    8.2800
100000*second partial in parameter space
       68.       49.       35.        4.        5.        5.
        7.        9.        5.        5.        2.        3.
  0.0319  0.0308  0.0299  0.0307  0.0314  0.0305  0.0315  0.0326  0.0303  0.0306  0.0291  0.0303
  0.0297  0.0292  0.0289  0.0293  0.0296  0.0292  0.0296  0.0300  0.0290  0.0290  0.0285  0.0290
  0.0284  0.0283  0.0282  0.0284  0.0284  0.0282  0.0284  0.0284  0.0282  0.0281  0.0281  0.0282
  0.0279  0.0279  0.0279  0.0279  0.0279  0.0279  0.0279  0.0279  0.0279  0.0279  0.0279  0.0279
  0.0284  0.0282  0.0282  0.0279  0.0282  0.0283  0.0284  0.0286  0.0282  0.0283  0.0281  0.0283
  0.0297  0.0291  0.0289  0.0289  0.0293  0.0289  0.0296  0.0301  0.0290  0.0291  0.0285  0.0291
  0.0319  0.0308  0.0300  0.0312  0.0316  0.0307  0.0315  0.0325  0.0303  0.0304  0.0291  0.0302
   -1.2254   16.1555    7.4493   -7.7849   -8.4033   -1.4893
   -3.1889   -3.4389    4.2982    5.7545    2.6479  -15.0237
eta,q 0.97206 10.77399

---------------------------------------------------------------------
imgreg_4dfp /opt/freesurfer/average/711-2C_as_mni_average_305 /opt/freesurfer/average/711-2B_as_mni_average_305_mask talsrcimg_g11 none talsrcimg_to_711-2C_as_mni_average_305_t4 2311
---------------------------------------------------------------------

freesurfer imgreg_4dfp.c
/opt/freesurfer/average/711-2C_as_mni_average_305.4dfp.img
       256       256       256         1
  1.000000  1.000000  1.000000
orientation T byte_order littleendian
Reading image: /opt/freesurfer/average/711-2C_as_mni_average_305.4dfp.img
dimensions:      256       256       256
mmppix:       1.0000   -1.0000   -1.0000
center:     128.0000 -129.0000 -129.0000
/opt/freesurfer/average/711-2B_as_mni_average_305_mask.4dfp.img
       256       256       256         1
  1.000000  1.000000  1.000000
orientation T byte_order littleendian
Reading mask: /opt/freesurfer/average/711-2B_as_mni_average_305_mask.4dfp.img (2306576 pixels)
talsrcimg_g11.4dfp.img
       256       256       256         1
  1.000000  1.000000  1.000000
orientation T byte_order littleendian
Reading image: talsrcimg_g11.4dfp.img
dimensions:      256       256       256
mmppix:       1.0000   -1.0000   -1.0000
center:     128.0000 -129.0000 -129.0000
fimgreg.f
image alignment mode   2311 decimal      907 hex
parameters
   -1.2254   16.1555    7.4493   -7.7849   -8.4033   -1.4893
   -3.1889   -3.4389    4.2982    5.7545    2.6479  -15.0237
eta,q 0.97206 10.77399
niter,ni,del,rscale     5    3    5.0000    0.8000
parameters
   -1.2210   16.1873    7.4698   -6.8920   -8.2740   -1.2278
   -3.2801   -3.4900    4.2046    5.7462    2.6758  -15.1739
eta,q 0.97210 10.83107
  0.0297  0.0292  0.0289  0.0290  0.0291  0.0292  0.0296  0.0301  0.0290  0.0291  0.0285  0.0287
  0.0288  0.0285  0.0284  0.0285  0.0285  0.0285  0.0286  0.0288  0.0284  0.0284  0.0282  0.0282
  0.0282  0.0281  0.0281  0.0281  0.0280  0.0280  0.0281  0.0281  0.0280  0.0280  0.0280  0.0280
  0.0279  0.0279  0.0279  0.0279  0.0279  0.0279  0.0279  0.0279  0.0279  0.0279  0.0279  0.0279
  0.0281  0.0280  0.0280  0.0279  0.0280  0.0281  0.0281  0.0282  0.0281  0.0281  0.0280  0.0280
  0.0287  0.0284  0.0283  0.0280  0.0284  0.0284  0.0287  0.0289  0.0284  0.0284  0.0282  0.0283
  0.0297  0.0292  0.0289  0.0285  0.0290  0.0289  0.0297  0.0301  0.0290  0.0290  0.0285  0.0288
niter,ni,del,rscale     4    3    5.0000    0.7000
parameters
   -1.2303   16.1439    7.4531   -6.8583   -8.2118   -1.2212
   -3.2815   -3.5204    4.1874    5.6979    2.6919  -15.1684
eta,q 0.97209 10.83510
  0.0293  0.0288  0.0286  0.0286  0.0288  0.0288  0.0292  0.0296  0.0287  0.0288  0.0284  0.0286
  0.0285  0.0283  0.0282  0.0282  0.0283  0.0283  0.0285  0.0286  0.0283  0.0282  0.0281  0.0282
  0.0281  0.0280  0.0280  0.0280  0.0280  0.0279  0.0281  0.0281  0.0280  0.0280  0.0280  0.0280
  0.0279  0.0279  0.0279  0.0279  0.0279  0.0279  0.0279  0.0279  0.0279  0.0279  0.0279  0.0279
  0.0281  0.0280  0.0280  0.0279  0.0280  0.0281  0.0281  0.0281  0.0280  0.0280  0.0280  0.0280
  0.0285  0.0284  0.0282  0.0281  0.0283  0.0283  0.0285  0.0287  0.0283  0.0283  0.0281  0.0282
  0.0293  0.0289  0.0286  0.0286  0.0288  0.0287  0.0292  0.0296  0.0287  0.0288  0.0284  0.0286
niter,ni,del,rscale     3    3    5.0000    0.6000
parameters
   -1.2324   16.1368    7.4538   -6.7289   -8.2453   -1.2749
   -3.2913   -3.5292    4.1574    5.6457    2.6894  -15.1743
eta,q 0.97210 10.83598
  0.0289  0.0286  0.0284  0.0284  0.0285  0.0285  0.0289  0.0291  0.0285  0.0285  0.0283  0.0284
  0.0284  0.0282  0.0281  0.0282  0.0282  0.0281  0.0283  0.0284  0.0282  0.0281  0.0281  0.0281
  0.0280  0.0280  0.0280  0.0280  0.0280  0.0279  0.0280  0.0280  0.0280  0.0279  0.0279  0.0279
  0.0279  0.0279  0.0279  0.0279  0.0279  0.0279  0.0279  0.0279  0.0279  0.0279  0.0279  0.0279
  0.0280  0.0280  0.0280  0.0279  0.0280  0.0280  0.0280  0.0280  0.0280  0.0280  0.0279  0.0280
  0.0284  0.0282  0.0281  0.0280  0.0282  0.0282  0.0283  0.0284  0.0282  0.0282  0.0281  0.0281
  0.0289  0.0286  0.0284  0.0284  0.0286  0.0285  0.0289  0.0291  0.0285  0.0285  0.0282  0.0284
niter,ni,del,rscale     2    3    5.0000    0.5000
parameters
   -1.2353   16.1396    7.4600   -6.6324   -8.2760   -1.3715
   -3.2963   -3.5412    4.1346    5.6101    2.6724  -15.1587
eta,q 0.97212 10.83358
  0.0286  0.0284  0.0283  0.0282  0.0283  0.0283  0.0286  0.0287  0.0283  0.0283  0.0281  0.0282
  0.0282  0.0281  0.0281  0.0281  0.0281  0.0280  0.0282  0.0283  0.0281  0.0281  0.0280  0.0280
  0.0280  0.0280  0.0279  0.0279  0.0279  0.0279  0.0280  0.0280  0.0279  0.0279  0.0279  0.0279
  0.0279  0.0279  0.0279  0.0279  0.0279  0.0279  0.0279  0.0279  0.0279  0.0279  0.0279  0.0279
  0.0280  0.0279  0.0279  0.0279  0.0280  0.0280  0.0280  0.0280  0.0279  0.0279  0.0279  0.0279
  0.0282  0.0281  0.0281  0.0280  0.0281  0.0281  0.0282  0.0283  0.0281  0.0281  0.0280  0.0280
  0.0286  0.0284  0.0283  0.0282  0.0283  0.0283  0.0286  0.0287  0.0283  0.0283  0.0281  0.0282
niter,ni,del,rscale     1    3    5.0000    0.4000
parameters
   -1.2357   16.1460    7.4639   -6.5364   -8.3314   -1.4984
   -3.3040   -3.5362    4.1100    5.5503    2.6567  -15.1415
eta,q 0.97213 10.82845
  0.0283  0.0282  0.0281  0.0281  0.0282  0.0282  0.0283  0.0284  0.0282  0.0282  0.0280  0.0281
  0.0281  0.0280  0.0280  0.0280  0.0280  0.0280  0.0281  0.0281  0.0280  0.0280  0.0279  0.0280
  0.0279  0.0279  0.0279  0.0279  0.0279  0.0279  0.0279  0.0279  0.0279  0.0279  0.0279  0.0279
  0.0279  0.0279  0.0279  0.0279  0.0279  0.0279  0.0279  0.0279  0.0279  0.0279  0.0279  0.0279
  0.0279  0.0279  0.0279  0.0279  0.0279  0.0280  0.0279  0.0279  0.0279  0.0279  0.0279  0.0279
  0.0281  0.0280  0.0280  0.0280  0.0280  0.0281  0.0281  0.0281  0.0280  0.0280  0.0279  0.0280
  0.0283  0.0282  0.0281  0.0281  0.0282  0.0282  0.0283  0.0284  0.0282  0.0282  0.0280  0.0281
registration optimization eta report
parameter search radius
    0.8000    0.8000    0.8000    2.4000    2.4000    2.4000
    2.4000    2.4000    2.4000    2.4000    2.4000    2.4000
100000*second partial in parameter space
       71.       48.       38.        4.        5.        5.
        8.        9.        5.        5.        3.        4.
  0.0283  0.0282  0.0281  0.0281  0.0282  0.0282  0.0283  0.0284  0.0282  0.0282  0.0280  0.0281
  0.0281  0.0280  0.0280  0.0280  0.0280  0.0280  0.0281  0.0281  0.0280  0.0280  0.0279  0.0280
  0.0279  0.0279  0.0279  0.0279  0.0279  0.0279  0.0279  0.0279  0.0279  0.0279  0.0279  0.0279
  0.0279  0.0279  0.0279  0.0279  0.0279  0.0279  0.0279  0.0279  0.0279  0.0279  0.0279  0.0279
  0.0279  0.0279  0.0279  0.0279  0.0279  0.0280  0.0279  0.0279  0.0279  0.0279  0.0279  0.0279
  0.0281  0.0280  0.0280  0.0280  0.0280  0.0281  0.0281  0.0281  0.0280  0.0280  0.0279  0.0280
  0.0283  0.0282  0.0281  0.0281  0.0282  0.0282  0.0283  0.0284  0.0282  0.0282  0.0280  0.0281
   -1.2357   16.1460    7.4639   -6.5364   -8.3314   -1.4984
   -3.3040   -3.5362    4.1100    5.5503    2.6567  -15.1415
eta,q 0.97213 10.82845

---------------------------------------------------------------------
imgreg_4dfp /opt/freesurfer/average/711-2C_as_mni_average_305 /opt/freesurfer/average/711-2B_as_mni_average_305_mask talsrcimg_g11 none talsrcimg_to_711-2C_as_mni_average_305_t4 2311
---------------------------------------------------------------------

freesurfer imgreg_4dfp.c
/opt/freesurfer/average/711-2C_as_mni_average_305.4dfp.img
       256       256       256         1
  1.000000  1.000000  1.000000
orientation T byte_order littleendian
Reading image: /opt/freesurfer/average/711-2C_as_mni_average_305.4dfp.img
dimensions:      256       256       256
mmppix:       1.0000   -1.0000   -1.0000
center:     128.0000 -129.0000 -129.0000
/opt/freesurfer/average/711-2B_as_mni_average_305_mask.4dfp.img
       256       256       256         1
  1.000000  1.000000  1.000000
orientation T byte_order littleendian
Reading mask: /opt/freesurfer/average/711-2B_as_mni_average_305_mask.4dfp.img (2306576 pixels)
talsrcimg_g11.4dfp.img
       256       256       256         1
  1.000000  1.000000  1.000000
orientation T byte_order littleendian
Reading image: talsrcimg_g11.4dfp.img
dimensions:      256       256       256
mmppix:       1.0000   -1.0000   -1.0000
center:     128.0000 -129.0000 -129.0000
fimgreg.f
image alignment mode   2311 decimal      907 hex
parameters
   -1.2357   16.1460    7.4639   -6.5364   -8.3314   -1.4984
   -3.3040   -3.5362    4.1100    5.5503    2.6567  -15.1415
eta,q 0.97213 10.82845
niter,ni,del,rscale     5    3    5.0000    0.8000
parameters
   -1.2347   16.1191    7.4476   -7.0159   -8.1643   -1.2147
   -3.2673   -3.4964    4.1982    5.6899    2.7161  -15.1455
eta,q 0.97208 10.83083
  0.0297  0.0291  0.0288  0.0286  0.0292  0.0292  0.0297  0.0302  0.0290  0.0291  0.0285  0.0288
  0.0287  0.0284  0.0283  0.0282  0.0285  0.0285  0.0287  0.0289  0.0284  0.0284  0.0282  0.0283
  0.0281  0.0280  0.0280  0.0280  0.0280  0.0280  0.0281  0.0281  0.0280  0.0280  0.0280  0.0280
  0.0279  0.0279  0.0279  0.0279  0.0279  0.0279  0.0279  0.0279  0.0279  0.0279  0.0279  0.0279
  0.0281  0.0280  0.0280  0.0280  0.0280  0.0281  0.0281  0.0282  0.0280  0.0280  0.0280  0.0280
  0.0287  0.0285  0.0283  0.0283  0.0284  0.0283  0.0287  0.0289  0.0284  0.0284  0.0282  0.0283
  0.0297  0.0292  0.0289  0.0292  0.0290  0.0289  0.0296  0.0300  0.0290  0.0290  0.0285  0.0288
niter,ni,del,rscale     4    3    5.0000    0.7000
parameters
   -1.2275   16.1272    7.4523   -6.8563   -8.2062   -1.2202
   -3.2837   -3.5142    4.1794    5.6730    2.7043  -15.1572
eta,q 0.97210 10.83525
  0.0293  0.0289  0.0286  0.0286  0.0288  0.0288  0.0292  0.0296  0.0287  0.0288  0.0284  0.0286
  0.0285  0.0283  0.0282  0.0283  0.0283  0.0283  0.0285  0.0286  0.0283  0.0283  0.0281  0.0282
  0.0281  0.0280  0.0280  0.0280  0.0280  0.0279  0.0281  0.0281  0.0280  0.0280  0.0280  0.0280
  0.0279  0.0279  0.0279  0.0279  0.0279  0.0279  0.0279  0.0279  0.0279  0.0279  0.0279  0.0279
  0.0281  0.0280  0.0280  0.0279  0.0280  0.0281  0.0281  0.0281  0.0280  0.0280  0.0280  0.0280
  0.0285  0.0283  0.0282  0.0281  0.0283  0.0283  0.0285  0.0287  0.0283  0.0283  0.0281  0.0282
  0.0293  0.0289  0.0286  0.0286  0.0288  0.0287  0.0292  0.0296  0.0287  0.0288  0.0284  0.0286
niter,ni,del,rscale     3    3    5.0000    0.6000
parameters
   -1.2304   16.1316    7.4541   -6.7348   -8.2308   -1.2801
   -3.2938   -3.5257    4.1513    5.6399    2.6984  -15.1652
eta,q 0.97211 10.83603
  0.0289  0.0286  0.0284  0.0284  0.0286  0.0285  0.0289  0.0291  0.0285  0.0285  0.0283  0.0284
  0.0284  0.0282  0.0281  0.0282  0.0282  0.0281  0.0283  0.0284  0.0282  0.0281  0.0281  0.0281
  0.0280  0.0280  0.0280  0.0280  0.0280  0.0279  0.0280  0.0280  0.0280  0.0279  0.0279  0.0279
  0.0279  0.0279  0.0279  0.0279  0.0279  0.0279  0.0279  0.0279  0.0279  0.0279  0.0279  0.0279
  0.0280  0.0280  0.0280  0.0279  0.0280  0.0280  0.0280  0.0280  0.0280  0.0280  0.0279  0.0280
  0.0284  0.0282  0.0281  0.0280  0.0282  0.0282  0.0283  0.0285  0.0282  0.0282  0.0281  0.0281
  0.0289  0.0286  0.0284  0.0284  0.0286  0.0285  0.0289  0.0291  0.0285  0.0285  0.0283  0.0284
niter,ni,del,rscale     2    3    5.0000    0.5000
parameters
   -1.2347   16.1360    7.4583   -6.6301   -8.2755   -1.3781
   -3.2914   -3.5375    4.1274    5.5972    2.6661  -15.1591
eta,q 0.97212 10.83322
  0.0286  0.0284  0.0283  0.0282  0.0283  0.0283  0.0286  0.0287  0.0283  0.0283  0.0281  0.0282
  0.0282  0.0281  0.0281  0.0281  0.0281  0.0280  0.0282  0.0283  0.0281  0.0281  0.0280  0.0280
  0.0280  0.0280  0.0279  0.0279  0.0279  0.0279  0.0280  0.0280  0.0279  0.0279  0.0279  0.0279
  0.0279  0.0279  0.0279  0.0279  0.0279  0.0279  0.0279  0.0279  0.0279  0.0279  0.0279  0.0279
  0.0280  0.0279  0.0279  0.0279  0.0280  0.0280  0.0280  0.0280  0.0279  0.0279  0.0279  0.0279
  0.0282  0.0281  0.0281  0.0280  0.0281  0.0281  0.0282  0.0283  0.0281  0.0281  0.0280  0.0280
  0.0286  0.0284  0.0283  0.0282  0.0284  0.0283  0.0286  0.0287  0.0283  0.0283  0.0281  0.0282
niter,ni,del,rscale     1    3    5.0000    0.4000
parameters
   -1.2355   16.1427    7.4633   -6.5417   -8.3364   -1.4996
   -3.3078   -3.5313    4.1140    5.5538    2.6596  -15.1516
eta,q 0.97213 10.82807
  0.0283  0.0282  0.0281  0.0281  0.0282  0.0282  0.0283  0.0284  0.0282  0.0282  0.0280  0.0281
  0.0281  0.0280  0.0280  0.0280  0.0280  0.0280  0.0281  0.0281  0.0280  0.0280  0.0280  0.0280
  0.0279  0.0279  0.0279  0.0279  0.0279  0.0279  0.0279  0.0279  0.0279  0.0279  0.0279  0.0279
  0.0279  0.0279  0.0279  0.0279  0.0279  0.0279  0.0279  0.0279  0.0279  0.0279  0.0279  0.0279
  0.0279  0.0279  0.0279  0.0279  0.0279  0.0280  0.0279  0.0279  0.0279  0.0279  0.0279  0.0279
  0.0281  0.0280  0.0280  0.0279  0.0280  0.0281  0.0281  0.0281  0.0280  0.0280  0.0280  0.0280
  0.0283  0.0282  0.0281  0.0281  0.0282  0.0282  0.0283  0.0284  0.0282  0.0282  0.0280  0.0281
registration optimization eta report
parameter search radius
    0.8000    0.8000    0.8000    2.4000    2.4000    2.4000
    2.4000    2.4000    2.4000    2.4000    2.4000    2.4000
100000*second partial in parameter space
       71.       49.       38.        4.        5.        5.
        8.        9.        5.        5.        3.        4.
  0.0283  0.0282  0.0281  0.0281  0.0282  0.0282  0.0283  0.0284  0.0282  0.0282  0.0280  0.0281
  0.0281  0.0280  0.0280  0.0280  0.0280  0.0280  0.0281  0.0281  0.0280  0.0280  0.0280  0.0280
  0.0279  0.0279  0.0279  0.0279  0.0279  0.0279  0.0279  0.0279  0.0279  0.0279  0.0279  0.0279
  0.0279  0.0279  0.0279  0.0279  0.0279  0.0279  0.0279  0.0279  0.0279  0.0279  0.0279  0.0279
  0.0279  0.0279  0.0279  0.0279  0.0279  0.0280  0.0279  0.0279  0.0279  0.0279  0.0279  0.0279
  0.0281  0.0280  0.0280  0.0279  0.0280  0.0281  0.0281  0.0281  0.0280  0.0280  0.0280  0.0280
  0.0283  0.0282  0.0281  0.0281  0.0282  0.0282  0.0283  0.0284  0.0282  0.0282  0.0280  0.0281
   -1.2355   16.1427    7.4633   -6.5417   -8.3364   -1.4996
   -3.3078   -3.5313    4.1140    5.5538    2.6596  -15.1516
eta,q 0.97213 10.82807

---------------------------------------------------------------------
compute_vox2vox talsrcimg talsrcimg_to_711-2C_as_mni_average_305_t4 /opt/freesurfer/average/711-2C_as_mni_average_305
---------------------------------------------------------------------

freesurfer compute_vox2vox.c
Reading: talsrcimg.4dfp.ifh
Reading: talsrcimg_to_711-2C_as_mni_average_305_t4
Reading: /opt/freesurfer/average/711-2C_as_mni_average_305.4dfp.ifh
Writing: talsrcimg_to_711-2C_as_mni_average_305_t4_vox2vox.txt

start time Tue Mar 10 02:05:33 CET 2026
end		time Tue Mar 10 02:07:03 CET 2026

mpr2mni305 success

avi2talxfm orig_nu.mgz /opt/freesurfer/average/mni305.cor.mgz talsrcimg_to_711-2C_as_mni_average_305_t4_vox2vox.txt transforms/talairach.auto.xfm
avi2talxfm done
mv -f /out/sourcedata/freesurfer/sub-v1s4x0050685_ses-1/mri/talsrcimg_to_711-2C_as_mni_average_305_t4_vox2vox.txt /out/sourcedata/freesurfer/sub-v1s4x0050685_ses-1/mri/transforms/talsrcimg_to_711-2C_as_mni_average_305_t4_vox2vox.txt
lta_convert --src orig_nu.mgz --trg /opt/freesurfer/average/mni305.cor.mgz --inxfm transforms/talairach.auto.xfm --outlta transforms/talairach.auto.xfm.lta --subject fsaverage
7.3.2

--src: orig_nu.mgz src image (geometry).
--trg: /opt/freesurfer/average/mni305.cor.mgz trg image (geometry).
--inmni: transforms/talairach.auto.xfm input MNI/XFM transform.
--outlta: transforms/talairach.auto.xfm.lta output LTA.
--s: fsaverage subject name
 LTA read, type : 1
 1.06702   0.03575   0.04441  -0.53769;
-0.03584   1.00465   0.16477  -34.93876;
-0.04572  -0.06247   1.07897   3.98016;
 0.00000   0.00000   0.00000   1.00000;
setting subject to fsaverage
Writing  LTA to file transforms/talairach.auto.xfm.lta...
lta_convert successful.
 
 
Started at Tue Mar 10 02:05:32 CET 2026
Ended   at Tue Mar 10 02:07:04 CET 2026
talairach_avi done
