/out/sourcedata/freesurfer/sub-v1s4x0050708_ses-1/mri
/opt/freesurfer/bin/talairach_avi
--i orig_nu.mgz --xfm transforms/talairach.auto.xfm
talairach_avi 7.3.2
Linux dna062 5.14.0-427.37.1.el9_4.x86_64 #1 SMP PREEMPT_DYNAMIC Fri Sep 13 12:41:50 EDT 2024 x86_64 x86_64 x86_64 GNU/Linux
Tue Mar 10 03:02:05 CET 2026
mri_convert orig_nu.mgz talsrcimg.img 
reading from orig_nu.mgz...
TR=0.00, TE=0.00, TI=0.00, flip angle=0.00
i_ras = (-1, -9.31323e-10, 7.45058e-09)
j_ras = (1.49012e-08, 7.45058e-09, -1)
k_ras = (-3.72529e-09, 1, 7.45058e-09)
writing to talsrcimg.img...
Analyze Output Matrix
-1.00000   0.00000  -0.00000   124.40261;
-0.00000   0.00000   1.00000  -123.67615;
 0.00000  -1.00000   0.00000   127.99585;
 0.00000   0.00000   0.00000   1.00000;
--------------------
INFO: set hdr.hist.orient to -1
mpr2mni305 talsrcimg
Tue Mar 10 03:02:05 CET 2026
/opt/freesurfer/bin/mpr2mni305 talsrcimg
mpr2mni305 7.3.2
target=711-2C_as_mni_average_305

---------------------------------------------------------------------
analyzeto4dfp talsrcimg -O0 -y
---------------------------------------------------------------------

freesurfer ifh2hdr.c
Tue Mar 10 03:02:05 2026
Writing: talsrcimg.4dfp.hdr
freesurfer analyzeto4dfp.c
Reading: talsrcimg.hdr
header size 348 bytes
hdr.dime.datatype	offset=70	value=2
hdr.dime.bitpix		offset=72	value=8
hdr.hist.orient		offset=252	value=-1
dimensionality     4
dimensions       256       256       256         1
Reading: talsrcimg.img
Writing: talsrcimg.4dfp.img
Writing: talsrcimg.4dfp.ifh
ifh2hdr talsrcimg -r0to241
ori=2

---------------------------------------------------------------------
gauss_4dfp talsrcimg 1.1
---------------------------------------------------------------------

freesurfer gauss_4dfp.c
Reading: talsrcimg.4dfp.img
Writing: talsrcimg_g11.4dfp.img
image dimensions 256 256 256 padded to 288 288 288
processing volume 1freesurfer ifh2hdr.c
Tue Mar 10 03:02:07 2026
Writing: talsrcimg_g11.4dfp.hdr

Writing: talsrcimg_g11.4dfp.ifh
including: talsrcimg.4dfp.img.rec in talsrcimg_g11.4dfp.img.rec

---------------------------------------------------------------------
imgreg_4dfp /opt/freesurfer/average/711-2C_as_mni_average_305 none talsrcimg_g11 none talsrcimg_to_711-2C_as_mni_average_305_t4 4355
---------------------------------------------------------------------

freesurfer imgreg_4dfp.c
/opt/freesurfer/average/711-2C_as_mni_average_305.4dfp.img
       256       256       256         1
  1.000000  1.000000  1.000000
orientation T byte_order littleendian
Reading image: /opt/freesurfer/average/711-2C_as_mni_average_305.4dfp.img
dimensions:      256       256       256
mmppix:       1.0000   -1.0000   -1.0000
center:     128.0000 -129.0000 -129.0000
talsrcimg_g11.4dfp.img
       256       256       256         1
  1.000000  1.000000  1.000000
orientation T byte_order littleendian
Reading image: talsrcimg_g11.4dfp.img
dimensions:      256       256       256
mmppix:       1.0000   -1.0000   -1.0000
center:     128.0000 -129.0000 -129.0000
t4_read: open error in t4_sub.f l:  41 t4_file(1:l)talsrcimg_to_711-2C_as_mni_average_305_t4 
t4_read: transform initialized to I4
rotation matrix determinant  1.000000
image alignment mode   4355 decimal     1103 hex
   -7.5000  -45.0000  -45.0000 8564.5371   14.8590
    0.0000  -45.0000  -45.0000 8946.5566   14.8225
    7.5000  -45.0000  -45.0000 8601.5723   14.8098
   -7.5000  -37.5000  -45.0000 9057.7861   14.7417
    0.0000  -37.5000  -45.0000 9459.9219   14.7106
    7.5000  -37.5000  -45.0000 9077.2324   14.6965
   -7.5000  -30.0000  -45.0000 9899.5537   14.7278
    0.0000  -30.0000  -45.000010349.9385   14.6956
    7.5000  -30.0000  -45.0000 9898.6895   14.6878
   -7.5000  -22.5000  -45.000010717.9795   14.7310
    0.0000  -22.5000  -45.000011171.7344   14.6922
    7.5000  -22.5000  -45.000010694.7803   14.6937
   -7.5000  -15.0000  -45.000011217.3291   14.7262
    0.0000  -15.0000  -45.000011759.0107   14.6815
    7.5000  -15.0000  -45.000011228.5947   14.6864
   -7.5000   -7.5000  -45.000011590.9883   14.7135
    0.0000   -7.5000  -45.000012142.8613   14.6708
    7.5000   -7.5000  -45.000011586.3506   14.6683
   -7.5000    0.0000  -45.000011814.0576   14.7062
    0.0000    0.0000  -45.000012397.7188   14.6705
    7.5000    0.0000  -45.000011810.8633   14.6584
   -7.5000    7.5000  -45.000011227.0693   14.7143
    0.0000    7.5000  -45.000011760.7256   14.6833
    7.5000    7.5000  -45.000011182.8047   14.6693
   -7.5000   15.0000  -45.000010566.6855   14.7276
    0.0000   15.0000  -45.000011076.0449   14.6955
    7.5000   15.0000  -45.000010515.1689   14.6878
   -7.5000   22.5000  -45.0000 9879.6494   14.8422
    0.0000   22.5000  -45.000010364.9395   14.8063
    7.5000   22.5000  -45.0000 9837.4043   14.8092
   -7.5000   30.0000  -45.0000 9213.3115   14.9593
    0.0000   30.0000  -45.0000 9693.7129   14.9194
    7.5000   30.0000  -45.0000 9189.3027   14.9244
   -7.5000   37.5000  -45.0000 8899.1973   15.3861
    0.0000   37.5000  -45.0000 9369.4463   15.3533
    7.5000   37.5000  -45.0000 8896.9248   15.3532
   -7.5000   45.0000  -45.0000 8296.5215   15.4841
    0.0000   45.0000  -45.0000 8731.5029   15.4630
    7.5000   45.0000  -45.0000 8290.5479   15.4491
   -7.5000  -45.0000  -37.5000 9090.6680   14.8599
    0.0000  -45.0000  -37.5000 9520.2803   14.8252
    7.5000  -45.0000  -37.5000 9143.8525   14.8118
   -7.5000  -37.5000  -37.5000 9642.5381   14.7400
    0.0000  -37.5000  -37.500010078.3662   14.7109
    7.5000  -37.5000  -37.5000 9662.4814   14.6985
   -7.5000  -30.0000  -37.500010562.2246   14.7264
    0.0000  -30.0000  -37.500011019.1680   14.6978
    7.5000  -30.0000  -37.500010550.7891   14.6934
   -7.5000  -22.5000  -37.500011429.6904   14.7334
    0.0000  -22.5000  -37.500011897.5449   14.6994
    7.5000  -22.5000  -37.500011358.2832   14.7033
   -7.5000  -15.0000  -37.500011988.6611   14.7314
    0.0000  -15.0000  -37.500012503.3174   14.6916
    7.5000  -15.0000  -37.500011932.2100   14.6962
   -7.5000   -7.5000  -37.500012375.3037   14.7173
    0.0000   -7.5000  -37.500012890.7520   14.6780
    7.5000   -7.5000  -37.500012305.8564   14.6739
   -7.5000    0.0000  -37.500012601.3066   14.7068
    0.0000    0.0000  -37.500013165.5664   14.6728
    7.5000    0.0000  -37.500012550.7002   14.6601
   -7.5000    7.5000  -37.500011934.0283   14.7126
    0.0000    7.5000  -37.500012482.1924   14.6835
    7.5000    7.5000  -37.500011876.6191   14.6713
   -7.5000   15.0000  -37.500011211.0938   14.7262
    0.0000   15.0000  -37.500011746.1504   14.6977
    7.5000   15.0000  -37.500011161.7178   14.6933
   -7.5000   22.5000  -37.500010450.4111   14.8441
    0.0000   22.5000  -37.500010948.0752   14.8127
    7.5000   22.5000  -37.500010388.3086   14.8172
   -7.5000   30.0000  -37.5000 9728.7695   14.9651
    0.0000   30.0000  -37.500010204.3193   14.9297
    7.5000   30.0000  -37.5000 9691.1914   14.9324
   -7.5000   37.5000  -37.5000 9411.1357   15.3898
    0.0000   37.5000  -37.5000 9884.9922   15.3596
    7.5000   37.5000  -37.5000 9394.8535   15.3563
   -7.5000   45.0000  -37.5000 8751.2852   15.4788
    0.0000   45.0000  -37.5000 9184.6201   15.4595
    7.5000   45.0000  -37.5000 8741.2461   15.4437
   -7.5000  -45.0000  -30.0000 9726.1914   15.5237
    0.0000  -45.0000  -30.000010197.3564   15.4914
    7.5000  -45.0000  -30.0000 9790.9678   15.4782
   -7.5000  -37.5000  -30.000010334.4678   15.3889
    0.0000  -37.5000  -30.000010828.8232   15.3632
    7.5000  -37.5000  -30.000010376.2324   15.3547
   -7.5000  -30.0000  -30.000011321.1836   15.3643
    0.0000  -30.0000  -30.000011846.1973   15.3402
    7.5000  -30.0000  -30.000011336.6943   15.3427
   -7.5000  -22.5000  -30.000012224.5918   15.3725
    0.0000  -22.5000  -30.000012741.7803   15.3430
    7.5000  -22.5000  -30.000012170.6641   15.3522
   -7.5000  -15.0000  -30.000012838.4033   15.3796
    0.0000  -15.0000  -30.000013380.5947   15.3434
    7.5000  -15.0000  -30.000012762.1709   15.3496
   -7.5000   -7.5000  -30.000013236.6016   15.3736
    0.0000   -7.5000  -30.000013809.2432   15.3369
    7.5000   -7.5000  -30.000013159.4531   15.3320
   -7.5000    0.0000  -30.000013518.7383   15.3637
    0.0000    0.0000  -30.000014108.6797   15.3320
    7.5000    0.0000  -30.000013465.7559   15.3195
   -7.5000    7.5000  -30.000012795.8428   15.3602
    0.0000    7.5000  -30.000013362.9834   15.3344
    7.5000    7.5000  -30.000012738.6055   15.3262
   -7.5000   15.0000  -30.000011986.1416   15.3642
    0.0000   15.0000  -30.000012547.1660   15.3401
    7.5000   15.0000  -30.000011929.1162   15.3426
   -7.5000   22.5000  -30.000011154.1494   15.4872
    0.0000   22.5000  -30.000011658.9443   15.4596
    7.5000   22.5000  -30.000011089.0166   15.4683
   -7.5000   30.0000  -30.000010386.2363   15.6233
    0.0000   30.0000  -30.000010880.5068   15.5908
    7.5000   30.0000  -30.000010331.7285   15.5922
   -7.5000   37.5000  -30.000010051.9463   16.0744
    0.0000   37.5000  -30.000010541.7080   16.0466
    7.5000   37.5000  -30.000010008.3516   16.0393
   -7.5000   45.0000  -30.0000 9336.1055   16.1697
    0.0000   45.0000  -30.0000 9788.2744   16.1540
    7.5000   45.0000  -30.0000 9312.3271   16.1378
   -7.5000  -45.0000  -22.500010350.7676   16.0827
    0.0000  -45.0000  -22.500010818.9482   16.0520
    7.5000  -45.0000  -22.500010412.2168   16.0408
   -7.5000  -37.5000  -22.500011000.6592   15.9371
    0.0000  -37.5000  -22.500011495.9863   15.9139
    7.5000  -37.5000  -22.500011046.1182   15.9084
   -7.5000  -30.0000  -22.500012020.1367   15.9003
    0.0000  -30.0000  -22.500012564.5664   15.8781
    7.5000  -30.0000  -22.500012026.9707   15.8844
   -7.5000  -22.5000  -22.500012949.1865   15.9039
    0.0000  -22.5000  -22.500013513.2402   15.8747
    7.5000  -22.5000  -22.500012883.9668   15.8874
   -7.5000  -15.0000  -22.500013647.2168   15.9168
    0.0000  -15.0000  -22.500014256.8164   15.8798
    7.5000  -15.0000  -22.500013539.7803   15.8884
   -7.5000   -7.5000  -22.500014099.8477   15.9218
    0.0000   -7.5000  -22.500014721.5947   15.8848
    7.5000   -7.5000  -22.500013988.4004   15.8817
   -7.5000    0.0000  -22.500014402.7500   15.9174
    0.0000    0.0000  -22.500015032.5039   15.8872
    7.5000    0.0000  -22.500014288.1475   15.8764
   -7.5000    7.5000  -22.500013600.3711   15.9072
    0.0000    7.5000  -22.500014233.1211   15.8841
    7.5000    7.5000  -22.500013525.1953   15.8788
   -7.5000   15.0000  -22.500012767.1523   15.9001
    0.0000   15.0000  -22.500013396.1553   15.8780
    7.5000   15.0000  -22.500012704.0869   15.8843
   -7.5000   22.5000  -22.500011902.3623   16.0231
    0.0000   22.5000  -22.500012474.2432   15.9955
    7.5000   22.5000  -22.500011811.0146   16.0074
   -7.5000   30.0000  -22.500011066.1357   16.1685
    0.0000   30.0000  -22.500011597.8174   16.1353
    7.5000   30.0000  -22.500010977.2012   16.1384
   -7.5000   37.5000  -22.500010675.9814   16.6465
    0.0000   37.5000  -22.500011189.9189   16.6192
    7.5000   37.5000  -22.500010610.2588   16.6120
   -7.5000   45.0000  -22.5000 9886.5986   16.7582
    0.0000   45.0000  -22.500010373.6553   16.7451
    7.5000   45.0000  -22.5000 9858.6895   16.7311
   -7.5000  -45.0000  -15.000010949.8027   16.4557
    0.0000  -45.0000  -15.000011454.8438   16.4233
    7.5000  -45.0000  -15.000011013.4844   16.4139
   -7.5000  -37.5000  -15.000011591.7646   16.3104
    0.0000  -37.5000  -15.000012171.4102   16.2855
    7.5000  -37.5000  -15.000011701.6807   16.2794
   -7.5000  -30.0000  -15.000012631.8379   16.2723
    0.0000  -30.0000  -15.000013263.1299   16.2469
    7.5000  -30.0000  -15.000012725.9297   16.2509
   -7.5000  -22.5000  -15.000013588.2793   16.2712
    0.0000  -22.5000  -15.000014223.2227   16.2373
    7.5000  -22.5000  -15.000013612.4492   16.2488
   -7.5000  -15.0000  -15.000014365.7529   16.2805
    0.0000  -15.0000  -15.000015041.7334   16.2388
    7.5000  -15.0000  -15.000014331.8584   16.2486
   -7.5000   -7.5000  -15.000014851.6367   16.2875
    0.0000   -7.5000  -15.000015585.3838   16.2471
    7.5000   -7.5000  -15.000014805.7363   16.2463
   -7.5000    0.0000  -15.000015157.6914   16.2871
    0.0000    0.0000  -15.000015904.9609   16.2552
    7.5000    0.0000  -15.000015124.4004   16.2461
   -7.5000    7.5000  -15.000014330.5381   16.2799
    0.0000    7.5000  -15.000015056.5811   16.2550
    7.5000    7.5000  -15.000014292.7920   16.2490
   -7.5000   15.0000  -15.000013460.0498   16.2722
    0.0000   15.0000  -15.000014178.9639   16.2468
    7.5000   15.0000  -15.000013417.4424   16.2508
   -7.5000   22.5000  -15.000012573.2510   16.3930
    0.0000   22.5000  -15.000013220.9199   16.3612
    7.5000   22.5000  -15.000012486.4414   16.3726
   -7.5000   30.0000  -15.000011694.6406   16.5386
    0.0000   30.0000  -15.000012287.0146   16.5012
    7.5000   30.0000  -15.000011587.9395   16.5076
   -7.5000   37.5000  -15.000011228.5205   17.0294
    0.0000   37.5000  -15.000011798.3047   17.0001
    7.5000   37.5000  -15.000011186.9658   16.9967
   -7.5000   45.0000  -15.000010404.0156   17.1616
    0.0000   45.0000  -15.000010923.5518   17.1472
    7.5000   45.0000  -15.000010389.2607   17.1360
   -7.5000  -45.0000   -7.500011569.3115   16.6085
    0.0000  -45.0000   -7.500012129.1064   16.5711
    7.5000  -45.0000   -7.500011661.5146   16.5599
   -7.5000  -37.5000   -7.500012240.1660   16.4712
    0.0000  -37.5000   -7.500012861.4873   16.4404
    7.5000  -37.5000   -7.500012393.5098   16.4288
   -7.5000  -30.0000   -7.500013342.5215   16.4443
    0.0000  -30.0000   -7.500014024.5449   16.4118
    7.5000  -30.0000   -7.500013467.3750   16.4082
   -7.5000  -22.5000   -7.500014286.4600   16.4438
    0.0000  -22.5000   -7.500015013.7764   16.4028
    7.5000  -22.5000   -7.500014420.2471   16.4086
   -7.5000  -15.0000   -7.500015088.2012   16.4443
    0.0000  -15.0000   -7.500015855.6201   16.3962
    7.5000  -15.0000   -7.500015201.1475   16.4041
   -7.5000   -7.5000   -7.500015639.2646   16.4413
    0.0000   -7.5000   -7.500016483.3613   16.3957
    7.5000   -7.5000   -7.500015707.1475   16.3948
   -7.5000    0.0000   -7.500016011.0059   16.4384
    0.0000    0.0000   -7.500016850.4590   16.4016
    7.5000    0.0000   -7.500016055.6826   16.3908
   -7.5000    7.5000   -7.500015154.0381   16.4405
    0.0000    7.5000   -7.500015924.8486   16.4097
    7.5000    7.5000   -7.500015154.6689   16.3983
   -7.5000   15.0000   -7.500014241.6650   16.4441
    0.0000   15.0000   -7.500014952.0635   16.4117
    7.5000   15.0000   -7.500014188.4824   16.4081
   -7.5000   22.5000   -7.500013255.2764   16.5640
    0.0000   22.5000   -7.500013971.4893   16.5259
    7.5000   22.5000   -7.500013183.6094   16.5326
   -7.5000   30.0000   -7.500012308.7236   16.7066
    0.0000   30.0000   -7.500012993.0479   16.6635
    7.5000   30.0000   -7.500012214.5801   16.6706
   -7.5000   37.5000   -7.500011804.9990   17.1929
    0.0000   37.5000   -7.500012474.6572   17.1590
    7.5000   37.5000   -7.500011780.6963   17.1589
   -7.5000   45.0000   -7.500010930.6367   17.3366
    0.0000   45.0000   -7.500011524.7998   17.3168
    7.5000   45.0000   -7.500010926.1572   17.3047
   -7.5000  -45.0000    0.000012130.0234   16.6141
    0.0000  -45.0000    0.000012718.5547   16.5734
    7.5000  -45.0000    0.000012214.3848   16.5593
   -7.5000  -37.5000    0.000012847.3652   16.4833
    0.0000  -37.5000    0.000013494.8408   16.4486
    7.5000  -37.5000    0.000012967.6279   16.4327
   -7.5000  -30.0000    0.000013993.5449   16.4678
    0.0000  -30.0000    0.000014698.6670   16.4318
    7.5000  -30.0000    0.000014097.4297   16.4232
   -7.5000  -22.5000    0.000014903.3779   16.4713
    0.0000  -22.5000    0.000015663.4902   16.4279
    7.5000  -22.5000    0.000015065.6084   16.4296
   -7.5000  -15.0000    0.000015664.4971   16.4658
    0.0000  -15.0000    0.000016467.9570   16.4158
    7.5000  -15.0000    0.000015801.6201   16.4213
   -7.5000   -7.5000    0.000016273.4199   16.4515
    0.0000   -7.5000    0.000017192.6445   16.4039
    7.5000   -7.5000    0.000016349.0459   16.4011
   -7.5000    0.0000    0.000016838.5449   16.4434
    0.0000    0.0000    0.000017788.9414   16.4036
    7.5000    0.0000    0.000016864.9141   16.3901
   -7.5000    7.5000    0.000016065.0576   16.4526
    0.0000    7.5000    0.000016912.8750   16.4180
    7.5000    7.5000    0.000016006.2119   16.4023
   -7.5000   15.0000    0.000015050.7451   16.4676
    0.0000   15.0000    0.000015817.1895   16.4317
    7.5000   15.0000    0.000014962.1836   16.4231
   -7.5000   22.5000    0.000013961.5742   16.5902
    0.0000   22.5000    0.000014711.7461   16.5501
    7.5000   22.5000    0.000013853.4414   16.5533
   -7.5000   30.0000    0.000012897.9316   16.7325
    0.0000   30.0000    0.000013651.6162   16.6880
    7.5000   30.0000    0.000012788.7764   16.6936
   -7.5000   37.5000    0.000012372.6006   17.2095
    0.0000   37.5000    0.000013109.8330   17.1728
    7.5000   37.5000    0.000012325.0518   17.1727
   -7.5000   45.0000    0.000011477.9082   17.3527
    0.0000   45.0000    0.000012106.5361   17.3291
    7.5000   45.0000    0.000011383.4980   17.3136
   -7.5000  -45.0000    7.500011716.3135   16.6283
    0.0000  -45.0000    7.500012295.4971   16.5894
    7.5000  -45.0000    7.500011773.2354   16.5744
   -7.5000  -37.5000    7.500012448.1328   16.4941
    0.0000  -37.5000    7.500013081.3418   16.4616
    7.5000  -37.5000    7.500012509.7949   16.4476
   -7.5000  -30.0000    7.500013574.3340   16.4789
    0.0000  -30.0000    7.500014216.2275   16.4469
    7.5000  -30.0000    7.500013586.8643   16.4419
   -7.5000  -22.5000    7.500014446.6035   16.4867
    0.0000  -22.5000    7.500015129.1143   16.4487
    7.5000  -22.5000    7.500014481.7207   16.4530
   -7.5000  -15.0000    7.500015173.8555   16.4844
    0.0000  -15.0000    7.500015842.6777   16.4399
    7.5000  -15.0000    7.500015155.8164   16.4451
   -7.5000   -7.5000    7.500015773.8643   16.4686
    0.0000   -7.5000    7.500016595.4902   16.4247
    7.5000   -7.5000    7.500015718.6689   16.4201
   -7.5000    0.0000    7.500016424.9805   16.4570
    0.0000    0.0000    7.500017413.4805   16.4189
    7.5000    0.0000    7.500016352.9893   16.4047
   -7.5000    7.5000    7.500015695.2637   16.4634
    0.0000    7.5000    7.500016634.9668   16.4309
    7.5000    7.5000    7.500015689.6680   16.4172
   -7.5000   15.0000    7.500014656.2568   16.4787
    0.0000   15.0000    7.500015539.9756   16.4468
    7.5000   15.0000    7.500014703.0703   16.4419
   -7.5000   22.5000    7.500013521.4414   16.6052
    0.0000   22.5000    7.500014379.6475   16.5701
    7.5000   22.5000    7.500013515.6055   16.5750
   -7.5000   30.0000    7.500012449.5469   16.7525
    0.0000   30.0000    7.500013259.9209   16.7129
    7.5000   30.0000    7.500012379.8496   16.7159
   -7.5000   37.5000    7.500011922.1709   17.2279
    0.0000   37.5000    7.500012651.5078   17.1941
    7.5000   37.5000    7.500011868.0303   17.1904
   -7.5000   45.0000    7.500011058.2852   17.3616
    0.0000   45.0000    7.500011650.0625   17.3400
    7.5000   45.0000    7.500010959.2822   17.3222
   -7.5000  -45.0000   15.000011206.6484   16.6699
    0.0000  -45.0000   15.000011694.6084   16.6352
    7.5000  -45.0000   15.000011203.3984   16.6211
   -7.5000  -37.5000   15.000011952.3584   16.5252
    0.0000  -37.5000   15.000012470.3223   16.4975
    7.5000  -37.5000   15.000011930.6504   16.4884
   -7.5000  -30.0000   15.000013027.7344   16.4987
    0.0000  -30.0000   15.000013573.5234   16.4728
    7.5000  -30.0000   15.000012964.6201   16.4755
   -7.5000  -22.5000   15.000013876.0654   16.5075
    0.0000  -22.5000   15.000014449.8730   16.4758
    7.5000  -22.5000   15.000013800.0879   16.4858
   -7.5000  -15.0000   15.000014570.0459   16.5152
    0.0000  -15.0000   15.000015199.4961   16.4763
    7.5000  -15.0000   15.000014467.6904   16.4830
   -7.5000   -7.5000   15.000015098.7812   16.5087
    0.0000   -7.5000   15.000015968.9658   16.4693
    7.5000   -7.5000   15.000015022.7402   16.4641
   -7.5000    0.0000   15.000015591.4814   16.4980
    0.0000    0.0000   15.000016644.0566   16.4640
    7.5000    0.0000   15.000015611.8135   16.4506
   -7.5000    7.5000   15.000014838.2832   16.4943
    0.0000    7.5000   15.000015885.6064   16.4667
    7.5000    7.5000   15.000014968.1387   16.4578
   -7.5000   15.0000   15.000013891.8545   16.4986
    0.0000   15.0000   15.000014895.6484   16.4728
    7.5000   15.0000   15.000014027.4785   16.4754
   -7.5000   22.5000   15.000012865.8174   16.6271
    0.0000   22.5000   15.000013761.3604   16.5974
    7.5000   22.5000   15.000012920.3730   16.6068
   -7.5000   30.0000   15.000011864.0713   16.7817
    0.0000   30.0000   15.000012622.7129   16.7469
    7.5000   30.0000   15.000011822.4531   16.7484
   -7.5000   37.5000   15.000011359.8750   17.2664
    0.0000   37.5000   15.000012013.0264   17.2365
    7.5000   37.5000   15.000011347.5068   17.2287
   -7.5000   45.0000   15.000010522.3760   17.3917
    0.0000   45.0000   15.000011045.6055   17.3748
    7.5000   45.0000   15.000010481.6484   17.3574
   -7.5000  -45.0000   22.500010646.8496   16.6952
    0.0000  -45.0000   22.500011062.8105   16.6634
    7.5000  -45.0000   22.500010550.4766   16.6516
   -7.5000  -37.5000   22.500011374.4258   16.5440
    0.0000  -37.5000   22.500011869.4727   16.5200
    7.5000  -37.5000   22.500011293.9678   16.5143
   -7.5000  -30.0000   22.500012387.8701   16.5058
    0.0000  -30.0000   22.500012935.6543   16.4828
    7.5000  -30.0000   22.500012316.5967   16.4894
   -7.5000  -22.5000   22.500013161.7822   16.5096
    0.0000  -22.5000   22.500013744.6934   16.4792
    7.5000  -22.5000   22.500013127.5674   16.4925
   -7.5000  -15.0000   22.500013815.3633   16.5230
    0.0000  -15.0000   22.500014417.5098   16.4845
    7.5000  -15.0000   22.500013748.1357   16.4935
   -7.5000   -7.5000   22.500014291.0293   16.5282
    0.0000   -7.5000   22.500015044.2812   16.4898
    7.5000   -7.5000   22.500014254.9688   16.4865
   -7.5000    0.0000   22.500014710.2676   16.5236
    0.0000    0.0000   22.500015492.5723   16.4922
    7.5000    0.0000   22.500014741.6729   16.4810
   -7.5000    7.5000   22.500013917.5830   16.5130
    0.0000    7.5000   22.500014606.9385   16.4890
    7.5000    7.5000   22.500014026.8037   16.4835
   -7.5000   15.0000   22.500013032.3125   16.5056
    0.0000   15.0000   22.500013676.9795   16.4827
    7.5000   15.0000   22.500013108.7900   16.4893
   -7.5000   22.5000   22.500012099.7354   16.6308
    0.0000   22.5000   22.500012714.1074   16.6022
    7.5000   22.5000   22.500012105.9141   16.6145
   -7.5000   30.0000   22.500011196.4043   16.7866
    0.0000   30.0000   22.500011764.9668   16.7521
    7.5000   30.0000   22.500011138.0693   16.7554
   -7.5000   37.5000   22.500010774.9590   17.2829
    0.0000   37.5000   22.500011291.5078   17.2546
    7.5000   37.5000   22.500010733.8232   17.2471
   -7.5000   45.0000   22.5000 9996.7900   17.4115
    0.0000   45.0000   22.500010458.3789   17.3979
    7.5000   45.0000   22.5000 9952.1289   17.3834
   -7.5000  -45.0000   30.0000 9979.8525   16.6874
    0.0000  -45.0000   30.000010412.6797   16.6546
    7.5000  -45.0000   30.0000 9907.8477   16.6450
   -7.5000  -37.5000   30.000010664.8555   16.5401
    0.0000  -37.5000   30.000011173.0264   16.5148
    7.5000  -37.5000   30.000010657.0088   16.5086
   -7.5000  -30.0000   30.000011611.7549   16.5014
    0.0000  -30.0000   30.000012143.5166   16.4757
    7.5000  -30.0000   30.000011601.7773   16.4798
   -7.5000  -22.5000   30.000012310.6299   16.5002
    0.0000  -22.5000   30.000012844.4082   16.4659
    7.5000  -22.5000   30.000012290.7021   16.4776
   -7.5000  -15.0000   30.000012886.8604   16.5097
    0.0000  -15.0000   30.000013423.7031   16.4673
    7.5000  -15.0000   30.000012826.5820   16.4772
   -7.5000   -7.5000   30.000013320.4600   16.5167
    0.0000   -7.5000   30.000013909.4844   16.4758
    7.5000   -7.5000   30.000013269.8740   16.4750
   -7.5000    0.0000   30.000013663.8867   16.5164
    0.0000    0.0000   30.000014243.0781   16.4841
    7.5000    0.0000   30.000013668.0732   16.4748
   -7.5000    7.5000   30.000012922.6055   16.5091
    0.0000    7.5000   30.000013446.3955   16.4839
    7.5000    7.5000   30.000012937.6992   16.4778
   -7.5000   15.0000   30.000012095.7803   16.5013
    0.0000   15.0000   30.000012609.6729   16.4756
    7.5000   15.0000   30.000012086.9443   16.4797
   -7.5000   22.5000   30.000011221.8418   16.6220
    0.0000   22.5000   30.000011701.7080   16.5898
    7.5000   22.5000   30.000011181.5371   16.6014
   -7.5000   30.0000   30.000010417.6924   16.7716
    0.0000   30.0000   30.000010885.8555   16.7337
    7.5000   30.0000   30.000010348.5811   16.7401
   -7.5000   37.5000   30.000010072.0078   17.2695
    0.0000   37.5000   30.000010503.0762   17.2397
    7.5000   37.5000   30.000010006.6191   17.2362
   -7.5000   45.0000   30.0000 9365.4551   17.4084
    0.0000   45.0000   30.0000 9747.6484   17.3937
    7.5000   45.0000   30.0000 9315.6855   17.3824
   -7.5000  -45.0000   37.5000 9632.3740   16.7531
    0.0000  -45.0000   37.500010094.5928   16.7155
    7.5000  -45.0000   37.5000 9671.7295   16.7041
   -7.5000  -37.5000   37.500010268.2197   16.6132
    0.0000  -37.5000   37.500010766.9307   16.5824
    7.5000  -37.5000   37.500010310.8887   16.5706
   -7.5000  -30.0000   37.500011175.1406   16.5855
    0.0000  -30.0000   37.500011663.7646   16.5529
    7.5000  -30.0000   37.500011171.1592   16.5493
   -7.5000  -22.5000   37.500011851.1543   16.5850
    0.0000  -22.5000   37.500012338.8750   16.5437
    7.5000  -22.5000   37.500011805.6787   16.5497
   -7.5000  -15.0000   37.500012400.7119   16.5859
    0.0000  -15.0000   37.500012898.9902   16.5373
    7.5000  -15.0000   37.500012321.0732   16.5455
   -7.5000   -7.5000   37.500012774.8877   16.5831
    0.0000   -7.5000   37.500013319.6738   16.5373
    7.5000   -7.5000   37.500012735.2109   16.5364
   -7.5000    0.0000   37.500013071.8027   16.5803
    0.0000    0.0000   37.500013621.0205   16.5434
    7.5000    0.0000   37.500013076.9648   16.5324
   -7.5000    7.5000   37.500012359.0176   16.5820
    0.0000    7.5000   37.500012852.0918   16.5512
    7.5000    7.5000   37.500012355.5293   16.5396
   -7.5000   15.0000   37.500011572.8574   16.5853
    0.0000   15.0000   37.500012036.6875   16.5527
    7.5000   15.0000   37.500011535.9941   16.5492
   -7.5000   22.5000   37.500010738.4336   16.7071
    0.0000   22.5000   37.500011168.9004   16.6687
    7.5000   22.5000   37.500010690.7139   16.6757
   -7.5000   30.0000   37.5000 9985.1328   16.8541
    0.0000   30.0000   37.500010404.7773   16.8106
    7.5000   30.0000   37.5000 9921.7012   16.8181
   -7.5000   37.5000   37.5000 9665.9248   17.3485
    0.0000   37.5000   37.500010067.6514   17.3145
    7.5000   37.5000   37.5000 9607.7275   17.3145
   -7.5000   45.0000   37.5000 8993.9590   17.4985
    0.0000   45.0000   37.5000 9377.5811   17.4789
    7.5000   45.0000   37.5000 8959.0703   17.4665
   -7.5000  -45.0000   45.0000 8871.1035   16.8396
    0.0000  -45.0000   45.0000 9282.1895   16.7977
    7.5000  -45.0000   45.0000 8912.8750   16.7826
   -7.5000  -37.5000   45.0000 9433.5947   16.7040
    0.0000  -37.5000   45.0000 9859.5820   16.6687
    7.5000  -37.5000   45.0000 9450.5469   16.6520
   -7.5000  -30.0000   45.000010275.1348   16.6881
    0.0000  -30.0000   45.000010711.6230   16.6519
    7.5000  -30.0000   45.000010241.3076   16.6428
   -7.5000  -22.5000   45.000010857.3213   16.6923
    0.0000  -22.5000   45.000011309.3984   16.6483
    7.5000  -22.5000   45.000010793.4199   16.6499
   -7.5000  -15.0000   45.000011347.0352   16.6869
    0.0000  -15.0000   45.000011807.3643   16.6358
    7.5000  -15.0000   45.000011250.9512   16.6411
   -7.5000   -7.5000   45.000011685.1094   16.6720
    0.0000   -7.5000   45.000012155.7705   16.6229
    7.5000   -7.5000   45.000011624.8174   16.6195
   -7.5000    0.0000   45.000011915.5166   16.6632
    0.0000    0.0000   45.000012416.3652   16.6222
    7.5000    0.0000   45.000011897.4375   16.6077
   -7.5000    7.5000   45.000011266.8262   16.6723
    0.0000    7.5000   45.000011736.6152   16.6371
    7.5000    7.5000   45.000011239.1992   16.6206
   -7.5000   15.0000   45.000010542.3789   16.6878
    0.0000   15.0000   45.000010971.5117   16.6518
    7.5000   15.0000   45.000010487.9219   16.6427
   -7.5000   22.5000   45.0000 9794.7891   16.8153
    0.0000   22.5000   45.000010171.7686   16.7748
    7.5000   22.5000   45.0000 9726.9912   16.7779
   -7.5000   30.0000   45.0000 9121.5947   16.9659
    0.0000   30.0000   45.0000 9482.3584   16.9203
    7.5000   30.0000   45.0000 9056.4004   16.9257
   -7.5000   37.5000   45.0000 8828.2764   17.4596
    0.0000   37.5000   45.0000 9200.5742   17.4218
    7.5000   37.5000   45.0000 8773.5107   17.4212
   -7.5000   45.0000   45.0000 8216.2529   17.6261
    0.0000   45.0000   45.0000 8582.9902   17.6018
    7.5000   45.0000   45.0000 8192.6025   17.5852

---------------------------------------------------------------------
imgreg_4dfp /opt/freesurfer/average/711-2C_as_mni_average_305 /opt/freesurfer/average/711-2B_as_mni_average_305_mask talsrcimg_g11 none talsrcimg_to_711-2C_as_mni_average_305_t4 4355
---------------------------------------------------------------------

freesurfer imgreg_4dfp.c
/opt/freesurfer/average/711-2C_as_mni_average_305.4dfp.img
       256       256       256         1
  1.000000  1.000000  1.000000
orientation T byte_order littleendian
Reading image: /opt/freesurfer/average/711-2C_as_mni_average_305.4dfp.img
dimensions:      256       256       256
mmppix:       1.0000   -1.0000   -1.0000
center:     128.0000 -129.0000 -129.0000
/opt/freesurfer/average/711-2B_as_mni_average_305_mask.4dfp.img
       256       256       256         1
  1.000000  1.000000  1.000000
orientation T byte_order littleendian
Reading mask: /opt/freesurfer/average/711-2B_as_mni_average_305_mask.4dfp.img (2306576 pixels)
talsrcimg_g11.4dfp.img
       256       256       256         1
  1.000000  1.000000  1.000000
orientation T byte_order littleendian
Reading image: talsrcimg_g11.4dfp.img
dimensions:      256       256       256
mmppix:       1.0000   -1.0000   -1.0000
center:     128.0000 -129.0000 -129.0000
rotation matrix determinant  1.000000
image alignment mode   4355 decimal     1103 hex
   -7.5000  -45.0000  -45.0000 2095.4858   19.6139
    0.0000  -45.0000  -45.0000 2127.4453   19.4705
    7.5000  -45.0000  -45.0000 2138.5237   19.4704
   -7.5000  -37.5000  -45.0000 2129.3472   18.9240
    0.0000  -37.5000  -45.0000 2154.2048   18.7550
    7.5000  -37.5000  -45.0000 2157.2773   18.7526
   -7.5000  -30.0000  -45.0000 2166.5303   18.3173
    0.0000  -30.0000  -45.0000 2186.8247   18.1434
    7.5000  -30.0000  -45.0000 2180.5430   18.1840
   -7.5000  -22.5000  -45.0000 2212.4910   17.8358
    0.0000  -22.5000  -45.0000 2222.7991   17.7329
    7.5000  -22.5000  -45.0000 2214.1367   17.8011
   -7.5000  -15.0000  -45.0000 2226.9041   17.5095
    0.0000  -15.0000  -45.0000 2246.1904   17.4902
    7.5000  -15.0000  -45.0000 2236.2390   17.5483
   -7.5000   -7.5000  -45.0000 2238.8516   17.2922
    0.0000   -7.5000  -45.0000 2255.4158   17.2929
    7.5000   -7.5000  -45.0000 2242.3401   17.3349
   -7.5000    0.0000  -45.0000 2238.5239   17.1695
    0.0000    0.0000  -45.0000 2252.7390   17.1224
    7.5000    0.0000  -45.0000 2232.2166   17.2161
   -7.5000    7.5000  -45.0000 2238.0090   17.1586
    0.0000    7.5000  -45.0000 2251.3862   17.0692
    7.5000    7.5000  -45.0000 2224.6260   17.1827
   -7.5000   15.0000  -45.0000 2231.4062   17.3347
    0.0000   15.0000  -45.0000 2235.1980   17.3004
    7.5000   15.0000  -45.0000 2212.7144   17.4034
   -7.5000   22.5000  -45.0000 2209.1484   17.8771
    0.0000   22.5000  -45.0000 2214.3989   17.8624
    7.5000   22.5000  -45.0000 2190.4734   17.9850
   -7.5000   30.0000  -45.0000 2166.8738   18.8181
    0.0000   30.0000  -45.0000 2165.8264   18.7951
    7.5000   30.0000  -45.0000 2143.0566   18.9767
   -7.5000   37.5000  -45.0000 2096.7119   20.1434
    0.0000   37.5000  -45.0000 2099.0652   20.1222
    7.5000   37.5000  -45.0000 2080.1904   20.3025
   -7.5000   45.0000  -45.0000 2005.7266   21.9022
    0.0000   45.0000  -45.0000 2010.2421   21.7765
    7.5000   45.0000  -45.0000 1991.1167   22.0228
   -7.5000  -45.0000  -37.5000 2187.5479   17.8790
    0.0000  -45.0000  -37.5000 2220.3113   17.8584
    7.5000  -45.0000  -37.5000 2231.5422   17.8785
   -7.5000  -37.5000  -37.5000 2225.0161   17.3117
    0.0000  -37.5000  -37.5000 2255.1680   17.2378
    7.5000  -37.5000  -37.5000 2256.1897   17.2331
   -7.5000  -30.0000  -37.5000 2263.1389   16.8120
    0.0000  -30.0000  -37.5000 2290.8860   16.6818
    7.5000  -30.0000  -37.5000 2287.8879   16.6868
   -7.5000  -22.5000  -37.5000 2309.3162   16.3654
    0.0000  -22.5000  -37.5000 2331.4822   16.2776
    7.5000  -22.5000  -37.5000 2318.4705   16.2889
   -7.5000  -15.0000  -37.5000 2329.5811   16.0773
    0.0000  -15.0000  -37.5000 2347.9341   16.0359
    7.5000  -15.0000  -37.5000 2341.3508   16.0383
   -7.5000   -7.5000  -37.5000 2345.0208   15.9380
    0.0000   -7.5000  -37.5000 2360.7048   15.8753
    7.5000   -7.5000  -37.5000 2347.9897   15.9211
   -7.5000    0.0000  -37.5000 2347.3127   15.8274
    0.0000    0.0000  -37.5000 2358.6296   15.7215
    7.5000    0.0000  -37.5000 2338.2292   15.8489
   -7.5000    7.5000  -37.5000 2347.8018   15.8463
    0.0000    7.5000  -37.5000 2351.2891   15.7500
    7.5000    7.5000  -37.5000 2328.0303   15.8846
   -7.5000   15.0000  -37.5000 2336.5913   16.0656
    0.0000   15.0000  -37.5000 2338.8438   16.0294
    7.5000   15.0000  -37.5000 2317.5046   16.1739
   -7.5000   22.5000  -37.5000 2308.9758   16.5878
    0.0000   22.5000  -37.5000 2311.8928   16.5411
    7.5000   22.5000  -37.5000 2284.3840   16.6901
   -7.5000   30.0000  -37.5000 2256.6179   17.3815
    0.0000   30.0000  -37.5000 2255.9233   17.3637
    7.5000   30.0000  -37.5000 2229.0762   17.5600
   -7.5000   37.5000  -37.5000 2189.6011   18.5577
    0.0000   37.5000  -37.5000 2190.8984   18.5506
    7.5000   37.5000  -37.5000 2164.3928   18.7541
   -7.5000   45.0000  -37.5000 2099.0325   20.1301
    0.0000   45.0000  -37.5000 2097.3606   20.1057
    7.5000   45.0000  -37.5000 2075.0869   20.3195
   -7.5000  -45.0000  -30.0000 2316.7988   17.0497
    0.0000  -45.0000  -30.0000 2348.9021   16.9811
    7.5000  -45.0000  -30.0000 2357.4163   17.0156
   -7.5000  -37.5000  -30.0000 2353.4504   16.4839
    0.0000  -37.5000  -30.0000 2391.7161   16.4243
    7.5000  -37.5000  -30.0000 2391.7827   16.4644
   -7.5000  -30.0000  -30.0000 2397.4304   15.9840
    0.0000  -30.0000  -30.0000 2435.8293   15.8936
    7.5000  -30.0000  -30.0000 2432.8254   15.9478
   -7.5000  -22.5000  -30.0000 2440.2234   15.5999
    0.0000  -22.5000  -30.0000 2468.6680   15.4743
    7.5000  -22.5000  -30.0000 2459.1187   15.5374
   -7.5000  -15.0000  -30.0000 2463.3101   15.3366
    0.0000  -15.0000  -30.0000 2484.4839   15.2060
    7.5000  -15.0000  -30.0000 2477.1973   15.2473
   -7.5000   -7.5000  -30.0000 2488.9072   15.1864
    0.0000   -7.5000  -30.0000 2502.2542   15.0611
    7.5000   -7.5000  -30.0000 2491.9585   15.1410
   -7.5000    0.0000  -30.0000 2502.5198   15.0661
    0.0000    0.0000  -30.0000 2506.2957   14.9877
    7.5000    0.0000  -30.0000 2491.1636   15.0894
   -7.5000    7.5000  -30.0000 2501.5337   15.1266
    0.0000    7.5000  -30.0000 2499.8445   15.0538
    7.5000    7.5000  -30.0000 2477.6926   15.2103
   -7.5000   15.0000  -30.0000 2486.2529   15.4233
    0.0000   15.0000  -30.0000 2487.2324   15.3412
    7.5000   15.0000  -30.0000 2464.7410   15.5358
   -7.5000   22.5000  -30.0000 2456.4148   15.9353
    0.0000   22.5000  -30.0000 2454.3174   15.8280
    7.5000   22.5000  -30.0000 2428.5964   16.0546
   -7.5000   30.0000  -30.0000 2393.8198   16.6905
    0.0000   30.0000  -30.0000 2400.7915   16.6355
    7.5000   30.0000  -30.0000 2367.4866   16.8500
   -7.5000   37.5000  -30.0000 2328.8562   17.7646
    0.0000   37.5000  -30.0000 2328.8457   17.7358
    7.5000   37.5000  -30.0000 2295.5156   17.9446
   -7.5000   45.0000  -30.0000 2225.6541   19.2336
    0.0000   45.0000  -30.0000 2228.0806   19.2140
    7.5000   45.0000  -30.0000 2198.9719   19.4201
   -7.5000  -45.0000  -22.5000 2411.7070   16.2482
    0.0000  -45.0000  -22.5000 2448.5283   16.0943
    7.5000  -45.0000  -22.5000 2456.8521   16.0865
   -7.5000  -37.5000  -22.5000 2459.1226   15.6384
    0.0000  -37.5000  -22.5000 2494.3823   15.4819
    7.5000  -37.5000  -22.5000 2494.7285   15.5624
   -7.5000  -30.0000  -22.5000 2505.3865   15.1540
    0.0000  -30.0000  -22.5000 2537.9419   14.9886
    7.5000  -30.0000  -22.5000 2530.2881   15.0601
   -7.5000  -22.5000  -22.5000 2544.1399   14.7599
    0.0000  -22.5000  -22.5000 2573.2991   14.5975
    7.5000  -22.5000  -22.5000 2559.5798   14.6835
   -7.5000  -15.0000  -22.5000 2572.9404   14.4734
    0.0000  -15.0000  -22.5000 2595.3867   14.3375
    7.5000  -15.0000  -22.5000 2580.9412   14.4067
   -7.5000   -7.5000  -22.5000 2600.1306   14.3240
    0.0000   -7.5000  -22.5000 2615.7156   14.2191
    7.5000   -7.5000  -22.5000 2601.4185   14.2877
   -7.5000    0.0000  -22.5000 2622.1743   14.2270
    0.0000    0.0000  -22.5000 2625.6252   14.1168
    7.5000    0.0000  -22.5000 2605.5676   14.2331
   -7.5000    7.5000  -22.5000 2627.0728   14.2734
    0.0000    7.5000  -22.5000 2625.7446   14.1704
    7.5000    7.5000  -22.5000 2601.0503   14.3294
   -7.5000   15.0000  -22.5000 2613.8508   14.5662
    0.0000   15.0000  -22.5000 2618.0664   14.5015
    7.5000   15.0000  -22.5000 2591.4578   14.6510
   -7.5000   22.5000  -22.5000 2583.3655   15.1398
    0.0000   22.5000  -22.5000 2590.1953   15.0300
    7.5000   22.5000  -22.5000 2555.2759   15.2524
   -7.5000   30.0000  -22.5000 2521.5964   15.8973
    0.0000   30.0000  -22.5000 2529.8977   15.8036
    7.5000   30.0000  -22.5000 2498.0828   16.0291
   -7.5000   37.5000  -22.5000 2445.8877   16.8781
    0.0000   37.5000  -22.5000 2452.6052   16.8291
    7.5000   37.5000  -22.5000 2414.1060   17.0322
   -7.5000   45.0000  -22.5000 2329.6123   18.2891
    0.0000   45.0000  -22.5000 2338.0281   18.2118
    7.5000   45.0000  -22.5000 2308.6382   18.3712
   -7.5000  -45.0000  -15.0000 2475.4041   15.5808
    0.0000  -45.0000  -15.0000 2510.0867   15.3459
    7.5000  -45.0000  -15.0000 2512.2437   15.3601
   -7.5000  -37.5000  -15.0000 2516.6497   14.9477
    0.0000  -37.5000  -15.0000 2555.9470   14.7403
    7.5000  -37.5000  -15.0000 2552.3706   14.8152
   -7.5000  -30.0000  -15.0000 2560.6975   14.4343
    0.0000  -30.0000  -15.0000 2603.8115   14.2362
    7.5000  -30.0000  -15.0000 2593.7454   14.3150
   -7.5000  -22.5000  -15.0000 2606.8301   14.0049
    0.0000  -22.5000  -15.0000 2638.3149   13.8180
    7.5000  -22.5000  -15.0000 2625.0110   13.9299
   -7.5000  -15.0000  -15.0000 2645.9023   13.7288
    0.0000  -15.0000  -15.0000 2672.0120   13.5511
    7.5000  -15.0000  -15.0000 2656.0864   13.6529
   -7.5000   -7.5000  -15.0000 2682.4490   13.5617
    0.0000   -7.5000  -15.0000 2703.1157   13.3924
    7.5000   -7.5000  -15.0000 2683.7156   13.4959
   -7.5000    0.0000  -15.0000 2705.1831   13.4605
    0.0000    0.0000  -15.0000 2718.3335   13.2925
    7.5000    0.0000  -15.0000 2696.3008   13.3922
   -7.5000    7.5000  -15.0000 2720.8806   13.4921
    0.0000    7.5000  -15.0000 2729.7520   13.3484
    7.5000    7.5000  -15.0000 2701.2366   13.4828
   -7.5000   15.0000  -15.0000 2717.8845   13.8046
    0.0000   15.0000  -15.0000 2726.3723   13.7057
    7.5000   15.0000  -15.0000 2692.3582   13.8348
   -7.5000   22.5000  -15.0000 2684.2222   14.3905
    0.0000   22.5000  -15.0000 2696.3057   14.2603
    7.5000   22.5000  -15.0000 2664.3606   14.4422
   -7.5000   30.0000  -15.0000 2619.0566   15.0905
    0.0000   30.0000  -15.0000 2629.3403   14.9932
    7.5000   30.0000  -15.0000 2600.1338   15.2199
   -7.5000   37.5000  -15.0000 2529.2361   16.0174
    0.0000   37.5000  -15.0000 2536.9807   15.9388
    7.5000   37.5000  -15.0000 2506.1484   16.1732
   -7.5000   45.0000  -15.0000 2406.8010   17.3837
    0.0000   45.0000  -15.0000 2419.1521   17.2596
    7.5000   45.0000  -15.0000 2391.3855   17.4915
   -7.5000  -45.0000   -7.5000 2514.2937   15.0094
    0.0000  -45.0000   -7.5000 2551.1880   14.7237
    7.5000  -45.0000   -7.5000 2552.3562   14.7504
   -7.5000  -37.5000   -7.5000 2552.8696   14.3562
    0.0000  -37.5000   -7.5000 2588.6472   14.1123
    7.5000  -37.5000   -7.5000 2589.8503   14.1778
   -7.5000  -30.0000   -7.5000 2598.3640   13.8427
    0.0000  -30.0000   -7.5000 2637.8396   13.6008
    7.5000  -30.0000   -7.5000 2627.6489   13.6706
   -7.5000  -22.5000   -7.5000 2646.7529   13.4088
    0.0000  -22.5000   -7.5000 2676.7310   13.1702
    7.5000  -22.5000   -7.5000 2670.0210   13.2573
   -7.5000  -15.0000   -7.5000 2693.8252   13.0913
    0.0000  -15.0000   -7.5000 2720.7249   12.8749
    7.5000  -15.0000   -7.5000 2710.4683   12.9621
   -7.5000   -7.5000   -7.5000 2739.5894   12.9043
    0.0000   -7.5000   -7.5000 2766.7166   12.7048
    7.5000   -7.5000   -7.5000 2748.2598   12.8104
   -7.5000    0.0000   -7.5000 2777.4253   12.8740
    0.0000    0.0000   -7.5000 2792.7488   12.6617
    7.5000    0.0000   -7.5000 2768.5671   12.7443
   -7.5000    7.5000   -7.5000 2807.2979   12.9267
    0.0000    7.5000   -7.5000 2819.9939   12.7131
    7.5000    7.5000   -7.5000 2780.9355   12.8337
   -7.5000   15.0000   -7.5000 2806.6812   13.2347
    0.0000   15.0000   -7.5000 2816.9670   13.0796
    7.5000   15.0000   -7.5000 2776.9116   13.2112
   -7.5000   22.5000   -7.5000 2762.4641   13.7527
    0.0000   22.5000   -7.5000 2781.5605   13.6025
    7.5000   22.5000   -7.5000 2743.8267   13.7833
   -7.5000   30.0000   -7.5000 2690.9619   14.4331
    0.0000   30.0000   -7.5000 2703.2200   14.2839
    7.5000   30.0000   -7.5000 2670.5022   14.5078
   -7.5000   37.5000   -7.5000 2583.5698   15.3365
    0.0000   37.5000   -7.5000 2600.4846   15.1513
    7.5000   37.5000   -7.5000 2570.5786   15.4548
   -7.5000   45.0000   -7.5000 2452.8613   16.6360
    0.0000   45.0000   -7.5000 2469.2219   16.4560
    7.5000   45.0000   -7.5000 2444.2229   16.7241
   -7.5000  -45.0000    0.0000 2532.3081   14.6683
    0.0000  -45.0000    0.0000 2567.6121   14.3266
    7.5000  -45.0000    0.0000 2576.1611   14.3656
   -7.5000  -37.5000    0.0000 2569.4807   13.9999
    0.0000  -37.5000    0.0000 2603.3774   13.6996
    7.5000  -37.5000    0.0000 2608.3953   13.7657
   -7.5000  -30.0000    0.0000 2618.8938   13.4679
    0.0000  -30.0000    0.0000 2650.0476   13.1421
    7.5000  -30.0000    0.0000 2647.3638   13.2424
   -7.5000  -22.5000    0.0000 2668.6111   13.0010
    0.0000  -22.5000    0.0000 2693.7271   12.6968
    7.5000  -22.5000    0.0000 2694.2900   12.8188
   -7.5000  -15.0000    0.0000 2719.0281   12.6605
    0.0000  -15.0000    0.0000 2735.8989   12.3714
    7.5000  -15.0000    0.0000 2728.7444   12.4906
   -7.5000   -7.5000    0.0000 2776.4434   12.5058
    0.0000   -7.5000    0.0000 2794.2097   12.2445
    7.5000   -7.5000    0.0000 2771.0083   12.3454
   -7.5000    0.0000    0.0000 2824.1655   12.5722
    0.0000    0.0000    0.0000 2837.6948   12.3477
    7.5000    0.0000    0.0000 2809.7329   12.3687
   -7.5000    7.5000    0.0000 2868.5146   12.6819
    0.0000    7.5000    0.0000 2890.1978   12.4306
    7.5000    7.5000    0.0000 2840.4275   12.5423
   -7.5000   15.0000    0.0000 2874.8025   12.9773
    0.0000   15.0000    0.0000 2887.6428   12.7443
    7.5000   15.0000    0.0000 2838.7910   12.9022
   -7.5000   22.5000    0.0000 2824.2737   13.3988
    0.0000   22.5000    0.0000 2840.3281   13.2028
    7.5000   22.5000    0.0000 2787.3811   13.4126
   -7.5000   30.0000    0.0000 2735.2156   14.0263
    0.0000   30.0000    0.0000 2746.3684   13.8303
    7.5000   30.0000    0.0000 2701.7004   14.0639
   -7.5000   37.5000    0.0000 2616.7930   14.9267
    0.0000   37.5000    0.0000 2632.3364   14.7083
    7.5000   37.5000    0.0000 2595.6106   14.9880
   -7.5000   45.0000    0.0000 2488.1855   16.2268
    0.0000   45.0000    0.0000 2498.5210   16.0320
    7.5000   45.0000    0.0000 2465.8010   16.2505
   -7.5000  -45.0000    7.5000 2540.9146   14.5024
    0.0000  -45.0000    7.5000 2575.5518   14.1891
    7.5000  -45.0000    7.5000 2587.9614   14.1801
   -7.5000  -37.5000    7.5000 2574.0691   13.8410
    0.0000  -37.5000    7.5000 2607.1719   13.5602
    7.5000  -37.5000    7.5000 2611.9143   13.5598
   -7.5000  -30.0000    7.5000 2620.0691   13.2845
    0.0000  -30.0000    7.5000 2646.1428   12.9861
    7.5000  -30.0000    7.5000 2644.0168   13.0290
   -7.5000  -22.5000    7.5000 2670.8613   12.8214
    0.0000  -22.5000    7.5000 2688.0044   12.4894
    7.5000  -22.5000    7.5000 2681.7859   12.5629
   -7.5000  -15.0000    7.5000 2725.4377   12.4735
    0.0000  -15.0000    7.5000 2729.8945   12.1606
    7.5000  -15.0000    7.5000 2720.0308   12.2657
   -7.5000   -7.5000    7.5000 2788.6765   12.3563
    0.0000   -7.5000    7.5000 2794.0850   12.0951
    7.5000   -7.5000    7.5000 2774.4783   12.1614
   -7.5000    0.0000    7.5000 2847.2373   12.4484
    0.0000    0.0000    7.5000 2860.8110   12.2687
    7.5000    0.0000    7.5000 2825.2253   12.2789
   -7.5000    7.5000    7.5000 2896.2944   12.6401
    0.0000    7.5000    7.5000 2926.3647   12.5249
    7.5000    7.5000    7.5000 2865.8728   12.5153
   -7.5000   15.0000    7.5000 2900.0400   12.8370
    0.0000   15.0000    7.5000 2937.2937   12.7188
    7.5000   15.0000    7.5000 2865.8540   12.8300
   -7.5000   22.5000    7.5000 2850.5708   13.1783
    0.0000   22.5000    7.5000 2876.6692   13.0423
    7.5000   22.5000    7.5000 2807.4194   13.2332
   -7.5000   30.0000    7.5000 2751.5288   13.7728
    0.0000   30.0000    7.5000 2767.1472   13.6568
    7.5000   30.0000    7.5000 2710.2844   13.8338
   -7.5000   37.5000    7.5000 2624.7959   14.7377
    0.0000   37.5000    7.5000 2631.4468   14.5745
    7.5000   37.5000    7.5000 2602.4607   14.7613
   -7.5000   45.0000    7.5000 2489.9573   16.0557
    0.0000   45.0000    7.5000 2494.6565   15.8936
    7.5000   45.0000    7.5000 2466.7268   16.0384
   -7.5000  -45.0000   15.0000 2527.8843   14.5833
    0.0000  -45.0000   15.0000 2558.6860   14.2473
    7.5000  -45.0000   15.0000 2566.9646   14.2616
   -7.5000  -37.5000   15.0000 2559.1052   13.8802
    0.0000  -37.5000   15.0000 2588.3640   13.5591
    7.5000  -37.5000   15.0000 2588.9326   13.6002
   -7.5000  -30.0000   15.0000 2598.1025   13.3711
    0.0000  -30.0000   15.0000 2616.6028   12.9893
    7.5000  -30.0000   15.0000 2611.8208   13.0914
   -7.5000  -22.5000   15.0000 2647.5535   12.8866
    0.0000  -22.5000   15.0000 2653.9897   12.5562
    7.5000  -22.5000   15.0000 2646.3193   12.6741
   -7.5000  -15.0000   15.0000 2702.1965   12.5556
    0.0000  -15.0000   15.0000 2707.2751   12.2868
    7.5000  -15.0000   15.0000 2687.6672   12.4026
   -7.5000   -7.5000   15.0000 2766.7854   12.3981
    0.0000   -7.5000   15.0000 2774.4619   12.2009
    7.5000   -7.5000   15.0000 2743.2412   12.2888
   -7.5000    0.0000   15.0000 2822.7688   12.4951
    0.0000    0.0000   15.0000 2839.7092   12.3966
    7.5000    0.0000   15.0000 2802.9365   12.4040
   -7.5000    7.5000   15.0000 2871.6023   12.6695
    0.0000    7.5000   15.0000 2901.0984   12.6037
    7.5000    7.5000   15.0000 2847.7668   12.6340
   -7.5000   15.0000   15.0000 2874.6270   12.8970
    0.0000   15.0000   15.0000 2905.5259   12.8322
    7.5000   15.0000   15.0000 2851.8286   12.9196
   -7.5000   22.5000   15.0000 2829.3442   13.2454
    0.0000   22.5000   15.0000 2855.7349   13.1795
    7.5000   22.5000   15.0000 2796.7981   13.3248
   -7.5000   30.0000   15.0000 2732.3169   13.8860
    0.0000   30.0000   15.0000 2746.2366   13.7972
    7.5000   30.0000   15.0000 2692.1921   13.9272
   -7.5000   37.5000   15.0000 2604.3550   14.8611
    0.0000   37.5000   15.0000 2613.0083   14.6761
    7.5000   37.5000   15.0000 2585.2178   14.8144
   -7.5000   45.0000   15.0000 2463.5674   16.1172
    0.0000   45.0000   15.0000 2466.9832   15.9295
    7.5000   45.0000   15.0000 2447.2229   16.0619
   -7.5000  -45.0000   22.5000 2488.7744   14.9670
    0.0000  -45.0000   22.5000 2514.5349   14.5307
    7.5000  -45.0000   22.5000 2517.8560   14.4979
   -7.5000  -37.5000   22.5000 2523.6562   14.2703
    0.0000  -37.5000   22.5000 2548.9753   13.9088
    7.5000  -37.5000   22.5000 2545.4675   13.9448
   -7.5000  -30.0000   22.5000 2559.3010   13.6989
    0.0000  -30.0000   22.5000 2576.4609   13.3897
    7.5000  -30.0000   22.5000 2566.9482   13.4889
   -7.5000  -22.5000   22.5000 2605.8870   13.2339
    0.0000  -22.5000   22.5000 2614.9033   12.9456
    7.5000  -22.5000   22.5000 2599.1482   13.1068
   -7.5000  -15.0000   22.5000 2661.4475   12.8891
    0.0000  -15.0000   22.5000 2665.6946   12.6294
    7.5000  -15.0000   22.5000 2643.7505   12.8072
   -7.5000   -7.5000   22.5000 2721.6448   12.7021
    0.0000   -7.5000   22.5000 2726.3501   12.5035
    7.5000   -7.5000   22.5000 2702.1743   12.6865
   -7.5000    0.0000   22.5000 2781.5300   12.7949
    0.0000    0.0000   22.5000 2793.8816   12.6208
    7.5000    0.0000   22.5000 2759.3740   12.7408
   -7.5000    7.5000   22.5000 2819.1289   12.9288
    0.0000    7.5000   22.5000 2839.9309   12.6905
    7.5000    7.5000   22.5000 2799.5959   12.9317
   -7.5000   15.0000   22.5000 2822.5054   13.1812
    0.0000   15.0000   22.5000 2846.3853   12.9844
    7.5000   15.0000   22.5000 2799.7876   13.2062
   -7.5000   22.5000   22.5000 2776.2737   13.5943
    0.0000   22.5000   22.5000 2798.0674   13.4614
    7.5000   22.5000   22.5000 2751.8193   13.6484
   -7.5000   30.0000   22.5000 2681.9758   14.2611
    0.0000   30.0000   22.5000 2701.5500   14.1179
    7.5000   30.0000   22.5000 2653.3633   14.2940
   -7.5000   37.5000   22.5000 2562.5510   15.2296
    0.0000   37.5000   22.5000 2573.5940   15.0312
    7.5000   37.5000   22.5000 2546.4766   15.1759
   -7.5000   45.0000   22.5000 2425.9744   16.4601
    0.0000   45.0000   22.5000 2433.3152   16.2510
    7.5000   45.0000   22.5000 2411.9370   16.4019
   -7.5000  -45.0000   30.0000 2429.3584   15.4879
    0.0000  -45.0000   30.0000 2457.5735   15.0955
    7.5000  -45.0000   30.0000 2455.0935   15.0532
   -7.5000  -37.5000   30.0000 2467.0901   14.8041
    0.0000  -37.5000   30.0000 2497.4297   14.4885
    7.5000  -37.5000   30.0000 2493.7334   14.5351
   -7.5000  -30.0000   30.0000 2512.0825   14.2463
    0.0000  -30.0000   30.0000 2532.6125   13.9474
    7.5000  -30.0000   30.0000 2523.7698   14.0671
   -7.5000  -22.5000   30.0000 2560.5847   13.7620
    0.0000  -22.5000   30.0000 2574.4412   13.4341
    7.5000  -22.5000   30.0000 2555.4788   13.6344
   -7.5000  -15.0000   30.0000 2611.8999   13.4308
    0.0000  -15.0000   30.0000 2623.9136   13.1190
    7.5000  -15.0000   30.0000 2602.1719   13.3375
   -7.5000   -7.5000   30.0000 2669.4395   13.2379
    0.0000   -7.5000   30.0000 2677.0757   13.0028
    7.5000   -7.5000   30.0000 2652.2737   13.1948
   -7.5000    0.0000   30.0000 2718.7446   13.2831
    0.0000    0.0000   30.0000 2730.9980   13.0417
    7.5000    0.0000   30.0000 2697.2888   13.2672
   -7.5000    7.5000   30.0000 2749.5159   13.3761
    0.0000    7.5000   30.0000 2757.4028   13.1255
    7.5000    7.5000   30.0000 2721.2922   13.3975
   -7.5000   15.0000   30.0000 2742.1785   13.6818
    0.0000   15.0000   30.0000 2750.8738   13.4837
    7.5000   15.0000   30.0000 2714.5869   13.7159
   -7.5000   22.5000   30.0000 2693.4541   14.1569
    0.0000   22.5000   30.0000 2705.8677   13.9882
    7.5000   22.5000   30.0000 2668.2896   14.2051
   -7.5000   30.0000   30.0000 2611.0991   14.8275
    0.0000   30.0000   30.0000 2625.2529   14.6758
    7.5000   30.0000   30.0000 2587.1343   14.8715
   -7.5000   37.5000   30.0000 2503.2595   15.7962
    0.0000   37.5000   30.0000 2514.9482   15.5953
    7.5000   37.5000   30.0000 2487.3975   15.7680
   -7.5000   45.0000   30.0000 2373.4707   17.0744
    0.0000   45.0000   30.0000 2383.0593   16.8263
    7.5000   45.0000   30.0000 2369.1536   16.9862
   -7.5000  -45.0000   37.5000 2360.3000   16.2229
    0.0000  -45.0000   37.5000 2393.7747   15.7729
    7.5000  -45.0000   37.5000 2393.2783   15.7974
   -7.5000  -37.5000   37.5000 2407.8728   15.5208
    0.0000  -37.5000   37.5000 2437.6582   15.1362
    7.5000  -37.5000   37.5000 2434.8779   15.1987
   -7.5000  -30.0000   37.5000 2457.1646   14.9678
    0.0000  -30.0000   37.5000 2476.0999   14.5907
    7.5000  -30.0000   37.5000 2468.1086   14.7032
   -7.5000  -22.5000   37.5000 2510.0737   14.4828
    0.0000  -22.5000   37.5000 2527.9553   14.0996
    7.5000  -22.5000   37.5000 2507.6550   14.2697
   -7.5000  -15.0000   37.5000 2561.5786   14.1098
    0.0000  -15.0000   37.5000 2577.1050   13.7935
    7.5000  -15.0000   37.5000 2552.1990   14.0031
   -7.5000   -7.5000   37.5000 2603.8379   13.9379
    0.0000   -7.5000   37.5000 2618.6123   13.6863
    7.5000   -7.5000   37.5000 2595.7642   13.9051
   -7.5000    0.0000   37.5000 2635.9104   13.9717
    0.0000    0.0000   37.5000 2652.7800   13.7298
    7.5000    0.0000   37.5000 2624.2524   13.9461
   -7.5000    7.5000   37.5000 2659.3777   14.1039
    0.0000    7.5000   37.5000 2666.1226   13.8662
    7.5000    7.5000   37.5000 2635.5173   14.0935
   -7.5000   15.0000   37.5000 2644.4092   14.4691
    0.0000   15.0000   37.5000 2651.0059   14.2493
    7.5000   15.0000   37.5000 2618.4382   14.4810
   -7.5000   22.5000   37.5000 2595.5503   14.9775
    0.0000   22.5000   37.5000 2602.3862   14.7743
    7.5000   22.5000   37.5000 2572.2947   15.0063
   -7.5000   30.0000   37.5000 2522.6345   15.6567
    0.0000   30.0000   37.5000 2535.1311   15.4856
    7.5000   30.0000   37.5000 2500.5278   15.7198
   -7.5000   37.5000   37.5000 2427.1523   16.6243
    0.0000   37.5000   37.5000 2438.0554   16.3973
    7.5000   37.5000   37.5000 2411.2695   16.6028
   -7.5000   45.0000   37.5000 2311.7017   17.8081
    0.0000   45.0000   37.5000 2325.1577   17.6207
    7.5000   45.0000   37.5000 2305.9829   17.8046
   -7.5000  -45.0000   45.0000 2290.0532   17.1934
    0.0000  -45.0000   45.0000 2326.3550   16.6755
    7.5000  -45.0000   45.0000 2328.7234   16.6548
   -7.5000  -37.5000   45.0000 2340.1509   16.4478
    0.0000  -37.5000   45.0000 2369.6877   15.9684
    7.5000  -37.5000   45.0000 2367.7444   15.9829
   -7.5000  -30.0000   45.0000 2397.4534   15.8536
    0.0000  -30.0000   45.0000 2417.0366   15.4337
    7.5000  -30.0000   45.0000 2403.6748   15.5306
   -7.5000  -22.5000   45.0000 2446.8333   15.3750
    0.0000  -22.5000   45.0000 2466.3276   14.9600
    7.5000  -22.5000   45.0000 2443.8003   15.0996
   -7.5000  -15.0000   45.0000 2489.1423   15.0325
    0.0000  -15.0000   45.0000 2510.0481   14.6609
    7.5000  -15.0000   45.0000 2481.9609   14.8354
   -7.5000   -7.5000   45.0000 2524.4280   14.8645
    0.0000   -7.5000   45.0000 2543.7161   14.5668
    7.5000   -7.5000   45.0000 2517.4094   14.7835
   -7.5000    0.0000   45.0000 2546.2861   14.8586
    0.0000    0.0000   45.0000 2562.7595   14.6174
    7.5000    0.0000   45.0000 2536.2268   14.8339
   -7.5000    7.5000   45.0000 2560.3501   15.0527
    0.0000    7.5000   45.0000 2568.5715   14.8455
    7.5000    7.5000   45.0000 2539.4358   15.0451
   -7.5000   15.0000   45.0000 2539.8640   15.4759
    0.0000   15.0000   45.0000 2546.4299   15.2762
    7.5000   15.0000   45.0000 2514.3887   15.4864
   -7.5000   22.5000   45.0000 2495.4124   16.0434
    0.0000   22.5000   45.0000 2498.0491   15.8377
    7.5000   22.5000   45.0000 2471.5610   16.0312
   -7.5000   30.0000   45.0000 2426.8308   16.7174
    0.0000   30.0000   45.0000 2435.5691   16.5390
    7.5000   30.0000   45.0000 2408.5732   16.7805
   -7.5000   37.5000   45.0000 2346.1238   17.5923
    0.0000   37.5000   45.0000 2358.5039   17.3730
    7.5000   37.5000   45.0000 2324.0286   17.6522
   -7.5000   45.0000   45.0000 2240.1626   18.7715
    0.0000   45.0000   45.0000 2252.6821   18.6159
    7.5000   45.0000   45.0000 2231.5002   18.8252

---------------------------------------------------------------------
imgreg_4dfp /opt/freesurfer/average/711-2C_as_mni_average_305 /opt/freesurfer/average/711-2B_as_mni_average_305_mask talsrcimg_g11 none talsrcimg_to_711-2C_as_mni_average_305_t4 1283
---------------------------------------------------------------------

freesurfer imgreg_4dfp.c
/opt/freesurfer/average/711-2C_as_mni_average_305.4dfp.img
       256       256       256         1
  1.000000  1.000000  1.000000
orientation T byte_order littleendian
Reading image: /opt/freesurfer/average/711-2C_as_mni_average_305.4dfp.img
dimensions:      256       256       256
mmppix:       1.0000   -1.0000   -1.0000
center:     128.0000 -129.0000 -129.0000
/opt/freesurfer/average/711-2B_as_mni_average_305_mask.4dfp.img
       256       256       256         1
  1.000000  1.000000  1.000000
orientation T byte_order littleendian
Reading mask: /opt/freesurfer/average/711-2B_as_mni_average_305_mask.4dfp.img (2306576 pixels)
talsrcimg_g11.4dfp.img
       256       256       256         1
  1.000000  1.000000  1.000000
orientation T byte_order littleendian
Reading image: talsrcimg_g11.4dfp.img
dimensions:      256       256       256
mmppix:       1.0000   -1.0000   -1.0000
center:     128.0000 -129.0000 -129.0000
rotation matrix determinant  1.000000
fimgreg.f
image alignment mode   1283 decimal      503 hex
parameters
    0.0000   15.0000    7.5000    0.0000    0.0000    0.0000
eta,q 0.92186 12.70607
niter,ni,del,rscale     5    3   12.0000    1.2000
parameter  2  0.520297 ->  0.500000 qaram    1.1500
parameter  4  0.692578 ->  0.500000 qaram    1.1500
parameter  6 -1.115235 -> -0.500000 qaram    1.1500
parameters
   -1.1039   11.5500    8.3859   -3.4500    1.3753    3.4500
eta,q 0.93137 12.38310
  0.0872  0.0764  0.0878  0.0727  0.0857  0.0845
  0.0812  0.0751  0.0837  0.0730  0.0812  0.0805
  0.0781  0.0758  0.0781  0.0740  0.0769  0.0755
  0.0773  0.0771  0.0747  0.0747  0.0733  0.0723
  0.0819  0.0789  0.0761  0.0766  0.0725  0.0701
  0.0893  0.0825  0.0793  0.0797  0.0750  0.0683
  0.0963  0.0884  0.0825  0.0852  0.0789  0.0679
niter,ni,del,rscale     7    3   12.0000    1.2000
parameter  2 -0.546595 -> -0.500000 qaram    1.3225
parameter  4  0.823433 ->  0.500000 qaram    1.3225
parameters
   -1.5887   15.5175    7.6449   -7.4175    1.5890    6.7624
eta,q 0.94017 12.49601
  0.0845  0.0817  0.0742  0.0599  0.0728  0.0740
  0.0753  0.0766  0.0685  0.0609  0.0678  0.0680
  0.0692  0.0732  0.0645  0.0618  0.0637  0.0635
  0.0686  0.0681  0.0644  0.0640  0.0611  0.0611
  0.0738  0.0647  0.0681  0.0679  0.0622  0.0600
  0.0803  0.0649  0.0736  0.0739  0.0657  0.0600
  0.0883  0.0686  0.0785  0.0804  0.0722  0.0611
niter,ni,del,rscale     7    3   12.0000    1.2000
parameters
   -1.4156   16.5326    7.3020  -10.8750    1.0419    6.6101
eta,q 0.94252 12.44727
  0.0835  0.0797  0.0721  0.0612  0.0670  0.0649
  0.0707  0.0698  0.0672  0.0581  0.0613  0.0600
  0.0621  0.0620  0.0628  0.0578  0.0582  0.0578
  0.0598  0.0599  0.0602  0.0603  0.0576  0.0575
  0.0635  0.0609  0.0626  0.0634  0.0599  0.0590
  0.0708  0.0630  0.0688  0.0673  0.0642  0.0611
  0.0792  0.0718  0.0758  0.0745  0.0708  0.0647
niter,ni,del,rscale     6    3   12.0000    1.2000
parameters
   -1.4630   17.1397    6.8701  -11.0809    1.1574    6.3772
eta,q 0.94333 12.45796
  0.0795  0.0782  0.0709  0.0667  0.0683  0.0652
  0.0663  0.0692  0.0642  0.0618  0.0621  0.0596
  0.0589  0.0616  0.0586  0.0577  0.0582  0.0570
  0.0575  0.0574  0.0569  0.0569  0.0568  0.0568
  0.0613  0.0571  0.0599  0.0596  0.0578  0.0588
  0.0689  0.0628  0.0672  0.0632  0.0615  0.0613
  0.0780  0.0748  0.0755  0.0667  0.0675  0.0652
niter,ni,del,rscale     5    3   12.0000    1.2000
parameters
   -1.5082   17.2330    6.7580  -11.1761    1.2473    6.3384
eta,q 0.94348 12.45778
  0.0790  0.0766  0.0720  0.0669  0.0680  0.0658
  0.0658  0.0676  0.0652  0.0620  0.0619  0.0600
  0.0583  0.0606  0.0590  0.0576  0.0582  0.0570
  0.0567  0.0566  0.0566  0.0566  0.0566  0.0565
  0.0603  0.0577  0.0587  0.0593  0.0575  0.0587
  0.0681  0.0652  0.0654  0.0630  0.0614  0.0610
  0.0779  0.0777  0.0738  0.0663  0.0675  0.0649
niter,ni,del,rscale     4    3   12.0000    1.2000
parameters
   -1.5355   17.2642    6.7168  -11.2098    1.2806    6.3313
eta,q 0.94354 12.45765
  0.0791  0.0764  0.0722  0.0670  0.0678  0.0659
  0.0659  0.0675  0.0654  0.0621  0.0618  0.0601
  0.0583  0.0605  0.0591  0.0577  0.0580  0.0570
  0.0565  0.0565  0.0565  0.0565  0.0565  0.0565
  0.0601  0.0579  0.0584  0.0592  0.0575  0.0586
  0.0680  0.0656  0.0650  0.0629  0.0615  0.0609
  0.0778  0.0780  0.0734  0.0662  0.0677  0.0649
registration optimization eta report
parameter search radius
    6.0000    7.9350    6.0000    7.9350    6.0000    6.9000
100000*second partial in parameter space
       60.       33.       44.       15.       31.       18.
  0.0791  0.0764  0.0722  0.0670  0.0678  0.0659
  0.0659  0.0675  0.0654  0.0621  0.0618  0.0601
  0.0583  0.0605  0.0591  0.0577  0.0580  0.0570
  0.0565  0.0565  0.0565  0.0565  0.0565  0.0565
  0.0601  0.0579  0.0584  0.0592  0.0575  0.0586
  0.0680  0.0656  0.0650  0.0629  0.0615  0.0609
  0.0778  0.0780  0.0734  0.0662  0.0677  0.0649
   -1.5355   17.2642    6.7168  -11.2098    1.2806    6.3313
eta,q 0.94354 12.45765

---------------------------------------------------------------------
imgreg_4dfp /opt/freesurfer/average/711-2C_as_mni_average_305 /opt/freesurfer/average/711-2B_as_mni_average_305_mask talsrcimg_g11 none talsrcimg_to_711-2C_as_mni_average_305_t4 3335
---------------------------------------------------------------------

freesurfer imgreg_4dfp.c
/opt/freesurfer/average/711-2C_as_mni_average_305.4dfp.img
       256       256       256         1
  1.000000  1.000000  1.000000
orientation T byte_order littleendian
Reading image: /opt/freesurfer/average/711-2C_as_mni_average_305.4dfp.img
dimensions:      256       256       256
mmppix:       1.0000   -1.0000   -1.0000
center:     128.0000 -129.0000 -129.0000
/opt/freesurfer/average/711-2B_as_mni_average_305_mask.4dfp.img
       256       256       256         1
  1.000000  1.000000  1.000000
orientation T byte_order littleendian
Reading mask: /opt/freesurfer/average/711-2B_as_mni_average_305_mask.4dfp.img (2306576 pixels)
talsrcimg_g11.4dfp.img
       256       256       256         1
  1.000000  1.000000  1.000000
orientation T byte_order littleendian
Reading image: talsrcimg_g11.4dfp.img
dimensions:      256       256       256
mmppix:       1.0000   -1.0000   -1.0000
center:     128.0000 -129.0000 -129.0000
fimgreg.f
image alignment mode   3335 decimal      D07 hex
parameters
   -1.5355   17.2642    6.7168   -0.6347   -2.4582   -1.9323
  -10.3855   -4.3228   11.0250   19.0799    2.2349  -19.4354
eta,q 0.94282 12.61748
niter,ni,del,rscale     5    3    5.0000    1.2000
parameter  4  0.841176 ->  0.500000 qaram    1.1500
parameter  5  2.579785 ->  0.500000 qaram    1.1500
parameter  6  0.844557 ->  0.500000 qaram    1.1500
parameter 10  0.567923 ->  0.500000 qaram    1.1500
parameter 12 -0.762688 -> -0.500000 qaram    1.1500
parameters
   -1.6952   17.9290    6.6355   -4.7747   -6.5982   -6.0723
   -9.6124   -3.5651   12.6963   14.9399    0.4188  -15.2954
eta,q 0.95556 12.17356
  0.0607  0.0602  0.0593  0.0543  0.0467  0.0457  0.0502  0.0522  0.0499  0.0458  0.0459  0.0486
  0.0587  0.0589  0.0581  0.0541  0.0487  0.0462  0.0482  0.0493  0.0482  0.0452  0.0454  0.0472
  0.0575  0.0578  0.0572  0.0549  0.0512  0.0472  0.0469  0.0473  0.0470  0.0454  0.0452  0.0460
  0.0572  0.0572  0.0569  0.0570  0.0542  0.0493  0.0464  0.0464  0.0463  0.0462  0.0452  0.0452
  0.0578  0.0569  0.0573  0.0601  0.0575  0.0529  0.0466  0.0465  0.0462  0.0477  0.0456  0.0447
  0.0594  0.0572  0.0582  0.0640  0.0613  0.0578  0.0474  0.0478  0.0466  0.0499  0.0463  0.0444
  0.0619  0.0581  0.0597  0.0682  0.0653  0.0636  0.0488  0.0502  0.0476  0.0525  0.0473  0.0444
niter,ni,del,rscale     7    3    5.0000    1.2000
parameter  5  1.521851 ->  0.500000 qaram    1.3225
parameter  6  0.608463 ->  0.500000 qaram    1.3225
parameters
   -1.7920   17.3579    6.6317   -6.4244  -11.3592  -10.8333
   -9.7390   -2.7015   13.0840   12.6872    0.3766  -13.9886
eta,q 0.96151 11.44368
  0.0482  0.0459  0.0463  0.0465  0.0394  0.0395  0.0425  0.0445  0.0423  0.0415  0.0397  0.0415
  0.0461  0.0448  0.0452  0.0456  0.0403  0.0391  0.0406  0.0419  0.0407  0.0393  0.0391  0.0402
  0.0448  0.0443  0.0445  0.0448  0.0421  0.0397  0.0395  0.0401  0.0396  0.0385  0.0387  0.0391
  0.0444  0.0444  0.0443  0.0443  0.0445  0.0407  0.0392  0.0392  0.0391  0.0391  0.0386  0.0386
  0.0450  0.0452  0.0445  0.0449  0.0474  0.0425  0.0397  0.0393  0.0394  0.0408  0.0387  0.0386
  0.0465  0.0465  0.0452  0.0470  0.0507  0.0456  0.0409  0.0404  0.0403  0.0432  0.0391  0.0391
  0.0489  0.0485  0.0463  0.0507  0.0547  0.0504  0.0425  0.0425  0.0417  0.0458  0.0398  0.0402
niter,ni,del,rscale     7    3    5.0000    1.2000
parameter  5  0.642717 ->  0.500000 qaram    1.5209
parameters
   -1.6830   17.4825    6.4739   -7.0174  -16.8344  -11.7595
   -9.2375   -2.5681   13.2860   12.1006    0.1078  -13.1099
eta,q 0.96310 10.97676
  0.0425  0.0424  0.0401  0.0408  0.0375  0.0410  0.0401  0.0415  0.0397  0.0416  0.0380  0.0394
  0.0404  0.0403  0.0392  0.0396  0.0371  0.0388  0.0384  0.0391  0.0383  0.0388  0.0374  0.0382
  0.0391  0.0390  0.0386  0.0389  0.0373  0.0374  0.0373  0.0375  0.0373  0.0372  0.0370  0.0373
  0.0385  0.0385  0.0385  0.0385  0.0385  0.0370  0.0370  0.0370  0.0370  0.0370  0.0369  0.0369
  0.0387  0.0388  0.0388  0.0385  0.0410  0.0380  0.0371  0.0375  0.0372  0.0380  0.0371  0.0370
  0.0399  0.0399  0.0395  0.0397  0.0443  0.0398  0.0379  0.0389  0.0380  0.0401  0.0375  0.0376
  0.0419  0.0416  0.0406  0.0422  0.0481  0.0431  0.0393  0.0412  0.0395  0.0427  0.0382  0.0386
niter,ni,del,rscale     7    3    5.0000    1.2000
parameters
   -1.6926   17.6528    6.1686   -6.8848  -17.9147  -12.0763
   -9.2160   -2.6023   13.3326   12.0887   -0.0426  -12.9705
eta,q 0.96313 10.89274
  0.0401  0.0405  0.0382  0.0389  0.0409  0.0414  0.0395  0.0412  0.0394  0.0421  0.0379  0.0389
  0.0383  0.0385  0.0374  0.0378  0.0386  0.0391  0.0380  0.0388  0.0380  0.0392  0.0374  0.0378
  0.0373  0.0374  0.0369  0.0372  0.0372  0.0374  0.0371  0.0373  0.0372  0.0374  0.0370  0.0371
  0.0369  0.0369  0.0369  0.0369  0.0368  0.0369  0.0369  0.0369  0.0369  0.0369  0.0369  0.0369
  0.0372  0.0371  0.0373  0.0367  0.0375  0.0377  0.0371  0.0374  0.0371  0.0376  0.0370  0.0371
  0.0383  0.0380  0.0380  0.0373  0.0398  0.0393  0.0380  0.0389  0.0380  0.0394  0.0374  0.0377
  0.0402  0.0395  0.0391  0.0391  0.0433  0.0421  0.0394  0.0413  0.0394  0.0419  0.0381  0.0387
niter,ni,del,rscale     6    3    5.0000    1.2000
parameters
   -1.7118   17.7047    6.0681   -7.1020  -18.0022  -12.2237
   -9.1960   -2.6295   13.3625   12.1157   -0.1526  -12.9530
eta,q 0.96310 10.86444
  0.0400  0.0400  0.0385  0.0386  0.0416  0.0415  0.0395  0.0413  0.0394  0.0421  0.0380  0.0388
  0.0383  0.0382  0.0375  0.0376  0.0391  0.0392  0.0380  0.0389  0.0380  0.0392  0.0374  0.0378
  0.0372  0.0372  0.0370  0.0371  0.0375  0.0375  0.0371  0.0374  0.0372  0.0374  0.0370  0.0371
  0.0369  0.0369  0.0369  0.0369  0.0369  0.0369  0.0369  0.0369  0.0369  0.0369  0.0369  0.0369
  0.0372  0.0372  0.0371  0.0367  0.0372  0.0377  0.0371  0.0375  0.0371  0.0376  0.0370  0.0372
  0.0382  0.0381  0.0378  0.0374  0.0389  0.0392  0.0380  0.0390  0.0380  0.0394  0.0374  0.0378
  0.0401  0.0397  0.0387  0.0392  0.0422  0.0419  0.0394  0.0413  0.0394  0.0419  0.0381  0.0388
niter,ni,del,rscale     5    3    5.0000    1.2000
parameters
   -1.7267   17.7185    6.0042   -7.1266  -18.0126  -12.3010
   -9.1868   -2.6425   13.3962   12.1256   -0.2035  -12.9545
eta,q 0.96310 10.85730
  0.0399  0.0399  0.0385  0.0387  0.0417  0.0416  0.0395  0.0413  0.0394  0.0421  0.0380  0.0388
  0.0383  0.0382  0.0376  0.0376  0.0392  0.0393  0.0380  0.0389  0.0380  0.0392  0.0374  0.0378
  0.0373  0.0372  0.0370  0.0372  0.0376  0.0376  0.0371  0.0374  0.0372  0.0374  0.0370  0.0371
  0.0369  0.0369  0.0369  0.0369  0.0369  0.0369  0.0369  0.0369  0.0369  0.0369  0.0369  0.0369
  0.0372  0.0373  0.0371  0.0367  0.0371  0.0377  0.0371  0.0375  0.0371  0.0376  0.0370  0.0372
  0.0383  0.0382  0.0378  0.0374  0.0389  0.0392  0.0380  0.0390  0.0380  0.0394  0.0374  0.0378
  0.0401  0.0397  0.0387  0.0391  0.0421  0.0418  0.0394  0.0412  0.0394  0.0419  0.0381  0.0388
niter,ni,del,rscale     4    3    5.0000    1.2000
parameters
   -1.7330   17.7250    5.9737   -7.1425  -18.0131  -12.3371
   -9.1869   -2.6495   13.4165   12.1334   -0.2370  -12.9617
eta,q 0.96311 10.85414
  0.0400  0.0398  0.0386  0.0387  0.0417  0.0416  0.0395  0.0413  0.0394  0.0421  0.0380  0.0388
  0.0383  0.0382  0.0376  0.0376  0.0392  0.0393  0.0380  0.0389  0.0380  0.0392  0.0374  0.0378
  0.0373  0.0372  0.0371  0.0371  0.0376  0.0376  0.0371  0.0374  0.0372  0.0374  0.0370  0.0371
  0.0369  0.0369  0.0369  0.0369  0.0369  0.0369  0.0369  0.0369  0.0369  0.0369  0.0369  0.0369
  0.0372  0.0373  0.0371  0.0367  0.0371  0.0376  0.0372  0.0375  0.0371  0.0376  0.0370  0.0372
  0.0382  0.0382  0.0377  0.0374  0.0389  0.0392  0.0380  0.0390  0.0380  0.0394  0.0374  0.0378
  0.0401  0.0397  0.0386  0.0391  0.0420  0.0418  0.0394  0.0412  0.0394  0.0419  0.0381  0.0388
niter,ni,del,rscale     3    3    5.0000    1.2000
parameters
   -1.7355   17.7294    5.9592   -7.1493  -18.0165  -12.3555
   -9.1817   -2.6532   13.4203   12.1383   -0.2520  -12.9634
eta,q 0.96310 10.85235
  0.0400  0.0398  0.0386  0.0387  0.0417  0.0417  0.0395  0.0413  0.0394  0.0420  0.0380  0.0388
  0.0383  0.0382  0.0376  0.0376  0.0392  0.0393  0.0380  0.0389  0.0380  0.0392  0.0374  0.0378
  0.0373  0.0372  0.0371  0.0371  0.0376  0.0376  0.0371  0.0374  0.0372  0.0374  0.0370  0.0371
  0.0369  0.0369  0.0369  0.0369  0.0369  0.0369  0.0369  0.0369  0.0369  0.0369  0.0369  0.0369
  0.0372  0.0373  0.0371  0.0367  0.0371  0.0376  0.0372  0.0375  0.0372  0.0376  0.0370  0.0372
  0.0382  0.0382  0.0377  0.0374  0.0389  0.0392  0.0380  0.0389  0.0380  0.0394  0.0374  0.0378
  0.0401  0.0397  0.0386  0.0391  0.0420  0.0418  0.0394  0.0412  0.0394  0.0419  0.0380  0.0388
registration optimization eta report
parameter search radius
    2.4000    2.4000    2.4000    8.2800   10.9503    9.5220
    7.2000    7.2000    7.2000    8.2800    7.2000    8.2800
100000*second partial in parameter space
       54.       50.       30.        3.        4.        5.
        5.        8.        5.        7.        2.        3.
  0.0400  0.0398  0.0386  0.0387  0.0417  0.0417  0.0395  0.0413  0.0394  0.0420  0.0380  0.0388
  0.0383  0.0382  0.0376  0.0376  0.0392  0.0393  0.0380  0.0389  0.0380  0.0392  0.0374  0.0378
  0.0373  0.0372  0.0371  0.0371  0.0376  0.0376  0.0371  0.0374  0.0372  0.0374  0.0370  0.0371
  0.0369  0.0369  0.0369  0.0369  0.0369  0.0369  0.0369  0.0369  0.0369  0.0369  0.0369  0.0369
  0.0372  0.0373  0.0371  0.0367  0.0371  0.0376  0.0372  0.0375  0.0372  0.0376  0.0370  0.0372
  0.0382  0.0382  0.0377  0.0374  0.0389  0.0392  0.0380  0.0389  0.0380  0.0394  0.0374  0.0378
  0.0401  0.0397  0.0386  0.0391  0.0420  0.0418  0.0394  0.0412  0.0394  0.0419  0.0380  0.0388
   -1.7355   17.7294    5.9592   -7.1493  -18.0165  -12.3555
   -9.1817   -2.6532   13.4203   12.1383   -0.2520  -12.9634
eta,q 0.96310 10.85235

---------------------------------------------------------------------
imgreg_4dfp /opt/freesurfer/average/711-2C_as_mni_average_305 /opt/freesurfer/average/711-2B_as_mni_average_305_mask talsrcimg_g11 none talsrcimg_to_711-2C_as_mni_average_305_t4 2311
---------------------------------------------------------------------

freesurfer imgreg_4dfp.c
/opt/freesurfer/average/711-2C_as_mni_average_305.4dfp.img
       256       256       256         1
  1.000000  1.000000  1.000000
orientation T byte_order littleendian
Reading image: /opt/freesurfer/average/711-2C_as_mni_average_305.4dfp.img
dimensions:      256       256       256
mmppix:       1.0000   -1.0000   -1.0000
center:     128.0000 -129.0000 -129.0000
/opt/freesurfer/average/711-2B_as_mni_average_305_mask.4dfp.img
       256       256       256         1
  1.000000  1.000000  1.000000
orientation T byte_order littleendian
Reading mask: /opt/freesurfer/average/711-2B_as_mni_average_305_mask.4dfp.img (2306576 pixels)
talsrcimg_g11.4dfp.img
       256       256       256         1
  1.000000  1.000000  1.000000
orientation T byte_order littleendian
Reading image: talsrcimg_g11.4dfp.img
dimensions:      256       256       256
mmppix:       1.0000   -1.0000   -1.0000
center:     128.0000 -129.0000 -129.0000
fimgreg.f
image alignment mode   2311 decimal      907 hex
parameters
   -1.7355   17.7294    5.9592   -7.1493  -18.0165  -12.3555
   -9.1817   -2.6532   13.4203   12.1383   -0.2520  -12.9634
eta,q 0.96310 10.85235
niter,ni,del,rscale     5    3    5.0000    0.8000
parameters
   -1.7056   17.6974    5.9321   -5.7704  -17.0994  -12.3282
   -9.3887   -2.5543   13.5117   11.8544   -0.0432  -13.1966
eta,q 0.96330 10.99935
  0.0383  0.0381  0.0377  0.0375  0.0380  0.0382  0.0379  0.0389  0.0380  0.0384  0.0373  0.0374
  0.0375  0.0374  0.0372  0.0372  0.0374  0.0374  0.0372  0.0377  0.0373  0.0374  0.0370  0.0370
  0.0371  0.0370  0.0370  0.0370  0.0370  0.0369  0.0368  0.0370  0.0369  0.0368  0.0368  0.0368
  0.0369  0.0369  0.0369  0.0369  0.0368  0.0367  0.0367  0.0367  0.0367  0.0367  0.0367  0.0367
  0.0370  0.0371  0.0370  0.0368  0.0367  0.0369  0.0369  0.0369  0.0368  0.0370  0.0367  0.0368
  0.0374  0.0375  0.0373  0.0368  0.0369  0.0374  0.0373  0.0376  0.0372  0.0377  0.0369  0.0371
  0.0382  0.0382  0.0377  0.0371  0.0373  0.0381  0.0381  0.0387  0.0379  0.0388  0.0372  0.0375
niter,ni,del,rscale     4    3    5.0000    0.7000
parameters
   -1.6652   17.6272    5.9974   -5.6966  -16.9593  -12.3261
   -9.4779   -2.5493   13.4369   11.7925    0.0581  -13.2042
eta,q 0.96332 11.01176
  0.0379  0.0376  0.0374  0.0372  0.0374  0.0379  0.0376  0.0383  0.0376  0.0381  0.0371  0.0373
  0.0373  0.0371  0.0370  0.0370  0.0371  0.0372  0.0371  0.0374  0.0371  0.0373  0.0369  0.0369
  0.0369  0.0368  0.0368  0.0368  0.0368  0.0368  0.0368  0.0369  0.0368  0.0368  0.0367  0.0367
  0.0367  0.0367  0.0367  0.0367  0.0367  0.0367  0.0367  0.0367  0.0367  0.0367  0.0367  0.0367
  0.0368  0.0369  0.0367  0.0367  0.0367  0.0368  0.0368  0.0369  0.0368  0.0369  0.0367  0.0368
  0.0372  0.0372  0.0369  0.0368  0.0369  0.0373  0.0371  0.0374  0.0371  0.0374  0.0368  0.0370
  0.0378  0.0378  0.0373  0.0373  0.0374  0.0379  0.0377  0.0383  0.0377  0.0382  0.0371  0.0372
niter,ni,del,rscale     3    3    5.0000    0.6000
parameters
   -1.6477   17.6063    6.0000   -5.4203  -16.8398  -12.3234
   -9.5295   -2.5247   13.4184   11.7513    0.1107  -13.2194
eta,q 0.96334 11.03494
  0.0376  0.0374  0.0372  0.0371  0.0372  0.0376  0.0374  0.0379  0.0373  0.0377  0.0370  0.0371
  0.0371  0.0370  0.0369  0.0370  0.0369  0.0371  0.0369  0.0372  0.0370  0.0371  0.0368  0.0369
  0.0368  0.0368  0.0367  0.0368  0.0367  0.0368  0.0367  0.0368  0.0367  0.0368  0.0367  0.0367
  0.0367  0.0367  0.0367  0.0367  0.0367  0.0367  0.0367  0.0367  0.0367  0.0367  0.0367  0.0367
  0.0368  0.0368  0.0367  0.0366  0.0367  0.0368  0.0367  0.0368  0.0367  0.0368  0.0367  0.0367
  0.0370  0.0370  0.0369  0.0368  0.0368  0.0371  0.0370  0.0372  0.0370  0.0372  0.0368  0.0369
  0.0375  0.0375  0.0371  0.0371  0.0372  0.0376  0.0374  0.0379  0.0374  0.0378  0.0369  0.0371
niter,ni,del,rscale     2    3    5.0000    0.5000
parameters
   -1.6430   17.5911    6.0034   -5.1986  -16.7402  -12.3099
   -9.5742   -2.5206   13.4124   11.7372    0.1560  -13.2510
eta,q 0.96335 11.05486
  0.0373  0.0372  0.0370  0.0370  0.0370  0.0373  0.0371  0.0375  0.0371  0.0374  0.0369  0.0370
  0.0369  0.0369  0.0368  0.0369  0.0368  0.0370  0.0368  0.0370  0.0369  0.0370  0.0367  0.0368
  0.0367  0.0367  0.0367  0.0368  0.0367  0.0367  0.0367  0.0367  0.0367  0.0367  0.0367  0.0367
  0.0367  0.0367  0.0367  0.0367  0.0366  0.0366  0.0366  0.0366  0.0366  0.0366  0.0366  0.0366
  0.0367  0.0367  0.0367  0.0366  0.0367  0.0367  0.0367  0.0367  0.0367  0.0367  0.0367  0.0367
  0.0369  0.0369  0.0368  0.0367  0.0368  0.0369  0.0369  0.0370  0.0369  0.0370  0.0367  0.0368
  0.0373  0.0372  0.0370  0.0370  0.0370  0.0373  0.0372  0.0375  0.0371  0.0374  0.0368  0.0370
niter,ni,del,rscale     1    3    5.0000    0.4000
parameters
   -1.6396   17.5801    6.0076   -5.0172  -16.6608  -12.2908
   -9.6058   -2.5061   13.4061   11.7329    0.1791  -13.2806
eta,q 0.96336 11.07134
  0.0370  0.0370  0.0369  0.0369  0.0369  0.0371  0.0370  0.0372  0.0369  0.0371  0.0368  0.0368
  0.0368  0.0368  0.0367  0.0368  0.0368  0.0368  0.0368  0.0369  0.0368  0.0369  0.0367  0.0367
  0.0367  0.0367  0.0367  0.0367  0.0367  0.0367  0.0367  0.0367  0.0367  0.0367  0.0367  0.0367
  0.0366  0.0366  0.0366  0.0366  0.0366  0.0366  0.0366  0.0366  0.0366  0.0366  0.0366  0.0366
  0.0367  0.0367  0.0367  0.0366  0.0367  0.0367  0.0367  0.0367  0.0367  0.0367  0.0366  0.0367
  0.0368  0.0368  0.0367  0.0367  0.0367  0.0368  0.0368  0.0369  0.0368  0.0369  0.0367  0.0367
  0.0370  0.0370  0.0369  0.0369  0.0369  0.0371  0.0370  0.0372  0.0370  0.0371  0.0368  0.0368
registration optimization eta report
parameter search radius
    0.8000    0.8000    0.8000    2.4000    2.4000    2.4000
    2.4000    2.4000    2.4000    2.4000    2.4000    2.4000
100000*second partial in parameter space
       63.       55.       33.        4.        4.        7.
        6.       10.        5.        8.        2.        3.
  0.0370  0.0370  0.0369  0.0369  0.0369  0.0371  0.0370  0.0372  0.0369  0.0371  0.0368  0.0368
  0.0368  0.0368  0.0367  0.0368  0.0368  0.0368  0.0368  0.0369  0.0368  0.0369  0.0367  0.0367
  0.0367  0.0367  0.0367  0.0367  0.0367  0.0367  0.0367  0.0367  0.0367  0.0367  0.0367  0.0367
  0.0366  0.0366  0.0366  0.0366  0.0366  0.0366  0.0366  0.0366  0.0366  0.0366  0.0366  0.0366
  0.0367  0.0367  0.0367  0.0366  0.0367  0.0367  0.0367  0.0367  0.0367  0.0367  0.0366  0.0367
  0.0368  0.0368  0.0367  0.0367  0.0367  0.0368  0.0368  0.0369  0.0368  0.0369  0.0367  0.0367
  0.0370  0.0370  0.0369  0.0369  0.0369  0.0371  0.0370  0.0372  0.0370  0.0371  0.0368  0.0368
   -1.6396   17.5801    6.0076   -5.0172  -16.6608  -12.2908
   -9.6058   -2.5061   13.4061   11.7329    0.1791  -13.2806
eta,q 0.96336 11.07134

---------------------------------------------------------------------
imgreg_4dfp /opt/freesurfer/average/711-2C_as_mni_average_305 /opt/freesurfer/average/711-2B_as_mni_average_305_mask talsrcimg_g11 none talsrcimg_to_711-2C_as_mni_average_305_t4 2311
---------------------------------------------------------------------

freesurfer imgreg_4dfp.c
/opt/freesurfer/average/711-2C_as_mni_average_305.4dfp.img
       256       256       256         1
  1.000000  1.000000  1.000000
orientation T byte_order littleendian
Reading image: /opt/freesurfer/average/711-2C_as_mni_average_305.4dfp.img
dimensions:      256       256       256
mmppix:       1.0000   -1.0000   -1.0000
center:     128.0000 -129.0000 -129.0000
/opt/freesurfer/average/711-2B_as_mni_average_305_mask.4dfp.img
       256       256       256         1
  1.000000  1.000000  1.000000
orientation T byte_order littleendian
Reading mask: /opt/freesurfer/average/711-2B_as_mni_average_305_mask.4dfp.img (2306576 pixels)
talsrcimg_g11.4dfp.img
       256       256       256         1
  1.000000  1.000000  1.000000
orientation T byte_order littleendian
Reading image: talsrcimg_g11.4dfp.img
dimensions:      256       256       256
mmppix:       1.0000   -1.0000   -1.0000
center:     128.0000 -129.0000 -129.0000
fimgreg.f
image alignment mode   2311 decimal      907 hex
parameters
   -1.6396   17.5801    6.0076   -5.0172  -16.6608  -12.2908
   -9.6058   -2.5061   13.4061   11.7329    0.1791  -13.2806
eta,q 0.96336 11.07133
niter,ni,del,rscale     5    3    5.0000    0.8000
parameters
   -1.6635   17.5875    6.0269   -5.7700  -16.9974  -12.2972
   -9.4318   -2.5484   13.3689   11.7752    0.1133  -13.1548
eta,q 0.96331 11.00471
  0.0382  0.0381  0.0375  0.0372  0.0375  0.0382  0.0381  0.0388  0.0379  0.0387  0.0372  0.0375
  0.0374  0.0373  0.0370  0.0370  0.0371  0.0374  0.0373  0.0376  0.0372  0.0376  0.0369  0.0371
  0.0368  0.0368  0.0367  0.0368  0.0368  0.0369  0.0368  0.0369  0.0368  0.0369  0.0367  0.0368
  0.0366  0.0366  0.0366  0.0366  0.0367  0.0367  0.0367  0.0367  0.0367  0.0367  0.0367  0.0367
  0.0368  0.0368  0.0367  0.0367  0.0368  0.0369  0.0368  0.0370  0.0368  0.0369  0.0367  0.0368
  0.0374  0.0373  0.0370  0.0372  0.0372  0.0375  0.0372  0.0377  0.0372  0.0375  0.0369  0.0370
  0.0383  0.0380  0.0374  0.0381  0.0379  0.0382  0.0379  0.0388  0.0379  0.0386  0.0372  0.0374
niter,ni,del,rscale     4    3    5.0000    0.7000
parameters
   -1.6534   17.6068    6.0157   -5.6646  -16.9461  -12.3105
   -9.4688   -2.5363   13.3891   11.7646    0.1120  -13.1760
eta,q 0.96332 11.01415
  0.0379  0.0378  0.0373  0.0372  0.0374  0.0379  0.0376  0.0383  0.0376  0.0382  0.0371  0.0373
  0.0372  0.0372  0.0370  0.0370  0.0370  0.0372  0.0371  0.0374  0.0371  0.0373  0.0369  0.0369
  0.0368  0.0368  0.0368  0.0369  0.0368  0.0368  0.0368  0.0369  0.0368  0.0368  0.0367  0.0367
  0.0367  0.0367  0.0367  0.0367  0.0367  0.0367  0.0367  0.0367  0.0367  0.0367  0.0367  0.0367
  0.0368  0.0368  0.0368  0.0366  0.0367  0.0368  0.0368  0.0369  0.0368  0.0368  0.0367  0.0368
  0.0372  0.0371  0.0370  0.0368  0.0369  0.0373  0.0371  0.0374  0.0371  0.0374  0.0369  0.0370
  0.0379  0.0377  0.0373  0.0373  0.0374  0.0379  0.0377  0.0383  0.0376  0.0382  0.0371  0.0372
niter,ni,del,rscale     3    3    5.0000    0.6000
parameters
   -1.6441   17.5994    6.0124   -5.4156  -16.8378  -12.3072
   -9.5266   -2.5214   13.3992   11.7492    0.1365  -13.2156
eta,q 0.96335 11.03617
  0.0376  0.0375  0.0371  0.0371  0.0372  0.0376  0.0374  0.0379  0.0374  0.0378  0.0370  0.0371
  0.0371  0.0370  0.0369  0.0370  0.0369  0.0371  0.0369  0.0372  0.0370  0.0371  0.0368  0.0369
  0.0368  0.0368  0.0367  0.0368  0.0367  0.0368  0.0367  0.0368  0.0367  0.0368  0.0367  0.0367
  0.0367  0.0367  0.0367  0.0367  0.0367  0.0367  0.0367  0.0367  0.0367  0.0367  0.0367  0.0367
  0.0368  0.0368  0.0367  0.0366  0.0367  0.0368  0.0367  0.0368  0.0367  0.0368  0.0367  0.0367
  0.0370  0.0370  0.0369  0.0368  0.0368  0.0371  0.0370  0.0372  0.0370  0.0372  0.0368  0.0369
  0.0375  0.0375  0.0371  0.0371  0.0372  0.0376  0.0374  0.0379  0.0374  0.0378  0.0370  0.0371
niter,ni,del,rscale     2    3    5.0000    0.5000
parameters
   -1.6400   17.5905    6.0108   -5.1961  -16.7374  -12.2949
   -9.5711   -2.5118   13.3995   11.7412    0.1618  -13.2525
eta,q 0.96335 11.05611
  0.0373  0.0372  0.0370  0.0370  0.0370  0.0373  0.0371  0.0375  0.0371  0.0374  0.0368  0.0370
  0.0369  0.0369  0.0368  0.0369  0.0368  0.0370  0.0368  0.0370  0.0369  0.0370  0.0367  0.0368
  0.0367  0.0367  0.0367  0.0367  0.0367  0.0367  0.0367  0.0367  0.0367  0.0367  0.0367  0.0367
  0.0367  0.0367  0.0367  0.0367  0.0366  0.0366  0.0366  0.0366  0.0366  0.0366  0.0366  0.0366
  0.0367  0.0367  0.0367  0.0366  0.0367  0.0367  0.0367  0.0367  0.0367  0.0367  0.0367  0.0367
  0.0369  0.0369  0.0368  0.0367  0.0368  0.0369  0.0369  0.0370  0.0369  0.0370  0.0367  0.0368
  0.0373  0.0372  0.0370  0.0370  0.0370  0.0373  0.0372  0.0375  0.0371  0.0374  0.0368  0.0370
niter,ni,del,rscale     1    3    5.0000    0.4000
parameters
   -1.6399   17.5833    6.0192   -5.0135  -16.6692  -12.2758
   -9.6019   -2.5110   13.4015   11.7353    0.1659  -13.2745
eta,q 0.96336 11.07195
  0.0370  0.0370  0.0369  0.0369  0.0369  0.0371  0.0370  0.0372  0.0370  0.0371  0.0368  0.0368
  0.0368  0.0368  0.0367  0.0368  0.0368  0.0368  0.0368  0.0369  0.0368  0.0369  0.0367  0.0367
  0.0367  0.0367  0.0367  0.0367  0.0367  0.0367  0.0367  0.0367  0.0367  0.0367  0.0367  0.0367
  0.0366  0.0366  0.0366  0.0366  0.0366  0.0366  0.0366  0.0366  0.0366  0.0366  0.0366  0.0366
  0.0367  0.0367  0.0367  0.0366  0.0367  0.0367  0.0367  0.0367  0.0367  0.0367  0.0367  0.0367
  0.0368  0.0368  0.0367  0.0367  0.0367  0.0368  0.0368  0.0369  0.0368  0.0369  0.0367  0.0367
  0.0371  0.0370  0.0369  0.0369  0.0369  0.0371  0.0370  0.0372  0.0369  0.0371  0.0368  0.0368
registration optimization eta report
parameter search radius
    0.8000    0.8000    0.8000    2.4000    2.4000    2.4000
    2.4000    2.4000    2.4000    2.4000    2.4000    2.4000
100000*second partial in parameter space
       63.       55.       33.        4.        4.        7.
        6.       10.        5.        9.        2.        3.
  0.0370  0.0370  0.0369  0.0369  0.0369  0.0371  0.0370  0.0372  0.0370  0.0371  0.0368  0.0368
  0.0368  0.0368  0.0367  0.0368  0.0368  0.0368  0.0368  0.0369  0.0368  0.0369  0.0367  0.0367
  0.0367  0.0367  0.0367  0.0367  0.0367  0.0367  0.0367  0.0367  0.0367  0.0367  0.0367  0.0367
  0.0366  0.0366  0.0366  0.0366  0.0366  0.0366  0.0366  0.0366  0.0366  0.0366  0.0366  0.0366
  0.0367  0.0367  0.0367  0.0366  0.0367  0.0367  0.0367  0.0367  0.0367  0.0367  0.0367  0.0367
  0.0368  0.0368  0.0367  0.0367  0.0367  0.0368  0.0368  0.0369  0.0368  0.0369  0.0367  0.0367
  0.0371  0.0370  0.0369  0.0369  0.0369  0.0371  0.0370  0.0372  0.0369  0.0371  0.0368  0.0368
   -1.6399   17.5833    6.0192   -5.0135  -16.6692  -12.2758
   -9.6019   -2.5110   13.4015   11.7353    0.1659  -13.2745
eta,q 0.96336 11.07195

---------------------------------------------------------------------
compute_vox2vox talsrcimg talsrcimg_to_711-2C_as_mni_average_305_t4 /opt/freesurfer/average/711-2C_as_mni_average_305
---------------------------------------------------------------------

freesurfer compute_vox2vox.c
Reading: talsrcimg.4dfp.ifh
Reading: talsrcimg_to_711-2C_as_mni_average_305_t4
Reading: /opt/freesurfer/average/711-2C_as_mni_average_305.4dfp.ifh
Writing: talsrcimg_to_711-2C_as_mni_average_305_t4_vox2vox.txt

start time Tue Mar 10 03:02:05 CET 2026
end		time Tue Mar 10 03:03:38 CET 2026

mpr2mni305 success

avi2talxfm orig_nu.mgz /opt/freesurfer/average/mni305.cor.mgz talsrcimg_to_711-2C_as_mni_average_305_t4_vox2vox.txt transforms/talairach.auto.xfm
avi2talxfm done
mv -f /out/sourcedata/freesurfer/sub-v1s4x0050708_ses-1/mri/talsrcimg_to_711-2C_as_mni_average_305_t4_vox2vox.txt /out/sourcedata/freesurfer/sub-v1s4x0050708_ses-1/mri/transforms/talsrcimg_to_711-2C_as_mni_average_305_t4_vox2vox.txt
lta_convert --src orig_nu.mgz --trg /opt/freesurfer/average/mni305.cor.mgz --inxfm transforms/talairach.auto.xfm --outlta transforms/talairach.auto.xfm.lta --subject fsaverage
7.3.2

--src: orig_nu.mgz src image (geometry).
--trg: /opt/freesurfer/average/mni305.cor.mgz trg image (geometry).
--inmni: transforms/talairach.auto.xfm input MNI/XFM transform.
--outlta: transforms/talairach.auto.xfm.lta output LTA.
--s: fsaverage subject name
 LTA read, type : 1
 1.03562   0.01339   0.12146   4.30711;
-0.02659   1.11581   0.17468  -15.60275;
-0.16281  -0.15929   1.15590  -18.53178;
 0.00000   0.00000   0.00000   1.00000;
setting subject to fsaverage
Writing  LTA to file transforms/talairach.auto.xfm.lta...
lta_convert successful.
 
 
Started at Tue Mar 10 03:02:05 CET 2026
Ended   at Tue Mar 10 03:03:38 CET 2026
talairach_avi done
