status file for recon-all
Tue Mar 10 02:37:02 CET 2026
#@# MotionCor Tue Mar 10 02:37:04 CET 2026
#@# Talairach Tue Mar 10 02:37:09 CET 2026
#@# Talairach Failure Detection Tue Mar 10 02:40:00 CET 2026
#@# Nu Intensity Correction Tue Mar 10 02:40:00 CET 2026
#@# Intensity Normalization Tue Mar 10 02:42:45 CET 2026
recon-all -s sub-v1s4x0050699_ses-1 finished without error at Tue Mar 10 02:43:44 CET 2026



#New# invocation of recon-all 



status file for recon-all
Tue Mar 10 02:49:29 CET 2026
#@# EM Registration Tue Mar 10 02:49:29 CET 2026
recon-all -s sub-v1s4x0050699_ses-1 finished without error at Tue Mar 10 02:51:05 CET 2026



#New# invocation of recon-all 



status file for recon-all
Tue Mar 10 02:51:07 CET 2026
#@# CA Normalize Tue Mar 10 02:51:07 CET 2026
#@# CA Reg Tue Mar 10 02:52:01 CET 2026
#@# SubCort Seg Tue Mar 10 03:24:21 CET 2026
#@# CC Seg Tue Mar 10 03:46:42 CET 2026
#@# Merge ASeg Tue Mar 10 03:47:02 CET 2026
#@# Intensity Normalization2 Tue Mar 10 03:47:02 CET 2026
#@# Mask BFS Tue Mar 10 03:48:28 CET 2026
#@# WM Segmentation Tue Mar 10 03:48:29 CET 2026
#@# Fill Tue Mar 10 03:50:01 CET 2026
recon-all -s sub-v1s4x0050699_ses-1 finished without error at Tue Mar 10 03:50:38 CET 2026



#New# invocation of recon-all 



status file for recon-all
Tue Mar 10 04:25:46 CET 2026
#@# white curv lh Tue Mar 10 04:25:46 CET 2026
#@# white area lh Tue Mar 10 04:25:46 CET 2026
#@# pial curv lh Tue Mar 10 04:25:46 CET 2026
#@# pial area lh Tue Mar 10 04:25:46 CET 2026
#@# thickness lh Tue Mar 10 04:25:46 CET 2026
#@# area and vertex vol lh Tue Mar 10 04:25:46 CET 2026
#@# white curv rh Tue Mar 10 04:25:46 CET 2026
#@# white area rh Tue Mar 10 04:25:46 CET 2026
#@# pial curv rh Tue Mar 10 04:25:46 CET 2026
#@# pial area rh Tue Mar 10 04:25:46 CET 2026
#@# thickness rh Tue Mar 10 04:25:46 CET 2026
#@# area and vertex vol rh Tue Mar 10 04:25:46 CET 2026
#@# Cortical ribbon mask Tue Mar 10 04:25:46 CET 2026
recon-all -s sub-v1s4x0050699_ses-1 finished without error at Tue Mar 10 04:30:41 CET 2026



#New# invocation of recon-all 



status file for recon-all
Tue Mar 10 04:35:38 CET 2026
#@# white curv lh Tue Mar 10 04:35:38 CET 2026
#@# white area lh Tue Mar 10 04:35:38 CET 2026
#@# pial curv lh Tue Mar 10 04:35:38 CET 2026
#@# pial area lh Tue Mar 10 04:35:38 CET 2026
#@# thickness lh Tue Mar 10 04:35:38 CET 2026
#@# area and vertex vol lh Tue Mar 10 04:35:38 CET 2026
#@# white curv rh Tue Mar 10 04:35:38 CET 2026
#@# white area rh Tue Mar 10 04:35:39 CET 2026
#@# pial curv rh Tue Mar 10 04:35:39 CET 2026
#@# pial area rh Tue Mar 10 04:35:39 CET 2026
#@# thickness rh Tue Mar 10 04:35:39 CET 2026
#@# area and vertex vol rh Tue Mar 10 04:35:39 CET 2026
#@# Curvature Stats lh Tue Mar 10 04:35:39 CET 2026
#@# Curvature Stats rh Tue Mar 10 04:35:40 CET 2026
#@# Relabel Hypointensities Tue Mar 10 04:35:42 CET 2026
#@# APas-to-ASeg Tue Mar 10 04:35:52 CET 2026
#@# AParc-to-ASeg aparc Tue Mar 10 04:35:58 CET 2026
#@# AParc-to-ASeg aparc.a2009s Tue Mar 10 04:36:19 CET 2026
#@# AParc-to-ASeg aparc.DKTatlas Tue Mar 10 04:36:36 CET 2026
#@# WMParc Tue Mar 10 04:36:54 CET 2026
#@# ASeg Stats Tue Mar 10 04:38:43 CET 2026
recon-all -s sub-v1s4x0050699_ses-1 finished without error at Tue Mar 10 04:39:01 CET 2026
