status file for recon-all
Tue Mar 10 04:34:09 CET 2026
#@# Tessellate lh Tue Mar 10 04:34:09 CET 2026
#@# Smooth1 lh Tue Mar 10 04:34:14 CET 2026
#@# Inflation1 lh Tue Mar 10 04:34:16 CET 2026
#@# QSphere lh Tue Mar 10 04:34:29 CET 2026
#@# Fix Topology lh Tue Mar 10 04:35:35 CET 2026
#@# Smooth2 lh Tue Mar 10 04:41:23 CET 2026
#@# Inflation2 lh Tue Mar 10 04:41:25 CET 2026
#@# Curv .H and .K lh Tue Mar 10 04:41:39 CET 2026
#@# Sphere lh Tue Mar 10 04:42:23 CET 2026
#@# Surf Reg lh Tue Mar 10 04:45:17 CET 2026
#@# Jacobian white lh Tue Mar 10 04:48:33 CET 2026
#@# AvgCurv lh Tue Mar 10 04:48:34 CET 2026
#@# Cortical Parc lh Tue Mar 10 04:48:35 CET 2026
#@# white curv lh Tue Mar 10 04:55:07 CET 2026
#@# white area lh Tue Mar 10 04:55:09 CET 2026
#@# pial curv lh Tue Mar 10 04:55:09 CET 2026
#@# pial area lh Tue Mar 10 04:55:11 CET 2026
#@# thickness lh Tue Mar 10 04:55:12 CET 2026
#@# area and vertex vol lh Tue Mar 10 04:55:40 CET 2026
#@# Curvature Stats lh Tue Mar 10 04:55:41 CET 2026
#@# Cortical Parc 2 lh Tue Mar 10 04:55:44 CET 2026
#@# Cortical Parc 3 lh Tue Mar 10 04:55:56 CET 2026
#@# WM/GM Contrast lh Tue Mar 10 04:56:06 CET 2026
recon-all -s sub-v1s4x0050705_ses-1 finished without error at Tue Mar 10 04:56:09 CET 2026



#New# invocation of recon-all 



status file for recon-all
Tue Mar 10 05:21:54 CET 2026
#@# white curv lh Tue Mar 10 05:21:54 CET 2026
#@# white area lh Tue Mar 10 05:21:54 CET 2026
#@# pial curv lh Tue Mar 10 05:21:54 CET 2026
#@# pial area lh Tue Mar 10 05:21:54 CET 2026
#@# thickness lh Tue Mar 10 05:21:54 CET 2026
#@# area and vertex vol lh Tue Mar 10 05:21:54 CET 2026
#@# Parcellation Stats lh Tue Mar 10 05:21:54 CET 2026
#@# Parcellation Stats 2 lh Tue Mar 10 05:22:12 CET 2026
#@# Parcellation Stats 3 lh Tue Mar 10 05:22:21 CET 2026
#@# BA_exvivo Labels lh Tue Mar 10 05:22:29 CET 2026
recon-all -s sub-v1s4x0050705_ses-1 finished without error at Tue Mar 10 05:24:57 CET 2026
