status file for recon-all
Tue Mar 10 02:52:46 CET 2026
#@# MotionCor Tue Mar 10 02:52:48 CET 2026
#@# Talairach Tue Mar 10 02:52:59 CET 2026
#@# Talairach Failure Detection Tue Mar 10 02:57:25 CET 2026
#@# Nu Intensity Correction Tue Mar 10 02:57:25 CET 2026
#@# Intensity Normalization Tue Mar 10 03:00:42 CET 2026
recon-all -s sub-v1s4x0050705_ses-1 finished without error at Tue Mar 10 03:02:14 CET 2026



#New# invocation of recon-all 



status file for recon-all
Tue Mar 10 03:09:29 CET 2026
#@# EM Registration Tue Mar 10 03:09:29 CET 2026
recon-all -s sub-v1s4x0050705_ses-1 finished without error at Tue Mar 10 03:11:48 CET 2026



#New# invocation of recon-all 



status file for recon-all
Tue Mar 10 03:11:51 CET 2026
#@# CA Normalize Tue Mar 10 03:11:51 CET 2026
#@# CA Reg Tue Mar 10 03:13:12 CET 2026
#@# SubCort Seg Tue Mar 10 03:58:27 CET 2026
#@# CC Seg Tue Mar 10 04:28:23 CET 2026
#@# Merge ASeg Tue Mar 10 04:28:59 CET 2026
#@# Intensity Normalization2 Tue Mar 10 04:28:59 CET 2026
#@# Mask BFS Tue Mar 10 04:31:16 CET 2026
#@# WM Segmentation Tue Mar 10 04:31:17 CET 2026
#@# Fill Tue Mar 10 04:33:03 CET 2026
recon-all -s sub-v1s4x0050705_ses-1 finished without error at Tue Mar 10 04:34:05 CET 2026



#New# invocation of recon-all 



status file for recon-all
Tue Mar 10 05:17:30 CET 2026
#@# white curv lh Tue Mar 10 05:17:30 CET 2026
#@# white area lh Tue Mar 10 05:17:30 CET 2026
#@# pial curv lh Tue Mar 10 05:17:30 CET 2026
#@# pial area lh Tue Mar 10 05:17:30 CET 2026
#@# thickness lh Tue Mar 10 05:17:30 CET 2026
#@# area and vertex vol lh Tue Mar 10 05:17:30 CET 2026
#@# white curv rh Tue Mar 10 05:17:30 CET 2026
#@# white area rh Tue Mar 10 05:17:30 CET 2026
#@# pial curv rh Tue Mar 10 05:17:30 CET 2026
#@# pial area rh Tue Mar 10 05:17:30 CET 2026
#@# thickness rh Tue Mar 10 05:17:30 CET 2026
#@# area and vertex vol rh Tue Mar 10 05:17:30 CET 2026
#@# Cortical ribbon mask Tue Mar 10 05:17:30 CET 2026
recon-all -s sub-v1s4x0050705_ses-1 finished without error at Tue Mar 10 05:21:51 CET 2026



#New# invocation of recon-all 



status file for recon-all
Tue Mar 10 05:28:14 CET 2026
#@# white curv lh Tue Mar 10 05:28:14 CET 2026
#@# white area lh Tue Mar 10 05:28:14 CET 2026
#@# pial curv lh Tue Mar 10 05:28:14 CET 2026
#@# pial area lh Tue Mar 10 05:28:14 CET 2026
#@# thickness lh Tue Mar 10 05:28:14 CET 2026
#@# area and vertex vol lh Tue Mar 10 05:28:14 CET 2026
#@# white curv rh Tue Mar 10 05:28:14 CET 2026
#@# white area rh Tue Mar 10 05:28:14 CET 2026
#@# pial curv rh Tue Mar 10 05:28:14 CET 2026
#@# pial area rh Tue Mar 10 05:28:14 CET 2026
#@# thickness rh Tue Mar 10 05:28:14 CET 2026
#@# area and vertex vol rh Tue Mar 10 05:28:14 CET 2026
#@# Curvature Stats lh Tue Mar 10 05:28:14 CET 2026
#@# Curvature Stats rh Tue Mar 10 05:28:16 CET 2026
#@# Relabel Hypointensities Tue Mar 10 05:28:19 CET 2026
#@# APas-to-ASeg Tue Mar 10 05:28:33 CET 2026
#@# AParc-to-ASeg aparc Tue Mar 10 05:28:41 CET 2026
#@# AParc-to-ASeg aparc.a2009s Tue Mar 10 05:29:10 CET 2026
#@# AParc-to-ASeg aparc.DKTatlas Tue Mar 10 05:29:39 CET 2026
#@# WMParc Tue Mar 10 05:30:09 CET 2026
#@# ASeg Stats Tue Mar 10 05:34:13 CET 2026
recon-all -s sub-v1s4x0050705_ses-1 finished without error at Tue Mar 10 05:34:54 CET 2026
