status file for recon-all
Tue Mar 10 04:56:13 CET 2026
#@# Tessellate rh Tue Mar 10 04:56:13 CET 2026
#@# Smooth1 rh Tue Mar 10 04:56:16 CET 2026
#@# Inflation1 rh Tue Mar 10 04:56:19 CET 2026
#@# QSphere rh Tue Mar 10 04:56:32 CET 2026
#@# Fix Topology rh Tue Mar 10 04:57:32 CET 2026
#@# Smooth2 rh Tue Mar 10 05:03:16 CET 2026
#@# Inflation2 rh Tue Mar 10 05:03:19 CET 2026
#@# Curv .H and .K rh Tue Mar 10 05:03:34 CET 2026
#@# Sphere rh Tue Mar 10 05:04:19 CET 2026
#@# Surf Reg rh Tue Mar 10 05:06:17 CET 2026
#@# Jacobian white rh Tue Mar 10 05:09:58 CET 2026
#@# AvgCurv rh Tue Mar 10 05:09:59 CET 2026
#@# Cortical Parc rh Tue Mar 10 05:10:00 CET 2026
#@# white curv rh Tue Mar 10 05:16:25 CET 2026
#@# white area rh Tue Mar 10 05:16:27 CET 2026
#@# pial curv rh Tue Mar 10 05:16:28 CET 2026
#@# pial area rh Tue Mar 10 05:16:29 CET 2026
#@# thickness rh Tue Mar 10 05:16:30 CET 2026
#@# area and vertex vol rh Tue Mar 10 05:16:58 CET 2026
#@# Curvature Stats rh Tue Mar 10 05:16:59 CET 2026
#@# Cortical Parc 2 rh Tue Mar 10 05:17:01 CET 2026
#@# Cortical Parc 3 rh Tue Mar 10 05:17:14 CET 2026
#@# WM/GM Contrast rh Tue Mar 10 05:17:23 CET 2026
recon-all -s sub-v1s4x0050705_ses-1 finished without error at Tue Mar 10 05:17:26 CET 2026



#New# invocation of recon-all 



status file for recon-all
Tue Mar 10 05:25:00 CET 2026
#@# white curv rh Tue Mar 10 05:25:00 CET 2026
#@# white area rh Tue Mar 10 05:25:00 CET 2026
#@# pial curv rh Tue Mar 10 05:25:00 CET 2026
#@# pial area rh Tue Mar 10 05:25:00 CET 2026
#@# thickness rh Tue Mar 10 05:25:00 CET 2026
#@# area and vertex vol rh Tue Mar 10 05:25:00 CET 2026
#@# Parcellation Stats rh Tue Mar 10 05:25:00 CET 2026
#@# Parcellation Stats 2 rh Tue Mar 10 05:25:20 CET 2026
#@# Parcellation Stats 3 rh Tue Mar 10 05:25:31 CET 2026
#@# BA_exvivo Labels rh Tue Mar 10 05:25:40 CET 2026
recon-all -s sub-v1s4x0050705_ses-1 finished without error at Tue Mar 10 05:28:08 CET 2026
