/out/sourcedata/freesurfer/sub-v1s4x0050694_ses-1/mri
/opt/freesurfer/bin/talairach_avi
--i orig_nu.mgz --xfm transforms/talairach.auto.xfm
talairach_avi 7.3.2
Linux dna056 5.14.0-427.37.1.el9_4.x86_64 #1 SMP PREEMPT_DYNAMIC Fri Sep 13 12:41:50 EDT 2024 x86_64 x86_64 x86_64 GNU/Linux
Tue Mar 10 02:24:00 CET 2026
mri_convert orig_nu.mgz talsrcimg.img 
reading from orig_nu.mgz...
TR=0.00, TE=0.00, TI=0.00, flip angle=0.00
i_ras = (-1, -3.0268e-09, 0)
j_ras = (-3.72529e-09, 7.45058e-09, -1)
k_ras = (1.86265e-09, 1, 0)
writing to talsrcimg.img...
Analyze Output Matrix
-1.00000  -0.00000   0.00000   125.27016;
-0.00000   0.00000   1.00000  -114.82053;
 0.00000  -1.00000   0.00000   154.92178;
 0.00000   0.00000   0.00000   1.00000;
--------------------
INFO: set hdr.hist.orient to -1
mpr2mni305 talsrcimg
Tue Mar 10 02:24:01 CET 2026
/opt/freesurfer/bin/mpr2mni305 talsrcimg
mpr2mni305 7.3.2
target=711-2C_as_mni_average_305

---------------------------------------------------------------------
analyzeto4dfp talsrcimg -O0 -y
---------------------------------------------------------------------

freesurfer ifh2hdr.c
Tue Mar 10 02:24:01 2026
Writing: talsrcimg.4dfp.hdr
freesurfer analyzeto4dfp.c
Reading: talsrcimg.hdr
header size 348 bytes
hdr.dime.datatype	offset=70	value=2
hdr.dime.bitpix		offset=72	value=8
hdr.hist.orient		offset=252	value=-1
dimensionality     4
dimensions       256       256       256         1
Reading: talsrcimg.img
Writing: talsrcimg.4dfp.img
Writing: talsrcimg.4dfp.ifh
ifh2hdr talsrcimg -r0to232
ori=2

---------------------------------------------------------------------
gauss_4dfp talsrcimg 1.1
---------------------------------------------------------------------

freesurfer gauss_4dfp.c
Reading: talsrcimg.4dfp.img
Writing: talsrcimg_g11.4dfp.img
image dimensions 256 256 256 padded to 288 288 288
processing volume 1freesurfer ifh2hdr.c
Tue Mar 10 02:24:03 2026
Writing: talsrcimg_g11.4dfp.hdr

Writing: talsrcimg_g11.4dfp.ifh
including: talsrcimg.4dfp.img.rec in talsrcimg_g11.4dfp.img.rec

---------------------------------------------------------------------
imgreg_4dfp /opt/freesurfer/average/711-2C_as_mni_average_305 none talsrcimg_g11 none talsrcimg_to_711-2C_as_mni_average_305_t4 4355
---------------------------------------------------------------------

freesurfer imgreg_4dfp.c
/opt/freesurfer/average/711-2C_as_mni_average_305.4dfp.img
       256       256       256         1
  1.000000  1.000000  1.000000
orientation T byte_order littleendian
Reading image: /opt/freesurfer/average/711-2C_as_mni_average_305.4dfp.img
dimensions:      256       256       256
mmppix:       1.0000   -1.0000   -1.0000
center:     128.0000 -129.0000 -129.0000
talsrcimg_g11.4dfp.img
       256       256       256         1
  1.000000  1.000000  1.000000
orientation T byte_order littleendian
Reading image: talsrcimg_g11.4dfp.img
dimensions:      256       256       256
mmppix:       1.0000   -1.0000   -1.0000
center:     128.0000 -129.0000 -129.0000
t4_read: open error in t4_sub.f l:  41 t4_file(1:l)talsrcimg_to_711-2C_as_mni_average_305_t4 
t4_read: transform initialized to I4
rotation matrix determinant  1.000000
image alignment mode   4355 decimal     1103 hex
   -7.5000  -45.0000  -45.0000 9162.6201   14.6205
    0.0000  -45.0000  -45.0000 9630.9814   14.6418
    7.5000  -45.0000  -45.0000 9373.1377   14.6529
   -7.5000  -37.5000  -45.0000 9611.9678   14.5023
    0.0000  -37.5000  -45.000010105.3916   14.5167
    7.5000  -37.5000  -45.0000 9823.7832   14.5226
   -7.5000  -30.0000  -45.000010370.5371   14.4418
    0.0000  -30.0000  -45.000010888.9795   14.4457
    7.5000  -30.0000  -45.000010541.4678   14.4483
   -7.5000  -22.5000  -45.000010907.2539   14.4104
    0.0000  -22.5000  -45.000011461.1182   14.4091
    7.5000  -22.5000  -45.000011082.0586   14.4145
   -7.5000  -15.0000  -45.000011271.1875   14.3853
    0.0000  -15.0000  -45.000011824.3477   14.3891
    7.5000  -15.0000  -45.000011435.9648   14.3997
   -7.5000   -7.5000  -45.000011499.5840   14.3925
    0.0000   -7.5000  -45.000012087.7598   14.4070
    7.5000   -7.5000  -45.000011694.7686   14.4198
   -7.5000    0.0000  -45.000011607.6475   14.4215
    0.0000    0.0000  -45.000012201.7363   14.4414
    7.5000    0.0000  -45.000011805.6426   14.4523
   -7.5000    7.5000  -45.000010899.3018   14.4428
    0.0000    7.5000  -45.000011464.6895   14.4572
    7.5000    7.5000  -45.000011083.6631   14.4630
   -7.5000   15.0000  -45.000010197.1143   14.4411
    0.0000   15.0000  -45.000010710.8730   14.4448
    7.5000   15.0000  -45.000010310.3330   14.4475
   -7.5000   22.5000  -45.0000 9477.7080   14.7577
    0.0000   22.5000  -45.0000 9967.0186   14.7602
    7.5000   22.5000  -45.0000 9595.2529   14.7643
   -7.5000   30.0000  -45.0000 8773.4873   14.9888
    0.0000   30.0000  -45.0000 9259.0361   14.9989
    7.5000   30.0000  -45.0000 8916.8750   15.0091
   -7.5000   37.5000  -45.0000 8456.1543   15.5149
    0.0000   37.5000  -45.0000 8945.7070   15.5359
    7.5000   37.5000  -45.0000 8613.6377   15.5484
   -7.5000   45.0000  -45.0000 7889.5210   15.7659
    0.0000   45.0000  -45.0000 8331.0879   15.7933
    7.5000   45.0000  -45.0000 8017.6309   15.7959
   -7.5000  -45.0000  -37.5000 9720.0840   14.5212
    0.0000  -45.0000  -37.500010198.6572   14.5368
    7.5000  -45.0000  -37.5000 9893.8936   14.5461
   -7.5000  -37.5000  -37.500010203.2432   14.4047
    0.0000  -37.5000  -37.500010707.9893   14.4128
    7.5000  -37.5000  -37.500010391.7285   14.4159
   -7.5000  -30.0000  -37.500010983.2607   14.3480
    0.0000  -30.0000  -37.500011546.6211   14.3475
    7.5000  -30.0000  -37.500011159.7725   14.3471
   -7.5000  -22.5000  -37.500011600.5566   14.3208
    0.0000  -22.5000  -37.500012209.0645   14.3179
    7.5000  -22.5000  -37.500011780.8086   14.3214
   -7.5000  -15.0000  -37.500012011.1172   14.2968
    0.0000  -15.0000  -37.500012624.3457   14.2999
    7.5000  -15.0000  -37.500012188.1455   14.3097
   -7.5000   -7.5000  -37.500012228.5527   14.2999
    0.0000   -7.5000  -37.500012870.7051   14.3116
    7.5000   -7.5000  -37.500012428.1250   14.3237
   -7.5000    0.0000  -37.500012361.6025   14.3246
    0.0000    0.0000  -37.500012980.7520   14.3392
    7.5000    0.0000  -37.500012510.8193   14.3484
   -7.5000    7.5000  -37.500011625.5469   14.3457
    0.0000    7.5000  -37.500012210.0479   14.3541
    7.5000    7.5000  -37.500011765.1406   14.3571
   -7.5000   15.0000  -37.500010842.3613   14.3471
    0.0000   15.0000  -37.500011397.8164   14.3466
    7.5000   15.0000  -37.500010940.1182   14.3463
   -7.5000   22.5000  -37.500010064.9268   14.6644
    0.0000   22.5000  -37.500010583.9600   14.6638
    7.5000   22.5000  -37.500010168.3164   14.6657
   -7.5000   30.0000  -37.5000 9316.5391   14.8845
    0.0000   30.0000  -37.5000 9842.9678   14.8931
    7.5000   30.0000  -37.5000 9442.0010   14.9044
   -7.5000   37.5000  -37.5000 9005.9424   15.3955
    0.0000   37.5000  -37.5000 9513.9424   15.4137
    7.5000   37.5000  -37.5000 9148.9736   15.4273
   -7.5000   45.0000  -37.5000 8378.7734   15.6324
    0.0000   45.0000  -37.5000 8833.6514   15.6538
    7.5000   45.0000  -37.5000 8495.5986   15.6559
   -7.5000  -45.0000  -30.000010358.8018   15.0787
    0.0000  -45.0000  -30.000010900.9824   15.0945
    7.5000  -45.0000  -30.000010551.1914   15.1064
   -7.5000  -37.5000  -30.000010948.1777   14.9557
    0.0000  -37.5000  -30.000011511.5518   14.9643
    7.5000  -37.5000  -30.000011115.9668   14.9720
   -7.5000  -30.0000  -30.000011770.0225   14.8979
    0.0000  -30.0000  -30.000012395.1055   14.8993
    7.5000  -30.0000  -30.000011928.7568   14.9055
   -7.5000  -22.5000  -30.000012415.7148   14.8740
    0.0000  -22.5000  -30.000013097.0244   14.8741
    7.5000  -22.5000  -30.000012600.4893   14.8838
   -7.5000  -15.0000  -30.000012870.6680   14.8518
    0.0000  -15.0000  -30.000013561.9521   14.8574
    7.5000  -15.0000  -30.000013039.1475   14.8715
   -7.5000   -7.5000  -30.000013138.3018   14.8533
    0.0000   -7.5000  -30.000013837.8213   14.8661
    7.5000   -7.5000  -30.000013284.4688   14.8807
   -7.5000    0.0000  -30.000013294.8223   14.8753
    0.0000    0.0000  -30.000013964.6465   14.8901
    7.5000    0.0000  -30.000013410.5693   14.9017
   -7.5000    7.5000  -30.000012512.6221   14.8947
    0.0000    7.5000  -30.000013160.5059   14.9035
    7.5000    7.5000  -30.000012623.2354   14.9111
   -7.5000   15.0000  -30.000011663.6709   14.8970
    0.0000   15.0000  -30.000012274.0098   14.8984
    7.5000   15.0000  -30.000011755.3623   14.9047
   -7.5000   22.5000  -30.000010807.6846   15.2289
    0.0000   22.5000  -30.000011378.3906   15.2303
    7.5000   22.5000  -30.000010884.8867   15.2382
   -7.5000   30.0000  -30.0000 9998.6572   15.4595
    0.0000   30.0000  -30.000010541.9053   15.4688
    7.5000   30.0000  -30.000010102.7148   15.4850
   -7.5000   37.5000  -30.0000 9669.8477   15.9835
    0.0000   37.5000  -30.000010191.2021   16.0018
    7.5000   37.5000  -30.0000 9788.6514   16.0189
   -7.5000   45.0000  -30.0000 8996.8496   16.2277
    0.0000   45.0000  -30.0000 9484.2363   16.2492
    7.5000   45.0000  -30.0000 9091.7256   16.2570
   -7.5000  -45.0000  -22.500010980.9893   15.5850
    0.0000  -45.0000  -22.500011548.3232   15.6067
    7.5000  -45.0000  -22.500011190.8330   15.6231
   -7.5000  -37.5000  -22.500011622.8916   15.4551
    0.0000  -37.5000  -22.500012223.0322   15.4706
    7.5000  -37.5000  -22.500011806.0254   15.4861
   -7.5000  -30.0000  -22.500012519.7354   15.3917
    0.0000  -30.0000  -22.500013153.9473   15.3996
    7.5000  -30.0000  -22.500012662.3027   15.4164
   -7.5000  -22.5000  -22.500013207.3105   15.3657
    0.0000  -22.5000  -22.500013878.1807   15.3707
    7.5000  -22.5000  -22.500013388.7627   15.3898
   -7.5000  -15.0000  -22.500013668.3779   15.3448
    0.0000  -15.0000  -22.500014366.1104   15.3538
    7.5000  -15.0000  -22.500013853.7129   15.3739
   -7.5000   -7.5000  -22.500013963.8047   15.3505
    0.0000   -7.5000  -22.500014693.3203   15.3671
    7.5000   -7.5000  -22.500014112.4482   15.3854
   -7.5000    0.0000  -22.500014151.7715   15.3753
    0.0000    0.0000  -22.500014874.4766   15.3956
    7.5000    0.0000  -22.500014286.1680   15.4114
   -7.5000    7.5000  -22.500013351.9434   15.3923
    0.0000    7.5000  -22.500014058.2285   15.4079
    7.5000    7.5000  -22.500013430.1846   15.4233
   -7.5000   15.0000  -22.500012450.2002   15.3908
    0.0000   15.0000  -22.500013119.0469   15.3987
    7.5000   15.0000  -22.500012507.4639   15.4155
   -7.5000   22.5000  -22.500011541.8086   15.7309
    0.0000   22.5000  -22.500012171.3193   15.7378
    7.5000   22.5000  -22.500011600.6895   15.7553
   -7.5000   30.0000  -22.500010663.4482   15.9803
    0.0000   30.0000  -22.500011246.6162   15.9922
    7.5000   30.0000  -22.500010735.0117   16.0125
   -7.5000   37.5000  -22.500010302.8760   16.5273
    0.0000   37.5000  -22.500010856.7354   16.5480
    7.5000   37.5000  -22.500010367.0107   16.5678
   -7.5000   45.0000  -22.5000 9586.8398   16.7886
    0.0000   45.0000  -22.500010097.1465   16.8164
    7.5000   45.0000  -22.5000 9648.4473   16.8311
   -7.5000  -45.0000  -15.000011552.0186   15.9891
    0.0000  -45.0000  -15.000012127.8545   16.0167
    7.5000  -45.0000  -15.000011760.3945   16.0362
   -7.5000  -37.5000  -15.000012221.8906   15.8554
    0.0000  -37.5000  -15.000012833.9893   15.8776
    7.5000  -37.5000  -15.000012412.3398   15.8971
   -7.5000  -30.0000  -15.000013151.4512   15.7854
    0.0000  -30.0000  -15.000013782.0713   15.7982
    7.5000  -30.0000  -15.000013312.5215   15.8199
   -7.5000  -22.5000  -15.000013898.5371   15.7529
    0.0000  -22.5000  -15.000014568.7178   15.7601
    7.5000  -22.5000  -15.000014069.7588   15.7839
   -7.5000  -15.0000  -15.000014390.6631   15.7304
    0.0000  -15.0000  -15.000015110.2412   15.7409
    7.5000  -15.0000  -15.000014601.4248   15.7647
   -7.5000   -7.5000  -15.000014764.8994   15.7424
    0.0000   -7.5000  -15.000015528.6445   15.7623
    7.5000   -7.5000  -15.000014935.4541   15.7834
   -7.5000    0.0000  -15.000014989.6719   15.7738
    0.0000    0.0000  -15.000015755.1455   15.7998
    7.5000    0.0000  -15.000015117.0479   15.8185
   -7.5000    7.5000  -15.000014147.2383   15.7910
    0.0000    7.5000  -15.000014909.6533   15.8132
    7.5000    7.5000  -15.000014201.5449   15.8325
   -7.5000   15.0000  -15.000013220.1533   15.7846
    0.0000   15.0000  -15.000013932.0820   15.7974
    7.5000   15.0000  -15.000013234.2295   15.8191
   -7.5000   22.5000  -15.000012266.6621   16.1261
    0.0000   22.5000  -15.000012954.2393   16.1369
    7.5000   22.5000  -15.000012267.1250   16.1593
   -7.5000   30.0000  -15.000011379.1680   16.3932
    0.0000   30.0000  -15.000012024.2100   16.4071
    7.5000   30.0000  -15.000011365.3838   16.4287
   -7.5000   37.5000  -15.000010953.6543   16.9651
    0.0000   37.5000  -15.000011571.3516   16.9892
    7.5000   37.5000  -15.000010964.9521   17.0099
   -7.5000   45.0000  -15.000010194.9424   17.2517
    0.0000   45.0000  -15.000010777.4531   17.2866
    7.5000   45.0000  -15.000010246.3516   17.3035
   -7.5000  -45.0000   -7.500012154.5684   16.2226
    0.0000  -45.0000   -7.500012764.6875   16.2510
    7.5000  -45.0000   -7.500012371.5381   16.2683
   -7.5000  -37.5000   -7.500012881.1680   16.0898
    0.0000  -37.5000   -7.500013515.7148   16.1121
    7.5000  -37.5000   -7.500013077.7559   16.1269
   -7.5000  -30.0000   -7.500013831.2959   16.0192
    0.0000  -30.0000   -7.500014493.3223   16.0301
    7.5000  -30.0000   -7.500013974.8057   16.0444
   -7.5000  -22.5000   -7.500014628.5293   15.9826
    0.0000  -22.5000   -7.500015340.0508   15.9866
    7.5000  -22.5000   -7.500014766.9004   16.0034
   -7.5000  -15.0000   -7.500015187.4922   15.9564
    0.0000  -15.0000   -7.500015959.8711   15.9645
    7.5000  -15.0000   -7.500015355.0967   15.9837
   -7.5000   -7.5000   -7.500015657.5869   15.9688
    0.0000   -7.5000   -7.500016461.3789   15.9884
    7.5000   -7.5000   -7.500015778.2510   16.0072
   -7.5000    0.0000   -7.500015964.2461   16.0035
    0.0000    0.0000   -7.500016763.2578   16.0303
    7.5000    0.0000   -7.500016021.9180   16.0468
   -7.5000    7.5000   -7.500015058.2959   16.0243
    0.0000    7.5000   -7.500015803.6045   16.0466
    7.5000    7.5000   -7.500015027.5078   16.0612
   -7.5000   15.0000   -7.500014077.2959   16.0184
    0.0000   15.0000   -7.500014779.6699   16.0293
    7.5000   15.0000   -7.500013966.6504   16.0435
   -7.5000   22.5000   -7.500013145.7031   16.3597
    0.0000   22.5000   -7.500013824.2090   16.3684
    7.5000   22.5000   -7.500012972.0322   16.3839
   -7.5000   30.0000   -7.500012191.0029   16.6317
    0.0000   30.0000   -7.500012856.6797   16.6454
    7.5000   30.0000   -7.500012033.7559   16.6621
   -7.5000   37.5000   -7.500011697.3721   17.2167
    0.0000   37.5000   -7.500012364.6025   17.2419
    7.5000   37.5000   -7.500011621.5752   17.2593
   -7.5000   45.0000   -7.500010871.9033   17.5229
    0.0000   45.0000   -7.500011501.6133   17.5586
    7.5000   45.0000   -7.500010853.0361   17.5694
   -7.5000  -45.0000    0.000012720.0986   16.2753
    0.0000  -45.0000    0.000013351.3652   16.2985
    7.5000  -45.0000    0.000012931.8271   16.3108
   -7.5000  -37.5000    0.000013508.5830   16.1449
    0.0000  -37.5000    0.000014164.7920   16.1605
    7.5000  -37.5000    0.000013676.8828   16.1668
   -7.5000  -30.0000    0.000014468.4385   16.0779
    0.0000  -30.0000    0.000015118.8398   16.0819
    7.5000  -30.0000    0.000014540.5225   16.0846
   -7.5000  -22.5000    0.000015319.4346   16.0426
    0.0000  -22.5000    0.000016013.0371   16.0410
    7.5000  -22.5000    0.000015394.8857   16.0469
   -7.5000  -15.0000    0.000015952.2783   16.0142
    0.0000  -15.0000    0.000016702.2832   16.0184
    7.5000  -15.0000    0.000016028.3359   16.0303
   -7.5000   -7.5000    0.000016462.4590   16.0223
    0.0000   -7.5000    0.000017330.0918   16.0382
    7.5000   -7.5000    0.000016545.2656   16.0525
   -7.5000    0.0000    0.000016835.7598   16.0549
    0.0000    0.0000    0.000017770.5488   16.0767
    7.5000    0.0000    0.000016928.5938   16.0887
   -7.5000    7.5000    0.000016002.1602   16.0789
    0.0000    7.5000    0.000016899.2324   16.0946
    7.5000    7.5000    0.000015972.4258   16.1008
   -7.5000   15.0000    0.000015049.2480   16.0770
    0.0000   15.0000    0.000015842.0977   16.0810
    7.5000   15.0000    0.000014843.8555   16.0837
   -7.5000   22.5000    0.000014053.1191   16.4218
    0.0000   22.5000    0.000014776.7939   16.4245
    7.5000   22.5000    0.000013776.9922   16.4289
   -7.5000   30.0000    0.000012916.2500   16.6877
    0.0000   30.0000    0.000013626.8447   16.6989
    7.5000   30.0000    0.000012712.0527   16.7103
   -7.5000   37.5000    0.000012350.6709   17.2703
    0.0000   37.5000    0.000013084.1992   17.2933
    7.5000   37.5000    0.000012280.2188   17.3073
   -7.5000   45.0000    0.000011420.3115   17.5805
    0.0000   45.0000    0.000012125.7598   17.6105
    7.5000   45.0000    0.000011432.4053   17.6134
   -7.5000  -45.0000    7.500012435.8125   16.2414
    0.0000  -45.0000    7.500012964.3506   16.2588
    7.5000  -45.0000    7.500012562.2744   16.2692
   -7.5000  -37.5000    7.500013252.0010   16.1113
    0.0000  -37.5000    7.500013799.2461   16.1203
    7.5000  -37.5000    7.500013320.3779   16.1237
   -7.5000  -30.0000    7.500014146.8389   16.0480
    0.0000  -30.0000    7.500014690.4102   16.0473
    7.5000  -30.0000    7.500014139.2100   16.0469
   -7.5000  -22.5000    7.500014950.7861   16.0176
    0.0000  -22.5000    7.500015567.8555   16.0143
    7.5000  -22.5000    7.500014948.0811   16.0182
   -7.5000  -15.0000    7.500015548.6133   15.9906
    0.0000  -15.0000    7.500016287.7715   15.9941
    7.5000  -15.0000    7.500015602.5596   16.0050
   -7.5000   -7.5000    7.500016032.5586   15.9940
    0.0000   -7.5000    7.500016966.1133   16.0071
    7.5000   -7.5000    7.500016192.2842   16.0206
   -7.5000    0.0000    7.500016448.3398   16.0217
    0.0000    0.0000    7.500017596.7070   16.0379
    7.5000    0.0000    7.500016750.2500   16.0481
   -7.5000    7.5000    7.500015733.2070   16.0454
    0.0000    7.5000    7.500016903.8594   16.0546
    7.5000    7.5000    7.500015955.1104   16.0579
   -7.5000   15.0000    7.500014860.2969   16.0470
    0.0000   15.0000    7.500015880.8701   16.0464
    7.5000   15.0000    7.500014842.0645   16.0459
   -7.5000   22.5000    7.500013783.9082   16.3964
    0.0000   22.5000    7.500014654.6260   16.3957
    7.5000   22.5000    7.500013643.5088   16.3978
   -7.5000   30.0000    7.500012548.2510   16.6541
    0.0000   30.0000    7.500013304.2900   16.6636
    7.5000   30.0000    7.500012430.7178   16.6763
   -7.5000   37.5000    7.500011963.9336   17.2254
    0.0000   37.5000    7.500012706.8682   17.2457
    7.5000   37.5000    7.500011947.4170   17.2609
   -7.5000   45.0000    7.500011093.4219   17.5244
    0.0000   45.0000    7.500011759.6689   17.5483
    7.5000   45.0000    7.500011117.3301   17.5505
   -7.5000  -45.0000   15.000012011.0273   16.1916
    0.0000  -45.0000   15.000012549.3906   16.2086
    7.5000  -45.0000   15.000012071.6904   16.2213
   -7.5000  -37.5000   15.000012787.2266   16.0595
    0.0000  -37.5000   15.000013337.8447   16.0687
    7.5000  -37.5000   15.000012828.8320   16.0770
   -7.5000  -30.0000   15.000013570.9180   15.9974
    0.0000  -30.0000   15.000014162.4639   15.9989
    7.5000  -30.0000   15.000013622.8750   16.0056
   -7.5000  -22.5000   15.000014288.4531   15.9718
    0.0000  -22.5000   15.000014961.1787   15.9719
    7.5000  -22.5000   15.000014369.9717   15.9823
   -7.5000  -15.0000   15.000014835.0078   15.9480
    0.0000  -15.0000   15.000015596.3027   15.9540
    7.5000  -15.0000   15.000014952.5869   15.9690
   -7.5000   -7.5000   15.000015278.1201   15.9495
    0.0000   -7.5000   15.000016201.4492   15.9633
    7.5000   -7.5000   15.000015485.8916   15.9789
   -7.5000    0.0000   15.000015693.4775   15.9732
    0.0000    0.0000   15.000016752.7109   15.9891
    7.5000    0.0000   15.000016011.6777   16.0015
   -7.5000    7.5000   15.000014933.2354   15.9940
    0.0000    7.5000   15.000015970.8340   16.0034
    7.5000    7.5000   15.000015264.3359   16.0116
   -7.5000   15.0000   15.000013976.8398   15.9964
    0.0000   15.0000   15.000014924.2119   15.9980
    7.5000   15.0000   15.000014229.1904   16.0046
   -7.5000   22.5000   15.000012958.8477   16.3493
    0.0000   22.5000   15.000013772.0176   16.3508
    7.5000   22.5000   15.000013079.2568   16.3592
   -7.5000   30.0000   15.000011885.9229   16.6053
    0.0000   30.0000   15.000012550.3174   16.6153
    7.5000   30.0000   15.000011925.5283   16.6327
   -7.5000   37.5000   15.000011343.2920   17.1682
    0.0000   37.5000   15.000011972.3262   17.1878
    7.5000   37.5000   15.000011381.9639   17.2062
   -7.5000   45.0000   15.000010546.0762   17.4535
    0.0000   45.0000   15.000011114.1416   17.4766
    7.5000   45.0000   15.000010574.8936   17.4850
   -7.5000  -45.0000   22.500011330.2412   16.1786
    0.0000  -45.0000   22.500011922.4814   16.2011
    7.5000  -45.0000   22.500011396.2061   16.2181
   -7.5000  -37.5000   22.500012033.0166   16.0437
    0.0000  -37.5000   22.500012622.9453   16.0598
    7.5000  -37.5000   22.500012110.1094   16.0760
   -7.5000  -30.0000   22.500012744.5537   15.9779
    0.0000  -30.0000   22.500013346.4639   15.9861
    7.5000  -30.0000   22.500012819.0703   16.0036
   -7.5000  -22.5000   22.500013369.9199   15.9509
    0.0000  -22.5000   22.500014017.0723   15.9561
    7.5000  -22.5000   22.500013448.8008   15.9760
   -7.5000  -15.0000   22.500013847.1357   15.9293
    0.0000  -15.0000   22.500014524.0869   15.9386
    7.5000  -15.0000   22.500013940.4727   15.9595
   -7.5000   -7.5000   22.500014278.8584   15.9352
    0.0000   -7.5000   22.500015032.7979   15.9524
    7.5000   -7.5000   22.500014400.1729   15.9714
   -7.5000    0.0000   22.500014626.9316   15.9609
    0.0000    0.0000   22.500015478.8760   15.9820
    7.5000    0.0000   22.500014875.6660   15.9984
   -7.5000    7.5000   22.500013826.9346   15.9786
    0.0000    7.5000   22.500014627.7822   15.9947
    7.5000    7.5000   22.500014067.5312   16.0107
   -7.5000   15.0000   22.500012864.6064   15.9770
    0.0000   15.0000   22.500013576.9180   15.9852
    7.5000   15.0000   22.500013043.7627   16.0027
   -7.5000   22.5000   22.500011940.0107   16.3276
    0.0000   22.5000   22.500012580.6084   16.3348
    7.5000   22.5000   22.500012038.5166   16.3529
   -7.5000   30.0000   22.500011071.7246   16.5913
    0.0000   30.0000   22.500011654.2988   16.6036
    7.5000   30.0000   22.500011122.9922   16.6247
   -7.5000   37.5000   22.500010664.1758   17.1592
    0.0000   37.5000   22.500011205.7607   17.1807
    7.5000   37.5000   22.500010706.4053   17.2013
   -7.5000   45.0000   22.5000 9960.8477   17.4432
    0.0000   45.0000   22.500010442.9932   17.4720
    7.5000   45.0000   22.5000 9987.4307   17.4873
   -7.5000  -45.0000   30.000010472.5195   16.2673
    0.0000  -45.0000   30.000010976.2100   16.2956
    7.5000  -45.0000   30.000010535.6377   16.3154
   -7.5000  -37.5000   30.000011118.4150   16.1308
    0.0000  -37.5000   30.000011621.6006   16.1535
    7.5000  -37.5000   30.000011197.7744   16.1734
   -7.5000  -30.0000   30.000011763.1592   16.0595
    0.0000  -30.0000   30.000012285.7031   16.0726
    7.5000  -30.0000   30.000011840.8184   16.0948
   -7.5000  -22.5000   30.000012337.2227   16.0264
    0.0000  -22.5000   30.000012907.2031   16.0338
    7.5000  -22.5000   30.000012404.2852   16.0581
   -7.5000  -15.0000   30.000012779.5801   16.0034
    0.0000  -15.0000   30.000013369.1748   16.0141
    7.5000  -15.0000   30.000012848.2949   16.0386
   -7.5000   -7.5000   30.000013185.6924   16.0155
    0.0000   -7.5000   30.000013813.2422   16.0358
    7.5000   -7.5000   30.000013273.2568   16.0575
   -7.5000    0.0000   30.000013460.5908   16.0475
    0.0000    0.0000   30.000014156.8027   16.0741
    7.5000    0.0000   30.000013663.1699   16.0931
   -7.5000    7.5000   30.000012708.2617   16.0651
    0.0000    7.5000   30.000013318.9170   16.0878
    7.5000    7.5000   30.000012868.6768   16.1074
   -7.5000   15.0000   30.000011814.6250   16.0587
    0.0000   15.0000   30.000012344.4971   16.0717
    7.5000   15.0000   30.000011912.4072   16.0939
   -7.5000   22.5000   30.000010996.1475   16.4057
    0.0000   22.5000   30.000011516.2930   16.4168
    7.5000   22.5000   30.000011082.4697   16.4397
   -7.5000   30.0000   30.000010234.8887   16.6809
    0.0000   30.0000   30.000010733.3330   16.6952
    7.5000   30.0000   30.000010301.5410   16.7174
   -7.5000   37.5000   30.0000 9902.3955   17.2651
    0.0000   37.5000   30.000010380.3828   17.2898
    7.5000   37.5000   30.0000 9959.8535   17.3109
   -7.5000   45.0000   30.0000 9265.9805   17.5641
    0.0000   45.0000   30.0000 9715.7979   17.5998
    7.5000   45.0000   30.0000 9307.9707   17.6171
   -7.5000  -45.0000   37.500010028.1348   16.5098
    0.0000  -45.0000   37.500010466.5420   16.5396
    7.5000  -45.0000   37.500010098.8740   16.5578
   -7.5000  -37.5000   37.500010655.9590   16.3711
    0.0000  -37.5000   37.500011111.0635   16.3944
    7.5000  -37.5000   37.500010739.5703   16.4099
   -7.5000  -30.0000   37.500011294.6611   16.2996
    0.0000  -30.0000   37.500011769.8086   16.3111
    7.5000  -30.0000   37.500011362.7471   16.3261
   -7.5000  -22.5000   37.500011851.7178   16.2646
    0.0000  -22.5000   37.500012368.3838   16.2692
    7.5000  -22.5000   37.500011913.0801   16.2869
   -7.5000  -15.0000   37.500012269.4209   16.2390
    0.0000  -15.0000   37.500012822.0850   16.2481
    7.5000  -15.0000   37.500012320.4785   16.2685
   -7.5000   -7.5000   37.500012610.9502   16.2505
    0.0000   -7.5000   37.500013226.4805   16.2713
    7.5000   -7.5000   37.500012708.0488   16.2912
   -7.5000    0.0000   37.500012871.7822   16.2835
    0.0000    0.0000   37.500013521.7158   16.3115
    7.5000    0.0000   37.500013017.1719   16.3289
   -7.5000    7.5000   37.500012136.6045   16.3035
    0.0000    7.5000   37.500012712.9141   16.3268
    7.5000    7.5000   37.500012256.5176   16.3421
   -7.5000   15.0000   37.500011284.5391   16.2984
    0.0000   15.0000   37.500011794.8232   16.3099
    7.5000   15.0000   37.500011371.6982   16.3248
   -7.5000   22.5000   37.500010539.8154   16.6476
    0.0000   22.5000   37.500011036.6934   16.6571
    7.5000   22.5000   37.500010628.4141   16.6735
   -7.5000   30.0000   37.5000 9824.2432   16.9301
    0.0000   30.0000   37.500010282.5537   16.9450
    7.5000   30.0000   37.5000 9896.9531   16.9628
   -7.5000   37.5000   37.5000 9544.6611   17.5338
    0.0000   37.5000   37.5000 9983.4150   17.5604
    7.5000   37.5000   37.5000 9607.5273   17.5789
   -7.5000   45.0000   37.5000 8935.5859   17.8560
    0.0000   45.0000   37.5000 9363.7363   17.8934
    7.5000   45.0000   37.5000 8998.5664   17.9048
   -7.5000  -45.0000   45.0000 9237.4629   16.8806
    0.0000  -45.0000   45.0000 9667.6484   16.9067
    7.5000  -45.0000   45.0000 9328.6689   16.9197
   -7.5000  -37.5000   45.0000 9824.8555   16.7342
    0.0000  -37.5000   45.000010270.4844   16.7518
    7.5000  -37.5000   45.0000 9909.5186   16.7582
   -7.5000  -30.0000   45.000010428.5898   16.6605
    0.0000  -30.0000   45.000010890.4092   16.6653
    7.5000  -30.0000   45.000010501.7998   16.6677
   -7.5000  -22.5000   45.000010970.7646   16.6259
    0.0000  -22.5000   45.000011448.3525   16.6248
    7.5000  -22.5000   45.000010996.6299   16.6308
   -7.5000  -15.0000   45.000011364.3496   16.6002
    0.0000  -15.0000   45.000011841.2666   16.6056
    7.5000  -15.0000   45.000011373.5742   16.6183
   -7.5000   -7.5000   45.000011631.1406   16.6104
    0.0000   -7.5000   45.000012175.0928   16.6287
    7.5000   -7.5000   45.000011701.7090   16.6439
   -7.5000    0.0000   45.000011861.1045   16.6421
    0.0000    0.0000   45.000012438.9619   16.6666
    7.5000    0.0000   45.000011958.0674   16.6792
   -7.5000    7.5000   45.000011176.9688   16.6629
    0.0000    7.5000   45.000011706.2734   16.6806
    7.5000    7.5000   45.000011253.3174   16.6869
   -7.5000   15.0000   45.000010401.5986   16.6583
    0.0000   15.0000   45.000010872.4219   16.6631
    7.5000   15.0000   45.000010458.3975   16.6655
   -7.5000   22.5000   45.0000 9694.4980   17.0038
    0.0000   22.5000   45.000010144.9980   17.0073
    7.5000   22.5000   45.0000 9761.6357   17.0120
   -7.5000   30.0000   45.0000 9048.7578   17.2855
    0.0000   30.0000   45.0000 9464.9971   17.2985
    7.5000   30.0000   45.0000 9132.6738   17.3108
   -7.5000   37.5000   45.0000 8819.2910   17.9043
    0.0000   37.5000   45.0000 9233.1797   17.9301
    7.5000   37.5000   45.0000 8888.5029   17.9454
   -7.5000   45.0000   45.0000 8274.5469   18.2504
    0.0000   45.0000   45.0000 8679.5449   18.2836
    7.5000   45.0000   45.0000 8343.8857   18.2863

---------------------------------------------------------------------
imgreg_4dfp /opt/freesurfer/average/711-2C_as_mni_average_305 /opt/freesurfer/average/711-2B_as_mni_average_305_mask talsrcimg_g11 none talsrcimg_to_711-2C_as_mni_average_305_t4 4355
---------------------------------------------------------------------

freesurfer imgreg_4dfp.c
/opt/freesurfer/average/711-2C_as_mni_average_305.4dfp.img
       256       256       256         1
  1.000000  1.000000  1.000000
orientation T byte_order littleendian
Reading image: /opt/freesurfer/average/711-2C_as_mni_average_305.4dfp.img
dimensions:      256       256       256
mmppix:       1.0000   -1.0000   -1.0000
center:     128.0000 -129.0000 -129.0000
/opt/freesurfer/average/711-2B_as_mni_average_305_mask.4dfp.img
       256       256       256         1
  1.000000  1.000000  1.000000
orientation T byte_order littleendian
Reading mask: /opt/freesurfer/average/711-2B_as_mni_average_305_mask.4dfp.img (2306576 pixels)
talsrcimg_g11.4dfp.img
       256       256       256         1
  1.000000  1.000000  1.000000
orientation T byte_order littleendian
Reading image: talsrcimg_g11.4dfp.img
dimensions:      256       256       256
mmppix:       1.0000   -1.0000   -1.0000
center:     128.0000 -129.0000 -129.0000
rotation matrix determinant  1.000000
image alignment mode   4355 decimal     1103 hex
   -7.5000  -45.0000  -45.0000 2253.6602   19.1666
    0.0000  -45.0000  -45.0000 2289.6057   18.8853
    7.5000  -45.0000  -45.0000 2298.3691   18.7890
   -7.5000  -37.5000  -45.0000 2258.4182   19.0451
    0.0000  -37.5000  -45.0000 2293.5901   18.6904
    7.5000  -37.5000  -45.0000 2306.5298   18.6054
   -7.5000  -30.0000  -45.0000 2271.8057   18.9828
    0.0000  -30.0000  -45.0000 2306.6060   18.5872
    7.5000  -30.0000  -45.0000 2318.1919   18.4736
   -7.5000  -22.5000  -45.0000 2287.3259   18.8965
    0.0000  -22.5000  -45.0000 2326.4988   18.5582
    7.5000  -22.5000  -45.0000 2331.8042   18.4406
   -7.5000  -15.0000  -45.0000 2295.9607   18.9066
    0.0000  -15.0000  -45.0000 2326.9688   18.5767
    7.5000  -15.0000  -45.0000 2339.7908   18.4790
   -7.5000   -7.5000  -45.0000 2293.0134   19.0265
    0.0000   -7.5000  -45.0000 2330.2148   18.6446
    7.5000   -7.5000  -45.0000 2342.9849   18.5660
   -7.5000    0.0000  -45.0000 2285.8630   19.2800
    0.0000    0.0000  -45.0000 2318.6729   18.8572
    7.5000    0.0000  -45.0000 2329.7185   18.7627
   -7.5000    7.5000  -45.0000 2270.2727   19.6503
    0.0000    7.5000  -45.0000 2309.0054   19.2166
    7.5000    7.5000  -45.0000 2322.1807   19.1050
   -7.5000   15.0000  -45.0000 2260.9785   20.1145
    0.0000   15.0000  -45.0000 2300.0571   19.6356
    7.5000   15.0000  -45.0000 2302.8804   19.5280
   -7.5000   22.5000  -45.0000 2236.0935   20.8211
    0.0000   22.5000  -45.0000 2279.1423   20.3474
    7.5000   22.5000  -45.0000 2282.8909   20.2365
   -7.5000   30.0000  -45.0000 2186.1511   21.8615
    0.0000   30.0000  -45.0000 2231.2505   21.3529
    7.5000   30.0000  -45.0000 2236.8125   21.2902
   -7.5000   37.5000  -45.0000 2127.2136   23.3371
    0.0000   37.5000  -45.0000 2177.6575   22.8203
    7.5000   37.5000  -45.0000 2180.9553   22.7477
   -7.5000   45.0000  -45.0000 2047.7212   25.3998
    0.0000   45.0000  -45.0000 2089.0542   24.8496
    7.5000   45.0000  -45.0000 2093.8899   24.7246
   -7.5000  -45.0000  -37.5000 2357.3533   17.6162
    0.0000  -45.0000  -37.5000 2385.6772   17.2540
    7.5000  -45.0000  -37.5000 2388.3379   17.1814
   -7.5000  -37.5000  -37.5000 2362.4631   17.5232
    0.0000  -37.5000  -37.5000 2398.6099   17.1716
    7.5000  -37.5000  -37.5000 2407.0569   17.1002
   -7.5000  -30.0000  -37.5000 2381.4414   17.4432
    0.0000  -30.0000  -37.5000 2417.6226   17.0764
    7.5000  -30.0000  -37.5000 2422.9299   16.9968
   -7.5000  -22.5000  -37.5000 2398.8843   17.3909
    0.0000  -22.5000  -37.5000 2438.1851   17.0403
    7.5000  -22.5000  -37.5000 2441.8574   16.9785
   -7.5000  -15.0000  -37.5000 2407.3611   17.4185
    0.0000  -15.0000  -37.5000 2440.4763   17.0873
    7.5000  -15.0000  -37.5000 2450.7729   16.9923
   -7.5000   -7.5000  -37.5000 2397.8076   17.4897
    0.0000   -7.5000  -37.5000 2437.1572   17.1448
    7.5000   -7.5000  -37.5000 2446.5500   17.0853
   -7.5000    0.0000  -37.5000 2389.9429   17.7125
    0.0000    0.0000  -37.5000 2424.0012   17.3403
    7.5000    0.0000  -37.5000 2431.7886   17.2233
   -7.5000    7.5000  -37.5000 2378.9944   18.0792
    0.0000    7.5000  -37.5000 2414.5237   17.6642
    7.5000    7.5000  -37.5000 2424.0410   17.5796
   -7.5000   15.0000  -37.5000 2359.6833   18.4921
    0.0000   15.0000  -37.5000 2401.6746   18.0857
    7.5000   15.0000  -37.5000 2406.9424   18.0280
   -7.5000   22.5000  -37.5000 2329.5181   19.1073
    0.0000   22.5000  -37.5000 2375.8450   18.7050
    7.5000   22.5000  -37.5000 2383.3049   18.6935
   -7.5000   30.0000  -37.5000 2280.2458   20.0283
    0.0000   30.0000  -37.5000 2330.6392   19.6036
    7.5000   30.0000  -37.5000 2337.0649   19.5883
   -7.5000   37.5000  -37.5000 2219.5210   21.3401
    0.0000   37.5000  -37.5000 2277.0718   20.8950
    7.5000   37.5000  -37.5000 2282.7397   20.8950
   -7.5000   45.0000  -37.5000 2135.4304   23.1666
    0.0000   45.0000  -37.5000 2186.3320   22.6504
    7.5000   45.0000  -37.5000 2190.1128   22.6336
   -7.5000  -45.0000  -30.0000 2488.7275   16.8055
    0.0000  -45.0000  -30.0000 2523.7036   16.5067
    7.5000  -45.0000  -30.0000 2527.7253   16.3750
   -7.5000  -37.5000  -30.0000 2506.3201   16.7120
    0.0000  -37.5000  -30.0000 2541.8733   16.3880
    7.5000  -37.5000  -30.0000 2550.1692   16.2812
   -7.5000  -30.0000  -30.0000 2520.5432   16.6239
    0.0000  -30.0000  -30.0000 2560.7700   16.3153
    7.5000  -30.0000  -30.0000 2565.5930   16.2050
   -7.5000  -22.5000  -30.0000 2534.9448   16.5379
    0.0000  -22.5000  -30.0000 2577.1633   16.2214
    7.5000  -22.5000  -30.0000 2579.2422   16.1543
   -7.5000  -15.0000  -30.0000 2539.1184   16.5239
    0.0000  -15.0000  -30.0000 2578.2070   16.2300
    7.5000  -15.0000  -30.0000 2583.8799   16.1373
   -7.5000   -7.5000  -30.0000 2531.1978   16.6364
    0.0000   -7.5000  -30.0000 2570.4041   16.2945
    7.5000   -7.5000  -30.0000 2578.0671   16.1776
   -7.5000    0.0000  -30.0000 2529.3882   16.7962
    0.0000    0.0000  -30.0000 2561.9138   16.4258
    7.5000    0.0000  -30.0000 2569.9250   16.3343
   -7.5000    7.5000  -30.0000 2524.6570   17.1576
    0.0000    7.5000  -30.0000 2562.8259   16.7718
    7.5000    7.5000  -30.0000 2571.4148   16.6951
   -7.5000   15.0000  -30.0000 2501.2053   17.6138
    0.0000   15.0000  -30.0000 2549.7866   17.2639
    7.5000   15.0000  -30.0000 2556.3198   17.2237
   -7.5000   22.5000  -30.0000 2469.3752   18.1936
    0.0000   22.5000  -30.0000 2518.2527   17.8414
    7.5000   22.5000  -30.0000 2525.9700   17.8364
   -7.5000   30.0000  -30.0000 2425.7661   19.0604
    0.0000   30.0000  -30.0000 2474.7273   18.6721
    7.5000   30.0000  -30.0000 2482.4490   18.7005
   -7.5000   37.5000  -30.0000 2361.8027   20.3012
    0.0000   37.5000  -30.0000 2410.6453   19.8554
    7.5000   37.5000  -30.0000 2422.0325   19.8911
   -7.5000   45.0000  -30.0000 2270.3821   21.9952
    0.0000   45.0000  -30.0000 2319.6721   21.5193
    7.5000   45.0000  -30.0000 2323.4121   21.5407
   -7.5000  -45.0000  -22.5000 2578.2964   16.0181
    0.0000  -45.0000  -22.5000 2616.6204   15.7311
    7.5000  -45.0000  -22.5000 2616.6045   15.6230
   -7.5000  -37.5000  -22.5000 2597.9331   15.8978
    0.0000  -37.5000  -22.5000 2637.6819   15.5951
    7.5000  -37.5000  -22.5000 2639.7766   15.4647
   -7.5000  -30.0000  -22.5000 2616.4639   15.7990
    0.0000  -30.0000  -22.5000 2656.7131   15.4843
    7.5000  -30.0000  -22.5000 2663.9990   15.3738
   -7.5000  -22.5000  -22.5000 2629.4421   15.6722
    0.0000  -22.5000  -22.5000 2667.8018   15.3668
    7.5000  -22.5000  -22.5000 2680.3647   15.3010
   -7.5000  -15.0000  -22.5000 2626.1997   15.6180
    0.0000  -15.0000  -22.5000 2667.1121   15.2922
    7.5000  -15.0000  -22.5000 2681.1794   15.2422
   -7.5000   -7.5000  -22.5000 2624.8750   15.6856
    0.0000   -7.5000  -22.5000 2665.0591   15.3297
    7.5000   -7.5000  -22.5000 2680.9648   15.2383
   -7.5000    0.0000  -22.5000 2625.9121   15.8853
    0.0000    0.0000  -22.5000 2662.4724   15.4743
    7.5000    0.0000  -22.5000 2680.4019   15.4040
   -7.5000    7.5000  -22.5000 2636.2280   16.2351
    0.0000    7.5000  -22.5000 2681.2297   15.8396
    7.5000    7.5000  -22.5000 2686.0710   15.7570
   -7.5000   15.0000  -22.5000 2625.8843   16.7609
    0.0000   15.0000  -22.5000 2670.0437   16.3749
    7.5000   15.0000  -22.5000 2670.5681   16.2768
   -7.5000   22.5000  -22.5000 2594.3167   17.3421
    0.0000   22.5000  -22.5000 2646.4756   16.9905
    7.5000   22.5000  -22.5000 2646.8784   16.9350
   -7.5000   30.0000  -22.5000 2545.3723   18.1511
    0.0000   30.0000  -22.5000 2599.5381   17.7780
    7.5000   30.0000  -22.5000 2602.1753   17.7440
   -7.5000   37.5000  -22.5000 2475.8440   19.2821
    0.0000   37.5000  -22.5000 2529.2078   18.8650
    7.5000   37.5000  -22.5000 2530.9409   18.8589
   -7.5000   45.0000  -22.5000 2378.7341   20.8899
    0.0000   45.0000  -22.5000 2424.0190   20.4397
    7.5000   45.0000  -22.5000 2427.8906   20.4223
   -7.5000  -45.0000  -15.0000 2620.3950   15.4269
    0.0000  -45.0000  -15.0000 2660.1545   15.0745
    7.5000  -45.0000  -15.0000 2660.8359   14.9881
   -7.5000  -37.5000  -15.0000 2643.0220   15.2209
    0.0000  -37.5000  -15.0000 2681.8704   14.8541
    7.5000  -37.5000  -15.0000 2684.9280   14.7822
   -7.5000  -30.0000  -15.0000 2662.3916   15.0963
    0.0000  -30.0000  -15.0000 2704.6536   14.7513
    7.5000  -30.0000  -15.0000 2718.6516   14.6753
   -7.5000  -22.5000  -15.0000 2675.4949   14.9472
    0.0000  -22.5000  -15.0000 2716.3579   14.6199
    7.5000  -22.5000  -15.0000 2735.4194   14.5581
   -7.5000  -15.0000  -15.0000 2677.6406   14.9007
    0.0000  -15.0000  -15.0000 2721.7163   14.5516
    7.5000  -15.0000  -15.0000 2742.2393   14.4556
   -7.5000   -7.5000  -15.0000 2686.5737   14.8998
    0.0000   -7.5000  -15.0000 2729.1353   14.5697
    7.5000   -7.5000  -15.0000 2751.2852   14.4422
   -7.5000    0.0000  -15.0000 2695.3164   15.1056
    0.0000    0.0000  -15.0000 2737.4441   14.6828
    7.5000    0.0000  -15.0000 2756.9050   14.5875
   -7.5000    7.5000  -15.0000 2709.6787   15.4262
    0.0000    7.5000  -15.0000 2759.4036   15.0167
    7.5000    7.5000  -15.0000 2765.4111   14.8975
   -7.5000   15.0000  -15.0000 2710.3083   15.9679
    0.0000   15.0000  -15.0000 2761.6072   15.5822
    7.5000   15.0000  -15.0000 2755.4082   15.4505
   -7.5000   22.5000  -15.0000 2684.5544   16.6176
    0.0000   22.5000  -15.0000 2739.9441   16.2332
    7.5000   22.5000  -15.0000 2730.3633   16.1085
   -7.5000   30.0000  -15.0000 2631.8933   17.3558
    0.0000   30.0000  -15.0000 2691.8953   17.0112
    7.5000   30.0000  -15.0000 2682.8833   16.9062
   -7.5000   37.5000  -15.0000 2556.0557   18.3797
    0.0000   37.5000  -15.0000 2612.1750   18.0301
    7.5000   37.5000  -15.0000 2604.0391   17.9610
   -7.5000   45.0000  -15.0000 2454.9736   19.9229
    0.0000   45.0000  -15.0000 2505.4829   19.5112
    7.5000   45.0000  -15.0000 2503.4976   19.4677
   -7.5000  -45.0000   -7.5000 2634.7205   14.9636
    0.0000  -45.0000   -7.5000 2678.3667   14.5836
    7.5000  -45.0000   -7.5000 2688.5608   14.5480
   -7.5000  -37.5000   -7.5000 2658.0962   14.7376
    0.0000  -37.5000   -7.5000 2700.6750   14.3294
    7.5000  -37.5000   -7.5000 2715.7820   14.2854
   -7.5000  -30.0000   -7.5000 2684.2764   14.6114
    0.0000  -30.0000   -7.5000 2724.4438   14.1859
    7.5000  -30.0000   -7.5000 2741.2505   14.1018
   -7.5000  -22.5000   -7.5000 2701.2356   14.4310
    0.0000  -22.5000   -7.5000 2741.3555   14.0445
    7.5000  -22.5000   -7.5000 2757.3660   13.9520
   -7.5000  -15.0000   -7.5000 2714.8218   14.2961
    0.0000  -15.0000   -7.5000 2754.3582   13.9590
    7.5000  -15.0000   -7.5000 2768.8684   13.8482
   -7.5000   -7.5000   -7.5000 2737.0522   14.3315
    0.0000   -7.5000   -7.5000 2776.8894   13.9719
    7.5000   -7.5000   -7.5000 2795.2808   13.8296
   -7.5000    0.0000   -7.5000 2758.0649   14.5173
    0.0000    0.0000   -7.5000 2799.0042   14.0848
    7.5000    0.0000   -7.5000 2819.7012   13.9266
   -7.5000    7.5000   -7.5000 2772.7715   14.8289
    0.0000    7.5000   -7.5000 2821.0525   14.3802
    7.5000    7.5000   -7.5000 2836.1531   14.2046
   -7.5000   15.0000   -7.5000 2780.9873   15.3390
    0.0000   15.0000   -7.5000 2830.9038   14.8886
    7.5000   15.0000   -7.5000 2827.7908   14.6990
   -7.5000   22.5000   -7.5000 2755.7786   15.9793
    0.0000   22.5000   -7.5000 2810.1890   15.5480
    7.5000   22.5000   -7.5000 2795.5120   15.3505
   -7.5000   30.0000   -7.5000 2700.9492   16.6480
    0.0000   30.0000   -7.5000 2754.5862   16.2582
    7.5000   30.0000   -7.5000 2741.5718   16.1137
   -7.5000   37.5000   -7.5000 2612.7087   17.6009
    0.0000   37.5000   -7.5000 2668.9431   17.2022
    7.5000   37.5000   -7.5000 2661.0466   17.1299
   -7.5000   45.0000   -7.5000 2502.4270   19.0843
    0.0000   45.0000   -7.5000 2552.4944   18.6436
    7.5000   45.0000   -7.5000 2552.9807   18.5989
   -7.5000  -45.0000    0.0000 2642.5613   14.6977
    0.0000  -45.0000    0.0000 2680.8723   14.2840
    7.5000  -45.0000    0.0000 2696.4778   14.2828
   -7.5000  -37.5000    0.0000 2665.1958   14.4703
    0.0000  -37.5000    0.0000 2701.2178   14.0503
    7.5000  -37.5000    0.0000 2710.3916   14.0008
   -7.5000  -30.0000    0.0000 2688.7148   14.2974
    0.0000  -30.0000    0.0000 2720.2454   13.8807
    7.5000  -30.0000    0.0000 2730.1875   13.7844
   -7.5000  -22.5000    0.0000 2706.0398   14.1179
    0.0000  -22.5000    0.0000 2736.7686   13.6853
    7.5000  -22.5000    0.0000 2749.6658   13.6077
   -7.5000  -15.0000    0.0000 2733.5435   13.9826
    0.0000  -15.0000    0.0000 2758.9097   13.5889
    7.5000  -15.0000    0.0000 2769.7810   13.4989
   -7.5000   -7.5000    0.0000 2768.9595   13.9999
    0.0000   -7.5000    0.0000 2798.9663   13.6254
    7.5000   -7.5000    0.0000 2805.6711   13.4911
   -7.5000    0.0000    0.0000 2795.2224   14.1712
    0.0000    0.0000    0.0000 2838.2151   13.7932
    7.5000    0.0000    0.0000 2849.5217   13.5880
   -7.5000    7.5000    0.0000 2828.1714   14.4966
    0.0000    7.5000    0.0000 2882.9900   14.0897
    7.5000    7.5000    0.0000 2891.0986   13.8641
   -7.5000   15.0000    0.0000 2842.6624   14.9580
    0.0000   15.0000    0.0000 2906.4841   14.5175
    7.5000   15.0000    0.0000 2893.2341   14.2892
   -7.5000   22.5000    0.0000 2820.1208   15.4862
    0.0000   22.5000    0.0000 2880.1321   15.0896
    7.5000   22.5000    0.0000 2854.2102   14.8803
   -7.5000   30.0000    0.0000 2745.1956   16.0785
    0.0000   30.0000    0.0000 2803.6450   15.6991
    7.5000   30.0000    0.0000 2777.4939   15.5724
   -7.5000   37.5000    0.0000 2650.7395   16.9716
    0.0000   37.5000    0.0000 2708.0808   16.6008
    7.5000   37.5000    0.0000 2698.4187   16.5242
   -7.5000   45.0000    0.0000 2534.0723   18.4072
    0.0000   45.0000    0.0000 2584.6255   18.0440
    7.5000   45.0000    0.0000 2578.9163   17.9912
   -7.5000  -45.0000    7.5000 2644.1348   14.7402
    0.0000  -45.0000    7.5000 2674.7671   14.2462
    7.5000  -45.0000    7.5000 2686.9790   14.2821
   -7.5000  -37.5000    7.5000 2668.2588   14.5265
    0.0000  -37.5000    7.5000 2692.3159   14.0202
    7.5000  -37.5000    7.5000 2699.7463   14.0452
   -7.5000  -30.0000    7.5000 2683.1960   14.2712
    0.0000  -30.0000    7.5000 2695.5571   13.8009
    7.5000  -30.0000    7.5000 2707.0498   13.8023
   -7.5000  -22.5000    7.5000 2699.7063   14.0296
    0.0000  -22.5000    7.5000 2717.1775   13.6000
    7.5000  -22.5000    7.5000 2727.8762   13.5845
   -7.5000  -15.0000    7.5000 2736.9797   13.8556
    0.0000  -15.0000    7.5000 2754.5115   13.4990
    7.5000  -15.0000    7.5000 2760.9907   13.4693
   -7.5000   -7.5000    7.5000 2777.6936   13.8406
    0.0000   -7.5000    7.5000 2805.5085   13.5263
    7.5000   -7.5000    7.5000 2803.4924   13.4714
   -7.5000    0.0000    7.5000 2817.9956   14.0002
    0.0000    0.0000    7.5000 2861.2561   13.7442
    7.5000    0.0000    7.5000 2860.6189   13.6507
   -7.5000    7.5000    7.5000 2865.5415   14.3311
    0.0000    7.5000    7.5000 2924.1357   14.0467
    7.5000    7.5000    7.5000 2918.3750   13.9347
   -7.5000   15.0000    7.5000 2895.8516   14.7287
    0.0000   15.0000    7.5000 2973.6260   14.4099
    7.5000   15.0000    7.5000 2943.6973   14.2817
   -7.5000   22.5000    7.5000 2873.3755   15.1378
    0.0000   22.5000    7.5000 2938.0254   14.7825
    7.5000   22.5000    7.5000 2898.2026   14.6672
   -7.5000   30.0000    7.5000 2778.7444   15.6718
    0.0000   30.0000    7.5000 2825.8784   15.3294
    7.5000   30.0000    7.5000 2803.2407   15.2973
   -7.5000   37.5000    7.5000 2671.6101   16.5511
    0.0000   37.5000    7.5000 2724.7625   16.2203
    7.5000   37.5000    7.5000 2711.7974   16.2191
   -7.5000   45.0000    7.5000 2554.8447   18.0136
    0.0000   45.0000    7.5000 2598.3408   17.6818
    7.5000   45.0000    7.5000 2590.3755   17.6598
   -7.5000  -45.0000   15.0000 2621.4639   15.0356
    0.0000  -45.0000   15.0000 2653.6797   14.5579
    7.5000  -45.0000   15.0000 2661.9919   14.5590
   -7.5000  -37.5000   15.0000 2645.8186   14.7477
    0.0000  -37.5000   15.0000 2669.5374   14.3329
    7.5000  -37.5000   15.0000 2674.1790   14.3266
   -7.5000  -30.0000   15.0000 2654.2717   14.4074
    0.0000  -30.0000   15.0000 2667.6150   14.0381
    7.5000  -30.0000   15.0000 2678.1521   14.0889
   -7.5000  -22.5000   15.0000 2673.0315   14.1410
    0.0000  -22.5000   15.0000 2687.8977   13.7910
    7.5000  -22.5000   15.0000 2699.1565   13.8488
   -7.5000  -15.0000   15.0000 2713.5776   13.9204
    0.0000  -15.0000   15.0000 2731.2725   13.6350
    7.5000  -15.0000   15.0000 2735.7505   13.7022
   -7.5000   -7.5000   15.0000 2759.3352   13.8602
    0.0000   -7.5000   15.0000 2783.5623   13.6163
    7.5000   -7.5000   15.0000 2784.6238   13.6775
   -7.5000    0.0000   15.0000 2807.8606   14.0362
    0.0000    0.0000   15.0000 2840.6431   13.8189
    7.5000    0.0000   15.0000 2838.8408   13.8800
   -7.5000    7.5000   15.0000 2862.4331   14.3179
    0.0000    7.5000   15.0000 2914.9502   14.0749
    7.5000    7.5000   15.0000 2899.5503   14.1388
   -7.5000   15.0000   15.0000 2892.6504   14.6250
    0.0000   15.0000   15.0000 2965.2539   14.3281
    7.5000   15.0000   15.0000 2930.8789   14.4612
   -7.5000   22.5000   15.0000 2865.0652   14.9238
    0.0000   22.5000   15.0000 2921.2019   14.6748
    7.5000   22.5000   15.0000 2888.7073   14.8673
   -7.5000   30.0000   15.0000 2774.4766   15.5719
    0.0000   30.0000   15.0000 2816.4241   15.2779
    7.5000   30.0000   15.0000 2798.4380   15.4373
   -7.5000   37.5000   15.0000 2657.6824   16.5594
    0.0000   37.5000   15.0000 2705.9812   16.2150
    7.5000   37.5000   15.0000 2699.5266   16.2991
   -7.5000   45.0000   15.0000 2548.3115   18.0046
    0.0000   45.0000   15.0000 2586.0144   17.6113
    7.5000   45.0000   15.0000 2579.0908   17.6206
   -7.5000  -45.0000   22.5000 2573.7834   15.4888
    0.0000  -45.0000   22.5000 2607.7981   15.1408
    7.5000  -45.0000   22.5000 2602.4727   15.0885
   -7.5000  -37.5000   22.5000 2600.0830   15.1435
    0.0000  -37.5000   22.5000 2626.8289   14.7880
    7.5000  -37.5000   22.5000 2625.9038   14.8065
   -7.5000  -30.0000   22.5000 2612.1362   14.7267
    0.0000  -30.0000   22.5000 2629.7419   14.4030
    7.5000  -30.0000   22.5000 2633.0217   14.5078
   -7.5000  -22.5000   22.5000 2636.2725   14.4108
    0.0000  -22.5000   22.5000 2656.7014   14.1135
    7.5000  -22.5000   22.5000 2658.9573   14.2235
   -7.5000  -15.0000   22.5000 2676.3989   14.1891
    0.0000  -15.0000   22.5000 2695.2627   13.9091
    7.5000  -15.0000   22.5000 2694.9058   14.0261
   -7.5000   -7.5000   22.5000 2729.6499   14.1387
    0.0000   -7.5000   22.5000 2750.8516   13.8516
    7.5000   -7.5000   22.5000 2750.5859   13.9831
   -7.5000    0.0000   22.5000 2776.4739   14.3026
    0.0000    0.0000   22.5000 2804.1343   14.0237
    7.5000    0.0000   22.5000 2802.0898   14.1604
   -7.5000    7.5000   22.5000 2822.6003   14.5327
    0.0000    7.5000   22.5000 2866.7756   14.2409
    7.5000    7.5000   22.5000 2854.9202   14.3909
   -7.5000   15.0000   22.5000 2837.8232   14.8034
    0.0000   15.0000   22.5000 2893.7185   14.4643
    7.5000   15.0000   22.5000 2880.2981   14.7062
   -7.5000   22.5000   22.5000 2812.9475   15.1556
    0.0000   22.5000   22.5000 2860.1882   14.9034
    7.5000   22.5000   22.5000 2841.9045   15.0892
   -7.5000   30.0000   22.5000 2744.1841   15.8535
    0.0000   30.0000   22.5000 2781.7219   15.6109
    7.5000   30.0000   22.5000 2763.6230   15.7263
   -7.5000   37.5000   22.5000 2635.5229   16.9378
    0.0000   37.5000   22.5000 2674.0093   16.6450
    7.5000   37.5000   22.5000 2666.3906   16.7295
   -7.5000   45.0000   22.5000 2524.3577   18.4084
    0.0000   45.0000   22.5000 2556.4907   18.0289
    7.5000   45.0000   22.5000 2553.0081   18.0684
   -7.5000  -45.0000   30.0000 2506.0217   16.0885
    0.0000  -45.0000   30.0000 2528.3628   15.7492
    7.5000  -45.0000   30.0000 2527.2974   15.7570
   -7.5000  -37.5000   30.0000 2534.6221   15.6919
    0.0000  -37.5000   30.0000 2554.4983   15.3500
    7.5000  -37.5000   30.0000 2555.4336   15.4557
   -7.5000  -30.0000   30.0000 2556.5657   15.2490
    0.0000  -30.0000   30.0000 2573.8064   14.8804
    7.5000  -30.0000   30.0000 2572.6099   15.0777
   -7.5000  -22.5000   30.0000 2595.5947   14.8957
    0.0000  -22.5000   30.0000 2616.7307   14.5811
    7.5000  -22.5000   30.0000 2602.0383   14.7323
   -7.5000  -15.0000   30.0000 2632.9763   14.6659
    0.0000  -15.0000   30.0000 2658.5281   14.3749
    7.5000  -15.0000   30.0000 2646.7749   14.5377
   -7.5000   -7.5000   30.0000 2684.0750   14.6295
    0.0000   -7.5000   30.0000 2708.7625   14.3055
    7.5000   -7.5000   30.0000 2697.5933   14.4794
   -7.5000    0.0000   30.0000 2724.4890   14.7562
    0.0000    0.0000   30.0000 2751.9072   14.4110
    7.5000    0.0000   30.0000 2743.1528   14.5998
   -7.5000    7.5000   30.0000 2764.9841   14.9527
    0.0000    7.5000   30.0000 2797.3835   14.5740
    7.5000    7.5000   30.0000 2784.4531   14.8371
   -7.5000   15.0000   30.0000 2777.3223   15.2550
    0.0000   15.0000   30.0000 2811.5249   14.8837
    7.5000   15.0000   30.0000 2800.0884   15.1334
   -7.5000   22.5000   30.0000 2750.0220   15.7083
    0.0000   22.5000   30.0000 2786.2688   15.4158
    7.5000   22.5000   30.0000 2772.8533   15.5564
   -7.5000   30.0000   30.0000 2686.4644   16.3951
    0.0000   30.0000   30.0000 2723.0432   16.1165
    7.5000   30.0000   30.0000 2704.7473   16.2185
   -7.5000   37.5000   30.0000 2586.0063   17.4820
    0.0000   37.5000   30.0000 2623.1445   17.1886
    7.5000   37.5000   30.0000 2615.5581   17.2662
   -7.5000   45.0000   30.0000 2476.6252   18.9769
    0.0000   45.0000   30.0000 2511.4570   18.6641
    7.5000   45.0000   30.0000 2504.9736   18.7054
   -7.5000  -45.0000   37.5000 2443.7307   16.8202
    0.0000  -45.0000   37.5000 2463.3008   16.4148
    7.5000  -45.0000   37.5000 2465.7476   16.4966
   -7.5000  -37.5000   37.5000 2475.9089   16.4124
    0.0000  -37.5000   37.5000 2493.5161   16.0293
    7.5000  -37.5000   37.5000 2494.5737   16.1696
   -7.5000  -30.0000   37.5000 2508.4600   15.9846
    0.0000  -30.0000   37.5000 2526.4170   15.5825
    7.5000  -30.0000   37.5000 2512.5527   15.7826
   -7.5000  -22.5000   37.5000 2546.9456   15.5714
    0.0000  -22.5000   37.5000 2569.9507   15.2344
    7.5000  -22.5000   37.5000 2550.6528   15.4461
   -7.5000  -15.0000   37.5000 2584.5920   15.3201
    0.0000  -15.0000   37.5000 2613.0063   15.0166
    7.5000  -15.0000   37.5000 2591.4280   15.2060
   -7.5000   -7.5000   37.5000 2631.3042   15.2749
    0.0000   -7.5000   37.5000 2661.3999   14.9763
    7.5000   -7.5000   37.5000 2641.0066   15.1490
   -7.5000    0.0000   37.5000 2670.6672   15.4119
    0.0000    0.0000   37.5000 2702.5623   15.0766
    7.5000    0.0000   37.5000 2679.3716   15.3112
   -7.5000    7.5000   37.5000 2701.3511   15.5974
    0.0000    7.5000   37.5000 2733.7031   15.2165
    7.5000    7.5000   37.5000 2713.4426   15.5016
   -7.5000   15.0000   37.5000 2705.3674   15.9600
    0.0000   15.0000   37.5000 2736.0574   15.6061
    7.5000   15.0000   37.5000 2720.2556   15.7923
   -7.5000   22.5000   37.5000 2680.5510   16.4735
    0.0000   22.5000   37.5000 2713.6948   16.1683
    7.5000   22.5000   37.5000 2696.4602   16.2708
   -7.5000   30.0000   37.5000 2613.0466   17.1369
    0.0000   30.0000   37.5000 2643.9407   16.8469
    7.5000   30.0000   37.5000 2629.7869   16.9526
   -7.5000   37.5000   37.5000 2526.4368   18.2155
    0.0000   37.5000   37.5000 2562.0664   17.8975
    7.5000   37.5000   37.5000 2550.2683   17.9956
   -7.5000   45.0000   37.5000 2420.8499   19.7058
    0.0000   45.0000   37.5000 2458.2131   19.3940
    7.5000   45.0000   37.5000 2444.2034   19.4783
   -7.5000  -45.0000   45.0000 2374.4814   17.6692
    0.0000  -45.0000   45.0000 2402.6951   17.2634
    7.5000  -45.0000   45.0000 2402.0413   17.3845
   -7.5000  -37.5000   45.0000 2413.5200   17.2914
    0.0000  -37.5000   45.0000 2437.1213   16.8919
    7.5000  -37.5000   45.0000 2431.4863   17.0448
   -7.5000  -30.0000   45.0000 2450.8718   16.8512
    0.0000  -30.0000   45.0000 2472.8408   16.4770
    7.5000  -30.0000   45.0000 2457.3450   16.6794
   -7.5000  -22.5000   45.0000 2494.4038   16.4379
    0.0000  -22.5000   45.0000 2514.1614   16.0730
    7.5000  -22.5000   45.0000 2491.5940   16.2935
   -7.5000  -15.0000   45.0000 2534.0964   16.1803
    0.0000  -15.0000   45.0000 2552.0554   15.8506
    7.5000  -15.0000   45.0000 2527.0042   16.0366
   -7.5000   -7.5000   45.0000 2568.0078   16.0972
    0.0000   -7.5000   45.0000 2596.7520   15.7900
    7.5000   -7.5000   45.0000 2569.3083   15.9714
   -7.5000    0.0000   45.0000 2602.0679   16.2012
    0.0000    0.0000   45.0000 2632.1628   15.8787
    7.5000    0.0000   45.0000 2603.8811   16.0718
   -7.5000    7.5000   45.0000 2623.9370   16.4552
    0.0000    7.5000   45.0000 2651.3770   16.1265
    7.5000    7.5000   45.0000 2627.8577   16.3193
   -7.5000   15.0000   45.0000 2617.8889   16.9060
    0.0000   15.0000   45.0000 2643.3237   16.5752
    7.5000   15.0000   45.0000 2626.7969   16.7254
   -7.5000   22.5000   45.0000 2589.9758   17.4430
    0.0000   22.5000   45.0000 2616.6060   17.1693
    7.5000   22.5000   45.0000 2601.1650   17.2596
   -7.5000   30.0000   45.0000 2530.6877   18.0554
    0.0000   30.0000   45.0000 2556.3562   17.8206
    7.5000   30.0000   45.0000 2546.8745   17.9447
   -7.5000   37.5000   45.0000 2461.0720   19.0576
    0.0000   37.5000   45.0000 2490.2161   18.7967
    7.5000   37.5000   45.0000 2473.5928   18.9454
   -7.5000   45.0000   45.0000 2357.0596   20.5607
    0.0000   45.0000   45.0000 2385.5410   20.3440
    7.5000   45.0000   45.0000 2372.8450   20.4763

---------------------------------------------------------------------
imgreg_4dfp /opt/freesurfer/average/711-2C_as_mni_average_305 /opt/freesurfer/average/711-2B_as_mni_average_305_mask talsrcimg_g11 none talsrcimg_to_711-2C_as_mni_average_305_t4 1283
---------------------------------------------------------------------

freesurfer imgreg_4dfp.c
/opt/freesurfer/average/711-2C_as_mni_average_305.4dfp.img
       256       256       256         1
  1.000000  1.000000  1.000000
orientation T byte_order littleendian
Reading image: /opt/freesurfer/average/711-2C_as_mni_average_305.4dfp.img
dimensions:      256       256       256
mmppix:       1.0000   -1.0000   -1.0000
center:     128.0000 -129.0000 -129.0000
/opt/freesurfer/average/711-2B_as_mni_average_305_mask.4dfp.img
       256       256       256         1
  1.000000  1.000000  1.000000
orientation T byte_order littleendian
Reading mask: /opt/freesurfer/average/711-2B_as_mni_average_305_mask.4dfp.img (2306576 pixels)
talsrcimg_g11.4dfp.img
       256       256       256         1
  1.000000  1.000000  1.000000
orientation T byte_order littleendian
Reading image: talsrcimg_g11.4dfp.img
dimensions:      256       256       256
mmppix:       1.0000   -1.0000   -1.0000
center:     128.0000 -129.0000 -129.0000
rotation matrix determinant  1.000000
fimgreg.f
image alignment mode   1283 decimal      503 hex
parameters
    0.0000   15.0000    7.5000    0.0000    0.0000    0.0000
eta,q 0.93142 14.38481
niter,ni,del,rscale     5    3   12.0000    1.2000
parameter  4  1.580421 ->  0.500000 qaram    1.1500
parameter  5 -1.473127 -> -0.500000 qaram    1.1500
parameters
    1.6310   15.4518    9.4077   -3.4500    3.4500   -2.0171
eta,q 0.93933 14.30448
  0.0900  0.0779  0.0806  0.0635  0.0823  0.0622
  0.0803  0.0735  0.0747  0.0653  0.0773  0.0605
  0.0739  0.0699  0.0709  0.0670  0.0715  0.0607
  0.0704  0.0685  0.0681  0.0674  0.0659  0.0613
  0.0689  0.0694  0.0674  0.0692  0.0625  0.0620
  0.0705  0.0715  0.0688  0.0723  0.0608  0.0636
  0.0762  0.0756  0.0709  0.0754  0.0585  0.0675
niter,ni,del,rscale     6    3   12.0000    1.2000
parameter  2 -0.562286 -> -0.500000 qaram    1.1500
parameters
    0.3042   18.9018    9.4653   -6.4197    6.1524   -1.0485
eta,q 0.94898 14.40022
  0.0699  0.0765  0.0673  0.0559  0.0743  0.0609
  0.0615  0.0693  0.0615  0.0528  0.0651  0.0562
  0.0586  0.0633  0.0568  0.0522  0.0570  0.0527
  0.0607  0.0589  0.0544  0.0544  0.0521  0.0513
  0.0649  0.0556  0.0553  0.0582  0.0513  0.0510
  0.0720  0.0546  0.0606  0.0647  0.0514  0.0523
  0.0835  0.0582  0.0676  0.0721  0.0554  0.0565
niter,ni,del,rscale     6    3   12.0000    1.2000
parameters
    0.1768   18.0490    8.6693   -7.0497    6.0079   -1.1291
eta,q 0.94866 14.37587
  0.0687  0.0657  0.0592  0.0582  0.0628  0.0574
  0.0578  0.0578  0.0538  0.0529  0.0560  0.0541
  0.0525  0.0535  0.0517  0.0509  0.0521  0.0524
  0.0510  0.0511  0.0518  0.0516  0.0513  0.0513
  0.0522  0.0531  0.0532  0.0526  0.0512  0.0510
  0.0582  0.0633  0.0574  0.0550  0.0557  0.0534
  0.0711  0.0783  0.0652  0.0611  0.0651  0.0589
niter,ni,del,rscale     5    3   12.0000    1.2000
parameters
    0.3509   17.9377    8.4756   -7.0817    5.9856   -1.2349
eta,q 0.94866 14.36640
  0.0716  0.0692  0.0615  0.0597  0.0632  0.0574
  0.0597  0.0598  0.0546  0.0538  0.0564  0.0540
  0.0534  0.0539  0.0516  0.0510  0.0524  0.0524
  0.0513  0.0513  0.0514  0.0513  0.0513  0.0513
  0.0523  0.0512  0.0527  0.0524  0.0510  0.0510
  0.0579  0.0587  0.0559  0.0543  0.0553  0.0534
  0.0696  0.0728  0.0624  0.0592  0.0647  0.0590
niter,ni,del,rscale     4    3   12.0000    1.2000
parameters
    0.3547   17.9118    8.4752   -7.0869    5.9983   -1.2306
eta,q 0.94865 14.36519
  0.0705  0.0695  0.0623  0.0597  0.0634  0.0576
  0.0591  0.0600  0.0550  0.0539  0.0566  0.0542
  0.0532  0.0540  0.0518  0.0511  0.0525  0.0524
  0.0513  0.0513  0.0514  0.0514  0.0514  0.0514
  0.0526  0.0511  0.0526  0.0524  0.0510  0.0510
  0.0586  0.0583  0.0556  0.0542  0.0552  0.0532
  0.0710  0.0721  0.0616  0.0591  0.0646  0.0587
registration optimization eta report
parameter search radius
    6.0000    6.9000    6.0000    6.9000    6.9000    6.0000
100000*second partial in parameter space
       55.       42.       30.       17.       28.       20.
  0.0705  0.0695  0.0623  0.0597  0.0634  0.0576
  0.0591  0.0600  0.0550  0.0539  0.0566  0.0542
  0.0532  0.0540  0.0518  0.0511  0.0525  0.0524
  0.0513  0.0513  0.0514  0.0514  0.0514  0.0514
  0.0526  0.0511  0.0526  0.0524  0.0510  0.0510
  0.0586  0.0583  0.0556  0.0542  0.0552  0.0532
  0.0710  0.0721  0.0616  0.0591  0.0646  0.0587
    0.3547   17.9118    8.4752   -7.0869    5.9983   -1.2306
eta,q 0.94865 14.36519

---------------------------------------------------------------------
imgreg_4dfp /opt/freesurfer/average/711-2C_as_mni_average_305 /opt/freesurfer/average/711-2B_as_mni_average_305_mask talsrcimg_g11 none talsrcimg_to_711-2C_as_mni_average_305_t4 3335
---------------------------------------------------------------------

freesurfer imgreg_4dfp.c
/opt/freesurfer/average/711-2C_as_mni_average_305.4dfp.img
       256       256       256         1
  1.000000  1.000000  1.000000
orientation T byte_order littleendian
Reading image: /opt/freesurfer/average/711-2C_as_mni_average_305.4dfp.img
dimensions:      256       256       256
mmppix:       1.0000   -1.0000   -1.0000
center:     128.0000 -129.0000 -129.0000
/opt/freesurfer/average/711-2B_as_mni_average_305_mask.4dfp.img
       256       256       256         1
  1.000000  1.000000  1.000000
orientation T byte_order littleendian
Reading mask: /opt/freesurfer/average/711-2B_as_mni_average_305_mask.4dfp.img (2306576 pixels)
talsrcimg_g11.4dfp.img
       256       256       256         1
  1.000000  1.000000  1.000000
orientation T byte_order littleendian
Reading image: talsrcimg_g11.4dfp.img
dimensions:      256       256       256
mmppix:       1.0000   -1.0000   -1.0000
center:     128.0000 -129.0000 -129.0000
fimgreg.f
image alignment mode   3335 decimal      D07 hex
parameters
    0.3547   17.9118    8.4752   -0.5704   -0.8146   -1.3073
    3.4202  -10.1027   -2.1359   12.5574   10.4499  -12.2699
eta,q 0.95229 14.35080
niter,ni,del,rscale     5    3    5.0000    1.2000
parameter  4  1.642768 ->  0.500000 qaram    1.1500
parameter  5  1.170561 ->  0.500000 qaram    1.1500
parameter 11  0.912633 ->  0.500000 qaram    1.1500
parameters
   -0.0933   18.4827    8.6152   -4.7104   -4.9546   -4.5280
    4.5545   -9.7961    1.3471   12.8372    6.3099  -11.0868
eta,q 0.96307 14.08053
  0.0502  0.0516  0.0501  0.0408  0.0388  0.0398  0.0440  0.0458  0.0433  0.0424  0.0368  0.0396
  0.0484  0.0497  0.0487  0.0417  0.0394  0.0390  0.0415  0.0423  0.0414  0.0401  0.0369  0.0384
  0.0476  0.0483  0.0478  0.0440  0.0405  0.0390  0.0397  0.0398  0.0398  0.0386  0.0373  0.0374
  0.0477  0.0476  0.0474  0.0474  0.0422  0.0397  0.0389  0.0388  0.0387  0.0381  0.0381  0.0370
  0.0486  0.0474  0.0476  0.0513  0.0444  0.0410  0.0389  0.0393  0.0382  0.0387  0.0393  0.0370
  0.0504  0.0479  0.0483  0.0554  0.0472  0.0438  0.0398  0.0415  0.0382  0.0398  0.0409  0.0375
  0.0532  0.0490  0.0496  0.0598  0.0506  0.0481  0.0416  0.0448  0.0389  0.0417  0.0427  0.0383
niter,ni,del,rscale     7    3    5.0000    1.2000
parameters
   -0.1429   18.5403    8.8481   -8.8110   -8.1362   -3.6249
    4.4388   -9.7791    1.6483   12.9776    4.7266  -11.2160
eta,q 0.96430 13.84901
  0.0420  0.0405  0.0398  0.0371  0.0370  0.0390  0.0392  0.0413  0.0385  0.0396  0.0368  0.0376
  0.0392  0.0386  0.0384  0.0364  0.0360  0.0374  0.0373  0.0383  0.0370  0.0375  0.0361  0.0366
  0.0375  0.0374  0.0374  0.0361  0.0358  0.0363  0.0361  0.0365  0.0361  0.0361  0.0358  0.0359
  0.0369  0.0369  0.0369  0.0369  0.0362  0.0357  0.0357  0.0357  0.0357  0.0357  0.0357  0.0357
  0.0377  0.0373  0.0371  0.0395  0.0375  0.0359  0.0362  0.0362  0.0360  0.0362  0.0361  0.0360
  0.0395  0.0384  0.0377  0.0433  0.0396  0.0363  0.0375  0.0382  0.0367  0.0374  0.0370  0.0367
  0.0424  0.0402  0.0389  0.0477  0.0425  0.0378  0.0394  0.0413  0.0381  0.0392  0.0382  0.0377
niter,ni,del,rscale     6    3    5.0000    1.2000
parameters
   -0.1123   18.6186    9.3002   -9.1765   -8.7432   -3.1959
    4.2692   -9.7828    1.6342   13.0459    4.4258  -10.8683
eta,q 0.96433 13.82147
  0.0404  0.0392  0.0388  0.0390  0.0383  0.0386  0.0391  0.0411  0.0382  0.0394  0.0372  0.0378
  0.0378  0.0372  0.0373  0.0372  0.0369  0.0371  0.0372  0.0381  0.0368  0.0373  0.0364  0.0367
  0.0363  0.0361  0.0363  0.0362  0.0360  0.0361  0.0360  0.0363  0.0359  0.0360  0.0359  0.0359
  0.0357  0.0357  0.0357  0.0356  0.0357  0.0357  0.0357  0.0357  0.0357  0.0357  0.0357  0.0357
  0.0362  0.0361  0.0357  0.0356  0.0361  0.0358  0.0362  0.0362  0.0360  0.0361  0.0358  0.0359
  0.0377  0.0370  0.0362  0.0372  0.0373  0.0364  0.0375  0.0381  0.0368  0.0374  0.0365  0.0365
  0.0401  0.0387  0.0372  0.0404  0.0394  0.0382  0.0393  0.0411  0.0382  0.0391  0.0375  0.0373
niter,ni,del,rscale     5    3    5.0000    1.2000
parameters
   -0.1416   18.6605    9.4400   -9.1195   -8.8509   -3.1474
    4.2264   -9.7892    1.6156   13.0037    4.3832  -10.6967
eta,q 0.96434 13.82083
  0.0401  0.0390  0.0382  0.0393  0.0386  0.0384  0.0392  0.0411  0.0382  0.0393  0.0373  0.0376
  0.0376  0.0371  0.0369  0.0375  0.0371  0.0370  0.0373  0.0381  0.0368  0.0372  0.0364  0.0365
  0.0361  0.0360  0.0360  0.0363  0.0361  0.0360  0.0360  0.0363  0.0360  0.0360  0.0359  0.0358
  0.0357  0.0357  0.0357  0.0357  0.0357  0.0357  0.0357  0.0357  0.0357  0.0357  0.0357  0.0357
  0.0362  0.0360  0.0358  0.0356  0.0360  0.0359  0.0361  0.0362  0.0360  0.0362  0.0358  0.0359
  0.0378  0.0371  0.0365  0.0368  0.0370  0.0366  0.0374  0.0381  0.0368  0.0374  0.0364  0.0365
  0.0403  0.0387  0.0377  0.0398  0.0389  0.0386  0.0392  0.0411  0.0382  0.0392  0.0374  0.0374
niter,ni,del,rscale     4    3    5.0000    1.2000
parameters
   -0.1515   18.6650    9.4684   -9.1142   -8.8460   -3.1545
    4.2100   -9.7892    1.6108   12.9659    4.3859  -10.6405
eta,q 0.96434 13.82024
  0.0402  0.0389  0.0380  0.0393  0.0386  0.0384  0.0392  0.0411  0.0382  0.0393  0.0373  0.0376
  0.0377  0.0371  0.0367  0.0374  0.0372  0.0369  0.0373  0.0381  0.0368  0.0372  0.0364  0.0365
  0.0362  0.0360  0.0359  0.0363  0.0361  0.0360  0.0361  0.0363  0.0359  0.0360  0.0359  0.0358
  0.0357  0.0357  0.0357  0.0357  0.0357  0.0357  0.0357  0.0357  0.0357  0.0357  0.0357  0.0357
  0.0362  0.0361  0.0359  0.0356  0.0359  0.0359  0.0361  0.0362  0.0360  0.0362  0.0358  0.0359
  0.0377  0.0371  0.0366  0.0368  0.0370  0.0366  0.0373  0.0381  0.0368  0.0374  0.0364  0.0365
  0.0402  0.0388  0.0379  0.0399  0.0388  0.0386  0.0392  0.0411  0.0382  0.0392  0.0374  0.0374
niter,ni,del,rscale     3    3    5.0000    1.2000
parameters
   -0.1538   18.6616    9.4755   -9.1144   -8.8391   -3.1609
    4.2030   -9.7887    1.6106   12.9498    4.3927  -10.6235
eta,q 0.96434 13.81988
  0.0402  0.0389  0.0379  0.0393  0.0387  0.0384  0.0392  0.0411  0.0382  0.0393  0.0373  0.0375
  0.0377  0.0370  0.0367  0.0374  0.0372  0.0369  0.0373  0.0381  0.0368  0.0372  0.0364  0.0365
  0.0362  0.0360  0.0359  0.0363  0.0361  0.0360  0.0361  0.0363  0.0359  0.0360  0.0359  0.0358
  0.0357  0.0357  0.0357  0.0357  0.0357  0.0357  0.0357  0.0357  0.0357  0.0357  0.0357  0.0357
  0.0362  0.0361  0.0359  0.0356  0.0359  0.0359  0.0361  0.0362  0.0360  0.0362  0.0358  0.0359
  0.0377  0.0371  0.0367  0.0368  0.0369  0.0366  0.0373  0.0381  0.0368  0.0374  0.0364  0.0365
  0.0402  0.0388  0.0379  0.0399  0.0388  0.0386  0.0392  0.0411  0.0382  0.0392  0.0374  0.0374
registration optimization eta report
parameter search radius
    2.4000    2.4000    2.4000    8.2800    8.2800    7.2000
    7.2000    7.2000    7.2000    7.2000    8.2800    7.2000
100000*second partial in parameter space
       78.       56.       39.        6.        4.        6.
        7.       11.        5.        7.        2.        4.
  0.0402  0.0389  0.0379  0.0393  0.0387  0.0384  0.0392  0.0411  0.0382  0.0393  0.0373  0.0375
  0.0377  0.0370  0.0367  0.0374  0.0372  0.0369  0.0373  0.0381  0.0368  0.0372  0.0364  0.0365
  0.0362  0.0360  0.0359  0.0363  0.0361  0.0360  0.0361  0.0363  0.0359  0.0360  0.0359  0.0358
  0.0357  0.0357  0.0357  0.0357  0.0357  0.0357  0.0357  0.0357  0.0357  0.0357  0.0357  0.0357
  0.0362  0.0361  0.0359  0.0356  0.0359  0.0359  0.0361  0.0362  0.0360  0.0362  0.0358  0.0359
  0.0377  0.0371  0.0367  0.0368  0.0369  0.0366  0.0373  0.0381  0.0368  0.0374  0.0364  0.0365
  0.0402  0.0388  0.0379  0.0399  0.0388  0.0386  0.0392  0.0411  0.0382  0.0392  0.0374  0.0374
   -0.1538   18.6616    9.4755   -9.1144   -8.8391   -3.1609
    4.2030   -9.7887    1.6106   12.9498    4.3927  -10.6235
eta,q 0.96434 13.81988

---------------------------------------------------------------------
imgreg_4dfp /opt/freesurfer/average/711-2C_as_mni_average_305 /opt/freesurfer/average/711-2B_as_mni_average_305_mask talsrcimg_g11 none talsrcimg_to_711-2C_as_mni_average_305_t4 2311
---------------------------------------------------------------------

freesurfer imgreg_4dfp.c
/opt/freesurfer/average/711-2C_as_mni_average_305.4dfp.img
       256       256       256         1
  1.000000  1.000000  1.000000
orientation T byte_order littleendian
Reading image: /opt/freesurfer/average/711-2C_as_mni_average_305.4dfp.img
dimensions:      256       256       256
mmppix:       1.0000   -1.0000   -1.0000
center:     128.0000 -129.0000 -129.0000
/opt/freesurfer/average/711-2B_as_mni_average_305_mask.4dfp.img
       256       256       256         1
  1.000000  1.000000  1.000000
orientation T byte_order littleendian
Reading mask: /opt/freesurfer/average/711-2B_as_mni_average_305_mask.4dfp.img (2306576 pixels)
talsrcimg_g11.4dfp.img
       256       256       256         1
  1.000000  1.000000  1.000000
orientation T byte_order littleendian
Reading image: talsrcimg_g11.4dfp.img
dimensions:      256       256       256
mmppix:       1.0000   -1.0000   -1.0000
center:     128.0000 -129.0000 -129.0000
fimgreg.f
image alignment mode   2311 decimal      907 hex
parameters
   -0.1538   18.6616    9.4755   -9.1144   -8.8391   -3.1609
    4.2030   -9.7887    1.6106   12.9498    4.3927  -10.6235
eta,q 0.96434 13.81988
niter,ni,del,rscale     5    3    5.0000    0.8000
parameters
   -0.1552   18.6236    9.4820   -8.0994   -8.5433   -2.7601
    4.1730   -9.7972    1.6156   12.8783    4.4035  -10.6345
eta,q 0.96447 13.90813
  0.0377  0.0370  0.0367  0.0371  0.0367  0.0369  0.0372  0.0381  0.0367  0.0372  0.0361  0.0364
  0.0366  0.0362  0.0361  0.0364  0.0361  0.0362  0.0363  0.0367  0.0361  0.0362  0.0358  0.0359
  0.0359  0.0358  0.0358  0.0360  0.0357  0.0357  0.0357  0.0359  0.0357  0.0357  0.0356  0.0356
  0.0357  0.0357  0.0357  0.0357  0.0355  0.0355  0.0355  0.0355  0.0355  0.0355  0.0355  0.0355
  0.0359  0.0359  0.0358  0.0355  0.0356  0.0356  0.0357  0.0358  0.0357  0.0358  0.0356  0.0356
  0.0366  0.0364  0.0361  0.0356  0.0359  0.0359  0.0363  0.0367  0.0361  0.0364  0.0358  0.0359
  0.0377  0.0371  0.0367  0.0363  0.0365  0.0365  0.0372  0.0382  0.0367  0.0373  0.0361  0.0363
niter,ni,del,rscale     4    3    5.0000    0.7000
parameters
   -0.1485   18.5726    9.4536   -8.0916   -8.5669   -2.7657
    4.1720   -9.7912    1.6260   12.8089    4.4662  -10.6719
eta,q 0.96447 13.90632
  0.0372  0.0366  0.0363  0.0364  0.0364  0.0364  0.0368  0.0375  0.0365  0.0368  0.0360  0.0362
  0.0363  0.0360  0.0359  0.0360  0.0359  0.0359  0.0361  0.0364  0.0359  0.0361  0.0357  0.0358
  0.0357  0.0356  0.0356  0.0357  0.0356  0.0356  0.0357  0.0358  0.0356  0.0357  0.0356  0.0356
  0.0355  0.0355  0.0355  0.0355  0.0355  0.0355  0.0355  0.0355  0.0355  0.0355  0.0355  0.0355
  0.0357  0.0357  0.0356  0.0355  0.0356  0.0356  0.0357  0.0357  0.0356  0.0357  0.0356  0.0356
  0.0363  0.0361  0.0359  0.0358  0.0359  0.0359  0.0361  0.0364  0.0359  0.0362  0.0357  0.0358
  0.0372  0.0367  0.0364  0.0366  0.0364  0.0364  0.0368  0.0375  0.0364  0.0369  0.0360  0.0362
niter,ni,del,rscale     3    3    5.0000    0.6000
parameters
   -0.1461   18.5532    9.4481   -7.8989   -8.5388   -2.7563
    4.1759   -9.7828    1.6107   12.7779    4.4563  -10.6901
eta,q 0.96449 13.91674
  0.0367  0.0363  0.0361  0.0362  0.0362  0.0361  0.0365  0.0370  0.0362  0.0365  0.0358  0.0360
  0.0361  0.0359  0.0358  0.0359  0.0358  0.0358  0.0359  0.0362  0.0358  0.0359  0.0357  0.0357
  0.0357  0.0356  0.0356  0.0357  0.0356  0.0356  0.0356  0.0357  0.0356  0.0356  0.0356  0.0355
  0.0355  0.0355  0.0355  0.0355  0.0355  0.0355  0.0355  0.0355  0.0355  0.0355  0.0355  0.0355
  0.0357  0.0356  0.0356  0.0355  0.0356  0.0356  0.0356  0.0357  0.0356  0.0356  0.0355  0.0356
  0.0361  0.0359  0.0358  0.0357  0.0358  0.0358  0.0359  0.0362  0.0358  0.0360  0.0357  0.0357
  0.0367  0.0364  0.0361  0.0362  0.0361  0.0361  0.0365  0.0370  0.0362  0.0365  0.0359  0.0360
niter,ni,del,rscale     2    3    5.0000    0.5000
parameters
   -0.1441   18.5380    9.4374   -7.7263   -8.5415   -2.7868
    4.1864   -9.7727    1.5944   12.7431    4.4744  -10.7104
eta,q 0.96450 13.92277
  0.0364  0.0361  0.0359  0.0360  0.0359  0.0359  0.0362  0.0366  0.0360  0.0362  0.0357  0.0358
  0.0359  0.0357  0.0357  0.0358  0.0357  0.0357  0.0358  0.0360  0.0357  0.0358  0.0356  0.0356
  0.0356  0.0356  0.0356  0.0356  0.0355  0.0355  0.0356  0.0356  0.0355  0.0356  0.0355  0.0355
  0.0355  0.0355  0.0355  0.0355  0.0355  0.0355  0.0355  0.0355  0.0355  0.0355  0.0355  0.0355
  0.0356  0.0356  0.0356  0.0355  0.0356  0.0356  0.0356  0.0356  0.0356  0.0356  0.0355  0.0355
  0.0359  0.0358  0.0357  0.0356  0.0357  0.0357  0.0358  0.0360  0.0357  0.0358  0.0356  0.0356
  0.0364  0.0361  0.0359  0.0360  0.0359  0.0359  0.0362  0.0366  0.0360  0.0362  0.0357  0.0358
niter,ni,del,rscale     1    3    5.0000    0.4000
parameters
   -0.1453   18.5219    9.4261   -7.5677   -8.5439   -2.8576
    4.2003   -9.7537    1.5894   12.7159    4.4732  -10.7275
eta,q 0.96451 13.92558
  0.0360  0.0359  0.0358  0.0358  0.0358  0.0357  0.0359  0.0362  0.0358  0.0359  0.0356  0.0357
  0.0357  0.0356  0.0356  0.0357  0.0356  0.0356  0.0357  0.0358  0.0356  0.0357  0.0356  0.0356
  0.0356  0.0355  0.0355  0.0356  0.0355  0.0355  0.0355  0.0356  0.0355  0.0355  0.0355  0.0355
  0.0355  0.0355  0.0355  0.0355  0.0355  0.0355  0.0355  0.0355  0.0355  0.0355  0.0355  0.0355
  0.0356  0.0355  0.0355  0.0355  0.0355  0.0355  0.0355  0.0355  0.0355  0.0355  0.0355  0.0355
  0.0357  0.0357  0.0356  0.0356  0.0356  0.0356  0.0357  0.0358  0.0356  0.0357  0.0356  0.0356
  0.0360  0.0359  0.0358  0.0358  0.0358  0.0357  0.0359  0.0362  0.0358  0.0359  0.0356  0.0357
registration optimization eta report
parameter search radius
    0.8000    0.8000    0.8000    2.4000    2.4000    2.4000
    2.4000    2.4000    2.4000    2.4000    2.4000    2.4000
100000*second partial in parameter space
       86.       58.       42.        6.        5.        4.
        7.       12.        5.        8.        3.        4.
  0.0360  0.0359  0.0358  0.0358  0.0358  0.0357  0.0359  0.0362  0.0358  0.0359  0.0356  0.0357
  0.0357  0.0356  0.0356  0.0357  0.0356  0.0356  0.0357  0.0358  0.0356  0.0357  0.0356  0.0356
  0.0356  0.0355  0.0355  0.0356  0.0355  0.0355  0.0355  0.0356  0.0355  0.0355  0.0355  0.0355
  0.0355  0.0355  0.0355  0.0355  0.0355  0.0355  0.0355  0.0355  0.0355  0.0355  0.0355  0.0355
  0.0356  0.0355  0.0355  0.0355  0.0355  0.0355  0.0355  0.0355  0.0355  0.0355  0.0355  0.0355
  0.0357  0.0357  0.0356  0.0356  0.0356  0.0356  0.0357  0.0358  0.0356  0.0357  0.0356  0.0356
  0.0360  0.0359  0.0358  0.0358  0.0358  0.0357  0.0359  0.0362  0.0358  0.0359  0.0356  0.0357
   -0.1453   18.5219    9.4261   -7.5677   -8.5439   -2.8576
    4.2003   -9.7537    1.5894   12.7159    4.4732  -10.7275
eta,q 0.96451 13.92558

---------------------------------------------------------------------
imgreg_4dfp /opt/freesurfer/average/711-2C_as_mni_average_305 /opt/freesurfer/average/711-2B_as_mni_average_305_mask talsrcimg_g11 none talsrcimg_to_711-2C_as_mni_average_305_t4 2311
---------------------------------------------------------------------

freesurfer imgreg_4dfp.c
/opt/freesurfer/average/711-2C_as_mni_average_305.4dfp.img
       256       256       256         1
  1.000000  1.000000  1.000000
orientation T byte_order littleendian
Reading image: /opt/freesurfer/average/711-2C_as_mni_average_305.4dfp.img
dimensions:      256       256       256
mmppix:       1.0000   -1.0000   -1.0000
center:     128.0000 -129.0000 -129.0000
/opt/freesurfer/average/711-2B_as_mni_average_305_mask.4dfp.img
       256       256       256         1
  1.000000  1.000000  1.000000
orientation T byte_order littleendian
Reading mask: /opt/freesurfer/average/711-2B_as_mni_average_305_mask.4dfp.img (2306576 pixels)
talsrcimg_g11.4dfp.img
       256       256       256         1
  1.000000  1.000000  1.000000
orientation T byte_order littleendian
Reading image: talsrcimg_g11.4dfp.img
dimensions:      256       256       256
mmppix:       1.0000   -1.0000   -1.0000
center:     128.0000 -129.0000 -129.0000
fimgreg.f
image alignment mode   2311 decimal      907 hex
parameters
   -0.1453   18.5219    9.4261   -7.5677   -8.5439   -2.8576
    4.2003   -9.7537    1.5894   12.7159    4.4732  -10.7275
eta,q 0.96451 13.92558
niter,ni,del,rscale     5    3    5.0000    0.8000
parameters
   -0.1477   18.5591    9.4113   -8.2468   -8.5506   -2.8721
    4.1786   -9.7895    1.6234   12.8297    4.5049  -10.6877
eta,q 0.96446 13.89431
  0.0377  0.0371  0.0365  0.0364  0.0366  0.0367  0.0372  0.0381  0.0368  0.0374  0.0361  0.0364
  0.0365  0.0362  0.0360  0.0360  0.0360  0.0360  0.0363  0.0367  0.0361  0.0363  0.0358  0.0359
  0.0357  0.0356  0.0356  0.0357  0.0357  0.0356  0.0357  0.0358  0.0357  0.0357  0.0356  0.0356
  0.0355  0.0355  0.0355  0.0355  0.0355  0.0355  0.0355  0.0355  0.0355  0.0355  0.0355  0.0355
  0.0357  0.0357  0.0356  0.0356  0.0357  0.0357  0.0357  0.0358  0.0357  0.0357  0.0356  0.0356
  0.0365  0.0361  0.0360  0.0363  0.0360  0.0360  0.0363  0.0367  0.0361  0.0363  0.0358  0.0359
  0.0377  0.0369  0.0366  0.0376  0.0367  0.0367  0.0372  0.0382  0.0367  0.0372  0.0361  0.0363
niter,ni,del,rscale     4    3    5.0000    0.7000
parameters
   -0.1444   18.5664    9.4467   -8.0951   -8.5396   -2.7680
    4.1809   -9.7881    1.6136   12.8160    4.4668  -10.6822
eta,q 0.96447 13.90730
  0.0372  0.0367  0.0364  0.0365  0.0364  0.0364  0.0368  0.0375  0.0364  0.0369  0.0360  0.0362
  0.0363  0.0360  0.0359  0.0360  0.0359  0.0359  0.0361  0.0364  0.0359  0.0361  0.0357  0.0358
  0.0357  0.0357  0.0356  0.0357  0.0356  0.0356  0.0357  0.0358  0.0356  0.0357  0.0356  0.0356
  0.0355  0.0355  0.0355  0.0355  0.0355  0.0355  0.0355  0.0355  0.0355  0.0355  0.0355  0.0355
  0.0357  0.0357  0.0356  0.0355  0.0356  0.0356  0.0357  0.0357  0.0356  0.0357  0.0356  0.0356
  0.0363  0.0360  0.0359  0.0358  0.0359  0.0359  0.0361  0.0364  0.0359  0.0362  0.0357  0.0358
  0.0372  0.0366  0.0363  0.0365  0.0364  0.0363  0.0368  0.0375  0.0364  0.0368  0.0360  0.0361
niter,ni,del,rscale     3    3    5.0000    0.6000
parameters
   -0.1454   18.5547    9.4451   -7.9030   -8.5423   -2.7516
    4.1762   -9.7872    1.6071   12.7820    4.4699  -10.6991
eta,q 0.96449 13.91687
  0.0367  0.0364  0.0361  0.0362  0.0361  0.0361  0.0365  0.0370  0.0362  0.0365  0.0358  0.0360
  0.0361  0.0359  0.0358  0.0359  0.0358  0.0358  0.0359  0.0362  0.0358  0.0359  0.0357  0.0357
  0.0357  0.0356  0.0356  0.0357  0.0356  0.0355  0.0356  0.0357  0.0356  0.0356  0.0356  0.0355
  0.0355  0.0355  0.0355  0.0355  0.0355  0.0355  0.0355  0.0355  0.0355  0.0355  0.0355  0.0355
  0.0357  0.0356  0.0356  0.0355  0.0356  0.0356  0.0356  0.0357  0.0356  0.0356  0.0355  0.0356
  0.0361  0.0359  0.0358  0.0357  0.0358  0.0358  0.0359  0.0362  0.0358  0.0360  0.0357  0.0357
  0.0367  0.0364  0.0361  0.0362  0.0361  0.0361  0.0365  0.0370  0.0362  0.0365  0.0359  0.0360
niter,ni,del,rscale     2    3    5.0000    0.5000
parameters
   -0.1448   18.5378    9.4353   -7.7263   -8.5465   -2.7805
    4.1870   -9.7728    1.5940   12.7468    4.4750  -10.7069
eta,q 0.96450 13.92295
  0.0364  0.0361  0.0359  0.0360  0.0359  0.0359  0.0362  0.0366  0.0360  0.0362  0.0357  0.0358
  0.0359  0.0357  0.0357  0.0358  0.0357  0.0357  0.0358  0.0360  0.0357  0.0358  0.0356  0.0356
  0.0356  0.0356  0.0356  0.0356  0.0355  0.0355  0.0356  0.0356  0.0356  0.0356  0.0355  0.0355
  0.0355  0.0355  0.0355  0.0355  0.0355  0.0355  0.0355  0.0355  0.0355  0.0355  0.0355  0.0355
  0.0356  0.0356  0.0356  0.0355  0.0356  0.0356  0.0356  0.0356  0.0356  0.0356  0.0355  0.0355
  0.0359  0.0358  0.0357  0.0356  0.0357  0.0357  0.0358  0.0360  0.0357  0.0358  0.0356  0.0357
  0.0364  0.0361  0.0359  0.0360  0.0359  0.0359  0.0362  0.0366  0.0360  0.0362  0.0357  0.0358
niter,ni,del,rscale     1    3    5.0000    0.4000
parameters
   -0.1450   18.5245    9.4271   -7.5656   -8.5396   -2.8652
    4.1981   -9.7498    1.5767   12.7127    4.4735  -10.7374
eta,q 0.96451 13.92543
  0.0360  0.0359  0.0358  0.0358  0.0358  0.0357  0.0359  0.0362  0.0358  0.0359  0.0356  0.0357
  0.0357  0.0356  0.0356  0.0357  0.0356  0.0356  0.0357  0.0358  0.0356  0.0357  0.0356  0.0356
  0.0356  0.0355  0.0355  0.0356  0.0355  0.0355  0.0355  0.0356  0.0355  0.0355  0.0355  0.0355
  0.0355  0.0355  0.0355  0.0355  0.0355  0.0355  0.0355  0.0355  0.0355  0.0355  0.0355  0.0355
  0.0356  0.0355  0.0355  0.0355  0.0355  0.0355  0.0355  0.0356  0.0355  0.0355  0.0355  0.0355
  0.0357  0.0357  0.0356  0.0356  0.0356  0.0356  0.0357  0.0358  0.0356  0.0357  0.0356  0.0356
  0.0361  0.0359  0.0358  0.0358  0.0358  0.0358  0.0359  0.0362  0.0358  0.0360  0.0356  0.0357
registration optimization eta report
parameter search radius
    0.8000    0.8000    0.8000    2.4000    2.4000    2.4000
    2.4000    2.4000    2.4000    2.4000    2.4000    2.4000
100000*second partial in parameter space
       86.       57.       41.        6.        5.        4.
        7.       12.        5.        8.        3.        4.
  0.0360  0.0359  0.0358  0.0358  0.0358  0.0357  0.0359  0.0362  0.0358  0.0359  0.0356  0.0357
  0.0357  0.0356  0.0356  0.0357  0.0356  0.0356  0.0357  0.0358  0.0356  0.0357  0.0356  0.0356
  0.0356  0.0355  0.0355  0.0356  0.0355  0.0355  0.0355  0.0356  0.0355  0.0355  0.0355  0.0355
  0.0355  0.0355  0.0355  0.0355  0.0355  0.0355  0.0355  0.0355  0.0355  0.0355  0.0355  0.0355
  0.0356  0.0355  0.0355  0.0355  0.0355  0.0355  0.0355  0.0356  0.0355  0.0355  0.0355  0.0355
  0.0357  0.0357  0.0356  0.0356  0.0356  0.0356  0.0357  0.0358  0.0356  0.0357  0.0356  0.0356
  0.0361  0.0359  0.0358  0.0358  0.0358  0.0358  0.0359  0.0362  0.0358  0.0360  0.0356  0.0357
   -0.1450   18.5245    9.4271   -7.5656   -8.5396   -2.8652
    4.1981   -9.7498    1.5767   12.7127    4.4735  -10.7374
eta,q 0.96451 13.92543

---------------------------------------------------------------------
compute_vox2vox talsrcimg talsrcimg_to_711-2C_as_mni_average_305_t4 /opt/freesurfer/average/711-2C_as_mni_average_305
---------------------------------------------------------------------

freesurfer compute_vox2vox.c
Reading: talsrcimg.4dfp.ifh
Reading: talsrcimg_to_711-2C_as_mni_average_305_t4
Reading: /opt/freesurfer/average/711-2C_as_mni_average_305.4dfp.ifh
Writing: talsrcimg_to_711-2C_as_mni_average_305_t4_vox2vox.txt

start time Tue Mar 10 02:24:01 CET 2026
end		time Tue Mar 10 02:25:31 CET 2026

mpr2mni305 success

avi2talxfm orig_nu.mgz /opt/freesurfer/average/mni305.cor.mgz talsrcimg_to_711-2C_as_mni_average_305_t4_vox2vox.txt transforms/talairach.auto.xfm
avi2talxfm done
mv -f /out/sourcedata/freesurfer/sub-v1s4x0050694_ses-1/mri/talsrcimg_to_711-2C_as_mni_average_305_t4_vox2vox.txt /out/sourcedata/freesurfer/sub-v1s4x0050694_ses-1/mri/transforms/talsrcimg_to_711-2C_as_mni_average_305_t4_vox2vox.txt
lta_convert --src orig_nu.mgz --trg /opt/freesurfer/average/mni305.cor.mgz --inxfm transforms/talairach.auto.xfm --outlta transforms/talairach.auto.xfm.lta --subject fsaverage
7.3.2

--src: orig_nu.mgz src image (geometry).
--trg: /opt/freesurfer/average/mni305.cor.mgz trg image (geometry).
--inmni: transforms/talairach.auto.xfm input MNI/XFM transform.
--outlta: transforms/talairach.auto.xfm.lta output LTA.
--s: fsaverage subject name
 LTA read, type : 1
 1.07701   0.11284  -0.03619   3.23068;
-0.05087   1.00859   0.12074  -29.36440;
-0.01150  -0.14214   1.07721  -44.70940;
 0.00000   0.00000   0.00000   1.00000;
setting subject to fsaverage
Writing  LTA to file transforms/talairach.auto.xfm.lta...
lta_convert successful.
 
 
Started at Tue Mar 10 02:24:00 CET 2026
Ended   at Tue Mar 10 02:25:32 CET 2026
talairach_avi done
