/out/sourcedata/freesurfer/sub-v1s4x0050682_ses-1/mri
/opt/freesurfer/bin/talairach_avi
--i orig_nu.mgz --xfm transforms/talairach.auto.xfm
talairach_avi 7.3.2
Linux dna059 5.14.0-427.37.1.el9_4.x86_64 #1 SMP PREEMPT_DYNAMIC Fri Sep 13 12:41:50 EDT 2024 x86_64 x86_64 x86_64 GNU/Linux
Tue Mar 10 01:51:20 CET 2026
mri_convert orig_nu.mgz talsrcimg.img 
reading from orig_nu.mgz...
TR=0.00, TE=0.00, TI=0.00, flip angle=0.00
i_ras = (-1, -2.2701e-09, -1.86265e-09)
j_ras = (-9.31323e-10, -9.31323e-10, -1)
k_ras = (3.92902e-10, 1, 0)
writing to talsrcimg.img...
Analyze Output Matrix
-1.00000  -0.00000   0.00000   133.01666;
-0.00000  -0.00000   1.00000  -122.18444;
-0.00000  -1.00000   0.00000   130.28885;
 0.00000   0.00000   0.00000   1.00000;
--------------------
INFO: set hdr.hist.orient to -1
mpr2mni305 talsrcimg
Tue Mar 10 01:51:20 CET 2026
/opt/freesurfer/bin/mpr2mni305 talsrcimg
mpr2mni305 7.3.2
target=711-2C_as_mni_average_305

---------------------------------------------------------------------
analyzeto4dfp talsrcimg -O0 -y
---------------------------------------------------------------------

freesurfer ifh2hdr.c
Tue Mar 10 01:51:20 2026
Writing: talsrcimg.4dfp.hdr
freesurfer analyzeto4dfp.c
Reading: talsrcimg.hdr
header size 348 bytes
hdr.dime.datatype	offset=70	value=2
hdr.dime.bitpix		offset=72	value=8
hdr.hist.orient		offset=252	value=-1
dimensionality     4
dimensions       256       256       256         1
Reading: talsrcimg.img
Writing: talsrcimg.4dfp.img
Writing: talsrcimg.4dfp.ifh
ifh2hdr talsrcimg -r0to245
ori=2

---------------------------------------------------------------------
gauss_4dfp talsrcimg 1.1
---------------------------------------------------------------------

freesurfer gauss_4dfp.c
Reading: talsrcimg.4dfp.img
Writing: talsrcimg_g11.4dfp.img
image dimensions 256 256 256 padded to 288 288 288
processing volume 1freesurfer ifh2hdr.c
Tue Mar 10 01:51:22 2026
Writing: talsrcimg_g11.4dfp.hdr

Writing: talsrcimg_g11.4dfp.ifh
including: talsrcimg.4dfp.img.rec in talsrcimg_g11.4dfp.img.rec

---------------------------------------------------------------------
imgreg_4dfp /opt/freesurfer/average/711-2C_as_mni_average_305 none talsrcimg_g11 none talsrcimg_to_711-2C_as_mni_average_305_t4 4355
---------------------------------------------------------------------

freesurfer imgreg_4dfp.c
/opt/freesurfer/average/711-2C_as_mni_average_305.4dfp.img
       256       256       256         1
  1.000000  1.000000  1.000000
orientation T byte_order littleendian
Reading image: /opt/freesurfer/average/711-2C_as_mni_average_305.4dfp.img
dimensions:      256       256       256
mmppix:       1.0000   -1.0000   -1.0000
center:     128.0000 -129.0000 -129.0000
talsrcimg_g11.4dfp.img
       256       256       256         1
  1.000000  1.000000  1.000000
orientation T byte_order littleendian
Reading image: talsrcimg_g11.4dfp.img
dimensions:      256       256       256
mmppix:       1.0000   -1.0000   -1.0000
center:     128.0000 -129.0000 -129.0000
t4_read: open error in t4_sub.f l:  41 t4_file(1:l)talsrcimg_to_711-2C_as_mni_average_305_t4 
t4_read: transform initialized to I4
rotation matrix determinant  1.000000
image alignment mode   4355 decimal     1103 hex
   -7.5000  -45.0000  -45.0000 9007.1699   13.7217
    0.0000  -45.0000  -45.0000 9401.1289   13.7308
    7.5000  -45.0000  -45.0000 9007.4199   13.7216
   -7.5000  -37.5000  -45.0000 9511.3584   13.6341
    0.0000  -37.5000  -45.0000 9936.7129   13.6422
    7.5000  -37.5000  -45.0000 9484.3926   13.6350
   -7.5000  -30.0000  -45.000010425.6855   13.6317
    0.0000  -30.0000  -45.000010881.6299   13.6374
    7.5000  -30.0000  -45.000010365.0645   13.6288
   -7.5000  -22.5000  -45.000011143.0928   13.6607
    0.0000  -22.5000  -45.000011610.1523   13.6654
    7.5000  -22.5000  -45.000011048.8271   13.6529
   -7.5000  -15.0000  -45.000011659.2295   13.6620
    0.0000  -15.0000  -45.000012168.3535   13.6670
    7.5000  -15.0000  -45.000011536.8096   13.6523
   -7.5000   -7.5000  -45.000012019.1006   13.6294
    0.0000   -7.5000  -45.000012576.6943   13.6363
    7.5000   -7.5000  -45.000011883.6084   13.6237
   -7.5000    0.0000  -45.000012246.6748   13.5964
    0.0000    0.0000  -45.000012810.3438   13.6053
    7.5000    0.0000  -45.000012110.9062   13.5962
   -7.5000    7.5000  -45.000011550.2314   13.5984
    0.0000    7.5000  -45.000012102.6709   13.6063
    7.5000    7.5000  -45.000011432.1074   13.5991
   -7.5000   15.0000  -45.000010831.6699   13.6301
    0.0000   15.0000  -45.000011313.4541   13.6358
    7.5000   15.0000  -45.000010702.5215   13.6272
   -7.5000   22.5000  -45.000010040.0000   13.7571
    0.0000   22.5000  -45.000010503.3896   13.7615
    7.5000   22.5000  -45.0000 9947.3477   13.7491
   -7.5000   30.0000  -45.0000 9348.2617   13.9361
    0.0000   30.0000  -45.0000 9836.8604   13.9416
    7.5000   30.0000  -45.0000 9296.1787   13.9261
   -7.5000   37.5000  -45.0000 9029.8398   14.3161
    0.0000   37.5000  -45.0000 9486.3828   14.3277
    7.5000   37.5000  -45.0000 8976.7715   14.3168
   -7.5000   45.0000  -45.0000 8412.9131   14.3802
    0.0000   45.0000  -45.0000 8831.5664   14.3959
    7.5000   45.0000  -45.0000 8350.7764   14.3873
   -7.5000  -45.0000  -37.5000 9525.3145   13.6610
    0.0000  -45.0000  -37.5000 9951.7373   13.6728
    7.5000  -45.0000  -37.5000 9503.3945   13.6657
   -7.5000  -37.5000  -37.500010078.1484   13.5806
    0.0000  -37.5000  -37.500010531.1270   13.5900
    7.5000  -37.5000  -37.500010026.7588   13.5825
   -7.5000  -30.0000  -37.500011064.5967   13.5790
    0.0000  -30.0000  -37.500011554.9141   13.5875
    7.5000  -30.0000  -37.500010984.4443   13.5779
   -7.5000  -22.5000  -37.500011815.3643   13.6018
    0.0000  -22.5000  -37.500012312.0303   13.6126
    7.5000  -22.5000  -37.500011722.3350   13.6010
   -7.5000  -15.0000  -37.500012370.0703   13.5967
    0.0000  -15.0000  -37.500012903.0723   13.6098
    7.5000  -15.0000  -37.500012262.7959   13.5982
   -7.5000   -7.5000  -37.500012766.0566   13.5639
    0.0000   -7.5000  -37.500013332.3359   13.5771
    7.5000   -7.5000  -37.500012636.5498   13.5681
   -7.5000    0.0000  -37.500013018.7910   13.5367
    0.0000    0.0000  -37.500013593.6689   13.5482
    7.5000    0.0000  -37.500012879.9561   13.5411
   -7.5000    7.5000  -37.500012277.0156   13.5451
    0.0000    7.5000  -37.500012856.6475   13.5542
    7.5000    7.5000  -37.500012168.5996   13.5466
   -7.5000   15.0000  -37.500011474.1631   13.5774
    0.0000   15.0000  -37.500012011.3564   13.5859
    7.5000   15.0000  -37.500011370.0840   13.5764
   -7.5000   22.5000  -37.500010620.8398   13.6959
    0.0000   22.5000  -37.500011129.8662   13.7065
    7.5000   22.5000  -37.500010540.8281   13.6950
   -7.5000   30.0000  -37.5000 9889.2363   13.8613
    0.0000   30.0000  -37.500010381.0938   13.8764
    7.5000   30.0000  -37.5000 9838.0342   13.8641
   -7.5000   37.5000  -37.5000 9575.1016   14.2364
    0.0000   37.5000  -37.500010037.7881   14.2560
    7.5000   37.5000  -37.5000 9523.4121   14.2478
   -7.5000   45.0000  -37.5000 8897.0068   14.3031
    0.0000   45.0000  -37.5000 9334.9180   14.3220
    7.5000   45.0000  -37.5000 8825.8418   14.3136
   -7.5000  -45.0000  -30.000010170.4463   14.2258
    0.0000  -45.0000  -30.000010642.2295   14.2426
    7.5000  -45.0000  -30.000010163.7236   14.2368
   -7.5000  -37.5000  -30.000010789.5645   14.1456
    0.0000  -37.5000  -30.000011278.0420   14.1601
    7.5000  -37.5000  -30.000010744.4297   14.1515
   -7.5000  -30.0000  -30.000011872.0234   14.1443
    0.0000  -30.0000  -30.000012392.4775   14.1592
    7.5000  -30.0000  -30.000011771.7500   14.1470
   -7.5000  -22.5000  -30.000012698.1406   14.1654
    0.0000  -22.5000  -30.000013211.5107   14.1839
    7.5000  -22.5000  -30.000012556.4473   14.1703
   -7.5000  -15.0000  -30.000013280.4473   14.1567
    0.0000  -15.0000  -30.000013855.9883   14.1774
    7.5000  -15.0000  -30.000013136.7578   14.1659
   -7.5000   -7.5000  -30.000013711.5137   14.1217
    0.0000   -7.5000  -30.000014339.7607   14.1410
    7.5000   -7.5000  -30.000013568.5244   14.1337
   -7.5000    0.0000  -30.000013994.5713   14.0961
    0.0000    0.0000  -30.000014640.3496   14.1125
    7.5000    0.0000  -30.000013835.2549   14.1065
   -7.5000    7.5000  -30.000013209.4375   14.1084
    0.0000    7.5000  -30.000013870.3477   14.1227
    7.5000    7.5000  -30.000013095.5605   14.1139
   -7.5000   15.0000  -30.000012333.9092   14.1427
    0.0000   15.0000  -30.000012969.1338   14.1576
    7.5000   15.0000  -30.000012218.8896   14.1454
   -7.5000   22.5000  -30.000011392.7070   14.2613
    0.0000   22.5000  -30.000011982.4395   14.2800
    7.5000   22.5000  -30.000011300.3047   14.2663
   -7.5000   30.0000  -30.000010610.8047   14.4307
    0.0000   30.0000  -30.000011150.2627   14.4548
    7.5000   30.0000  -30.000010522.1162   14.4426
   -7.5000   37.5000  -30.000010253.2285   14.8232
    0.0000   37.5000  -30.000010778.2354   14.8507
    7.5000   37.5000  -30.000010204.5098   14.8433
   -7.5000   45.0000  -30.0000 9527.7891   14.9086
    0.0000   45.0000  -30.0000 9997.2461   14.9338
    7.5000   45.0000  -30.0000 9447.4150   14.9242
   -7.5000  -45.0000  -22.500010835.9443   14.7189
    0.0000  -45.0000  -22.500011318.6309   14.7383
    7.5000  -45.0000  -22.500010816.0566   14.7318
   -7.5000  -37.5000  -22.500011496.1396   14.6320
    0.0000  -37.5000  -22.500012003.5879   14.6505
    7.5000  -37.5000  -22.500011453.6914   14.6404
   -7.5000  -30.0000  -22.500012637.6963   14.6302
    0.0000  -30.0000  -22.500013179.7686   14.6488
    7.5000  -30.0000  -22.500012535.6484   14.6335
   -7.5000  -22.5000  -22.500013511.6475   14.6565
    0.0000  -22.5000  -22.500014093.6494   14.6767
    7.5000  -22.5000  -22.500013357.4111   14.6590
   -7.5000  -15.0000  -22.500014132.3477   14.6517
    0.0000  -15.0000  -22.500014775.1602   14.6721
    7.5000  -15.0000  -22.500013971.0830   14.6572
   -7.5000   -7.5000  -22.500014603.3828   14.6148
    0.0000   -7.5000  -22.500015283.1865   14.6346
    7.5000   -7.5000  -22.500014451.7578   14.6253
   -7.5000    0.0000  -22.500014926.8877   14.5846
    0.0000    0.0000  -22.500015633.1846   14.6035
    7.5000    0.0000  -22.500014748.4912   14.5969
   -7.5000    7.5000  -22.500014122.1924   14.5935
    0.0000    7.5000  -22.500014857.1270   14.6117
    7.5000    7.5000  -22.500013969.2539   14.6016
   -7.5000   15.0000  -22.500013186.0732   14.6286
    0.0000   15.0000  -22.500013901.2568   14.6472
    7.5000   15.0000  -22.500013068.0234   14.6319
   -7.5000   22.5000  -22.500012174.8965   14.7563
    0.0000   22.5000  -22.500012837.1318   14.7768
    7.5000   22.5000  -22.500012095.8291   14.7589
   -7.5000   30.0000  -22.500011311.9307   14.9429
    0.0000   30.0000  -22.500011921.1055   14.9667
    7.5000   30.0000  -22.500011237.9248   14.9509
   -7.5000   37.5000  -22.500010936.9297   15.3529
    0.0000   37.5000  -22.500011521.8730   15.3807
    7.5000   37.5000  -22.500010873.3223   15.3711
   -7.5000   45.0000  -22.500010149.7598   15.4510
    0.0000   45.0000  -22.500010675.1406   15.4796
    7.5000   45.0000  -22.500010084.9365   15.4691
   -7.5000  -45.0000  -15.000011488.3359   15.0809
    0.0000  -45.0000  -15.000011965.3682   15.0987
    7.5000  -45.0000  -15.000011424.8906   15.0894
   -7.5000  -37.5000  -15.000012178.8643   14.9843
    0.0000  -37.5000  -15.000012706.8369   15.0024
    7.5000  -37.5000  -15.000012119.9375   14.9918
   -7.5000  -30.0000  -15.000013351.4170   14.9810
    0.0000  -30.0000  -15.000013931.5781   14.9980
    7.5000  -30.0000  -15.000013254.3350   14.9824
   -7.5000  -22.5000  -15.000014240.8838   15.0148
    0.0000  -22.5000  -15.000014847.4902   15.0301
    7.5000  -22.5000  -15.000014089.6953   15.0105
   -7.5000  -15.0000  -15.000014927.8682   15.0175
    0.0000  -15.0000  -15.000015605.0801   15.0311
    7.5000  -15.0000  -15.000014769.8232   15.0123
   -7.5000   -7.5000  -15.000015438.3223   14.9805
    0.0000   -7.5000  -15.000016160.1709   14.9952
    7.5000   -7.5000  -15.000015276.1846   14.9819
   -7.5000    0.0000  -15.000015772.3916   14.9434
    0.0000    0.0000  -15.000016544.5117   14.9606
    7.5000    0.0000  -15.000015592.4639   14.9515
   -7.5000    7.5000  -15.000014925.0605   14.9450
    0.0000    7.5000  -15.000015733.2490   14.9629
    7.5000    7.5000  -15.000014797.2393   14.9522
   -7.5000   15.0000  -15.000013992.6465   14.9794
    0.0000   15.0000  -15.000014762.3340   14.9964
    7.5000   15.0000  -15.000013881.6943   14.9807
   -7.5000   22.5000  -15.000012940.1650   15.1183
    0.0000   22.5000  -15.000013669.3633   15.1338
    7.5000   22.5000  -15.000012852.5137   15.1141
   -7.5000   30.0000  -15.000012015.4375   15.3254
    0.0000   30.0000  -15.000012663.5049   15.3409
    7.5000   30.0000  -15.000011924.9473   15.3212
   -7.5000   37.5000  -15.000011576.3145   15.7472
    0.0000   37.5000  -15.000012219.1064   15.7683
    7.5000   37.5000  -15.000011527.9355   15.7559
   -7.5000   45.0000  -15.000010745.8945   15.8492
    0.0000   45.0000  -15.000011328.6162   15.8759
    7.5000   45.0000  -15.000010687.9727   15.8651
   -7.5000  -45.0000   -7.500012110.5205   15.2590
    0.0000  -45.0000   -7.500012646.1973   15.2717
    7.5000  -45.0000   -7.500012065.6357   15.2606
   -7.5000  -37.5000   -7.500012865.6777   15.1579
    0.0000  -37.5000   -7.500013446.1924   15.1711
    7.5000  -37.5000   -7.500012815.2012   15.1616
   -7.5000  -30.0000   -7.500014075.7803   15.1542
    0.0000  -30.0000   -7.500014695.5732   15.1648
    7.5000  -30.0000   -7.500013987.6602   15.1524
   -7.5000  -22.5000   -7.500014967.6182   15.1905
    0.0000  -22.5000   -7.500015621.4932   15.1979
    7.5000  -22.5000   -7.500014845.8232   15.1808
   -7.5000  -15.0000   -7.500015720.0850   15.1963
    0.0000  -15.0000   -7.500016439.1680   15.2021
    7.5000  -15.0000   -7.500015550.5361   15.1829
   -7.5000   -7.5000   -7.500016311.2578   15.1601
    0.0000   -7.5000   -7.500017063.1543   15.1684
    7.5000   -7.5000   -7.500016135.1943   15.1526
   -7.5000    0.0000   -7.500016687.3086   15.1201
    0.0000    0.0000   -7.500017504.7754   15.1325
    7.5000    0.0000   -7.500016508.0684   15.1217
   -7.5000    7.5000   -7.500015764.8936   15.1183
    0.0000    7.5000   -7.500016614.0684   15.1313
    7.5000    7.5000   -7.500015670.5576   15.1219
   -7.5000   15.0000   -7.500014783.5068   15.1524
    0.0000   15.0000   -7.500015616.2100   15.1631
    7.5000   15.0000   -7.500014723.4385   15.1507
   -7.5000   22.5000   -7.500013709.8057   15.2935
    0.0000   22.5000   -7.500014461.6973   15.3009
    7.5000   22.5000   -7.500013659.7695   15.2838
   -7.5000   30.0000   -7.500012692.8135   15.5088
    0.0000   30.0000   -7.500013359.2744   15.5151
    7.5000   30.0000   -7.500012634.2705   15.4951
   -7.5000   37.5000   -7.500012228.9355   15.9336
    0.0000   37.5000   -7.500012889.4375   15.9468
    7.5000   37.5000   -7.500012174.5928   15.9330
   -7.5000   45.0000   -7.500011361.6348   16.0340
    0.0000   45.0000   -7.500011972.5674   16.0548
    7.5000   45.0000   -7.500011295.5371   16.0442
   -7.5000  -45.0000    0.000012656.5352   15.2844
    0.0000  -45.0000    0.000013213.1025   15.2946
    7.5000  -45.0000    0.000012654.9287   15.2843
   -7.5000  -37.5000    0.000013444.4258   15.1871
    0.0000  -37.5000    0.000014041.3096   15.1961
    7.5000  -37.5000    0.000013435.7842   15.1880
   -7.5000  -30.0000    0.000014694.1465   15.1845
    0.0000  -30.0000    0.000015324.8721   15.1907
    7.5000  -30.0000    0.000014652.1816   15.1810
   -7.5000  -22.5000    0.000015588.4512   15.2168
    0.0000  -22.5000    0.000016280.2080   15.2221
    7.5000  -22.5000    0.000015518.8799   15.2081
   -7.5000  -15.0000    0.000016326.4961   15.2185
    0.0000  -15.0000    0.000017097.9160   15.2242
    7.5000  -15.0000    0.000016224.3623   15.2078
   -7.5000   -7.5000    0.000017007.6250   15.1823
    0.0000   -7.5000    0.000017819.8340   15.1901
    7.5000   -7.5000    0.000016845.1680   15.1761
   -7.5000    0.0000    0.000017587.2559   15.1455
    0.0000    0.0000    0.000018515.6523   15.1554
    7.5000    0.0000    0.000017403.7363   15.1453
   -7.5000    7.5000    0.000016700.4336   15.1476
    0.0000    7.5000    0.000017681.4551   15.1563
    7.5000    7.5000    0.000016618.0723   15.1482
   -7.5000   15.0000    0.000015659.6016   15.1827
    0.0000   15.0000    0.000016594.4746   15.1890
    7.5000   15.0000    0.000015644.7334   15.1793
   -7.5000   22.5000    0.000014452.2002   15.3187
    0.0000   22.5000    0.000015260.6436   15.3236
    7.5000   22.5000    0.000014450.6953   15.3097
   -7.5000   30.0000    0.000013336.0684   15.5275
    0.0000   30.0000    0.000014009.0488   15.5338
    7.5000   30.0000    0.000013279.6191   15.5165
   -7.5000   37.5000    0.000012823.5605   15.9487
    0.0000   37.5000    0.000013486.9336   15.9618
    7.5000   37.5000    0.000012759.5488   15.9497
   -7.5000   45.0000    0.000011889.5322   16.0490
    0.0000   45.0000    0.000012518.0332   16.0666
    7.5000   45.0000    0.000011806.7393   16.0570
   -7.5000  -45.0000    7.500012248.3408   15.2785
    0.0000  -45.0000    7.500012791.7754   15.2918
    7.5000  -45.0000    7.500012330.5723   15.2839
   -7.5000  -37.5000    7.500013036.4336   15.1888
    0.0000  -37.5000    7.500013602.0098   15.1993
    7.5000  -37.5000    7.500013113.2266   15.1910
   -7.5000  -30.0000    7.500014235.2920   15.1871
    0.0000  -30.0000    7.500014810.6670   15.1967
    7.5000  -30.0000    7.500014266.6387   15.1860
   -7.5000  -22.5000    7.500015114.4287   15.2126
    0.0000  -22.5000    7.500015732.6143   15.2247
    7.5000  -22.5000    7.500015116.0879   15.2118
   -7.5000  -15.0000    7.500015826.0889   15.2067
    0.0000  -15.0000    7.500016538.3047   15.2214
    7.5000  -15.0000    7.500015811.9795   15.2085
   -7.5000   -7.5000    7.500016495.6328   15.1700
    0.0000   -7.5000    7.500017309.0273   15.1847
    7.5000   -7.5000    7.500016414.0254   15.1747
   -7.5000    0.0000    7.500017178.9375   15.1395
    0.0000    0.0000    7.500018182.4199   15.1525
    7.5000    0.0000    7.500017002.4258   15.1446
   -7.5000    7.5000    7.500016515.3945   15.1491
    0.0000    7.5000    7.500017500.1113   15.1593
    7.5000    7.5000    7.500016260.9473   15.1509
   -7.5000   15.0000    7.500015542.1572   15.1854
    0.0000   15.0000    7.500016497.0449   15.1949
    7.5000   15.0000    7.500015320.3652   15.1843
   -7.5000   22.5000    7.500014253.2832   15.3128
    0.0000   22.5000    7.500015073.5566   15.3247
    7.5000   22.5000    7.500014080.5205   15.3119
   -7.5000   30.0000    7.500013007.7168   15.5085
    0.0000   30.0000    7.500013663.7559   15.5254
    7.5000   30.0000    7.500012893.9326   15.5117
   -7.5000   37.5000    7.500012441.5215   15.9278
    0.0000   37.5000    7.500013021.0400   15.9497
    7.5000   37.5000    7.500012352.7627   15.9407
   -7.5000   45.0000    7.500011500.5811   16.0335
    0.0000   45.0000    7.500012018.0957   16.0548
    7.5000   45.0000    7.500011405.2402   16.0454
   -7.5000  -45.0000   15.000011781.3008   15.2754
    0.0000  -45.0000   15.000012287.9336   15.2935
    7.5000  -45.0000   15.000011855.5840   15.2873
   -7.5000  -37.5000   15.000012561.0361   15.1894
    0.0000  -37.5000   15.000013082.7344   15.2050
    7.5000  -37.5000   15.000012605.6816   15.1957
   -7.5000  -30.0000   15.000013685.4717   15.1880
    0.0000  -30.0000   15.000014236.6357   15.2040
    7.5000  -30.0000   15.000013641.7549   15.1909
   -7.5000  -22.5000   15.000014513.0576   15.2107
    0.0000  -22.5000   15.000015124.8760   15.2305
    7.5000  -22.5000   15.000014442.3906   15.2159
   -7.5000  -15.0000   15.000015210.7969   15.2013
    0.0000  -15.0000   15.000015887.0205   15.2235
    7.5000  -15.0000   15.000015098.3115   15.2112
   -7.5000   -7.5000   15.000015847.8799   15.1637
    0.0000   -7.5000   15.000016624.6152   15.1844
    7.5000   -7.5000   15.000015681.9941   15.1766
   -7.5000    0.0000   15.000016395.9492   15.1363
    0.0000    0.0000   15.000017226.3145   15.1538
    7.5000    0.0000   15.000016159.3027   15.1474
   -7.5000    7.5000   15.000015670.5889   15.1495
    0.0000    7.5000   15.000016423.9375   15.1648
    7.5000    7.5000   15.000015350.0977   15.1554
   -7.5000   15.0000   15.000014756.2871   15.1863
    0.0000   15.0000   15.000015515.3887   15.2023
    7.5000   15.0000   15.000014465.6230   15.1892
   -7.5000   22.5000   15.000013588.1641   15.3103
    0.0000   22.5000   15.000014324.5264   15.3303
    7.5000   22.5000   15.000013369.9297   15.3156
   -7.5000   30.0000   15.000012384.0439   15.5001
    0.0000   30.0000   15.000013020.2002   15.5260
    7.5000   30.0000   15.000012260.5820   15.5128
   -7.5000   37.5000   15.000011837.5137   15.9216
    0.0000   37.5000   15.000012381.1904   15.9512
    7.5000   37.5000   15.000011754.4102   15.9432
   -7.5000   45.0000   15.000010965.1641   16.0345
    0.0000   45.0000   15.000011430.3096   16.0616
    7.5000   45.0000   15.000010873.4727   16.0513
   -7.5000  -45.0000   22.500011201.2139   15.2794
    0.0000  -45.0000   22.500011684.1846   15.2996
    7.5000  -45.0000   22.500011170.5225   15.2928
   -7.5000  -37.5000   22.500011937.8799   15.1892
    0.0000  -37.5000   22.500012458.5361   15.2084
    7.5000  -37.5000   22.500011886.1934   15.1980
   -7.5000  -30.0000   22.500012949.9043   15.1873
    0.0000  -30.0000   22.500013492.1523   15.2066
    7.5000  -30.0000   22.500012843.5537   15.1908
   -7.5000  -22.5000   22.500013684.1611   15.2147
    0.0000  -22.5000   22.500014269.1074   15.2356
    7.5000  -22.5000   22.500013591.4951   15.2173
   -7.5000  -15.0000   22.500014307.2773   15.2096
    0.0000  -15.0000   22.500014955.6924   15.2309
    7.5000  -15.0000   22.500014230.7803   15.2154
   -7.5000   -7.5000   22.500014873.8457   15.1714
    0.0000   -7.5000   22.500015552.4014   15.1919
    7.5000   -7.5000   22.500014775.6572   15.1823
   -7.5000    0.0000   22.500015300.1768   15.1400
    0.0000    0.0000   22.500015939.6504   15.1597
    7.5000    0.0000   22.500015147.9863   15.1527
   -7.5000    7.5000   22.500014514.4629   15.1492
    0.0000    7.5000   22.500015057.6982   15.1682
    7.5000    7.5000   22.500014335.5068   15.1576
   -7.5000   15.0000   22.500013629.1787   15.1857
    0.0000   15.0000   22.500014176.6885   15.2050
    7.5000   15.0000   22.500013480.4482   15.1891
   -7.5000   22.5000   22.500012631.0391   15.3159
    0.0000   22.5000   22.500013194.7910   15.3372
    7.5000   22.5000   22.500012515.6729   15.3187
   -7.5000   30.0000   22.500011624.3408   15.5141
    0.0000   30.0000   22.500012153.8164   15.5389
    7.5000   30.0000   22.500011558.6338   15.5224
   -7.5000   37.5000   22.500011180.6035   15.9398
    0.0000   37.5000   22.500011641.3730   15.9687
    7.5000   37.5000   22.500011105.5439   15.9587
   -7.5000   45.0000   22.500010403.7080   16.0533
    0.0000   45.0000   22.500010828.7402   16.0831
    7.5000   45.0000   22.500010323.7012   16.0722
   -7.5000  -45.0000   30.000010435.7207   15.3173
    0.0000  -45.0000   30.000010882.9941   15.3353
    7.5000  -45.0000   30.000010414.9531   15.3258
   -7.5000  -37.5000   30.000011105.1680   15.2188
    0.0000  -37.5000   30.000011580.5986   15.2372
    7.5000  -37.5000   30.000011073.2705   15.2264
   -7.5000  -30.0000   30.000012007.6602   15.2155
    0.0000  -30.0000   30.000012507.2754   15.2328
    7.5000  -30.0000   30.000011951.2373   15.2168
   -7.5000  -22.5000   30.000012703.1689   15.2501
    0.0000  -22.5000   30.000013246.6113   15.2657
    7.5000  -22.5000   30.000012665.1201   15.2457
   -7.5000  -15.0000   30.000013279.1533   15.2531
    0.0000  -15.0000   30.000013877.9795   15.2669
    7.5000  -15.0000   30.000013239.7812   15.2476
   -7.5000   -7.5000   30.000013752.5156   15.2154
    0.0000   -7.5000   30.000014361.7217   15.2302
    7.5000   -7.5000   30.000013703.2217   15.2165
   -7.5000    0.0000   30.000014088.1885   15.1773
    0.0000    0.0000   30.000014667.0986   15.1948
    7.5000    0.0000   30.000013988.7197   15.1855
   -7.5000    7.5000   30.000013339.1279   15.1788
    0.0000    7.5000   30.000013861.1377   15.1970
    7.5000    7.5000   30.000013238.8799   15.1861
   -7.5000   15.0000   30.000012521.6387   15.2138
    0.0000   15.0000   30.000013051.1104   15.2311
    7.5000   15.0000   30.000012435.1953   15.2152
   -7.5000   22.5000   30.000011648.1123   15.3538
    0.0000   22.5000   30.000012147.7617   15.3696
    7.5000   22.5000   30.000011559.6016   15.3495
   -7.5000   30.0000   30.000010799.0752   15.5668
    0.0000   30.0000   30.000011250.0303   15.5825
    7.5000   30.0000   30.000010742.8057   15.5624
   -7.5000   37.5000   30.000010434.5400   15.9961
    0.0000   37.5000   30.000010854.3838   16.0174
    7.5000   37.5000   30.000010381.4131   16.0047
   -7.5000   45.0000   30.0000 9735.8555   16.1047
    0.0000   45.0000   30.000010148.5137   16.1318
    7.5000   45.0000   30.0000 9690.3682   16.1207
   -7.5000  -45.0000   37.500010030.5537   15.4326
    0.0000  -45.0000   37.500010431.1172   15.4454
    7.5000  -45.0000   37.500010033.2588   15.4339
   -7.5000  -37.5000   37.500010661.5166   15.3297
    0.0000  -37.5000   37.500011105.4980   15.3433
    7.5000  -37.5000   37.500010657.5420   15.3334
   -7.5000  -30.0000   37.500011500.5254   15.3265
    0.0000  -30.0000   37.500011985.9863   15.3376
    7.5000  -30.0000   37.500011483.7500   15.3248
   -7.5000  -22.5000   37.500012179.4824   15.3638
    0.0000  -22.5000   37.500012708.7676   15.3717
    7.5000  -22.5000   37.500012170.6201   15.3540
   -7.5000  -15.0000   37.500012733.2725   15.3694
    0.0000  -15.0000   37.500013284.0898   15.3754
    7.5000  -15.0000   37.500012700.9883   15.3558
   -7.5000   -7.5000   37.500013160.7432   15.3320
    0.0000   -7.5000   37.500013751.6787   15.3402
    7.5000   -7.5000   37.500013107.9639   15.3240
   -7.5000    0.0000   37.500013460.8008   15.2908
    0.0000    0.0000   37.500014021.5273   15.3033
    7.5000    0.0000   37.500013378.3926   15.2920
   -7.5000    7.5000   37.500012732.4668   15.2894
    0.0000    7.5000   37.500013256.8623   15.3027
    7.5000    7.5000   37.500012640.9326   15.2928
   -7.5000   15.0000   37.500011958.3643   15.3248
    0.0000   15.0000   37.500012480.2100   15.3359
    7.5000   15.0000   37.500011884.8838   15.3231
   -7.5000   22.5000   37.500011128.4287   15.4691
    0.0000   22.5000   37.500011627.8105   15.4769
    7.5000   22.5000   37.500011077.1475   15.4593
   -7.5000   30.0000   37.500010355.4668   15.6902
    0.0000   30.0000   37.500010811.1709   15.6967
    7.5000   30.0000   37.500010310.8916   15.6762
   -7.5000   37.5000   37.500010021.1465   16.1229
    0.0000   37.5000   37.500010447.5879   16.1362
    7.5000   37.5000   37.5000 9980.0957   16.1219
   -7.5000   45.0000   37.5000 9351.3369   16.2290
    0.0000   45.0000   37.5000 9746.4072   16.2499
    7.5000   45.0000   37.5000 9317.3135   16.2389
   -7.5000  -45.0000   45.0000 9251.8965   15.6651
    0.0000  -45.0000   45.0000 9648.1426   15.6763
    7.5000  -45.0000   45.0000 9264.0674   15.6647
   -7.5000  -37.5000   45.0000 9823.9717   15.5621
    0.0000  -37.5000   45.000010262.7510   15.5720
    7.5000  -37.5000   45.0000 9843.2822   15.5618
   -7.5000  -30.0000   45.000010591.0352   15.5609
    0.0000  -30.0000   45.000011076.9570   15.5683
    7.5000  -30.0000   45.000010593.0762   15.5557
   -7.5000  -22.5000   45.000011217.8369   15.5968
    0.0000  -22.5000   45.000011727.5215   15.6035
    7.5000  -22.5000   45.000011211.1826   15.5870
   -7.5000  -15.0000   45.000011717.6016   15.5990
    0.0000  -15.0000   45.000012229.1924   15.6064
    7.5000  -15.0000   45.000011694.9766   15.5885
   -7.5000   -7.5000   45.000012098.4619   15.5592
    0.0000   -7.5000   45.000012655.4141   15.5685
    7.5000   -7.5000   45.000012071.1602   15.5534
   -7.5000    0.0000   45.000012355.8350   15.5183
    0.0000    0.0000   45.000012894.6738   15.5292
    7.5000    0.0000   45.000012308.6465   15.5179
   -7.5000    7.5000   45.000011662.5898   15.5204
    0.0000    7.5000   45.000012169.8525   15.5301
    7.5000    7.5000   45.000011614.7373   15.5198
   -7.5000   15.0000   45.000010940.5234   15.5591
    0.0000   15.0000   45.000011431.1650   15.5665
    7.5000   15.0000   45.000010893.4951   15.5539
   -7.5000   22.5000   45.000010200.9932   15.7048
    0.0000   22.5000   45.000010671.7783   15.7112
    7.5000   22.5000   45.000010171.1992   15.6948
   -7.5000   30.0000   45.0000 9517.8984   15.9166
    0.0000   30.0000   45.0000 9950.3154   15.9246
    7.5000   30.0000   45.0000 9482.3672   15.9058
   -7.5000   37.5000   45.0000 9222.0576   16.3470
    0.0000   37.5000   45.0000 9623.7754   16.3619
    7.5000   37.5000   45.0000 9187.8047   16.3488
   -7.5000   45.0000   45.0000 8604.5576   16.4575
    0.0000   45.0000   45.0000 8968.8535   16.4767
    7.5000   45.0000   45.0000 8570.6230   16.4655

---------------------------------------------------------------------
imgreg_4dfp /opt/freesurfer/average/711-2C_as_mni_average_305 /opt/freesurfer/average/711-2B_as_mni_average_305_mask talsrcimg_g11 none talsrcimg_to_711-2C_as_mni_average_305_t4 4355
---------------------------------------------------------------------

freesurfer imgreg_4dfp.c
/opt/freesurfer/average/711-2C_as_mni_average_305.4dfp.img
       256       256       256         1
  1.000000  1.000000  1.000000
orientation T byte_order littleendian
Reading image: /opt/freesurfer/average/711-2C_as_mni_average_305.4dfp.img
dimensions:      256       256       256
mmppix:       1.0000   -1.0000   -1.0000
center:     128.0000 -129.0000 -129.0000
/opt/freesurfer/average/711-2B_as_mni_average_305_mask.4dfp.img
       256       256       256         1
  1.000000  1.000000  1.000000
orientation T byte_order littleendian
Reading mask: /opt/freesurfer/average/711-2B_as_mni_average_305_mask.4dfp.img (2306576 pixels)
talsrcimg_g11.4dfp.img
       256       256       256         1
  1.000000  1.000000  1.000000
orientation T byte_order littleendian
Reading image: talsrcimg_g11.4dfp.img
dimensions:      256       256       256
mmppix:       1.0000   -1.0000   -1.0000
center:     128.0000 -129.0000 -129.0000
rotation matrix determinant  1.000000
image alignment mode   4355 decimal     1103 hex
   -7.5000  -45.0000  -45.0000 2229.1511   18.0252
    0.0000  -45.0000  -45.0000 2241.2993   18.0113
    7.5000  -45.0000  -45.0000 2224.2742   18.2240
   -7.5000  -37.5000  -45.0000 2239.8152   17.5164
    0.0000  -37.5000  -45.0000 2248.4871   17.4935
    7.5000  -37.5000  -45.0000 2233.5583   17.7069
   -7.5000  -30.0000  -45.0000 2257.0037   17.1296
    0.0000  -30.0000  -45.0000 2268.4194   17.1584
    7.5000  -30.0000  -45.0000 2250.9897   17.3180
   -7.5000  -22.5000  -45.0000 2283.5647   16.8601
    0.0000  -22.5000  -45.0000 2292.4741   16.9236
    7.5000  -22.5000  -45.0000 2277.6099   17.0403
   -7.5000  -15.0000  -45.0000 2305.6760   16.6628
    0.0000  -15.0000  -45.0000 2315.9316   16.7372
    7.5000  -15.0000  -45.0000 2292.8381   16.8220
   -7.5000   -7.5000  -45.0000 2311.4749   16.4942
    0.0000   -7.5000  -45.0000 2327.8931   16.5498
    7.5000   -7.5000  -45.0000 2298.2036   16.6148
   -7.5000    0.0000  -45.0000 2307.7620   16.3932
    0.0000    0.0000  -45.0000 2319.6445   16.4309
    7.5000    0.0000  -45.0000 2295.9121   16.5438
   -7.5000    7.5000  -45.0000 2292.4490   16.4796
    0.0000    7.5000  -45.0000 2311.0623   16.5047
    7.5000    7.5000  -45.0000 2283.5994   16.6601
   -7.5000   15.0000  -45.0000 2280.1094   16.7023
    0.0000   15.0000  -45.0000 2293.4883   16.7386
    7.5000   15.0000  -45.0000 2267.7261   16.9087
   -7.5000   22.5000  -45.0000 2262.6262   17.2349
    0.0000   22.5000  -45.0000 2279.3000   17.2293
    7.5000   22.5000  -45.0000 2246.1992   17.4451
   -7.5000   30.0000  -45.0000 2217.3560   18.0787
    0.0000   30.0000  -45.0000 2239.3020   18.0771
    7.5000   30.0000  -45.0000 2206.3979   18.2956
   -7.5000   37.5000  -45.0000 2163.2529   19.2536
    0.0000   37.5000  -45.0000 2179.0776   19.2530
    7.5000   37.5000  -45.0000 2149.8945   19.4599
   -7.5000   45.0000  -45.0000 2076.6003   20.8101
    0.0000   45.0000  -45.0000 2095.7520   20.8007
    7.5000   45.0000  -45.0000 2062.1301   21.0140
   -7.5000  -45.0000  -37.5000 2328.0332   16.5523
    0.0000  -45.0000  -37.5000 2340.3022   16.5611
    7.5000  -45.0000  -37.5000 2327.3965   16.7345
   -7.5000  -37.5000  -37.5000 2342.1035   16.0331
    0.0000  -37.5000  -37.5000 2356.0886   16.0368
    7.5000  -37.5000  -37.5000 2337.5684   16.2135
   -7.5000  -30.0000  -37.5000 2362.9412   15.7193
    0.0000  -30.0000  -37.5000 2380.4204   15.7214
    7.5000  -30.0000  -37.5000 2357.2412   15.8852
   -7.5000  -22.5000  -37.5000 2388.7400   15.4959
    0.0000  -22.5000  -37.5000 2406.2629   15.4962
    7.5000  -22.5000  -37.5000 2387.7295   15.6335
   -7.5000  -15.0000  -37.5000 2410.8862   15.2664
    0.0000  -15.0000  -37.5000 2428.6323   15.2960
    7.5000  -15.0000  -37.5000 2405.2651   15.3983
   -7.5000   -7.5000  -37.5000 2418.0181   15.1368
    0.0000   -7.5000  -37.5000 2431.9109   15.1462
    7.5000   -7.5000  -37.5000 2404.4138   15.2312
   -7.5000    0.0000  -37.5000 2416.3088   15.0776
    0.0000    0.0000  -37.5000 2430.5337   15.0929
    7.5000    0.0000  -37.5000 2403.7068   15.1953
   -7.5000    7.5000  -37.5000 2405.4521   15.1902
    0.0000    7.5000  -37.5000 2421.0962   15.2140
    7.5000    7.5000  -37.5000 2392.4382   15.3579
   -7.5000   15.0000  -37.5000 2390.3965   15.4528
    0.0000   15.0000  -37.5000 2403.6624   15.4552
    7.5000   15.0000  -37.5000 2377.9321   15.6422
   -7.5000   22.5000  -37.5000 2365.2942   15.9026
    0.0000   22.5000  -37.5000 2381.8472   15.9137
    7.5000   22.5000  -37.5000 2351.2539   16.1296
   -7.5000   30.0000  -37.5000 2318.8247   16.6819
    0.0000   30.0000  -37.5000 2340.1851   16.6741
    7.5000   30.0000  -37.5000 2305.6436   16.8630
   -7.5000   37.5000  -37.5000 2258.5532   17.7547
    0.0000   37.5000  -37.5000 2279.0251   17.7451
    7.5000   37.5000  -37.5000 2244.3523   17.9417
   -7.5000   45.0000  -37.5000 2168.3049   19.1678
    0.0000   45.0000  -37.5000 2188.6682   19.1775
    7.5000   45.0000  -37.5000 2153.4932   19.3811
   -7.5000  -45.0000  -30.0000 2454.1704   15.8235
    0.0000  -45.0000  -30.0000 2473.4429   15.8274
    7.5000  -45.0000  -30.0000 2453.3428   15.9824
   -7.5000  -37.5000  -30.0000 2477.4336   15.2912
    0.0000  -37.5000  -30.0000 2491.3381   15.3121
    7.5000  -37.5000  -30.0000 2468.2273   15.4851
   -7.5000  -30.0000  -30.0000 2503.9753   14.9625
    0.0000  -30.0000  -30.0000 2521.8689   14.9403
    7.5000  -30.0000  -30.0000 2496.9270   15.1526
   -7.5000  -22.5000  -30.0000 2532.6016   14.7359
    0.0000  -22.5000  -30.0000 2546.4487   14.6881
    7.5000  -22.5000  -30.0000 2526.9480   14.8937
   -7.5000  -15.0000  -30.0000 2547.1990   14.5538
    0.0000  -15.0000  -30.0000 2566.8784   14.4782
    7.5000  -15.0000  -30.0000 2541.9434   14.6502
   -7.5000   -7.5000  -30.0000 2555.6523   14.3880
    0.0000   -7.5000  -30.0000 2573.7319   14.3570
    7.5000   -7.5000  -30.0000 2547.5078   14.4860
   -7.5000    0.0000  -30.0000 2561.8718   14.3112
    0.0000    0.0000  -30.0000 2579.6365   14.3287
    7.5000    0.0000  -30.0000 2551.2378   14.4296
   -7.5000    7.5000  -30.0000 2561.6990   14.4250
    0.0000    7.5000  -30.0000 2575.6819   14.4566
    7.5000    7.5000  -30.0000 2546.1389   14.5634
   -7.5000   15.0000  -30.0000 2547.0278   14.7074
    0.0000   15.0000  -30.0000 2563.9983   14.7480
    7.5000   15.0000  -30.0000 2530.2048   14.8863
   -7.5000   22.5000  -30.0000 2516.0583   15.2102
    0.0000   22.5000  -30.0000 2537.5635   15.2157
    7.5000   22.5000  -30.0000 2499.9646   15.3861
   -7.5000   30.0000  -30.0000 2466.1863   15.9739
    0.0000   30.0000  -30.0000 2490.0964   15.9917
    7.5000   30.0000  -30.0000 2450.7520   16.1315
   -7.5000   37.5000  -30.0000 2394.8999   17.0169
    0.0000   37.5000  -30.0000 2420.2759   17.0172
    7.5000   37.5000  -30.0000 2384.4031   17.1735
   -7.5000   45.0000  -30.0000 2298.9375   18.3922
    0.0000   45.0000  -30.0000 2321.6335   18.3914
    7.5000   45.0000  -30.0000 2282.8242   18.5783
   -7.5000  -45.0000  -22.5000 2554.9265   15.0717
    0.0000  -45.0000  -22.5000 2571.9590   15.0247
    7.5000  -45.0000  -22.5000 2554.4341   15.2261
   -7.5000  -37.5000  -22.5000 2576.5242   14.5630
    0.0000  -37.5000  -22.5000 2594.9036   14.5354
    7.5000  -37.5000  -22.5000 2573.4509   14.7104
   -7.5000  -30.0000  -22.5000 2602.4324   14.1930
    0.0000  -30.0000  -22.5000 2620.9272   14.1482
    7.5000  -30.0000  -22.5000 2598.2571   14.3405
   -7.5000  -22.5000  -22.5000 2634.0046   13.9127
    0.0000  -22.5000  -22.5000 2652.0706   13.8807
    7.5000  -22.5000  -22.5000 2625.2407   14.0504
   -7.5000  -15.0000  -22.5000 2648.2568   13.6887
    0.0000  -15.0000  -22.5000 2667.6838   13.6426
    7.5000  -15.0000  -22.5000 2638.4912   13.7850
   -7.5000   -7.5000  -22.5000 2660.8518   13.5112
    0.0000   -7.5000  -22.5000 2680.9487   13.5113
    7.5000   -7.5000  -22.5000 2655.8411   13.6395
   -7.5000    0.0000  -22.5000 2675.5972   13.4686
    0.0000    0.0000  -22.5000 2693.4285   13.4654
    7.5000    0.0000  -22.5000 2664.7361   13.6109
   -7.5000    7.5000  -22.5000 2682.5374   13.5884
    0.0000    7.5000  -22.5000 2706.9109   13.6020
    7.5000    7.5000  -22.5000 2668.3743   13.7343
   -7.5000   15.0000  -22.5000 2672.5847   13.8885
    0.0000   15.0000  -22.5000 2698.5679   13.9374
    7.5000   15.0000  -22.5000 2658.8281   14.0454
   -7.5000   22.5000  -22.5000 2642.1301   14.4297
    0.0000   22.5000  -22.5000 2668.4915   14.4260
    7.5000   22.5000  -22.5000 2632.9221   14.5646
   -7.5000   30.0000  -22.5000 2591.0571   15.2063
    0.0000   30.0000  -22.5000 2620.4062   15.1845
    7.5000   30.0000  -22.5000 2579.2158   15.3132
   -7.5000   37.5000  -22.5000 2511.4102   16.2097
    0.0000   37.5000  -22.5000 2538.7017   16.1790
    7.5000   37.5000  -22.5000 2497.9160   16.3111
   -7.5000   45.0000  -22.5000 2401.6787   17.5277
    0.0000   45.0000  -22.5000 2421.9839   17.4816
    7.5000   45.0000  -22.5000 2390.1106   17.6241
   -7.5000  -45.0000  -15.0000 2618.2568   14.4042
    0.0000  -45.0000  -15.0000 2630.9102   14.3597
    7.5000  -45.0000  -15.0000 2610.6975   14.5489
   -7.5000  -37.5000  -15.0000 2636.0627   13.8798
    0.0000  -37.5000  -15.0000 2655.8279   13.8319
    7.5000  -37.5000  -15.0000 2632.7566   13.9903
   -7.5000  -30.0000  -15.0000 2657.0168   13.4897
    0.0000  -30.0000  -15.0000 2677.7493   13.4285
    7.5000  -30.0000  -15.0000 2658.2297   13.5926
   -7.5000  -22.5000  -15.0000 2690.2207   13.1704
    0.0000  -22.5000  -15.0000 2707.9836   13.1262
    7.5000  -22.5000  -15.0000 2686.9468   13.2672
   -7.5000  -15.0000  -15.0000 2716.3184   12.9013
    0.0000  -15.0000  -15.0000 2735.1997   12.8727
    7.5000  -15.0000  -15.0000 2707.3777   13.0161
   -7.5000   -7.5000  -15.0000 2736.5564   12.7347
    0.0000   -7.5000  -15.0000 2758.6997   12.7058
    7.5000   -7.5000  -15.0000 2731.6868   12.8570
   -7.5000    0.0000  -15.0000 2759.9268   12.7073
    0.0000    0.0000  -15.0000 2784.0085   12.6597
    7.5000    0.0000  -15.0000 2747.7188   12.8285
   -7.5000    7.5000  -15.0000 2775.2878   12.8251
    0.0000    7.5000  -15.0000 2809.4744   12.8047
    7.5000    7.5000  -15.0000 2762.5159   12.9719
   -7.5000   15.0000  -15.0000 2773.0066   13.1724
    0.0000   15.0000  -15.0000 2804.6821   13.1416
    7.5000   15.0000  -15.0000 2753.1692   13.2970
   -7.5000   22.5000  -15.0000 2740.4041   13.7128
    0.0000   22.5000  -15.0000 2771.7043   13.6794
    7.5000   22.5000  -15.0000 2731.9365   13.8006
   -7.5000   30.0000  -15.0000 2682.5554   14.4604
    0.0000   30.0000  -15.0000 2713.1611   14.4319
    7.5000   30.0000  -15.0000 2673.7490   14.5495
   -7.5000   37.5000  -15.0000 2587.5637   15.4279
    0.0000   37.5000  -15.0000 2620.4033   15.3738
    7.5000   37.5000  -15.0000 2583.0532   15.5072
   -7.5000   45.0000  -15.0000 2469.5972   16.6978
    0.0000   45.0000  -15.0000 2490.0334   16.6354
    7.5000   45.0000  -15.0000 2460.4065   16.7697
   -7.5000  -45.0000   -7.5000 2653.2437   13.8569
    0.0000  -45.0000   -7.5000 2671.5535   13.7871
    7.5000  -45.0000   -7.5000 2651.8928   13.9719
   -7.5000  -37.5000   -7.5000 2671.0588   13.3140
    0.0000  -37.5000   -7.5000 2694.6433   13.2448
    7.5000  -37.5000   -7.5000 2672.8176   13.4094
   -7.5000  -30.0000   -7.5000 2691.5845   12.9120
    0.0000  -30.0000   -7.5000 2711.6345   12.8305
    7.5000  -30.0000   -7.5000 2695.0615   13.0179
   -7.5000  -22.5000   -7.5000 2723.8433   12.5669
    0.0000  -22.5000   -7.5000 2743.3938   12.4916
    7.5000  -22.5000   -7.5000 2724.6667   12.6718
   -7.5000  -15.0000   -7.5000 2761.3145   12.3107
    0.0000  -15.0000   -7.5000 2778.3298   12.2199
    7.5000  -15.0000   -7.5000 2756.9695   12.3922
   -7.5000   -7.5000   -7.5000 2793.3879   12.1642
    0.0000   -7.5000   -7.5000 2814.7463   12.0652
    7.5000   -7.5000   -7.5000 2794.4453   12.2096
   -7.5000    0.0000   -7.5000 2827.9741   12.1271
    0.0000    0.0000   -7.5000 2856.5840   12.0366
    7.5000    0.0000   -7.5000 2823.6589   12.2038
   -7.5000    7.5000   -7.5000 2850.0090   12.2629
    0.0000    7.5000   -7.5000 2893.9932   12.1754
    7.5000    7.5000   -7.5000 2843.6055   12.3854
   -7.5000   15.0000   -7.5000 2850.1018   12.5686
    0.0000   15.0000   -7.5000 2897.5269   12.4798
    7.5000   15.0000   -7.5000 2837.3367   12.7215
   -7.5000   22.5000   -7.5000 2819.7114   13.0911
    0.0000   22.5000   -7.5000 2853.8804   13.0261
    7.5000   22.5000   -7.5000 2810.2712   13.2285
   -7.5000   30.0000   -7.5000 2742.7212   13.7793
    0.0000   30.0000   -7.5000 2773.1003   13.6905
    7.5000   30.0000   -7.5000 2740.7681   13.8791
   -7.5000   37.5000   -7.5000 2642.6677   14.7171
    0.0000   37.5000   -7.5000 2672.4507   14.6219
    7.5000   37.5000   -7.5000 2636.8479   14.8211
   -7.5000   45.0000   -7.5000 2519.3657   15.9672
    0.0000   45.0000   -7.5000 2538.3647   15.8718
    7.5000   45.0000   -7.5000 2506.4021   16.0735
   -7.5000  -45.0000    0.0000 2667.7034   13.5507
    0.0000  -45.0000    0.0000 2692.9587   13.4138
    7.5000  -45.0000    0.0000 2671.3967   13.6629
   -7.5000  -37.5000    0.0000 2679.4351   12.9599
    0.0000  -37.5000    0.0000 2708.8569   12.8214
    7.5000  -37.5000    0.0000 2691.8435   13.0637
   -7.5000  -30.0000    0.0000 2704.7188   12.5318
    0.0000  -30.0000    0.0000 2727.0767   12.4028
    7.5000  -30.0000    0.0000 2716.1885   12.6487
   -7.5000  -22.5000    0.0000 2737.5208   12.1882
    0.0000  -22.5000    0.0000 2758.3164   12.0595
    7.5000  -22.5000    0.0000 2743.2048   12.2752
   -7.5000  -15.0000    0.0000 2777.9995   11.9129
    0.0000  -15.0000    0.0000 2799.9048   11.7987
    7.5000  -15.0000    0.0000 2779.7109   11.9876
   -7.5000   -7.5000    0.0000 2822.8611   11.7614
    0.0000   -7.5000    0.0000 2848.1748   11.6298
    7.5000   -7.5000    0.0000 2827.7507   11.8074
   -7.5000    0.0000    0.0000 2874.0198   11.8053
    0.0000    0.0000    0.0000 2908.4607   11.6625
    7.5000    0.0000    0.0000 2871.3557   11.8191
   -7.5000    7.5000    0.0000 2913.0681   11.9768
    0.0000    7.5000    0.0000 2968.9082   11.8611
    7.5000    7.5000    0.0000 2907.3396   12.0400
   -7.5000   15.0000    0.0000 2922.5439   12.2100
    0.0000   15.0000    0.0000 2983.6350   12.1147
    7.5000   15.0000    0.0000 2912.0920   12.3846
   -7.5000   22.5000    0.0000 2877.7346   12.7090
    0.0000   22.5000    0.0000 2916.8699   12.6138
    7.5000   22.5000    0.0000 2868.2612   12.8670
   -7.5000   30.0000    0.0000 2784.9358   13.3443
    0.0000   30.0000    0.0000 2817.3242   13.2079
    7.5000   30.0000    0.0000 2782.0444   13.4180
   -7.5000   37.5000    0.0000 2678.2166   14.2341
    0.0000   37.5000    0.0000 2706.9363   14.1180
    7.5000   37.5000    0.0000 2675.4939   14.2989
   -7.5000   45.0000    0.0000 2543.2173   15.4885
    0.0000   45.0000    0.0000 2565.6155   15.3951
    7.5000   45.0000    0.0000 2539.3574   15.5330
   -7.5000  -45.0000    7.5000 2671.8452   13.4261
    0.0000  -45.0000    7.5000 2697.2969   13.2734
    7.5000  -45.0000    7.5000 2683.3611   13.5512
   -7.5000  -37.5000    7.5000 2683.4766   12.8334
    0.0000  -37.5000    7.5000 2706.3115   12.6629
    7.5000  -37.5000    7.5000 2694.5942   12.9763
   -7.5000  -30.0000    7.5000 2701.5173   12.3889
    0.0000  -30.0000    7.5000 2721.6604   12.2196
    7.5000  -30.0000    7.5000 2714.7129   12.5340
   -7.5000  -22.5000    7.5000 2735.5461   12.0413
    0.0000  -22.5000    7.5000 2754.3391   11.8694
    7.5000  -22.5000    7.5000 2743.7991   12.1434
   -7.5000  -15.0000    7.5000 2779.6470   11.7717
    0.0000  -15.0000    7.5000 2804.6313   11.6016
    7.5000  -15.0000    7.5000 2786.7522   11.8432
   -7.5000   -7.5000    7.5000 2835.8074   11.6368
    0.0000   -7.5000    7.5000 2863.3889   11.4679
    7.5000   -7.5000    7.5000 2841.5771   11.6533
   -7.5000    0.0000    7.5000 2897.4851   11.6960
    0.0000    0.0000    7.5000 2939.8872   11.5581
    7.5000    0.0000    7.5000 2897.5244   11.6724
   -7.5000    7.5000    7.5000 2948.5364   11.9399
    0.0000    7.5000    7.5000 3015.2839   11.8124
    7.5000    7.5000    7.5000 2941.0393   11.9047
   -7.5000   15.0000    7.5000 2962.4626   12.2374
    0.0000   15.0000    7.5000 3042.5818   12.0668
    7.5000   15.0000    7.5000 2955.9629   12.2413
   -7.5000   22.5000    7.5000 2906.2412   12.6485
    0.0000   22.5000    7.5000 2959.2363   12.5082
    7.5000   22.5000    7.5000 2897.6934   12.6831
   -7.5000   30.0000    7.5000 2801.6328   13.1628
    0.0000   30.0000    7.5000 2838.4785   13.0179
    7.5000   30.0000    7.5000 2803.3481   13.1940
   -7.5000   37.5000    7.5000 2686.1729   13.9989
    0.0000   37.5000    7.5000 2715.2358   13.8776
    7.5000   37.5000    7.5000 2689.3826   14.0204
   -7.5000   45.0000    7.5000 2550.0349   15.2178
    0.0000   45.0000    7.5000 2570.1533   15.1326
    7.5000   45.0000    7.5000 2549.5637   15.2443
   -7.5000  -45.0000   15.0000 2643.9814   13.5716
    0.0000  -45.0000   15.0000 2676.2734   13.3761
    7.5000  -45.0000   15.0000 2660.2397   13.6665
   -7.5000  -37.5000   15.0000 2661.6890   12.9863
    0.0000  -37.5000   15.0000 2686.6125   12.7754
    7.5000  -37.5000   15.0000 2675.9146   13.0610
   -7.5000  -30.0000   15.0000 2680.8135   12.5419
    0.0000  -30.0000   15.0000 2707.2061   12.3266
    7.5000  -30.0000   15.0000 2696.2292   12.5752
   -7.5000  -22.5000   15.0000 2716.4270   12.1736
    0.0000  -22.5000   15.0000 2738.6047   12.0011
    7.5000  -22.5000   15.0000 2726.9258   12.1921
   -7.5000  -15.0000   15.0000 2767.5381   11.8854
    0.0000  -15.0000   15.0000 2789.5498   11.7296
    7.5000  -15.0000   15.0000 2775.0110   11.9055
   -7.5000   -7.5000   15.0000 2824.9924   11.7794
    0.0000   -7.5000   15.0000 2852.5283   11.6127
    7.5000   -7.5000   15.0000 2827.0171   11.7464
   -7.5000    0.0000   15.0000 2890.7805   11.8009
    0.0000    0.0000   15.0000 2927.0269   11.6566
    7.5000    0.0000   15.0000 2884.3315   11.7518
   -7.5000    7.5000   15.0000 2936.5886   11.9768
    0.0000    7.5000   15.0000 2989.1267   11.7831
    7.5000    7.5000   15.0000 2925.1223   11.9072
   -7.5000   15.0000   15.0000 2942.7996   12.3088
    0.0000   15.0000   15.0000 3003.0303   12.0744
    7.5000   15.0000   15.0000 2936.4075   12.2235
   -7.5000   22.5000   15.0000 2887.3550   12.7375
    0.0000   22.5000   15.0000 2937.2183   12.5841
    7.5000   22.5000   15.0000 2882.9353   12.6922
   -7.5000   30.0000   15.0000 2782.2034   13.2932
    0.0000   30.0000   15.0000 2816.8992   13.1745
    7.5000   30.0000   15.0000 2782.2014   13.2966
   -7.5000   37.5000   15.0000 2664.5215   14.0969
    0.0000   37.5000   15.0000 2689.2866   13.9808
    7.5000   37.5000   15.0000 2664.5776   14.1057
   -7.5000   45.0000   15.0000 2529.3474   15.2817
    0.0000   45.0000   15.0000 2547.5264   15.1815
    7.5000   45.0000   15.0000 2527.1919   15.3098
   -7.5000  -45.0000   22.5000 2592.2310   13.9792
    0.0000  -45.0000   22.5000 2621.9717   13.7282
    7.5000  -45.0000   22.5000 2606.7507   13.9805
   -7.5000  -37.5000   22.5000 2619.6968   13.3663
    0.0000  -37.5000   22.5000 2648.2402   13.1256
    7.5000  -37.5000   22.5000 2633.7856   13.3368
   -7.5000  -30.0000   22.5000 2648.9832   12.8870
    0.0000  -30.0000   22.5000 2677.1033   12.6749
    7.5000  -30.0000   22.5000 2661.0217   12.8358
   -7.5000  -22.5000   22.5000 2680.8823   12.4704
    0.0000  -22.5000   22.5000 2713.2383   12.2863
    7.5000  -22.5000   22.5000 2696.3391   12.4581
   -7.5000  -15.0000   22.5000 2735.7510   12.1803
    0.0000  -15.0000   22.5000 2764.6025   11.9923
    7.5000  -15.0000   22.5000 2748.4685   12.1773
   -7.5000   -7.5000   22.5000 2796.1033   12.0337
    0.0000   -7.5000   22.5000 2827.7026   11.8719
    7.5000   -7.5000   22.5000 2804.4202   12.0291
   -7.5000    0.0000   22.5000 2853.1912   12.0515
    0.0000    0.0000   22.5000 2886.4617   11.8600
    7.5000    0.0000   22.5000 2853.5349   12.0352
   -7.5000    7.5000   22.5000 2890.2649   12.1560
    0.0000    7.5000   22.5000 2926.3704   11.8928
    7.5000    7.5000   22.5000 2884.8870   12.1107
   -7.5000   15.0000   22.5000 2886.8118   12.4586
    0.0000   15.0000   22.5000 2925.5798   12.2288
    7.5000   15.0000   22.5000 2880.8894   12.4358
   -7.5000   22.5000   22.5000 2831.8599   12.9639
    0.0000   22.5000   22.5000 2875.8630   12.7955
    7.5000   22.5000   22.5000 2829.4995   12.9605
   -7.5000   30.0000   22.5000 2730.1392   13.6337
    0.0000   30.0000   22.5000 2766.2957   13.4905
    7.5000   30.0000   22.5000 2734.6785   13.6496
   -7.5000   37.5000   22.5000 2615.2830   14.5009
    0.0000   37.5000   22.5000 2638.6687   14.3702
    7.5000   37.5000   22.5000 2620.9343   14.5146
   -7.5000   45.0000   22.5000 2488.8220   15.6768
    0.0000   45.0000   22.5000 2509.1824   15.5608
    7.5000   45.0000   22.5000 2491.1738   15.7022
   -7.5000  -45.0000   30.0000 2536.2439   14.4708
    0.0000  -45.0000   30.0000 2564.1836   14.1682
    7.5000  -45.0000   30.0000 2551.4399   14.4093
   -7.5000  -37.5000   30.0000 2572.7922   13.8426
    0.0000  -37.5000   30.0000 2601.6570   13.5691
    7.5000  -37.5000   30.0000 2586.8955   13.7715
   -7.5000  -30.0000   30.0000 2608.2842   13.3403
    0.0000  -30.0000   30.0000 2638.7485   13.0846
    7.5000  -30.0000   30.0000 2620.6521   13.2759
   -7.5000  -22.5000   30.0000 2647.9641   12.9175
    0.0000  -22.5000   30.0000 2679.7954   12.6975
    7.5000  -22.5000   30.0000 2662.5305   12.9010
   -7.5000  -15.0000   30.0000 2696.5466   12.6203
    0.0000  -15.0000   30.0000 2732.5579   12.4235
    7.5000  -15.0000   30.0000 2708.8416   12.6073
   -7.5000   -7.5000   30.0000 2747.9924   12.4572
    0.0000   -7.5000   30.0000 2785.0955   12.2821
    7.5000   -7.5000   30.0000 2760.2649   12.4637
   -7.5000    0.0000   30.0000 2791.3782   12.4611
    0.0000    0.0000   30.0000 2828.6677   12.2262
    7.5000    0.0000   30.0000 2797.3264   12.4431
   -7.5000    7.5000   30.0000 2816.9070   12.5507
    0.0000    7.5000   30.0000 2852.3340   12.3219
    7.5000    7.5000   30.0000 2821.1853   12.5414
   -7.5000   15.0000   30.0000 2798.9841   12.8723
    0.0000   15.0000   30.0000 2837.6643   12.6766
    7.5000   15.0000   30.0000 2799.8660   12.8855
   -7.5000   22.5000   30.0000 2749.6003   13.3809
    0.0000   22.5000   30.0000 2790.3047   13.2264
    7.5000   22.5000   30.0000 2748.9041   13.4007
   -7.5000   30.0000   30.0000 2657.2058   14.1194
    0.0000   30.0000   30.0000 2689.3311   13.9497
    7.5000   30.0000   30.0000 2662.7432   14.1274
   -7.5000   37.5000   30.0000 2552.8787   15.0595
    0.0000   37.5000   30.0000 2577.5288   14.9095
    7.5000   37.5000   30.0000 2559.3313   15.0765
   -7.5000   45.0000   30.0000 2432.9021   16.2594
    0.0000   45.0000   30.0000 2460.8059   16.1489
    7.5000   45.0000   30.0000 2441.5833   16.2918
   -7.5000  -45.0000   37.5000 2484.1296   15.0658
    0.0000  -45.0000   37.5000 2505.9509   14.7758
    7.5000  -45.0000   37.5000 2497.0586   15.0026
   -7.5000  -37.5000   37.5000 2522.4133   14.4078
    0.0000  -37.5000   37.5000 2551.0315   14.1497
    7.5000  -37.5000   37.5000 2535.9773   14.3269
   -7.5000  -30.0000   37.5000 2563.7542   13.9029
    0.0000  -30.0000   37.5000 2597.5046   13.6373
    7.5000  -30.0000   37.5000 2577.2212   13.8293
   -7.5000  -22.5000   37.5000 2608.5798   13.5047
    0.0000  -22.5000   37.5000 2640.1548   13.2511
    7.5000  -22.5000   37.5000 2622.1267   13.4530
   -7.5000  -15.0000   37.5000 2654.8318   13.2224
    0.0000  -15.0000   37.5000 2686.4861   12.9989
    7.5000  -15.0000   37.5000 2665.9497   13.1933
   -7.5000   -7.5000   37.5000 2697.1973   13.0711
    0.0000   -7.5000   37.5000 2738.0281   12.8393
    7.5000   -7.5000   37.5000 2706.1917   13.0129
   -7.5000    0.0000   37.5000 2726.3708   13.0753
    0.0000    0.0000   37.5000 2767.1267   12.8244
    7.5000    0.0000   37.5000 2733.9370   13.0232
   -7.5000    7.5000   37.5000 2741.2290   13.1777
    0.0000    7.5000   37.5000 2773.7542   12.9676
    7.5000    7.5000   37.5000 2742.9072   13.1656
   -7.5000   15.0000   37.5000 2717.0784   13.5155
    0.0000   15.0000   37.5000 2755.4080   13.3280
    7.5000   15.0000   37.5000 2721.6089   13.5091
   -7.5000   22.5000   37.5000 2657.7415   14.0363
    0.0000   22.5000   37.5000 2698.4143   13.8918
    7.5000   22.5000   37.5000 2668.7297   14.0450
   -7.5000   30.0000   37.5000 2576.2400   14.7886
    0.0000   30.0000   37.5000 2609.4263   14.6162
    7.5000   30.0000   37.5000 2586.2610   14.7626
   -7.5000   37.5000   37.5000 2479.7571   15.7646
    0.0000   37.5000   37.5000 2506.1487   15.5931
    7.5000   37.5000   37.5000 2488.6934   15.7303
   -7.5000   45.0000   37.5000 2365.9788   16.9662
    0.0000   45.0000   37.5000 2393.5037   16.8583
    7.5000   45.0000   37.5000 2378.8279   16.9755
   -7.5000  -45.0000   45.0000 2426.8784   15.8544
    0.0000  -45.0000   45.0000 2452.2349   15.5634
    7.5000  -45.0000   45.0000 2433.5486   15.7811
   -7.5000  -37.5000   45.0000 2466.4819   15.1340
    0.0000  -37.5000   45.0000 2498.8845   14.8668
    7.5000  -37.5000   45.0000 2476.9421   15.0625
   -7.5000  -30.0000   45.0000 2509.7632   14.6459
    0.0000  -30.0000   45.0000 2546.2837   14.3870
    7.5000  -30.0000   45.0000 2522.5032   14.5466
   -7.5000  -22.5000   45.0000 2557.2026   14.2683
    0.0000  -22.5000   45.0000 2588.8086   14.0351
    7.5000  -22.5000   45.0000 2568.9211   14.1724
   -7.5000  -15.0000   45.0000 2598.3628   13.9650
    0.0000  -15.0000   45.0000 2626.8203   13.7534
    7.5000  -15.0000   45.0000 2605.3755   13.9253
   -7.5000   -7.5000   45.0000 2630.0906   13.8184
    0.0000   -7.5000   45.0000 2667.3987   13.5941
    7.5000   -7.5000   45.0000 2640.5701   13.7594
   -7.5000    0.0000   45.0000 2653.4202   13.8398
    0.0000    0.0000   45.0000 2687.2280   13.6431
    7.5000    0.0000   45.0000 2659.3179   13.7957
   -7.5000    7.5000   45.0000 2651.8293   14.0258
    0.0000    7.5000   45.0000 2681.1509   13.8350
    7.5000    7.5000   45.0000 2655.5989   14.0056
   -7.5000   15.0000   45.0000 2618.6311   14.3818
    0.0000   15.0000   45.0000 2653.0708   14.2130
    7.5000   15.0000   45.0000 2625.8015   14.3745
   -7.5000   22.5000   45.0000 2568.1350   14.9256
    0.0000   22.5000   45.0000 2605.5483   14.7659
    7.5000   22.5000   45.0000 2579.9624   14.9073
   -7.5000   30.0000   45.0000 2496.8669   15.6615
    0.0000   30.0000   45.0000 2526.1206   15.4928
    7.5000   30.0000   45.0000 2503.4260   15.6048
   -7.5000   37.5000   45.0000 2407.7737   16.6450
    0.0000   37.5000   45.0000 2432.9275   16.4792
    7.5000   37.5000   45.0000 2413.3569   16.5666
   -7.5000   45.0000   45.0000 2298.9934   17.8850
    0.0000   45.0000   45.0000 2318.9907   17.7521
    7.5000   45.0000   45.0000 2304.2258   17.8145

---------------------------------------------------------------------
imgreg_4dfp /opt/freesurfer/average/711-2C_as_mni_average_305 /opt/freesurfer/average/711-2B_as_mni_average_305_mask talsrcimg_g11 none talsrcimg_to_711-2C_as_mni_average_305_t4 1283
---------------------------------------------------------------------

freesurfer imgreg_4dfp.c
/opt/freesurfer/average/711-2C_as_mni_average_305.4dfp.img
       256       256       256         1
  1.000000  1.000000  1.000000
orientation T byte_order littleendian
Reading image: /opt/freesurfer/average/711-2C_as_mni_average_305.4dfp.img
dimensions:      256       256       256
mmppix:       1.0000   -1.0000   -1.0000
center:     128.0000 -129.0000 -129.0000
/opt/freesurfer/average/711-2B_as_mni_average_305_mask.4dfp.img
       256       256       256         1
  1.000000  1.000000  1.000000
orientation T byte_order littleendian
Reading mask: /opt/freesurfer/average/711-2B_as_mni_average_305_mask.4dfp.img (2306576 pixels)
talsrcimg_g11.4dfp.img
       256       256       256         1
  1.000000  1.000000  1.000000
orientation T byte_order littleendian
Reading image: talsrcimg_g11.4dfp.img
dimensions:      256       256       256
mmppix:       1.0000   -1.0000   -1.0000
center:     128.0000 -129.0000 -129.0000
rotation matrix determinant  1.000000
fimgreg.f
image alignment mode   1283 decimal      503 hex
parameters
    0.0000   15.0000    7.5000    0.0000    0.0000    0.0000
eta,q 0.95389 12.08730
niter,ni,del,rscale     5    3   12.0000    1.2000
parameter  4  0.548431 ->  0.500000 qaram    1.1500
parameters
   -0.0968   13.1519    8.0298   -3.4500   -1.1305   -0.5323
eta,q 0.95679 11.93450
  0.0664  0.0516  0.0574  0.0460  0.0512  0.0493
  0.0561  0.0478  0.0522  0.0440  0.0464  0.0460
  0.0495  0.0463  0.0484  0.0441  0.0436  0.0437
  0.0480  0.0478  0.0462  0.0462  0.0438  0.0433
  0.0504  0.0509  0.0462  0.0492  0.0467  0.0446
  0.0576  0.0561  0.0492  0.0530  0.0522  0.0474
  0.0671  0.0652  0.0547  0.0573  0.0600  0.0521
niter,ni,del,rscale     5    3   12.0000    1.2000
parameters
    0.0049   14.1298    7.5509   -3.5070   -1.3388   -0.3527
eta,q 0.95731 11.96233
  0.0661  0.0592  0.0535  0.0524  0.0532  0.0506
  0.0542  0.0532  0.0467  0.0474  0.0479  0.0464
  0.0460  0.0470  0.0430  0.0441  0.0441  0.0436
  0.0432  0.0432  0.0430  0.0427  0.0427  0.0427
  0.0451  0.0438  0.0458  0.0444  0.0443  0.0433
  0.0531  0.0468  0.0502  0.0480  0.0487  0.0457
  0.0648  0.0523  0.0561  0.0524  0.0552  0.0498
niter,ni,del,rscale     4    3   12.0000    1.2000
parameters
    0.0177   14.1447    7.5226   -3.5329   -1.3557   -0.3529
eta,q 0.95731 11.96263
  0.0647  0.0560  0.0555  0.0525  0.0538  0.0502
  0.0531  0.0497  0.0481  0.0475  0.0485  0.0461
  0.0453  0.0443  0.0436  0.0441  0.0444  0.0435
  0.0427  0.0427  0.0427  0.0427  0.0427  0.0427
  0.0447  0.0449  0.0450  0.0444  0.0440  0.0435
  0.0530  0.0489  0.0491  0.0480  0.0481  0.0460
  0.0647  0.0561  0.0547  0.0523  0.0544  0.0502
registration optimization eta report
parameter search radius
    6.0000    6.0000    6.0000    6.9000    6.0000    6.0000
100000*second partial in parameter space
       61.       36.       34.       20.       31.       21.
  0.0647  0.0560  0.0555  0.0525  0.0538  0.0502
  0.0531  0.0497  0.0481  0.0475  0.0485  0.0461
  0.0453  0.0443  0.0436  0.0441  0.0444  0.0435
  0.0427  0.0427  0.0427  0.0427  0.0427  0.0427
  0.0447  0.0449  0.0450  0.0444  0.0440  0.0435
  0.0530  0.0489  0.0491  0.0480  0.0481  0.0460
  0.0647  0.0561  0.0547  0.0523  0.0544  0.0502
    0.0177   14.1447    7.5226   -3.5329   -1.3557   -0.3529
eta,q 0.95731 11.96263

---------------------------------------------------------------------
imgreg_4dfp /opt/freesurfer/average/711-2C_as_mni_average_305 /opt/freesurfer/average/711-2B_as_mni_average_305_mask talsrcimg_g11 none talsrcimg_to_711-2C_as_mni_average_305_t4 3335
---------------------------------------------------------------------

freesurfer imgreg_4dfp.c
/opt/freesurfer/average/711-2C_as_mni_average_305.4dfp.img
       256       256       256         1
  1.000000  1.000000  1.000000
orientation T byte_order littleendian
Reading image: /opt/freesurfer/average/711-2C_as_mni_average_305.4dfp.img
dimensions:      256       256       256
mmppix:       1.0000   -1.0000   -1.0000
center:     128.0000 -129.0000 -129.0000
/opt/freesurfer/average/711-2B_as_mni_average_305_mask.4dfp.img
       256       256       256         1
  1.000000  1.000000  1.000000
orientation T byte_order littleendian
Reading mask: /opt/freesurfer/average/711-2B_as_mni_average_305_mask.4dfp.img (2306576 pixels)
talsrcimg_g11.4dfp.img
       256       256       256         1
  1.000000  1.000000  1.000000
orientation T byte_order littleendian
Reading image: talsrcimg_g11.4dfp.img
dimensions:      256       256       256
mmppix:       1.0000   -1.0000   -1.0000
center:     128.0000 -129.0000 -129.0000
fimgreg.f
image alignment mode   3335 decimal      D07 hex
parameters
    0.0177   14.1447    7.5226   -0.0299   -0.1910   -0.2180
    0.4690    2.3994   -0.6157    6.1476   -2.3660   -6.1605
eta,q 0.95772 12.01466
niter,ni,del,rscale     5    3    5.0000    1.2000
parameter  4  1.580155 ->  0.500000 qaram    1.1500
parameter  5  1.997093 ->  0.500000 qaram    1.1500
parameter  6  0.562889 ->  0.500000 qaram    1.1500
parameter 10  0.654930 ->  0.500000 qaram    1.1500
parameters
    0.1105   14.4642    7.7696   -4.1699   -4.3310   -4.3580
    0.8038    2.9895    0.6560    2.0076   -0.1365   -8.7771
eta,q 0.96831 11.60167
  0.0462  0.0449  0.0447  0.0368  0.0329  0.0340  0.0375  0.0397  0.0364  0.0328  0.0340  0.0324
  0.0441  0.0436  0.0435  0.0379  0.0341  0.0337  0.0356  0.0367  0.0351  0.0321  0.0331  0.0319
  0.0428  0.0427  0.0426  0.0396  0.0360  0.0338  0.0342  0.0346  0.0341  0.0324  0.0325  0.0317
  0.0423  0.0423  0.0422  0.0422  0.0383  0.0346  0.0337  0.0337  0.0336  0.0335  0.0321  0.0319
  0.0426  0.0423  0.0423  0.0454  0.0409  0.0366  0.0340  0.0340  0.0336  0.0355  0.0319  0.0326
  0.0437  0.0428  0.0429  0.0488  0.0439  0.0397  0.0351  0.0355  0.0341  0.0379  0.0321  0.0335
  0.0457  0.0438  0.0439  0.0527  0.0473  0.0437  0.0369  0.0381  0.0350  0.0406  0.0325  0.0347
niter,ni,del,rscale     7    3    5.0000    1.2000
parameter  4  0.609039 ->  0.500000 qaram    1.3225
parameter  5  0.813875 ->  0.500000 qaram    1.3225
parameters
    0.0811   14.8208    7.6782   -8.9309   -9.0920   -5.4181
    0.5985    2.5267   -0.1716    1.9341   -0.2321   -9.4607
eta,q 0.97200 11.11705
  0.0359  0.0355  0.0335  0.0308  0.0281  0.0309  0.0314  0.0327  0.0300  0.0327  0.0294  0.0294
  0.0335  0.0336  0.0324  0.0302  0.0281  0.0290  0.0296  0.0300  0.0288  0.0300  0.0287  0.0286
  0.0321  0.0323  0.0318  0.0305  0.0288  0.0281  0.0284  0.0284  0.0281  0.0285  0.0282  0.0281
  0.0317  0.0317  0.0316  0.0316  0.0302  0.0282  0.0280  0.0280  0.0280  0.0280  0.0280  0.0280
  0.0322  0.0317  0.0319  0.0337  0.0324  0.0290  0.0286  0.0289  0.0285  0.0286  0.0282  0.0283
  0.0337  0.0324  0.0326  0.0369  0.0352  0.0302  0.0299  0.0310  0.0296  0.0303  0.0287  0.0290
  0.0361  0.0338  0.0338  0.0406  0.0388  0.0327  0.0318  0.0339  0.0312  0.0328  0.0295  0.0301
niter,ni,del,rscale     7    3    5.0000    1.2000
parameters
    0.1385   15.1651    8.0902   -9.9580  -11.7842   -5.1885
    0.4835    2.4611   -0.3183    2.2136   -0.0640   -9.6152
eta,q 0.97241 10.93088
  0.0326  0.0321  0.0308  0.0313  0.0297  0.0317  0.0310  0.0327  0.0301  0.0326  0.0292  0.0292
  0.0302  0.0301  0.0294  0.0293  0.0281  0.0295  0.0292  0.0300  0.0287  0.0299  0.0284  0.0284
  0.0286  0.0287  0.0284  0.0282  0.0276  0.0280  0.0280  0.0282  0.0279  0.0282  0.0278  0.0278
  0.0280  0.0280  0.0279  0.0279  0.0279  0.0276  0.0276  0.0276  0.0276  0.0276  0.0276  0.0276
  0.0284  0.0280  0.0279  0.0286  0.0291  0.0282  0.0281  0.0282  0.0279  0.0281  0.0277  0.0278
  0.0299  0.0288  0.0284  0.0304  0.0312  0.0293  0.0293  0.0302  0.0288  0.0296  0.0283  0.0284
  0.0322  0.0303  0.0293  0.0335  0.0342  0.0311  0.0312  0.0329  0.0303  0.0318  0.0290  0.0294
niter,ni,del,rscale     6    3    5.0000    1.2000
parameters
    0.1242   15.3281    8.3396  -10.0348  -11.9825   -4.9779
    0.4962    2.4348   -0.3789    2.3809   -0.0293   -9.6565
eta,q 0.97242 10.93028
  0.0319  0.0312  0.0302  0.0317  0.0315  0.0317  0.0311  0.0328  0.0302  0.0324  0.0291  0.0293
  0.0296  0.0293  0.0288  0.0295  0.0292  0.0295  0.0293  0.0300  0.0287  0.0298  0.0283  0.0284
  0.0281  0.0281  0.0280  0.0282  0.0279  0.0280  0.0280  0.0282  0.0278  0.0281  0.0278  0.0278
  0.0276  0.0276  0.0276  0.0276  0.0276  0.0276  0.0276  0.0276  0.0276  0.0276  0.0276  0.0276
  0.0281  0.0278  0.0277  0.0279  0.0281  0.0281  0.0280  0.0282  0.0279  0.0282  0.0277  0.0278
  0.0296  0.0288  0.0283  0.0294  0.0295  0.0293  0.0292  0.0301  0.0288  0.0297  0.0283  0.0284
  0.0320  0.0304  0.0293  0.0320  0.0318  0.0311  0.0311  0.0328  0.0302  0.0319  0.0291  0.0294
niter,ni,del,rscale     5    3    5.0000    1.2000
parameters
    0.1226   15.3411    8.3996  -10.0479  -12.0332   -4.9160
    0.4970    2.4401   -0.3908    2.3998   -0.0099   -9.6465
eta,q 0.97241 10.93019
  0.0319  0.0308  0.0298  0.0317  0.0317  0.0315  0.0311  0.0328  0.0302  0.0322  0.0291  0.0293
  0.0296  0.0291  0.0286  0.0295  0.0293  0.0294  0.0293  0.0301  0.0288  0.0296  0.0283  0.0284
  0.0281  0.0280  0.0278  0.0282  0.0279  0.0279  0.0280  0.0282  0.0279  0.0281  0.0278  0.0278
  0.0276  0.0276  0.0276  0.0276  0.0276  0.0276  0.0276  0.0276  0.0276  0.0276  0.0276  0.0276
  0.0281  0.0279  0.0278  0.0279  0.0281  0.0282  0.0280  0.0282  0.0279  0.0282  0.0278  0.0278
  0.0296  0.0290  0.0285  0.0294  0.0294  0.0294  0.0293  0.0301  0.0288  0.0298  0.0283  0.0284
  0.0319  0.0308  0.0296  0.0320  0.0317  0.0313  0.0311  0.0328  0.0302  0.0320  0.0291  0.0293
niter,ni,del,rscale     4    3    5.0000    1.2000
parameters
    0.1233   15.3395    8.4157  -10.0466  -12.0434   -4.9033
    0.4993    2.4419   -0.4022    2.3987   -0.0063   -9.6335
eta,q 0.97241 10.93027
  0.0319  0.0308  0.0297  0.0317  0.0317  0.0315  0.0311  0.0328  0.0302  0.0322  0.0291  0.0293
  0.0296  0.0290  0.0286  0.0296  0.0293  0.0293  0.0293  0.0301  0.0288  0.0296  0.0283  0.0284
  0.0281  0.0279  0.0278  0.0282  0.0280  0.0279  0.0280  0.0282  0.0279  0.0281  0.0278  0.0278
  0.0276  0.0276  0.0276  0.0276  0.0276  0.0276  0.0276  0.0276  0.0276  0.0276  0.0276  0.0276
  0.0281  0.0280  0.0278  0.0279  0.0280  0.0282  0.0280  0.0282  0.0279  0.0282  0.0278  0.0278
  0.0296  0.0291  0.0286  0.0294  0.0294  0.0294  0.0293  0.0301  0.0288  0.0298  0.0283  0.0284
  0.0319  0.0308  0.0296  0.0319  0.0317  0.0313  0.0311  0.0328  0.0302  0.0321  0.0291  0.0293
registration optimization eta report
parameter search radius
    2.4000    2.4000    2.4000    9.5220    9.5220    8.2800
    7.2000    7.2000    7.2000    8.2800    7.2000    7.2000
100000*second partial in parameter space
       75.       56.       37.        5.        5.        5.
        7.       10.        5.        7.        3.        3.
  0.0319  0.0308  0.0297  0.0317  0.0317  0.0315  0.0311  0.0328  0.0302  0.0322  0.0291  0.0293
  0.0296  0.0290  0.0286  0.0296  0.0293  0.0293  0.0293  0.0301  0.0288  0.0296  0.0283  0.0284
  0.0281  0.0279  0.0278  0.0282  0.0280  0.0279  0.0280  0.0282  0.0279  0.0281  0.0278  0.0278
  0.0276  0.0276  0.0276  0.0276  0.0276  0.0276  0.0276  0.0276  0.0276  0.0276  0.0276  0.0276
  0.0281  0.0280  0.0278  0.0279  0.0280  0.0282  0.0280  0.0282  0.0279  0.0282  0.0278  0.0278
  0.0296  0.0291  0.0286  0.0294  0.0294  0.0294  0.0293  0.0301  0.0288  0.0298  0.0283  0.0284
  0.0319  0.0308  0.0296  0.0319  0.0317  0.0313  0.0311  0.0328  0.0302  0.0321  0.0291  0.0293
    0.1233   15.3395    8.4157  -10.0466  -12.0434   -4.9033
    0.4993    2.4419   -0.4022    2.3987   -0.0063   -9.6335
eta,q 0.97241 10.93027

---------------------------------------------------------------------
imgreg_4dfp /opt/freesurfer/average/711-2C_as_mni_average_305 /opt/freesurfer/average/711-2B_as_mni_average_305_mask talsrcimg_g11 none talsrcimg_to_711-2C_as_mni_average_305_t4 2311
---------------------------------------------------------------------

freesurfer imgreg_4dfp.c
/opt/freesurfer/average/711-2C_as_mni_average_305.4dfp.img
       256       256       256         1
  1.000000  1.000000  1.000000
orientation T byte_order littleendian
Reading image: /opt/freesurfer/average/711-2C_as_mni_average_305.4dfp.img
dimensions:      256       256       256
mmppix:       1.0000   -1.0000   -1.0000
center:     128.0000 -129.0000 -129.0000
/opt/freesurfer/average/711-2B_as_mni_average_305_mask.4dfp.img
       256       256       256         1
  1.000000  1.000000  1.000000
orientation T byte_order littleendian
Reading mask: /opt/freesurfer/average/711-2B_as_mni_average_305_mask.4dfp.img (2306576 pixels)
talsrcimg_g11.4dfp.img
       256       256       256         1
  1.000000  1.000000  1.000000
orientation T byte_order littleendian
Reading image: talsrcimg_g11.4dfp.img
dimensions:      256       256       256
mmppix:       1.0000   -1.0000   -1.0000
center:     128.0000 -129.0000 -129.0000
fimgreg.f
image alignment mode   2311 decimal      907 hex
parameters
    0.1233   15.3395    8.4157  -10.0466  -12.0434   -4.9033
    0.4993    2.4419   -0.4022    2.3987   -0.0063   -9.6335
eta,q 0.97242 10.93028
niter,ni,del,rscale     5    3    5.0000    0.8000
parameters
    0.1268   15.3383    8.3974   -9.6672  -12.1307   -5.1454
    0.4994    2.4560   -0.3902    2.2161    0.0038   -9.4531
eta,q 0.97246 10.92983
  0.0296  0.0290  0.0285  0.0288  0.0285  0.0289  0.0292  0.0301  0.0287  0.0291  0.0282  0.0284
  0.0285  0.0282  0.0280  0.0282  0.0280  0.0281  0.0283  0.0287  0.0281  0.0282  0.0279  0.0280
  0.0278  0.0277  0.0277  0.0278  0.0276  0.0276  0.0277  0.0279  0.0277  0.0277  0.0276  0.0277
  0.0276  0.0276  0.0276  0.0276  0.0276  0.0276  0.0275  0.0275  0.0275  0.0275  0.0275  0.0275
  0.0278  0.0277  0.0277  0.0276  0.0277  0.0278  0.0278  0.0278  0.0277  0.0278  0.0276  0.0276
  0.0285  0.0282  0.0280  0.0279  0.0280  0.0284  0.0283  0.0287  0.0281  0.0284  0.0279  0.0279
  0.0296  0.0291  0.0286  0.0285  0.0286  0.0290  0.0292  0.0300  0.0287  0.0293  0.0283  0.0283
niter,ni,del,rscale     4    3    5.0000    0.7000
parameters
    0.1338   15.3121    8.3504   -9.6140  -12.1183   -5.2696
    0.4923    2.4666   -0.4019    2.1624    0.0159   -9.3938
eta,q 0.97248 10.92525
  0.0291  0.0286  0.0282  0.0284  0.0283  0.0286  0.0288  0.0295  0.0284  0.0288  0.0281  0.0282
  0.0282  0.0280  0.0278  0.0280  0.0279  0.0280  0.0281  0.0284  0.0279  0.0281  0.0278  0.0278
  0.0277  0.0276  0.0276  0.0277  0.0276  0.0276  0.0277  0.0278  0.0276  0.0276  0.0276  0.0276
  0.0275  0.0275  0.0275  0.0275  0.0275  0.0275  0.0275  0.0275  0.0275  0.0275  0.0275  0.0275
  0.0277  0.0277  0.0276  0.0276  0.0276  0.0277  0.0277  0.0277  0.0276  0.0277  0.0276  0.0276
  0.0282  0.0281  0.0279  0.0279  0.0279  0.0281  0.0281  0.0284  0.0279  0.0282  0.0278  0.0278
  0.0291  0.0287  0.0283  0.0284  0.0283  0.0287  0.0288  0.0295  0.0284  0.0289  0.0281  0.0282
niter,ni,del,rscale     3    3    5.0000    0.6000
parameters
    0.1355   15.3092    8.3197   -9.5573  -12.1110   -5.3803
    0.4919    2.4724   -0.3910    2.1319    0.0144   -9.3722
eta,q 0.97249 10.92192
  0.0287  0.0283  0.0281  0.0282  0.0281  0.0283  0.0285  0.0290  0.0282  0.0285  0.0279  0.0280
  0.0280  0.0279  0.0277  0.0278  0.0278  0.0278  0.0280  0.0282  0.0278  0.0280  0.0277  0.0277
  0.0276  0.0276  0.0276  0.0276  0.0276  0.0276  0.0276  0.0277  0.0276  0.0276  0.0276  0.0276
  0.0275  0.0275  0.0275  0.0275  0.0275  0.0275  0.0275  0.0275  0.0275  0.0275  0.0275  0.0275
  0.0276  0.0276  0.0276  0.0276  0.0276  0.0277  0.0276  0.0277  0.0276  0.0276  0.0276  0.0276
  0.0280  0.0279  0.0278  0.0278  0.0278  0.0280  0.0280  0.0282  0.0278  0.0280  0.0277  0.0277
  0.0287  0.0284  0.0281  0.0282  0.0281  0.0284  0.0285  0.0290  0.0282  0.0285  0.0279  0.0280
niter,ni,del,rscale     2    3    5.0000    0.5000
parameters
    0.1378   15.3100    8.2888   -9.4936  -12.1020   -5.4737
    0.4819    2.4752   -0.3895    2.1139    0.0159   -9.3495
eta,q 0.97249 10.92039
  0.0283  0.0281  0.0279  0.0280  0.0279  0.0281  0.0282  0.0285  0.0280  0.0282  0.0278  0.0279
  0.0279  0.0278  0.0277  0.0277  0.0277  0.0277  0.0278  0.0280  0.0277  0.0278  0.0276  0.0277
  0.0276  0.0276  0.0275  0.0276  0.0276  0.0276  0.0276  0.0276  0.0276  0.0276  0.0275  0.0276
  0.0275  0.0275  0.0275  0.0275  0.0275  0.0275  0.0275  0.0275  0.0275  0.0275  0.0275  0.0275
  0.0276  0.0276  0.0276  0.0276  0.0276  0.0276  0.0276  0.0276  0.0276  0.0276  0.0275  0.0275
  0.0279  0.0278  0.0277  0.0277  0.0277  0.0278  0.0278  0.0280  0.0277  0.0278  0.0276  0.0277
  0.0283  0.0281  0.0279  0.0280  0.0279  0.0281  0.0282  0.0285  0.0280  0.0282  0.0278  0.0278
niter,ni,del,rscale     1    3    5.0000    0.4000
parameters
    0.1425   15.3099    8.2533   -9.4537  -12.0886   -5.5585
    0.4712    2.4855   -0.3834    2.1123    0.0163   -9.3332
eta,q 0.97250 10.91848
  0.0280  0.0279  0.0277  0.0278  0.0277  0.0279  0.0279  0.0282  0.0278  0.0280  0.0277  0.0277
  0.0277  0.0277  0.0276  0.0277  0.0276  0.0277  0.0277  0.0278  0.0276  0.0277  0.0276  0.0276
  0.0276  0.0275  0.0275  0.0276  0.0275  0.0275  0.0276  0.0276  0.0275  0.0275  0.0275  0.0275
  0.0275  0.0275  0.0275  0.0275  0.0275  0.0275  0.0275  0.0275  0.0275  0.0275  0.0275  0.0275
  0.0276  0.0275  0.0275  0.0275  0.0275  0.0276  0.0276  0.0276  0.0275  0.0276  0.0275  0.0275
  0.0277  0.0277  0.0276  0.0276  0.0276  0.0277  0.0277  0.0278  0.0276  0.0277  0.0276  0.0276
  0.0280  0.0279  0.0278  0.0278  0.0277  0.0279  0.0280  0.0282  0.0278  0.0280  0.0277  0.0277
registration optimization eta report
parameter search radius
    0.8000    0.8000    0.8000    2.4000    2.4000    2.4000
    2.4000    2.4000    2.4000    2.4000    2.4000    2.4000
100000*second partial in parameter space
       79.       58.       39.        5.        4.        7.
        8.       12.        5.        8.        3.        4.
  0.0280  0.0279  0.0277  0.0278  0.0277  0.0279  0.0279  0.0282  0.0278  0.0280  0.0277  0.0277
  0.0277  0.0277  0.0276  0.0277  0.0276  0.0277  0.0277  0.0278  0.0276  0.0277  0.0276  0.0276
  0.0276  0.0275  0.0275  0.0276  0.0275  0.0275  0.0276  0.0276  0.0275  0.0275  0.0275  0.0275
  0.0275  0.0275  0.0275  0.0275  0.0275  0.0275  0.0275  0.0275  0.0275  0.0275  0.0275  0.0275
  0.0276  0.0275  0.0275  0.0275  0.0275  0.0276  0.0276  0.0276  0.0275  0.0276  0.0275  0.0275
  0.0277  0.0277  0.0276  0.0276  0.0276  0.0277  0.0277  0.0278  0.0276  0.0277  0.0276  0.0276
  0.0280  0.0279  0.0278  0.0278  0.0277  0.0279  0.0280  0.0282  0.0278  0.0280  0.0277  0.0277
    0.1425   15.3099    8.2533   -9.4537  -12.0886   -5.5585
    0.4712    2.4855   -0.3834    2.1123    0.0163   -9.3332
eta,q 0.97250 10.91848

---------------------------------------------------------------------
imgreg_4dfp /opt/freesurfer/average/711-2C_as_mni_average_305 /opt/freesurfer/average/711-2B_as_mni_average_305_mask talsrcimg_g11 none talsrcimg_to_711-2C_as_mni_average_305_t4 2311
---------------------------------------------------------------------

freesurfer imgreg_4dfp.c
/opt/freesurfer/average/711-2C_as_mni_average_305.4dfp.img
       256       256       256         1
  1.000000  1.000000  1.000000
orientation T byte_order littleendian
Reading image: /opt/freesurfer/average/711-2C_as_mni_average_305.4dfp.img
dimensions:      256       256       256
mmppix:       1.0000   -1.0000   -1.0000
center:     128.0000 -129.0000 -129.0000
/opt/freesurfer/average/711-2B_as_mni_average_305_mask.4dfp.img
       256       256       256         1
  1.000000  1.000000  1.000000
orientation T byte_order littleendian
Reading mask: /opt/freesurfer/average/711-2B_as_mni_average_305_mask.4dfp.img (2306576 pixels)
talsrcimg_g11.4dfp.img
       256       256       256         1
  1.000000  1.000000  1.000000
orientation T byte_order littleendian
Reading image: talsrcimg_g11.4dfp.img
dimensions:      256       256       256
mmppix:       1.0000   -1.0000   -1.0000
center:     128.0000 -129.0000 -129.0000
fimgreg.f
image alignment mode   2311 decimal      907 hex
parameters
    0.1425   15.3099    8.2533   -9.4537  -12.0886   -5.5585
    0.4712    2.4855   -0.3834    2.1123    0.0163   -9.3332
eta,q 0.97250 10.91849
niter,ni,del,rscale     5    3    5.0000    0.8000
parameters
    0.1388   15.3059    8.2659   -9.6695  -12.0591   -5.3339
    0.4976    2.4636   -0.3988    2.1562   -0.0128   -9.4515
eta,q 0.97248 10.92230
  0.0295  0.0290  0.0285  0.0285  0.0285  0.0292  0.0292  0.0300  0.0287  0.0293  0.0282  0.0283
  0.0284  0.0282  0.0280  0.0280  0.0279  0.0283  0.0283  0.0287  0.0280  0.0283  0.0279  0.0279
  0.0277  0.0277  0.0276  0.0276  0.0276  0.0277  0.0277  0.0278  0.0276  0.0277  0.0276  0.0276
  0.0275  0.0275  0.0275  0.0275  0.0275  0.0275  0.0275  0.0275  0.0275  0.0275  0.0275  0.0275
  0.0277  0.0277  0.0276  0.0276  0.0276  0.0277  0.0277  0.0278  0.0276  0.0277  0.0276  0.0276
  0.0284  0.0282  0.0280  0.0281  0.0279  0.0282  0.0283  0.0287  0.0281  0.0283  0.0279  0.0279
  0.0295  0.0290  0.0285  0.0288  0.0285  0.0288  0.0292  0.0301  0.0287  0.0292  0.0283  0.0284
niter,ni,del,rscale     4    3    5.0000    0.7000
parameters
    0.1344   15.3143    8.3056   -9.6214  -12.0866   -5.3352
    0.4937    2.4673   -0.3877    2.1636   -0.0056   -9.4064
eta,q 0.97248 10.92319
  0.0291  0.0287  0.0283  0.0284  0.0283  0.0287  0.0288  0.0295  0.0284  0.0289  0.0281  0.0282
  0.0282  0.0280  0.0279  0.0279  0.0278  0.0280  0.0281  0.0284  0.0279  0.0281  0.0278  0.0278
  0.0277  0.0277  0.0276  0.0277  0.0276  0.0276  0.0277  0.0278  0.0276  0.0277  0.0276  0.0276
  0.0275  0.0275  0.0275  0.0275  0.0275  0.0275  0.0275  0.0275  0.0275  0.0275  0.0275  0.0275
  0.0277  0.0276  0.0276  0.0276  0.0276  0.0277  0.0277  0.0277  0.0276  0.0277  0.0276  0.0276
  0.0282  0.0280  0.0278  0.0279  0.0279  0.0281  0.0281  0.0284  0.0279  0.0281  0.0278  0.0278
  0.0291  0.0286  0.0282  0.0284  0.0283  0.0286  0.0288  0.0295  0.0284  0.0288  0.0281  0.0282
niter,ni,del,rscale     3    3    5.0000    0.6000
parameters
    0.1357   15.3124    8.3001   -9.5638  -12.0995   -5.3988
    0.4876    2.4746   -0.3938    2.1377    0.0087   -9.3687
eta,q 0.97249 10.92148
  0.0287  0.0283  0.0281  0.0282  0.0281  0.0284  0.0285  0.0290  0.0282  0.0285  0.0279  0.0280
  0.0280  0.0279  0.0278  0.0278  0.0277  0.0279  0.0280  0.0282  0.0278  0.0280  0.0277  0.0277
  0.0276  0.0276  0.0276  0.0276  0.0276  0.0276  0.0276  0.0277  0.0276  0.0276  0.0276  0.0276
  0.0275  0.0275  0.0275  0.0275  0.0275  0.0275  0.0275  0.0275  0.0275  0.0275  0.0275  0.0275
  0.0276  0.0276  0.0276  0.0276  0.0276  0.0277  0.0276  0.0277  0.0276  0.0276  0.0276  0.0276
  0.0280  0.0279  0.0278  0.0278  0.0278  0.0280  0.0280  0.0282  0.0278  0.0280  0.0277  0.0277
  0.0287  0.0284  0.0281  0.0282  0.0281  0.0284  0.0285  0.0290  0.0282  0.0285  0.0279  0.0280
niter,ni,del,rscale     2    3    5.0000    0.5000
parameters
    0.1371   15.3096    8.2826   -9.4938  -12.0871   -5.4866
    0.4828    2.4792   -0.3870    2.1221    0.0047   -9.3518
eta,q 0.97249 10.92063
  0.0283  0.0281  0.0279  0.0280  0.0279  0.0281  0.0282  0.0285  0.0280  0.0282  0.0278  0.0278
  0.0279  0.0278  0.0277  0.0277  0.0277  0.0278  0.0278  0.0280  0.0277  0.0278  0.0276  0.0277
  0.0276  0.0276  0.0276  0.0276  0.0276  0.0276  0.0276  0.0276  0.0276  0.0276  0.0275  0.0276
  0.0275  0.0275  0.0275  0.0275  0.0275  0.0275  0.0275  0.0275  0.0275  0.0275  0.0275  0.0275
  0.0276  0.0276  0.0276  0.0276  0.0276  0.0276  0.0276  0.0276  0.0276  0.0276  0.0275  0.0275
  0.0279  0.0278  0.0277  0.0277  0.0277  0.0278  0.0278  0.0280  0.0277  0.0278  0.0276  0.0277
  0.0283  0.0281  0.0279  0.0280  0.0279  0.0281  0.0282  0.0285  0.0280  0.0282  0.0278  0.0278
niter,ni,del,rscale     1    3    5.0000    0.4000
parameters
    0.1387   15.3098    8.2509   -9.4561  -12.0750   -5.5558
    0.4714    2.4827   -0.3783    2.1055    0.0184   -9.3335
eta,q 0.97250 10.91925
  0.0280  0.0279  0.0277  0.0278  0.0277  0.0279  0.0279  0.0282  0.0278  0.0280  0.0277  0.0277
  0.0277  0.0277  0.0276  0.0277  0.0276  0.0277  0.0277  0.0278  0.0276  0.0277  0.0276  0.0276
  0.0276  0.0275  0.0275  0.0276  0.0275  0.0275  0.0276  0.0276  0.0275  0.0275  0.0275  0.0275
  0.0275  0.0275  0.0275  0.0275  0.0275  0.0275  0.0275  0.0275  0.0275  0.0275  0.0275  0.0275
  0.0276  0.0275  0.0275  0.0275  0.0275  0.0276  0.0276  0.0276  0.0275  0.0276  0.0275  0.0275
  0.0277  0.0277  0.0276  0.0276  0.0276  0.0277  0.0277  0.0278  0.0276  0.0277  0.0276  0.0276
  0.0280  0.0279  0.0278  0.0278  0.0277  0.0279  0.0280  0.0282  0.0278  0.0280  0.0277  0.0277
registration optimization eta report
parameter search radius
    0.8000    0.8000    0.8000    2.4000    2.4000    2.4000
    2.4000    2.4000    2.4000    2.4000    2.4000    2.4000
100000*second partial in parameter space
       79.       58.       40.        5.        4.        7.
        8.       12.        5.        8.        3.        4.
  0.0280  0.0279  0.0277  0.0278  0.0277  0.0279  0.0279  0.0282  0.0278  0.0280  0.0277  0.0277
  0.0277  0.0277  0.0276  0.0277  0.0276  0.0277  0.0277  0.0278  0.0276  0.0277  0.0276  0.0276
  0.0276  0.0275  0.0275  0.0276  0.0275  0.0275  0.0276  0.0276  0.0275  0.0275  0.0275  0.0275
  0.0275  0.0275  0.0275  0.0275  0.0275  0.0275  0.0275  0.0275  0.0275  0.0275  0.0275  0.0275
  0.0276  0.0275  0.0275  0.0275  0.0275  0.0276  0.0276  0.0276  0.0275  0.0276  0.0275  0.0275
  0.0277  0.0277  0.0276  0.0276  0.0276  0.0277  0.0277  0.0278  0.0276  0.0277  0.0276  0.0276
  0.0280  0.0279  0.0278  0.0278  0.0277  0.0279  0.0280  0.0282  0.0278  0.0280  0.0277  0.0277
    0.1387   15.3098    8.2509   -9.4561  -12.0750   -5.5558
    0.4714    2.4827   -0.3783    2.1055    0.0184   -9.3335
eta,q 0.97250 10.91925

---------------------------------------------------------------------
compute_vox2vox talsrcimg talsrcimg_to_711-2C_as_mni_average_305_t4 /opt/freesurfer/average/711-2C_as_mni_average_305
---------------------------------------------------------------------

freesurfer compute_vox2vox.c
Reading: talsrcimg.4dfp.ifh
Reading: talsrcimg_to_711-2C_as_mni_average_305_t4
Reading: /opt/freesurfer/average/711-2C_as_mni_average_305.4dfp.ifh
Writing: talsrcimg_to_711-2C_as_mni_average_305_t4_vox2vox.txt

start time Tue Mar 10 01:51:20 CET 2026
end		time Tue Mar 10 01:52:49 CET 2026

mpr2mni305 success

avi2talxfm orig_nu.mgz /opt/freesurfer/average/mni305.cor.mgz talsrcimg_to_711-2C_as_mni_average_305_t4_vox2vox.txt transforms/talairach.auto.xfm
avi2talxfm done
mv -f /out/sourcedata/freesurfer/sub-v1s4x0050682_ses-1/mri/talsrcimg_to_711-2C_as_mni_average_305_t4_vox2vox.txt /out/sourcedata/freesurfer/sub-v1s4x0050682_ses-1/mri/transforms/talsrcimg_to_711-2C_as_mni_average_305_t4_vox2vox.txt
lta_convert --src orig_nu.mgz --trg /opt/freesurfer/average/mni305.cor.mgz --inxfm transforms/talairach.auto.xfm --outlta transforms/talairach.auto.xfm.lta --subject fsaverage
7.3.2

--src: orig_nu.mgz src image (geometry).
--trg: /opt/freesurfer/average/mni305.cor.mgz trg image (geometry).
--inmni: transforms/talairach.auto.xfm input MNI/XFM transform.
--outlta: transforms/talairach.auto.xfm.lta output LTA.
--s: fsaverage subject name
 LTA read, type : 1
 1.10441  -0.02883  -0.00898  -4.03461;
 0.00025   1.05632   0.11213  -17.72090;
 0.00475  -0.02542   1.13461  -18.49516;
 0.00000   0.00000   0.00000   1.00000;
setting subject to fsaverage
Writing  LTA to file transforms/talairach.auto.xfm.lta...
lta_convert successful.
 
 
Started at Tue Mar 10 01:51:20 CET 2026
Ended   at Tue Mar 10 01:52:49 CET 2026
talairach_avi done
