/out/sourcedata/freesurfer/sub-v1s4x0050705_ses-1/mri
/opt/freesurfer/bin/talairach_avi
--i orig_nu.mgz --xfm transforms/talairach.auto.xfm
talairach_avi 7.3.2
Linux dna063 5.14.0-427.37.1.el9_4.x86_64 #1 SMP PREEMPT_DYNAMIC Fri Sep 13 12:41:50 EDT 2024 x86_64 x86_64 x86_64 GNU/Linux
Tue Mar 10 02:55:54 CET 2026
mri_convert orig_nu.mgz talsrcimg.img 
reading from orig_nu.mgz...
TR=0.00, TE=0.00, TI=0.00, flip angle=0.00
i_ras = (-1, 1.62981e-09, 0)
j_ras = (3.72529e-09, -1.86265e-09, -1)
k_ras = (2.12458e-09, 1, 1.86265e-09)
writing to talsrcimg.img...
Analyze Output Matrix
-1.00000   0.00000   0.00000   128.69019;
 0.00000  -0.00000   1.00000  -115.68871;
 0.00000  -1.00000   0.00000   139.10846;
 0.00000   0.00000   0.00000   1.00000;
--------------------
INFO: set hdr.hist.orient to -1
mpr2mni305 talsrcimg
Tue Mar 10 02:55:55 CET 2026
/opt/freesurfer/bin/mpr2mni305 talsrcimg
mpr2mni305 7.3.2
target=711-2C_as_mni_average_305

---------------------------------------------------------------------
analyzeto4dfp talsrcimg -O0 -y
---------------------------------------------------------------------

freesurfer ifh2hdr.c
Tue Mar 10 02:55:55 2026
Writing: talsrcimg.4dfp.hdr
freesurfer analyzeto4dfp.c
Reading: talsrcimg.hdr
header size 348 bytes
hdr.dime.datatype	offset=70	value=2
hdr.dime.bitpix		offset=72	value=8
hdr.hist.orient		offset=252	value=-1
dimensionality     4
dimensions       256       256       256         1
Reading: talsrcimg.img
Writing: talsrcimg.4dfp.img
Writing: talsrcimg.4dfp.ifh
ifh2hdr talsrcimg -r0to233
ori=2

---------------------------------------------------------------------
gauss_4dfp talsrcimg 1.1
---------------------------------------------------------------------

freesurfer gauss_4dfp.c
Reading: talsrcimg.4dfp.img
Writing: talsrcimg_g11.4dfp.img
image dimensions 256 256 256 padded to 288 288 288
processing volume 1freesurfer ifh2hdr.c
Tue Mar 10 02:55:57 2026
Writing: talsrcimg_g11.4dfp.hdr

Writing: talsrcimg_g11.4dfp.ifh
including: talsrcimg.4dfp.img.rec in talsrcimg_g11.4dfp.img.rec

---------------------------------------------------------------------
imgreg_4dfp /opt/freesurfer/average/711-2C_as_mni_average_305 none talsrcimg_g11 none talsrcimg_to_711-2C_as_mni_average_305_t4 4355
---------------------------------------------------------------------

freesurfer imgreg_4dfp.c
/opt/freesurfer/average/711-2C_as_mni_average_305.4dfp.img
       256       256       256         1
  1.000000  1.000000  1.000000
orientation T byte_order littleendian
Reading image: /opt/freesurfer/average/711-2C_as_mni_average_305.4dfp.img
dimensions:      256       256       256
mmppix:       1.0000   -1.0000   -1.0000
center:     128.0000 -129.0000 -129.0000
talsrcimg_g11.4dfp.img
       256       256       256         1
  1.000000  1.000000  1.000000
orientation T byte_order littleendian
Reading image: talsrcimg_g11.4dfp.img
dimensions:      256       256       256
mmppix:       1.0000   -1.0000   -1.0000
center:     128.0000 -129.0000 -129.0000
t4_read: open error in t4_sub.f l:  41 t4_file(1:l)talsrcimg_to_711-2C_as_mni_average_305_t4 
t4_read: transform initialized to I4
rotation matrix determinant  1.000000
image alignment mode   4355 decimal     1103 hex
   -7.5000  -45.0000  -45.0000 8755.7783   15.5880
    0.0000  -45.0000  -45.0000 9155.1064   15.5924
    7.5000  -45.0000  -45.0000 8823.6738   15.5648
   -7.5000  -37.5000  -45.0000 9197.8125   15.4658
    0.0000  -37.5000  -45.0000 9615.9746   15.4735
    7.5000  -37.5000  -45.0000 9253.8115   15.4553
   -7.5000  -30.0000  -45.000010065.9785   15.3813
    0.0000  -30.0000  -45.000010544.8086   15.3842
    7.5000  -30.0000  -45.000010131.9521   15.3672
   -7.5000  -22.5000  -45.000010896.2197   15.3543
    0.0000  -22.5000  -45.000011414.3340   15.3499
    7.5000  -22.5000  -45.000010968.5801   15.3245
   -7.5000  -15.0000  -45.000011441.5342   15.3593
    0.0000  -15.0000  -45.000011954.6777   15.3510
    7.5000  -15.0000  -45.000011474.4873   15.3167
   -7.5000   -7.5000  -45.000011770.5732   15.3916
    0.0000   -7.5000  -45.000012341.0244   15.3882
    7.5000   -7.5000  -45.000011828.3574   15.3533
   -7.5000    0.0000  -45.000011992.3877   15.4181
    0.0000    0.0000  -45.000012538.9814   15.4230
    7.5000    0.0000  -45.000012021.9199   15.3961
   -7.5000    7.5000  -45.000011309.3945   15.4102
    0.0000    7.5000  -45.000011826.3145   15.4177
    7.5000    7.5000  -45.000011297.5049   15.3997
   -7.5000   15.0000  -45.000010582.3438   15.3784
    0.0000   15.0000  -45.000011075.5098   15.3814
    7.5000   15.0000  -45.000010556.8428   15.3644
   -7.5000   22.5000  -45.0000 9798.4326   15.3536
    0.0000   22.5000  -45.000010280.3047   15.3491
    7.5000   22.5000  -45.0000 9794.7520   15.3237
   -7.5000   30.0000  -45.0000 9106.6143   15.5124
    0.0000   30.0000  -45.0000 9603.6475   15.5036
    7.5000   30.0000  -45.0000 9137.3711   15.4711
   -7.5000   37.5000  -45.0000 8807.2324   15.9968
    0.0000   37.5000  -45.0000 9273.1914   15.9959
    7.5000   37.5000  -45.0000 8844.4365   15.9640
   -7.5000   45.0000  -45.0000 8235.5029   16.1057
    0.0000   45.0000  -45.0000 8653.9199   16.1134
    7.5000   45.0000  -45.0000 8230.0293   16.0885
   -7.5000  -45.0000  -37.5000 9259.1396   15.5195
    0.0000  -45.0000  -37.5000 9688.2461   15.5267
    7.5000  -45.0000  -37.5000 9317.4326   15.5027
   -7.5000  -37.5000  -37.5000 9770.2539   15.4076
    0.0000  -37.5000  -37.500010223.1562   15.4158
    7.5000  -37.5000  -37.5000 9811.1582   15.3938
   -7.5000  -30.0000  -37.500010714.0391   15.3296
    0.0000  -30.0000  -37.500011239.7930   15.3316
    7.5000  -30.0000  -37.500010772.6807   15.3087
   -7.5000  -22.5000  -37.500011600.8193   15.2979
    0.0000  -22.5000  -37.500012159.5049   15.2940
    7.5000  -22.5000  -37.500011642.5361   15.2689
   -7.5000  -15.0000  -37.500012172.1240   15.2929
    0.0000  -15.0000  -37.500012738.0596   15.2875
    7.5000  -15.0000  -37.500012198.5596   15.2612
   -7.5000   -7.5000  -37.500012522.5596   15.3206
    0.0000   -7.5000  -37.500013107.4277   15.3212
    7.5000   -7.5000  -37.500012551.7207   15.2954
   -7.5000    0.0000  -37.500012789.9199   15.3511
    0.0000    0.0000  -37.500013344.9355   15.3589
    7.5000    0.0000  -37.500012773.0029   15.3356
   -7.5000    7.5000  -37.500012033.3945   15.3525
    0.0000    7.5000  -37.500012591.3379   15.3604
    7.5000    7.5000  -37.500012003.8242   15.3387
   -7.5000   15.0000  -37.500011233.1602   15.3267
    0.0000   15.0000  -37.500011767.2920   15.3287
    7.5000   15.0000  -37.500011194.8740   15.3059
   -7.5000   22.5000  -37.500010384.8633   15.2972
    0.0000   22.5000  -37.500010883.1162   15.2932
    7.5000   22.5000  -37.500010355.1133   15.2681
   -7.5000   30.0000  -37.5000 9672.7891   15.4488
    0.0000   30.0000  -37.500010166.2979   15.4425
    7.5000   30.0000  -37.5000 9660.5303   15.4175
   -7.5000   37.5000  -37.5000 9363.3887   15.9233
    0.0000   37.5000  -37.5000 9847.6436   15.9259
    7.5000   37.5000  -37.5000 9365.5879   15.9040
   -7.5000   45.0000  -37.5000 8723.6797   16.0310
    0.0000   45.0000  -37.5000 9169.4141   16.0368
    7.5000   45.0000  -37.5000 8713.3730   16.0143
   -7.5000  -45.0000  -30.0000 9872.1230   16.1164
    0.0000  -45.0000  -30.000010348.7383   16.1331
    7.5000  -45.0000  -30.0000 9926.0049   16.1142
   -7.5000  -37.5000  -30.000010463.9180   16.0080
    0.0000  -37.5000  -30.000010984.2939   16.0216
    7.5000  -37.5000  -30.000010493.0801   15.9955
   -7.5000  -30.0000  -30.000011520.3916   15.9355
    0.0000  -30.0000  -30.000012090.0176   15.9408
    7.5000  -30.0000  -30.000011537.4873   15.9095
   -7.5000  -22.5000  -30.000012427.0742   15.9043
    0.0000  -22.5000  -30.000013010.0205   15.9057
    7.5000  -22.5000  -30.000012418.9404   15.8781
   -7.5000  -15.0000  -30.000013033.1338   15.8930
    0.0000  -15.0000  -30.000013632.5947   15.8970
    7.5000  -15.0000  -30.000013029.6396   15.8772
   -7.5000   -7.5000  -30.000013422.0234   15.9127
    0.0000   -7.5000  -30.000014045.7725   15.9247
    7.5000   -7.5000  -30.000013435.0439   15.9087
   -7.5000    0.0000  -30.000013734.4639   15.9421
    0.0000    0.0000  -30.000014364.3486   15.9595
    7.5000    0.0000  -30.000013686.9883   15.9412
   -7.5000    7.5000  -30.000012932.9434   15.9508
    0.0000    7.5000  -30.000013549.1641   15.9642
    7.5000    7.5000  -30.000012879.8213   15.9384
   -7.5000   15.0000  -30.000012048.7646   15.9325
    0.0000   15.0000  -30.000012647.9346   15.9378
    7.5000   15.0000  -30.000012013.9727   15.9065
   -7.5000   22.5000  -30.000011132.7432   15.9019
    0.0000   22.5000  -30.000011698.7969   15.9033
    7.5000   22.5000  -30.000011090.4238   15.8757
   -7.5000   30.0000  -30.000010361.9229   16.0566
    0.0000   30.0000  -30.000010911.6992   16.0598
    7.5000   30.0000  -30.000010336.4902   16.0396
   -7.5000   37.5000  -30.000010046.8398   16.5324
    0.0000   37.5000  -30.000010553.7422   16.5463
    7.5000   37.5000  -30.000010031.5615   16.5340
   -7.5000   45.0000  -30.0000 9328.5557   16.6502
    0.0000   45.0000  -30.0000 9790.7656   16.6627
    7.5000   45.0000  -30.0000 9309.6689   16.6430
   -7.5000  -45.0000  -22.500010468.4541   16.6750
    0.0000  -45.0000  -22.500010985.9443   16.6977
    7.5000  -45.0000  -22.500010551.1816   16.6813
   -7.5000  -37.5000  -22.500011126.7920   16.5591
    0.0000  -37.5000  -22.500011687.9248   16.5774
    7.5000  -37.5000  -22.500011177.7588   16.5520
   -7.5000  -30.0000  -22.500012272.0127   16.4872
    0.0000  -30.0000  -22.500012866.1943   16.4972
    7.5000  -30.0000  -22.500012285.1084   16.4643
   -7.5000  -22.5000  -22.500013197.3232   16.4645
    0.0000  -22.5000  -22.500013827.9326   16.4717
    7.5000  -22.5000  -22.500013212.8281   16.4411
   -7.5000  -15.0000  -22.500013853.4648   16.4584
    0.0000  -15.0000  -22.500014546.5059   16.4699
    7.5000  -15.0000  -22.500013878.1777   16.4479
   -7.5000   -7.5000  -22.500014293.1152   16.4731
    0.0000   -7.5000  -22.500014982.3203   16.4926
    7.5000   -7.5000  -22.500014307.6621   16.4775
   -7.5000    0.0000  -22.500014636.0430   16.4945
    0.0000    0.0000  -22.500015321.9980   16.5179
    7.5000    0.0000  -22.500014565.6943   16.5020
   -7.5000    7.5000  -22.500013812.9180   16.4999
    0.0000    7.5000  -22.500014506.2578   16.5180
    7.5000    7.5000  -22.500013718.7998   16.4929
   -7.5000   15.0000  -22.500012862.9482   16.4842
    0.0000   15.0000  -22.500013554.1572   16.4941
    7.5000   15.0000  -22.500012790.2959   16.4613
   -7.5000   22.5000  -22.500011879.9834   16.4608
    0.0000   22.5000  -22.500012522.7930   16.4681
    7.5000   22.5000  -22.500011825.8311   16.4375
   -7.5000   30.0000  -22.500011020.0791   16.6260
    0.0000   30.0000  -22.500011617.1152   16.6369
    7.5000   30.0000  -22.500011001.2891   16.6133
   -7.5000   37.5000  -22.500010655.7344   17.1077
    0.0000   37.5000  -22.500011202.8408   17.1288
    7.5000   37.5000  -22.500010635.6855   17.1160
   -7.5000   45.0000  -22.5000 9888.8828   17.2321
    0.0000   45.0000  -22.500010350.7822   17.2534
    7.5000   45.0000  -22.5000 9846.5498   17.2347
   -7.5000  -45.0000  -15.000011096.4365   17.1084
    0.0000  -45.0000  -15.000011662.7500   17.1295
    7.5000  -45.0000  -15.000011186.5518   17.1107
   -7.5000  -37.5000  -15.000011763.3262   16.9802
    0.0000  -37.5000  -15.000012375.2607   16.9988
    7.5000  -37.5000  -15.000011834.3486   16.9780
   -7.5000  -30.0000  -15.000012927.7568   16.9025
    0.0000  -30.0000  -15.000013572.2451   16.9138
    7.5000  -30.0000  -15.000012992.7773   16.8865
   -7.5000  -22.5000  -15.000013880.9092   16.8858
    0.0000  -22.5000  -15.000014567.0986   16.8934
    7.5000  -22.5000  -15.000013932.5742   16.8614
   -7.5000  -15.0000  -15.000014590.3066   16.8898
    0.0000  -15.0000  -15.000015331.9766   16.8995
    7.5000  -15.0000  -15.000014617.4795   16.8688
   -7.5000   -7.5000  -15.000015104.1572   16.9071
    0.0000   -7.5000  -15.000015886.0195   16.9240
    7.5000   -7.5000  -15.000015114.7041   16.9002
   -7.5000    0.0000  -15.000015422.1348   16.9228
    0.0000    0.0000  -15.000016210.6230   16.9445
    7.5000    0.0000  -15.000015399.9922   16.9262
   -7.5000    7.5000  -15.000014561.8750   16.9194
    0.0000    7.5000  -15.000015351.4912   16.9377
    7.5000    7.5000  -15.000014506.6104   16.9171
   -7.5000   15.0000  -15.000013632.1133   16.8993
    0.0000   15.0000  -15.000014381.1621   16.9107
    7.5000   15.0000  -15.000013533.5693   16.8834
   -7.5000   22.5000  -15.000012593.2852   16.8813
    0.0000   22.5000  -15.000013294.1152   16.8889
    7.5000   22.5000  -15.000012523.4512   16.8569
   -7.5000   30.0000  -15.000011675.2148   17.0590
    0.0000   30.0000  -15.000012308.8281   17.0684
    7.5000   30.0000  -15.000011604.9980   17.0362
   -7.5000   37.5000  -15.000011238.4121   17.5577
    0.0000   37.5000  -15.000011810.2314   17.5766
    7.5000   37.5000  -15.000011177.6250   17.5538
   -7.5000   45.0000  -15.000010425.9121   17.6910
    0.0000   45.0000  -15.000010934.8252   17.7160
    7.5000   45.0000  -15.000010376.5996   17.6957
   -7.5000  -45.0000   -7.500011720.0635   17.3396
    0.0000  -45.0000   -7.500012317.3447   17.3521
    7.5000  -45.0000   -7.500011812.7129   17.3263
   -7.5000  -37.5000   -7.500012424.7354   17.2030
    0.0000  -37.5000   -7.500013046.3633   17.2170
    7.5000  -37.5000   -7.500012497.6084   17.1986
   -7.5000  -30.0000   -7.500013626.9219   17.1160
    0.0000  -30.0000   -7.500014295.9648   17.1240
    7.5000  -30.0000   -7.500013710.3398   17.1036
   -7.5000  -22.5000   -7.500014553.0215   17.0965
    0.0000  -22.5000   -7.500015304.7646   17.0977
    7.5000  -22.5000   -7.500014620.1445   17.0672
   -7.5000  -15.0000   -7.500015311.8867   17.1055
    0.0000  -15.0000   -7.500016106.1533   17.1048
    7.5000  -15.0000   -7.500015334.2217   17.0665
   -7.5000   -7.5000   -7.500015907.9385   17.1320
    0.0000   -7.5000   -7.500016762.1348   17.1374
    7.5000   -7.5000   -7.500015913.1074   17.1023
   -7.5000    0.0000   -7.500016294.4727   17.1512
    0.0000    0.0000   -7.500017154.7715   17.1643
    7.5000    0.0000   -7.500016261.7520   17.1390
   -7.5000    7.5000   -7.500015361.3555   17.1414
    0.0000    7.5000   -7.500016186.9482   17.1551
    7.5000    7.5000   -7.500015301.0479   17.1368
   -7.5000   15.0000   -7.500014391.6572   17.1129
    0.0000   15.0000   -7.500015173.4111   17.1209
    7.5000   15.0000   -7.500014275.5762   17.1005
   -7.5000   22.5000   -7.500013329.7178   17.0901
    0.0000   22.5000   -7.500014073.6465   17.0913
    7.5000   22.5000   -7.500013210.0898   17.0608
   -7.5000   30.0000   -7.500012338.7383   17.2764
    0.0000   30.0000   -7.500013018.0459   17.2753
    7.5000   30.0000   -7.500012210.2715   17.2375
   -7.5000   37.5000   -7.500011850.4160   17.7985
    0.0000   37.5000   -7.500012481.6738   17.8065
    7.5000   37.5000   -7.500011768.3545   17.7730
   -7.5000   45.0000   -7.500011012.8340   17.9428
    0.0000   45.0000   -7.500011584.4336   17.9617
    7.5000   45.0000   -7.500010956.6992   17.9372
   -7.5000  -45.0000    0.000012251.8291   17.3773
    0.0000  -45.0000    0.000012834.9150   17.3821
    7.5000  -45.0000    0.000012346.8096   17.3515
   -7.5000  -37.5000    0.000012971.3252   17.2415
    0.0000  -37.5000    0.000013577.3770   17.2501
    7.5000  -37.5000    0.000013056.4932   17.2300
   -7.5000  -30.0000    0.000014240.9717   17.1490
    0.0000  -30.0000    0.000014931.3740   17.1523
    7.5000  -30.0000    0.000014334.6709   17.1334
   -7.5000  -22.5000    0.000015161.4121   17.1205
    0.0000  -22.5000    0.000015911.5400   17.1155
    7.5000  -22.5000    0.000015215.2373   17.0872
   -7.5000  -15.0000    0.000015917.8447   17.1260
    0.0000  -15.0000    0.000016698.2578   17.1167
    7.5000  -15.0000    0.000015880.5498   17.0785
   -7.5000   -7.5000    0.000016528.9863   17.1605
    0.0000   -7.5000    0.000017425.0410   17.1565
    7.5000   -7.5000    0.000016500.3828   17.1179
   -7.5000    0.0000    0.000017034.0977   17.1885
    0.0000    0.0000    0.000018034.7832   17.1939
    7.5000    0.0000    0.000017065.7148   17.1641
   -7.5000    7.5000    0.000016240.5244   17.1797
    0.0000    7.5000    0.000017180.9219   17.1880
    7.5000    7.5000    0.000016218.2334   17.1681
   -7.5000   15.0000    0.000015230.9971   17.1458
    0.0000   15.0000    0.000016047.0020   17.1491
    7.5000   15.0000    0.000015106.0869   17.1302
   -7.5000   22.5000    0.000014053.2178   17.1141
    0.0000   22.5000    0.000014803.2295   17.1091
    7.5000   22.5000    0.000013870.9268   17.0809
   -7.5000   30.0000    0.000012961.1191   17.3021
    0.0000   30.0000    0.000013649.6211   17.2921
    7.5000   30.0000    0.000012761.2568   17.2560
   -7.5000   37.5000    0.000012414.0293   17.8388
    0.0000   37.5000    0.000013119.6338   17.8376
    7.5000   37.5000    0.000012285.3779   17.8022
   -7.5000   45.0000    0.000011501.7588   17.9915
    0.0000   45.0000    0.000012182.6445   18.0000
    7.5000   45.0000    0.000011411.4189   17.9725
   -7.5000  -45.0000    7.500011829.2080   17.3417
    0.0000  -45.0000    7.500012387.8760   17.3496
    7.5000  -45.0000    7.500011949.9160   17.3227
   -7.5000  -37.5000    7.500012536.2236   17.2167
    0.0000  -37.5000    7.500013073.9131   17.2257
    7.5000  -37.5000    7.500012615.6455   17.2011
   -7.5000  -30.0000    7.500013775.5996   17.1292
    0.0000  -30.0000    7.500014396.2295   17.1314
    7.5000  -30.0000    7.500013867.1152   17.1058
   -7.5000  -22.5000    7.500014611.8779   17.0937
    0.0000  -22.5000    7.500015272.6777   17.0891
    7.5000  -22.5000    7.500014678.1602   17.0610
   -7.5000  -15.0000    7.500015328.3730   17.0882
    0.0000  -15.0000    7.500016042.5205   17.0821
    7.5000  -15.0000    7.500015324.5752   17.0525
   -7.5000   -7.5000    7.500015969.5234   17.1195
    0.0000   -7.5000    7.500016818.3398   17.1201
    7.5000   -7.5000    7.500015949.7578   17.0911
   -7.5000    0.0000    7.500016537.3613   17.1538
    0.0000    0.0000    7.500017641.7930   17.1624
    7.5000    0.0000    7.500016620.8555   17.1363
   -7.5000    7.5000    7.500015884.3877   17.1551
    0.0000    7.5000    7.500017005.3926   17.1639
    7.5000    7.5000    7.500015940.3047   17.1396
   -7.5000   15.0000    7.500014977.5332   17.1260
    0.0000   15.0000    7.500015985.8320   17.1281
    7.5000   15.0000    7.500014856.7900   17.1026
   -7.5000   22.5000    7.500013760.2188   17.0873
    0.0000   22.5000    7.500014662.9072   17.0828
    7.5000   22.5000    7.500013585.0811   17.0547
   -7.5000   30.0000    7.500012578.5352   17.2685
    0.0000   30.0000    7.500013339.6729   17.2614
    7.5000   30.0000    7.500012402.0850   17.2333
   -7.5000   37.5000    7.500011995.9102   17.7985
    0.0000   37.5000    7.500012703.1875   17.8013
    7.5000   37.5000    7.500011888.2686   17.7767
   -7.5000   45.0000    7.500011124.1748   17.9535
    0.0000   45.0000    7.500011747.2578   17.9599
    7.5000   45.0000    7.500011009.9854   17.9346
   -7.5000  -45.0000   15.000011286.6260   17.3057
    0.0000  -45.0000   15.000011800.0215   17.3236
    7.5000  -45.0000   15.000011397.9385   17.3033
   -7.5000  -37.5000   15.000011987.5176   17.1893
    0.0000  -37.5000   15.000012474.9922   17.2039
    7.5000  -37.5000   15.000012066.4756   17.1758
   -7.5000  -30.0000   15.000013221.4697   17.1115
    0.0000  -30.0000   15.000013720.1064   17.1172
    7.5000  -30.0000   15.000013284.2529   17.0836
   -7.5000  -22.5000   15.000013987.7920   17.0781
    0.0000  -22.5000   15.000014550.1084   17.0796
    7.5000  -22.5000   15.000014060.8350   17.0499
   -7.5000  -15.0000   15.000014689.4150   17.0658
    0.0000  -15.0000   15.000015391.0410   17.0702
    7.5000  -15.0000   15.000014707.0615   17.0489
   -7.5000   -7.5000   15.000015334.5186   17.0870
    0.0000   -7.5000   15.000016275.6885   17.0999
    7.5000   -7.5000   15.000015361.2393   17.0827
   -7.5000    0.0000   15.000015880.0449   17.1185
    0.0000    0.0000   15.000017013.5859   17.1372
    7.5000    0.0000   15.000015950.5830   17.1175
   -7.5000    7.5000   15.000015179.8135   17.1279
    0.0000    7.5000   15.000016219.2432   17.1423
    7.5000    7.5000   15.000015175.8994   17.1145
   -7.5000   15.0000   15.000014264.2842   17.1083
    0.0000   15.0000   15.000015185.0811   17.1140
    7.5000   15.0000   15.000014129.1260   17.0804
   -7.5000   22.5000   15.000013145.2480   17.0717
    0.0000   22.5000   15.000013964.5518   17.0732
    7.5000   22.5000   15.000012957.9902   17.0436
   -7.5000   30.0000   15.000012063.4883   17.2466
    0.0000   30.0000   15.000012739.6465   17.2500
    7.5000   30.0000   15.000011890.6074   17.2284
   -7.5000   37.5000   15.000011486.9365   17.7576
    0.0000   37.5000   15.000012105.7773   17.7725
    7.5000   37.5000   15.000011386.9365   17.7593
   -7.5000   45.0000   15.000010635.2246   17.9077
    0.0000   45.0000   15.000011169.2197   17.9212
    7.5000   45.0000   15.000010544.8613   17.9001
   -7.5000  -45.0000   22.500010731.7549   17.3107
    0.0000  -45.0000   22.500011200.6182   17.3343
    7.5000  -45.0000   22.500010795.6357   17.3173
   -7.5000  -37.5000   22.500011397.4951   17.1904
    0.0000  -37.5000   22.500011878.2422   17.2094
    7.5000  -37.5000   22.500011468.4404   17.1831
   -7.5000  -30.0000   22.500012556.3740   17.1158
    0.0000  -30.0000   22.500013088.4385   17.1262
    7.5000  -30.0000   22.500012625.1025   17.0921
   -7.5000  -22.5000   22.500013304.8789   17.0922
    0.0000  -22.5000   22.500013873.0439   17.0997
    7.5000  -22.5000   22.500013333.7637   17.0680
   -7.5000  -15.0000   22.500013938.0811   17.0859
    0.0000  -15.0000   22.500014564.9209   17.0978
    7.5000  -15.0000   22.500013938.4004   17.0750
   -7.5000   -7.5000   22.500014481.1152   17.1012
    0.0000   -7.5000   22.500015206.0293   17.1214
    7.5000   -7.5000   22.500014504.1699   17.1057
   -7.5000    0.0000   22.500014918.1328   17.1234
    0.0000    0.0000   22.500015684.4814   17.1476
    7.5000    0.0000   22.500014973.1699   17.1312
   -7.5000    7.5000   22.500014163.0479   17.1290
    0.0000    7.5000   22.500014801.5488   17.1477
    7.5000    7.5000   22.500014111.6514   17.1217
   -7.5000   15.0000   22.500013261.5771   17.1127
    0.0000   15.0000   22.500013829.2197   17.1230
    7.5000   15.0000   22.500013158.5469   17.0889
   -7.5000   22.5000   22.500012245.1455   17.0858
    0.0000   22.5000   22.500012777.5264   17.0933
    7.5000   22.5000   22.500012130.4795   17.0616
   -7.5000   30.0000   22.500011312.7285   17.2623
    0.0000   30.0000   22.500011800.1787   17.2736
    7.5000   30.0000   22.500011196.3027   17.2491
   -7.5000   37.5000   22.500010828.3770   17.7625
    0.0000   37.5000   22.500011308.8711   17.7844
    7.5000   37.5000   22.500010750.2549   17.7711
   -7.5000   45.0000   22.500010052.4580   17.9047
    0.0000   45.0000   22.500010478.2109   17.9268
    7.5000   45.0000   22.5000 9967.7432   17.9074
   -7.5000  -45.0000   30.000010059.2344   17.4117
    0.0000  -45.0000   30.000010529.4697   17.4335
    7.5000  -45.0000   30.000010095.7266   17.4145
   -7.5000  -37.5000   30.000010671.6895   17.2809
    0.0000  -37.5000   30.000011158.5928   17.3001
    7.5000  -37.5000   30.000010731.1201   17.2789
   -7.5000  -30.0000   30.000011747.8848   17.2015
    0.0000  -30.0000   30.000012253.3359   17.2130
    7.5000  -30.0000   30.000011799.6895   17.1851
   -7.5000  -22.5000   30.000012411.8398   17.1842
    0.0000  -22.5000   30.000012904.8467   17.1919
    7.5000  -22.5000   30.000012417.4600   17.1592
   -7.5000  -15.0000   30.000012930.4053   17.1880
    0.0000  -15.0000   30.000013456.8174   17.1980
    7.5000  -15.0000   30.000012958.3926   17.1668
   -7.5000   -7.5000   30.000013410.6914   17.2058
    0.0000   -7.5000   30.000013974.5977   17.2233
    7.5000   -7.5000   30.000013464.4531   17.1991
   -7.5000    0.0000   30.000013756.9893   17.2222
    0.0000    0.0000   30.000014352.6729   17.2445
    7.5000    0.0000   30.000013804.4814   17.2260
   -7.5000    7.5000   30.000013025.5176   17.2188
    0.0000    7.5000   30.000013570.5859   17.2376
    7.5000    7.5000   30.000013005.2090   17.2167
   -7.5000   15.0000   30.000012164.8223   17.1983
    0.0000   15.0000   30.000012654.5166   17.2099
    7.5000   15.0000   30.000012102.6172   17.1819
   -7.5000   22.5000   30.000011254.5107   17.1778
    0.0000   22.5000   30.000011698.1689   17.1855
    7.5000   22.5000   30.000011192.1465   17.1528
   -7.5000   30.0000   30.000010441.3398   17.3619
    0.0000   30.0000   30.000010860.6641   17.3714
    7.5000   30.0000   30.000010380.1641   17.3387
   -7.5000   37.5000   30.000010057.1250   17.8716
    0.0000   37.5000   30.000010465.8750   17.8911
    7.5000   37.5000   30.0000 9988.5996   17.8679
   -7.5000   45.0000   30.0000 9372.1436   18.0146
    0.0000   45.0000   30.0000 9753.7070   18.0404
    7.5000   45.0000   30.0000 9286.4297   18.0198
   -7.5000  -45.0000   37.5000 9670.4355   17.5890
    0.0000  -45.0000   37.500010126.8076   17.6020
    7.5000  -45.0000   37.5000 9693.4482   17.5758
   -7.5000  -37.5000   37.500010274.4453   17.4495
    0.0000  -37.5000   37.500010723.4385   17.4636
    7.5000  -37.5000   37.500010300.9736   17.4448
   -7.5000  -30.0000   37.500011303.3721   17.3609
    0.0000  -30.0000   37.500011764.7754   17.3686
    7.5000  -30.0000   37.500011334.1680   17.3472
   -7.5000  -22.5000   37.500011912.5674   17.3407
    0.0000  -22.5000   37.500012420.2646   17.3417
    7.5000  -22.5000   37.500011939.5332   17.3096
   -7.5000  -15.0000   37.500012371.1865   17.3493
    0.0000  -15.0000   37.500012898.0137   17.3486
    7.5000  -15.0000   37.500012430.5000   17.3087
   -7.5000   -7.5000   37.500012822.6670   17.3759
    0.0000   -7.5000   37.500013365.6738   17.3816
    7.5000   -7.5000   37.500012879.1328   17.3456
   -7.5000    0.0000   37.500013168.6436   17.3955
    0.0000    0.0000   37.500013739.5752   17.4091
    7.5000    0.0000   37.500013201.6348   17.3835
   -7.5000    7.5000   37.500012437.2158   17.3862
    0.0000    7.5000   37.500012943.5898   17.4000
    7.5000    7.5000   37.500012413.2236   17.3814
   -7.5000   15.0000   37.500011588.1816   17.3577
    0.0000   15.0000   37.500012032.6738   17.3654
    7.5000   15.0000   37.500011536.7988   17.3440
   -7.5000   22.5000   37.500010709.2383   17.3343
    0.0000   22.5000   37.500011131.8262   17.3352
    7.5000   22.5000   37.500010663.2432   17.3032
   -7.5000   30.0000   37.5000 9952.1074   17.5282
    0.0000   30.0000   37.500010370.3486   17.5270
    7.5000   30.0000   37.5000 9902.0908   17.4876
   -7.5000   37.5000   37.5000 9642.3604   18.0639
    0.0000   37.5000   37.500010043.1377   18.0724
    7.5000   37.5000   37.5000 9563.5576   18.0379
   -7.5000   45.0000   37.5000 9002.1582   18.2188
    0.0000   45.0000   37.5000 9377.7900   18.2384
    7.5000   45.0000   37.5000 8954.6650   18.2135
   -7.5000  -45.0000   45.0000 8854.6172   17.7541
    0.0000  -45.0000   45.0000 9298.2305   17.7560
    7.5000  -45.0000   45.0000 8910.7168   17.7245
   -7.5000  -37.5000   45.0000 9412.4961   17.6133
    0.0000  -37.5000   45.0000 9873.4170   17.6171
    7.5000  -37.5000   45.0000 9438.9209   17.5955
   -7.5000  -30.0000   45.000010352.1006   17.5205
    0.0000  -30.0000   45.000010838.8887   17.5179
    7.5000  -30.0000   45.000010385.6270   17.4962
   -7.5000  -22.5000   45.000010923.0068   17.4929
    0.0000  -22.5000   45.000011411.2432   17.4830
    7.5000  -22.5000   45.000010951.6982   17.4513
   -7.5000  -15.0000   45.000011327.8604   17.4973
    0.0000  -15.0000   45.000011842.0752   17.4848
    7.5000  -15.0000   45.000011372.8037   17.4438
   -7.5000   -7.5000   45.000011724.7881   17.5292
    0.0000   -7.5000   45.000012254.6777   17.5232
    7.5000   -7.5000   45.000011756.7822   17.4829
   -7.5000    0.0000   45.000012018.7520   17.5559
    0.0000    0.0000   45.000012546.1602   17.5584
    7.5000    0.0000   45.000012020.4053   17.5277
   -7.5000    7.5000   45.000011339.8184   17.5485
    0.0000    7.5000   45.000011804.6113   17.5520
    7.5000    7.5000   45.000011316.5098   17.5306
   -7.5000   15.0000   45.000010564.0059   17.5171
    0.0000   15.0000   45.000010988.2754   17.5145
    7.5000   15.0000   45.000010530.1660   17.4929
   -7.5000   22.5000   45.0000 9777.0723   17.4864
    0.0000   22.5000   45.000010163.2520   17.4765
    7.5000   22.5000   45.0000 9735.1826   17.4448
   -7.5000   30.0000   45.0000 9091.6406   17.6869
    0.0000   30.0000   45.0000 9471.6572   17.6737
    7.5000   30.0000   45.0000 9043.8125   17.6348
   -7.5000   37.5000   45.0000 8822.5732   18.2470
    0.0000   37.5000   45.0000 9195.2666   18.2436
    7.5000   37.5000   45.0000 8753.2656   18.2067
   -7.5000   45.0000   45.0000 8247.8662   18.4278
    0.0000   45.0000   45.0000 8614.0137   18.4332
    7.5000   45.0000   45.0000 8217.9336   18.4048

---------------------------------------------------------------------
imgreg_4dfp /opt/freesurfer/average/711-2C_as_mni_average_305 /opt/freesurfer/average/711-2B_as_mni_average_305_mask talsrcimg_g11 none talsrcimg_to_711-2C_as_mni_average_305_t4 4355
---------------------------------------------------------------------

freesurfer imgreg_4dfp.c
/opt/freesurfer/average/711-2C_as_mni_average_305.4dfp.img
       256       256       256         1
  1.000000  1.000000  1.000000
orientation T byte_order littleendian
Reading image: /opt/freesurfer/average/711-2C_as_mni_average_305.4dfp.img
dimensions:      256       256       256
mmppix:       1.0000   -1.0000   -1.0000
center:     128.0000 -129.0000 -129.0000
/opt/freesurfer/average/711-2B_as_mni_average_305_mask.4dfp.img
       256       256       256         1
  1.000000  1.000000  1.000000
orientation T byte_order littleendian
Reading mask: /opt/freesurfer/average/711-2B_as_mni_average_305_mask.4dfp.img (2306576 pixels)
talsrcimg_g11.4dfp.img
       256       256       256         1
  1.000000  1.000000  1.000000
orientation T byte_order littleendian
Reading image: talsrcimg_g11.4dfp.img
dimensions:      256       256       256
mmppix:       1.0000   -1.0000   -1.0000
center:     128.0000 -129.0000 -129.0000
rotation matrix determinant  1.000000
image alignment mode   4355 decimal     1103 hex
   -7.5000  -45.0000  -45.0000 2166.5737   19.7229
    0.0000  -45.0000  -45.0000 2183.8560   19.5909
    7.5000  -45.0000  -45.0000 2180.0369   19.5985
   -7.5000  -37.5000  -45.0000 2185.4602   19.2353
    0.0000  -37.5000  -45.0000 2204.2292   19.1198
    7.5000  -37.5000  -45.0000 2202.1289   19.1408
   -7.5000  -30.0000  -45.0000 2216.7852   18.8298
    0.0000  -30.0000  -45.0000 2237.9478   18.7198
    7.5000  -30.0000  -45.0000 2228.6421   18.7622
   -7.5000  -22.5000  -45.0000 2248.9941   18.4845
    0.0000  -22.5000  -45.0000 2268.2803   18.3461
    7.5000  -22.5000  -45.0000 2259.0288   18.4220
   -7.5000  -15.0000  -45.0000 2271.3230   18.2584
    0.0000  -15.0000  -45.0000 2289.2000   18.1001
    7.5000  -15.0000  -45.0000 2281.4619   18.1203
   -7.5000   -7.5000  -45.0000 2272.9243   18.1159
    0.0000   -7.5000  -45.0000 2306.2073   17.9453
    7.5000   -7.5000  -45.0000 2294.6653   18.0001
   -7.5000    0.0000  -45.0000 2274.8691   18.0735
    0.0000    0.0000  -45.0000 2300.5496   17.9264
    7.5000    0.0000  -45.0000 2286.7788   17.9828
   -7.5000    7.5000  -45.0000 2267.1226   18.1504
    0.0000    7.5000  -45.0000 2290.3677   18.0463
    7.5000    7.5000  -45.0000 2273.3750   18.1225
   -7.5000   15.0000  -45.0000 2254.6423   18.4234
    0.0000   15.0000  -45.0000 2275.1152   18.2911
    7.5000   15.0000  -45.0000 2261.2893   18.3306
   -7.5000   22.5000  -45.0000 2224.6763   19.0578
    0.0000   22.5000  -45.0000 2253.7278   18.8792
    7.5000   22.5000  -45.0000 2234.5129   18.9322
   -7.5000   30.0000  -45.0000 2178.4485   20.0659
    0.0000   30.0000  -45.0000 2212.3420   19.9656
    7.5000   30.0000  -45.0000 2191.7656   19.9919
   -7.5000   37.5000  -45.0000 2118.9539   21.5327
    0.0000   37.5000  -45.0000 2143.5977   21.4044
    7.5000   37.5000  -45.0000 2128.8467   21.4486
   -7.5000   45.0000  -45.0000 2027.0325   23.4416
    0.0000   45.0000  -45.0000 2049.9626   23.3067
    7.5000   45.0000  -45.0000 2032.5707   23.4023
   -7.5000  -45.0000  -37.5000 2256.6060   18.0729
    0.0000  -45.0000  -37.5000 2275.8696   17.9561
    7.5000  -45.0000  -37.5000 2271.5833   17.9772
   -7.5000  -37.5000  -37.5000 2282.9929   17.5837
    0.0000  -37.5000  -37.5000 2304.4597   17.4793
    7.5000  -37.5000  -37.5000 2299.2537   17.4925
   -7.5000  -30.0000  -37.5000 2317.1394   17.1908
    0.0000  -30.0000  -37.5000 2342.4175   17.0936
    7.5000  -30.0000  -37.5000 2329.6130   17.1686
   -7.5000  -22.5000  -37.5000 2349.9092   16.9821
    0.0000  -22.5000  -37.5000 2376.8235   16.8664
    7.5000  -22.5000  -37.5000 2363.7036   16.9438
   -7.5000  -15.0000  -37.5000 2374.6340   16.7237
    0.0000  -15.0000  -37.5000 2397.8857   16.6310
    7.5000  -15.0000  -37.5000 2386.2388   16.6772
   -7.5000   -7.5000  -37.5000 2380.3611   16.6413
    0.0000   -7.5000  -37.5000 2406.7385   16.4993
    7.5000   -7.5000  -37.5000 2397.2339   16.5492
   -7.5000    0.0000  -37.5000 2381.8459   16.6439
    0.0000    0.0000  -37.5000 2404.4160   16.4768
    7.5000    0.0000  -37.5000 2392.6528   16.5562
   -7.5000    7.5000  -37.5000 2367.5732   16.8032
    0.0000    7.5000  -37.5000 2396.3376   16.6520
    7.5000    7.5000  -37.5000 2376.2102   16.7466
   -7.5000   15.0000  -37.5000 2346.5444   17.0226
    0.0000   15.0000  -37.5000 2375.4412   16.9002
    7.5000   15.0000  -37.5000 2356.6809   16.9913
   -7.5000   22.5000  -37.5000 2312.7834   17.5780
    0.0000   22.5000  -37.5000 2345.8594   17.4394
    7.5000   22.5000  -37.5000 2326.4849   17.5282
   -7.5000   30.0000  -37.5000 2267.0083   18.4585
    0.0000   30.0000  -37.5000 2301.8896   18.3477
    7.5000   30.0000  -37.5000 2281.6743   18.4206
   -7.5000   37.5000  -37.5000 2208.5630   19.7606
    0.0000   37.5000  -37.5000 2242.1038   19.6473
    7.5000   37.5000  -37.5000 2218.9744   19.7365
   -7.5000   45.0000  -37.5000 2115.8240   21.5093
    0.0000   45.0000  -37.5000 2146.6921   21.3902
    7.5000   45.0000  -37.5000 2125.1108   21.5170
   -7.5000  -45.0000  -30.0000 2383.4744   17.2244
    0.0000  -45.0000  -30.0000 2406.5083   17.1155
    7.5000  -45.0000  -30.0000 2405.8389   17.1312
   -7.5000  -37.5000  -30.0000 2417.2410   16.7713
    0.0000  -37.5000  -30.0000 2444.4951   16.6621
    7.5000  -37.5000  -30.0000 2437.5996   16.6920
   -7.5000  -30.0000  -30.0000 2455.8545   16.4068
    0.0000  -30.0000  -30.0000 2483.2322   16.2840
    7.5000  -30.0000  -30.0000 2466.2512   16.3564
   -7.5000  -22.5000  -30.0000 2483.1040   16.1137
    0.0000  -22.5000  -30.0000 2511.9041   15.9931
    7.5000  -22.5000  -30.0000 2499.4678   16.0690
   -7.5000  -15.0000  -30.0000 2505.4390   15.8872
    0.0000  -15.0000  -30.0000 2530.3682   15.7451
    7.5000  -15.0000  -30.0000 2524.4819   15.8292
   -7.5000   -7.5000  -30.0000 2519.3723   15.7996
    0.0000   -7.5000  -30.0000 2541.4414   15.6422
    7.5000   -7.5000  -30.0000 2535.5010   15.7129
   -7.5000    0.0000  -30.0000 2529.7241   15.8522
    0.0000    0.0000  -30.0000 2553.3525   15.6646
    7.5000    0.0000  -30.0000 2536.6841   15.7819
   -7.5000    7.5000  -30.0000 2519.0330   16.0043
    0.0000    7.5000  -30.0000 2549.4246   15.8747
    7.5000    7.5000  -30.0000 2526.2336   15.9766
   -7.5000   15.0000  -30.0000 2492.4861   16.3053
    0.0000   15.0000  -30.0000 2523.9126   16.1757
    7.5000   15.0000  -30.0000 2506.4382   16.2895
   -7.5000   22.5000  -30.0000 2460.1580   16.8226
    0.0000   22.5000  -30.0000 2496.6436   16.6952
    7.5000   22.5000  -30.0000 2475.3115   16.8011
   -7.5000   30.0000  -30.0000 2409.4731   17.6573
    0.0000   30.0000  -30.0000 2449.8074   17.5354
    7.5000   30.0000  -30.0000 2424.4595   17.6461
   -7.5000   37.5000  -30.0000 2345.2551   18.8688
    0.0000   37.5000  -30.0000 2379.5752   18.8061
    7.5000   37.5000  -30.0000 2351.8198   18.8619
   -7.5000   45.0000  -30.0000 2242.4983   20.5282
    0.0000   45.0000  -30.0000 2271.7920   20.4177
    7.5000   45.0000  -30.0000 2248.6990   20.5210
   -7.5000  -45.0000  -22.5000 2474.7722   16.4703
    0.0000  -45.0000  -22.5000 2496.9529   16.2948
    7.5000  -45.0000  -22.5000 2498.3513   16.3607
   -7.5000  -37.5000  -22.5000 2512.0107   15.9549
    0.0000  -37.5000  -22.5000 2541.2102   15.8406
    7.5000  -37.5000  -22.5000 2536.4070   15.8791
   -7.5000  -30.0000  -22.5000 2551.9155   15.5593
    0.0000  -30.0000  -22.5000 2578.0205   15.4748
    7.5000  -30.0000  -22.5000 2566.5762   15.5217
   -7.5000  -22.5000  -22.5000 2584.7957   15.2552
    0.0000  -22.5000  -22.5000 2609.1919   15.1251
    7.5000  -22.5000  -22.5000 2601.4395   15.2011
   -7.5000  -15.0000  -22.5000 2601.5239   15.0017
    0.0000  -15.0000  -22.5000 2633.5872   14.8675
    7.5000  -15.0000  -22.5000 2627.4819   14.9427
   -7.5000   -7.5000  -22.5000 2620.8875   14.9096
    0.0000   -7.5000  -22.5000 2651.1782   14.7602
    7.5000   -7.5000  -22.5000 2645.4119   14.8567
   -7.5000    0.0000  -22.5000 2644.3528   14.9066
    0.0000    0.0000  -22.5000 2667.0552   14.7737
    7.5000    0.0000  -22.5000 2649.7468   14.8464
   -7.5000    7.5000  -22.5000 2650.8479   15.0715
    0.0000    7.5000  -22.5000 2674.7937   14.9694
    7.5000    7.5000  -22.5000 2647.4053   15.0237
   -7.5000   15.0000  -22.5000 2623.7534   15.4398
    0.0000   15.0000  -22.5000 2658.7078   15.3438
    7.5000   15.0000  -22.5000 2632.1096   15.3956
   -7.5000   22.5000  -22.5000 2584.3269   16.0330
    0.0000   22.5000  -22.5000 2626.0417   15.9025
    7.5000   22.5000  -22.5000 2601.4629   16.0106
   -7.5000   30.0000  -22.5000 2533.1318   16.8306
    0.0000   30.0000  -22.5000 2570.1089   16.7207
    7.5000   30.0000  -22.5000 2545.3125   16.8546
   -7.5000   37.5000  -22.5000 2455.6086   17.9485
    0.0000   37.5000  -22.5000 2487.5393   17.8752
    7.5000   37.5000  -22.5000 2461.0425   17.9591
   -7.5000   45.0000  -22.5000 2345.5488   19.5062
    0.0000   45.0000  -22.5000 2371.5310   19.4135
    7.5000   45.0000  -22.5000 2348.8372   19.4841
   -7.5000  -45.0000  -15.0000 2533.3142   15.8437
    0.0000  -45.0000  -15.0000 2558.9839   15.6839
    7.5000  -45.0000  -15.0000 2554.8340   15.7542
   -7.5000  -37.5000  -15.0000 2567.2007   15.2712
    0.0000  -37.5000  -15.0000 2603.4407   15.1399
    7.5000  -37.5000  -15.0000 2591.7180   15.2063
   -7.5000  -30.0000  -15.0000 2600.2229   14.8431
    0.0000  -30.0000  -15.0000 2635.6641   14.7040
    7.5000  -30.0000  -15.0000 2627.1951   14.7477
   -7.5000  -22.5000  -15.0000 2635.4583   14.4657
    0.0000  -22.5000  -15.0000 2664.4233   14.3409
    7.5000  -22.5000  -15.0000 2662.2949   14.3838
   -7.5000  -15.0000  -15.0000 2661.6936   14.2100
    0.0000  -15.0000  -15.0000 2694.8386   14.1094
    7.5000  -15.0000  -15.0000 2690.4165   14.1481
   -7.5000   -7.5000  -15.0000 2695.7222   14.0922
    0.0000   -7.5000  -15.0000 2728.0354   13.9783
    7.5000   -7.5000  -15.0000 2720.2871   14.0315
   -7.5000    0.0000  -15.0000 2717.3923   14.0856
    0.0000    0.0000  -15.0000 2750.7246   13.9494
    7.5000    0.0000  -15.0000 2732.9121   14.0330
   -7.5000    7.5000  -15.0000 2734.8079   14.2305
    0.0000    7.5000  -15.0000 2769.3130   14.0933
    7.5000    7.5000  -15.0000 2740.3816   14.1731
   -7.5000   15.0000  -15.0000 2724.3203   14.6474
    0.0000   15.0000  -15.0000 2758.3748   14.4951
    7.5000   15.0000  -15.0000 2728.4077   14.5747
   -7.5000   22.5000  -15.0000 2680.8994   15.2813
    0.0000   22.5000  -15.0000 2723.2385   15.1514
    7.5000   22.5000  -15.0000 2698.6025   15.2248
   -7.5000   30.0000  -15.0000 2620.3953   16.0395
    0.0000   30.0000  -15.0000 2656.8428   15.9475
    7.5000   30.0000  -15.0000 2630.6460   16.0495
   -7.5000   37.5000  -15.0000 2529.7117   17.1248
    0.0000   37.5000  -15.0000 2558.3147   17.0147
    7.5000   37.5000  -15.0000 2534.6384   17.1387
   -7.5000   45.0000  -15.0000 2412.0320   18.6305
    0.0000   45.0000  -15.0000 2436.2729   18.5262
    7.5000   45.0000  -15.0000 2419.3721   18.6357
   -7.5000  -45.0000   -7.5000 2563.9609   15.3034
    0.0000  -45.0000   -7.5000 2596.5564   15.1311
    7.5000  -45.0000   -7.5000 2591.7219   15.2190
   -7.5000  -37.5000   -7.5000 2600.9648   14.6802
    0.0000  -37.5000   -7.5000 2635.7148   14.5233
    7.5000  -37.5000   -7.5000 2623.8821   14.6396
   -7.5000  -30.0000   -7.5000 2627.0310   14.1970
    0.0000  -30.0000   -7.5000 2660.2349   14.0499
    7.5000  -30.0000   -7.5000 2654.1345   14.1535
   -7.5000  -22.5000   -7.5000 2664.8433   13.8062
    0.0000  -22.5000   -7.5000 2700.5789   13.6740
    7.5000  -22.5000   -7.5000 2696.8921   13.7374
   -7.5000  -15.0000   -7.5000 2703.4583   13.5473
    0.0000  -15.0000   -7.5000 2742.6187   13.4135
    7.5000  -15.0000   -7.5000 2733.9092   13.4838
   -7.5000   -7.5000   -7.5000 2751.5515   13.4403
    0.0000   -7.5000   -7.5000 2785.0535   13.3167
    7.5000   -7.5000   -7.5000 2773.8879   13.3729
   -7.5000    0.0000   -7.5000 2784.5964   13.4870
    0.0000    0.0000   -7.5000 2820.7693   13.3224
    7.5000    0.0000   -7.5000 2802.7129   13.4155
   -7.5000    7.5000   -7.5000 2803.9885   13.6237
    0.0000    7.5000   -7.5000 2846.2766   13.4529
    7.5000    7.5000   -7.5000 2815.6309   13.5885
   -7.5000   15.0000   -7.5000 2801.4475   13.9985
    0.0000   15.0000   -7.5000 2843.7676   13.8148
    7.5000   15.0000   -7.5000 2808.9819   13.9237
   -7.5000   22.5000   -7.5000 2758.4373   14.6403
    0.0000   22.5000   -7.5000 2799.4521   14.4474
    7.5000   22.5000   -7.5000 2768.7332   14.5524
   -7.5000   30.0000   -7.5000 2684.5178   15.3711
    0.0000   30.0000   -7.5000 2719.5784   15.1898
    7.5000   30.0000   -7.5000 2692.3550   15.3434
   -7.5000   37.5000   -7.5000 2580.2749   16.4261
    0.0000   37.5000   -7.5000 2611.0388   16.2429
    7.5000   37.5000   -7.5000 2589.5227   16.4298
   -7.5000   45.0000   -7.5000 2457.0715   17.9001
    0.0000   45.0000   -7.5000 2485.3616   17.7253
    7.5000   45.0000   -7.5000 2464.2043   17.9259
   -7.5000  -45.0000    0.0000 2579.8030   15.0008
    0.0000  -45.0000    0.0000 2616.5432   14.8142
    7.5000  -45.0000    0.0000 2610.9836   14.9284
   -7.5000  -37.5000    0.0000 2610.2493   14.3212
    0.0000  -37.5000    0.0000 2641.5315   14.1290
    7.5000  -37.5000    0.0000 2637.3049   14.2961
   -7.5000  -30.0000    0.0000 2638.3789   13.8281
    0.0000  -30.0000    0.0000 2665.2075   13.6486
    7.5000  -30.0000    0.0000 2666.2358   13.7825
   -7.5000  -22.5000    0.0000 2678.4045   13.4383
    0.0000  -22.5000    0.0000 2707.7429   13.2581
    7.5000  -22.5000    0.0000 2703.8887   13.3416
   -7.5000  -15.0000    0.0000 2725.4792   13.1564
    0.0000  -15.0000    0.0000 2754.4229   12.9862
    7.5000  -15.0000    0.0000 2746.6567   13.0725
   -7.5000   -7.5000    0.0000 2782.8743   12.9959
    0.0000   -7.5000    0.0000 2814.2249   12.8806
    7.5000   -7.5000    0.0000 2795.5137   12.9382
   -7.5000    0.0000    0.0000 2828.0071   13.1068
    0.0000    0.0000    0.0000 2867.5430   12.9692
    7.5000    0.0000    0.0000 2846.6680   13.0555
   -7.5000    7.5000    0.0000 2859.1926   13.3818
    0.0000    7.5000    0.0000 2916.6472   13.2087
    7.5000    7.5000    0.0000 2881.1345   13.3550
   -7.5000   15.0000    0.0000 2862.3638   13.7159
    0.0000   15.0000    0.0000 2921.0100   13.4897
    7.5000   15.0000    0.0000 2872.9739   13.6500
   -7.5000   22.5000    0.0000 2814.9109   14.2363
    0.0000   22.5000    0.0000 2857.6377   14.0243
    7.5000   22.5000    0.0000 2817.0298   14.1543
   -7.5000   30.0000    0.0000 2727.9500   14.9195
    0.0000   30.0000    0.0000 2757.1709   14.7287
    7.5000   30.0000    0.0000 2724.8135   14.8800
   -7.5000   37.5000    0.0000 2613.2905   15.9245
    0.0000   37.5000    0.0000 2639.3108   15.7287
    7.5000   37.5000    0.0000 2620.6047   15.8449
   -7.5000   45.0000    0.0000 2482.5461   17.3909
    0.0000   45.0000    0.0000 2511.3203   17.2117
    7.5000   45.0000    0.0000 2488.9832   17.3509
   -7.5000  -45.0000    7.5000 2586.4399   14.8917
    0.0000  -45.0000    7.5000 2623.9126   14.6975
    7.5000  -45.0000    7.5000 2618.8093   14.8458
   -7.5000  -37.5000    7.5000 2608.6951   14.1727
    0.0000  -37.5000    7.5000 2631.6799   13.9861
    7.5000  -37.5000    7.5000 2632.1790   14.1557
   -7.5000  -30.0000    7.5000 2638.6572   13.6884
    0.0000  -30.0000    7.5000 2659.5691   13.4710
    7.5000  -30.0000    7.5000 2658.1636   13.6260
   -7.5000  -22.5000    7.5000 2673.9731   13.2848
    0.0000  -22.5000    7.5000 2698.6907   13.0628
    7.5000  -22.5000    7.5000 2696.2258   13.2218
   -7.5000  -15.0000    7.5000 2728.6602   12.9797
    0.0000  -15.0000    7.5000 2755.6670   12.7901
    7.5000  -15.0000    7.5000 2740.6255   12.9145
   -7.5000   -7.5000    7.5000 2787.6992   12.8712
    0.0000   -7.5000    7.5000 2814.1438   12.7300
    7.5000   -7.5000    7.5000 2793.6143   12.8339
   -7.5000    0.0000    7.5000 2839.4600   12.9952
    0.0000    0.0000    7.5000 2883.7886   12.9417
    7.5000    0.0000    7.5000 2854.8057   12.9835
   -7.5000    7.5000    7.5000 2886.4412   13.2977
    0.0000    7.5000    7.5000 2959.1130   13.2559
    7.5000    7.5000    7.5000 2913.1052   13.3066
   -7.5000   15.0000    7.5000 2892.7981   13.6143
    0.0000   15.0000    7.5000 2974.6433   13.5256
    7.5000   15.0000    7.5000 2910.6448   13.5796
   -7.5000   22.5000    7.5000 2839.3936   14.0600
    0.0000   22.5000    7.5000 2898.9065   13.9492
    7.5000   22.5000    7.5000 2845.0081   14.0373
   -7.5000   30.0000    7.5000 2740.6316   14.7039
    0.0000   30.0000    7.5000 2776.0554   14.5443
    7.5000   30.0000    7.5000 2742.1411   14.6559
   -7.5000   37.5000    7.5000 2618.7825   15.6701
    0.0000   37.5000    7.5000 2641.7124   15.5113
    7.5000   37.5000    7.5000 2625.5388   15.5767
   -7.5000   45.0000    7.5000 2489.4763   17.0987
    0.0000   45.0000    7.5000 2511.8418   16.9129
    7.5000   45.0000    7.5000 2489.8657   17.0112
   -7.5000  -45.0000   15.0000 2557.8975   14.9921
    0.0000  -45.0000   15.0000 2600.5537   14.7302
    7.5000  -45.0000   15.0000 2593.5220   14.9694
   -7.5000  -37.5000   15.0000 2586.4636   14.2620
    0.0000  -37.5000   15.0000 2612.7136   13.9935
    7.5000  -37.5000   15.0000 2610.1079   14.2282
   -7.5000  -30.0000   15.0000 2619.4067   13.7491
    0.0000  -30.0000   15.0000 2638.3682   13.4933
    7.5000  -30.0000   15.0000 2636.6345   13.7294
   -7.5000  -22.5000   15.0000 2652.2141   13.3762
    0.0000  -22.5000   15.0000 2672.0557   13.1411
    7.5000  -22.5000   15.0000 2670.9353   13.3582
   -7.5000  -15.0000   15.0000 2704.8486   13.0913
    0.0000  -15.0000   15.0000 2727.5071   12.9276
    7.5000  -15.0000   15.0000 2715.6208   13.1025
   -7.5000   -7.5000   15.0000 2761.3723   13.0256
    0.0000   -7.5000   15.0000 2791.0630   12.9279
    7.5000   -7.5000   15.0000 2772.7695   13.0289
   -7.5000    0.0000   15.0000 2819.8696   13.1314
    0.0000    0.0000   15.0000 2862.7019   13.1402
    7.5000    0.0000   15.0000 2829.8770   13.1425
   -7.5000    7.5000   15.0000 2871.5432   13.3463
    0.0000    7.5000   15.0000 2938.6917   13.2965
    7.5000    7.5000   15.0000 2885.8599   13.3646
   -7.5000   15.0000   15.0000 2879.3411   13.6824
    0.0000   15.0000   15.0000 2952.4348   13.5110
    7.5000   15.0000   15.0000 2889.0671   13.6173
   -7.5000   22.5000   15.0000 2826.9121   14.1170
    0.0000   22.5000   15.0000 2883.1694   13.9822
    7.5000   22.5000   15.0000 2831.5361   14.0725
   -7.5000   30.0000   15.0000 2725.4558   14.8073
    0.0000   30.0000   15.0000 2758.8730   14.6813
    7.5000   30.0000   15.0000 2725.3191   14.7669
   -7.5000   37.5000   15.0000 2593.9204   15.8087
    0.0000   37.5000   15.0000 2621.8757   15.6551
    7.5000   37.5000   15.0000 2604.0188   15.7480
   -7.5000   45.0000   15.0000 2464.7405   17.2130
    0.0000   45.0000   15.0000 2485.2444   17.0012
    7.5000   45.0000   15.0000 2465.2302   17.1137
   -7.5000  -45.0000   22.5000 2515.4299   15.3829
    0.0000  -45.0000   22.5000 2549.5684   15.0160
    7.5000  -45.0000   22.5000 2545.0701   15.3056
   -7.5000  -37.5000   22.5000 2545.9268   14.6220
    0.0000  -37.5000   22.5000 2576.9619   14.3244
    7.5000  -37.5000   22.5000 2573.7361   14.5915
   -7.5000  -30.0000   22.5000 2576.8762   14.1000
    0.0000  -30.0000   22.5000 2606.0437   13.8310
    7.5000  -30.0000   22.5000 2599.2949   14.1053
   -7.5000  -22.5000   22.5000 2615.8372   13.7280
    0.0000  -22.5000   22.5000 2643.1658   13.4654
    7.5000  -22.5000   22.5000 2631.3384   13.7042
   -7.5000  -15.0000   22.5000 2670.8994   13.4807
    0.0000  -15.0000   22.5000 2694.4973   13.2903
    7.5000  -15.0000   22.5000 2683.7205   13.4990
   -7.5000   -7.5000   22.5000 2728.3689   13.4071
    0.0000   -7.5000   22.5000 2755.7649   13.2278
    7.5000   -7.5000   22.5000 2739.6792   13.3899
   -7.5000    0.0000   22.5000 2780.5195   13.5271
    0.0000    0.0000   22.5000 2817.9038   13.3462
    7.5000    0.0000   22.5000 2791.8264   13.4853
   -7.5000    7.5000   22.5000 2822.0281   13.6903
    0.0000    7.5000   22.5000 2866.5334   13.4216
    7.5000    7.5000   22.5000 2825.5955   13.6598
   -7.5000   15.0000   22.5000 2822.5225   13.9831
    0.0000   15.0000   22.5000 2868.1023   13.7081
    7.5000   15.0000   22.5000 2825.4092   13.9288
   -7.5000   22.5000   22.5000 2773.7468   14.4213
    0.0000   22.5000   22.5000 2813.7019   14.2320
    7.5000   22.5000   22.5000 2777.4751   14.3991
   -7.5000   30.0000   22.5000 2685.0066   15.1628
    0.0000   30.0000   22.5000 2717.4302   14.9842
    7.5000   30.0000   22.5000 2683.9316   15.1207
   -7.5000   37.5000   22.5000 2551.8799   16.2801
    0.0000   37.5000   22.5000 2580.5273   16.0837
    7.5000   37.5000   22.5000 2562.0942   16.2097
   -7.5000   45.0000   22.5000 2423.1702   17.7058
    0.0000   45.0000   22.5000 2443.3894   17.4751
    7.5000   45.0000   22.5000 2429.4043   17.6079
   -7.5000  -45.0000   30.0000 2459.9688   15.9846
    0.0000  -45.0000   30.0000 2484.9097   15.6478
    7.5000  -45.0000   30.0000 2478.8386   15.8819
   -7.5000  -37.5000   30.0000 2494.1355   15.2185
    0.0000  -37.5000   30.0000 2525.2422   14.9002
    7.5000  -37.5000   30.0000 2519.5525   15.1538
   -7.5000  -30.0000   30.0000 2529.4309   14.6661
    0.0000  -30.0000   30.0000 2560.9663   14.3330
    7.5000  -30.0000   30.0000 2545.2300   14.6451
   -7.5000  -22.5000   30.0000 2573.7180   14.2854
    0.0000  -22.5000   30.0000 2604.3552   13.9585
    7.5000  -22.5000   30.0000 2582.6658   14.2464
   -7.5000  -15.0000   30.0000 2622.8105   14.0403
    0.0000  -15.0000   30.0000 2650.9075   13.7850
    7.5000  -15.0000   30.0000 2633.1340   14.0281
   -7.5000   -7.5000   30.0000 2678.2439   13.9563
    0.0000   -7.5000   30.0000 2704.5344   13.7029
    7.5000   -7.5000   30.0000 2686.8264   13.9575
   -7.5000    0.0000   30.0000 2715.9006   14.0382
    0.0000    0.0000   30.0000 2751.0312   13.7577
    7.5000    0.0000   30.0000 2728.3042   14.0228
   -7.5000    7.5000   30.0000 2747.0835   14.2405
    0.0000    7.5000   30.0000 2785.5549   13.9094
    7.5000    7.5000   30.0000 2751.0525   14.1777
   -7.5000   15.0000   30.0000 2735.9624   14.5270
    0.0000   15.0000   30.0000 2772.0393   14.2438
    7.5000   15.0000   30.0000 2738.0649   14.4902
   -7.5000   22.5000   30.0000 2685.8135   15.0318
    0.0000   22.5000   30.0000 2718.7271   14.8064
    7.5000   22.5000   30.0000 2695.1680   14.9800
   -7.5000   30.0000   30.0000 2609.6528   15.8131
    0.0000   30.0000   30.0000 2636.0366   15.6188
    7.5000   30.0000   30.0000 2612.3147   15.8032
   -7.5000   37.5000   30.0000 2501.2222   16.9052
    0.0000   37.5000   30.0000 2524.2488   16.7022
    7.5000   37.5000   30.0000 2502.7729   16.8534
   -7.5000   45.0000   30.0000 2373.8899   18.3625
    0.0000   45.0000   30.0000 2395.8994   18.1871
    7.5000   45.0000   30.0000 2377.3901   18.3185
   -7.5000  -45.0000   37.5000 2396.3650   16.7671
    0.0000  -45.0000   37.5000 2418.2810   16.4227
    7.5000  -45.0000   37.5000 2406.2461   16.6323
   -7.5000  -37.5000   37.5000 2438.1125   15.9405
    0.0000  -37.5000   37.5000 2464.6045   15.6173
    7.5000  -37.5000   37.5000 2450.1406   15.9082
   -7.5000  -30.0000   37.5000 2479.2661   15.4026
    0.0000  -30.0000   37.5000 2502.9348   15.0669
    7.5000  -30.0000   37.5000 2485.7397   15.4104
   -7.5000  -22.5000   37.5000 2525.8955   15.0049
    0.0000  -22.5000   37.5000 2560.7112   14.6961
    7.5000  -22.5000   37.5000 2531.1069   15.0013
   -7.5000  -15.0000   37.5000 2563.2695   14.7592
    0.0000  -15.0000   37.5000 2597.9399   14.4691
    7.5000  -15.0000   37.5000 2574.6167   14.7658
   -7.5000   -7.5000   37.5000 2610.7935   14.7048
    0.0000   -7.5000   37.5000 2644.9690   14.4404
    7.5000   -7.5000   37.5000 2619.2102   14.7130
   -7.5000    0.0000   37.5000 2649.6099   14.8054
    0.0000    0.0000   37.5000 2688.2668   14.5447
    7.5000    0.0000   37.5000 2659.0012   14.7977
   -7.5000    7.5000   37.5000 2668.4966   14.9531
    0.0000    7.5000   37.5000 2697.3074   14.6783
    7.5000    7.5000   37.5000 2669.7251   14.9219
   -7.5000   15.0000   37.5000 2646.1548   15.3203
    0.0000   15.0000   37.5000 2670.1365   15.0445
    7.5000   15.0000   37.5000 2646.7485   15.2848
   -7.5000   22.5000   37.5000 2589.5266   15.8611
    0.0000   22.5000   37.5000 2619.4072   15.6269
    7.5000   22.5000   37.5000 2599.7251   15.8086
   -7.5000   30.0000   37.5000 2518.9578   16.6703
    0.0000   30.0000   37.5000 2552.4744   16.4542
    7.5000   30.0000   37.5000 2527.1184   16.6383
   -7.5000   37.5000   37.5000 2432.1079   17.7642
    0.0000   37.5000   37.5000 2458.8821   17.5253
    7.5000   37.5000   37.5000 2429.9158   17.7017
   -7.5000   45.0000   37.5000 2317.5696   19.1763
    0.0000   45.0000   37.5000 2337.8420   18.9831
    7.5000   45.0000   37.5000 2323.4443   19.1298
   -7.5000  -45.0000   45.0000 2332.5454   17.7673
    0.0000  -45.0000   45.0000 2357.0129   17.4851
    7.5000  -45.0000   45.0000 2342.6541   17.6584
   -7.5000  -37.5000   45.0000 2381.9055   16.9126
    0.0000  -37.5000   45.0000 2413.4348   16.6171
    7.5000  -37.5000   45.0000 2387.3396   16.8148
   -7.5000  -30.0000   45.0000 2422.6118   16.2793
    0.0000  -30.0000   45.0000 2451.9753   15.9986
    7.5000  -30.0000   45.0000 2425.2917   16.2765
   -7.5000  -22.5000   45.0000 2472.3994   15.9182
    0.0000  -22.5000   45.0000 2501.7632   15.6279
    7.5000  -22.5000   45.0000 2473.6614   15.9068
   -7.5000  -15.0000   45.0000 2501.6919   15.6785
    0.0000  -15.0000   45.0000 2534.8745   15.4128
    7.5000  -15.0000   45.0000 2507.6045   15.6751
   -7.5000   -7.5000   45.0000 2536.1975   15.6026
    0.0000   -7.5000   45.0000 2574.0620   15.3430
    7.5000   -7.5000   45.0000 2543.9634   15.5752
   -7.5000    0.0000   45.0000 2564.3999   15.6847
    0.0000    0.0000   45.0000 2600.0708   15.4606
    7.5000    0.0000   45.0000 2570.3254   15.6655
   -7.5000    7.5000   45.0000 2572.7673   15.9208
    0.0000    7.5000   45.0000 2596.9082   15.6908
    7.5000    7.5000   45.0000 2571.9702   15.8859
   -7.5000   15.0000   45.0000 2544.6470   16.3175
    0.0000   15.0000   45.0000 2565.4683   16.1184
    7.5000   15.0000   45.0000 2544.5754   16.3194
   -7.5000   22.5000   45.0000 2494.6130   16.9334
    0.0000   22.5000   45.0000 2519.7021   16.7494
    7.5000   22.5000   45.0000 2499.7048   16.9190
   -7.5000   30.0000   45.0000 2433.6860   17.7124
    0.0000   30.0000   45.0000 2462.0247   17.5261
    7.5000   30.0000   45.0000 2436.6350   17.7260
   -7.5000   37.5000   45.0000 2364.3574   18.7138
    0.0000   37.5000   45.0000 2383.2942   18.4833
    7.5000   37.5000   45.0000 2353.6162   18.6708
   -7.5000   45.0000   45.0000 2251.5701   20.0968
    0.0000   45.0000   45.0000 2271.7908   19.9081
    7.5000   45.0000   45.0000 2255.8689   20.0893

---------------------------------------------------------------------
imgreg_4dfp /opt/freesurfer/average/711-2C_as_mni_average_305 /opt/freesurfer/average/711-2B_as_mni_average_305_mask talsrcimg_g11 none talsrcimg_to_711-2C_as_mni_average_305_t4 1283
---------------------------------------------------------------------

freesurfer imgreg_4dfp.c
/opt/freesurfer/average/711-2C_as_mni_average_305.4dfp.img
       256       256       256         1
  1.000000  1.000000  1.000000
orientation T byte_order littleendian
Reading image: /opt/freesurfer/average/711-2C_as_mni_average_305.4dfp.img
dimensions:      256       256       256
mmppix:       1.0000   -1.0000   -1.0000
center:     128.0000 -129.0000 -129.0000
/opt/freesurfer/average/711-2B_as_mni_average_305_mask.4dfp.img
       256       256       256         1
  1.000000  1.000000  1.000000
orientation T byte_order littleendian
Reading mask: /opt/freesurfer/average/711-2B_as_mni_average_305_mask.4dfp.img (2306576 pixels)
talsrcimg_g11.4dfp.img
       256       256       256         1
  1.000000  1.000000  1.000000
orientation T byte_order littleendian
Reading image: talsrcimg_g11.4dfp.img
dimensions:      256       256       256
mmppix:       1.0000   -1.0000   -1.0000
center:     128.0000 -129.0000 -129.0000
rotation matrix determinant  1.000000
fimgreg.f
image alignment mode   1283 decimal      503 hex
parameters
    0.0000   15.0000    7.5000    0.0000    0.0000    0.0000
eta,q 0.93367 13.58159
niter,ni,del,rscale     5    3   12.0000    1.2000
parameter  2  0.609566 ->  0.500000 qaram    1.1500
parameters
    0.7489   11.5500    7.7897   -2.6874    2.4984    1.2866
eta,q 0.94082 13.29484
  0.0894  0.0654  0.0740  0.0638  0.0751  0.0685
  0.0786  0.0622  0.0681  0.0612  0.0701  0.0643
  0.0699  0.0627  0.0631  0.0605  0.0646  0.0606
  0.0669  0.0667  0.0614  0.0616  0.0605  0.0589
  0.0683  0.0721  0.0631  0.0658  0.0588  0.0596
  0.0725  0.0791  0.0668  0.0710  0.0601  0.0609
  0.0802  0.0862  0.0716  0.0730  0.0626  0.0626
niter,ni,del,rscale     5    3   12.0000    1.2000
parameters
    0.3681   13.3490    7.6899   -5.4174    3.1030    1.4153
eta,q 0.94328 13.27253
  0.0752  0.0750  0.0702  0.0583  0.0652  0.0627
  0.0660  0.0670  0.0628  0.0572  0.0610  0.0593
  0.0608  0.0631  0.0582  0.0565  0.0583  0.0570
  0.0592  0.0593  0.0574  0.0573  0.0566  0.0566
  0.0615  0.0574  0.0600  0.0608  0.0576  0.0578
  0.0691  0.0603  0.0645  0.0648  0.0591  0.0590
  0.0803  0.0644  0.0698  0.0695  0.0624  0.0618
niter,ni,del,rscale     4    3   12.0000    1.2000
parameters
   -0.2224   15.1355    7.1581   -7.6683    3.1017    1.4694
eta,q 0.94678 13.40621
  0.0727  0.0728  0.0660  0.0554  0.0624  0.0619
  0.0628  0.0683  0.0587  0.0549  0.0580  0.0576
  0.0572  0.0626  0.0536  0.0530  0.0549  0.0542
  0.0567  0.0564  0.0536  0.0530  0.0532  0.0532
  0.0607  0.0534  0.0582  0.0567  0.0544  0.0542
  0.0689  0.0570  0.0634  0.0618  0.0577  0.0573
  0.0792  0.0642  0.0685  0.0665  0.0628  0.0616
niter,ni,del,rscale     3    3   12.0000    1.2000
parameters
   -0.2408   15.8290    6.5991   -8.9379    2.9636    1.3309
eta,q 0.94634 13.46737
  0.0764  0.0717  0.0643  0.0550  0.0627  0.0612
  0.0642  0.0658  0.0583  0.0548  0.0582  0.0570
  0.0554  0.0579  0.0537  0.0541  0.0552  0.0542
  0.0532  0.0532  0.0528  0.0525  0.0536  0.0536
  0.0567  0.0539  0.0568  0.0524  0.0546  0.0544
  0.0646  0.0594  0.0625  0.0566  0.0586  0.0575
  0.0761  0.0674  0.0678  0.0624  0.0639  0.0620
niter,ni,del,rscale     2    3   12.0000    1.2000
parameters
   -0.1322   16.2012    6.2730   -9.1305    2.9399    1.3088
eta,q 0.94634 13.47719
  0.0778  0.0714  0.0649  0.0570  0.0631  0.0614
  0.0654  0.0635  0.0588  0.0549  0.0584  0.0571
  0.0562  0.0562  0.0545  0.0546  0.0554  0.0542
  0.0537  0.0537  0.0537  0.0535  0.0537  0.0537
  0.0564  0.0554  0.0566  0.0524  0.0544  0.0544
  0.0641  0.0606  0.0611  0.0540  0.0585  0.0571
  0.0760  0.0682  0.0666  0.0593  0.0637  0.0615
niter,ni,del,rscale     1    3   12.0000    1.2000
parameters
   -0.0915   16.2397    6.2268   -9.0904    2.9210    1.3211
eta,q 0.94635 13.47757
  0.0773  0.0704  0.0659  0.0574  0.0631  0.0615
  0.0650  0.0620  0.0596  0.0550  0.0584  0.0572
  0.0560  0.0554  0.0549  0.0547  0.0554  0.0542
  0.0537  0.0537  0.0537  0.0537  0.0536  0.0537
  0.0566  0.0561  0.0562  0.0525  0.0544  0.0544
  0.0644  0.0616  0.0603  0.0537  0.0584  0.0570
  0.0765  0.0698  0.0656  0.0588  0.0637  0.0614
registration optimization eta report
parameter search radius
    6.0000    6.9000    6.0000    6.0000    6.0000    6.0000
100000*second partial in parameter space
       64.       34.       33.       13.       27.       22.
  0.0773  0.0704  0.0659  0.0574  0.0631  0.0615
  0.0650  0.0620  0.0596  0.0550  0.0584  0.0572
  0.0560  0.0554  0.0549  0.0547  0.0554  0.0542
  0.0537  0.0537  0.0537  0.0537  0.0536  0.0537
  0.0566  0.0561  0.0562  0.0525  0.0544  0.0544
  0.0644  0.0616  0.0603  0.0537  0.0584  0.0570
  0.0765  0.0698  0.0656  0.0588  0.0637  0.0614
   -0.0915   16.2397    6.2268   -9.0904    2.9210    1.3211
eta,q 0.94635 13.47757

---------------------------------------------------------------------
imgreg_4dfp /opt/freesurfer/average/711-2C_as_mni_average_305 /opt/freesurfer/average/711-2B_as_mni_average_305_mask talsrcimg_g11 none talsrcimg_to_711-2C_as_mni_average_305_t4 3335
---------------------------------------------------------------------

freesurfer imgreg_4dfp.c
/opt/freesurfer/average/711-2C_as_mni_average_305.4dfp.img
       256       256       256         1
  1.000000  1.000000  1.000000
orientation T byte_order littleendian
Reading image: /opt/freesurfer/average/711-2C_as_mni_average_305.4dfp.img
dimensions:      256       256       256
mmppix:       1.0000   -1.0000   -1.0000
center:     128.0000 -129.0000 -129.0000
/opt/freesurfer/average/711-2B_as_mni_average_305_mask.4dfp.img
       256       256       256         1
  1.000000  1.000000  1.000000
orientation T byte_order littleendian
Reading mask: /opt/freesurfer/average/711-2B_as_mni_average_305_mask.4dfp.img (2306576 pixels)
talsrcimg_g11.4dfp.img
       256       256       256         1
  1.000000  1.000000  1.000000
orientation T byte_order littleendian
Reading image: talsrcimg_g11.4dfp.img
dimensions:      256       256       256
mmppix:       1.0000   -1.0000   -1.0000
center:     128.0000 -129.0000 -129.0000
fimgreg.f
image alignment mode   3335 decimal      D07 hex
parameters
   -0.0915   16.2397    6.2268   -0.1565   -1.2636   -1.3842
   -1.4717   -5.3947    2.3026   15.6790    5.0958  -15.7787
eta,q 0.94750 13.46154
niter,ni,del,rscale     5    3    5.0000    1.2000
parameter  4  1.160492 ->  0.500000 qaram    1.1500
parameter  5  3.436525 ->  0.500000 qaram    1.1500
parameter  6  0.613747 ->  0.500000 qaram    1.1500
parameter 10  0.669062 ->  0.500000 qaram    1.1500
parameters
   -0.1702   16.2570    6.3798   -4.2965   -5.4036   -5.5242
   -0.7645   -4.5903    5.1701   11.5390    5.4972  -15.5743
eta,q 0.95903 12.98019
  0.0564  0.0549  0.0551  0.0483  0.0411  0.0429  0.0472  0.0496  0.0469  0.0416  0.0424  0.0426
  0.0542  0.0536  0.0537  0.0487  0.0432  0.0428  0.0450  0.0464  0.0450  0.0410  0.0416  0.0417
  0.0529  0.0528  0.0528  0.0501  0.0459  0.0431  0.0435  0.0439  0.0437  0.0413  0.0412  0.0411
  0.0525  0.0525  0.0525  0.0525  0.0490  0.0439  0.0429  0.0428  0.0428  0.0424  0.0410  0.0410
  0.0531  0.0527  0.0527  0.0556  0.0523  0.0458  0.0431  0.0431  0.0424  0.0442  0.0411  0.0411
  0.0546  0.0535  0.0533  0.0592  0.0558  0.0488  0.0441  0.0446  0.0425  0.0464  0.0414  0.0416
  0.0569  0.0549  0.0545  0.0633  0.0595  0.0527  0.0457  0.0472  0.0433  0.0490  0.0421  0.0424
niter,ni,del,rscale     7    3    5.0000    1.2000
parameter  5  1.192884 ->  0.500000 qaram    1.3225
parameters
   -0.1823   16.3108    6.0875   -8.1494  -10.1646   -7.5417
   -1.0492   -4.7637    4.8645   10.5111    4.4930  -16.0441
eta,q 0.96348 12.36410
  0.0458  0.0445  0.0426  0.0411  0.0362  0.0388  0.0400  0.0421  0.0393  0.0406  0.0373  0.0377
  0.0431  0.0427  0.0416  0.0406  0.0367  0.0372  0.0381  0.0391  0.0378  0.0381  0.0368  0.0369
  0.0415  0.0415  0.0410  0.0405  0.0381  0.0367  0.0370  0.0372  0.0369  0.0368  0.0365  0.0366
  0.0410  0.0410  0.0410  0.0409  0.0405  0.0370  0.0367  0.0367  0.0367  0.0367  0.0365  0.0365
  0.0416  0.0413  0.0414  0.0426  0.0435  0.0379  0.0372  0.0375  0.0371  0.0378  0.0367  0.0367
  0.0432  0.0424  0.0423  0.0455  0.0471  0.0395  0.0386  0.0395  0.0381  0.0400  0.0372  0.0372
  0.0458  0.0443  0.0436  0.0493  0.0511  0.0426  0.0405  0.0425  0.0397  0.0429  0.0378  0.0381
niter,ni,del,rscale     7    3    5.0000    1.2000
parameter  5  0.513897 ->  0.500000 qaram    1.5209
parameters
   -0.0890   16.4705    6.1266   -8.3028  -15.6398   -7.5556
   -0.9235   -4.7540    5.1484   10.4671    3.9317  -16.2252
eta,q 0.96436 11.98900
  0.0414  0.0408  0.0387  0.0393  0.0364  0.0395  0.0389  0.0413  0.0384  0.0405  0.0365  0.0368
  0.0388  0.0386  0.0375  0.0377  0.0357  0.0373  0.0371  0.0383  0.0369  0.0377  0.0359  0.0361
  0.0372  0.0371  0.0367  0.0369  0.0357  0.0360  0.0360  0.0363  0.0360  0.0361  0.0357  0.0357
  0.0365  0.0365  0.0365  0.0365  0.0365  0.0357  0.0357  0.0357  0.0357  0.0357  0.0356  0.0356
  0.0369  0.0367  0.0367  0.0365  0.0384  0.0362  0.0360  0.0364  0.0359  0.0364  0.0358  0.0358
  0.0383  0.0379  0.0374  0.0376  0.0415  0.0375  0.0370  0.0383  0.0367  0.0381  0.0362  0.0362
  0.0407  0.0398  0.0385  0.0399  0.0453  0.0394  0.0386  0.0412  0.0379  0.0404  0.0368  0.0370
niter,ni,del,rscale     7    3    5.0000    1.2000
parameters
   -0.1048   16.7685    6.2879   -8.0937  -15.8505   -7.4655
   -0.9040   -4.7695    5.2922   10.7348    3.7182  -16.3682
eta,q 0.96442 12.00495
  0.0398  0.0400  0.0379  0.0381  0.0401  0.0395  0.0387  0.0412  0.0381  0.0408  0.0365  0.0367
  0.0375  0.0378  0.0367  0.0367  0.0376  0.0374  0.0370  0.0382  0.0368  0.0379  0.0360  0.0361
  0.0361  0.0363  0.0359  0.0359  0.0360  0.0360  0.0359  0.0362  0.0359  0.0362  0.0356  0.0357
  0.0356  0.0356  0.0356  0.0356  0.0356  0.0356  0.0356  0.0356  0.0356  0.0356  0.0356  0.0356
  0.0361  0.0358  0.0357  0.0355  0.0359  0.0362  0.0359  0.0364  0.0359  0.0362  0.0357  0.0357
  0.0375  0.0367  0.0363  0.0362  0.0376  0.0373  0.0370  0.0383  0.0367  0.0378  0.0361  0.0361
  0.0400  0.0382  0.0374  0.0381  0.0407  0.0392  0.0386  0.0412  0.0379  0.0400  0.0366  0.0369
niter,ni,del,rscale     6    3    5.0000    1.2000
parameters
   -0.1155   16.8099    6.2868   -8.1153  -15.8791   -7.4367
   -0.8927   -4.7752    5.3853   10.8057    3.6326  -16.3892
eta,q 0.96441 12.00531
  0.0398  0.0392  0.0376  0.0380  0.0402  0.0394  0.0387  0.0413  0.0381  0.0406  0.0366  0.0368
  0.0375  0.0372  0.0365  0.0366  0.0377  0.0373  0.0370  0.0382  0.0368  0.0378  0.0360  0.0361
  0.0361  0.0360  0.0358  0.0358  0.0361  0.0360  0.0359  0.0362  0.0359  0.0361  0.0357  0.0357
  0.0356  0.0356  0.0356  0.0356  0.0356  0.0356  0.0356  0.0356  0.0356  0.0356  0.0356  0.0356
  0.0360  0.0360  0.0358  0.0355  0.0359  0.0362  0.0359  0.0364  0.0359  0.0363  0.0357  0.0357
  0.0375  0.0371  0.0365  0.0363  0.0374  0.0374  0.0370  0.0383  0.0367  0.0379  0.0361  0.0361
  0.0399  0.0389  0.0376  0.0383  0.0405  0.0392  0.0387  0.0412  0.0380  0.0402  0.0366  0.0368
niter,ni,del,rscale     5    3    5.0000    1.2000
parameters
   -0.1183   16.8234    6.2871   -8.1123  -15.8938   -7.4343
   -0.8946   -4.7792    5.4220   10.8284    3.6043  -16.3900
eta,q 0.96441 12.00521
  0.0398  0.0391  0.0376  0.0380  0.0402  0.0394  0.0387  0.0413  0.0381  0.0405  0.0366  0.0368
  0.0375  0.0372  0.0365  0.0366  0.0377  0.0373  0.0370  0.0382  0.0367  0.0377  0.0360  0.0361
  0.0361  0.0360  0.0358  0.0359  0.0361  0.0360  0.0359  0.0362  0.0359  0.0361  0.0357  0.0357
  0.0356  0.0356  0.0356  0.0356  0.0356  0.0356  0.0356  0.0356  0.0356  0.0356  0.0356  0.0356
  0.0360  0.0360  0.0358  0.0356  0.0359  0.0362  0.0359  0.0364  0.0359  0.0363  0.0357  0.0357
  0.0375  0.0372  0.0365  0.0363  0.0374  0.0374  0.0370  0.0383  0.0367  0.0379  0.0361  0.0361
  0.0399  0.0390  0.0376  0.0383  0.0405  0.0393  0.0387  0.0412  0.0380  0.0402  0.0366  0.0368
registration optimization eta report
parameter search radius
    2.4000    2.4000    2.4000    8.2800   10.9503    8.2800
    7.2000    7.2000    7.2000    8.2800    7.2000    7.2000
100000*second partial in parameter space
       75.       60.       35.        4.        4.        5.
        6.       11.        5.        7.        2.        2.
  0.0398  0.0391  0.0376  0.0380  0.0402  0.0394  0.0387  0.0413  0.0381  0.0405  0.0366  0.0368
  0.0375  0.0372  0.0365  0.0366  0.0377  0.0373  0.0370  0.0382  0.0367  0.0377  0.0360  0.0361
  0.0361  0.0360  0.0358  0.0359  0.0361  0.0360  0.0359  0.0362  0.0359  0.0361  0.0357  0.0357
  0.0356  0.0356  0.0356  0.0356  0.0356  0.0356  0.0356  0.0356  0.0356  0.0356  0.0356  0.0356
  0.0360  0.0360  0.0358  0.0356  0.0359  0.0362  0.0359  0.0364  0.0359  0.0363  0.0357  0.0357
  0.0375  0.0372  0.0365  0.0363  0.0374  0.0374  0.0370  0.0383  0.0367  0.0379  0.0361  0.0361
  0.0399  0.0390  0.0376  0.0383  0.0405  0.0393  0.0387  0.0412  0.0380  0.0402  0.0366  0.0368
   -0.1183   16.8234    6.2871   -8.1123  -15.8938   -7.4343
   -0.8946   -4.7792    5.4220   10.8284    3.6043  -16.3900
eta,q 0.96441 12.00521

---------------------------------------------------------------------
imgreg_4dfp /opt/freesurfer/average/711-2C_as_mni_average_305 /opt/freesurfer/average/711-2B_as_mni_average_305_mask talsrcimg_g11 none talsrcimg_to_711-2C_as_mni_average_305_t4 2311
---------------------------------------------------------------------

freesurfer imgreg_4dfp.c
/opt/freesurfer/average/711-2C_as_mni_average_305.4dfp.img
       256       256       256         1
  1.000000  1.000000  1.000000
orientation T byte_order littleendian
Reading image: /opt/freesurfer/average/711-2C_as_mni_average_305.4dfp.img
dimensions:      256       256       256
mmppix:       1.0000   -1.0000   -1.0000
center:     128.0000 -129.0000 -129.0000
/opt/freesurfer/average/711-2B_as_mni_average_305_mask.4dfp.img
       256       256       256         1
  1.000000  1.000000  1.000000
orientation T byte_order littleendian
Reading mask: /opt/freesurfer/average/711-2B_as_mni_average_305_mask.4dfp.img (2306576 pixels)
talsrcimg_g11.4dfp.img
       256       256       256         1
  1.000000  1.000000  1.000000
orientation T byte_order littleendian
Reading image: talsrcimg_g11.4dfp.img
dimensions:      256       256       256
mmppix:       1.0000   -1.0000   -1.0000
center:     128.0000 -129.0000 -129.0000
fimgreg.f
image alignment mode   2311 decimal      907 hex
parameters
   -0.1183   16.8234    6.2871   -8.1123  -15.8938   -7.4343
   -0.8946   -4.7792    5.4220   10.8284    3.6043  -16.3900
eta,q 0.96441 12.00522
niter,ni,del,rscale     5    3    5.0000    0.8000
parameters
   -0.1041   16.8073    6.2879   -7.2820  -15.3801   -7.5065
   -1.0248   -4.7694    5.3519   10.5972    3.6903  -16.4136
eta,q 0.96448 12.08724
  0.0375  0.0371  0.0365  0.0363  0.0365  0.0369  0.0369  0.0383  0.0367  0.0371  0.0360  0.0360
  0.0365  0.0363  0.0360  0.0359  0.0360  0.0361  0.0361  0.0367  0.0360  0.0362  0.0357  0.0357
  0.0358  0.0358  0.0357  0.0357  0.0357  0.0356  0.0357  0.0358  0.0357  0.0357  0.0356  0.0356
  0.0356  0.0356  0.0356  0.0356  0.0356  0.0355  0.0355  0.0355  0.0355  0.0355  0.0355  0.0355
  0.0358  0.0358  0.0357  0.0355  0.0356  0.0358  0.0357  0.0359  0.0357  0.0358  0.0356  0.0356
  0.0364  0.0363  0.0360  0.0356  0.0358  0.0362  0.0362  0.0368  0.0361  0.0365  0.0357  0.0358
  0.0375  0.0372  0.0365  0.0360  0.0362  0.0369  0.0371  0.0382  0.0367  0.0374  0.0359  0.0360
niter,ni,del,rscale     4    3    5.0000    0.7000
parameters
   -0.0967   16.7348    6.2503   -7.2233  -15.3152   -7.5810
   -1.0351   -4.7798    5.2895   10.5195    3.7770  -16.3940
eta,q 0.96449 12.08778
  0.0370  0.0366  0.0362  0.0360  0.0361  0.0366  0.0366  0.0376  0.0364  0.0368  0.0359  0.0359
  0.0362  0.0360  0.0358  0.0358  0.0358  0.0360  0.0360  0.0364  0.0359  0.0361  0.0357  0.0357
  0.0357  0.0356  0.0356  0.0356  0.0356  0.0356  0.0356  0.0357  0.0356  0.0356  0.0356  0.0355
  0.0355  0.0355  0.0355  0.0355  0.0355  0.0355  0.0355  0.0355  0.0355  0.0355  0.0355  0.0355
  0.0357  0.0357  0.0356  0.0355  0.0356  0.0357  0.0356  0.0358  0.0356  0.0357  0.0355  0.0356
  0.0362  0.0362  0.0359  0.0356  0.0357  0.0361  0.0360  0.0365  0.0360  0.0362  0.0357  0.0357
  0.0370  0.0369  0.0363  0.0361  0.0361  0.0366  0.0366  0.0376  0.0365  0.0369  0.0358  0.0359
niter,ni,del,rscale     3    3    5.0000    0.6000
parameters
   -0.0919   16.7192    6.2395   -7.0436  -15.2744   -7.6146
   -1.0583   -4.7981    5.2398   10.4907    3.7994  -16.4301
eta,q 0.96450 12.09906
  0.0366  0.0364  0.0360  0.0359  0.0359  0.0363  0.0363  0.0371  0.0362  0.0365  0.0358  0.0358
  0.0360  0.0359  0.0357  0.0357  0.0357  0.0358  0.0359  0.0362  0.0358  0.0359  0.0356  0.0356
  0.0356  0.0356  0.0356  0.0356  0.0355  0.0356  0.0356  0.0356  0.0356  0.0356  0.0355  0.0355
  0.0355  0.0355  0.0355  0.0355  0.0355  0.0355  0.0355  0.0355  0.0355  0.0355  0.0355  0.0355
  0.0356  0.0356  0.0356  0.0355  0.0355  0.0356  0.0356  0.0357  0.0356  0.0356  0.0355  0.0355
  0.0360  0.0359  0.0358  0.0356  0.0357  0.0359  0.0359  0.0362  0.0358  0.0360  0.0356  0.0356
  0.0366  0.0364  0.0360  0.0359  0.0359  0.0363  0.0363  0.0370  0.0362  0.0365  0.0357  0.0358
niter,ni,del,rscale     2    3    5.0000    0.5000
parameters
   -0.0932   16.7099    6.2342   -6.8311  -15.2326   -7.6249
   -1.0738   -4.8174    5.2199   10.4867    3.8561  -16.5268
eta,q 0.96452 12.11473
  0.0363  0.0361  0.0359  0.0357  0.0358  0.0361  0.0361  0.0366  0.0360  0.0362  0.0357  0.0357
  0.0358  0.0358  0.0357  0.0356  0.0356  0.0357  0.0357  0.0359  0.0357  0.0358  0.0356  0.0356
  0.0356  0.0356  0.0355  0.0356  0.0355  0.0355  0.0356  0.0356  0.0355  0.0356  0.0355  0.0355
  0.0355  0.0355  0.0355  0.0355  0.0355  0.0355  0.0355  0.0355  0.0355  0.0355  0.0355  0.0355
  0.0356  0.0356  0.0355  0.0355  0.0355  0.0356  0.0356  0.0356  0.0355  0.0356  0.0355  0.0355
  0.0358  0.0358  0.0357  0.0355  0.0356  0.0358  0.0358  0.0360  0.0357  0.0358  0.0356  0.0356
  0.0363  0.0361  0.0359  0.0357  0.0358  0.0360  0.0361  0.0366  0.0360  0.0362  0.0357  0.0357
niter,ni,del,rscale     1    3    5.0000    0.4000
parameters
   -0.0978   16.7022    6.2189   -6.6465  -15.1903   -7.6392
   -1.0698   -4.8544    5.1958   10.4853    3.8702  -16.5922
eta,q 0.96452 12.12819
  0.0360  0.0359  0.0357  0.0357  0.0357  0.0359  0.0359  0.0362  0.0358  0.0359  0.0356  0.0356
  0.0357  0.0357  0.0356  0.0356  0.0356  0.0356  0.0357  0.0358  0.0356  0.0357  0.0355  0.0355
  0.0355  0.0355  0.0355  0.0355  0.0355  0.0355  0.0355  0.0355  0.0355  0.0355  0.0355  0.0355
  0.0355  0.0355  0.0355  0.0355  0.0355  0.0355  0.0355  0.0355  0.0355  0.0355  0.0355  0.0355
  0.0355  0.0355  0.0355  0.0355  0.0355  0.0355  0.0355  0.0356  0.0355  0.0355  0.0355  0.0355
  0.0357  0.0357  0.0356  0.0355  0.0356  0.0357  0.0357  0.0358  0.0356  0.0357  0.0355  0.0356
  0.0360  0.0359  0.0357  0.0356  0.0357  0.0358  0.0359  0.0362  0.0358  0.0359  0.0356  0.0356
registration optimization eta report
parameter search radius
    0.8000    0.8000    0.8000    2.4000    2.4000    2.4000
    2.4000    2.4000    2.4000    2.4000    2.4000    2.4000
100000*second partial in parameter space
       77.       64.       37.        3.        3.        6.
        7.       12.        6.        8.        2.        2.
  0.0360  0.0359  0.0357  0.0357  0.0357  0.0359  0.0359  0.0362  0.0358  0.0359  0.0356  0.0356
  0.0357  0.0357  0.0356  0.0356  0.0356  0.0356  0.0357  0.0358  0.0356  0.0357  0.0355  0.0355
  0.0355  0.0355  0.0355  0.0355  0.0355  0.0355  0.0355  0.0355  0.0355  0.0355  0.0355  0.0355
  0.0355  0.0355  0.0355  0.0355  0.0355  0.0355  0.0355  0.0355  0.0355  0.0355  0.0355  0.0355
  0.0355  0.0355  0.0355  0.0355  0.0355  0.0355  0.0355  0.0356  0.0355  0.0355  0.0355  0.0355
  0.0357  0.0357  0.0356  0.0355  0.0356  0.0357  0.0357  0.0358  0.0356  0.0357  0.0355  0.0356
  0.0360  0.0359  0.0357  0.0356  0.0357  0.0358  0.0359  0.0362  0.0358  0.0359  0.0356  0.0356
   -0.0978   16.7022    6.2189   -6.6465  -15.1903   -7.6392
   -1.0698   -4.8544    5.1958   10.4853    3.8702  -16.5922
eta,q 0.96452 12.12819

---------------------------------------------------------------------
imgreg_4dfp /opt/freesurfer/average/711-2C_as_mni_average_305 /opt/freesurfer/average/711-2B_as_mni_average_305_mask talsrcimg_g11 none talsrcimg_to_711-2C_as_mni_average_305_t4 2311
---------------------------------------------------------------------

freesurfer imgreg_4dfp.c
/opt/freesurfer/average/711-2C_as_mni_average_305.4dfp.img
       256       256       256         1
  1.000000  1.000000  1.000000
orientation T byte_order littleendian
Reading image: /opt/freesurfer/average/711-2C_as_mni_average_305.4dfp.img
dimensions:      256       256       256
mmppix:       1.0000   -1.0000   -1.0000
center:     128.0000 -129.0000 -129.0000
/opt/freesurfer/average/711-2B_as_mni_average_305_mask.4dfp.img
       256       256       256         1
  1.000000  1.000000  1.000000
orientation T byte_order littleendian
Reading mask: /opt/freesurfer/average/711-2B_as_mni_average_305_mask.4dfp.img (2306576 pixels)
talsrcimg_g11.4dfp.img
       256       256       256         1
  1.000000  1.000000  1.000000
orientation T byte_order littleendian
Reading image: talsrcimg_g11.4dfp.img
dimensions:      256       256       256
mmppix:       1.0000   -1.0000   -1.0000
center:     128.0000 -129.0000 -129.0000
fimgreg.f
image alignment mode   2311 decimal      907 hex
parameters
   -0.0978   16.7022    6.2189   -6.6465  -15.1903   -7.6392
   -1.0698   -4.8544    5.1958   10.4853    3.8702  -16.5922
eta,q 0.96452 12.12819
niter,ni,del,rscale     5    3    5.0000    0.8000
parameters
   -0.1084   16.7071    6.2140   -7.3893  -15.3148   -7.5636
   -1.0164   -4.7819    5.2502   10.5261    3.8533  -16.3780
eta,q 0.96447 12.07843
  0.0375  0.0371  0.0364  0.0360  0.0363  0.0370  0.0370  0.0383  0.0367  0.0373  0.0360  0.0361
  0.0364  0.0362  0.0359  0.0357  0.0358  0.0362  0.0362  0.0368  0.0361  0.0363  0.0357  0.0358
  0.0357  0.0357  0.0356  0.0356  0.0356  0.0357  0.0357  0.0358  0.0357  0.0357  0.0356  0.0356
  0.0355  0.0355  0.0355  0.0355  0.0355  0.0355  0.0355  0.0355  0.0355  0.0355  0.0355  0.0355
  0.0357  0.0357  0.0356  0.0355  0.0356  0.0357  0.0357  0.0359  0.0357  0.0357  0.0356  0.0356
  0.0364  0.0362  0.0359  0.0359  0.0359  0.0362  0.0361  0.0367  0.0361  0.0363  0.0357  0.0357
  0.0375  0.0371  0.0364  0.0367  0.0364  0.0368  0.0369  0.0381  0.0367  0.0372  0.0360  0.0360
niter,ni,del,rscale     4    3    5.0000    0.7000
parameters
   -0.0939   16.7252    6.2485   -7.2120  -15.3020   -7.5782
   -1.0416   -4.7805    5.2399   10.5038    3.8201  -16.3914
eta,q 0.96449 12.08940
  0.0370  0.0368  0.0363  0.0360  0.0361  0.0366  0.0366  0.0376  0.0364  0.0369  0.0358  0.0359
  0.0362  0.0361  0.0359  0.0358  0.0358  0.0360  0.0360  0.0364  0.0359  0.0361  0.0356  0.0357
  0.0357  0.0357  0.0356  0.0356  0.0356  0.0356  0.0356  0.0357  0.0356  0.0357  0.0355  0.0355
  0.0355  0.0355  0.0355  0.0355  0.0355  0.0355  0.0355  0.0355  0.0355  0.0355  0.0355  0.0355
  0.0357  0.0357  0.0356  0.0355  0.0356  0.0357  0.0356  0.0358  0.0356  0.0357  0.0356  0.0356
  0.0362  0.0361  0.0358  0.0356  0.0357  0.0360  0.0360  0.0365  0.0359  0.0362  0.0357  0.0357
  0.0370  0.0367  0.0362  0.0360  0.0361  0.0366  0.0366  0.0376  0.0364  0.0369  0.0358  0.0359
niter,ni,del,rscale     3    3    5.0000    0.6000
parameters
   -0.0897   16.7154    6.2470   -7.0378  -15.2705   -7.6079
   -1.0535   -4.7984    5.2291   10.4879    3.8085  -16.4386
eta,q 0.96450 12.10000
  0.0366  0.0364  0.0360  0.0359  0.0359  0.0363  0.0363  0.0371  0.0362  0.0365  0.0357  0.0358
  0.0360  0.0359  0.0357  0.0357  0.0357  0.0358  0.0359  0.0362  0.0358  0.0359  0.0356  0.0356
  0.0356  0.0356  0.0356  0.0356  0.0356  0.0356  0.0356  0.0356  0.0356  0.0356  0.0355  0.0355
  0.0355  0.0355  0.0355  0.0355  0.0355  0.0355  0.0355  0.0355  0.0355  0.0355  0.0355  0.0355
  0.0356  0.0356  0.0356  0.0355  0.0355  0.0356  0.0356  0.0357  0.0356  0.0356  0.0355  0.0355
  0.0360  0.0359  0.0357  0.0356  0.0357  0.0359  0.0359  0.0362  0.0358  0.0360  0.0356  0.0356
  0.0366  0.0364  0.0360  0.0359  0.0359  0.0363  0.0363  0.0370  0.0362  0.0365  0.0357  0.0358
niter,ni,del,rscale     2    3    5.0000    0.5000
parameters
   -0.0932   16.7083    6.2316   -6.8234  -15.2259   -7.6226
   -1.0691   -4.8168    5.2215   10.4867    3.8484  -16.5211
eta,q 0.96451 12.11570
  0.0363  0.0361  0.0359  0.0357  0.0358  0.0361  0.0361  0.0366  0.0360  0.0362  0.0357  0.0357
  0.0358  0.0358  0.0356  0.0356  0.0356  0.0357  0.0357  0.0359  0.0357  0.0358  0.0356  0.0356
  0.0356  0.0356  0.0355  0.0356  0.0355  0.0355  0.0356  0.0356  0.0355  0.0356  0.0355  0.0355
  0.0355  0.0355  0.0355  0.0355  0.0355  0.0355  0.0355  0.0355  0.0355  0.0355  0.0355  0.0355
  0.0356  0.0356  0.0355  0.0355  0.0355  0.0356  0.0356  0.0356  0.0355  0.0356  0.0355  0.0355
  0.0358  0.0358  0.0357  0.0355  0.0356  0.0358  0.0358  0.0360  0.0357  0.0358  0.0356  0.0356
  0.0363  0.0361  0.0359  0.0357  0.0358  0.0360  0.0361  0.0366  0.0360  0.0362  0.0357  0.0357
niter,ni,del,rscale     1    3    5.0000    0.4000
parameters
   -0.0973   16.7000    6.2218   -6.6345  -15.1829   -7.6394
   -1.0708   -4.8544    5.1848   10.4836    3.8897  -16.5979
eta,q 0.96451 12.12940
  0.0360  0.0359  0.0357  0.0357  0.0357  0.0359  0.0359  0.0362  0.0358  0.0359  0.0356  0.0356
  0.0357  0.0357  0.0356  0.0356  0.0356  0.0356  0.0357  0.0358  0.0356  0.0357  0.0355  0.0355
  0.0355  0.0355  0.0355  0.0355  0.0355  0.0355  0.0355  0.0355  0.0355  0.0355  0.0355  0.0355
  0.0355  0.0355  0.0355  0.0355  0.0355  0.0355  0.0355  0.0355  0.0355  0.0355  0.0355  0.0355
  0.0355  0.0355  0.0355  0.0355  0.0355  0.0355  0.0355  0.0356  0.0355  0.0355  0.0355  0.0355
  0.0357  0.0357  0.0356  0.0355  0.0356  0.0357  0.0357  0.0358  0.0356  0.0357  0.0355  0.0356
  0.0360  0.0359  0.0357  0.0356  0.0357  0.0358  0.0359  0.0362  0.0358  0.0359  0.0356  0.0356
registration optimization eta report
parameter search radius
    0.8000    0.8000    0.8000    2.4000    2.4000    2.4000
    2.4000    2.4000    2.4000    2.4000    2.4000    2.4000
100000*second partial in parameter space
       77.       64.       37.        3.        3.        6.
        7.       12.        5.        8.        2.        2.
  0.0360  0.0359  0.0357  0.0357  0.0357  0.0359  0.0359  0.0362  0.0358  0.0359  0.0356  0.0356
  0.0357  0.0357  0.0356  0.0356  0.0356  0.0356  0.0357  0.0358  0.0356  0.0357  0.0355  0.0355
  0.0355  0.0355  0.0355  0.0355  0.0355  0.0355  0.0355  0.0355  0.0355  0.0355  0.0355  0.0355
  0.0355  0.0355  0.0355  0.0355  0.0355  0.0355  0.0355  0.0355  0.0355  0.0355  0.0355  0.0355
  0.0355  0.0355  0.0355  0.0355  0.0355  0.0355  0.0355  0.0356  0.0355  0.0355  0.0355  0.0355
  0.0357  0.0357  0.0356  0.0355  0.0356  0.0357  0.0357  0.0358  0.0356  0.0357  0.0355  0.0356
  0.0360  0.0359  0.0357  0.0356  0.0357  0.0358  0.0359  0.0362  0.0358  0.0359  0.0356  0.0356
   -0.0973   16.7000    6.2218   -6.6345  -15.1829   -7.6394
   -1.0708   -4.8544    5.1848   10.4836    3.8897  -16.5979
eta,q 0.96451 12.12940

---------------------------------------------------------------------
compute_vox2vox talsrcimg talsrcimg_to_711-2C_as_mni_average_305_t4 /opt/freesurfer/average/711-2C_as_mni_average_305
---------------------------------------------------------------------

freesurfer compute_vox2vox.c
Reading: talsrcimg.4dfp.ifh
Reading: talsrcimg_to_711-2C_as_mni_average_305_t4
Reading: /opt/freesurfer/average/711-2C_as_mni_average_305.4dfp.ifh
Writing: talsrcimg_to_711-2C_as_mni_average_305_t4_vox2vox.txt

start time Tue Mar 10 02:55:55 CET 2026
end		time Tue Mar 10 02:57:22 CET 2026

mpr2mni305 success

avi2talxfm orig_nu.mgz /opt/freesurfer/average/mni305.cor.mgz talsrcimg_to_711-2C_as_mni_average_305_t4_vox2vox.txt transforms/talairach.auto.xfm
avi2talxfm done
mv -f /out/sourcedata/freesurfer/sub-v1s4x0050705_ses-1/mri/talsrcimg_to_711-2C_as_mni_average_305_t4_vox2vox.txt /out/sourcedata/freesurfer/sub-v1s4x0050705_ses-1/mri/transforms/talsrcimg_to_711-2C_as_mni_average_305_t4_vox2vox.txt
lta_convert --src orig_nu.mgz --trg /opt/freesurfer/average/mni305.cor.mgz --inxfm transforms/talairach.auto.xfm --outlta transforms/talairach.auto.xfm.lta --subject fsaverage
7.3.2

--src: orig_nu.mgz src image (geometry).
--trg: /opt/freesurfer/average/mni305.cor.mgz trg image (geometry).
--inmni: transforms/talairach.auto.xfm input MNI/XFM transform.
--outlta: transforms/talairach.auto.xfm.lta output LTA.
--s: fsaverage subject name
 LTA read, type : 1
 1.06751   0.05339   0.02393  -1.19632;
-0.05545   1.05641   0.20603  -26.12447;
-0.05840  -0.13384   1.15208  -28.42886;
 0.00000   0.00000   0.00000   1.00000;
setting subject to fsaverage
Writing  LTA to file transforms/talairach.auto.xfm.lta...
lta_convert successful.
 
 
Started at Tue Mar 10 02:55:54 CET 2026
Ended   at Tue Mar 10 02:57:23 CET 2026
talairach_avi done
