/out/sourcedata/freesurfer/sub-v1s4x0050690_ses-1/mri
/opt/freesurfer/bin/talairach_avi
--i orig_nu.mgz --xfm transforms/talairach.auto.xfm
talairach_avi 7.3.2
Linux dna011 5.14.0-427.37.1.el9_4.x86_64 #1 SMP PREEMPT_DYNAMIC Fri Sep 13 12:41:50 EDT 2024 x86_64 x86_64 x86_64 GNU/Linux
Tue Mar 10 02:16:26 CET 2026
mri_convert orig_nu.mgz talsrcimg.img 
reading from orig_nu.mgz...
TR=0.00, TE=0.00, TI=0.00, flip angle=0.00
i_ras = (-1, -1.16415e-10, 0)
j_ras = (0, 0, -1)
k_ras = (1.16415e-10, 1, 3.72529e-09)
writing to talsrcimg.img...
Analyze Output Matrix
-1.00000   0.00000   0.00000   131.76445;
-0.00000   0.00000   1.00000  -112.88573;
 0.00000  -1.00000   0.00000   154.65858;
 0.00000   0.00000   0.00000   1.00000;
--------------------
INFO: set hdr.hist.orient to -1
mpr2mni305 talsrcimg
Tue Mar 10 02:16:26 CET 2026
/opt/freesurfer/bin/mpr2mni305 talsrcimg
mpr2mni305 7.3.2
target=711-2C_as_mni_average_305

---------------------------------------------------------------------
analyzeto4dfp talsrcimg -O0 -y
---------------------------------------------------------------------

freesurfer ifh2hdr.c
Tue Mar 10 02:16:26 2026
Writing: talsrcimg.4dfp.hdr
freesurfer analyzeto4dfp.c
Reading: talsrcimg.hdr
header size 348 bytes
hdr.dime.datatype	offset=70	value=2
hdr.dime.bitpix		offset=72	value=8
hdr.hist.orient		offset=252	value=-1
dimensionality     4
dimensions       256       256       256         1
Reading: talsrcimg.img
Writing: talsrcimg.4dfp.img
Writing: talsrcimg.4dfp.ifh
ifh2hdr talsrcimg -r0to240
ori=2

---------------------------------------------------------------------
gauss_4dfp talsrcimg 1.1
---------------------------------------------------------------------

freesurfer gauss_4dfp.c
Reading: talsrcimg.4dfp.img
Writing: talsrcimg_g11.4dfp.img
image dimensions 256 256 256 padded to 288 288 288
processing volume 1freesurfer ifh2hdr.c
Tue Mar 10 02:16:28 2026
Writing: talsrcimg_g11.4dfp.hdr

Writing: talsrcimg_g11.4dfp.ifh
including: talsrcimg.4dfp.img.rec in talsrcimg_g11.4dfp.img.rec

---------------------------------------------------------------------
imgreg_4dfp /opt/freesurfer/average/711-2C_as_mni_average_305 none talsrcimg_g11 none talsrcimg_to_711-2C_as_mni_average_305_t4 4355
---------------------------------------------------------------------

freesurfer imgreg_4dfp.c
/opt/freesurfer/average/711-2C_as_mni_average_305.4dfp.img
       256       256       256         1
  1.000000  1.000000  1.000000
orientation T byte_order littleendian
Reading image: /opt/freesurfer/average/711-2C_as_mni_average_305.4dfp.img
dimensions:      256       256       256
mmppix:       1.0000   -1.0000   -1.0000
center:     128.0000 -129.0000 -129.0000
talsrcimg_g11.4dfp.img
       256       256       256         1
  1.000000  1.000000  1.000000
orientation T byte_order littleendian
Reading image: talsrcimg_g11.4dfp.img
dimensions:      256       256       256
mmppix:       1.0000   -1.0000   -1.0000
center:     128.0000 -129.0000 -129.0000
t4_read: open error in t4_sub.f l:  41 t4_file(1:l)talsrcimg_to_711-2C_as_mni_average_305_t4 
t4_read: transform initialized to I4
rotation matrix determinant  1.000000
image alignment mode   4355 decimal     1103 hex
   -7.5000  -45.0000  -45.0000 8723.7676   15.3457
    0.0000  -45.0000  -45.0000 9068.5664   15.3326
    7.5000  -45.0000  -45.0000 8774.5811   15.3467
   -7.5000  -37.5000  -45.0000 9159.1279   15.2040
    0.0000  -37.5000  -45.0000 9538.3926   15.1900
    7.5000  -37.5000  -45.0000 9239.4961   15.2029
   -7.5000  -30.0000  -45.0000 9978.2051   15.1816
    0.0000  -30.0000  -45.000010429.7773   15.1621
    7.5000  -30.0000  -45.000010099.6885   15.1771
   -7.5000  -22.5000  -45.000010808.2783   15.2410
    0.0000  -22.5000  -45.000011324.1719   15.2158
    7.5000  -22.5000  -45.000010924.2480   15.2334
   -7.5000  -15.0000  -45.000011393.0312   15.3011
    0.0000  -15.0000  -45.000011959.7080   15.2752
    7.5000  -15.0000  -45.000011491.1406   15.2933
   -7.5000   -7.5000  -45.000011707.0205   15.2933
    0.0000   -7.5000  -45.000012303.3105   15.2742
    7.5000   -7.5000  -45.000011776.5557   15.2902
   -7.5000    0.0000  -45.000011874.9727   15.2368
    0.0000    0.0000  -45.000012467.7549   15.2238
    7.5000    0.0000  -45.000011895.4277   15.2373
   -7.5000    7.5000  -45.000011139.5469   15.1833
    0.0000    7.5000  -45.000011711.6436   15.1694
    7.5000    7.5000  -45.000011192.7393   15.1822
   -7.5000   15.0000  -45.000010404.1455   15.1794
    0.0000   15.0000  -45.000010955.6416   15.1599
    7.5000   15.0000  -45.000010477.9326   15.1749
   -7.5000   22.5000  -45.0000 9673.5498   15.2383
    0.0000   22.5000  -45.000010162.6719   15.2130
    7.5000   22.5000  -45.0000 9711.3809   15.2306
   -7.5000   30.0000  -45.0000 8910.3652   15.2139
    0.0000   30.0000  -45.0000 9351.2793   15.1893
    7.5000   30.0000  -45.0000 8906.1426   15.2076
   -7.5000   37.5000  -45.0000 8611.3857   15.7113
    0.0000   37.5000  -45.0000 9041.6348   15.6980
    7.5000   37.5000  -45.0000 8599.2305   15.7117
   -7.5000   45.0000  -45.0000 7995.7705   15.8481
    0.0000   45.0000  -45.0000 8388.8574   15.8476
    7.5000   45.0000  -45.0000 7969.6104   15.8591
   -7.5000  -45.0000  -37.5000 9164.2109   15.3130
    0.0000  -45.0000  -37.5000 9567.6338   15.3034
    7.5000  -45.0000  -37.5000 9217.4141   15.3178
   -7.5000  -37.5000  -37.5000 9676.0889   15.1642
    0.0000  -37.5000  -37.500010120.7012   15.1537
    7.5000  -37.5000  -37.5000 9749.7480   15.1701
   -7.5000  -30.0000  -37.500010591.2930   15.1418
    0.0000  -30.0000  -37.500011117.3076   15.1256
    7.5000  -30.0000  -37.500010683.8984   15.1438
   -7.5000  -22.5000  -37.500011474.3242   15.2082
    0.0000  -22.5000  -37.500012039.0059   15.1865
    7.5000  -22.5000  -37.500011549.6250   15.2038
   -7.5000  -15.0000  -37.500012048.5010   15.2750
    0.0000  -15.0000  -37.500012661.5781   15.2530
    7.5000  -15.0000  -37.500012133.5098   15.2675
   -7.5000   -7.5000  -37.500012373.8242   15.2675
    0.0000   -7.5000  -37.500012990.4473   15.2520
    7.5000   -7.5000  -37.500012433.5713   15.2649
   -7.5000    0.0000  -37.500012542.0820   15.2044
    0.0000    0.0000  -37.500013193.6514   15.1949
    7.5000    0.0000  -37.500012606.5000   15.2087
   -7.5000    7.5000  -37.500011799.3125   15.1437
    0.0000    7.5000  -37.500012436.8809   15.1332
    7.5000    7.5000  -37.500011872.5879   15.1496
   -7.5000   15.0000  -37.500011035.4355   15.1396
    0.0000   15.0000  -37.500011600.7041   15.1234
    7.5000   15.0000  -37.500011080.2773   15.1417
   -7.5000   22.5000  -37.500010211.8350   15.2055
    0.0000   22.5000  -37.500010747.9824   15.1837
    7.5000   22.5000  -37.500010257.6768   15.2010
   -7.5000   30.0000  -37.5000 9391.1504   15.1885
    0.0000   30.0000  -37.5000 9879.7617   15.1678
    7.5000   30.0000  -37.5000 9417.8955   15.1828
   -7.5000   37.5000  -37.5000 9079.7686   15.6843
    0.0000   37.5000  -37.5000 9552.1943   15.6755
    7.5000   37.5000  -37.5000 9109.3672   15.6860
   -7.5000   45.0000  -37.5000 8420.2920   15.8063
    0.0000   45.0000  -37.5000 8869.0381   15.8092
    7.5000   45.0000  -37.5000 8425.3711   15.8214
   -7.5000  -45.0000  -30.0000 9786.0762   15.9685
    0.0000  -45.0000  -30.000010226.1006   15.9634
    7.5000  -45.0000  -30.0000 9826.6289   15.9796
   -7.5000  -37.5000  -30.000010338.1738   15.8053
    0.0000  -37.5000  -30.000010821.1260   15.7993
    7.5000  -37.5000  -30.000010409.6377   15.8161
   -7.5000  -30.0000  -30.000011350.3721   15.7754
    0.0000  -30.0000  -30.000011894.1797   15.7677
    7.5000  -30.0000  -30.000011433.9395   15.7872
   -7.5000  -22.5000  -30.000012284.8496   15.8454
    0.0000  -22.5000  -30.000012885.2891   15.8367
    7.5000  -22.5000  -30.000012358.3438   15.8581
   -7.5000  -15.0000  -30.000012903.0908   15.9214
    0.0000  -15.0000  -30.000013557.8105   15.9134
    7.5000  -15.0000  -30.000012967.4688   15.9339
   -7.5000   -7.5000  -30.000013242.4971   15.9206
    0.0000   -7.5000  -30.000013930.5068   15.9146
    7.5000   -7.5000  -30.000013302.1621   15.9322
   -7.5000    0.0000  -30.000013423.3809   15.8550
    0.0000    0.0000  -30.000014131.1523   15.8499
    7.5000    0.0000  -30.000013495.6562   15.8655
   -7.5000    7.5000  -30.000012686.1953   15.7839
    0.0000    7.5000  -30.000013375.1934   15.7779
    7.5000    7.5000  -30.000012742.5859   15.7946
   -7.5000   15.0000  -30.000011871.9707   15.7731
    0.0000   15.0000  -30.000012532.2490   15.7654
    7.5000   15.0000  -30.000011919.6465   15.7850
   -7.5000   22.5000  -30.000010968.1553   15.8409
    0.0000   22.5000  -30.000011590.3945   15.8322
    7.5000   22.5000  -30.000011020.5557   15.8536
   -7.5000   30.0000  -30.000010049.2607   15.8321
    0.0000   30.0000  -30.000010624.6494   15.8254
    7.5000   30.0000  -30.000010088.6396   15.8467
   -7.5000   37.5000  -30.0000 9694.6211   16.3501
    0.0000   37.5000  -30.000010254.2891   16.3520
    7.5000   37.5000  -30.0000 9752.2217   16.3680
   -7.5000   45.0000  -30.0000 8988.5859   16.4837
    0.0000   45.0000  -30.0000 9488.0410   16.4900
    7.5000   45.0000  -30.0000 9026.7031   16.5029
   -7.5000  -45.0000  -22.500010370.5498   16.5080
    0.0000  -45.0000  -22.500010840.5303   16.5036
    7.5000  -45.0000  -22.500010426.4727   16.5214
   -7.5000  -37.5000  -22.500010958.7314   16.3396
    0.0000  -37.5000  -22.500011459.1172   16.3340
    7.5000  -37.5000  -22.500011029.5293   16.3463
   -7.5000  -30.0000  -22.500012045.5547   16.3007
    0.0000  -30.0000  -22.500012606.7246   16.2980
    7.5000  -30.0000  -22.500012134.3086   16.3140
   -7.5000  -22.5000  -22.500013020.2773   16.3643
    0.0000  -22.5000  -22.500013655.4297   16.3656
    7.5000  -22.5000  -22.500013095.6504   16.3911
   -7.5000  -15.0000  -22.500013668.9375   16.4414
    0.0000  -15.0000  -22.500014366.9414   16.4444
    7.5000  -15.0000  -22.500013729.3164   16.4758
   -7.5000   -7.5000  -22.500014040.0791   16.4489
    0.0000   -7.5000  -22.500014766.4092   16.4491
    7.5000   -7.5000  -22.500014120.6914   16.4759
   -7.5000    0.0000  -22.500014271.5322   16.3906
    0.0000    0.0000  -22.500015003.0645   16.3862
    7.5000    0.0000  -22.500014344.6777   16.4033
   -7.5000    7.5000  -22.500013515.8467   16.3175
    0.0000    7.5000  -22.500014256.6318   16.3120
    7.5000    7.5000  -22.500013556.1123   16.3241
   -7.5000   15.0000  -22.500012691.2520   16.2983
    0.0000   15.0000  -22.500013440.9521   16.2956
    7.5000   15.0000  -22.500012717.2520   16.3117
   -7.5000   22.5000  -22.500011703.5664   16.3585
    0.0000   22.5000  -22.500012429.6963   16.3598
    7.5000   22.5000  -22.500011785.0508   16.3854
   -7.5000   30.0000  -22.500010703.8379   16.3498
    0.0000   30.0000  -22.500011344.9043   16.3541
    7.5000   30.0000  -22.500010750.2793   16.3861
   -7.5000   37.5000  -22.500010298.3164   16.8849
    0.0000   37.5000  -22.500010916.3057   16.8935
    7.5000   37.5000  -22.500010381.5215   16.9198
   -7.5000   45.0000  -22.5000 9559.7373   17.0439
    0.0000   45.0000  -22.500010102.1953   17.0491
    7.5000   45.0000  -22.5000 9604.8896   17.0623
   -7.5000  -45.0000  -15.000010970.1494   16.8811
    0.0000  -45.0000  -15.000011450.1602   16.8729
    7.5000  -45.0000  -15.000011003.0205   16.8909
   -7.5000  -37.5000  -15.000011591.5488   16.7171
    0.0000  -37.5000  -15.000012117.6494   16.7075
    7.5000  -37.5000  -15.000011627.1260   16.7155
   -7.5000  -30.0000  -15.000012729.1553   16.6764
    0.0000  -30.0000  -15.000013325.9375   16.6702
    7.5000  -30.0000  -15.000012821.5176   16.6818
   -7.5000  -22.5000  -15.000013742.6943   16.7329
    0.0000  -22.5000  -15.000014404.7939   16.7316
    7.5000  -22.5000  -15.000013837.8076   16.7572
   -7.5000  -15.0000  -15.000014425.3857   16.8043
    0.0000  -15.0000  -15.000015141.5146   16.8047
    7.5000  -15.0000  -15.000014500.1602   16.8406
   -7.5000   -7.5000  -15.000014839.7559   16.8127
    0.0000   -7.5000  -15.000015564.4971   16.8097
    7.5000   -7.5000  -15.000014905.7754   16.8411
   -7.5000    0.0000  -15.000015094.6709   16.7614
    0.0000    0.0000  -15.000015855.9941   16.7531
    7.5000    0.0000  -15.000015182.8936   16.7706
   -7.5000    7.5000  -15.000014253.9971   16.6945
    0.0000    7.5000  -15.000015048.0654   16.6849
    7.5000    7.5000  -15.000014351.3682   16.6927
   -7.5000   15.0000  -15.000013383.8281   16.6740
    0.0000   15.0000  -15.000014214.0264   16.6679
    7.5000   15.0000  -15.000013474.4941   16.6795
   -7.5000   22.5000  -15.000012386.5898   16.7263
    0.0000   22.5000  -15.000013215.9521   16.7249
    7.5000   22.5000  -15.000012520.9639   16.7506
   -7.5000   30.0000  -15.000011320.1543   16.7116
    0.0000   30.0000  -15.000012049.8809   16.7133
    7.5000   30.0000  -15.000011421.8213   16.7494
   -7.5000   37.5000  -15.000010882.4961   17.2567
    0.0000   37.5000  -15.000011560.0703   17.2616
    7.5000   37.5000  -15.000010969.1094   17.2930
   -7.5000   45.0000  -15.000010075.0566   17.4410
    0.0000   45.0000  -15.000010681.5957   17.4421
    7.5000   45.0000  -15.000010141.3623   17.4552
   -7.5000  -45.0000   -7.500011589.9678   17.0677
    0.0000  -45.0000   -7.500012096.4980   17.0542
    7.5000  -45.0000   -7.500011629.0225   17.0710
   -7.5000  -37.5000   -7.500012269.8018   16.9101
    0.0000  -37.5000   -7.500012849.3516   16.8956
    7.5000  -37.5000   -7.500012315.1191   16.9049
   -7.5000  -30.0000   -7.500013486.4697   16.8765
    0.0000  -30.0000   -7.500014160.4922   16.8612
    7.5000  -30.0000   -7.500013587.3252   16.8735
   -7.5000  -22.5000   -7.500014508.8730   16.9337
    0.0000  -22.5000   -7.500015224.4492   16.9179
    7.5000  -22.5000   -7.500014619.1543   16.9406
   -7.5000  -15.0000   -7.500015234.1123   16.9996
    0.0000  -15.0000   -7.500015986.4541   16.9842
    7.5000  -15.0000   -7.500015313.2070   17.0139
   -7.5000   -7.5000   -7.500015664.2764   17.0002
    0.0000   -7.5000   -7.500016429.9609   16.9863
    7.5000   -7.5000   -7.500015735.8184   17.0126
   -7.5000    0.0000   -7.500015939.0059   16.9470
    0.0000    0.0000   -7.500016753.7969   16.9335
    7.5000    0.0000   -7.500016046.2393   16.9497
   -7.5000    7.5000   -7.500015048.0693   16.8873
    0.0000    7.5000   -7.500015857.0137   16.8728
    7.5000    7.5000   -7.500015179.9189   16.8820
   -7.5000   15.0000   -7.500014101.0625   16.8741
    0.0000   15.0000   -7.500014955.3154   16.8588
    7.5000   15.0000   -7.500014241.5518   16.8711
   -7.5000   22.5000   -7.500013047.6279   16.9252
    0.0000   22.5000   -7.500013884.8154   16.9094
    7.5000   22.5000   -7.500013220.0830   16.9321
   -7.5000   30.0000   -7.500011927.6318   16.9062
    0.0000   30.0000   -7.500012683.0215   16.8922
    7.5000   30.0000   -7.500012051.8613   16.9220
   -7.5000   37.5000   -7.500011469.2510   17.4573
    0.0000   37.5000   -7.500012169.0596   17.4504
    7.5000   37.5000   -7.500011564.8789   17.4754
   -7.5000   45.0000   -7.500010603.7471   17.6514
    0.0000   45.0000   -7.500011246.7031   17.6495
    7.5000   45.0000   -7.500010677.1074   17.6622
   -7.5000  -45.0000    0.000012134.7568   17.1119
    0.0000  -45.0000    0.000012691.9717   17.0970
    7.5000  -45.0000    0.000012208.7393   17.1127
   -7.5000  -37.5000    0.000012866.1797   16.9543
    0.0000  -37.5000    0.000013472.5029   16.9384
    7.5000  -37.5000    0.000012946.4170   16.9528
   -7.5000  -30.0000    0.000014135.9961   16.9285
    0.0000  -30.0000    0.000014792.2998   16.9068
    7.5000  -30.0000    0.000014239.5342   16.9234
   -7.5000  -22.5000    0.000015168.4727   16.9938
    0.0000  -22.5000    0.000015877.6973   16.9659
    7.5000  -22.5000    0.000015263.8965   16.9854
   -7.5000  -15.0000    0.000015907.6660   17.0606
    0.0000  -15.0000    0.000016628.3242   17.0319
    7.5000  -15.0000    0.000015964.6719   17.0519
   -7.5000   -7.5000    0.000016398.9219   17.0529
    0.0000   -7.5000    0.000017159.7559   17.0314
    7.5000   -7.5000    0.000016469.2812   17.0492
   -7.5000    0.0000    0.000016730.7988   16.9909
    0.0000    0.0000    0.000017603.5371   16.9761
    7.5000    0.0000    0.000016911.1562   16.9911
   -7.5000    7.5000    0.000015817.7510   16.9313
    0.0000    7.5000    0.000016734.2754   16.9155
    7.5000    7.5000    0.000016065.1143   16.9298
   -7.5000   15.0000    0.000014874.0039   16.9261
    0.0000   15.0000    0.000015771.0244   16.9044
    7.5000   15.0000    0.000015090.5957   16.9210
   -7.5000   22.5000    0.000013770.9199   16.9853
    0.0000   22.5000    0.000014614.2070   16.9573
    7.5000   22.5000    0.000013975.1172   16.9768
   -7.5000   30.0000    0.000012523.3525   16.9695
    0.0000   30.0000    0.000013272.0059   16.9422
    7.5000   30.0000    0.000012679.4316   16.9625
   -7.5000   37.5000    0.000012027.1719   17.5232
    0.0000   37.5000    0.000012759.4355   17.5083
    7.5000   37.5000    0.000012163.9102   17.5235
   -7.5000   45.0000    0.000011098.3867   17.7091
    0.0000   45.0000    0.000011788.6045   17.7081
    7.5000   45.0000    0.000011214.7734   17.7210
   -7.5000  -45.0000    7.500011792.2012   17.1333
    0.0000  -45.0000    7.500012364.9395   17.1226
    7.5000  -45.0000    7.500011898.6660   17.1387
   -7.5000  -37.5000    7.500012512.2510   16.9669
    0.0000  -37.5000    7.500013083.6348   16.9551
    7.5000  -37.5000    7.500012603.1816   16.9735
   -7.5000  -30.0000    7.500013751.3867   16.9419
    0.0000  -30.0000    7.500014311.5889   16.9237
    7.5000  -30.0000    7.500013825.2393   16.9441
   -7.5000  -22.5000    7.500014741.9727   17.0162
    0.0000  -22.5000    7.500015289.4639   16.9918
    7.5000  -22.5000    7.500014786.6816   17.0112
   -7.5000  -15.0000    7.500015421.8037   17.0908
    0.0000  -15.0000    7.500016020.6982   17.0662
    7.5000  -15.0000    7.500015451.7158   17.0824
   -7.5000   -7.5000    7.500015995.5127   17.0825
    0.0000   -7.5000    7.500016708.3184   17.0651
    7.5000   -7.5000    7.500016068.4951   17.0796
   -7.5000    0.0000    7.500016422.2891   17.0118
    0.0000    0.0000    7.500017326.7891   17.0012
    7.5000    0.0000    7.500016622.9199   17.0167
   -7.5000    7.5000    7.500015584.0459   16.9439
    0.0000    7.5000    7.500016462.7031   16.9322
    7.5000    7.5000    7.500015790.0996   16.9505
   -7.5000   15.0000    7.500014660.4873   16.9394
    0.0000   15.0000    7.500015537.2461   16.9213
    7.5000   15.0000    7.500014817.7939   16.9417
   -7.5000   22.5000    7.500013557.8574   17.0076
    0.0000   22.5000    7.500014385.2012   16.9833
    7.5000   22.5000    7.500013673.7793   17.0026
   -7.5000   30.0000    7.500012236.8828   17.0007
    0.0000   30.0000    7.500012986.5088   16.9775
    7.5000   30.0000    7.500012354.8164   16.9943
   -7.5000   37.5000    7.500011709.5918   17.5556
    0.0000   37.5000    7.500012427.4277   17.5457
    7.5000   37.5000    7.500011825.2461   17.5575
   -7.5000   45.0000    7.500010771.1289   17.7267
    0.0000   45.0000    7.500011432.1758   17.7301
    7.5000   45.0000    7.500010873.1113   17.7437
   -7.5000  -45.0000   15.000011366.2324   17.1474
    0.0000  -45.0000   15.000011899.1836   17.1420
    7.5000  -45.0000   15.000011464.4043   17.1593
   -7.5000  -37.5000   15.000012104.3770   16.9721
    0.0000  -37.5000   15.000012616.9805   16.9657
    7.5000  -37.5000   15.000012169.5420   16.9837
   -7.5000  -30.0000   15.000013293.8340   16.9400
    0.0000  -30.0000   15.000013820.9229   16.9318
    7.5000  -30.0000   15.000013365.6582   16.9528
   -7.5000  -22.5000   15.000014203.5215   17.0152
    0.0000  -22.5000   15.000014734.9795   17.0058
    7.5000  -22.5000   15.000014262.8135   17.0288
   -7.5000  -15.0000   15.000014818.2822   17.0969
    0.0000  -15.0000   15.000015403.3965   17.0882
    7.5000  -15.0000   15.000014880.1807   17.1103
   -7.5000   -7.5000   15.000015328.2373   17.0960
    0.0000   -7.5000   15.000016056.8867   17.0895
    7.5000   -7.5000   15.000015402.3145   17.1084
   -7.5000    0.0000   15.000015704.1992   17.0255
    0.0000    0.0000   15.000016623.6133   17.0201
    7.5000    0.0000   15.000015869.6367   17.0368
   -7.5000    7.5000   15.000014965.8105   16.9491
    0.0000    7.5000   15.000015845.7275   16.9428
    7.5000    7.5000   15.000015076.5146   16.9607
   -7.5000   15.0000   15.000014055.2422   16.9375
    0.0000   15.0000   15.000014948.3896   16.9293
    7.5000   15.0000   15.000014158.0859   16.9503
   -7.5000   22.5000   15.000012987.3652   17.0066
    0.0000   22.5000   15.000013832.0459   16.9973
    7.5000   22.5000   15.000013050.8652   17.0203
   -7.5000   30.0000   15.000011706.9014   17.0059
    0.0000   30.0000   15.000012453.9609   16.9987
    7.5000   30.0000   15.000011791.7998   17.0216
   -7.5000   37.5000   15.000011177.0605   17.5623
    0.0000   37.5000   15.000011846.9580   17.5644
    7.5000   37.5000   15.000011294.3232   17.5815
   -7.5000   45.0000   15.000010322.6914   17.7293
    0.0000   45.0000   15.000010875.6182   17.7360
    7.5000   45.0000   15.000010405.5430   17.7500
   -7.5000  -45.0000   22.500010829.7686   17.1366
    0.0000  -45.0000   22.500011395.8623   17.1321
    7.5000  -45.0000   22.500010938.9893   17.1505
   -7.5000  -37.5000   22.500011521.4238   16.9618
    0.0000  -37.5000   22.500012114.7178   16.9560
    7.5000  -37.5000   22.500011608.9365   16.9688
   -7.5000  -30.0000   22.500012655.9023   16.9214
    0.0000  -30.0000   22.500013284.1631   16.9186
    7.5000  -30.0000   22.500012725.4805   16.9353
   -7.5000  -22.5000   22.500013491.6289   16.9875
    0.0000  -22.5000   22.500014127.0938   16.9888
    7.5000  -22.5000   22.500013549.4609   17.0153
   -7.5000  -15.0000   22.500014093.3447   17.0675
    0.0000  -15.0000   22.500014757.1162   17.0706
    7.5000  -15.0000   22.500014155.3047   17.1032
   -7.5000   -7.5000   22.500014560.8096   17.0753
    0.0000   -7.5000   22.500015250.3750   17.0755
    7.5000   -7.5000   22.500014612.0664   17.1033
   -7.5000    0.0000   22.500014897.1006   17.0148
    0.0000    0.0000   22.500015594.0137   17.0102
    7.5000    0.0000   22.500014953.0996   17.0280
   -7.5000    7.5000   22.500014119.3125   16.9389
    0.0000    7.5000   22.500014733.7266   16.9331
    7.5000    7.5000   22.500014125.0752   16.9457
   -7.5000   15.0000   22.500013229.9775   16.9189
    0.0000   15.0000   22.500013846.7295   16.9162
    7.5000   15.0000   22.500013259.0234   16.9328
   -7.5000   22.5000   22.500012243.8730   16.9789
    0.0000   22.5000   22.500012856.9463   16.9802
    7.5000   22.5000   22.500012267.9990   17.0068
   -7.5000   30.0000   22.500011062.0264   16.9748
    0.0000   30.0000   22.500011652.2070   16.9793
    7.5000   30.0000   22.500011128.7188   17.0125
   -7.5000   37.5000   22.500010578.2988   17.5304
    0.0000   37.5000   22.500011162.8135   17.5393
    7.5000   37.5000   22.500010679.3916   17.5666
   -7.5000   45.0000   22.5000 9799.3184   17.7083
    0.0000   45.0000   22.500010334.9375   17.7137
    7.5000   45.0000   22.5000 9882.7285   17.7274
   -7.5000  -45.0000   30.000010126.1621   17.1141
    0.0000  -45.0000   30.000010688.1592   17.1057
    7.5000  -45.0000   30.000010230.7510   17.1241
   -7.5000  -37.5000   30.000010782.8496   16.9479
    0.0000  -37.5000   30.000011349.4668   16.9381
    7.5000  -37.5000   30.000010846.6709   16.9462
   -7.5000  -30.0000   30.000011874.4551   16.9067
    0.0000  -30.0000   30.000012470.9316   16.9004
    7.5000  -30.0000   30.000011912.7832   16.9122
   -7.5000  -22.5000   30.000012651.7871   16.9639
    0.0000  -22.5000   30.000013241.2803   16.9626
    7.5000  -22.5000   30.000012683.4346   16.9886
   -7.5000  -15.0000   30.000013170.0820   17.0363
    0.0000  -15.0000   30.000013772.7109   17.0367
    7.5000  -15.0000   30.000013209.1240   17.0731
   -7.5000   -7.5000   30.000013594.9395   17.0447
    0.0000   -7.5000   30.000014204.5391   17.0417
    7.5000   -7.5000   30.000013625.3340   17.0736
   -7.5000    0.0000   30.000013875.4805   16.9927
    0.0000    0.0000   30.000014476.3262   16.9843
    7.5000    0.0000   30.000013869.0977   17.0020
   -7.5000    7.5000   30.000013087.3330   16.9250
    0.0000    7.5000   30.000013640.5859   16.9152
    7.5000    7.5000   30.000013091.1445   16.9232
   -7.5000   15.0000   30.000012232.4141   16.9042
    0.0000   15.0000   30.000012749.7334   16.8980
    7.5000   15.0000   30.000012250.0938   16.9098
   -7.5000   22.5000   30.000011351.5391   16.9554
    0.0000   22.5000   30.000011857.7178   16.9540
    7.5000   22.5000   30.000011373.6973   16.9800
   -7.5000   30.0000   30.000010318.7256   16.9423
    0.0000   30.0000   30.000010815.2627   16.9440
    7.5000   30.0000   30.000010379.8574   16.9807
   -7.5000   37.5000   30.0000 9935.7012   17.4949
    0.0000   37.5000   30.000010416.1367   17.4998
    7.5000   37.5000   30.000010003.9033   17.5317
   -7.5000   45.0000   30.0000 9229.5693   17.6863
    0.0000   45.0000   30.0000 9701.3223   17.6874
    7.5000   45.0000   30.0000 9306.6455   17.7007
   -7.5000  -45.0000   37.5000 9766.2188   17.2066
    0.0000  -45.0000   37.500010258.4971   17.1928
    7.5000  -45.0000   37.5000 9834.9990   17.2096
   -7.5000  -37.5000   37.500010390.7510   17.0469
    0.0000  -37.5000   37.500010901.0459   17.0319
    7.5000  -37.5000   37.500010433.4004   17.0411
   -7.5000  -30.0000   37.500011466.3340   17.0126
    0.0000  -30.0000   37.500012006.1221   16.9968
    7.5000  -30.0000   37.500011486.8643   17.0092
   -7.5000  -22.5000   37.500012192.4229   17.0703
    0.0000  -22.5000   37.500012770.6035   17.0542
    7.5000  -22.5000   37.500012232.1016   17.0772
   -7.5000  -15.0000   37.500012684.4307   17.1370
    0.0000  -15.0000   37.500013281.6289   17.1215
    7.5000  -15.0000   37.500012738.7285   17.1516
   -7.5000   -7.5000   37.500013040.3623   17.1378
    0.0000   -7.5000   37.500013646.9863   17.1238
    7.5000   -7.5000   37.500013089.2598   17.1503
   -7.5000    0.0000   37.500013310.7373   17.0843
    0.0000    0.0000   37.500013905.0908   17.0704
    7.5000    0.0000   37.500013329.4111   17.0866
   -7.5000    7.5000   37.500012570.0615   17.0238
    0.0000    7.5000   37.500013122.7168   17.0088
    7.5000    7.5000   37.500012598.0820   17.0179
   -7.5000   15.0000   37.500011739.4648   17.0102
    0.0000   15.0000   37.500012277.4307   16.9944
    7.5000   15.0000   37.500011768.7803   17.0068
   -7.5000   22.5000   37.500010862.8223   17.0617
    0.0000   22.5000   37.500011369.6055   17.0456
    7.5000   22.5000   37.500010901.9404   17.0686
   -7.5000   30.0000   37.5000 9954.4619   17.0440
    0.0000   30.0000   37.500010431.2510   17.0299
    7.5000   30.0000   37.500010008.1436   17.0601
   -7.5000   37.5000   37.5000 9611.9141   17.6019
    0.0000   37.5000   37.500010069.9688   17.5949
    7.5000   37.5000   37.5000 9661.1104   17.6202
   -7.5000   45.0000   37.5000 8933.0098   17.8020
    0.0000   45.0000   37.5000 9373.5391   17.7999
    7.5000   45.0000   37.5000 8990.7686   17.8124
   -7.5000  -45.0000   45.0000 8975.2432   17.3930
    0.0000  -45.0000   45.0000 9415.9980   17.3779
    7.5000  -45.0000   45.0000 9045.6338   17.3947
   -7.5000  -37.5000   45.0000 9553.7715   17.2287
    0.0000  -37.5000   45.000010013.6562   17.2126
    7.5000  -37.5000   45.0000 9607.3652   17.2280
   -7.5000  -30.0000   45.000010542.6455   17.1976
    0.0000  -30.0000   45.000011049.7344   17.1752
    7.5000  -30.0000   45.000010582.6748   17.1928
   -7.5000  -22.5000   45.000011215.1270   17.2618
    0.0000  -22.5000   45.000011752.3740   17.2329
    7.5000  -22.5000   45.000011260.0576   17.2535
   -7.5000  -15.0000   45.000011661.3711   17.3316
    0.0000  -15.0000   45.000012208.5723   17.3019
    7.5000  -15.0000   45.000011702.7539   17.3232
   -7.5000   -7.5000   45.000011981.3604   17.3277
    0.0000   -7.5000   45.000012529.9570   17.3056
    7.5000   -7.5000   45.000012010.5615   17.3247
   -7.5000    0.0000   45.000012207.2119   17.2673
    0.0000    0.0000   45.000012760.2129   17.2522
    7.5000    0.0000   45.000012238.2764   17.2684
   -7.5000    7.5000   45.000011516.3945   17.2049
    0.0000    7.5000   45.000012039.6611   17.1888
    7.5000    7.5000   45.000011552.5566   17.2041
   -7.5000   15.0000   45.000010748.7188   17.1950
    0.0000   15.0000   45.000011258.7998   17.1726
    7.5000   15.0000   45.000010802.2471   17.1903
   -7.5000   22.5000   45.0000 9961.7236   17.2530
    0.0000   22.5000   45.000010422.1973   17.2241
    7.5000   22.5000   45.0000 9995.7148   17.2448
   -7.5000   30.0000   45.0000 9160.7490   17.2399
    0.0000   30.0000   45.0000 9600.7402   17.2117
    7.5000   30.0000   45.0000 9203.0967   17.2333
   -7.5000   37.5000   45.0000 8862.0752   17.7940
    0.0000   37.5000   45.0000 9285.1328   17.7788
    7.5000   37.5000   45.0000 8909.2041   17.7951
   -7.5000   45.0000   45.0000 8260.7783   17.9881
    0.0000   45.0000   45.0000 8657.6582   17.9873
    7.5000   45.0000   45.0000 8301.9248   18.0008

---------------------------------------------------------------------
imgreg_4dfp /opt/freesurfer/average/711-2C_as_mni_average_305 /opt/freesurfer/average/711-2B_as_mni_average_305_mask talsrcimg_g11 none talsrcimg_to_711-2C_as_mni_average_305_t4 4355
---------------------------------------------------------------------

freesurfer imgreg_4dfp.c
/opt/freesurfer/average/711-2C_as_mni_average_305.4dfp.img
       256       256       256         1
  1.000000  1.000000  1.000000
orientation T byte_order littleendian
Reading image: /opt/freesurfer/average/711-2C_as_mni_average_305.4dfp.img
dimensions:      256       256       256
mmppix:       1.0000   -1.0000   -1.0000
center:     128.0000 -129.0000 -129.0000
/opt/freesurfer/average/711-2B_as_mni_average_305_mask.4dfp.img
       256       256       256         1
  1.000000  1.000000  1.000000
orientation T byte_order littleendian
Reading mask: /opt/freesurfer/average/711-2B_as_mni_average_305_mask.4dfp.img (2306576 pixels)
talsrcimg_g11.4dfp.img
       256       256       256         1
  1.000000  1.000000  1.000000
orientation T byte_order littleendian
Reading image: talsrcimg_g11.4dfp.img
dimensions:      256       256       256
mmppix:       1.0000   -1.0000   -1.0000
center:     128.0000 -129.0000 -129.0000
rotation matrix determinant  1.000000
image alignment mode   4355 decimal     1103 hex
   -7.5000  -45.0000  -45.0000 2202.5427   18.4869
    0.0000  -45.0000  -45.0000 2219.3936   18.3556
    7.5000  -45.0000  -45.0000 2203.4963   18.5605
   -7.5000  -37.5000  -45.0000 2208.5208   18.2151
    0.0000  -37.5000  -45.0000 2224.7632   18.0852
    7.5000  -37.5000  -45.0000 2211.7092   18.2905
   -7.5000  -30.0000  -45.0000 2215.2644   18.0056
    0.0000  -30.0000  -45.0000 2234.4954   17.9509
    7.5000  -30.0000  -45.0000 2226.9675   18.0698
   -7.5000  -22.5000  -45.0000 2237.1035   17.9111
    0.0000  -22.5000  -45.0000 2258.2344   17.8953
    7.5000  -22.5000  -45.0000 2246.3311   17.9673
   -7.5000  -15.0000  -45.0000 2250.2041   17.8982
    0.0000  -15.0000  -45.0000 2270.8391   17.8802
    7.5000  -15.0000  -45.0000 2256.8645   17.9169
   -7.5000   -7.5000  -45.0000 2254.3911   17.9079
    0.0000   -7.5000  -45.0000 2276.7268   17.8496
    7.5000   -7.5000  -45.0000 2257.9949   17.9222
   -7.5000    0.0000  -45.0000 2236.5562   18.0407
    0.0000    0.0000  -45.0000 2260.9680   17.9410
    7.5000    0.0000  -45.0000 2238.3352   18.0166
   -7.5000    7.5000  -45.0000 2209.9814   18.2911
    0.0000    7.5000  -45.0000 2238.5066   18.1591
    7.5000    7.5000  -45.0000 2221.0254   18.2883
   -7.5000   15.0000  -45.0000 2185.4148   18.6939
    0.0000   15.0000  -45.0000 2210.5420   18.5604
    7.5000   15.0000  -45.0000 2201.1323   18.6629
   -7.5000   22.5000  -45.0000 2154.4399   19.3669
    0.0000   22.5000  -45.0000 2180.7104   19.1729
    7.5000   22.5000  -45.0000 2171.5725   19.2748
   -7.5000   30.0000  -45.0000 2107.7253   20.4571
    0.0000   30.0000  -45.0000 2127.2610   20.1965
    7.5000   30.0000  -45.0000 2119.4060   20.2635
   -7.5000   37.5000  -45.0000 2045.8291   21.9567
    0.0000   37.5000  -45.0000 2070.2380   21.6753
    7.5000   37.5000  -45.0000 2061.1375   21.6870
   -7.5000   45.0000  -45.0000 1960.9589   23.9796
    0.0000   45.0000  -45.0000 1979.9241   23.7592
    7.5000   45.0000  -45.0000 1973.4536   23.7861
   -7.5000  -45.0000  -37.5000 2292.0842   16.9593
    0.0000  -45.0000  -37.5000 2315.0854   16.8688
    7.5000  -45.0000  -37.5000 2304.9839   17.0605
   -7.5000  -37.5000  -37.5000 2303.5320   16.6670
    0.0000  -37.5000  -37.5000 2330.1641   16.6047
    7.5000  -37.5000  -37.5000 2318.3442   16.7213
   -7.5000  -30.0000  -37.5000 2321.5142   16.4693
    0.0000  -30.0000  -37.5000 2354.1279   16.4254
    7.5000  -30.0000  -37.5000 2336.7239   16.4971
   -7.5000  -22.5000  -37.5000 2350.3601   16.3890
    0.0000  -22.5000  -37.5000 2375.1709   16.3454
    7.5000  -22.5000  -37.5000 2360.6565   16.4242
   -7.5000  -15.0000  -37.5000 2359.0903   16.3884
    0.0000  -15.0000  -37.5000 2387.5347   16.3657
    7.5000  -15.0000  -37.5000 2370.0396   16.4081
   -7.5000   -7.5000  -37.5000 2358.4443   16.4247
    0.0000   -7.5000  -37.5000 2382.3701   16.3735
    7.5000   -7.5000  -37.5000 2364.5581   16.3815
   -7.5000    0.0000  -37.5000 2345.2532   16.5511
    0.0000    0.0000  -37.5000 2374.1509   16.4730
    7.5000    0.0000  -37.5000 2352.4255   16.4662
   -7.5000    7.5000  -37.5000 2322.5193   16.8459
    0.0000    7.5000  -37.5000 2351.3511   16.7449
    7.5000    7.5000  -37.5000 2333.3286   16.7768
   -7.5000   15.0000  -37.5000 2292.4529   17.2459
    0.0000   15.0000  -37.5000 2313.7969   17.1073
    7.5000   15.0000  -37.5000 2306.3284   17.2176
   -7.5000   22.5000  -37.5000 2253.4788   17.8370
    0.0000   22.5000  -37.5000 2285.7483   17.6977
    7.5000   22.5000  -37.5000 2274.4829   17.7834
   -7.5000   30.0000  -37.5000 2202.5020   18.8212
    0.0000   30.0000  -37.5000 2233.6426   18.6174
    7.5000   30.0000  -37.5000 2224.4360   18.6948
   -7.5000   37.5000  -37.5000 2137.9961   20.1842
    0.0000   37.5000  -37.5000 2166.4724   19.9879
    7.5000   37.5000  -37.5000 2156.9968   20.0147
   -7.5000   45.0000  -37.5000 2046.3307   22.0280
    0.0000   45.0000  -37.5000 2074.4453   21.8669
    7.5000   45.0000  -37.5000 2064.5559   21.9156
   -7.5000  -45.0000  -30.0000 2416.7266   16.2609
    0.0000  -45.0000  -30.0000 2439.9309   16.1691
    7.5000  -45.0000  -30.0000 2434.8140   16.3191
   -7.5000  -37.5000  -30.0000 2440.5762   15.8678
    0.0000  -37.5000  -30.0000 2463.4385   15.8033
    7.5000  -37.5000  -30.0000 2452.4211   15.8862
   -7.5000  -30.0000  -30.0000 2460.5134   15.6297
    0.0000  -30.0000  -30.0000 2487.8625   15.5766
    7.5000  -30.0000  -30.0000 2475.7690   15.6816
   -7.5000  -22.5000  -30.0000 2484.8701   15.4883
    0.0000  -22.5000  -30.0000 2514.2412   15.4549
    7.5000  -22.5000  -30.0000 2503.2100   15.5438
   -7.5000  -15.0000  -30.0000 2500.0781   15.4620
    0.0000  -15.0000  -30.0000 2529.4968   15.4062
    7.5000  -15.0000  -30.0000 2513.9929   15.4803
   -7.5000   -7.5000  -30.0000 2503.5354   15.5127
    0.0000   -7.5000  -30.0000 2528.4407   15.4397
    7.5000   -7.5000  -30.0000 2512.1489   15.4830
   -7.5000    0.0000  -30.0000 2487.0513   15.6034
    0.0000    0.0000  -30.0000 2520.1655   15.5698
    7.5000    0.0000  -30.0000 2500.9934   15.6006
   -7.5000    7.5000  -30.0000 2475.9563   15.9234
    0.0000    7.5000  -30.0000 2507.7793   15.8285
    7.5000    7.5000  -30.0000 2487.5203   15.8680
   -7.5000   15.0000  -30.0000 2447.6230   16.3973
    0.0000   15.0000  -30.0000 2477.1455   16.2738
    7.5000   15.0000  -30.0000 2463.2278   16.3553
   -7.5000   22.5000  -30.0000 2407.6245   17.0032
    0.0000   22.5000  -30.0000 2442.5522   16.8460
    7.5000   22.5000  -30.0000 2429.1562   16.9685
   -7.5000   30.0000  -30.0000 2350.9187   17.9509
    0.0000   30.0000  -30.0000 2389.8328   17.8094
    7.5000   30.0000  -30.0000 2373.5723   17.8582
   -7.5000   37.5000  -30.0000 2273.2175   19.2479
    0.0000   37.5000  -30.0000 2309.4709   19.0915
    7.5000   37.5000  -30.0000 2294.3481   19.1285
   -7.5000   45.0000  -30.0000 2172.9453   20.9984
    0.0000   45.0000  -30.0000 2205.2920   20.8368
    7.5000   45.0000  -30.0000 2191.5042   20.8817
   -7.5000  -45.0000  -22.5000 2506.3337   15.5217
    0.0000  -45.0000  -22.5000 2535.8323   15.4140
    7.5000  -45.0000  -22.5000 2528.4592   15.5499
   -7.5000  -37.5000  -22.5000 2535.8843   15.0592
    0.0000  -37.5000  -22.5000 2565.4807   14.9396
    7.5000  -37.5000  -22.5000 2553.0178   15.0453
   -7.5000  -30.0000  -22.5000 2559.3794   14.7342
    0.0000  -30.0000  -22.5000 2590.8474   14.6489
    7.5000  -30.0000  -22.5000 2578.9358   14.7564
   -7.5000  -22.5000  -22.5000 2587.2483   14.5477
    0.0000  -22.5000  -22.5000 2624.1470   14.4968
    7.5000  -22.5000  -22.5000 2606.5791   14.5868
   -7.5000  -15.0000  -22.5000 2611.3000   14.4560
    0.0000  -15.0000  -22.5000 2645.2092   14.3886
    7.5000  -15.0000  -22.5000 2620.4788   14.4758
   -7.5000   -7.5000  -22.5000 2613.0554   14.4564
    0.0000   -7.5000  -22.5000 2650.3928   14.3908
    7.5000   -7.5000  -22.5000 2629.6750   14.4880
   -7.5000    0.0000  -22.5000 2601.3972   14.5697
    0.0000    0.0000  -22.5000 2639.1289   14.4785
    7.5000    0.0000  -22.5000 2621.6741   14.5725
   -7.5000    7.5000  -22.5000 2597.8159   14.8776
    0.0000    7.5000  -22.5000 2638.7317   14.7673
    7.5000    7.5000  -22.5000 2615.7397   14.8288
   -7.5000   15.0000  -22.5000 2579.5789   15.3884
    0.0000   15.0000  -22.5000 2617.9792   15.2749
    7.5000   15.0000  -22.5000 2599.6111   15.3420
   -7.5000   22.5000  -22.5000 2539.0815   16.0619
    0.0000   22.5000  -22.5000 2581.9712   15.9181
    7.5000   22.5000  -22.5000 2564.5457   16.0134
   -7.5000   30.0000  -22.5000 2477.4531   16.9840
    0.0000   30.0000  -22.5000 2522.6223   16.8108
    7.5000   30.0000  -22.5000 2501.0757   16.9169
   -7.5000   37.5000  -22.5000 2388.5952   18.2307
    0.0000   37.5000  -22.5000 2428.0889   18.0313
    7.5000   37.5000  -22.5000 2412.0947   18.1184
   -7.5000   45.0000  -22.5000 2283.9258   19.8696
    0.0000   45.0000  -22.5000 2313.5906   19.6623
    7.5000   45.0000  -22.5000 2298.7517   19.7305
   -7.5000  -45.0000  -15.0000 2567.5967   14.9017
    0.0000  -45.0000  -15.0000 2593.8872   14.7408
    7.5000  -45.0000  -15.0000 2581.8044   14.9007
   -7.5000  -37.5000  -15.0000 2598.9771   14.3646
    0.0000  -37.5000  -15.0000 2629.4766   14.2104
    7.5000  -37.5000  -15.0000 2611.8091   14.3144
   -7.5000  -30.0000  -15.0000 2623.8997   13.9792
    0.0000  -30.0000  -15.0000 2657.9282   13.8595
    7.5000  -30.0000  -15.0000 2645.1917   13.9401
   -7.5000  -22.5000  -15.0000 2656.1589   13.7610
    0.0000  -22.5000  -15.0000 2694.3159   13.6221
    7.5000  -22.5000  -15.0000 2676.0562   13.7426
   -7.5000  -15.0000  -15.0000 2683.5063   13.6014
    0.0000  -15.0000  -15.0000 2722.6780   13.5214
    7.5000  -15.0000  -15.0000 2700.2310   13.6150
   -7.5000   -7.5000  -15.0000 2698.2637   13.5523
    0.0000   -7.5000  -15.0000 2738.1592   13.4584
    7.5000   -7.5000  -15.0000 2719.8796   13.5726
   -7.5000    0.0000  -15.0000 2705.9148   13.6738
    0.0000    0.0000  -15.0000 2745.0449   13.5413
    7.5000    0.0000  -15.0000 2725.5833   13.6500
   -7.5000    7.5000  -15.0000 2697.5681   13.9475
    0.0000    7.5000  -15.0000 2748.5115   13.8080
    7.5000    7.5000  -15.0000 2723.7576   13.8796
   -7.5000   15.0000  -15.0000 2680.5999   14.4861
    0.0000   15.0000  -15.0000 2733.0820   14.3377
    7.5000   15.0000  -15.0000 2709.6843   14.4191
   -7.5000   22.5000  -15.0000 2640.4685   15.1561
    0.0000   22.5000  -15.0000 2691.6072   15.0065
    7.5000   22.5000  -15.0000 2670.7800   15.1031
   -7.5000   30.0000  -15.0000 2576.6675   16.0323
    0.0000   30.0000  -15.0000 2622.4509   15.8634
    7.5000   30.0000  -15.0000 2604.0520   15.9923
   -7.5000   37.5000  -15.0000 2479.7532   17.2171
    0.0000   37.5000  -15.0000 2516.1550   17.0135
    7.5000   37.5000  -15.0000 2498.4629   17.1290
   -7.5000   45.0000  -15.0000 2359.3467   18.7939
    0.0000   45.0000  -15.0000 2387.9902   18.5722
    7.5000   45.0000  -15.0000 2375.5093   18.6713
   -7.5000  -45.0000   -7.5000 2599.8494   14.4176
    0.0000  -45.0000   -7.5000 2627.5859   14.2075
    7.5000  -45.0000   -7.5000 2614.5894   14.3724
   -7.5000  -37.5000   -7.5000 2627.5649   13.8197
    0.0000  -37.5000   -7.5000 2665.6033   13.6334
    7.5000  -37.5000   -7.5000 2646.8052   13.7700
   -7.5000  -30.0000   -7.5000 2655.8667   13.4241
    0.0000  -30.0000   -7.5000 2699.9133   13.2311
    7.5000  -30.0000   -7.5000 2682.5645   13.3510
   -7.5000  -22.5000   -7.5000 2687.1045   13.1510
    0.0000  -22.5000   -7.5000 2730.7515   12.9521
    7.5000  -22.5000   -7.5000 2717.9241   13.0920
   -7.5000  -15.0000   -7.5000 2725.1133   12.9778
    0.0000  -15.0000   -7.5000 2769.5693   12.8096
    7.5000  -15.0000   -7.5000 2752.5862   12.9366
   -7.5000   -7.5000   -7.5000 2759.8867   12.8820
    0.0000   -7.5000   -7.5000 2801.6343   12.7166
    7.5000   -7.5000   -7.5000 2786.4375   12.8464
   -7.5000    0.0000   -7.5000 2785.7791   12.9649
    0.0000    0.0000   -7.5000 2829.5745   12.7907
    7.5000    0.0000   -7.5000 2809.6514   12.9002
   -7.5000    7.5000   -7.5000 2789.1641   13.2280
    0.0000    7.5000   -7.5000 2842.4744   13.0501
    7.5000    7.5000   -7.5000 2821.1521   13.1809
   -7.5000   15.0000   -7.5000 2775.7510   13.7785
    0.0000   15.0000   -7.5000 2834.9514   13.5898
    7.5000   15.0000   -7.5000 2808.2144   13.7129
   -7.5000   22.5000   -7.5000 2724.9500   14.4365
    0.0000   22.5000   -7.5000 2777.2424   14.2487
    7.5000   22.5000   -7.5000 2762.2773   14.3664
   -7.5000   30.0000   -7.5000 2650.6760   15.2647
    0.0000   30.0000   -7.5000 2691.6685   15.0365
    7.5000   30.0000   -7.5000 2680.5730   15.1803
   -7.5000   37.5000   -7.5000 2544.4736   16.3911
    0.0000   37.5000   -7.5000 2580.6814   16.1311
    7.5000   37.5000   -7.5000 2565.4165   16.2958
   -7.5000   45.0000   -7.5000 2410.3142   17.9378
    0.0000   45.0000   -7.5000 2443.9932   17.6721
    7.5000   45.0000   -7.5000 2428.1311   17.8505
   -7.5000  -45.0000    0.0000 2608.6863   14.1810
    0.0000  -45.0000    0.0000 2648.3723   13.9125
    7.5000  -45.0000    0.0000 2633.5710   14.0703
   -7.5000  -37.5000    0.0000 2639.3894   13.5228
    0.0000  -37.5000    0.0000 2682.0942   13.2741
    7.5000  -37.5000    0.0000 2664.9719   13.4270
   -7.5000  -30.0000    0.0000 2668.6775   13.0608
    0.0000  -30.0000    0.0000 2711.0461   12.8047
    7.5000  -30.0000    0.0000 2701.2942   12.9737
   -7.5000  -22.5000    0.0000 2705.5303   12.7421
    0.0000  -22.5000    0.0000 2744.8076   12.4762
    7.5000  -22.5000    0.0000 2739.8225   12.6543
   -7.5000  -15.0000    0.0000 2747.6370   12.5584
    0.0000  -15.0000    0.0000 2789.7368   12.3136
    7.5000  -15.0000    0.0000 2777.4827   12.4632
   -7.5000   -7.5000    0.0000 2788.2258   12.4851
    0.0000   -7.5000    0.0000 2836.9319   12.2398
    7.5000   -7.5000    0.0000 2822.9607   12.3891
   -7.5000    0.0000    0.0000 2833.6899   12.5360
    0.0000    0.0000    0.0000 2886.2412   12.2981
    7.5000    0.0000    0.0000 2870.7163   12.4735
   -7.5000    7.5000    0.0000 2860.9153   12.7828
    0.0000    7.5000    0.0000 2927.6174   12.5455
    7.5000    7.5000    0.0000 2899.6943   12.7607
   -7.5000   15.0000    0.0000 2853.7417   13.2830
    0.0000   15.0000    0.0000 2925.8181   13.0920
    7.5000   15.0000    0.0000 2891.8135   13.2734
   -7.5000   22.5000    0.0000 2794.9604   13.9777
    0.0000   22.5000    0.0000 2848.8752   13.7537
    7.5000   22.5000    0.0000 2829.3643   13.9472
   -7.5000   30.0000    0.0000 2697.4836   14.7594
    0.0000   30.0000    0.0000 2742.7825   14.4811
    7.5000   30.0000    0.0000 2732.1553   14.6572
   -7.5000   37.5000    0.0000 2586.1455   15.8374
    0.0000   37.5000    0.0000 2625.4080   15.5571
    7.5000   37.5000    0.0000 2611.3352   15.7420
   -7.5000   45.0000    0.0000 2442.8228   17.3653
    0.0000   45.0000    0.0000 2477.7249   17.1214
    7.5000   45.0000    0.0000 2464.6438   17.2824
   -7.5000  -45.0000    7.5000 2606.2500   14.0794
    0.0000  -45.0000    7.5000 2654.8638   13.7928
    7.5000  -45.0000    7.5000 2641.7502   13.9353
   -7.5000  -37.5000    7.5000 2638.3015   13.3546
    0.0000  -37.5000    7.5000 2680.1108   13.0667
    7.5000  -37.5000    7.5000 2669.5181   13.2099
   -7.5000  -30.0000    7.5000 2666.2097   12.8723
    0.0000  -30.0000    7.5000 2698.1399   12.5427
    7.5000  -30.0000    7.5000 2696.2046   12.7474
   -7.5000  -22.5000    7.5000 2708.1611   12.5322
    0.0000  -22.5000    7.5000 2735.5894   12.1928
    7.5000  -22.5000    7.5000 2734.6262   12.3950
   -7.5000  -15.0000    7.5000 2755.2400   12.3362
    0.0000  -15.0000    7.5000 2792.7712   11.9928
    7.5000  -15.0000    7.5000 2784.1060   12.2006
   -7.5000   -7.5000    7.5000 2808.5779   12.2730
    0.0000   -7.5000    7.5000 2851.7788   11.9591
    7.5000   -7.5000    7.5000 2842.2563   12.1669
   -7.5000    0.0000    7.5000 2858.6423   12.3795
    0.0000    0.0000    7.5000 2916.2549   12.1535
    7.5000    0.0000    7.5000 2897.7686   12.2938
   -7.5000    7.5000    7.5000 2901.6111   12.5951
    0.0000    7.5000    7.5000 2984.7715   12.3675
    7.5000    7.5000    7.5000 2944.8757   12.5676
   -7.5000   15.0000    7.5000 2910.2542   13.0510
    0.0000   15.0000    7.5000 3009.7925   12.7728
    7.5000   15.0000    7.5000 2949.4590   13.0372
   -7.5000   22.5000    7.5000 2838.0742   13.7369
    0.0000   22.5000    7.5000 2911.4038   13.4972
    7.5000   22.5000    7.5000 2873.5776   13.6875
   -7.5000   30.0000    7.5000 2727.2019   14.4783
    0.0000   30.0000    7.5000 2772.8511   14.2529
    7.5000   30.0000    7.5000 2756.8875   14.3572
   -7.5000   37.5000    7.5000 2607.3489   15.5196
    0.0000   37.5000    7.5000 2641.8918   15.3160
    7.5000   37.5000    7.5000 2630.3149   15.3764
   -7.5000   45.0000    7.5000 2460.1484   17.0019
    0.0000   45.0000    7.5000 2493.1985   16.8140
    7.5000   45.0000    7.5000 2481.4062   16.8556
   -7.5000  -45.0000   15.0000 2573.2834   14.2284
    0.0000  -45.0000   15.0000 2621.7197   13.8829
    7.5000  -45.0000   15.0000 2605.8337   14.0668
   -7.5000  -37.5000   15.0000 2613.9004   13.4704
    0.0000  -37.5000   15.0000 2656.0149   13.0879
    7.5000  -37.5000   15.0000 2643.1458   13.2660
   -7.5000  -30.0000   15.0000 2644.3701   12.9604
    0.0000  -30.0000   15.0000 2680.4597   12.5808
    7.5000  -30.0000   15.0000 2674.5918   12.7885
   -7.5000  -22.5000   15.0000 2688.8450   12.5998
    0.0000  -22.5000   15.0000 2721.0288   12.2348
    7.5000  -22.5000   15.0000 2718.9922   12.4347
   -7.5000  -15.0000   15.0000 2741.6599   12.3728
    0.0000  -15.0000   15.0000 2784.3804   12.0491
    7.5000  -15.0000   15.0000 2776.7502   12.2354
   -7.5000   -7.5000   15.0000 2803.0081   12.3276
    0.0000   -7.5000   15.0000 2849.0977   12.0365
    7.5000   -7.5000   15.0000 2834.1169   12.2063
   -7.5000    0.0000   15.0000 2851.5686   12.4193
    0.0000    0.0000   15.0000 2906.9778   12.2241
    7.5000    0.0000   15.0000 2885.6265   12.3398
   -7.5000    7.5000   15.0000 2896.8428   12.6463
    0.0000    7.5000   15.0000 2967.8164   12.4485
    7.5000    7.5000   15.0000 2934.6177   12.5685
   -7.5000   15.0000   15.0000 2897.1892   13.0440
    0.0000   15.0000   15.0000 2984.5959   12.8135
    7.5000   15.0000   15.0000 2937.7136   12.9578
   -7.5000   22.5000   15.0000 2838.2644   13.6486
    0.0000   22.5000   15.0000 2909.6648   13.4735
    7.5000   22.5000   15.0000 2869.9207   13.5932
   -7.5000   30.0000   15.0000 2729.2734   14.4105
    0.0000   30.0000   15.0000 2775.5415   14.2302
    7.5000   30.0000   15.0000 2753.1206   14.3182
   -7.5000   37.5000   15.0000 2601.1448   15.4763
    0.0000   37.5000   15.0000 2633.7505   15.2650
    7.5000   37.5000   15.0000 2624.0686   15.3334
   -7.5000   45.0000   15.0000 2455.6238   16.9156
    0.0000   45.0000   15.0000 2481.9561   16.6958
    7.5000   45.0000   15.0000 2474.4595   16.7916
   -7.5000  -45.0000   22.5000 2529.2590   14.5730
    0.0000  -45.0000   22.5000 2572.1648   14.2262
    7.5000  -45.0000   22.5000 2559.5391   14.3777
   -7.5000  -37.5000   22.5000 2574.6143   13.7766
    0.0000  -37.5000   22.5000 2618.4177   13.4295
    7.5000  -37.5000   22.5000 2603.5303   13.5666
   -7.5000  -30.0000   22.5000 2609.6001   13.2381
    0.0000  -30.0000   22.5000 2655.4863   12.9198
    7.5000  -30.0000   22.5000 2641.8552   13.0865
   -7.5000  -22.5000   22.5000 2651.5498   12.8727
    0.0000  -22.5000   22.5000 2696.0557   12.5475
    7.5000  -22.5000   22.5000 2685.8445   12.7184
   -7.5000  -15.0000   22.5000 2708.2571   12.6559
    0.0000  -15.0000   22.5000 2755.6287   12.3863
    7.5000  -15.0000   22.5000 2744.3730   12.5632
   -7.5000   -7.5000   22.5000 2767.1838   12.6221
    0.0000   -7.5000   22.5000 2813.3411   12.3721
    7.5000   -7.5000   22.5000 2797.1550   12.5275
   -7.5000    0.0000   22.5000 2818.1858   12.7194
    0.0000    0.0000   22.5000 2868.6526   12.4645
    7.5000    0.0000   22.5000 2848.2083   12.6220
   -7.5000    7.5000   22.5000 2851.3884   12.9340
    0.0000    7.5000   22.5000 2908.2361   12.6328
    7.5000    7.5000   22.5000 2881.9868   12.7954
   -7.5000   15.0000   22.5000 2846.7876   13.3052
    0.0000   15.0000   22.5000 2904.3000   13.0234
    7.5000   15.0000   22.5000 2879.3843   13.1725
   -7.5000   22.5000   22.5000 2797.5918   13.8571
    0.0000   22.5000   22.5000 2856.2463   13.6167
    7.5000   22.5000   22.5000 2828.4380   13.7727
   -7.5000   30.0000   22.5000 2690.5066   14.6620
    0.0000   30.0000   22.5000 2737.6287   14.4635
    7.5000   30.0000   22.5000 2717.6614   14.5842
   -7.5000   37.5000   22.5000 2569.6992   15.7106
    0.0000   37.5000   22.5000 2606.2197   15.5142
    7.5000   37.5000   22.5000 2591.9583   15.6217
   -7.5000   45.0000   22.5000 2429.5923   17.1188
    0.0000   45.0000   22.5000 2464.4087   16.9036
    7.5000   45.0000   22.5000 2446.5364   17.0121
   -7.5000  -45.0000   30.0000 2470.0122   15.1496
    0.0000  -45.0000   30.0000 2509.8428   14.8343
    7.5000  -45.0000   30.0000 2501.6238   14.9958
   -7.5000  -37.5000   30.0000 2522.9165   14.3166
    0.0000  -37.5000   30.0000 2563.8687   13.9802
    7.5000  -37.5000   30.0000 2550.3811   14.1307
   -7.5000  -30.0000   30.0000 2563.8975   13.7969
    0.0000  -30.0000   30.0000 2611.8711   13.4676
    7.5000  -30.0000   30.0000 2593.4785   13.6016
   -7.5000  -22.5000   30.0000 2613.5928   13.3881
    0.0000  -22.5000   30.0000 2659.2510   13.0597
    7.5000  -22.5000   30.0000 2645.4138   13.2281
   -7.5000  -15.0000   30.0000 2660.1150   13.1634
    0.0000  -15.0000   30.0000 2708.5466   12.8828
    7.5000  -15.0000   30.0000 2697.5286   13.0485
   -7.5000   -7.5000   30.0000 2716.8528   13.1272
    0.0000   -7.5000   30.0000 2762.8657   12.8381
    7.5000   -7.5000   30.0000 2747.4639   12.9916
   -7.5000    0.0000   30.0000 2757.0718   13.2061
    0.0000    0.0000   30.0000 2805.1013   12.8836
    7.5000    0.0000   30.0000 2782.5156   13.0265
   -7.5000    7.5000   30.0000 2777.4387   13.3955
    0.0000    7.5000   30.0000 2829.3467   13.0568
    7.5000    7.5000   30.0000 2810.0652   13.2121
   -7.5000   15.0000   30.0000 2768.7000   13.7175
    0.0000   15.0000   30.0000 2814.3054   13.4193
    7.5000   15.0000   30.0000 2796.7329   13.5864
   -7.5000   22.5000   30.0000 2721.0215   14.2874
    0.0000   22.5000   30.0000 2770.6016   13.9948
    7.5000   22.5000   30.0000 2749.5220   14.1740
   -7.5000   30.0000   30.0000 2618.5828   15.1255
    0.0000   30.0000   30.0000 2668.1978   14.8671
    7.5000   30.0000   30.0000 2654.2781   15.0211
   -7.5000   37.5000   30.0000 2513.2529   16.2636
    0.0000   37.5000   30.0000 2551.4355   15.9963
    7.5000   37.5000   30.0000 2540.3252   16.1266
   -7.5000   45.0000   30.0000 2386.7224   17.6461
    0.0000   45.0000   30.0000 2427.1594   17.3705
    7.5000   45.0000   30.0000 2412.4561   17.5064
   -7.5000  -45.0000   37.5000 2410.7485   15.8979
    0.0000  -45.0000   37.5000 2444.5649   15.5758
    7.5000  -45.0000   37.5000 2435.5239   15.7345
   -7.5000  -37.5000   37.5000 2466.9839   15.0470
    0.0000  -37.5000   37.5000 2503.6877   14.6933
    7.5000  -37.5000   37.5000 2492.7434   14.8161
   -7.5000  -30.0000   37.5000 2513.0850   14.4806
    0.0000  -30.0000   37.5000 2556.4773   14.1030
    7.5000  -30.0000   37.5000 2544.0337   14.2527
   -7.5000  -22.5000   37.5000 2566.3657   14.0760
    0.0000  -22.5000   37.5000 2610.0664   13.7371
    7.5000  -22.5000   37.5000 2597.6865   13.8992
   -7.5000  -15.0000   37.5000 2610.0806   13.8395
    0.0000  -15.0000   37.5000 2657.4587   13.5513
    7.5000  -15.0000   37.5000 2645.9460   13.7121
   -7.5000   -7.5000   37.5000 2652.7249   13.7914
    0.0000   -7.5000   37.5000 2703.7329   13.4763
    7.5000   -7.5000   37.5000 2686.8223   13.6390
   -7.5000    0.0000   37.5000 2681.5610   13.8779
    0.0000    0.0000   37.5000 2729.5647   13.5521
    7.5000    0.0000   37.5000 2710.6155   13.7008
   -7.5000    7.5000   37.5000 2697.3882   14.0827
    0.0000    7.5000   37.5000 2741.1143   13.7606
    7.5000    7.5000   37.5000 2726.1616   13.8977
   -7.5000   15.0000   37.5000 2677.2324   14.4279
    0.0000   15.0000   37.5000 2721.7722   14.1256
    7.5000   15.0000   37.5000 2703.7056   14.2561
   -7.5000   22.5000   37.5000 2627.7266   14.9818
    0.0000   22.5000   37.5000 2674.4282   14.6915
    7.5000   22.5000   37.5000 2658.5264   14.8316
   -7.5000   30.0000   37.5000 2543.3203   15.8206
    0.0000   30.0000   37.5000 2589.5281   15.5458
    7.5000   30.0000   37.5000 2577.1641   15.6660
   -7.5000   37.5000   37.5000 2444.0073   16.9194
    0.0000   37.5000   37.5000 2479.5317   16.6282
    7.5000   37.5000   37.5000 2470.9443   16.7569
   -7.5000   45.0000   37.5000 2325.5601   18.2485
    0.0000   45.0000   37.5000 2363.5593   18.0196
    7.5000   45.0000   37.5000 2352.2212   18.1265
   -7.5000  -45.0000   45.0000 2341.2356   16.8616
    0.0000  -45.0000   45.0000 2377.5210   16.5262
    7.5000  -45.0000   45.0000 2368.9861   16.6480
   -7.5000  -37.5000   45.0000 2399.9431   15.9244
    0.0000  -37.5000   45.0000 2438.4631   15.5475
    7.5000  -37.5000   45.0000 2430.2507   15.6605
   -7.5000  -30.0000   45.0000 2452.2185   15.3274
    0.0000  -30.0000   45.0000 2494.4485   14.9513
    7.5000  -30.0000   45.0000 2484.4036   15.0612
   -7.5000  -22.5000   45.0000 2504.9934   14.9268
    0.0000  -22.5000   45.0000 2549.6448   14.5714
    7.5000  -22.5000   45.0000 2537.5706   14.6819
   -7.5000  -15.0000   45.0000 2546.3020   14.7028
    0.0000  -15.0000   45.0000 2590.9260   14.3662
    7.5000  -15.0000   45.0000 2577.2102   14.4887
   -7.5000   -7.5000   45.0000 2576.8586   14.6501
    0.0000   -7.5000   45.0000 2622.4370   14.3315
    7.5000   -7.5000   45.0000 2609.8535   14.4586
   -7.5000    0.0000   45.0000 2595.0090   14.7292
    0.0000    0.0000   45.0000 2640.8787   14.4305
    7.5000    0.0000   45.0000 2629.0513   14.5344
   -7.5000    7.5000   45.0000 2601.8745   14.9482
    0.0000    7.5000   45.0000 2640.8962   14.6736
    7.5000    7.5000   45.0000 2628.2249   14.7618
   -7.5000   15.0000   45.0000 2572.5498   15.3249
    0.0000   15.0000   45.0000 2616.1431   15.0874
    7.5000   15.0000   45.0000 2601.3003   15.1901
   -7.5000   22.5000   45.0000 2531.4307   15.9108
    0.0000   22.5000   45.0000 2572.8401   15.6237
    7.5000   22.5000   45.0000 2558.5952   15.7523
   -7.5000   30.0000   45.0000 2463.3423   16.7274
    0.0000   30.0000   45.0000 2507.6367   16.4237
    7.5000   30.0000   45.0000 2494.3442   16.5170
   -7.5000   37.5000   45.0000 2369.9185   17.8275
    0.0000   37.5000   45.0000 2404.7581   17.5114
    7.5000   37.5000   45.0000 2395.2488   17.5654
   -7.5000   45.0000   45.0000 2259.7439   19.1928
    0.0000   45.0000   45.0000 2289.0220   18.9028
    7.5000   45.0000   45.0000 2280.6804   18.9468

---------------------------------------------------------------------
imgreg_4dfp /opt/freesurfer/average/711-2C_as_mni_average_305 /opt/freesurfer/average/711-2B_as_mni_average_305_mask talsrcimg_g11 none talsrcimg_to_711-2C_as_mni_average_305_t4 1283
---------------------------------------------------------------------

freesurfer imgreg_4dfp.c
/opt/freesurfer/average/711-2C_as_mni_average_305.4dfp.img
       256       256       256         1
  1.000000  1.000000  1.000000
orientation T byte_order littleendian
Reading image: /opt/freesurfer/average/711-2C_as_mni_average_305.4dfp.img
dimensions:      256       256       256
mmppix:       1.0000   -1.0000   -1.0000
center:     128.0000 -129.0000 -129.0000
/opt/freesurfer/average/711-2B_as_mni_average_305_mask.4dfp.img
       256       256       256         1
  1.000000  1.000000  1.000000
orientation T byte_order littleendian
Reading mask: /opt/freesurfer/average/711-2B_as_mni_average_305_mask.4dfp.img (2306576 pixels)
talsrcimg_g11.4dfp.img
       256       256       256         1
  1.000000  1.000000  1.000000
orientation T byte_order littleendian
Reading image: talsrcimg_g11.4dfp.img
dimensions:      256       256       256
mmppix:       1.0000   -1.0000   -1.0000
center:     128.0000 -129.0000 -129.0000
rotation matrix determinant  1.000000
fimgreg.f
image alignment mode   1283 decimal      503 hex
parameters
    0.0000   15.0000    7.5000    0.0000    0.0000    0.0000
eta,q 0.94210 12.79160
niter,ni,del,rscale     5    3   12.0000    1.2000
parameter  4  0.691509 ->  0.500000 qaram    1.1500
parameters
    1.1833   12.9235    9.9015   -3.4500   -0.2805   -2.1165
eta,q 0.94682 12.52228
  0.0830  0.0614  0.0706  0.0541  0.0643  0.0559
  0.0748  0.0578  0.0645  0.0544  0.0586  0.0539
  0.0657  0.0577  0.0605  0.0548  0.0555  0.0532
  0.0605  0.0590  0.0575  0.0555  0.0544  0.0545
  0.0591  0.0614  0.0554  0.0566  0.0557  0.0562
  0.0623  0.0658  0.0560  0.0596  0.0596  0.0589
  0.0724  0.0735  0.0591  0.0626  0.0669  0.0631
niter,ni,del,rscale     5    3   12.0000    1.2000
parameters
    1.5875   14.7237    9.1825   -4.5536   -0.6136   -1.6250
eta,q 0.94935 12.56804
  0.0779  0.0675  0.0616  0.0576  0.0618  0.0588
  0.0677  0.0625  0.0562  0.0537  0.0559  0.0554
  0.0584  0.0568  0.0526  0.0507  0.0519  0.0524
  0.0532  0.0529  0.0513  0.0513  0.0507  0.0506
  0.0542  0.0513  0.0544  0.0540  0.0527  0.0516
  0.0621  0.0528  0.0607  0.0579  0.0573  0.0537
  0.0737  0.0577  0.0676  0.0622  0.0650  0.0568
niter,ni,del,rscale     4    3   12.0000    1.2000
parameters
    1.5705   14.7727    8.9940   -4.6997   -0.6190   -1.5388
eta,q 0.94932 12.56734
  0.0731  0.0640  0.0634  0.0593  0.0629  0.0581
  0.0631  0.0583  0.0575  0.0557  0.0569  0.0549
  0.0544  0.0530  0.0528  0.0519  0.0525  0.0518
  0.0507  0.0507  0.0506  0.0507  0.0507  0.0507
  0.0529  0.0523  0.0527  0.0525  0.0521  0.0520
  0.0621  0.0573  0.0585  0.0560  0.0563  0.0542
  0.0746  0.0641  0.0654  0.0600  0.0635  0.0578
niter,ni,del,rscale     3    3   12.0000    1.2000
parameters
    1.5501   14.7970    8.9603   -4.7288   -0.6069   -1.5177
eta,q 0.94930 12.56786
  0.0732  0.0641  0.0640  0.0596  0.0629  0.0580
  0.0632  0.0583  0.0581  0.0559  0.0570  0.0548
  0.0545  0.0529  0.0531  0.0522  0.0526  0.0517
  0.0507  0.0507  0.0507  0.0507  0.0507  0.0507
  0.0530  0.0525  0.0524  0.0524  0.0521  0.0521
  0.0623  0.0576  0.0579  0.0558  0.0563  0.0544
  0.0748  0.0643  0.0649  0.0599  0.0634  0.0579
registration optimization eta report
parameter search radius
    6.0000    6.0000    6.0000    6.9000    6.0000    6.0000
100000*second partial in parameter space
       64.       37.       37.       18.       34.       19.
  0.0732  0.0641  0.0640  0.0596  0.0629  0.0580
  0.0632  0.0583  0.0581  0.0559  0.0570  0.0548
  0.0545  0.0529  0.0531  0.0522  0.0526  0.0517
  0.0507  0.0507  0.0507  0.0507  0.0507  0.0507
  0.0530  0.0525  0.0524  0.0524  0.0521  0.0521
  0.0623  0.0576  0.0579  0.0558  0.0563  0.0544
  0.0748  0.0643  0.0649  0.0599  0.0634  0.0579
    1.5501   14.7970    8.9603   -4.7288   -0.6069   -1.5177
eta,q 0.94930 12.56786

---------------------------------------------------------------------
imgreg_4dfp /opt/freesurfer/average/711-2C_as_mni_average_305 /opt/freesurfer/average/711-2B_as_mni_average_305_mask talsrcimg_g11 none talsrcimg_to_711-2C_as_mni_average_305_t4 3335
---------------------------------------------------------------------

freesurfer imgreg_4dfp.c
/opt/freesurfer/average/711-2C_as_mni_average_305.4dfp.img
       256       256       256         1
  1.000000  1.000000  1.000000
orientation T byte_order littleendian
Reading image: /opt/freesurfer/average/711-2C_as_mni_average_305.4dfp.img
dimensions:      256       256       256
mmppix:       1.0000   -1.0000   -1.0000
center:     128.0000 -129.0000 -129.0000
/opt/freesurfer/average/711-2B_as_mni_average_305_mask.4dfp.img
       256       256       256         1
  1.000000  1.000000  1.000000
orientation T byte_order littleendian
Reading mask: /opt/freesurfer/average/711-2B_as_mni_average_305_mask.4dfp.img (2306576 pixels)
talsrcimg_g11.4dfp.img
       256       256       256         1
  1.000000  1.000000  1.000000
orientation T byte_order littleendian
Reading image: talsrcimg_g11.4dfp.img
dimensions:      256       256       256
mmppix:       1.0000   -1.0000   -1.0000
center:     128.0000 -129.0000 -129.0000
fimgreg.f
image alignment mode   3335 decimal      D07 hex
parameters
    1.5501   14.7970    8.9603   -0.0407   -0.3730   -0.3460
    2.5523    1.2736   -2.6485    8.2130   -1.0592   -8.2434
eta,q 0.94808 12.65482
niter,ni,del,rscale     5    3    5.0000    1.2000
parameter  4  1.543431 ->  0.500000 qaram    1.1500
parameter  5  2.948751 ->  0.500000 qaram    1.1500
parameter  6  0.926257 ->  0.500000 qaram    1.1500
parameter 12 -0.877105 -> -0.500000 qaram    1.1500
parameters
    1.5147   14.9284    8.7299   -4.1807   -4.5130   -4.4860
    2.8343    2.1440   -1.7368    4.8958   -1.8279   -4.1034
eta,q 0.96410 12.33168
  0.0554  0.0542  0.0533  0.0458  0.0385  0.0378  0.0415  0.0452  0.0409  0.0383  0.0382  0.0408
  0.0535  0.0532  0.0524  0.0469  0.0410  0.0379  0.0397  0.0419  0.0395  0.0373  0.0374  0.0393
  0.0523  0.0524  0.0520  0.0488  0.0440  0.0389  0.0385  0.0393  0.0385  0.0370  0.0370  0.0380
  0.0519  0.0519  0.0519  0.0519  0.0473  0.0418  0.0380  0.0380  0.0379  0.0379  0.0370  0.0369
  0.0523  0.0520  0.0522  0.0557  0.0512  0.0457  0.0383  0.0382  0.0380  0.0397  0.0373  0.0362
  0.0536  0.0527  0.0529  0.0597  0.0555  0.0504  0.0393  0.0397  0.0386  0.0421  0.0379  0.0358
  0.0556  0.0539  0.0540  0.0640  0.0598  0.0557  0.0410  0.0426  0.0398  0.0450  0.0388  0.0359
niter,ni,del,rscale     7    3    5.0000    1.2000
parameter  4  0.583869 ->  0.500000 qaram    1.3225
parameter  5  0.999180 ->  0.500000 qaram    1.3225
parameters
    1.5662   15.0589    9.1332   -8.9417   -9.2740   -8.3194
    3.3064    2.1156   -2.2453    3.2928   -2.7257   -3.0543
eta,q 0.96953 11.69113
  0.0407  0.0396  0.0393  0.0350  0.0305  0.0310  0.0344  0.0358  0.0330  0.0331  0.0316  0.0330
  0.0381  0.0376  0.0376  0.0346  0.0309  0.0307  0.0326  0.0331  0.0317  0.0313  0.0309  0.0317
  0.0365  0.0364  0.0365  0.0348  0.0323  0.0309  0.0314  0.0313  0.0310  0.0306  0.0306  0.0309
  0.0359  0.0359  0.0359  0.0358  0.0346  0.0312  0.0308  0.0308  0.0308  0.0308  0.0305  0.0305
  0.0364  0.0362  0.0358  0.0380  0.0378  0.0325  0.0310  0.0314  0.0312  0.0319  0.0308  0.0305
  0.0378  0.0372  0.0364  0.0418  0.0419  0.0361  0.0319  0.0331  0.0322  0.0339  0.0314  0.0310
  0.0402  0.0389  0.0376  0.0461  0.0468  0.0411  0.0336  0.0359  0.0338  0.0364  0.0323  0.0320
niter,ni,del,rscale     7    3    5.0000    1.2000
parameter  5  0.529567 ->  0.500000 qaram    1.5209
parameters
    1.7036   14.8108    9.5076  -10.3222  -14.7492   -9.3088
    3.1199    2.1450   -2.6156    2.1208   -2.3462   -3.1651
eta,q 0.97103 11.18437
  0.0352  0.0332  0.0328  0.0332  0.0299  0.0316  0.0324  0.0347  0.0314  0.0319  0.0308  0.0311
  0.0328  0.0316  0.0317  0.0314  0.0293  0.0299  0.0306  0.0319  0.0301  0.0300  0.0299  0.0300
  0.0312  0.0306  0.0308  0.0304  0.0293  0.0291  0.0295  0.0298  0.0293  0.0291  0.0293  0.0293
  0.0305  0.0304  0.0304  0.0304  0.0303  0.0292  0.0291  0.0291  0.0291  0.0291  0.0290  0.0290
  0.0307  0.0311  0.0304  0.0311  0.0323  0.0299  0.0296  0.0298  0.0295  0.0302  0.0291  0.0292
  0.0320  0.0325  0.0309  0.0327  0.0353  0.0309  0.0309  0.0318  0.0304  0.0320  0.0296  0.0300
  0.0343  0.0347  0.0317  0.0359  0.0395  0.0331  0.0328  0.0346  0.0319  0.0342  0.0305  0.0313
niter,ni,del,rscale     7    3    5.0000    1.2000
parameters
    1.7075   14.7956    9.8942  -10.3741  -15.3579   -9.1295
    3.1516    2.1125   -2.7079    2.0524   -2.2385   -2.9505
eta,q 0.97107 11.14995
  0.0334  0.0323  0.0317  0.0330  0.0334  0.0326  0.0325  0.0345  0.0316  0.0332  0.0307  0.0313
  0.0310  0.0304  0.0304  0.0308  0.0309  0.0305  0.0306  0.0316  0.0301  0.0308  0.0298  0.0302
  0.0295  0.0293  0.0294  0.0294  0.0293  0.0292  0.0294  0.0296  0.0292  0.0293  0.0292  0.0293
  0.0290  0.0290  0.0290  0.0289  0.0289  0.0289  0.0289  0.0289  0.0289  0.0289  0.0289  0.0289
  0.0294  0.0294  0.0290  0.0295  0.0295  0.0295  0.0293  0.0297  0.0293  0.0296  0.0291  0.0291
  0.0309  0.0305  0.0295  0.0308  0.0315  0.0304  0.0305  0.0317  0.0302  0.0311  0.0297  0.0299
  0.0334  0.0323  0.0304  0.0331  0.0347  0.0321  0.0325  0.0346  0.0317  0.0332  0.0306  0.0312
niter,ni,del,rscale     6    3    5.0000    1.2000
parameters
    1.7055   14.8061   10.0015  -10.3473  -15.4652   -9.0622
    3.1637    2.1061   -2.7474    2.0266   -2.2128   -2.8851
eta,q 0.97106 11.14840
  0.0333  0.0324  0.0312  0.0331  0.0338  0.0325  0.0324  0.0346  0.0316  0.0333  0.0307  0.0313
  0.0310  0.0304  0.0300  0.0309  0.0312  0.0305  0.0306  0.0317  0.0301  0.0309  0.0298  0.0301
  0.0295  0.0292  0.0292  0.0294  0.0295  0.0292  0.0294  0.0296  0.0292  0.0294  0.0292  0.0293
  0.0289  0.0289  0.0289  0.0289  0.0289  0.0289  0.0289  0.0289  0.0289  0.0289  0.0289  0.0289
  0.0294  0.0294  0.0291  0.0295  0.0294  0.0295  0.0293  0.0297  0.0293  0.0296  0.0291  0.0292
  0.0309  0.0304  0.0298  0.0308  0.0311  0.0305  0.0306  0.0317  0.0302  0.0311  0.0297  0.0300
  0.0334  0.0322  0.0308  0.0330  0.0341  0.0323  0.0325  0.0346  0.0317  0.0332  0.0307  0.0313
niter,ni,del,rscale     5    3    5.0000    1.2000
parameters
    1.7060   14.8065   10.0312  -10.3427  -15.4975   -9.0497
    3.1676    2.1044   -2.7587    2.0137   -2.2060   -2.8627
eta,q 0.97107 11.14718
  0.0333  0.0323  0.0310  0.0331  0.0338  0.0325  0.0324  0.0346  0.0317  0.0333  0.0307  0.0312
  0.0310  0.0304  0.0299  0.0309  0.0312  0.0304  0.0306  0.0317  0.0302  0.0309  0.0298  0.0301
  0.0295  0.0292  0.0292  0.0294  0.0295  0.0292  0.0294  0.0296  0.0292  0.0294  0.0292  0.0293
  0.0289  0.0289  0.0289  0.0289  0.0289  0.0289  0.0289  0.0289  0.0289  0.0289  0.0289  0.0289
  0.0294  0.0294  0.0292  0.0295  0.0293  0.0295  0.0293  0.0297  0.0292  0.0295  0.0291  0.0292
  0.0309  0.0305  0.0298  0.0308  0.0311  0.0305  0.0306  0.0317  0.0302  0.0311  0.0297  0.0300
  0.0334  0.0322  0.0309  0.0331  0.0341  0.0323  0.0325  0.0346  0.0317  0.0332  0.0307  0.0313
niter,ni,del,rscale     4    3    5.0000    1.2000
parameters
    1.7054   14.8064   10.0403  -10.3416  -15.5063   -9.0482
    3.1685    2.1046   -2.7664    2.0100   -2.1988   -2.8550
eta,q 0.97107 11.14669
  0.0333  0.0323  0.0310  0.0331  0.0338  0.0325  0.0324  0.0346  0.0317  0.0333  0.0307  0.0312
  0.0310  0.0304  0.0298  0.0309  0.0313  0.0304  0.0306  0.0317  0.0302  0.0309  0.0298  0.0301
  0.0295  0.0292  0.0291  0.0294  0.0295  0.0292  0.0294  0.0296  0.0292  0.0294  0.0292  0.0293
  0.0289  0.0289  0.0289  0.0289  0.0289  0.0289  0.0289  0.0289  0.0289  0.0289  0.0289  0.0289
  0.0294  0.0294  0.0292  0.0295  0.0293  0.0295  0.0293  0.0297  0.0292  0.0295  0.0291  0.0292
  0.0309  0.0305  0.0299  0.0308  0.0311  0.0305  0.0306  0.0317  0.0302  0.0311  0.0297  0.0300
  0.0334  0.0322  0.0309  0.0331  0.0340  0.0323  0.0325  0.0346  0.0317  0.0332  0.0307  0.0313
registration optimization eta report
parameter search radius
    2.4000    2.4000    2.4000    9.5220   10.9503    8.2800
    7.2000    7.2000    7.2000    7.2000    7.2000    8.2800
100000*second partial in parameter space
       77.       58.       35.        5.        4.        5.
        7.       11.        5.        8.        3.        3.
  0.0333  0.0323  0.0310  0.0331  0.0338  0.0325  0.0324  0.0346  0.0317  0.0333  0.0307  0.0312
  0.0310  0.0304  0.0298  0.0309  0.0313  0.0304  0.0306  0.0317  0.0302  0.0309  0.0298  0.0301
  0.0295  0.0292  0.0291  0.0294  0.0295  0.0292  0.0294  0.0296  0.0292  0.0294  0.0292  0.0293
  0.0289  0.0289  0.0289  0.0289  0.0289  0.0289  0.0289  0.0289  0.0289  0.0289  0.0289  0.0289
  0.0294  0.0294  0.0292  0.0295  0.0293  0.0295  0.0293  0.0297  0.0292  0.0295  0.0291  0.0292
  0.0309  0.0305  0.0299  0.0308  0.0311  0.0305  0.0306  0.0317  0.0302  0.0311  0.0297  0.0300
  0.0334  0.0322  0.0309  0.0331  0.0340  0.0323  0.0325  0.0346  0.0317  0.0332  0.0307  0.0313
    1.7054   14.8064   10.0403  -10.3416  -15.5063   -9.0482
    3.1685    2.1046   -2.7664    2.0100   -2.1988   -2.8550
eta,q 0.97107 11.14669

---------------------------------------------------------------------
imgreg_4dfp /opt/freesurfer/average/711-2C_as_mni_average_305 /opt/freesurfer/average/711-2B_as_mni_average_305_mask talsrcimg_g11 none talsrcimg_to_711-2C_as_mni_average_305_t4 2311
---------------------------------------------------------------------

freesurfer imgreg_4dfp.c
/opt/freesurfer/average/711-2C_as_mni_average_305.4dfp.img
       256       256       256         1
  1.000000  1.000000  1.000000
orientation T byte_order littleendian
Reading image: /opt/freesurfer/average/711-2C_as_mni_average_305.4dfp.img
dimensions:      256       256       256
mmppix:       1.0000   -1.0000   -1.0000
center:     128.0000 -129.0000 -129.0000
/opt/freesurfer/average/711-2B_as_mni_average_305_mask.4dfp.img
       256       256       256         1
  1.000000  1.000000  1.000000
orientation T byte_order littleendian
Reading mask: /opt/freesurfer/average/711-2B_as_mni_average_305_mask.4dfp.img (2306576 pixels)
talsrcimg_g11.4dfp.img
       256       256       256         1
  1.000000  1.000000  1.000000
orientation T byte_order littleendian
Reading image: talsrcimg_g11.4dfp.img
dimensions:      256       256       256
mmppix:       1.0000   -1.0000   -1.0000
center:     128.0000 -129.0000 -129.0000
fimgreg.f
image alignment mode   2311 decimal      907 hex
parameters
    1.7054   14.8064   10.0403  -10.3416  -15.5063   -9.0482
    3.1685    2.1046   -2.7664    2.0100   -2.1988   -2.8550
eta,q 0.97107 11.14668
niter,ni,del,rscale     5    3    5.0000    0.8000
parameters
    1.7209   14.7680   10.0168  -10.4287  -15.1879   -9.3693
    3.2117    2.1110   -2.8021    1.8385   -2.1635   -2.6600
eta,q 0.97109 11.13925
  0.0310  0.0304  0.0298  0.0301  0.0300  0.0300  0.0306  0.0317  0.0301  0.0308  0.0297  0.0298
  0.0299  0.0295  0.0293  0.0294  0.0294  0.0293  0.0297  0.0302  0.0294  0.0297  0.0293  0.0293
  0.0292  0.0290  0.0290  0.0291  0.0290  0.0290  0.0291  0.0292  0.0290  0.0291  0.0290  0.0290
  0.0289  0.0289  0.0289  0.0289  0.0289  0.0289  0.0289  0.0289  0.0289  0.0289  0.0289  0.0289
  0.0291  0.0291  0.0291  0.0291  0.0290  0.0292  0.0291  0.0292  0.0291  0.0292  0.0290  0.0290
  0.0298  0.0297  0.0294  0.0295  0.0292  0.0296  0.0296  0.0302  0.0295  0.0300  0.0293  0.0292
  0.0309  0.0305  0.0299  0.0301  0.0297  0.0302  0.0306  0.0316  0.0302  0.0311  0.0297  0.0297
niter,ni,del,rscale     4    3    5.0000    0.7000
parameters
    1.7286   14.7291    9.9117  -10.4761  -15.1147   -9.6313
    3.2361    2.1102   -2.8201    1.7267   -2.1644   -2.6336
eta,q 0.97112 11.12292
  0.0305  0.0300  0.0295  0.0298  0.0296  0.0298  0.0302  0.0310  0.0298  0.0304  0.0295  0.0295
  0.0296  0.0293  0.0291  0.0293  0.0292  0.0292  0.0295  0.0299  0.0293  0.0295  0.0292  0.0292
  0.0291  0.0290  0.0289  0.0290  0.0290  0.0289  0.0290  0.0291  0.0290  0.0290  0.0290  0.0289
  0.0289  0.0289  0.0289  0.0289  0.0289  0.0289  0.0289  0.0289  0.0289  0.0289  0.0289  0.0289
  0.0291  0.0291  0.0290  0.0290  0.0289  0.0291  0.0290  0.0291  0.0290  0.0291  0.0289  0.0290
  0.0296  0.0295  0.0293  0.0293  0.0292  0.0294  0.0294  0.0299  0.0293  0.0297  0.0292  0.0292
  0.0304  0.0301  0.0297  0.0298  0.0296  0.0299  0.0302  0.0310  0.0298  0.0305  0.0295  0.0295
niter,ni,del,rscale     3    3    5.0000    0.6000
parameters
    1.7299   14.7125    9.8360  -10.5048  -15.0417   -9.8593
    3.2431    2.1096   -2.8498    1.6757   -2.1639   -2.6525
eta,q 0.97114 11.11092
  0.0300  0.0297  0.0293  0.0295  0.0294  0.0295  0.0298  0.0305  0.0295  0.0300  0.0293  0.0293
  0.0294  0.0292  0.0291  0.0292  0.0291  0.0291  0.0293  0.0296  0.0292  0.0293  0.0291  0.0291
  0.0290  0.0290  0.0289  0.0290  0.0289  0.0289  0.0290  0.0290  0.0289  0.0290  0.0289  0.0289
  0.0289  0.0289  0.0289  0.0289  0.0289  0.0289  0.0289  0.0289  0.0289  0.0289  0.0289  0.0289
  0.0290  0.0290  0.0290  0.0289  0.0289  0.0290  0.0290  0.0291  0.0289  0.0290  0.0289  0.0289
  0.0294  0.0293  0.0292  0.0292  0.0291  0.0293  0.0293  0.0296  0.0292  0.0294  0.0291  0.0291
  0.0300  0.0297  0.0295  0.0296  0.0294  0.0297  0.0298  0.0305  0.0296  0.0301  0.0293  0.0294
niter,ni,del,rscale     2    3    5.0000    0.5000
parameters
    1.7313   14.7025    9.7605  -10.5098  -14.9605  -10.0392
    3.2632    2.1032   -2.8832    1.6535   -2.1677   -2.6529
eta,q 0.97115 11.10464
  0.0297  0.0294  0.0292  0.0293  0.0292  0.0294  0.0295  0.0300  0.0293  0.0296  0.0292  0.0292
  0.0292  0.0291  0.0290  0.0291  0.0290  0.0291  0.0292  0.0293  0.0291  0.0292  0.0290  0.0290
  0.0290  0.0289  0.0289  0.0289  0.0289  0.0289  0.0289  0.0290  0.0289  0.0289  0.0289  0.0289
  0.0289  0.0289  0.0289  0.0289  0.0289  0.0289  0.0289  0.0289  0.0289  0.0288  0.0289  0.0289
  0.0289  0.0289  0.0289  0.0289  0.0289  0.0290  0.0289  0.0290  0.0289  0.0289  0.0289  0.0289
  0.0292  0.0291  0.0291  0.0291  0.0290  0.0292  0.0291  0.0294  0.0291  0.0292  0.0290  0.0290
  0.0297  0.0295  0.0293  0.0293  0.0292  0.0295  0.0295  0.0300  0.0293  0.0297  0.0292  0.0292
niter,ni,del,rscale     1    3    5.0000    0.4000
parameters
    1.7342   14.6951    9.7077  -10.5087  -14.8751  -10.1731
    3.2786    2.0901   -2.8988    1.6507   -2.1614   -2.6481
eta,q 0.97115 11.10183
  0.0294  0.0292  0.0291  0.0292  0.0291  0.0292  0.0293  0.0296  0.0291  0.0294  0.0291  0.0291
  0.0291  0.0290  0.0289  0.0290  0.0290  0.0290  0.0290  0.0292  0.0290  0.0291  0.0289  0.0289
  0.0289  0.0289  0.0289  0.0289  0.0289  0.0289  0.0289  0.0289  0.0289  0.0289  0.0289  0.0289
  0.0289  0.0289  0.0289  0.0289  0.0289  0.0288  0.0289  0.0289  0.0289  0.0289  0.0289  0.0289
  0.0289  0.0289  0.0289  0.0289  0.0289  0.0289  0.0289  0.0289  0.0289  0.0289  0.0289  0.0289
  0.0291  0.0290  0.0290  0.0290  0.0289  0.0291  0.0290  0.0292  0.0290  0.0291  0.0289  0.0289
  0.0294  0.0292  0.0291  0.0292  0.0290  0.0293  0.0293  0.0296  0.0292  0.0294  0.0291  0.0291
registration optimization eta report
parameter search radius
    0.8000    0.8000    0.8000    2.4000    2.4000    2.4000
    2.4000    2.4000    2.4000    2.4000    2.4000    2.4000
100000*second partial in parameter space
       80.       59.       38.        5.        4.        6.
        7.       13.        5.        9.        4.        4.
  0.0294  0.0292  0.0291  0.0292  0.0291  0.0292  0.0293  0.0296  0.0291  0.0294  0.0291  0.0291
  0.0291  0.0290  0.0289  0.0290  0.0290  0.0290  0.0290  0.0292  0.0290  0.0291  0.0289  0.0289
  0.0289  0.0289  0.0289  0.0289  0.0289  0.0289  0.0289  0.0289  0.0289  0.0289  0.0289  0.0289
  0.0289  0.0289  0.0289  0.0289  0.0289  0.0288  0.0289  0.0289  0.0289  0.0289  0.0289  0.0289
  0.0289  0.0289  0.0289  0.0289  0.0289  0.0289  0.0289  0.0289  0.0289  0.0289  0.0289  0.0289
  0.0291  0.0290  0.0290  0.0290  0.0289  0.0291  0.0290  0.0292  0.0290  0.0291  0.0289  0.0289
  0.0294  0.0292  0.0291  0.0292  0.0290  0.0293  0.0293  0.0296  0.0292  0.0294  0.0291  0.0291
    1.7342   14.6951    9.7077  -10.5087  -14.8751  -10.1731
    3.2786    2.0901   -2.8988    1.6507   -2.1614   -2.6481
eta,q 0.97115 11.10183

---------------------------------------------------------------------
imgreg_4dfp /opt/freesurfer/average/711-2C_as_mni_average_305 /opt/freesurfer/average/711-2B_as_mni_average_305_mask talsrcimg_g11 none talsrcimg_to_711-2C_as_mni_average_305_t4 2311
---------------------------------------------------------------------

freesurfer imgreg_4dfp.c
/opt/freesurfer/average/711-2C_as_mni_average_305.4dfp.img
       256       256       256         1
  1.000000  1.000000  1.000000
orientation T byte_order littleendian
Reading image: /opt/freesurfer/average/711-2C_as_mni_average_305.4dfp.img
dimensions:      256       256       256
mmppix:       1.0000   -1.0000   -1.0000
center:     128.0000 -129.0000 -129.0000
/opt/freesurfer/average/711-2B_as_mni_average_305_mask.4dfp.img
       256       256       256         1
  1.000000  1.000000  1.000000
orientation T byte_order littleendian
Reading mask: /opt/freesurfer/average/711-2B_as_mni_average_305_mask.4dfp.img (2306576 pixels)
talsrcimg_g11.4dfp.img
       256       256       256         1
  1.000000  1.000000  1.000000
orientation T byte_order littleendian
Reading image: talsrcimg_g11.4dfp.img
dimensions:      256       256       256
mmppix:       1.0000   -1.0000   -1.0000
center:     128.0000 -129.0000 -129.0000
fimgreg.f
image alignment mode   2311 decimal      907 hex
parameters
    1.7342   14.6951    9.7077  -10.5087  -14.8751  -10.1731
    3.2786    2.0901   -2.8988    1.6507   -2.1614   -2.6481
eta,q 0.97115 11.10183
niter,ni,del,rscale     5    3    5.0000    0.8000
parameters
    1.7211   14.7263    9.6987  -10.5339  -14.9809   -9.9664
    3.2294    2.1052   -2.8022    1.7197   -2.2230   -2.7618
eta,q 0.97114 11.10735
  0.0308  0.0304  0.0298  0.0300  0.0297  0.0304  0.0305  0.0317  0.0301  0.0310  0.0297  0.0297
  0.0297  0.0295  0.0293  0.0294  0.0292  0.0295  0.0296  0.0302  0.0294  0.0298  0.0292  0.0292
  0.0291  0.0290  0.0289  0.0290  0.0289  0.0290  0.0291  0.0292  0.0290  0.0291  0.0290  0.0289
  0.0289  0.0288  0.0289  0.0289  0.0289  0.0289  0.0289  0.0289  0.0289  0.0289  0.0289  0.0289
  0.0291  0.0290  0.0290  0.0290  0.0289  0.0290  0.0290  0.0292  0.0290  0.0291  0.0290  0.0290
  0.0298  0.0295  0.0293  0.0294  0.0293  0.0295  0.0296  0.0301  0.0294  0.0297  0.0293  0.0293
  0.0309  0.0303  0.0298  0.0300  0.0298  0.0300  0.0306  0.0316  0.0300  0.0308  0.0297  0.0298
niter,ni,del,rscale     4    3    5.0000    0.7000
parameters
    1.7251   14.7291    9.7391  -10.5326  -14.9780   -9.9430
    3.2304    2.1095   -2.8125    1.7154   -2.2021   -2.7236
eta,q 0.97114 11.10893
  0.0304  0.0300  0.0296  0.0298  0.0295  0.0299  0.0301  0.0310  0.0298  0.0305  0.0295  0.0295
  0.0296  0.0294  0.0292  0.0293  0.0292  0.0293  0.0294  0.0298  0.0293  0.0295  0.0292  0.0292
  0.0290  0.0290  0.0290  0.0290  0.0289  0.0290  0.0290  0.0291  0.0289  0.0290  0.0289  0.0289
  0.0289  0.0289  0.0289  0.0289  0.0289  0.0289  0.0289  0.0289  0.0289  0.0289  0.0289  0.0289
  0.0290  0.0290  0.0289  0.0290  0.0289  0.0290  0.0290  0.0291  0.0290  0.0290  0.0289  0.0289
  0.0295  0.0294  0.0292  0.0293  0.0291  0.0294  0.0294  0.0298  0.0293  0.0296  0.0291  0.0291
  0.0304  0.0300  0.0295  0.0298  0.0296  0.0298  0.0301  0.0310  0.0298  0.0304  0.0295  0.0295
niter,ni,del,rscale     3    3    5.0000    0.6000
parameters
    1.7301   14.7151    9.7397  -10.5285  -14.9433  -10.0093
    3.2393    2.1127   -2.8407    1.6902   -2.1923   -2.6871
eta,q 0.97114 11.10690
  0.0300  0.0297  0.0294  0.0295  0.0294  0.0296  0.0298  0.0305  0.0295  0.0300  0.0293  0.0293
  0.0294  0.0292  0.0291  0.0292  0.0291  0.0292  0.0293  0.0296  0.0291  0.0293  0.0291  0.0291
  0.0290  0.0289  0.0289  0.0289  0.0289  0.0289  0.0290  0.0290  0.0289  0.0290  0.0289  0.0289
  0.0289  0.0289  0.0289  0.0289  0.0289  0.0289  0.0289  0.0289  0.0289  0.0289  0.0289  0.0289
  0.0290  0.0290  0.0289  0.0289  0.0289  0.0290  0.0290  0.0291  0.0289  0.0290  0.0289  0.0289
  0.0294  0.0293  0.0291  0.0292  0.0291  0.0293  0.0293  0.0296  0.0292  0.0294  0.0291  0.0291
  0.0300  0.0297  0.0294  0.0295  0.0293  0.0296  0.0298  0.0305  0.0295  0.0300  0.0293  0.0293
niter,ni,del,rscale     2    3    5.0000    0.5000
parameters
    1.7306   14.7051    9.7129  -10.5219  -14.8989  -10.1149
    3.2680    2.1040   -2.8805    1.6641   -2.1836   -2.6618
eta,q 0.97115 11.10337
  0.0296  0.0294  0.0292  0.0293  0.0292  0.0294  0.0295  0.0300  0.0293  0.0296  0.0292  0.0292
  0.0292  0.0291  0.0290  0.0291  0.0290  0.0291  0.0292  0.0293  0.0290  0.0292  0.0290  0.0290
  0.0290  0.0289  0.0289  0.0289  0.0289  0.0289  0.0289  0.0290  0.0289  0.0289  0.0289  0.0289
  0.0289  0.0289  0.0289  0.0289  0.0289  0.0289  0.0289  0.0289  0.0288  0.0289  0.0289  0.0289
  0.0289  0.0289  0.0289  0.0289  0.0289  0.0289  0.0289  0.0290  0.0289  0.0289  0.0289  0.0289
  0.0292  0.0291  0.0290  0.0291  0.0290  0.0292  0.0291  0.0294  0.0291  0.0292  0.0290  0.0290
  0.0296  0.0294  0.0292  0.0293  0.0292  0.0294  0.0295  0.0300  0.0293  0.0297  0.0292  0.0292
niter,ni,del,rscale     1    3    5.0000    0.4000
parameters
    1.7348   14.6958    9.6827  -10.5218  -14.8374  -10.1987
    3.2837    2.0963   -2.8904    1.6490   -2.1748   -2.6553
eta,q 0.97115 11.10178
  0.0294  0.0292  0.0291  0.0292  0.0291  0.0292  0.0293  0.0296  0.0291  0.0293  0.0291  0.0291
  0.0291  0.0290  0.0289  0.0290  0.0290  0.0290  0.0290  0.0292  0.0290  0.0291  0.0289  0.0289
  0.0289  0.0289  0.0289  0.0289  0.0289  0.0289  0.0289  0.0289  0.0289  0.0289  0.0289  0.0289
  0.0289  0.0289  0.0288  0.0288  0.0288  0.0288  0.0289  0.0289  0.0288  0.0288  0.0289  0.0289
  0.0289  0.0289  0.0289  0.0289  0.0289  0.0289  0.0289  0.0289  0.0289  0.0289  0.0289  0.0289
  0.0291  0.0290  0.0290  0.0290  0.0289  0.0290  0.0290  0.0292  0.0290  0.0291  0.0289  0.0289
  0.0294  0.0292  0.0291  0.0292  0.0291  0.0292  0.0293  0.0296  0.0292  0.0294  0.0291  0.0291
registration optimization eta report
parameter search radius
    0.8000    0.8000    0.8000    2.4000    2.4000    2.4000
    2.4000    2.4000    2.4000    2.4000    2.4000    2.4000
100000*second partial in parameter space
       80.       59.       38.        5.        4.        6.
        7.       13.        5.        9.        4.        4.
  0.0294  0.0292  0.0291  0.0292  0.0291  0.0292  0.0293  0.0296  0.0291  0.0293  0.0291  0.0291
  0.0291  0.0290  0.0289  0.0290  0.0290  0.0290  0.0290  0.0292  0.0290  0.0291  0.0289  0.0289
  0.0289  0.0289  0.0289  0.0289  0.0289  0.0289  0.0289  0.0289  0.0289  0.0289  0.0289  0.0289
  0.0289  0.0289  0.0288  0.0288  0.0288  0.0288  0.0289  0.0289  0.0288  0.0288  0.0289  0.0289
  0.0289  0.0289  0.0289  0.0289  0.0289  0.0289  0.0289  0.0289  0.0289  0.0289  0.0289  0.0289
  0.0291  0.0290  0.0290  0.0290  0.0289  0.0290  0.0290  0.0292  0.0290  0.0291  0.0289  0.0289
  0.0294  0.0292  0.0291  0.0292  0.0291  0.0292  0.0293  0.0296  0.0292  0.0294  0.0291  0.0291
    1.7348   14.6958    9.6827  -10.5218  -14.8374  -10.1987
    3.2837    2.0963   -2.8904    1.6490   -2.1748   -2.6553
eta,q 0.97115 11.10178

---------------------------------------------------------------------
compute_vox2vox talsrcimg talsrcimg_to_711-2C_as_mni_average_305_t4 /opt/freesurfer/average/711-2C_as_mni_average_305
---------------------------------------------------------------------

freesurfer compute_vox2vox.c
Reading: talsrcimg.4dfp.ifh
Reading: talsrcimg_to_711-2C_as_mni_average_305_t4
Reading: /opt/freesurfer/average/711-2C_as_mni_average_305.4dfp.ifh
Writing: talsrcimg_to_711-2C_as_mni_average_305_t4_vox2vox.txt

start time Tue Mar 10 02:16:26 CET 2026
end		time Tue Mar 10 02:17:51 CET 2026

mpr2mni305 success

avi2talxfm orig_nu.mgz /opt/freesurfer/average/mni305.cor.mgz talsrcimg_to_711-2C_as_mni_average_305_t4_vox2vox.txt transforms/talairach.auto.xfm
avi2talxfm done
mv -f /out/sourcedata/freesurfer/sub-v1s4x0050690_ses-1/mri/talsrcimg_to_711-2C_as_mni_average_305_t4_vox2vox.txt /out/sourcedata/freesurfer/sub-v1s4x0050690_ses-1/mri/transforms/talsrcimg_to_711-2C_as_mni_average_305_t4_vox2vox.txt
lta_convert --src orig_nu.mgz --trg /opt/freesurfer/average/mni305.cor.mgz --inxfm transforms/talairach.auto.xfm --outlta transforms/talairach.auto.xfm.lta --subject fsaverage
7.3.2

--src: orig_nu.mgz src image (geometry).
--trg: /opt/freesurfer/average/mni305.cor.mgz trg image (geometry).
--inmni: transforms/talairach.auto.xfm input MNI/XFM transform.
--outlta: transforms/talairach.auto.xfm.lta output LTA.
--s: fsaverage subject name
 LTA read, type : 1
 1.11556  -0.02524  -0.04380  -2.62582;
 0.02812   1.11230   0.03360  -30.06383;
 0.03732  -0.02239   1.17209  -46.91150;
 0.00000   0.00000   0.00000   1.00000;
setting subject to fsaverage
Writing  LTA to file transforms/talairach.auto.xfm.lta...
lta_convert successful.
 
 
Started at Tue Mar 10 02:16:26 CET 2026
Ended   at Tue Mar 10 02:17:52 CET 2026
talairach_avi done
