/out/sourcedata/freesurfer/sub-v1s4x0050696_ses-1/mri
/opt/freesurfer/bin/talairach_avi
--i orig_nu.mgz --xfm transforms/talairach.auto.xfm
talairach_avi 7.3.2
Linux dna063 5.14.0-427.37.1.el9_4.x86_64 #1 SMP PREEMPT_DYNAMIC Fri Sep 13 12:41:50 EDT 2024 x86_64 x86_64 x86_64 GNU/Linux
Tue Mar 10 02:33:21 CET 2026
mri_convert orig_nu.mgz talsrcimg.img 
reading from orig_nu.mgz...
TR=0.00, TE=0.00, TI=0.00, flip angle=0.00
i_ras = (-1, -2.32831e-10, 3.72529e-09)
j_ras = (-3.72529e-09, 0, -1)
k_ras = (2.32831e-10, 1, -3.72529e-09)
writing to talsrcimg.img...
Analyze Output Matrix
-1.00000  -0.00000   0.00000   126.95287;
-0.00000   0.00000   1.00000  -110.94353;
 0.00000  -1.00000  -0.00000   145.50233;
 0.00000   0.00000   0.00000   1.00000;
--------------------
INFO: set hdr.hist.orient to -1
mpr2mni305 talsrcimg
Tue Mar 10 02:33:22 CET 2026
/opt/freesurfer/bin/mpr2mni305 talsrcimg
mpr2mni305 7.3.2
target=711-2C_as_mni_average_305

---------------------------------------------------------------------
analyzeto4dfp talsrcimg -O0 -y
---------------------------------------------------------------------

freesurfer ifh2hdr.c
Tue Mar 10 02:33:22 2026
Writing: talsrcimg.4dfp.hdr
freesurfer analyzeto4dfp.c
Reading: talsrcimg.hdr
header size 348 bytes
hdr.dime.datatype	offset=70	value=2
hdr.dime.bitpix		offset=72	value=8
hdr.hist.orient		offset=252	value=-1
dimensionality     4
dimensions       256       256       256         1
Reading: talsrcimg.img
Writing: talsrcimg.4dfp.img
Writing: talsrcimg.4dfp.ifh
ifh2hdr talsrcimg -r0to237
ori=2

---------------------------------------------------------------------
gauss_4dfp talsrcimg 1.1
---------------------------------------------------------------------

freesurfer gauss_4dfp.c
Reading: talsrcimg.4dfp.img
Writing: talsrcimg_g11.4dfp.img
image dimensions 256 256 256 padded to 288 288 288
processing volume 1freesurfer ifh2hdr.c
Tue Mar 10 02:33:23 2026
Writing: talsrcimg_g11.4dfp.hdr

Writing: talsrcimg_g11.4dfp.ifh
including: talsrcimg.4dfp.img.rec in talsrcimg_g11.4dfp.img.rec

---------------------------------------------------------------------
imgreg_4dfp /opt/freesurfer/average/711-2C_as_mni_average_305 none talsrcimg_g11 none talsrcimg_to_711-2C_as_mni_average_305_t4 4355
---------------------------------------------------------------------

freesurfer imgreg_4dfp.c
/opt/freesurfer/average/711-2C_as_mni_average_305.4dfp.img
       256       256       256         1
  1.000000  1.000000  1.000000
orientation T byte_order littleendian
Reading image: /opt/freesurfer/average/711-2C_as_mni_average_305.4dfp.img
dimensions:      256       256       256
mmppix:       1.0000   -1.0000   -1.0000
center:     128.0000 -129.0000 -129.0000
talsrcimg_g11.4dfp.img
       256       256       256         1
  1.000000  1.000000  1.000000
orientation T byte_order littleendian
Reading image: talsrcimg_g11.4dfp.img
dimensions:      256       256       256
mmppix:       1.0000   -1.0000   -1.0000
center:     128.0000 -129.0000 -129.0000
t4_read: open error in t4_sub.f l:  41 t4_file(1:l)talsrcimg_to_711-2C_as_mni_average_305_t4 
t4_read: transform initialized to I4
rotation matrix determinant  1.000000
image alignment mode   4355 decimal     1103 hex
   -7.5000  -45.0000  -45.0000 8574.3223   16.8783
    0.0000  -45.0000  -45.0000 8978.5996   16.8757
    7.5000  -45.0000  -45.0000 8689.3740   16.8817
   -7.5000  -37.5000  -45.0000 9055.0850   16.8384
    0.0000  -37.5000  -45.0000 9497.4805   16.8358
    7.5000  -37.5000  -45.0000 9198.6562   16.8365
   -7.5000  -30.0000  -45.0000 9836.9971   16.8175
    0.0000  -30.0000  -45.000010297.9072   16.8229
    7.5000  -30.0000  -45.0000 9974.1592   16.8244
   -7.5000  -22.5000  -45.000010616.4062   16.7934
    0.0000  -22.5000  -45.000011104.3291   16.8077
    7.5000  -22.5000  -45.000010738.9717   16.8168
   -7.5000  -15.0000  -45.000011055.7529   16.7330
    0.0000  -15.0000  -45.000011574.7627   16.7494
    7.5000  -15.0000  -45.000011177.2070   16.7651
   -7.5000   -7.5000  -45.000011438.7119   16.6956
    0.0000   -7.5000  -45.000011970.8320   16.7034
    7.5000   -7.5000  -45.000011544.1406   16.7164
   -7.5000    0.0000  -45.000011668.6494   16.7129
    0.0000    0.0000  -45.000012217.7305   16.7103
    7.5000    0.0000  -45.000011785.8271   16.7157
   -7.5000    7.5000  -45.000011103.5713   16.7717
    0.0000    7.5000  -45.000011622.9141   16.7689
    7.5000    7.5000  -45.000011191.1289   16.7690
   -7.5000   15.0000  -45.000010464.3213   16.8146
    0.0000   15.0000  -45.000010951.2119   16.8199
    7.5000   15.0000  -45.000010514.7422   16.8213
   -7.5000   22.5000  -45.0000 9709.3174   16.8701
    0.0000   22.5000  -45.000010142.3887   16.8853
    7.5000   22.5000  -45.0000 9765.0625   16.8952
   -7.5000   30.0000  -45.0000 8964.9512   17.0351
    0.0000   30.0000  -45.0000 9409.4043   17.0551
    7.5000   30.0000  -45.0000 9042.4873   17.0722
   -7.5000   37.5000  -45.0000 8646.6670   17.5218
    0.0000   37.5000  -45.0000 9089.2822   17.5425
    7.5000   37.5000  -45.0000 8740.9453   17.5576
   -7.5000   45.0000  -45.0000 8088.8208   17.6541
    0.0000   45.0000  -45.0000 8491.0732   17.6675
    7.5000   45.0000  -45.0000 8158.3916   17.6712
   -7.5000  -45.0000  -37.5000 9099.8916   16.7736
    0.0000  -45.0000  -37.5000 9501.2109   16.7760
    7.5000  -45.0000  -37.5000 9220.7920   16.7800
   -7.5000  -37.5000  -37.5000 9654.6572   16.7433
    0.0000  -37.5000  -37.500010098.2207   16.7451
    7.5000  -37.5000  -37.5000 9778.4404   16.7448
   -7.5000  -30.0000  -37.500010492.6592   16.7369
    0.0000  -30.0000  -37.500010976.5801   16.7424
    7.5000  -30.0000  -37.500010614.7598   16.7432
   -7.5000  -22.5000  -37.500011311.0381   16.7170
    0.0000  -22.5000  -37.500011837.8945   16.7281
    7.5000  -22.5000  -37.500011406.9297   16.7363
   -7.5000  -15.0000  -37.500011819.7295   16.6502
    0.0000  -15.0000  -37.500012333.4209   16.6630
    7.5000  -15.0000  -37.500011888.2021   16.6766
   -7.5000   -7.5000  -37.500012200.6934   16.6001
    0.0000   -7.5000  -37.500012725.7529   16.6084
    7.5000   -7.5000  -37.500012277.0771   16.6189
   -7.5000    0.0000  -37.500012416.5576   16.6101
    0.0000    0.0000  -37.500012976.5107   16.6125
    7.5000    0.0000  -37.500012503.6182   16.6159
   -7.5000    7.5000  -37.500011793.0635   16.6773
    0.0000    7.5000  -37.500012339.8047   16.6788
    7.5000    7.5000  -37.500011869.8877   16.6779
   -7.5000   15.0000  -37.500011058.8975   16.7340
    0.0000   15.0000  -37.500011593.5586   16.7394
    7.5000   15.0000  -37.500011119.3682   16.7402
   -7.5000   22.5000  -37.500010245.6504   16.7946
    0.0000   22.5000  -37.500010723.4277   16.8066
    7.5000   22.5000  -37.500010316.2344   16.8158
   -7.5000   30.0000  -37.5000 9482.3379   16.9498
    0.0000   30.0000  -37.5000 9962.6738   16.9671
    7.5000   30.0000  -37.5000 9572.5898   16.9833
   -7.5000   37.5000  -37.5000 9168.3027   17.4211
    0.0000   37.5000  -37.5000 9633.1045   17.4417
    7.5000   37.5000  -37.5000 9254.9746   17.4538
   -7.5000   45.0000  -37.5000 8550.2295   17.5469
    0.0000   45.0000  -37.5000 8964.5361   17.5651
    7.5000   45.0000  -37.5000 8617.0059   17.5653
   -7.5000  -45.0000  -30.0000 9762.2549   17.4272
    0.0000  -45.0000  -30.000010209.7568   17.4345
    7.5000  -45.0000  -30.0000 9899.8584   17.4382
   -7.5000  -37.5000  -30.000010387.0977   17.4018
    0.0000  -37.5000  -30.000010894.2812   17.4098
    7.5000  -37.5000  -30.000010521.5146   17.4116
   -7.5000  -30.0000  -30.000011272.8379   17.4069
    0.0000  -30.0000  -30.000011823.5039   17.4157
    7.5000  -30.0000  -30.000011416.0742   17.4196
   -7.5000  -22.5000  -30.000012138.1660   17.3917
    0.0000  -22.5000  -30.000012687.3193   17.4016
    7.5000  -22.5000  -30.000012249.7871   17.4114
   -7.5000  -15.0000  -30.000012686.4268   17.3184
    0.0000  -15.0000  -30.000013237.0684   17.3280
    7.5000  -15.0000  -30.000012758.4385   17.3409
   -7.5000   -7.5000  -30.000013084.5811   17.2551
    0.0000   -7.5000  -30.000013652.4883   17.2632
    7.5000   -7.5000  -30.000013165.9121   17.2721
   -7.5000    0.0000  -30.000013342.5889   17.2578
    0.0000    0.0000  -30.000013937.4434   17.2650
    7.5000    0.0000  -30.000013428.1914   17.2682
   -7.5000    7.5000  -30.000012708.1553   17.3335
    0.0000    7.5000  -30.000013285.4375   17.3411
    7.5000    7.5000  -30.000012730.8271   17.3423
   -7.5000   15.0000  -30.000011885.7393   17.4039
    0.0000   15.0000  -30.000012459.3828   17.4126
    7.5000   15.0000  -30.000011908.6426   17.4164
   -7.5000   22.5000  -30.000010981.2900   17.4715
    0.0000   22.5000  -30.000011534.5508   17.4821
    7.5000   22.5000  -30.000011031.9131   17.4932
   -7.5000   30.0000  -30.000010159.5117   17.6341
    0.0000   30.0000  -30.000010700.1670   17.6483
    7.5000   30.0000  -30.000010256.5000   17.6655
   -7.5000   37.5000  -30.0000 9837.9277   18.1139
    0.0000   37.5000  -30.000010336.6094   18.1333
    7.5000   37.5000  -30.0000 9918.3135   18.1439
   -7.5000   45.0000  -30.0000 9158.9600   18.2530
    0.0000   45.0000  -30.0000 9591.2402   18.2736
    7.5000   45.0000  -30.0000 9218.9814   18.2712
   -7.5000  -45.0000  -22.500010456.6240   18.0148
    0.0000  -45.0000  -22.500010940.3145   18.0210
    7.5000  -45.0000  -22.500010570.5049   18.0266
   -7.5000  -37.5000  -22.500011112.4355   17.9857
    0.0000  -37.5000  -22.500011653.4482   17.9950
    7.5000  -37.5000  -22.500011227.0781   18.0003
   -7.5000  -30.0000  -22.500012056.2314   17.9874
    0.0000  -30.0000  -22.500012624.7715   17.9991
    7.5000  -30.0000  -22.500012161.8965   18.0074
   -7.5000  -22.5000  -22.500012956.2959   17.9719
    0.0000  -22.5000  -22.500013521.4697   17.9834
    7.5000  -22.5000  -22.500013024.9980   17.9961
   -7.5000  -15.0000  -22.500013540.6348   17.8990
    0.0000  -15.0000  -22.500014141.6162   17.9082
    7.5000  -15.0000  -22.500013602.5957   17.9225
   -7.5000   -7.5000  -22.500013970.7441   17.8364
    0.0000   -7.5000  -22.500014620.7471   17.8430
    7.5000   -7.5000  -22.500014062.3369   17.8530
   -7.5000    0.0000  -22.500014299.7754   17.8399
    0.0000    0.0000  -22.500014964.5918   17.8461
    7.5000    0.0000  -22.500014378.1807   17.8512
   -7.5000    7.5000  -22.500013590.0205   17.9152
    0.0000    7.5000  -22.500014282.7822   17.9242
    7.5000    7.5000  -22.500013640.2686   17.9290
   -7.5000   15.0000  -22.500012746.7539   17.9843
    0.0000   15.0000  -22.500013415.3418   17.9959
    7.5000   15.0000  -22.500012749.2871   18.0042
   -7.5000   22.5000  -22.500011795.2646   18.0523
    0.0000   22.5000  -22.500012431.5078   18.0643
    7.5000   22.5000  -22.500011806.3467   18.0784
   -7.5000   30.0000  -22.500010904.9766   18.2293
    0.0000   30.0000  -22.500011499.1455   18.2422
    7.5000   30.0000  -22.500010946.8896   18.2613
   -7.5000   37.5000  -22.500010534.7783   18.7268
    0.0000   37.5000  -22.500011051.8428   18.7438
    7.5000   37.5000  -22.500010551.2178   18.7560
   -7.5000   45.0000  -22.5000 9799.1162   18.8832
    0.0000   45.0000  -22.500010247.4697   18.8994
    7.5000   45.0000  -22.5000 9809.7256   18.8980
   -7.5000  -45.0000  -15.000011078.7363   18.4841
    0.0000  -45.0000  -15.000011598.3711   18.4847
    7.5000  -45.0000  -15.000011182.9648   18.4916
   -7.5000  -37.5000  -15.000011767.6992   18.4440
    0.0000  -37.5000  -15.000012331.9316   18.4489
    7.5000  -37.5000  -15.000011855.2773   18.4556
   -7.5000  -30.0000  -15.000012766.5059   18.4309
    0.0000  -30.0000  -15.000013355.6123   18.4424
    7.5000  -30.0000  -15.000012845.8154   18.4523
   -7.5000  -22.5000  -15.000013711.0732   18.4115
    0.0000  -22.5000  -15.000014311.9268   18.4254
    7.5000  -22.5000  -15.000013780.9043   18.4393
   -7.5000  -15.0000  -15.000014336.2715   18.3449
    0.0000  -15.0000  -15.000014997.3389   18.3561
    7.5000  -15.0000  -15.000014388.4434   18.3718
   -7.5000   -7.5000  -15.000014833.3008   18.2942
    0.0000   -7.5000  -15.000015548.0566   18.2990
    7.5000   -7.5000  -15.000014899.8760   18.3107
   -7.5000    0.0000  -15.000015202.1455   18.3046
    0.0000    0.0000  -15.000015963.8613   18.3052
    7.5000    0.0000  -15.000015269.7852   18.3114
   -7.5000    7.5000  -15.000014452.5215   18.3717
    0.0000    7.5000  -15.000015212.0439   18.3764
    7.5000    7.5000  -15.000014484.1152   18.3825
   -7.5000   15.0000  -15.000013597.4033   18.4276
    0.0000   15.0000  -15.000014330.0918   18.4392
    7.5000   15.0000  -15.000013560.5498   18.4490
   -7.5000   22.5000  -15.000012614.0713   18.4914
    0.0000   22.5000  -15.000013320.3066   18.5058
    7.5000   22.5000  -15.000012553.8291   18.5209
   -7.5000   30.0000  -15.000011663.5303   18.6851
    0.0000   30.0000  -15.000012295.6758   18.6992
    7.5000   30.0000  -15.000011610.7197   18.7187
   -7.5000   37.5000  -15.000011207.9072   19.2066
    0.0000   37.5000  -15.000011755.7051   19.2222
    7.5000   37.5000  -15.000011138.1562   19.2367
   -7.5000   45.0000  -15.000010412.4023   19.3792
    0.0000   45.0000  -15.000010885.5273   19.3895
    7.5000   45.0000  -15.000010362.4307   19.3909
   -7.5000  -45.0000   -7.500011706.7109   18.7570
    0.0000  -45.0000   -7.500012284.1875   18.7532
    7.5000  -45.0000   -7.500011840.7412   18.7602
   -7.5000  -37.5000   -7.500012448.3223   18.7095
    0.0000  -37.5000   -7.500013064.7061   18.7083
    7.5000  -37.5000   -7.500012565.6240   18.7122
   -7.5000  -30.0000   -7.500013493.8037   18.6840
    0.0000  -30.0000   -7.500014140.9717   18.6926
    7.5000  -30.0000   -7.500013582.2256   18.6986
   -7.5000  -22.5000   -7.500014495.3389   18.6593
    0.0000  -22.5000   -7.500015164.8750   18.6755
    7.5000  -22.5000   -7.500014541.0840   18.6875
   -7.5000  -15.0000   -7.500015164.5547   18.5963
    0.0000  -15.0000   -7.500015882.3545   18.6122
    7.5000  -15.0000   -7.500015178.3848   18.6289
   -7.5000   -7.5000   -7.500015711.6816   18.5564
    0.0000   -7.5000   -7.500016482.2637   18.5624
    7.5000   -7.5000   -7.500015736.6729   18.5759
   -7.5000    0.0000   -7.500016131.5635   18.5742
    0.0000    0.0000   -7.500016921.8730   18.5704
    7.5000    0.0000   -7.500016131.9766   18.5768
   -7.5000    7.5000   -7.500015333.5889   18.6359
    0.0000    7.5000   -7.500016136.6104   18.6345
    7.5000    7.5000   -7.500015325.3555   18.6378
   -7.5000   15.0000   -7.500014411.6670   18.6807
    0.0000   15.0000   -7.500015182.6494   18.6893
    7.5000   15.0000   -7.500014332.1123   18.6952
   -7.5000   22.5000   -7.500013387.6836   18.7375
    0.0000   22.5000   -7.500014100.8691   18.7543
    7.5000   22.5000   -7.500013249.4316   18.7673
   -7.5000   30.0000   -7.500012397.7988   18.9382
    0.0000   30.0000   -7.500013046.4531   18.9572
    7.5000   30.0000   -7.500012235.3398   18.9760
   -7.5000   37.5000   -7.500011889.1807   19.4773
    0.0000   37.5000   -7.500012518.5176   19.4960
    7.5000   37.5000   -7.500011771.9141   19.5122
   -7.5000   45.0000   -7.500011019.5469   19.6591
    0.0000   45.0000   -7.500011594.3555   19.6692
    7.5000   45.0000   -7.500010932.6719   19.6728
   -7.5000  -45.0000    0.000012270.1602   18.8125
    0.0000  -45.0000    0.000012874.6445   18.8095
    7.5000  -45.0000    0.000012440.2256   18.8159
   -7.5000  -37.5000    0.000013062.7627   18.7687
    0.0000  -37.5000    0.000013698.2764   18.7656
    7.5000  -37.5000    0.000013222.2168   18.7660
   -7.5000  -30.0000    0.000014166.0430   18.7456
    0.0000  -30.0000    0.000014836.6523   18.7515
    7.5000  -30.0000    0.000014271.6758   18.7527
   -7.5000  -22.5000    0.000015191.7246   18.7184
    0.0000  -22.5000    0.000015883.8633   18.7344
    7.5000  -22.5000    0.000015223.4287   18.7441
   -7.5000  -15.0000    0.000015862.5479   18.6511
    0.0000  -15.0000    0.000016590.3789   18.6693
    7.5000  -15.0000    0.000015864.1982   18.6864
   -7.5000   -7.5000    0.000016464.0449   18.6095
    0.0000   -7.5000    0.000017214.8086   18.6181
    7.5000   -7.5000    0.000016430.4160   18.6323
   -7.5000    0.0000    0.000016922.1191   18.6289
    0.0000    0.0000    0.000017778.7383   18.6259
    7.5000    0.0000    0.000016958.1348   18.6316
   -7.5000    7.5000    0.000016172.8584   18.6946
    0.0000    7.5000    0.000017114.7480   18.6913
    7.5000    7.5000    0.000016247.0098   18.6911
   -7.5000   15.0000    0.000015224.6035   18.7423
    0.0000   15.0000    0.000016089.2461   18.7482
    7.5000   15.0000    0.000015157.3506   18.7493
   -7.5000   22.5000    0.000014109.9023   18.7975
    0.0000   22.5000    0.000014866.5156   18.8144
    7.5000   22.5000    0.000013934.4619   18.8250
   -7.5000   30.0000    0.000013027.9883   18.9929
    0.0000   30.0000    0.000013700.9688   19.0151
    7.5000   30.0000    0.000012843.9102   19.0337
   -7.5000   37.5000    0.000012476.5146   19.5332
    0.0000   37.5000    0.000013187.1543   19.5560
    7.5000   37.5000    0.000012382.4170   19.5725
   -7.5000   45.0000    0.000011523.0664   19.7168
    0.0000   45.0000    0.000012213.9746   19.7316
    7.5000   45.0000    0.000011445.5029   19.7353
   -7.5000  -45.0000    7.500011905.0674   18.7684
    0.0000  -45.0000    7.500012478.4473   18.7712
    7.5000  -45.0000    7.500012080.9980   18.7756
   -7.5000  -37.5000    7.500012687.5381   18.7345
    0.0000  -37.5000    7.500013277.7158   18.7365
    7.5000  -37.5000    7.500012843.8896   18.7361
   -7.5000  -30.0000    7.500013754.2705   18.7273
    0.0000  -30.0000    7.500014342.0332   18.7334
    7.5000  -30.0000    7.500013860.3818   18.7343
   -7.5000  -22.5000    7.500014708.2012   18.7051
    0.0000  -22.5000    7.500015299.5615   18.7175
    7.5000  -22.5000    7.500014767.9775   18.7266
   -7.5000  -15.0000    7.500015386.9014   18.6303
    0.0000  -15.0000    7.500015980.5371   18.6447
    7.5000  -15.0000    7.500015391.4160   18.6599
   -7.5000   -7.5000    7.500015987.7734   18.5744
    0.0000   -7.5000    7.500016612.4863   18.5836
    7.5000   -7.5000    7.500015955.7744   18.5953
   -7.5000    0.0000    7.500016499.5801   18.5855
    0.0000    0.0000    7.500017270.5020   18.5882
    7.5000    0.0000    7.500016538.9707   18.5920
   -7.5000    7.5000    7.500015809.7363   18.6607
    0.0000    7.5000    7.500016848.6855   18.6623
    7.5000    7.5000    7.500015983.8232   18.6613
   -7.5000   15.0000    7.500014939.7451   18.7240
    0.0000   15.0000    7.500015954.0449   18.7301
    7.5000   15.0000    7.500015039.8291   18.7309
   -7.5000   22.5000    7.500013788.7754   18.7857
    0.0000   22.5000    7.500014654.1494   18.7992
    7.5000   22.5000    7.500013746.2744   18.8095
   -7.5000   30.0000    7.500012666.0537   18.9729
    0.0000   30.0000    7.500013407.7822   18.9923
    7.5000   30.0000    7.500012578.0410   19.0105
   -7.5000   37.5000    7.500012044.9043   19.5004
    0.0000   37.5000    7.500012762.8770   19.5235
    7.5000   37.5000    7.500012039.4990   19.5371
   -7.5000   45.0000    7.500011111.3037   19.6798
    0.0000   45.0000    7.500011748.7031   19.7003
    7.5000   45.0000    7.500011080.4932   19.7005
   -7.5000  -45.0000   15.000011382.7793   18.7138
    0.0000  -45.0000   15.000011947.7363   18.7216
    7.5000  -45.0000   15.000011581.3789   18.7256
   -7.5000  -37.5000   15.000012149.3438   18.6865
    0.0000  -37.5000   15.000012701.6309   18.6951
    7.5000  -37.5000   15.000012307.3262   18.6970
   -7.5000  -30.0000   15.000013191.5615   18.6920
    0.0000  -30.0000   15.000013711.8301   18.7015
    7.5000  -30.0000   15.000013307.5195   18.7056
   -7.5000  -22.5000   15.000014090.0801   18.6757
    0.0000  -22.5000   15.000014628.9307   18.6863
    7.5000  -22.5000   15.000014174.3008   18.6969
   -7.5000  -15.0000   15.000014766.9961   18.5970
    0.0000  -15.0000   15.000015315.4160   18.6073
    7.5000  -15.0000   15.000014828.2041   18.6212
   -7.5000   -7.5000   15.000015322.3398   18.5290
    0.0000   -7.5000   15.000015968.1260   18.5377
    7.5000   -7.5000   15.000015392.2109   18.5473
   -7.5000    0.0000   15.000015793.4805   18.5319
    0.0000    0.0000   15.000016630.3457   18.5396
    7.5000    0.0000   15.000015902.0215   18.5431
   -7.5000    7.5000   15.000015123.5371   18.6131
    0.0000    7.5000   15.000016028.1143   18.6213
    7.5000    7.5000   15.000015252.2344   18.6226
   -7.5000   15.0000   15.000014222.9023   18.6887
    0.0000   15.0000   15.000015046.8867   18.6982
    7.5000   15.0000   15.000014300.0430   18.7022
   -7.5000   22.5000   15.000013118.2988   18.7572
    0.0000   22.5000   15.000013750.8496   18.7686
    7.5000   22.5000   15.000013041.7109   18.7805
   -7.5000   30.0000   15.000012098.5752   18.9415
    0.0000   30.0000   15.000012635.6064   18.9568
    7.5000   30.0000   15.000011991.0615   18.9753
   -7.5000   37.5000   15.000011495.2520   19.4569
    0.0000   37.5000   15.000012029.5459   19.4778
    7.5000   37.5000   15.000011461.7783   19.4891
   -7.5000   45.0000   15.000010601.1104   19.6323
    0.0000   45.0000   15.000011114.0537   19.6545
    7.5000   45.0000   15.000010587.1631   19.6518
   -7.5000  -45.0000   22.500010841.7334   18.7010
    0.0000  -45.0000   22.500011351.6670   18.7074
    7.5000  -45.0000   22.500011004.4531   18.7132
   -7.5000  -37.5000   22.500011567.8916   18.6708
    0.0000  -37.5000   22.500012103.5381   18.6804
    7.5000  -37.5000   22.500011724.7139   18.6860
   -7.5000  -30.0000   22.500012533.4072   18.6726
    0.0000  -30.0000   22.500013116.1738   18.6847
    7.5000  -30.0000   22.500012691.9473   18.6933
   -7.5000  -22.5000   22.500013334.2607   18.6565
    0.0000  -22.5000   22.500013943.3555   18.6684
    7.5000  -22.5000   22.500013449.2197   18.6816
   -7.5000  -15.0000   22.500013915.8662   18.5808
    0.0000  -15.0000   22.500014558.3730   18.5903
    7.5000  -15.0000   22.500014051.1279   18.6051
   -7.5000   -7.5000   22.500014444.0010   18.5157
    0.0000   -7.5000   22.500015115.5977   18.5226
    7.5000   -7.5000   22.500014575.6299   18.5330
   -7.5000    0.0000   22.500014853.5762   18.5195
    0.0000    0.0000   22.500015626.9873   18.5259
    7.5000    0.0000   22.500015014.0410   18.5311
   -7.5000    7.5000   22.500014154.1885   18.5976
    0.0000    7.5000   22.500014897.8154   18.6069
    7.5000    7.5000   22.500014290.5977   18.6119
   -7.5000   15.0000   22.500013275.9326   18.6693
    0.0000   15.0000   22.500013889.9688   18.6814
    7.5000   15.0000   22.500013329.0840   18.6900
   -7.5000   22.5000   22.500012245.6426   18.7371
    0.0000   22.5000   22.500012749.9180   18.7495
    7.5000   22.5000   22.500012202.8818   18.7641
   -7.5000   30.0000   22.500011388.8398   18.9263
    0.0000   30.0000   22.500011855.3379   18.9397
    7.5000   30.0000   22.500011309.1172   18.9595
   -7.5000   37.5000   22.500010884.4609   19.4429
    0.0000   37.5000   22.500011338.2148   19.4605
    7.5000   37.5000   22.500010840.9033   19.4732
   -7.5000   45.0000   22.500010072.3613   19.6195
    0.0000   45.0000   22.500010511.4258   19.6363
    7.5000   45.0000   22.500010055.5352   19.6349
   -7.5000  -45.0000   30.000010187.7217   18.7869
    0.0000  -45.0000   30.000010716.2256   18.7875
    7.5000  -45.0000   30.000010341.8701   18.7944
   -7.5000  -37.5000   30.000010840.7637   18.7460
    0.0000  -37.5000   30.000011416.3232   18.7511
    7.5000  -37.5000   30.000010996.9023   18.7577
   -7.5000  -30.0000   30.000011715.2451   18.7325
    0.0000  -30.0000   30.000012353.2764   18.7444
    7.5000  -30.0000   30.000011903.5186   18.7543
   -7.5000  -22.5000   30.000012451.7920   18.7127
    0.0000  -22.5000   30.000013082.9180   18.7269
    7.5000  -22.5000   30.000012586.8643   18.7410
   -7.5000  -15.0000   30.000013002.5635   18.6449
    0.0000  -15.0000   30.000013614.2480   18.6562
    7.5000  -15.0000   30.000013113.5801   18.6721
   -7.5000   -7.5000   30.000013489.5176   18.5933
    0.0000   -7.5000   30.000014111.3545   18.5981
    7.5000   -7.5000   30.000013575.2695   18.6099
   -7.5000    0.0000   30.000013843.2871   18.6040
    0.0000    0.0000   30.000014501.2451   18.6046
    7.5000    0.0000   30.000013960.2480   18.6108
   -7.5000    7.5000   30.000013145.9590   18.6723
    0.0000    7.5000   30.000013744.1270   18.6772
    7.5000    7.5000   30.000013249.1465   18.6833
   -7.5000   15.0000   30.000012303.6016   18.7292
    0.0000   15.0000   30.000012825.2275   18.7411
    7.5000   15.0000   30.000012374.0752   18.7510
   -7.5000   22.5000   30.000011370.8984   18.7922
    0.0000   22.5000   30.000011830.9590   18.8068
    7.5000   22.5000   30.000011388.1436   18.8221
   -7.5000   30.0000   30.000010600.4570   18.9922
    0.0000   30.0000   30.000011019.5586   19.0065
    7.5000   30.0000   30.000010577.0264   19.0263
   -7.5000   37.5000   30.000010197.4111   19.5238
    0.0000   37.5000   30.000010615.0537   19.5396
    7.5000   37.5000   30.000010188.9668   19.5543
   -7.5000   45.0000   30.0000 9444.1982   19.7064
    0.0000   45.0000   30.0000 9847.6240   19.7169
    7.5000   45.0000   30.0000 9447.0205   19.7182
   -7.5000  -45.0000   37.5000 9887.4375   18.9474
    0.0000  -45.0000   37.500010389.5049   18.9430
    7.5000  -45.0000   37.5000 9997.1807   18.9502
   -7.5000  -37.5000   37.500010481.3467   18.8988
    0.0000  -37.5000   37.500011030.5820   18.8971
    7.5000  -37.5000   37.500010619.8535   18.9010
   -7.5000  -30.0000   37.500011354.0361   18.8734
    0.0000  -30.0000   37.500011931.0732   18.8820
    7.5000  -30.0000   37.500011490.3604   18.8880
   -7.5000  -22.5000   37.500012048.5713   18.8493
    0.0000  -22.5000   37.500012617.8906   18.8657
    7.5000  -22.5000   37.500012127.4512   18.8780
   -7.5000  -15.0000   37.500012558.7920   18.7856
    0.0000  -15.0000   37.500013146.5371   18.8017
    7.5000  -15.0000   37.500012640.0430   18.8187
   -7.5000   -7.5000   37.500012982.9990   18.7443
    0.0000   -7.5000   37.500013602.8281   18.7500
    7.5000   -7.5000   37.500013073.2354   18.7637
   -7.5000    0.0000   37.500013318.6348   18.7614
    0.0000    0.0000   37.500013941.4404   18.7570
    7.5000    0.0000   37.500013417.6094   18.7634
   -7.5000    7.5000   37.500012645.4824   18.8238
    0.0000    7.5000   37.500013195.0459   18.8220
    7.5000    7.5000   37.500012719.0176   18.8254
   -7.5000   15.0000   37.500011827.0273   18.8701
    0.0000   15.0000   37.500012307.1377   18.8786
    7.5000   15.0000   37.500011863.8779   18.8847
   -7.5000   22.5000   37.500010913.4072   18.9290
    0.0000   22.5000   37.500011369.1543   18.9461
    7.5000   22.5000   37.500010950.9902   18.9594
   -7.5000   30.0000   37.500010168.4795   19.1364
    0.0000   30.0000   37.500010595.2070   19.1557
    7.5000   30.0000   37.500010189.4678   19.1748
   -7.5000   37.5000   37.5000 9822.1318   19.6850
    0.0000   37.5000   37.500010245.3330   19.7038
    7.5000   37.5000   37.5000 9828.5615   19.7203
   -7.5000   45.0000   37.5000 9108.8428   19.8744
    0.0000   45.0000   37.5000 9508.2705   19.8840
    7.5000   45.0000   37.5000 9122.4531   19.8877
   -7.5000  -45.0000   45.0000 9114.9346   19.0880
    0.0000  -45.0000   45.0000 9577.4775   19.0841
    7.5000  -45.0000   45.0000 9218.4072   19.0915
   -7.5000  -37.5000   45.0000 9642.7041   19.0422
    0.0000  -37.5000   45.000010148.1943   19.0382
    7.5000  -37.5000   45.0000 9768.8291   19.0392
   -7.5000  -30.0000   45.000010454.5391   19.0195
    0.0000  -30.0000   45.000011005.6504   19.0243
    7.5000  -30.0000   45.000010573.7383   19.0256
   -7.5000  -22.5000   45.000011089.5293   18.9932
    0.0000  -22.5000   45.000011631.3008   19.0079
    7.5000  -22.5000   45.000011174.1230   19.0177
   -7.5000  -15.0000   45.000011561.8799   18.9239
    0.0000  -15.0000   45.000012098.3535   18.9409
    7.5000  -15.0000   45.000011626.9375   18.9585
   -7.5000   -7.5000   45.000011907.3262   18.8793
    0.0000   -7.5000   45.000012467.5166   18.8869
    7.5000   -7.5000   45.000012003.5273   18.9021
   -7.5000    0.0000   45.000012208.3223   18.8978
    0.0000    0.0000   45.000012754.9736   18.8939
    7.5000    0.0000   45.000012290.5996   18.9006
   -7.5000    7.5000   45.000011563.0820   18.9655
    0.0000    7.5000   45.000012078.0859   18.9613
    7.5000    7.5000   45.000011642.8203   18.9616
   -7.5000   15.0000   45.000010798.3672   19.0161
    0.0000   15.0000   45.000011250.9941   19.0209
    7.5000   15.0000   45.000010865.8389   19.0221
   -7.5000   22.5000   45.0000 9951.6572   19.0753
    0.0000   22.5000   45.000010378.2510   19.0910
    7.5000   22.5000   45.000010017.2217   19.1018
   -7.5000   30.0000   45.0000 9284.0850   19.2820
    0.0000   30.0000   45.0000 9696.4395   19.3031
    7.5000   30.0000   45.0000 9350.9570   19.3224
   -7.5000   37.5000   45.0000 8996.3193   19.8412
    0.0000   37.5000   45.0000 9401.9746   19.8636
    7.5000   37.5000   45.0000 9030.7217   19.8812
   -7.5000   45.0000   45.0000 8367.5205   20.0518
    0.0000   45.0000   45.0000 8734.6201   20.0663
    7.5000   45.0000   45.0000 8385.0186   20.0712

---------------------------------------------------------------------
imgreg_4dfp /opt/freesurfer/average/711-2C_as_mni_average_305 /opt/freesurfer/average/711-2B_as_mni_average_305_mask talsrcimg_g11 none talsrcimg_to_711-2C_as_mni_average_305_t4 4355
---------------------------------------------------------------------

freesurfer imgreg_4dfp.c
/opt/freesurfer/average/711-2C_as_mni_average_305.4dfp.img
       256       256       256         1
  1.000000  1.000000  1.000000
orientation T byte_order littleendian
Reading image: /opt/freesurfer/average/711-2C_as_mni_average_305.4dfp.img
dimensions:      256       256       256
mmppix:       1.0000   -1.0000   -1.0000
center:     128.0000 -129.0000 -129.0000
/opt/freesurfer/average/711-2B_as_mni_average_305_mask.4dfp.img
       256       256       256         1
  1.000000  1.000000  1.000000
orientation T byte_order littleendian
Reading mask: /opt/freesurfer/average/711-2B_as_mni_average_305_mask.4dfp.img (2306576 pixels)
talsrcimg_g11.4dfp.img
       256       256       256         1
  1.000000  1.000000  1.000000
orientation T byte_order littleendian
Reading image: talsrcimg_g11.4dfp.img
dimensions:      256       256       256
mmppix:       1.0000   -1.0000   -1.0000
center:     128.0000 -129.0000 -129.0000
rotation matrix determinant  1.000000
image alignment mode   4355 decimal     1103 hex
   -7.5000  -45.0000  -45.0000 2141.0127   22.3780
    0.0000  -45.0000  -45.0000 2165.7954   22.1706
    7.5000  -45.0000  -45.0000 2165.5410   22.2673
   -7.5000  -37.5000  -45.0000 2156.3215   21.8860
    0.0000  -37.5000  -45.0000 2186.9177   21.5909
    7.5000  -37.5000  -45.0000 2191.5195   21.6522
   -7.5000  -30.0000  -45.0000 2188.4343   21.3251
    0.0000  -30.0000  -45.0000 2212.7959   21.0810
    7.5000  -30.0000  -45.0000 2222.0476   21.1566
   -7.5000  -22.5000  -45.0000 2223.7236   20.8837
    0.0000  -22.5000  -45.0000 2244.7534   20.6381
    7.5000  -22.5000  -45.0000 2245.8215   20.7337
   -7.5000  -15.0000  -45.0000 2245.6594   20.6211
    0.0000  -15.0000  -45.0000 2267.1780   20.3578
    7.5000  -15.0000  -45.0000 2267.6907   20.4351
   -7.5000   -7.5000  -45.0000 2257.9207   20.4326
    0.0000   -7.5000  -45.0000 2279.2673   20.1695
    7.5000   -7.5000  -45.0000 2278.9763   20.2753
   -7.5000    0.0000  -45.0000 2242.3713   20.4860
    0.0000    0.0000  -45.0000 2274.8440   20.1642
    7.5000    0.0000  -45.0000 2275.4299   20.2359
   -7.5000    7.5000  -45.0000 2233.2405   20.6432
    0.0000    7.5000  -45.0000 2269.7158   20.2771
    7.5000    7.5000  -45.0000 2270.1267   20.2925
   -7.5000   15.0000  -45.0000 2225.3813   20.9639
    0.0000   15.0000  -45.0000 2259.7954   20.4937
    7.5000   15.0000  -45.0000 2263.5188   20.5114
   -7.5000   22.5000  -45.0000 2197.6091   21.6677
    0.0000   22.5000  -45.0000 2232.6353   21.1888
    7.5000   22.5000  -45.0000 2239.0596   21.2390
   -7.5000   30.0000  -45.0000 2142.1943   22.7832
    0.0000   30.0000  -45.0000 2184.2615   22.3195
    7.5000   30.0000  -45.0000 2192.6338   22.3554
   -7.5000   37.5000  -45.0000 2074.8467   24.3487
    0.0000   37.5000  -45.0000 2119.9148   23.8452
    7.5000   37.5000  -45.0000 2124.7065   23.8234
   -7.5000   45.0000  -45.0000 1995.9839   26.3445
    0.0000   45.0000  -45.0000 2036.2607   25.7912
    7.5000   45.0000  -45.0000 2036.0792   25.7416
   -7.5000  -45.0000  -37.5000 2236.7593   20.4861
    0.0000  -45.0000  -37.5000 2253.7275   20.2519
    7.5000  -45.0000  -37.5000 2259.4097   20.2944
   -7.5000  -37.5000  -37.5000 2260.2817   19.9945
    0.0000  -37.5000  -37.5000 2288.2920   19.7506
    7.5000  -37.5000  -37.5000 2288.8562   19.7744
   -7.5000  -30.0000  -37.5000 2294.1367   19.5418
    0.0000  -30.0000  -37.5000 2319.6152   19.3261
    7.5000  -30.0000  -37.5000 2320.4497   19.3353
   -7.5000  -22.5000  -37.5000 2326.2371   19.1902
    0.0000  -22.5000  -37.5000 2355.4180   18.9951
    7.5000  -22.5000  -37.5000 2354.0122   19.0234
   -7.5000  -15.0000  -37.5000 2348.5085   18.9646
    0.0000  -15.0000  -37.5000 2377.1687   18.7540
    7.5000  -15.0000  -37.5000 2379.8069   18.7874
   -7.5000   -7.5000  -37.5000 2359.5779   18.8069
    0.0000   -7.5000  -37.5000 2383.5332   18.5719
    7.5000   -7.5000  -37.5000 2387.1545   18.6264
   -7.5000    0.0000  -37.5000 2348.0388   18.8477
    0.0000    0.0000  -37.5000 2380.4055   18.5540
    7.5000    0.0000  -37.5000 2381.7170   18.6200
   -7.5000    7.5000  -37.5000 2335.7563   19.0343
    0.0000    7.5000  -37.5000 2372.1292   18.7061
    7.5000    7.5000  -37.5000 2377.1443   18.7466
   -7.5000   15.0000  -37.5000 2321.0374   19.3567
    0.0000   15.0000  -37.5000 2363.3286   18.9966
    7.5000   15.0000  -37.5000 2364.7200   19.0008
   -7.5000   22.5000  -37.5000 2289.7822   19.9625
    0.0000   22.5000  -37.5000 2331.5532   19.5969
    7.5000   22.5000  -37.5000 2345.8782   19.6488
   -7.5000   30.0000  -37.5000 2235.0715   20.9312
    0.0000   30.0000  -37.5000 2284.5598   20.5729
    7.5000   30.0000  -37.5000 2297.4927   20.6210
   -7.5000   37.5000  -37.5000 2166.0242   22.3408
    0.0000   37.5000  -37.5000 2216.9636   21.8880
    7.5000   37.5000  -37.5000 2225.3525   21.9386
   -7.5000   45.0000  -37.5000 2083.0686   24.0671
    0.0000   45.0000  -37.5000 2126.2393   23.5792
    7.5000   45.0000  -37.5000 2136.3091   23.6547
   -7.5000  -45.0000  -30.0000 2366.3635   19.4608
    0.0000  -45.0000  -30.0000 2395.7217   19.2013
    7.5000  -45.0000  -30.0000 2398.0151   19.2178
   -7.5000  -37.5000  -30.0000 2398.1233   19.0068
    0.0000  -37.5000  -30.0000 2437.7659   18.7769
    7.5000  -37.5000  -30.0000 2431.9924   18.7880
   -7.5000  -30.0000  -30.0000 2431.8826   18.5779
    0.0000  -30.0000  -30.0000 2469.5186   18.3777
    7.5000  -30.0000  -30.0000 2463.1816   18.3888
   -7.5000  -22.5000  -30.0000 2459.8130   18.1886
    0.0000  -22.5000  -30.0000 2493.3687   18.0241
    7.5000  -22.5000  -30.0000 2493.8882   18.0820
   -7.5000  -15.0000  -30.0000 2479.6985   17.9213
    0.0000  -15.0000  -30.0000 2512.4319   17.7366
    7.5000  -15.0000  -30.0000 2513.9287   17.7668
   -7.5000   -7.5000  -30.0000 2490.6865   17.8653
    0.0000   -7.5000  -30.0000 2520.8826   17.5966
    7.5000   -7.5000  -30.0000 2529.4773   17.6005
   -7.5000    0.0000  -30.0000 2491.0664   17.8876
    0.0000    0.0000  -30.0000 2528.3945   17.6168
    7.5000    0.0000  -30.0000 2534.7681   17.6408
   -7.5000    7.5000  -30.0000 2493.7798   18.0852
    0.0000    7.5000  -30.0000 2531.0310   17.8310
    7.5000    7.5000  -30.0000 2531.0146   17.8909
   -7.5000   15.0000  -30.0000 2469.0569   18.4770
    0.0000   15.0000  -30.0000 2513.1880   18.1794
    7.5000   15.0000  -30.0000 2515.5037   18.2471
   -7.5000   22.5000  -30.0000 2433.5427   19.0465
    0.0000   22.5000  -30.0000 2484.6597   18.7515
    7.5000   22.5000  -30.0000 2488.4414   18.8608
   -7.5000   30.0000  -30.0000 2377.8484   19.9417
    0.0000   30.0000  -30.0000 2431.1819   19.6198
    7.5000   30.0000  -30.0000 2441.1458   19.6967
   -7.5000   37.5000  -30.0000 2308.9500   21.1603
    0.0000   37.5000  -30.0000 2358.1738   20.8175
    7.5000   37.5000  -30.0000 2366.6184   20.9070
   -7.5000   45.0000  -30.0000 2216.4045   22.8455
    0.0000   45.0000  -30.0000 2256.1506   22.4139
    7.5000   45.0000  -30.0000 2267.0613   22.5067
   -7.5000  -45.0000  -22.5000 2466.0984   18.4614
    0.0000  -45.0000  -22.5000 2501.0193   18.2061
    7.5000  -45.0000  -22.5000 2498.6960   18.2405
   -7.5000  -37.5000  -22.5000 2499.2310   17.9606
    0.0000  -37.5000  -22.5000 2541.4048   17.7172
    7.5000  -37.5000  -22.5000 2532.5437   17.7454
   -7.5000  -30.0000  -22.5000 2530.5564   17.5054
    0.0000  -30.0000  -22.5000 2571.0813   17.3110
    7.5000  -30.0000  -22.5000 2567.6516   17.3340
   -7.5000  -22.5000  -22.5000 2563.2563   17.1224
    0.0000  -22.5000  -22.5000 2590.4866   16.8951
    7.5000  -22.5000  -22.5000 2590.6797   16.9750
   -7.5000  -15.0000  -22.5000 2583.4302   16.8440
    0.0000  -15.0000  -22.5000 2610.8499   16.5997
    7.5000  -15.0000  -22.5000 2614.5630   16.6555
   -7.5000   -7.5000  -22.5000 2591.7642   16.7299
    0.0000   -7.5000  -22.5000 2626.0183   16.5207
    7.5000   -7.5000  -22.5000 2636.8313   16.5107
   -7.5000    0.0000  -22.5000 2603.2764   16.8217
    0.0000    0.0000  -22.5000 2643.8665   16.5802
    7.5000    0.0000  -22.5000 2650.2578   16.5521
   -7.5000    7.5000  -22.5000 2613.6831   17.0430
    0.0000    7.5000  -22.5000 2661.9338   16.8092
    7.5000    7.5000  -22.5000 2660.4602   16.8249
   -7.5000   15.0000  -22.5000 2599.0925   17.4135
    0.0000   15.0000  -22.5000 2648.1863   17.2013
    7.5000   15.0000  -22.5000 2642.9727   17.2385
   -7.5000   22.5000  -22.5000 2559.3701   18.0436
    0.0000   22.5000  -22.5000 2615.4841   17.7755
    7.5000   22.5000  -22.5000 2615.4399   17.8688
   -7.5000   30.0000  -22.5000 2504.8757   18.8666
    0.0000   30.0000  -22.5000 2562.2024   18.5711
    7.5000   30.0000  -22.5000 2559.7334   18.6661
   -7.5000   37.5000  -22.5000 2431.0317   20.0268
    0.0000   37.5000  -22.5000 2477.0286   19.7014
    7.5000   37.5000  -22.5000 2478.3816   19.7632
   -7.5000   45.0000  -22.5000 2328.2163   21.6110
    0.0000   45.0000  -22.5000 2369.0190   21.2377
    7.5000   45.0000  -22.5000 2371.7292   21.2973
   -7.5000  -45.0000  -15.0000 2529.9185   17.6561
    0.0000  -45.0000  -15.0000 2558.0586   17.3499
    7.5000  -45.0000  -15.0000 2557.4890   17.4375
   -7.5000  -37.5000  -15.0000 2561.4827   17.1117
    0.0000  -37.5000  -15.0000 2595.9001   16.8428
    7.5000  -37.5000  -15.0000 2587.0439   16.8933
   -7.5000  -30.0000  -15.0000 2591.5342   16.6406
    0.0000  -30.0000  -15.0000 2624.6580   16.3770
    7.5000  -30.0000  -15.0000 2622.3105   16.3949
   -7.5000  -22.5000  -15.0000 2619.4163   16.1965
    0.0000  -22.5000  -15.0000 2650.2556   15.9482
    7.5000  -22.5000  -15.0000 2652.9399   15.9735
   -7.5000  -15.0000  -15.0000 2644.5122   15.8841
    0.0000  -15.0000  -15.0000 2678.5781   15.6173
    7.5000  -15.0000  -15.0000 2679.2002   15.6490
   -7.5000   -7.5000  -15.0000 2664.1282   15.7448
    0.0000   -7.5000  -15.0000 2703.4360   15.5158
    7.5000   -7.5000  -15.0000 2711.1880   15.5183
   -7.5000    0.0000  -15.0000 2677.6377   15.8201
    0.0000    0.0000  -15.0000 2726.0842   15.5625
    7.5000    0.0000  -15.0000 2733.9216   15.5612
   -7.5000    7.5000  -15.0000 2699.6260   16.0580
    0.0000    7.5000  -15.0000 2752.4553   15.7883
    7.5000    7.5000  -15.0000 2751.7563   15.7958
   -7.5000   15.0000  -15.0000 2697.5969   16.4545
    0.0000   15.0000  -15.0000 2750.6875   16.1919
    7.5000   15.0000  -15.0000 2736.4885   16.2309
   -7.5000   22.5000  -15.0000 2663.1226   17.0705
    0.0000   22.5000  -15.0000 2719.2371   16.8027
    7.5000   22.5000  -15.0000 2704.2168   16.8418
   -7.5000   30.0000  -15.0000 2597.6194   17.8295
    0.0000   30.0000  -15.0000 2652.6384   17.5541
    7.5000   30.0000  -15.0000 2641.3306   17.6242
   -7.5000   37.5000  -15.0000 2512.7185   18.9676
    0.0000   37.5000  -15.0000 2557.5125   18.6520
    7.5000   37.5000  -15.0000 2552.4421   18.7213
   -7.5000   45.0000  -15.0000 2405.1912   20.5300
    0.0000   45.0000  -15.0000 2443.6443   20.2058
    7.5000   45.0000  -15.0000 2443.4663   20.2371
   -7.5000  -45.0000   -7.5000 2572.0149   17.0362
    0.0000  -45.0000   -7.5000 2605.4385   16.7028
    7.5000  -45.0000   -7.5000 2604.4668   16.8219
   -7.5000  -37.5000   -7.5000 2603.0491   16.4861
    0.0000  -37.5000   -7.5000 2637.6626   16.1651
    7.5000  -37.5000   -7.5000 2632.7087   16.2340
   -7.5000  -30.0000   -7.5000 2627.8127   15.9568
    0.0000  -30.0000   -7.5000 2660.6414   15.6359
    7.5000  -30.0000   -7.5000 2662.7043   15.7129
   -7.5000  -22.5000   -7.5000 2660.0125   15.4711
    0.0000  -22.5000   -7.5000 2692.7661   15.2143
    7.5000  -22.5000   -7.5000 2694.9893   15.2530
   -7.5000  -15.0000   -7.5000 2690.2070   15.1428
    0.0000  -15.0000   -7.5000 2725.1211   14.9141
    7.5000  -15.0000   -7.5000 2726.8845   14.9008
   -7.5000   -7.5000   -7.5000 2723.7664   14.9772
    0.0000   -7.5000   -7.5000 2765.4771   14.7666
    7.5000   -7.5000   -7.5000 2769.9207   14.7452
   -7.5000    0.0000   -7.5000 2747.3418   15.0151
    0.0000    0.0000   -7.5000 2788.2979   14.7846
    7.5000    0.0000   -7.5000 2798.2222   14.7813
   -7.5000    7.5000   -7.5000 2768.3535   15.2458
    0.0000    7.5000   -7.5000 2825.0654   15.0098
    7.5000    7.5000   -7.5000 2829.2327   15.0005
   -7.5000   15.0000   -7.5000 2773.1301   15.6362
    0.0000   15.0000   -7.5000 2832.4966   15.3902
    7.5000   15.0000   -7.5000 2817.1426   15.3620
   -7.5000   22.5000   -7.5000 2743.1367   16.2233
    0.0000   22.5000   -7.5000 2798.6636   15.9929
    7.5000   22.5000   -7.5000 2778.7878   15.9711
   -7.5000   30.0000   -7.5000 2666.0034   16.9771
    0.0000   30.0000   -7.5000 2714.2551   16.7582
    7.5000   30.0000   -7.5000 2704.8750   16.7650
   -7.5000   37.5000   -7.5000 2569.3540   18.0942
    0.0000   37.5000   -7.5000 2619.4724   17.8198
    7.5000   37.5000   -7.5000 2612.9829   17.8638
   -7.5000   45.0000   -7.5000 2452.9736   19.6186
    0.0000   45.0000   -7.5000 2495.7280   19.2834
    7.5000   45.0000   -7.5000 2492.9695   19.3747
   -7.5000  -45.0000    0.0000 2599.2651   16.6334
    0.0000  -45.0000    0.0000 2638.3821   16.2688
    7.5000  -45.0000    0.0000 2638.3464   16.3836
   -7.5000  -37.5000    0.0000 2624.3130   16.0497
    0.0000  -37.5000    0.0000 2658.5051   15.7173
    7.5000  -37.5000    0.0000 2660.0525   15.8388
   -7.5000  -30.0000    0.0000 2644.2615   15.4995
    0.0000  -30.0000    0.0000 2676.7742   15.1851
    7.5000  -30.0000    0.0000 2681.0845   15.2886
   -7.5000  -22.5000    0.0000 2680.0986   15.0512
    0.0000  -22.5000    0.0000 2708.2756   14.7369
    7.5000  -22.5000    0.0000 2709.0708   14.8210
   -7.5000  -15.0000    0.0000 2710.5801   14.6381
    0.0000  -15.0000    0.0000 2740.9048   14.3691
    7.5000  -15.0000    0.0000 2747.2988   14.4270
   -7.5000   -7.5000    0.0000 2760.5337   14.4470
    0.0000   -7.5000    0.0000 2793.4866   14.2158
    7.5000   -7.5000    0.0000 2793.2969   14.2465
   -7.5000    0.0000    0.0000 2793.4255   14.5026
    0.0000    0.0000    0.0000 2836.6208   14.2924
    7.5000    0.0000    0.0000 2844.8887   14.2897
   -7.5000    7.5000    0.0000 2825.4917   14.8127
    0.0000    7.5000    0.0000 2889.9546   14.6111
    7.5000    7.5000    0.0000 2893.1531   14.5970
   -7.5000   15.0000    0.0000 2831.3994   15.2299
    0.0000   15.0000    0.0000 2911.0405   14.9672
    7.5000   15.0000    0.0000 2890.4961   14.9484
   -7.5000   22.5000    0.0000 2805.4277   15.7377
    0.0000   22.5000    0.0000 2869.2314   15.5111
    7.5000   22.5000    0.0000 2837.8965   15.4920
   -7.5000   30.0000    0.0000 2716.1719   16.4405
    0.0000   30.0000    0.0000 2762.8367   16.2516
    7.5000   30.0000    0.0000 2742.0437   16.2403
   -7.5000   37.5000    0.0000 2613.5674   17.4789
    0.0000   37.5000    0.0000 2661.4070   17.2439
    7.5000   37.5000    0.0000 2651.1235   17.2720
   -7.5000   45.0000    0.0000 2487.8530   18.9603
    0.0000   45.0000    0.0000 2533.4011   18.6658
    7.5000   45.0000    0.0000 2520.8074   18.7527
   -7.5000  -45.0000    7.5000 2618.3228   16.3762
    0.0000  -45.0000    7.5000 2658.4985   16.0376
    7.5000  -45.0000    7.5000 2650.6562   16.1699
   -7.5000  -37.5000    7.5000 2633.0781   15.8184
    0.0000  -37.5000    7.5000 2665.2405   15.4828
    7.5000  -37.5000    7.5000 2662.5784   15.6139
   -7.5000  -30.0000    7.5000 2651.2612   15.2867
    0.0000  -30.0000    7.5000 2678.2297   14.9245
    7.5000  -30.0000    7.5000 2679.2439   15.0656
   -7.5000  -22.5000    7.5000 2680.7346   14.7837
    0.0000  -22.5000    7.5000 2707.9155   14.4190
    7.5000  -22.5000    7.5000 2712.2043   14.5652
   -7.5000  -15.0000    7.5000 2719.3870   14.3670
    0.0000  -15.0000    7.5000 2745.3826   14.0318
    7.5000  -15.0000    7.5000 2746.9517   14.1830
   -7.5000   -7.5000    7.5000 2773.9473   14.1732
    0.0000   -7.5000    7.5000 2804.6467   13.8888
    7.5000   -7.5000    7.5000 2802.9705   14.0303
   -7.5000    0.0000    7.5000 2820.9836   14.2416
    0.0000    0.0000    7.5000 2869.7119   14.0058
    7.5000    0.0000    7.5000 2862.4612   14.1208
   -7.5000    7.5000    7.5000 2867.4829   14.5521
    0.0000    7.5000    7.5000 2941.1033   14.4189
    7.5000    7.5000    7.5000 2925.3201   14.4473
   -7.5000   15.0000    7.5000 2874.2153   15.0136
    0.0000   15.0000    7.5000 2966.6812   14.8898
    7.5000   15.0000    7.5000 2939.1470   14.8887
   -7.5000   22.5000    7.5000 2840.6836   15.4687
    0.0000   22.5000    7.5000 2917.2083   15.3102
    7.5000   22.5000    7.5000 2880.6606   15.3256
   -7.5000   30.0000    7.5000 2750.9036   16.1459
    0.0000   30.0000    7.5000 2801.7688   15.9297
    7.5000   30.0000    7.5000 2776.7881   15.9735
   -7.5000   37.5000    7.5000 2633.0576   17.1547
    0.0000   37.5000    7.5000 2681.6306   16.8983
    7.5000   37.5000    7.5000 2673.3330   16.9523
   -7.5000   45.0000    7.5000 2502.9609   18.6368
    0.0000   45.0000    7.5000 2545.1926   18.3290
    7.5000   45.0000    7.5000 2538.1462   18.4089
   -7.5000  -45.0000   15.0000 2601.3218   16.3194
    0.0000  -45.0000   15.0000 2645.3394   15.9743
    7.5000  -45.0000   15.0000 2634.2742   16.1691
   -7.5000  -37.5000   15.0000 2615.3635   15.7721
    0.0000  -37.5000   15.0000 2652.9001   15.4145
    7.5000  -37.5000   15.0000 2642.9644   15.6083
   -7.5000  -30.0000   15.0000 2631.1782   15.2640
    0.0000  -30.0000   15.0000 2656.7786   14.8832
    7.5000  -30.0000   15.0000 2657.1240   15.0996
   -7.5000  -22.5000   15.0000 2661.0876   14.7806
    0.0000  -22.5000   15.0000 2687.9858   14.4146
    7.5000  -22.5000   15.0000 2687.9336   14.6183
   -7.5000  -15.0000   15.0000 2700.2251   14.3693
    0.0000  -15.0000   15.0000 2728.0823   14.0484
    7.5000  -15.0000   15.0000 2726.9072   14.2750
   -7.5000   -7.5000   15.0000 2754.3657   14.1601
    0.0000   -7.5000   15.0000 2793.9160   13.8975
    7.5000   -7.5000   15.0000 2788.5393   14.0975
   -7.5000    0.0000   15.0000 2810.4819   14.2122
    0.0000    0.0000   15.0000 2863.5500   14.0316
    7.5000    0.0000   15.0000 2847.2590   14.1762
   -7.5000    7.5000   15.0000 2870.1406   14.5170
    0.0000    7.5000   15.0000 2937.9124   14.3939
    7.5000    7.5000   15.0000 2912.0640   14.4770
   -7.5000   15.0000   15.0000 2879.2004   14.8999
    0.0000   15.0000   15.0000 2967.1472   14.7093
    7.5000   15.0000   15.0000 2931.8738   14.8218
   -7.5000   22.5000   15.0000 2843.9324   15.3473
    0.0000   22.5000   15.0000 2902.4604   15.1087
    7.5000   22.5000   15.0000 2870.9509   15.2557
   -7.5000   30.0000   15.0000 2749.9995   16.0963
    0.0000   30.0000   15.0000 2795.9429   15.8572
    7.5000   30.0000   15.0000 2774.0972   15.9584
   -7.5000   37.5000   15.0000 2620.9583   17.1948
    0.0000   37.5000   15.0000 2665.8987   16.9082
    7.5000   37.5000   15.0000 2659.8088   16.9769
   -7.5000   45.0000   15.0000 2490.6650   18.6698
    0.0000   45.0000   15.0000 2529.9946   18.3195
    7.5000   45.0000   15.0000 2526.4192   18.3744
   -7.5000  -45.0000   22.5000 2559.6897   16.6177
    0.0000  -45.0000   22.5000 2601.2129   16.2227
    7.5000  -45.0000   22.5000 2588.3689   16.4814
   -7.5000  -37.5000   22.5000 2575.2505   16.0810
    0.0000  -37.5000   22.5000 2609.4458   15.6977
    7.5000  -37.5000   22.5000 2601.3257   15.9381
   -7.5000  -30.0000   22.5000 2594.1353   15.5391
    0.0000  -30.0000   22.5000 2624.5295   15.2051
    7.5000  -30.0000   22.5000 2617.0105   15.4414
   -7.5000  -22.5000   22.5000 2632.4963   15.0214
    0.0000  -22.5000   22.5000 2657.7791   14.7212
    7.5000  -22.5000   22.5000 2643.3062   14.9312
   -7.5000  -15.0000   22.5000 2673.5837   14.6126
    0.0000  -15.0000   22.5000 2699.1758   14.3463
    7.5000  -15.0000   22.5000 2688.7935   14.5471
   -7.5000   -7.5000   22.5000 2731.2361   14.4410
    0.0000   -7.5000   22.5000 2758.9983   14.1779
    7.5000   -7.5000   22.5000 2755.5166   14.3475
   -7.5000    0.0000   22.5000 2781.3960   14.5226
    0.0000    0.0000   22.5000 2825.6177   14.2498
    7.5000    0.0000   22.5000 2814.1316   14.4278
   -7.5000    7.5000   22.5000 2833.0935   14.7476
    0.0000    7.5000   22.5000 2891.4553   14.5298
    7.5000    7.5000   22.5000 2863.8862   14.6902
   -7.5000   15.0000   22.5000 2838.3884   15.1125
    0.0000   15.0000   22.5000 2904.7478   14.7905
    7.5000   15.0000   22.5000 2873.4854   15.0273
   -7.5000   22.5000   22.5000 2799.3657   15.5753
    0.0000   22.5000   22.5000 2851.0051   15.2945
    7.5000   22.5000   22.5000 2822.9207   15.4493
   -7.5000   30.0000   22.5000 2720.1624   16.3622
    0.0000   30.0000   22.5000 2764.0591   16.0895
    7.5000   30.0000   22.5000 2740.2754   16.1761
   -7.5000   37.5000   22.5000 2596.0107   17.5183
    0.0000   37.5000   22.5000 2634.5706   17.1963
    7.5000   37.5000   22.5000 2626.5251   17.2817
   -7.5000   45.0000   22.5000 2473.3035   18.9783
    0.0000   45.0000   22.5000 2506.1306   18.6201
    7.5000   45.0000   22.5000 2502.7498   18.6721
   -7.5000  -45.0000   30.0000 2503.7959   17.1768
    0.0000  -45.0000   30.0000 2531.3298   16.8726
    7.5000  -45.0000   30.0000 2520.8953   17.1207
   -7.5000  -37.5000   30.0000 2524.3420   16.6096
    0.0000  -37.5000   30.0000 2554.3901   16.3009
    7.5000  -37.5000   30.0000 2541.8140   16.5267
   -7.5000  -30.0000   30.0000 2547.8406   16.0200
    0.0000  -30.0000   30.0000 2581.3308   15.7446
    7.5000  -30.0000   30.0000 2562.6890   15.9781
   -7.5000  -22.5000   30.0000 2593.2227   15.4919
    0.0000  -22.5000   30.0000 2621.9973   15.2278
    7.5000  -22.5000   30.0000 2595.8350   15.4524
   -7.5000  -15.0000   30.0000 2636.0759   15.1231
    0.0000  -15.0000   30.0000 2662.7849   14.8115
    7.5000  -15.0000   30.0000 2636.0066   15.0435
   -7.5000   -7.5000   30.0000 2691.5625   14.9809
    0.0000   -7.5000   30.0000 2718.6646   14.6369
    7.5000   -7.5000   30.0000 2696.3081   14.8398
   -7.5000    0.0000   30.0000 2735.6550   15.0290
    0.0000    0.0000   30.0000 2772.0767   14.7174
    7.5000    0.0000   30.0000 2751.1702   14.8973
   -7.5000    7.5000   30.0000 2770.4778   15.2551
    0.0000    7.5000   30.0000 2814.8459   14.8971
    7.5000    7.5000   30.0000 2790.2720   15.1484
   -7.5000   15.0000   30.0000 2765.5391   15.6210
    0.0000   15.0000   30.0000 2816.7905   15.2517
    7.5000   15.0000   30.0000 2792.7334   15.4988
   -7.5000   22.5000   30.0000 2728.8535   16.1154
    0.0000   22.5000   30.0000 2771.8472   15.8154
    7.5000   22.5000   30.0000 2749.3054   15.9695
   -7.5000   30.0000   30.0000 2658.1641   16.9064
    0.0000   30.0000   30.0000 2693.3789   16.5927
    7.5000   30.0000   30.0000 2668.7595   16.7284
   -7.5000   37.5000   30.0000 2548.0037   18.0429
    0.0000   37.5000   30.0000 2579.5342   17.7272
    7.5000   37.5000   30.0000 2567.7134   17.8691
   -7.5000   45.0000   30.0000 2429.0164   19.5320
    0.0000   45.0000   30.0000 2459.9604   19.1764
    7.5000   45.0000   30.0000 2453.4683   19.2829
   -7.5000  -45.0000   37.5000 2458.3301   17.9598
    0.0000  -45.0000   37.5000 2477.6318   17.6998
    7.5000  -45.0000   37.5000 2457.4827   17.9363
   -7.5000  -37.5000   37.5000 2474.9622   17.3545
    0.0000  -37.5000   37.5000 2500.6130   17.0510
    7.5000  -37.5000   37.5000 2482.4910   17.2831
   -7.5000  -30.0000   37.5000 2507.4668   16.7772
    0.0000  -30.0000   37.5000 2534.6919   16.4803
    7.5000  -30.0000   37.5000 2507.2407   16.7023
   -7.5000  -22.5000   37.5000 2554.8689   16.2175
    0.0000  -22.5000   37.5000 2580.5068   15.9107
    7.5000  -22.5000   37.5000 2541.5417   16.1646
   -7.5000  -15.0000   37.5000 2591.3098   15.8281
    0.0000  -15.0000   37.5000 2622.7466   15.4874
    7.5000  -15.0000   37.5000 2588.3188   15.7408
   -7.5000   -7.5000   37.5000 2634.6265   15.6939
    0.0000   -7.5000   37.5000 2670.8311   15.3533
    7.5000   -7.5000   37.5000 2637.3152   15.5510
   -7.5000    0.0000   37.5000 2674.2754   15.7929
    0.0000    0.0000   37.5000 2713.1277   15.4256
    7.5000    0.0000   37.5000 2680.7122   15.6299
   -7.5000    7.5000   37.5000 2697.1487   16.0106
    0.0000    7.5000   37.5000 2738.9307   15.6468
    7.5000    7.5000   37.5000 2710.9834   15.9007
   -7.5000   15.0000   37.5000 2686.4578   16.4296
    0.0000   15.0000   37.5000 2724.8801   16.0475
    7.5000   15.0000   37.5000 2701.4644   16.2930
   -7.5000   22.5000   37.5000 2645.9727   16.9647
    0.0000   22.5000   37.5000 2685.0767   16.6149
    7.5000   22.5000   37.5000 2664.1440   16.7773
   -7.5000   30.0000   37.5000 2574.1267   17.7026
    0.0000   30.0000   37.5000 2606.4365   17.3812
    7.5000   30.0000   37.5000 2584.6650   17.5725
   -7.5000   37.5000   37.5000 2481.5359   18.8119
    0.0000   37.5000   37.5000 2514.1467   18.4562
    7.5000   37.5000   37.5000 2495.0483   18.6325
   -7.5000   45.0000   37.5000 2365.0188   20.3170
    0.0000   45.0000   37.5000 2397.5759   19.9408
    7.5000   45.0000   37.5000 2388.2261   20.1071
   -7.5000  -45.0000   45.0000 2403.0305   18.8317
    0.0000  -45.0000   45.0000 2420.7026   18.6301
    7.5000  -45.0000   45.0000 2396.5349   18.8667
   -7.5000  -37.5000   45.0000 2425.4382   18.1926
    0.0000  -37.5000   45.0000 2448.0723   17.9632
    7.5000  -37.5000   45.0000 2423.0500   18.1812
   -7.5000  -30.0000   45.0000 2456.2612   17.6513
    0.0000  -30.0000   45.0000 2487.4797   17.3973
    7.5000  -30.0000   45.0000 2452.5444   17.5835
   -7.5000  -22.5000   45.0000 2504.4314   17.0854
    0.0000  -22.5000   45.0000 2530.2896   16.8279
    7.5000  -22.5000   45.0000 2492.8530   17.0350
   -7.5000  -15.0000   45.0000 2541.2478   16.7070
    0.0000  -15.0000   45.0000 2566.9336   16.4173
    7.5000  -15.0000   45.0000 2528.6511   16.6128
   -7.5000   -7.5000   45.0000 2569.7971   16.5632
    0.0000   -7.5000   45.0000 2602.0437   16.2592
    7.5000   -7.5000   45.0000 2567.8757   16.4617
   -7.5000    0.0000   45.0000 2598.0610   16.6952
    0.0000    0.0000   45.0000 2636.4207   16.3426
    7.5000    0.0000   45.0000 2604.4504   16.5835
   -7.5000    7.5000   45.0000 2609.8708   17.0226
    0.0000    7.5000   45.0000 2649.1089   16.6532
    7.5000    7.5000   45.0000 2623.2998   16.9031
   -7.5000   15.0000   45.0000 2596.2830   17.4901
    0.0000   15.0000   45.0000 2625.0281   17.1655
    7.5000   15.0000   45.0000 2607.0747   17.3907
   -7.5000   22.5000   45.0000 2552.0068   18.0382
    0.0000   22.5000   45.0000 2584.1887   17.7347
    7.5000   22.5000   45.0000 2569.1599   17.9281
   -7.5000   30.0000   45.0000 2484.3818   18.7376
    0.0000   30.0000   45.0000 2515.9224   18.4626
    7.5000   30.0000   45.0000 2503.0081   18.6932
   -7.5000   37.5000   45.0000 2405.6331   19.7475
    0.0000   37.5000   45.0000 2436.2119   19.4421
    7.5000   37.5000   45.0000 2417.3689   19.6762
   -7.5000   45.0000   45.0000 2299.8423   21.2843
    0.0000   45.0000   45.0000 2328.8284   20.9722
    7.5000   45.0000   45.0000 2314.3049   21.1884

---------------------------------------------------------------------
imgreg_4dfp /opt/freesurfer/average/711-2C_as_mni_average_305 /opt/freesurfer/average/711-2B_as_mni_average_305_mask talsrcimg_g11 none talsrcimg_to_711-2C_as_mni_average_305_t4 1283
---------------------------------------------------------------------

freesurfer imgreg_4dfp.c
/opt/freesurfer/average/711-2C_as_mni_average_305.4dfp.img
       256       256       256         1
  1.000000  1.000000  1.000000
orientation T byte_order littleendian
Reading image: /opt/freesurfer/average/711-2C_as_mni_average_305.4dfp.img
dimensions:      256       256       256
mmppix:       1.0000   -1.0000   -1.0000
center:     128.0000 -129.0000 -129.0000
/opt/freesurfer/average/711-2B_as_mni_average_305_mask.4dfp.img
       256       256       256         1
  1.000000  1.000000  1.000000
orientation T byte_order littleendian
Reading mask: /opt/freesurfer/average/711-2B_as_mni_average_305_mask.4dfp.img (2306576 pixels)
talsrcimg_g11.4dfp.img
       256       256       256         1
  1.000000  1.000000  1.000000
orientation T byte_order littleendian
Reading image: talsrcimg_g11.4dfp.img
dimensions:      256       256       256
mmppix:       1.0000   -1.0000   -1.0000
center:     128.0000 -129.0000 -129.0000
rotation matrix determinant  1.000000
fimgreg.f
image alignment mode   1283 decimal      503 hex
parameters
    0.0000   15.0000   15.0000    0.0000    0.0000    0.0000
eta,q 0.92965 14.67195
niter,ni,del,rscale     5    3   12.0000    1.2000
parameter  1 -0.513324 -> -0.500000 qaram    1.1500
parameter  3  0.702255 ->  0.500000 qaram    1.1500
parameter  4  0.700554 ->  0.500000 qaram    1.1500
parameters
    3.4500   14.4058   11.5500   -3.4500    2.3473   -0.6481
eta,q 0.93836 14.60968
  0.0966  0.0793  0.0638  0.0626  0.0738  0.0671
  0.0883  0.0736  0.0642  0.0623  0.0678  0.0647
  0.0795  0.0683  0.0644  0.0622  0.0643  0.0626
  0.0715  0.0666  0.0661  0.0639  0.0622  0.0615
  0.0670  0.0713  0.0719  0.0676  0.0615  0.0629
  0.0677  0.0781  0.0793  0.0711  0.0618  0.0664
  0.0729  0.0839  0.0856  0.0750  0.0633  0.0706
niter,ni,del,rscale     7    3   12.0000    1.2000
parameter  3  0.527960 ->  0.500000 qaram    1.3225
parameter  4  0.628471 ->  0.500000 qaram    1.3225
parameters
    1.3103   15.9616    7.5825   -7.4175    5.0908   -2.3116
eta,q 0.95289 14.59507
  0.0708  0.0754  0.0579  0.0524  0.0665  0.0514
  0.0615  0.0694  0.0541  0.0500  0.0603  0.0485
  0.0585  0.0630  0.0553  0.0502  0.0542  0.0472
  0.0616  0.0585  0.0582  0.0540  0.0496  0.0475
  0.0696  0.0584  0.0619  0.0586  0.0478  0.0502
  0.0810  0.0604  0.0674  0.0641  0.0480  0.0547
  0.0932  0.0650  0.0751  0.0706  0.0513  0.0599
niter,ni,del,rscale     7    3   12.0000    1.2000
parameters
    0.8946   17.3784    8.0644   -8.3952    5.2512   -2.5330
eta,q 0.95441 14.67721
  0.0749  0.0660  0.0702  0.0581  0.0588  0.0544
  0.0591  0.0589  0.0583  0.0505  0.0520  0.0489
  0.0488  0.0522  0.0496  0.0464  0.0473  0.0461
  0.0471  0.0468  0.0458  0.0458  0.0456  0.0457
  0.0530  0.0460  0.0478  0.0489  0.0473  0.0470
  0.0651  0.0484  0.0555  0.0568  0.0509  0.0502
  0.0810  0.0554  0.0646  0.0652  0.0575  0.0553
niter,ni,del,rscale     6    3   12.0000    1.2000
parameters
    0.7310   17.5101    7.9162   -8.5356    5.4113   -2.4997
eta,q 0.95447 14.68795
  0.0763  0.0616  0.0664  0.0613  0.0590  0.0550
  0.0601  0.0546  0.0553  0.0524  0.0520  0.0494
  0.0485  0.0481  0.0480  0.0471  0.0470  0.0462
  0.0456  0.0455  0.0454  0.0455  0.0455  0.0455
  0.0512  0.0461  0.0489  0.0470  0.0474  0.0466
  0.0629  0.0512  0.0578  0.0536  0.0509  0.0495
  0.0782  0.0622  0.0668  0.0623  0.0575  0.0545
niter,ni,del,rscale     5    3   12.0000    1.2000
parameters
    0.6770   17.5390    7.8773   -8.5654    5.4581   -2.4916
eta,q 0.95447 14.69059
  0.0771  0.0613  0.0669  0.0618  0.0585  0.0548
  0.0609  0.0542  0.0557  0.0527  0.0517  0.0493
  0.0489  0.0479  0.0482  0.0473  0.0468  0.0462
  0.0455  0.0455  0.0455  0.0455  0.0455  0.0455
  0.0505  0.0462  0.0487  0.0468  0.0476  0.0466
  0.0620  0.0517  0.0574  0.0532  0.0512  0.0495
  0.0773  0.0630  0.0663  0.0620  0.0580  0.0545
registration optimization eta report
parameter search radius
    6.9000    6.0000    7.9350    7.9350    6.0000    6.0000
100000*second partial in parameter space
       66.       47.       33.       26.       35.       26.
  0.0771  0.0613  0.0669  0.0618  0.0585  0.0548
  0.0609  0.0542  0.0557  0.0527  0.0517  0.0493
  0.0489  0.0479  0.0482  0.0473  0.0468  0.0462
  0.0455  0.0455  0.0455  0.0455  0.0455  0.0455
  0.0505  0.0462  0.0487  0.0468  0.0476  0.0466
  0.0620  0.0517  0.0574  0.0532  0.0512  0.0495
  0.0773  0.0630  0.0663  0.0620  0.0580  0.0545
    0.6770   17.5390    7.8773   -8.5654    5.4581   -2.4916
eta,q 0.95447 14.69059

---------------------------------------------------------------------
imgreg_4dfp /opt/freesurfer/average/711-2C_as_mni_average_305 /opt/freesurfer/average/711-2B_as_mni_average_305_mask talsrcimg_g11 none talsrcimg_to_711-2C_as_mni_average_305_t4 3335
---------------------------------------------------------------------

freesurfer imgreg_4dfp.c
/opt/freesurfer/average/711-2C_as_mni_average_305.4dfp.img
       256       256       256         1
  1.000000  1.000000  1.000000
orientation T byte_order littleendian
Reading image: /opt/freesurfer/average/711-2C_as_mni_average_305.4dfp.img
dimensions:      256       256       256
mmppix:       1.0000   -1.0000   -1.0000
center:     128.0000 -129.0000 -129.0000
/opt/freesurfer/average/711-2B_as_mni_average_305_mask.4dfp.img
       256       256       256         1
  1.000000  1.000000  1.000000
orientation T byte_order littleendian
Reading mask: /opt/freesurfer/average/711-2B_as_mni_average_305_mask.4dfp.img (2306576 pixels)
talsrcimg_g11.4dfp.img
       256       256       256         1
  1.000000  1.000000  1.000000
orientation T byte_order littleendian
Reading image: talsrcimg_g11.4dfp.img
dimensions:      256       256       256
mmppix:       1.0000   -1.0000   -1.0000
center:     128.0000 -129.0000 -129.0000
fimgreg.f
image alignment mode   3335 decimal      D07 hex
parameters
    0.6770   17.5390    7.8773   -0.5475   -1.2704   -1.5637
    5.7141   -8.7493   -4.3276   15.2886    9.5117  -14.8262
eta,q 0.95505 14.77841
niter,ni,del,rscale     5    3    5.0000    1.2000
parameter  4  1.037961 ->  0.500000 qaram    1.1500
parameter  5  1.571614 ->  0.500000 qaram    1.1500
parameter 11  0.529024 ->  0.500000 qaram    1.1500
parameters
    0.3364   18.0060    7.9877   -4.6875   -5.4104   -4.2279
    5.1733   -8.1301   -1.7526   14.2545    5.3717  -14.0987
eta,q 0.96320 14.18077
  0.0484  0.0488  0.0474  0.0408  0.0367  0.0392  0.0409  0.0445  0.0417  0.0402  0.0373  0.0395
  0.0463  0.0469  0.0460  0.0415  0.0378  0.0382  0.0391  0.0413  0.0399  0.0385  0.0369  0.0383
  0.0451  0.0456  0.0451  0.0426  0.0395  0.0378  0.0380  0.0390  0.0386  0.0375  0.0369  0.0373
  0.0450  0.0449  0.0448  0.0447  0.0417  0.0382  0.0378  0.0378  0.0377  0.0374  0.0373  0.0368
  0.0460  0.0448  0.0450  0.0478  0.0444  0.0395  0.0385  0.0381  0.0374  0.0384  0.0381  0.0369
  0.0481  0.0454  0.0457  0.0517  0.0476  0.0420  0.0399  0.0397  0.0377  0.0400  0.0391  0.0376
  0.0511  0.0466  0.0469  0.0562  0.0514  0.0453  0.0418  0.0428  0.0384  0.0424  0.0405  0.0387
niter,ni,del,rscale     7    3    5.0000    1.2000
parameter  4  0.538064 ->  0.500000 qaram    1.3225
parameter  5  0.677457 ->  0.500000 qaram    1.3225
parameters
    0.4005   17.9476    7.9506   -9.4485  -10.1714   -4.6191
    4.5818   -7.9452   -1.8628   13.1668    6.0936  -14.9161
eta,q 0.96598 13.45835
  0.0419  0.0400  0.0393  0.0363  0.0345  0.0368  0.0376  0.0402  0.0366  0.0364  0.0363  0.0357
  0.0392  0.0383  0.0379  0.0357  0.0342  0.0354  0.0356  0.0372  0.0353  0.0348  0.0353  0.0348
  0.0375  0.0371  0.0370  0.0360  0.0345  0.0345  0.0344  0.0351  0.0344  0.0342  0.0345  0.0342
  0.0368  0.0368  0.0368  0.0368  0.0357  0.0342  0.0342  0.0341  0.0341  0.0341  0.0341  0.0341
  0.0373  0.0372  0.0372  0.0383  0.0376  0.0346  0.0350  0.0347  0.0344  0.0348  0.0342  0.0345
  0.0388  0.0384  0.0380  0.0411  0.0401  0.0355  0.0366  0.0366  0.0354  0.0362  0.0347  0.0354
  0.0414  0.0404  0.0394  0.0450  0.0435  0.0377  0.0387  0.0398  0.0368  0.0383  0.0357  0.0367
niter,ni,del,rscale     7    3    5.0000    1.2000
parameters
    0.3761   18.0429    8.1508   -9.6798  -11.4909   -4.7755
    4.6578   -7.9916   -2.0218   13.0733    6.0397  -15.2595
eta,q 0.96614 13.32534
  0.0390  0.0376  0.0369  0.0384  0.0371  0.0367  0.0381  0.0396  0.0364  0.0370  0.0358  0.0357
  0.0363  0.0357  0.0354  0.0360  0.0350  0.0351  0.0358  0.0367  0.0350  0.0350  0.0348  0.0347
  0.0345  0.0344  0.0344  0.0344  0.0340  0.0342  0.0343  0.0347  0.0342  0.0340  0.0341  0.0341
  0.0340  0.0340  0.0340  0.0340  0.0340  0.0339  0.0339  0.0339  0.0339  0.0339  0.0339  0.0339
  0.0347  0.0343  0.0342  0.0347  0.0349  0.0343  0.0344  0.0346  0.0342  0.0343  0.0341  0.0342
  0.0364  0.0353  0.0349  0.0362  0.0367  0.0352  0.0358  0.0367  0.0352  0.0353  0.0348  0.0350
  0.0392  0.0371  0.0360  0.0389  0.0393  0.0370  0.0378  0.0399  0.0366  0.0370  0.0359  0.0361
niter,ni,del,rscale     6    3    5.0000    1.2000
parameters
    0.3718   18.2463    8.2190   -9.7867  -11.7831   -4.8549
    4.6748   -8.0020   -2.0412   13.2575    5.9344  -15.4636
eta,q 0.96618 13.29510
  0.0389  0.0377  0.0364  0.0383  0.0379  0.0368  0.0379  0.0396  0.0364  0.0373  0.0357  0.0357
  0.0361  0.0357  0.0350  0.0359  0.0355  0.0352  0.0357  0.0367  0.0350  0.0351  0.0347  0.0347
  0.0344  0.0344  0.0341  0.0343  0.0341  0.0341  0.0343  0.0346  0.0341  0.0340  0.0341  0.0340
  0.0339  0.0339  0.0338  0.0338  0.0338  0.0338  0.0338  0.0338  0.0338  0.0338  0.0338  0.0338
  0.0345  0.0340  0.0341  0.0345  0.0345  0.0343  0.0344  0.0345  0.0341  0.0342  0.0341  0.0341
  0.0362  0.0350  0.0349  0.0359  0.0360  0.0352  0.0358  0.0366  0.0350  0.0351  0.0347  0.0348
  0.0389  0.0366  0.0360  0.0385  0.0383  0.0369  0.0378  0.0398  0.0365  0.0367  0.0358  0.0359
niter,ni,del,rscale     5    3    5.0000    1.2000
parameters
    0.3687   18.3298    8.1987   -9.7971  -11.8703   -4.8773
    4.6928   -8.0008   -2.0111   13.3788    5.8861  -15.5714
eta,q 0.96619 13.29040
  0.0388  0.0373  0.0361  0.0384  0.0381  0.0368  0.0379  0.0396  0.0365  0.0372  0.0357  0.0358
  0.0361  0.0354  0.0348  0.0359  0.0356  0.0352  0.0357  0.0367  0.0350  0.0351  0.0347  0.0347
  0.0344  0.0343  0.0340  0.0343  0.0341  0.0342  0.0343  0.0346  0.0341  0.0340  0.0341  0.0340
  0.0338  0.0338  0.0338  0.0338  0.0338  0.0338  0.0338  0.0338  0.0338  0.0338  0.0338  0.0338
  0.0344  0.0341  0.0341  0.0344  0.0345  0.0342  0.0343  0.0345  0.0341  0.0342  0.0340  0.0341
  0.0362  0.0351  0.0349  0.0359  0.0359  0.0351  0.0358  0.0366  0.0350  0.0352  0.0347  0.0348
  0.0388  0.0369  0.0361  0.0384  0.0381  0.0369  0.0378  0.0398  0.0364  0.0368  0.0358  0.0359
niter,ni,del,rscale     4    3    5.0000    1.2000
parameters
    0.3699   18.3622    8.1830   -9.7974  -11.9009   -4.8890
    4.6991   -7.9997   -1.9894   13.4349    5.8558  -15.6165
eta,q 0.96619 13.28907
  0.0388  0.0372  0.0361  0.0384  0.0381  0.0368  0.0379  0.0396  0.0364  0.0371  0.0357  0.0358
  0.0361  0.0353  0.0348  0.0359  0.0357  0.0352  0.0357  0.0367  0.0350  0.0351  0.0347  0.0347
  0.0344  0.0342  0.0340  0.0343  0.0341  0.0342  0.0343  0.0346  0.0341  0.0340  0.0341  0.0341
  0.0338  0.0338  0.0338  0.0338  0.0338  0.0338  0.0338  0.0338  0.0338  0.0338  0.0338  0.0338
  0.0344  0.0341  0.0341  0.0344  0.0344  0.0342  0.0344  0.0345  0.0341  0.0342  0.0340  0.0341
  0.0361  0.0352  0.0349  0.0358  0.0358  0.0351  0.0358  0.0366  0.0350  0.0352  0.0347  0.0348
  0.0388  0.0370  0.0361  0.0384  0.0380  0.0369  0.0378  0.0398  0.0364  0.0368  0.0358  0.0358
niter,ni,del,rscale     3    3    5.0000    1.2000
parameters
    0.3704   18.3764    8.1737   -9.7957  -11.9148   -4.8937
    4.7012   -7.9962   -1.9786   13.4597    5.8392  -15.6418
eta,q 0.96618 13.28866
  0.0388  0.0371  0.0361  0.0384  0.0381  0.0368  0.0379  0.0396  0.0364  0.0371  0.0357  0.0358
  0.0361  0.0353  0.0348  0.0359  0.0357  0.0352  0.0357  0.0367  0.0350  0.0350  0.0347  0.0347
  0.0344  0.0342  0.0340  0.0343  0.0341  0.0342  0.0343  0.0346  0.0341  0.0340  0.0341  0.0341
  0.0338  0.0338  0.0338  0.0338  0.0338  0.0338  0.0338  0.0338  0.0338  0.0338  0.0338  0.0338
  0.0344  0.0342  0.0341  0.0344  0.0344  0.0342  0.0344  0.0345  0.0341  0.0342  0.0340  0.0341
  0.0361  0.0352  0.0349  0.0358  0.0358  0.0351  0.0358  0.0366  0.0350  0.0352  0.0347  0.0348
  0.0388  0.0371  0.0361  0.0384  0.0380  0.0368  0.0378  0.0398  0.0364  0.0368  0.0358  0.0358
registration optimization eta report
parameter search radius
    2.4000    2.4000    2.4000    9.5220    9.5220    7.2000
    7.2000    7.2000    7.2000    7.2000    8.2800    7.2000
100000*second partial in parameter space
       86.       57.       40.        5.        5.        6.
        8.       11.        5.        6.        3.        4.
  0.0388  0.0371  0.0361  0.0384  0.0381  0.0368  0.0379  0.0396  0.0364  0.0371  0.0357  0.0358
  0.0361  0.0353  0.0348  0.0359  0.0357  0.0352  0.0357  0.0367  0.0350  0.0350  0.0347  0.0347
  0.0344  0.0342  0.0340  0.0343  0.0341  0.0342  0.0343  0.0346  0.0341  0.0340  0.0341  0.0341
  0.0338  0.0338  0.0338  0.0338  0.0338  0.0338  0.0338  0.0338  0.0338  0.0338  0.0338  0.0338
  0.0344  0.0342  0.0341  0.0344  0.0344  0.0342  0.0344  0.0345  0.0341  0.0342  0.0340  0.0341
  0.0361  0.0352  0.0349  0.0358  0.0358  0.0351  0.0358  0.0366  0.0350  0.0352  0.0347  0.0348
  0.0388  0.0371  0.0361  0.0384  0.0380  0.0368  0.0378  0.0398  0.0364  0.0368  0.0358  0.0358
    0.3704   18.3764    8.1737   -9.7957  -11.9148   -4.8937
    4.7012   -7.9962   -1.9786   13.4597    5.8392  -15.6418
eta,q 0.96618 13.28866

---------------------------------------------------------------------
imgreg_4dfp /opt/freesurfer/average/711-2C_as_mni_average_305 /opt/freesurfer/average/711-2B_as_mni_average_305_mask talsrcimg_g11 none talsrcimg_to_711-2C_as_mni_average_305_t4 2311
---------------------------------------------------------------------

freesurfer imgreg_4dfp.c
/opt/freesurfer/average/711-2C_as_mni_average_305.4dfp.img
       256       256       256         1
  1.000000  1.000000  1.000000
orientation T byte_order littleendian
Reading image: /opt/freesurfer/average/711-2C_as_mni_average_305.4dfp.img
dimensions:      256       256       256
mmppix:       1.0000   -1.0000   -1.0000
center:     128.0000 -129.0000 -129.0000
/opt/freesurfer/average/711-2B_as_mni_average_305_mask.4dfp.img
       256       256       256         1
  1.000000  1.000000  1.000000
orientation T byte_order littleendian
Reading mask: /opt/freesurfer/average/711-2B_as_mni_average_305_mask.4dfp.img (2306576 pixels)
talsrcimg_g11.4dfp.img
       256       256       256         1
  1.000000  1.000000  1.000000
orientation T byte_order littleendian
Reading image: talsrcimg_g11.4dfp.img
dimensions:      256       256       256
mmppix:       1.0000   -1.0000   -1.0000
center:     128.0000 -129.0000 -129.0000
fimgreg.f
image alignment mode   2311 decimal      907 hex
parameters
    0.3704   18.3764    8.1737   -9.7957  -11.9148   -4.8937
    4.7012   -7.9962   -1.9786   13.4597    5.8392  -15.6418
eta,q 0.96619 13.28865
niter,ni,del,rscale     5    3    5.0000    0.8000
parameters
    0.3594   18.3888    8.1405   -9.9029  -12.2760   -4.9293
    4.6375   -7.9398   -1.9170   13.1174    5.9442  -15.6963
eta,q 0.96624 13.24331
  0.0361  0.0353  0.0348  0.0350  0.0348  0.0352  0.0357  0.0366  0.0350  0.0350  0.0345  0.0347
  0.0348  0.0345  0.0343  0.0343  0.0341  0.0344  0.0346  0.0352  0.0344  0.0342  0.0341  0.0342
  0.0341  0.0340  0.0339  0.0339  0.0338  0.0339  0.0340  0.0342  0.0339  0.0338  0.0339  0.0339
  0.0338  0.0338  0.0338  0.0338  0.0338  0.0338  0.0338  0.0338  0.0338  0.0338  0.0338  0.0338
  0.0341  0.0340  0.0340  0.0340  0.0340  0.0340  0.0340  0.0341  0.0339  0.0340  0.0338  0.0339
  0.0349  0.0344  0.0343  0.0344  0.0344  0.0345  0.0347  0.0350  0.0343  0.0345  0.0341  0.0342
  0.0361  0.0353  0.0349  0.0351  0.0350  0.0351  0.0357  0.0365  0.0350  0.0353  0.0344  0.0347
niter,ni,del,rscale     4    3    5.0000    0.7000
parameters
    0.3688   18.4031    8.1732   -9.9915  -12.4557   -5.0599
    4.6114   -7.9159   -1.9495   12.9735    5.9409  -15.7217
eta,q 0.96626 13.20936
  0.0356  0.0349  0.0346  0.0347  0.0346  0.0348  0.0352  0.0360  0.0347  0.0348  0.0343  0.0345
  0.0346  0.0343  0.0342  0.0342  0.0341  0.0342  0.0344  0.0348  0.0342  0.0341  0.0340  0.0341
  0.0340  0.0339  0.0339  0.0338  0.0338  0.0339  0.0339  0.0340  0.0339  0.0338  0.0338  0.0338
  0.0338  0.0338  0.0338  0.0338  0.0338  0.0338  0.0337  0.0337  0.0337  0.0337  0.0337  0.0337
  0.0340  0.0339  0.0338  0.0339  0.0339  0.0340  0.0339  0.0340  0.0339  0.0339  0.0338  0.0338
  0.0345  0.0342  0.0341  0.0342  0.0342  0.0344  0.0344  0.0348  0.0342  0.0343  0.0340  0.0341
  0.0355  0.0349  0.0345  0.0347  0.0347  0.0349  0.0352  0.0359  0.0347  0.0349  0.0343  0.0345
niter,ni,del,rscale     3    3    5.0000    0.6000
parameters
    0.3705   18.4195    8.1556  -10.0577  -12.5684   -5.1835
    4.6070   -7.9102   -1.9475   12.8779    5.9431  -15.7440
eta,q 0.96627 13.18501
  0.0351  0.0346  0.0343  0.0344  0.0344  0.0346  0.0348  0.0354  0.0344  0.0345  0.0341  0.0343
  0.0343  0.0341  0.0340  0.0340  0.0340  0.0341  0.0342  0.0345  0.0341  0.0340  0.0339  0.0340
  0.0339  0.0338  0.0338  0.0338  0.0338  0.0338  0.0339  0.0339  0.0338  0.0338  0.0338  0.0338
  0.0337  0.0337  0.0337  0.0337  0.0337  0.0337  0.0337  0.0337  0.0337  0.0337  0.0337  0.0337
  0.0339  0.0338  0.0338  0.0338  0.0339  0.0339  0.0339  0.0339  0.0338  0.0339  0.0338  0.0338
  0.0343  0.0341  0.0340  0.0341  0.0341  0.0342  0.0342  0.0345  0.0341  0.0342  0.0339  0.0340
  0.0350  0.0346  0.0344  0.0345  0.0345  0.0347  0.0348  0.0354  0.0345  0.0346  0.0341  0.0343
niter,ni,del,rscale     2    3    5.0000    0.5000
parameters
    0.3704   18.4288    8.1347  -10.0964  -12.6462   -5.2622
    4.5972   -7.9096   -1.9463   12.8144    5.9405  -15.7735
eta,q 0.96628 13.16947
  0.0346  0.0343  0.0341  0.0342  0.0342  0.0344  0.0345  0.0349  0.0342  0.0343  0.0340  0.0341
  0.0341  0.0340  0.0339  0.0339  0.0339  0.0340  0.0341  0.0343  0.0340  0.0340  0.0339  0.0339
  0.0338  0.0338  0.0338  0.0338  0.0338  0.0338  0.0338  0.0339  0.0338  0.0338  0.0338  0.0338
  0.0337  0.0337  0.0337  0.0337  0.0337  0.0337  0.0337  0.0337  0.0337  0.0337  0.0337  0.0337
  0.0338  0.0338  0.0338  0.0338  0.0338  0.0338  0.0338  0.0339  0.0338  0.0338  0.0338  0.0338
  0.0341  0.0340  0.0339  0.0340  0.0340  0.0341  0.0341  0.0343  0.0340  0.0340  0.0339  0.0339
  0.0346  0.0343  0.0342  0.0342  0.0342  0.0344  0.0345  0.0349  0.0342  0.0343  0.0340  0.0341
niter,ni,del,rscale     1    3    5.0000    0.4000
parameters
    0.3699   18.4353    8.1156  -10.1370  -12.7133   -5.3048
    4.5920   -7.9214   -1.9343   12.7670    5.9875  -15.7769
eta,q 0.96628 13.15782
  0.0343  0.0341  0.0340  0.0340  0.0340  0.0342  0.0342  0.0345  0.0341  0.0341  0.0339  0.0340
  0.0340  0.0339  0.0338  0.0339  0.0339  0.0339  0.0339  0.0341  0.0339  0.0339  0.0338  0.0338
  0.0338  0.0338  0.0338  0.0338  0.0338  0.0338  0.0338  0.0338  0.0338  0.0338  0.0337  0.0337
  0.0337  0.0337  0.0337  0.0337  0.0337  0.0337  0.0337  0.0337  0.0337  0.0337  0.0337  0.0337
  0.0338  0.0338  0.0338  0.0338  0.0338  0.0338  0.0338  0.0338  0.0338  0.0338  0.0337  0.0338
  0.0340  0.0339  0.0339  0.0339  0.0339  0.0339  0.0340  0.0341  0.0339  0.0339  0.0338  0.0338
  0.0343  0.0341  0.0340  0.0341  0.0341  0.0342  0.0342  0.0345  0.0340  0.0341  0.0339  0.0340
registration optimization eta report
parameter search radius
    0.8000    0.8000    0.8000    2.4000    2.4000    2.4000
    2.4000    2.4000    2.4000    2.4000    2.4000    2.4000
100000*second partial in parameter space
       91.       58.       43.        6.        6.        8.
        9.       13.        6.        7.        3.        5.
  0.0343  0.0341  0.0340  0.0340  0.0340  0.0342  0.0342  0.0345  0.0341  0.0341  0.0339  0.0340
  0.0340  0.0339  0.0338  0.0339  0.0339  0.0339  0.0339  0.0341  0.0339  0.0339  0.0338  0.0338
  0.0338  0.0338  0.0338  0.0338  0.0338  0.0338  0.0338  0.0338  0.0338  0.0338  0.0337  0.0337
  0.0337  0.0337  0.0337  0.0337  0.0337  0.0337  0.0337  0.0337  0.0337  0.0337  0.0337  0.0337
  0.0338  0.0338  0.0338  0.0338  0.0338  0.0338  0.0338  0.0338  0.0338  0.0338  0.0337  0.0338
  0.0340  0.0339  0.0339  0.0339  0.0339  0.0339  0.0340  0.0341  0.0339  0.0339  0.0338  0.0338
  0.0343  0.0341  0.0340  0.0341  0.0341  0.0342  0.0342  0.0345  0.0340  0.0341  0.0339  0.0340
    0.3699   18.4353    8.1156  -10.1370  -12.7133   -5.3048
    4.5920   -7.9214   -1.9343   12.7670    5.9875  -15.7769
eta,q 0.96628 13.15782

---------------------------------------------------------------------
imgreg_4dfp /opt/freesurfer/average/711-2C_as_mni_average_305 /opt/freesurfer/average/711-2B_as_mni_average_305_mask talsrcimg_g11 none talsrcimg_to_711-2C_as_mni_average_305_t4 2311
---------------------------------------------------------------------

freesurfer imgreg_4dfp.c
/opt/freesurfer/average/711-2C_as_mni_average_305.4dfp.img
       256       256       256         1
  1.000000  1.000000  1.000000
orientation T byte_order littleendian
Reading image: /opt/freesurfer/average/711-2C_as_mni_average_305.4dfp.img
dimensions:      256       256       256
mmppix:       1.0000   -1.0000   -1.0000
center:     128.0000 -129.0000 -129.0000
/opt/freesurfer/average/711-2B_as_mni_average_305_mask.4dfp.img
       256       256       256         1
  1.000000  1.000000  1.000000
orientation T byte_order littleendian
Reading mask: /opt/freesurfer/average/711-2B_as_mni_average_305_mask.4dfp.img (2306576 pixels)
talsrcimg_g11.4dfp.img
       256       256       256         1
  1.000000  1.000000  1.000000
orientation T byte_order littleendian
Reading image: talsrcimg_g11.4dfp.img
dimensions:      256       256       256
mmppix:       1.0000   -1.0000   -1.0000
center:     128.0000 -129.0000 -129.0000
fimgreg.f
image alignment mode   2311 decimal      907 hex
parameters
    0.3699   18.4353    8.1156  -10.1370  -12.7133   -5.3048
    4.5920   -7.9214   -1.9343   12.7670    5.9875  -15.7769
eta,q 0.96628 13.15782
niter,ni,del,rscale     5    3    5.0000    0.8000
parameters
    0.3807   18.4374    8.1321  -10.0420  -12.4865   -5.2289
    4.6179   -7.9145   -1.9965   13.0649    5.9049  -15.7927
eta,q 0.96626 13.19398
  0.0360  0.0352  0.0348  0.0350  0.0352  0.0353  0.0357  0.0366  0.0349  0.0354  0.0344  0.0347
  0.0348  0.0344  0.0342  0.0343  0.0344  0.0345  0.0346  0.0351  0.0343  0.0345  0.0340  0.0342
  0.0340  0.0339  0.0338  0.0339  0.0339  0.0339  0.0339  0.0341  0.0339  0.0339  0.0338  0.0339
  0.0337  0.0337  0.0337  0.0337  0.0337  0.0337  0.0337  0.0337  0.0337  0.0337  0.0337  0.0337
  0.0340  0.0339  0.0338  0.0339  0.0339  0.0339  0.0340  0.0341  0.0339  0.0339  0.0338  0.0339
  0.0347  0.0344  0.0342  0.0343  0.0343  0.0345  0.0346  0.0350  0.0343  0.0343  0.0341  0.0342
  0.0360  0.0352  0.0348  0.0349  0.0348  0.0352  0.0356  0.0366  0.0350  0.0350  0.0345  0.0347
niter,ni,del,rscale     4    3    5.0000    0.7000
parameters
    0.3763   18.4499    8.1149  -10.0464  -12.5157   -5.2044
    4.6290   -7.9060   -1.9461   13.0221    5.8967  -15.8089
eta,q 0.96626 13.19257
  0.0355  0.0349  0.0346  0.0347  0.0347  0.0349  0.0352  0.0360  0.0347  0.0348  0.0343  0.0345
  0.0345  0.0343  0.0341  0.0342  0.0341  0.0343  0.0344  0.0348  0.0342  0.0342  0.0340  0.0341
  0.0339  0.0339  0.0338  0.0338  0.0338  0.0339  0.0339  0.0340  0.0339  0.0338  0.0338  0.0338
  0.0337  0.0337  0.0337  0.0337  0.0337  0.0337  0.0337  0.0337  0.0337  0.0337  0.0337  0.0337
  0.0340  0.0339  0.0338  0.0339  0.0339  0.0339  0.0339  0.0340  0.0338  0.0339  0.0338  0.0338
  0.0345  0.0342  0.0341  0.0342  0.0342  0.0343  0.0344  0.0348  0.0341  0.0343  0.0340  0.0341
  0.0355  0.0349  0.0346  0.0347  0.0347  0.0349  0.0352  0.0360  0.0347  0.0348  0.0343  0.0345
niter,ni,del,rscale     3    3    5.0000    0.6000
parameters
    0.3739   18.4488    8.1189  -10.0799  -12.5835   -5.2428
    4.6171   -7.9015   -1.9321   12.9356    5.9173  -15.7974
eta,q 0.96627 13.17999
  0.0350  0.0346  0.0344  0.0344  0.0344  0.0346  0.0348  0.0354  0.0344  0.0345  0.0341  0.0343
  0.0343  0.0341  0.0340  0.0340  0.0340  0.0341  0.0342  0.0345  0.0341  0.0340  0.0339  0.0340
  0.0339  0.0338  0.0338  0.0338  0.0338  0.0338  0.0338  0.0339  0.0338  0.0338  0.0338  0.0338
  0.0337  0.0337  0.0337  0.0337  0.0337  0.0337  0.0337  0.0337  0.0337  0.0337  0.0337  0.0337
  0.0339  0.0338  0.0338  0.0338  0.0339  0.0339  0.0339  0.0339  0.0338  0.0339  0.0338  0.0338
  0.0343  0.0341  0.0340  0.0341  0.0341  0.0342  0.0342  0.0345  0.0341  0.0342  0.0339  0.0340
  0.0350  0.0346  0.0343  0.0345  0.0344  0.0346  0.0348  0.0354  0.0344  0.0346  0.0341  0.0343
niter,ni,del,rscale     2    3    5.0000    0.5000
parameters
    0.3719   18.4475    8.1122  -10.1121  -12.6522   -5.2892
    4.6034   -7.9092   -1.9254   12.8463    5.9387  -15.7904
eta,q 0.96627 13.16710
  0.0346  0.0343  0.0342  0.0342  0.0342  0.0344  0.0345  0.0349  0.0342  0.0343  0.0340  0.0341
  0.0341  0.0340  0.0339  0.0339  0.0339  0.0340  0.0341  0.0343  0.0340  0.0340  0.0339  0.0339
  0.0338  0.0338  0.0338  0.0338  0.0338  0.0338  0.0338  0.0339  0.0338  0.0338  0.0338  0.0338
  0.0337  0.0337  0.0337  0.0337  0.0337  0.0337  0.0337  0.0337  0.0337  0.0337  0.0337  0.0337
  0.0338  0.0338  0.0338  0.0338  0.0338  0.0338  0.0338  0.0339  0.0338  0.0338  0.0338  0.0338
  0.0341  0.0340  0.0339  0.0340  0.0340  0.0341  0.0341  0.0343  0.0340  0.0340  0.0338  0.0339
  0.0346  0.0343  0.0342  0.0342  0.0342  0.0344  0.0345  0.0349  0.0342  0.0343  0.0340  0.0341
niter,ni,del,rscale     1    3    5.0000    0.4000
parameters
    0.3716   18.4427    8.1080  -10.1309  -12.7123   -5.3127
    4.5927   -7.9219   -1.9289   12.7870    5.9641  -15.7979
eta,q 0.96628 13.15837
  0.0343  0.0341  0.0340  0.0341  0.0340  0.0342  0.0342  0.0345  0.0341  0.0341  0.0339  0.0340
  0.0340  0.0339  0.0338  0.0339  0.0339  0.0339  0.0339  0.0341  0.0339  0.0339  0.0338  0.0338
  0.0338  0.0338  0.0338  0.0338  0.0338  0.0338  0.0338  0.0338  0.0338  0.0338  0.0337  0.0338
  0.0337  0.0337  0.0337  0.0337  0.0337  0.0337  0.0337  0.0337  0.0337  0.0337  0.0337  0.0337
  0.0338  0.0338  0.0338  0.0338  0.0338  0.0338  0.0338  0.0338  0.0338  0.0338  0.0337  0.0338
  0.0340  0.0339  0.0339  0.0339  0.0339  0.0339  0.0340  0.0341  0.0339  0.0339  0.0338  0.0338
  0.0343  0.0341  0.0340  0.0341  0.0341  0.0342  0.0342  0.0345  0.0341  0.0341  0.0339  0.0340
registration optimization eta report
parameter search radius
    0.8000    0.8000    0.8000    2.4000    2.4000    2.4000
    2.4000    2.4000    2.4000    2.4000    2.4000    2.4000
100000*second partial in parameter space
       91.       59.       43.        6.        6.        8.
        9.       13.        6.        7.        3.        5.
  0.0343  0.0341  0.0340  0.0341  0.0340  0.0342  0.0342  0.0345  0.0341  0.0341  0.0339  0.0340
  0.0340  0.0339  0.0338  0.0339  0.0339  0.0339  0.0339  0.0341  0.0339  0.0339  0.0338  0.0338
  0.0338  0.0338  0.0338  0.0338  0.0338  0.0338  0.0338  0.0338  0.0338  0.0338  0.0337  0.0338
  0.0337  0.0337  0.0337  0.0337  0.0337  0.0337  0.0337  0.0337  0.0337  0.0337  0.0337  0.0337
  0.0338  0.0338  0.0338  0.0338  0.0338  0.0338  0.0338  0.0338  0.0338  0.0338  0.0337  0.0338
  0.0340  0.0339  0.0339  0.0339  0.0339  0.0339  0.0340  0.0341  0.0339  0.0339  0.0338  0.0338
  0.0343  0.0341  0.0340  0.0341  0.0341  0.0342  0.0342  0.0345  0.0341  0.0341  0.0339  0.0340
    0.3716   18.4427    8.1080  -10.1309  -12.7123   -5.3127
    4.5927   -7.9219   -1.9289   12.7870    5.9641  -15.7979
eta,q 0.96628 13.15837

---------------------------------------------------------------------
compute_vox2vox talsrcimg talsrcimg_to_711-2C_as_mni_average_305_t4 /opt/freesurfer/average/711-2C_as_mni_average_305
---------------------------------------------------------------------

freesurfer compute_vox2vox.c
Reading: talsrcimg.4dfp.ifh
Reading: talsrcimg_to_711-2C_as_mni_average_305_t4
Reading: /opt/freesurfer/average/711-2C_as_mni_average_305.4dfp.ifh
Writing: talsrcimg_to_711-2C_as_mni_average_305_t4_vox2vox.txt

start time Tue Mar 10 02:33:22 CET 2026
end		time Tue Mar 10 02:34:47 CET 2026

mpr2mni305 success

avi2talxfm orig_nu.mgz /opt/freesurfer/average/mni305.cor.mgz talsrcimg_to_711-2C_as_mni_average_305_t4_vox2vox.txt transforms/talairach.auto.xfm
avi2talxfm done
mv -f /out/sourcedata/freesurfer/sub-v1s4x0050696_ses-1/mri/talsrcimg_to_711-2C_as_mni_average_305_t4_vox2vox.txt /out/sourcedata/freesurfer/sub-v1s4x0050696_ses-1/mri/transforms/talsrcimg_to_711-2C_as_mni_average_305_t4_vox2vox.txt
lta_convert --src orig_nu.mgz --trg /opt/freesurfer/average/mni305.cor.mgz --inxfm transforms/talairach.auto.xfm --outlta transforms/talairach.auto.xfm.lta --subject fsaverage
7.3.2

--src: orig_nu.mgz src image (geometry).
--trg: /opt/freesurfer/average/mni305.cor.mgz trg image (geometry).
--inmni: transforms/talairach.auto.xfm input MNI/XFM transform.
--outlta: transforms/talairach.auto.xfm.lta output LTA.
--s: fsaverage subject name
 LTA read, type : 1
 1.10536   0.09794  -0.04043   0.80045;
-0.06398   1.02524   0.18892  -33.50877;
 0.03380  -0.14803   1.11707  -35.25435;
 0.00000   0.00000   0.00000   1.00000;
setting subject to fsaverage
Writing  LTA to file transforms/talairach.auto.xfm.lta...
lta_convert successful.
 
 
Started at Tue Mar 10 02:33:21 CET 2026
Ended   at Tue Mar 10 02:34:48 CET 2026
talairach_avi done
