status file for recon-all
Tue Mar 10 02:34:37 CET 2026
#@# MotionCor Tue Mar 10 02:34:39 CET 2026
#@# Talairach Tue Mar 10 02:34:49 CET 2026
#@# Talairach Failure Detection Tue Mar 10 02:39:13 CET 2026
#@# Nu Intensity Correction Tue Mar 10 02:39:13 CET 2026
#@# Intensity Normalization Tue Mar 10 02:42:28 CET 2026
recon-all -s sub-v1s4x0050698_ses-1 finished without error at Tue Mar 10 02:44:06 CET 2026



#New# invocation of recon-all 



status file for recon-all
Tue Mar 10 02:51:04 CET 2026
#@# EM Registration Tue Mar 10 02:51:04 CET 2026
recon-all -s sub-v1s4x0050698_ses-1 finished without error at Tue Mar 10 02:52:50 CET 2026



#New# invocation of recon-all 



status file for recon-all
Tue Mar 10 02:52:54 CET 2026
#@# CA Normalize Tue Mar 10 02:52:54 CET 2026
#@# CA Reg Tue Mar 10 02:54:16 CET 2026
#@# SubCort Seg Tue Mar 10 03:40:14 CET 2026
#@# CC Seg Tue Mar 10 04:11:42 CET 2026
#@# Merge ASeg Tue Mar 10 04:12:37 CET 2026
#@# Intensity Normalization2 Tue Mar 10 04:12:37 CET 2026
#@# Mask BFS Tue Mar 10 04:14:53 CET 2026
#@# WM Segmentation Tue Mar 10 04:14:53 CET 2026
#@# Fill Tue Mar 10 04:16:50 CET 2026
recon-all -s sub-v1s4x0050698_ses-1 finished without error at Tue Mar 10 04:17:52 CET 2026



#New# invocation of recon-all 



status file for recon-all
Tue Mar 10 05:05:47 CET 2026
#@# white curv lh Tue Mar 10 05:05:47 CET 2026
#@# white area lh Tue Mar 10 05:05:47 CET 2026
#@# pial curv lh Tue Mar 10 05:05:47 CET 2026
#@# pial area lh Tue Mar 10 05:05:47 CET 2026
#@# thickness lh Tue Mar 10 05:05:47 CET 2026
#@# area and vertex vol lh Tue Mar 10 05:05:47 CET 2026
#@# white curv rh Tue Mar 10 05:05:47 CET 2026
#@# white area rh Tue Mar 10 05:05:47 CET 2026
#@# pial curv rh Tue Mar 10 05:05:47 CET 2026
#@# pial area rh Tue Mar 10 05:05:47 CET 2026
#@# thickness rh Tue Mar 10 05:05:47 CET 2026
#@# area and vertex vol rh Tue Mar 10 05:05:47 CET 2026
#@# Cortical ribbon mask Tue Mar 10 05:05:47 CET 2026
recon-all -s sub-v1s4x0050698_ses-1 finished without error at Tue Mar 10 05:10:05 CET 2026



#New# invocation of recon-all 



status file for recon-all
Tue Mar 10 05:16:40 CET 2026
#@# white curv lh Tue Mar 10 05:16:41 CET 2026
#@# white area lh Tue Mar 10 05:16:41 CET 2026
#@# pial curv lh Tue Mar 10 05:16:41 CET 2026
#@# pial area lh Tue Mar 10 05:16:41 CET 2026
#@# thickness lh Tue Mar 10 05:16:41 CET 2026
#@# area and vertex vol lh Tue Mar 10 05:16:41 CET 2026
#@# white curv rh Tue Mar 10 05:16:41 CET 2026
#@# white area rh Tue Mar 10 05:16:41 CET 2026
#@# pial curv rh Tue Mar 10 05:16:41 CET 2026
#@# pial area rh Tue Mar 10 05:16:41 CET 2026
#@# thickness rh Tue Mar 10 05:16:41 CET 2026
#@# area and vertex vol rh Tue Mar 10 05:16:41 CET 2026
#@# Curvature Stats lh Tue Mar 10 05:16:41 CET 2026
#@# Curvature Stats rh Tue Mar 10 05:16:43 CET 2026
#@# Relabel Hypointensities Tue Mar 10 05:16:46 CET 2026
#@# APas-to-ASeg Tue Mar 10 05:17:01 CET 2026
#@# AParc-to-ASeg aparc Tue Mar 10 05:17:08 CET 2026
#@# AParc-to-ASeg aparc.a2009s Tue Mar 10 05:17:40 CET 2026
#@# AParc-to-ASeg aparc.DKTatlas Tue Mar 10 05:18:12 CET 2026
#@# WMParc Tue Mar 10 05:18:43 CET 2026
#@# ASeg Stats Tue Mar 10 05:22:19 CET 2026
recon-all -s sub-v1s4x0050698_ses-1 finished without error at Tue Mar 10 05:22:51 CET 2026
