status file for recon-all
Tue Mar 10 04:17:57 CET 2026
#@# Tessellate lh Tue Mar 10 04:17:57 CET 2026
#@# Smooth1 lh Tue Mar 10 04:18:00 CET 2026
#@# Inflation1 lh Tue Mar 10 04:18:03 CET 2026
#@# QSphere lh Tue Mar 10 04:18:12 CET 2026
#@# Fix Topology lh Tue Mar 10 04:19:27 CET 2026
#@# Smooth2 lh Tue Mar 10 04:24:48 CET 2026
#@# Inflation2 lh Tue Mar 10 04:24:51 CET 2026
#@# Curv .H and .K lh Tue Mar 10 04:25:02 CET 2026
#@# Sphere lh Tue Mar 10 04:25:53 CET 2026
#@# Surf Reg lh Tue Mar 10 04:28:47 CET 2026
#@# Jacobian white lh Tue Mar 10 04:32:32 CET 2026
#@# AvgCurv lh Tue Mar 10 04:32:33 CET 2026
#@# Cortical Parc lh Tue Mar 10 04:32:34 CET 2026
#@# white curv lh Tue Mar 10 04:38:30 CET 2026
#@# white area lh Tue Mar 10 04:38:32 CET 2026
#@# pial curv lh Tue Mar 10 04:38:32 CET 2026
#@# pial area lh Tue Mar 10 04:38:34 CET 2026
#@# thickness lh Tue Mar 10 04:38:35 CET 2026
#@# area and vertex vol lh Tue Mar 10 04:39:06 CET 2026
#@# Curvature Stats lh Tue Mar 10 04:39:08 CET 2026
#@# Cortical Parc 2 lh Tue Mar 10 04:39:10 CET 2026
#@# Cortical Parc 3 lh Tue Mar 10 04:39:24 CET 2026
#@# WM/GM Contrast lh Tue Mar 10 04:39:34 CET 2026
recon-all -s sub-v1s4x0050698_ses-1 finished without error at Tue Mar 10 04:39:37 CET 2026



#New# invocation of recon-all 



status file for recon-all
Tue Mar 10 05:10:09 CET 2026
#@# white curv lh Tue Mar 10 05:10:09 CET 2026
#@# white area lh Tue Mar 10 05:10:09 CET 2026
#@# pial curv lh Tue Mar 10 05:10:09 CET 2026
#@# pial area lh Tue Mar 10 05:10:09 CET 2026
#@# thickness lh Tue Mar 10 05:10:09 CET 2026
#@# area and vertex vol lh Tue Mar 10 05:10:09 CET 2026
#@# Parcellation Stats lh Tue Mar 10 05:10:09 CET 2026
#@# Parcellation Stats 2 lh Tue Mar 10 05:10:29 CET 2026
#@# Parcellation Stats 3 lh Tue Mar 10 05:10:40 CET 2026
#@# BA_exvivo Labels lh Tue Mar 10 05:10:50 CET 2026
recon-all -s sub-v1s4x0050698_ses-1 finished without error at Tue Mar 10 05:13:20 CET 2026
