status file for recon-all
Tue Mar 10 02:03:17 CET 2026
#@# MotionCor Tue Mar 10 02:03:19 CET 2026
#@# Talairach Tue Mar 10 02:03:31 CET 2026
#@# Talairach Failure Detection Tue Mar 10 02:07:55 CET 2026
#@# Nu Intensity Correction Tue Mar 10 02:07:55 CET 2026
#@# Intensity Normalization Tue Mar 10 02:11:12 CET 2026
recon-all -s sub-v1s4x0050686_ses-1 finished without error at Tue Mar 10 02:12:42 CET 2026



#New# invocation of recon-all 



status file for recon-all
Tue Mar 10 02:19:46 CET 2026
#@# EM Registration Tue Mar 10 02:19:46 CET 2026
recon-all -s sub-v1s4x0050686_ses-1 finished without error at Tue Mar 10 02:21:54 CET 2026



#New# invocation of recon-all 



status file for recon-all
Tue Mar 10 02:21:56 CET 2026
#@# CA Normalize Tue Mar 10 02:21:56 CET 2026
#@# CA Reg Tue Mar 10 02:23:17 CET 2026
#@# SubCort Seg Tue Mar 10 03:07:56 CET 2026
#@# CC Seg Tue Mar 10 03:35:57 CET 2026
#@# Merge ASeg Tue Mar 10 03:36:39 CET 2026
#@# Intensity Normalization2 Tue Mar 10 03:36:39 CET 2026
#@# Mask BFS Tue Mar 10 03:38:47 CET 2026
#@# WM Segmentation Tue Mar 10 03:38:48 CET 2026
#@# Fill Tue Mar 10 03:40:34 CET 2026
recon-all -s sub-v1s4x0050686_ses-1 finished without error at Tue Mar 10 03:41:38 CET 2026



#New# invocation of recon-all 



status file for recon-all
Tue Mar 10 04:18:56 CET 2026
#@# white curv lh Tue Mar 10 04:18:56 CET 2026
#@# white area lh Tue Mar 10 04:18:56 CET 2026
#@# pial curv lh Tue Mar 10 04:18:56 CET 2026
#@# pial area lh Tue Mar 10 04:18:56 CET 2026
#@# thickness lh Tue Mar 10 04:18:56 CET 2026
#@# area and vertex vol lh Tue Mar 10 04:18:56 CET 2026
#@# white curv rh Tue Mar 10 04:18:56 CET 2026
#@# white area rh Tue Mar 10 04:18:57 CET 2026
#@# pial curv rh Tue Mar 10 04:18:57 CET 2026
#@# pial area rh Tue Mar 10 04:18:57 CET 2026
#@# thickness rh Tue Mar 10 04:18:57 CET 2026
#@# area and vertex vol rh Tue Mar 10 04:18:57 CET 2026
#@# Cortical ribbon mask Tue Mar 10 04:18:57 CET 2026
recon-all -s sub-v1s4x0050686_ses-1 finished without error at Tue Mar 10 04:22:01 CET 2026



#New# invocation of recon-all 



status file for recon-all
Tue Mar 10 04:27:25 CET 2026
#@# white curv lh Tue Mar 10 04:27:25 CET 2026
#@# white area lh Tue Mar 10 04:27:25 CET 2026
#@# pial curv lh Tue Mar 10 04:27:25 CET 2026
#@# pial area lh Tue Mar 10 04:27:25 CET 2026
#@# thickness lh Tue Mar 10 04:27:25 CET 2026
#@# area and vertex vol lh Tue Mar 10 04:27:25 CET 2026
#@# white curv rh Tue Mar 10 04:27:25 CET 2026
#@# white area rh Tue Mar 10 04:27:25 CET 2026
#@# pial curv rh Tue Mar 10 04:27:25 CET 2026
#@# pial area rh Tue Mar 10 04:27:25 CET 2026
#@# thickness rh Tue Mar 10 04:27:25 CET 2026
#@# area and vertex vol rh Tue Mar 10 04:27:25 CET 2026
#@# Curvature Stats lh Tue Mar 10 04:27:25 CET 2026
#@# Curvature Stats rh Tue Mar 10 04:27:27 CET 2026
#@# Relabel Hypointensities Tue Mar 10 04:27:30 CET 2026
#@# APas-to-ASeg Tue Mar 10 04:27:43 CET 2026
#@# AParc-to-ASeg aparc Tue Mar 10 04:27:50 CET 2026
#@# AParc-to-ASeg aparc.a2009s Tue Mar 10 04:28:11 CET 2026
#@# AParc-to-ASeg aparc.DKTatlas Tue Mar 10 04:28:33 CET 2026
#@# WMParc Tue Mar 10 04:28:56 CET 2026
#@# ASeg Stats Tue Mar 10 04:33:37 CET 2026
recon-all -s sub-v1s4x0050686_ses-1 finished without error at Tue Mar 10 04:34:18 CET 2026
