status file for recon-all
Tue Mar 10 03:59:17 CET 2026
#@# Tessellate rh Tue Mar 10 03:59:17 CET 2026
#@# Smooth1 rh Tue Mar 10 03:59:21 CET 2026
#@# Inflation1 rh Tue Mar 10 03:59:23 CET 2026
#@# QSphere rh Tue Mar 10 03:59:33 CET 2026
#@# Fix Topology rh Tue Mar 10 04:00:28 CET 2026
#@# Smooth2 rh Tue Mar 10 04:04:55 CET 2026
#@# Inflation2 rh Tue Mar 10 04:04:57 CET 2026
#@# Curv .H and .K rh Tue Mar 10 04:05:09 CET 2026
#@# Sphere rh Tue Mar 10 04:05:48 CET 2026
#@# Surf Reg rh Tue Mar 10 04:08:53 CET 2026
#@# Jacobian white rh Tue Mar 10 04:12:24 CET 2026
#@# AvgCurv rh Tue Mar 10 04:12:25 CET 2026
#@# Cortical Parc rh Tue Mar 10 04:12:26 CET 2026
#@# white curv rh Tue Mar 10 04:17:55 CET 2026
#@# white area rh Tue Mar 10 04:17:57 CET 2026
#@# pial curv rh Tue Mar 10 04:17:58 CET 2026
#@# pial area rh Tue Mar 10 04:17:59 CET 2026
#@# thickness rh Tue Mar 10 04:17:59 CET 2026
#@# area and vertex vol rh Tue Mar 10 04:18:23 CET 2026
#@# Curvature Stats rh Tue Mar 10 04:18:24 CET 2026
#@# Cortical Parc 2 rh Tue Mar 10 04:18:26 CET 2026
#@# Cortical Parc 3 rh Tue Mar 10 04:18:38 CET 2026
#@# WM/GM Contrast rh Tue Mar 10 04:18:47 CET 2026
recon-all -s sub-v1s4x0050686_ses-1 finished without error at Tue Mar 10 04:18:49 CET 2026



#New# invocation of recon-all 



status file for recon-all
Tue Mar 10 04:24:41 CET 2026
#@# white curv rh Tue Mar 10 04:24:41 CET 2026
#@# white area rh Tue Mar 10 04:24:41 CET 2026
#@# pial curv rh Tue Mar 10 04:24:41 CET 2026
#@# pial area rh Tue Mar 10 04:24:41 CET 2026
#@# thickness rh Tue Mar 10 04:24:41 CET 2026
#@# area and vertex vol rh Tue Mar 10 04:24:41 CET 2026
#@# Parcellation Stats rh Tue Mar 10 04:24:41 CET 2026
#@# Parcellation Stats 2 rh Tue Mar 10 04:24:55 CET 2026
#@# Parcellation Stats 3 rh Tue Mar 10 04:25:02 CET 2026
#@# BA_exvivo Labels rh Tue Mar 10 04:25:08 CET 2026
recon-all -s sub-v1s4x0050686_ses-1 finished without error at Tue Mar 10 04:27:20 CET 2026
