/out/sourcedata/freesurfer/sub-v1s4x0050686_ses-1/mri
/opt/freesurfer/bin/talairach_avi
--i orig_nu.mgz --xfm transforms/talairach.auto.xfm
talairach_avi 7.3.2
Linux dna062 5.14.0-427.37.1.el9_4.x86_64 #1 SMP PREEMPT_DYNAMIC Fri Sep 13 12:41:50 EDT 2024 x86_64 x86_64 x86_64 GNU/Linux
Tue Mar 10 02:06:26 CET 2026
mri_convert orig_nu.mgz talsrcimg.img 
reading from orig_nu.mgz...
TR=0.00, TE=0.00, TI=0.00, flip angle=0.00
i_ras = (-1, 2.32831e-09, 3.72529e-09)
j_ras = (3.72529e-09, 1.49012e-08, -1)
k_ras = (-4.65661e-10, 1, -1.49012e-08)
writing to talsrcimg.img...
Analyze Output Matrix
-1.00000   0.00000  -0.00000   127.56479;
 0.00000   0.00000   1.00000  -104.35954;
 0.00000  -1.00000  -0.00000   87.45581;
 0.00000   0.00000   0.00000   1.00000;
--------------------
INFO: set hdr.hist.orient to -1
mpr2mni305 talsrcimg
Tue Mar 10 02:06:26 CET 2026
/opt/freesurfer/bin/mpr2mni305 talsrcimg
mpr2mni305 7.3.2
target=711-2C_as_mni_average_305

---------------------------------------------------------------------
analyzeto4dfp talsrcimg -O0 -y
---------------------------------------------------------------------

freesurfer ifh2hdr.c
Tue Mar 10 02:06:27 2026
Writing: talsrcimg.4dfp.hdr
freesurfer analyzeto4dfp.c
Reading: talsrcimg.hdr
header size 348 bytes
hdr.dime.datatype	offset=70	value=2
hdr.dime.bitpix		offset=72	value=8
hdr.hist.orient		offset=252	value=-1
dimensionality     4
dimensions       256       256       256         1
Reading: talsrcimg.img
Writing: talsrcimg.4dfp.img
Writing: talsrcimg.4dfp.ifh
ifh2hdr talsrcimg -r0to242
ori=2

---------------------------------------------------------------------
gauss_4dfp talsrcimg 1.1
---------------------------------------------------------------------

freesurfer gauss_4dfp.c
Reading: talsrcimg.4dfp.img
Writing: talsrcimg_g11.4dfp.img
image dimensions 256 256 256 padded to 288 288 288
processing volume 1freesurfer ifh2hdr.c
Tue Mar 10 02:06:28 2026
Writing: talsrcimg_g11.4dfp.hdr

Writing: talsrcimg_g11.4dfp.ifh
including: talsrcimg.4dfp.img.rec in talsrcimg_g11.4dfp.img.rec

---------------------------------------------------------------------
imgreg_4dfp /opt/freesurfer/average/711-2C_as_mni_average_305 none talsrcimg_g11 none talsrcimg_to_711-2C_as_mni_average_305_t4 4355
---------------------------------------------------------------------

freesurfer imgreg_4dfp.c
/opt/freesurfer/average/711-2C_as_mni_average_305.4dfp.img
       256       256       256         1
  1.000000  1.000000  1.000000
orientation T byte_order littleendian
Reading image: /opt/freesurfer/average/711-2C_as_mni_average_305.4dfp.img
dimensions:      256       256       256
mmppix:       1.0000   -1.0000   -1.0000
center:     128.0000 -129.0000 -129.0000
talsrcimg_g11.4dfp.img
       256       256       256         1
  1.000000  1.000000  1.000000
orientation T byte_order littleendian
Reading image: talsrcimg_g11.4dfp.img
dimensions:      256       256       256
mmppix:       1.0000   -1.0000   -1.0000
center:     128.0000 -129.0000 -129.0000
t4_read: open error in t4_sub.f l:  41 t4_file(1:l)talsrcimg_to_711-2C_as_mni_average_305_t4 
t4_read: transform initialized to I4
rotation matrix determinant  1.000000
image alignment mode   4355 decimal     1103 hex
   -7.5000  -45.0000  -45.0000 8829.2588   16.6527
    0.0000  -45.0000  -45.0000 9187.9414   16.6683
    7.5000  -45.0000  -45.0000 8797.7178   16.6629
   -7.5000  -37.5000  -45.0000 9296.2129   16.5354
    0.0000  -37.5000  -45.0000 9700.1172   16.5430
    7.5000  -37.5000  -45.0000 9271.0166   16.5236
   -7.5000  -30.0000  -45.000010179.8506   16.4841
    0.0000  -30.0000  -45.000010644.3809   16.4930
    7.5000  -30.0000  -45.000010200.7881   16.4723
   -7.5000  -22.5000  -45.000011029.7559   16.4406
    0.0000  -22.5000  -45.000011490.3936   16.4601
    7.5000  -22.5000  -45.000010988.3057   16.4550
   -7.5000  -15.0000  -45.000011726.8438   16.4295
    0.0000  -15.0000  -45.000012196.6035   16.4581
    7.5000  -15.0000  -45.000011621.3213   16.4683
   -7.5000   -7.5000  -45.000012126.6836   16.4672
    0.0000   -7.5000  -45.000012599.1006   16.4931
    7.5000   -7.5000  -45.000012021.5664   16.5023
   -7.5000    0.0000  -45.000012373.8633   16.5109
    0.0000    0.0000  -45.000012870.7666   16.5266
    7.5000    0.0000  -45.000012277.1553   16.5218
   -7.5000    7.5000  -45.000011702.0439   16.5164
    0.0000    7.5000  -45.000012167.6250   16.5240
    7.5000    7.5000  -45.000011588.6240   16.5046
   -7.5000   15.0000  -45.000010974.7812   16.4836
    0.0000   15.0000  -45.000011460.8867   16.4925
    7.5000   15.0000  -45.000010904.0850   16.4718
   -7.5000   22.5000  -45.000010209.1006   16.4396
    0.0000   22.5000  -45.000010702.9766   16.4591
    7.5000   22.5000  -45.000010153.6553   16.4541
   -7.5000   30.0000  -45.0000 9437.3301   16.4429
    0.0000   30.0000  -45.0000 9911.4443   16.4713
    7.5000   30.0000  -45.0000 9386.5654   16.4804
   -7.5000   37.5000  -45.0000 9085.6738   16.9637
    0.0000   37.5000  -45.0000 9547.8467   16.9902
    7.5000   37.5000  -45.0000 9041.4775   16.9971
   -7.5000   45.0000  -45.0000 8482.4453   17.1017
    0.0000   45.0000  -45.0000 8918.3096   17.1159
    7.5000   45.0000  -45.0000 8459.4346   17.1078
   -7.5000  -45.0000  -37.5000 9263.0352   16.6204
    0.0000  -45.0000  -37.5000 9658.2900   16.6353
    7.5000  -45.0000  -37.5000 9250.3525   16.6377
   -7.5000  -37.5000  -37.5000 9795.0264   16.5028
    0.0000  -37.5000  -37.500010239.8730   16.5105
    7.5000  -37.5000  -37.5000 9767.2998   16.4952
   -7.5000  -30.0000  -37.500010795.9512   16.4576
    0.0000  -30.0000  -37.500011290.9580   16.4675
    7.5000  -30.0000  -37.500010772.2002   16.4435
   -7.5000  -22.5000  -37.500011658.2686   16.4217
    0.0000  -22.5000  -37.500012145.6689   16.4420
    7.5000  -22.5000  -37.500011591.7178   16.4295
   -7.5000  -15.0000  -37.500012356.0723   16.4128
    0.0000  -15.0000  -37.500012873.1152   16.4416
    7.5000  -15.0000  -37.500012268.5127   16.4475
   -7.5000   -7.5000  -37.500012771.7725   16.4437
    0.0000   -7.5000  -37.500013273.1494   16.4693
    7.5000   -7.5000  -37.500012672.6855   16.4817
   -7.5000    0.0000  -37.500013026.1045   16.4794
    0.0000    0.0000  -37.500013561.6016   16.4942
    7.5000    0.0000  -37.500012918.8604   16.4970
   -7.5000    7.5000  -37.500012350.0156   16.4839
    0.0000    7.5000  -37.500012859.8770   16.4915
    7.5000    7.5000  -37.500012225.0254   16.4762
   -7.5000   15.0000  -37.500011577.5420   16.4571
    0.0000   15.0000  -37.500012092.2686   16.4670
    7.5000   15.0000  -37.500011505.8633   16.4430
   -7.5000   22.5000  -37.500010760.3037   16.4207
    0.0000   22.5000  -37.500011259.7979   16.4410
    7.5000   22.5000  -37.500010694.1270   16.4285
   -7.5000   30.0000  -37.5000 9947.7852   16.4233
    0.0000   30.0000  -37.500010412.2910   16.4524
    7.5000   30.0000  -37.5000 9872.8828   16.4575
   -7.5000   37.5000  -37.5000 9604.3271   16.9376
    0.0000   37.5000  -37.500010062.2637   16.9637
    7.5000   37.5000  -37.5000 9556.3965   16.9734
   -7.5000   45.0000  -37.5000 8912.9189   17.0668
    0.0000   45.0000  -37.5000 9331.7363   17.0807
    7.5000   45.0000  -37.5000 8881.6455   17.0821
   -7.5000  -45.0000  -30.0000 9816.6768   17.3358
    0.0000  -45.0000  -30.000010266.5039   17.3417
    7.5000  -45.0000  -30.0000 9812.2168   17.3484
   -7.5000  -37.5000  -30.000010430.3623   17.2102
    0.0000  -37.5000  -30.000010939.5234   17.2122
    7.5000  -37.5000  -30.000010417.4492   17.2021
   -7.5000  -30.0000  -30.000011536.8398   17.1667
    0.0000  -30.0000  -30.000012063.7793   17.1753
    7.5000  -30.0000  -30.000011500.8896   17.1537
   -7.5000  -22.5000  -30.000012424.9600   17.1371
    0.0000  -22.5000  -30.000012952.9053   17.1566
    7.5000  -22.5000  -30.000012357.8115   17.1422
   -7.5000  -15.0000  -30.000013162.9209   17.1316
    0.0000  -15.0000  -30.000013704.3545   17.1566
    7.5000  -15.0000  -30.000013069.4844   17.1593
   -7.5000   -7.5000  -30.000013561.4600   17.1591
    0.0000   -7.5000  -30.000014100.6807   17.1770
    7.5000   -7.5000  -30.000013474.1055   17.1896
   -7.5000    0.0000  -30.000013857.2158   17.1886
    0.0000    0.0000  -30.000014397.0557   17.1945
    7.5000    0.0000  -30.000013746.4404   17.2015
   -7.5000    7.5000  -30.000013156.9775   17.1904
    0.0000    7.5000  -30.000013717.1895   17.1924
    7.5000    7.5000  -30.000013053.3838   17.1822
   -7.5000   15.0000  -30.000012347.2705   17.1662
    0.0000   15.0000  -30.000012901.2129   17.1747
    7.5000   15.0000  -30.000012285.3857   17.1531
   -7.5000   22.5000  -30.000011476.2275   17.1343
    0.0000   22.5000  -30.000011976.9766   17.1538
    7.5000   22.5000  -30.000011387.2139   17.1394
   -7.5000   30.0000  -30.000010595.3828   17.1436
    0.0000   30.0000  -30.000011043.0342   17.1691
    7.5000   30.0000  -30.000010476.2012   17.1709
   -7.5000   37.5000  -30.000010214.3672   17.6732
    0.0000   37.5000  -30.000010654.4795   17.6903
    7.5000   37.5000  -30.000010150.8301   17.6996
   -7.5000   45.0000  -30.0000 9499.3770   17.8117
    0.0000   45.0000  -30.0000 9917.5137   17.8168
    7.5000   45.0000  -30.0000 9459.8818   17.8233
   -7.5000  -45.0000  -22.500010375.6445   17.9781
    0.0000  -45.0000  -22.500010871.3164   17.9738
    7.5000  -45.0000  -22.500010374.2510   17.9756
   -7.5000  -37.5000  -22.500011063.6611   17.8458
    0.0000  -37.5000  -22.500011584.8213   17.8407
    7.5000  -37.5000  -22.500011056.6270   17.8313
   -7.5000  -30.0000  -22.500012226.3145   17.7982
    0.0000  -30.0000  -22.500012783.5361   17.8033
    7.5000  -30.0000  -22.500012212.6582   17.7887
   -7.5000  -22.5000  -22.500013155.5547   17.7665
    0.0000  -22.5000  -22.500013737.7627   17.7834
    7.5000  -22.5000  -22.500013113.4590   17.7763
   -7.5000  -15.0000  -22.500013927.5381   17.7621
    0.0000  -15.0000  -22.500014532.0420   17.7815
    7.5000  -15.0000  -22.500013848.9355   17.7859
   -7.5000   -7.5000  -22.500014366.6025   17.7930
    0.0000   -7.5000  -22.500014952.5078   17.8017
    7.5000   -7.5000  -22.500014279.6143   17.8101
   -7.5000    0.0000  -22.500014704.7500   17.8249
    0.0000    0.0000  -22.500015276.4590   17.8208
    7.5000    0.0000  -22.500014580.3301   17.8230
   -7.5000    7.5000  -22.500013939.9150   17.8251
    0.0000    7.5000  -22.500014561.5820   17.8200
    7.5000    7.5000  -22.500013848.5547   17.8106
   -7.5000   15.0000  -22.500013118.8896   17.7976
    0.0000   15.0000  -22.500013748.8809   17.8028
    7.5000   15.0000  -22.500013019.3633   17.7881
   -7.5000   22.5000  -22.500012190.3076   17.7626
    0.0000   22.5000  -22.500012767.9990   17.7795
    7.5000   22.5000  -22.500012089.9951   17.7724
   -7.5000   30.0000  -22.500011231.4600   17.7798
    0.0000   30.0000  -22.500011742.5908   17.7993
    7.5000   30.0000  -22.500011126.2490   17.8025
   -7.5000   37.5000  -22.500010807.7100   18.3271
    0.0000   37.5000  -22.500011282.7256   18.3340
    7.5000   37.5000  -22.500010749.2295   18.3393
   -7.5000   45.0000  -22.500010034.4238   18.4839
    0.0000   45.0000  -22.500010499.2744   18.4782
    7.5000   45.0000  -22.500010005.9346   18.4790
   -7.5000  -45.0000  -15.000010937.4277   18.4404
    0.0000  -45.0000  -15.000011453.9912   18.4347
    7.5000  -45.0000  -15.000010936.1172   18.4275
   -7.5000  -37.5000  -15.000011640.9912   18.3042
    0.0000  -37.5000  -15.000012187.4668   18.2976
    7.5000  -37.5000  -15.000011635.4043   18.2842
   -7.5000  -30.0000  -15.000012869.7969   18.2486
    0.0000  -30.0000  -15.000013448.7734   18.2524
    7.5000  -30.0000  -15.000012853.9336   18.2424
   -7.5000  -22.5000  -15.000013855.7539   18.2089
    0.0000  -22.5000  -15.000014467.2070   18.2248
    7.5000  -22.5000  -15.000013803.5264   18.2264
   -7.5000  -15.0000  -15.000014679.5566   18.2031
    0.0000  -15.0000  -15.000015316.4180   18.2214
    7.5000  -15.0000  -15.000014596.7646   18.2302
   -7.5000   -7.5000  -15.000015153.7061   18.2419
    0.0000   -7.5000  -15.000015811.3652   18.2493
    7.5000   -7.5000  -15.000015047.9814   18.2534
   -7.5000    0.0000  -15.000015507.0312   18.2827
    0.0000    0.0000  -15.000016163.3359   18.2774
    7.5000    0.0000  -15.000015374.6016   18.2708
   -7.5000    7.5000  -15.000014669.6689   18.2830
    0.0000    7.5000  -15.000015364.3213   18.2765
    7.5000    7.5000  -15.000014571.7578   18.2629
   -7.5000   15.0000  -15.000013791.1953   18.2480
    0.0000   15.0000  -15.000014475.5615   18.2518
    7.5000   15.0000  -15.000013704.6279   18.2418
   -7.5000   22.5000  -15.000012829.4893   18.2040
    0.0000   22.5000  -15.000013486.9463   18.2200
    7.5000   22.5000  -15.000012742.6729   18.2216
   -7.5000   30.0000  -15.000011808.8779   18.2269
    0.0000   30.0000  -15.000012418.8936   18.2449
    7.5000   30.0000  -15.000011739.2002   18.2520
   -7.5000   37.5000  -15.000011363.4180   18.7935
    0.0000   37.5000  -15.000011926.3027   18.7991
    7.5000   37.5000  -15.000011314.4395   18.8002
   -7.5000   45.0000  -15.000010552.0020   18.9716
    0.0000   45.0000  -15.000011061.5117   18.9638
    7.5000   45.0000  -15.000010525.0469   18.9534
   -7.5000  -45.0000   -7.500011535.1875   18.6345
    0.0000  -45.0000   -7.500012067.3877   18.6402
    7.5000  -45.0000   -7.500011533.4111   18.6297
   -7.5000  -37.5000   -7.500012244.5098   18.4995
    0.0000  -37.5000   -7.500012803.7822   18.5003
    7.5000  -37.5000   -7.500012232.7539   18.4811
   -7.5000  -30.0000   -7.500013529.3613   18.4392
    0.0000  -30.0000   -7.500014130.8242   18.4458
    7.5000  -30.0000   -7.500013508.6113   18.4314
   -7.5000  -22.5000   -7.500014573.4189   18.3915
    0.0000  -22.5000   -7.500015243.6357   18.4101
    7.5000  -22.5000   -7.500014489.7578   18.4121
   -7.5000  -15.0000   -7.500015444.8818   18.3823
    0.0000  -15.0000   -7.500016127.8184   18.4072
    7.5000  -15.0000   -7.500015327.5469   18.4191
   -7.5000   -7.5000   -7.500016016.3877   18.4266
    0.0000   -7.5000   -7.500016740.4512   18.4447
    7.5000   -7.5000   -7.500015899.8975   18.4497
   -7.5000    0.0000   -7.500016399.7891   18.4753
    0.0000    0.0000   -7.500017191.4277   18.4814
    7.5000    0.0000   -7.500016288.3232   18.4716
   -7.5000    7.5000   -7.500015493.3018   18.4782
    0.0000    7.5000   -7.500016332.6914   18.4791
    7.5000    7.5000   -7.500015446.0527   18.4597
   -7.5000   15.0000   -7.500014542.4639   18.4387
    0.0000   15.0000   -7.500015381.6094   18.4452
    7.5000   15.0000   -7.500014521.9072   18.4308
   -7.5000   22.5000   -7.500013508.1436   18.3846
    0.0000   22.5000   -7.500014308.1885   18.4032
    7.5000   22.5000   -7.500013485.8613   18.4052
   -7.5000   30.0000   -7.500012437.6104   18.4063
    0.0000   30.0000   -7.500013141.3213   18.4307
    7.5000   30.0000   -7.500012384.1230   18.4410
   -7.5000   37.5000   -7.500011995.4150   18.9867
    0.0000   37.5000   -7.500012657.2832   19.0042
    7.5000   37.5000   -7.500011944.6465   19.0065
   -7.5000   45.0000   -7.500011138.4072   19.1780
    0.0000   45.0000   -7.500011734.5293   19.1815
    7.5000   45.0000   -7.500011083.8047   19.1667
   -7.5000  -45.0000    0.000012067.1963   18.6234
    0.0000  -45.0000    0.000012604.7549   18.6409
    7.5000  -45.0000    0.000012105.4014   18.6350
   -7.5000  -37.5000    0.000012789.0352   18.4922
    0.0000  -37.5000    0.000013366.3799   18.5007
    7.5000  -37.5000    0.000012803.8877   18.4792
   -7.5000  -30.0000    0.000014125.8994   18.4349
    0.0000  -30.0000    0.000014751.9375   18.4448
    7.5000  -30.0000    0.000014080.9531   18.4217
   -7.5000  -22.5000    0.000015132.6221   18.3862
    0.0000  -22.5000    0.000015819.8262   18.4079
    7.5000  -22.5000    0.000015058.0557   18.4023
   -7.5000  -15.0000    0.000015992.6328   18.3740
    0.0000  -15.0000    0.000016771.8613   18.4058
    7.5000  -15.0000    0.000015909.6396   18.4172
   -7.5000   -7.5000    0.000016720.6191   18.4161
    0.0000   -7.5000    0.000017672.7988   18.4450
    7.5000   -7.5000    0.000016665.6387   18.4553
   -7.5000    0.0000    0.000017240.3887   18.4650
    0.0000    0.0000    0.000018417.0742   18.4824
    7.5000    0.0000    0.000017240.3301   18.4772
   -7.5000    7.5000    0.000016332.5752   18.4710
    0.0000    7.5000    0.000017453.5000   18.4795
    7.5000    7.5000    0.000016349.3496   18.4579
   -7.5000   15.0000    0.000015276.9580   18.4343
    0.0000   15.0000    0.000016253.0195   18.4442
    7.5000   15.0000    0.000015268.4355   18.4211
   -7.5000   22.5000    0.000014149.9697   18.3792
    0.0000   22.5000    0.000015054.4844   18.4009
    7.5000   22.5000    0.000014113.8545   18.3953
   -7.5000   30.0000    0.000013026.1582   18.3960
    0.0000   30.0000    0.000013813.0166   18.4276
    7.5000   30.0000    0.000012927.0410   18.4378
   -7.5000   37.5000    0.000012577.4902   18.9782
    0.0000   37.5000    0.000013306.6436   19.0078
    7.5000   37.5000    0.000012448.7021   19.0156
   -7.5000   45.0000    0.000011660.7646   19.1698
    0.0000   45.0000    0.000012301.9033   19.1857
    7.5000   45.0000    0.000011526.1016   19.1767
   -7.5000  -45.0000    7.500011631.7764   18.5978
    0.0000  -45.0000    7.500012205.0225   18.6145
    7.5000  -45.0000    7.500011739.8750   18.6171
   -7.5000  -37.5000    7.500012332.0225   18.4662
    0.0000  -37.5000    7.500012931.9854   18.4748
    7.5000  -37.5000    7.500012423.2168   18.4577
   -7.5000  -30.0000    7.500013620.0361   18.4158
    0.0000  -30.0000    7.500014255.9219   18.4268
    7.5000  -30.0000    7.500013684.8682   18.3999
   -7.5000  -22.5000    7.500014568.6377   18.3755
    0.0000  -22.5000    7.500015233.1758   18.3982
    7.5000  -22.5000    7.500014607.0381   18.3842
   -7.5000  -15.0000    7.500015384.5068   18.3655
    0.0000  -15.0000    7.500016095.6543   18.3977
    7.5000  -15.0000    7.500015378.9541   18.4043
   -7.5000   -7.5000    7.500016145.9570   18.4001
    0.0000   -7.5000    7.500017170.7793   18.4286
    7.5000   -7.5000    7.500016131.0371   18.4426
   -7.5000    0.0000    7.500016773.2188   18.4400
    0.0000    0.0000    7.500018075.5898   18.4566
    7.5000    0.0000    7.500016762.7461   18.4597
   -7.5000    7.5000    7.500015992.9443   18.4450
    0.0000    7.5000    7.500017137.9883   18.4536
    7.5000    7.5000    7.500015863.9258   18.4365
   -7.5000   15.0000    7.500014993.6084   18.4152
    0.0000   15.0000    7.500016007.1484   18.4262
    7.5000   15.0000    7.500014774.4355   18.3993
   -7.5000   22.5000    7.500013846.0713   18.3684
    0.0000   22.5000    7.500014798.1904   18.3912
    7.5000   22.5000    7.500013654.8721   18.3771
   -7.5000   30.0000    7.500012689.1289   18.3844
    0.0000   30.0000    7.500013527.2012   18.4169
    7.5000   30.0000    7.500012502.3193   18.4227
   -7.5000   37.5000    7.500012157.7168   18.9600
    0.0000   37.5000    7.500012877.7656   18.9892
    7.5000   37.5000    7.500011983.5439   19.0001
   -7.5000   45.0000    7.500011211.3857   19.1422
    0.0000   45.0000    7.500011833.9844   19.1578
    7.5000   45.0000    7.500011101.8447   19.1594
   -7.5000  -45.0000   15.000011139.2461   18.6157
    0.0000  -45.0000   15.000011689.0137   18.6221
    7.5000  -45.0000   15.000011274.4424   18.6293
   -7.5000  -37.5000   15.000011809.8223   18.4809
    0.0000  -37.5000   15.000012388.6787   18.4831
    7.5000  -37.5000   15.000011967.2520   18.4722
   -7.5000  -30.0000   15.000013045.4238   18.4342
    0.0000  -30.0000   15.000013678.6953   18.4434
    7.5000  -30.0000   15.000013173.9873   18.4202
   -7.5000  -22.5000   15.000013946.1201   18.4023
    0.0000  -22.5000   15.000014624.1436   18.4233
    7.5000  -22.5000   15.000014040.9404   18.4078
   -7.5000  -15.0000   15.000014707.3135   18.3965
    0.0000  -15.0000   15.000015403.9746   18.4233
    7.5000  -15.0000   15.000014710.6328   18.4262
   -7.5000   -7.5000   15.000015387.0605   18.4260
    0.0000   -7.5000   15.000016332.4932   18.4452
    7.5000   -7.5000   15.000015379.0068   18.4587
   -7.5000    0.0000   15.000016007.6084   18.4577
    0.0000    0.0000   15.000017085.6387   18.4641
    7.5000    0.0000   15.000015901.4590   18.4715
   -7.5000    7.5000   15.000015313.5547   18.4596
    0.0000    7.5000   15.000016240.0244   18.4618
    7.5000    7.5000   15.000015058.2715   18.4508
   -7.5000   15.0000   15.000014396.4824   18.4336
    0.0000   15.0000   15.000015268.4199   18.4428
    7.5000   15.0000   15.000014109.4805   18.4196
   -7.5000   22.5000   15.000013224.1680   18.3953
    0.0000   22.5000   15.000014095.7158   18.4163
    7.5000   22.5000   15.000013032.9531   18.4008
   -7.5000   30.0000   15.000012050.0771   18.4148
    0.0000   30.0000   15.000012836.8125   18.4421
    7.5000   30.0000   15.000011924.6816   18.4441
   -7.5000   37.5000   15.000011468.0078   18.9836
    0.0000   37.5000   15.000012164.0967   19.0020
    7.5000   37.5000   15.000011399.9229   19.0120
   -7.5000   45.0000   15.000010558.7256   19.1578
    0.0000   45.0000   15.000011174.5742   19.1633
    7.5000   45.0000   15.000010556.4287   19.1702
   -7.5000  -45.0000   22.500010577.8926   18.6629
    0.0000  -45.0000   22.500011134.5605   18.6584
    7.5000  -45.0000   22.500010669.2529   18.6603
   -7.5000  -37.5000   22.500011211.0625   18.5255
    0.0000  -37.5000   22.500011821.1768   18.5202
    7.5000  -37.5000   22.500011314.5049   18.5105
   -7.5000  -30.0000   22.500012407.9131   18.4761
    0.0000  -30.0000   22.500013048.7080   18.4815
    7.5000  -30.0000   22.500012463.4365   18.4663
   -7.5000  -22.5000   22.500013251.8848   18.4432
    0.0000  -22.5000   22.500013907.3105   18.4608
    7.5000  -22.5000   22.500013270.0977   18.4534
   -7.5000  -15.0000   22.500013917.2295   18.4387
    0.0000  -15.0000   22.500014579.8330   18.4588
    7.5000  -15.0000   22.500013923.9385   18.4634
   -7.5000   -7.5000   22.500014481.4668   18.4707
    0.0000   -7.5000   22.500015276.6943   18.4797
    7.5000   -7.5000   22.500014520.5625   18.4885
   -7.5000    0.0000   22.500014969.6689   18.5038
    0.0000    0.0000   22.500015741.9971   18.4996
    7.5000    0.0000   22.500014945.2197   18.5019
   -7.5000    7.5000   22.500014243.5635   18.5041
    0.0000    7.5000   22.500014886.3740   18.4988
    7.5000    7.5000   22.500014128.6738   18.4890
   -7.5000   15.0000   22.500013355.2812   18.4755
    0.0000   15.0000   22.500013961.7031   18.4809
    7.5000   15.0000   22.500013214.9658   18.4657
   -7.5000   22.5000   22.500012300.7607   18.4363
    0.0000   22.5000   22.500012898.1758   18.4539
    7.5000   22.5000   22.500012189.2051   18.4465
   -7.5000   30.0000   22.500011280.1846   18.4596
    0.0000   30.0000   22.500011849.8945   18.4799
    7.5000   30.0000   22.500011198.2529   18.4832
   -7.5000   37.5000   22.500010793.1953   19.0279
    0.0000   37.5000   22.500011328.6895   19.0350
    7.5000   37.5000   22.500010756.5781   19.0405
   -7.5000   45.0000   22.5000 9977.5000   19.2046
    0.0000   45.0000   22.500010473.6299   19.1987
    7.5000   45.0000   22.5000 9970.5137   19.1995
   -7.5000  -45.0000   30.0000 9854.1611   18.7130
    0.0000  -45.0000   30.000010389.8271   18.7073
    7.5000  -45.0000   30.0000 9901.3271   18.7001
   -7.5000  -37.5000   30.000010462.7471   18.5748
    0.0000  -37.5000   30.000011016.4307   18.5682
    7.5000  -37.5000   30.000010519.6611   18.5546
   -7.5000  -30.0000   30.000011545.8398   18.5185
    0.0000  -30.0000   30.000012082.6562   18.5224
    7.5000  -30.0000   30.000011555.7031   18.5122
   -7.5000  -22.5000   30.000012321.1162   18.4782
    0.0000  -22.5000   30.000012852.5518   18.4944
    7.5000  -22.5000   30.000012321.8291   18.4960
   -7.5000  -15.0000   30.000012882.7529   18.4722
    0.0000  -15.0000   30.000013441.8252   18.4909
    7.5000  -15.0000   30.000012912.2773   18.4997
   -7.5000   -7.5000   30.000013360.5010   18.5115
    0.0000   -7.5000   30.000014010.8223   18.5191
    7.5000   -7.5000   30.000013410.9443   18.5232
   -7.5000    0.0000   30.000013777.7109   18.5528
    0.0000    0.0000   30.000014403.5977   18.5475
    7.5000    0.0000   30.000013769.3867   18.5409
   -7.5000    7.5000   30.000013070.4043   18.5533
    0.0000    7.5000   30.000013619.5566   18.5467
    7.5000    7.5000   30.000013021.6318   18.5330
   -7.5000   15.0000   30.000012260.7715   18.5179
    0.0000   15.0000   30.000012772.1270   18.5218
    7.5000   15.0000   30.000012196.0127   18.5116
   -7.5000   22.5000   30.000011329.0312   18.4713
    0.0000   22.5000   30.000011795.2080   18.4875
    7.5000   22.5000   30.000011233.6924   18.4892
   -7.5000   30.0000   30.000010434.1016   18.4966
    0.0000   30.0000   30.000010882.6045   18.5150
    7.5000   30.0000   30.000010350.0156   18.5221
   -7.5000   37.5000   30.000010060.7236   19.0721
    0.0000   37.5000   30.000010506.0615   19.0778
    7.5000   37.5000   30.000010000.0596   19.0790
   -7.5000   45.0000   30.0000 9320.3506   19.2586
    0.0000   45.0000   30.0000 9774.4287   19.2507
    7.5000   45.0000   30.0000 9304.1631   19.2402
   -7.5000  -45.0000   37.5000 9377.9580   18.8431
    0.0000  -45.0000   37.5000 9861.1719   18.8499
    7.5000  -45.0000   37.5000 9444.8574   18.8398
   -7.5000  -37.5000   37.5000 9961.7666   18.7045
    0.0000  -37.5000   37.500010441.2773   18.7062
    7.5000  -37.5000   37.500010041.4033   18.6873
   -7.5000  -30.0000   37.500010978.4463   18.6431
    0.0000  -30.0000   37.500011446.4434   18.6505
    7.5000  -30.0000   37.500011038.8027   18.6363
   -7.5000  -22.5000   37.500011737.3506   18.5952
    0.0000  -22.5000   37.500012242.6572   18.6148
    7.5000  -22.5000   37.500011802.3203   18.6173
   -7.5000  -15.0000   37.500012307.6758   18.5864
    0.0000  -15.0000   37.500012835.5137   18.6126
    7.5000  -15.0000   37.500012366.8887   18.6253
   -7.5000   -7.5000   37.500012753.8447   18.6316
    0.0000   -7.5000   37.500013359.1104   18.6509
    7.5000   -7.5000   37.500012816.1885   18.6566
   -7.5000    0.0000   37.500013161.7686   18.6807
    0.0000    0.0000   37.500013727.1582   18.6877
    7.5000    0.0000   37.500013134.1670   18.6784
   -7.5000    7.5000   37.500012474.3213   18.6828
    0.0000    7.5000   37.500012988.0781   18.6846
    7.5000    7.5000   37.500012423.8047   18.6655
   -7.5000   15.0000   37.500011681.6670   18.6425
    0.0000   15.0000   37.500012165.1816   18.6499
    7.5000   15.0000   37.500011620.9297   18.6357
   -7.5000   22.5000   37.500010810.9863   18.5882
    0.0000   22.5000   37.500011238.2822   18.6078
    7.5000   22.5000   37.500010725.2832   18.6104
   -7.5000   30.0000   37.5000 9988.3125   18.6136
    0.0000   30.0000   37.500010393.2871   18.6393
    7.5000   30.0000   37.5000 9911.2705   18.6504
   -7.5000   37.5000   37.5000 9659.2207   19.2060
    0.0000   37.5000   37.500010092.2432   19.2248
    7.5000   37.5000   37.5000 9589.3652   19.2279
   -7.5000   45.0000   37.5000 8973.9082   19.4060
    0.0000   45.0000   37.5000 9402.7070   19.4107
    7.5000   45.0000   37.5000 8931.9785   19.3963
   -7.5000  -45.0000   45.0000 8521.0879   19.0102
    0.0000  -45.0000   45.0000 8951.3525   19.0301
    7.5000  -45.0000   45.0000 8589.7188   19.0248
   -7.5000  -37.5000   45.0000 9074.4092   18.8709
    0.0000  -37.5000   45.0000 9492.6299   18.8814
    7.5000  -37.5000   45.0000 9128.3477   18.8597
   -7.5000  -30.0000   45.0000 9995.6396   18.8097
    0.0000  -30.0000   45.000010439.7480   18.8210
    7.5000  -30.0000   45.000010059.5771   18.7976
   -7.5000  -22.5000   45.000010702.4521   18.7595
    0.0000  -22.5000   45.000011182.4443   18.7824
    7.5000  -22.5000   45.000010799.9668   18.7772
   -7.5000  -15.0000   45.000011207.4150   18.7483
    0.0000  -15.0000   45.000011719.3232   18.7815
    7.5000  -15.0000   45.000011319.3789   18.7942
   -7.5000   -7.5000   45.000011632.9873   18.7934
    0.0000   -7.5000   45.000012151.0771   18.8243
    7.5000   -7.5000   45.000011695.1641   18.8359
   -7.5000    0.0000   45.000011981.0811   18.8441
    0.0000    0.0000   45.000012487.6094   18.8639
    7.5000    0.0000   45.000011964.3115   18.8593
   -7.5000    7.5000   45.000011374.5811   18.8487
    0.0000    7.5000   45.000011859.0176   18.8592
    7.5000    7.5000   45.000011348.9404   18.8374
   -7.5000   15.0000   45.000010639.4795   18.8091
    0.0000   15.0000   45.000011110.8193   18.8204
    7.5000   15.0000   45.000010609.3916   18.7970
   -7.5000   22.5000   45.0000 9858.4521   18.7520
    0.0000   22.5000   45.000010267.3203   18.7748
    7.5000   22.5000   45.0000 9802.0166   18.7696
   -7.5000   30.0000   45.0000 9105.7344   18.7665
    0.0000   30.0000   45.0000 9479.2090   18.7994
    7.5000   30.0000   45.0000 9052.4150   18.8108
   -7.5000   37.5000   45.0000 8845.1094   19.3685
    0.0000   37.5000   45.0000 9228.9580   19.4002
    7.5000   37.5000   45.0000 8815.0684   19.4092
   -7.5000   45.0000   45.0000 8220.0039   19.5842
    0.0000   45.0000   45.0000 8612.8291   19.6027
    7.5000   45.0000   45.0000 8202.2324   19.5943

---------------------------------------------------------------------
imgreg_4dfp /opt/freesurfer/average/711-2C_as_mni_average_305 /opt/freesurfer/average/711-2B_as_mni_average_305_mask talsrcimg_g11 none talsrcimg_to_711-2C_as_mni_average_305_t4 4355
---------------------------------------------------------------------

freesurfer imgreg_4dfp.c
/opt/freesurfer/average/711-2C_as_mni_average_305.4dfp.img
       256       256       256         1
  1.000000  1.000000  1.000000
orientation T byte_order littleendian
Reading image: /opt/freesurfer/average/711-2C_as_mni_average_305.4dfp.img
dimensions:      256       256       256
mmppix:       1.0000   -1.0000   -1.0000
center:     128.0000 -129.0000 -129.0000
/opt/freesurfer/average/711-2B_as_mni_average_305_mask.4dfp.img
       256       256       256         1
  1.000000  1.000000  1.000000
orientation T byte_order littleendian
Reading mask: /opt/freesurfer/average/711-2B_as_mni_average_305_mask.4dfp.img (2306576 pixels)
talsrcimg_g11.4dfp.img
       256       256       256         1
  1.000000  1.000000  1.000000
orientation T byte_order littleendian
Reading image: talsrcimg_g11.4dfp.img
dimensions:      256       256       256
mmppix:       1.0000   -1.0000   -1.0000
center:     128.0000 -129.0000 -129.0000
rotation matrix determinant  1.000000
image alignment mode   4355 decimal     1103 hex
   -7.5000  -45.0000  -45.0000 2202.0037   20.5430
    0.0000  -45.0000  -45.0000 2208.7563   20.5671
    7.5000  -45.0000  -45.0000 2190.9377   20.8052
   -7.5000  -37.5000  -45.0000 2212.5815   19.9813
    0.0000  -37.5000  -45.0000 2226.1350   20.0319
    7.5000  -37.5000  -45.0000 2199.1172   20.2538
   -7.5000  -30.0000  -45.0000 2230.3503   19.5283
    0.0000  -30.0000  -45.0000 2242.9138   19.6298
    7.5000  -30.0000  -45.0000 2225.0461   19.8410
   -7.5000  -22.5000  -45.0000 2260.4746   19.2191
    0.0000  -22.5000  -45.0000 2268.3594   19.3049
    7.5000  -22.5000  -45.0000 2251.7109   19.5101
   -7.5000  -15.0000  -45.0000 2278.5752   18.9520
    0.0000  -15.0000  -45.0000 2287.2346   19.0131
    7.5000  -15.0000  -45.0000 2264.1665   19.2292
   -7.5000   -7.5000  -45.0000 2288.4001   18.7817
    0.0000   -7.5000  -45.0000 2301.2188   18.8008
    7.5000   -7.5000  -45.0000 2274.1892   19.0288
   -7.5000    0.0000  -45.0000 2287.7258   18.7853
    0.0000    0.0000  -45.0000 2301.1511   18.7474
    7.5000    0.0000  -45.0000 2276.0137   19.0089
   -7.5000    7.5000  -45.0000 2279.3093   18.9939
    0.0000    7.5000  -45.0000 2289.4316   18.9091
    7.5000    7.5000  -45.0000 2268.7634   19.1219
   -7.5000   15.0000  -45.0000 2266.2280   19.1512
    0.0000   15.0000  -45.0000 2280.1621   19.0883
    7.5000   15.0000  -45.0000 2256.8909   19.3011
   -7.5000   22.5000  -45.0000 2239.7722   19.6995
    0.0000   22.5000  -45.0000 2260.5605   19.6745
    7.5000   22.5000  -45.0000 2233.3137   19.8530
   -7.5000   30.0000  -45.0000 2193.7087   20.6480
    0.0000   30.0000  -45.0000 2212.4558   20.6702
    7.5000   30.0000  -45.0000 2191.9414   20.9015
   -7.5000   37.5000  -45.0000 2129.1711   22.0961
    0.0000   37.5000  -45.0000 2147.8059   22.0406
    7.5000   37.5000  -45.0000 2124.3354   22.2770
   -7.5000   45.0000  -45.0000 2035.8220   23.9102
    0.0000   45.0000  -45.0000 2053.9551   23.8626
    7.5000   45.0000  -45.0000 2035.2345   24.0340
   -7.5000  -45.0000  -37.5000 2292.9841   18.9037
    0.0000  -45.0000  -37.5000 2299.8757   18.9634
    7.5000  -45.0000  -37.5000 2286.1055   19.2163
   -7.5000  -37.5000  -37.5000 2310.0186   18.4177
    0.0000  -37.5000  -37.5000 2323.9614   18.4869
    7.5000  -37.5000  -37.5000 2296.3174   18.7010
   -7.5000  -30.0000  -37.5000 2338.2944   18.0136
    0.0000  -30.0000  -37.5000 2353.4065   18.0775
    7.5000  -30.0000  -37.5000 2329.3025   18.2776
   -7.5000  -22.5000  -37.5000 2361.1599   17.6779
    0.0000  -22.5000  -37.5000 2372.4263   17.6725
    7.5000  -22.5000  -37.5000 2352.3240   17.9232
   -7.5000  -15.0000  -37.5000 2377.9641   17.4401
    0.0000  -15.0000  -37.5000 2390.4780   17.4016
    7.5000  -15.0000  -37.5000 2365.2905   17.6095
   -7.5000   -7.5000  -37.5000 2387.0933   17.3250
    0.0000   -7.5000  -37.5000 2402.4167   17.2350
    7.5000   -7.5000  -37.5000 2376.7083   17.4839
   -7.5000    0.0000  -37.5000 2388.9702   17.3531
    0.0000    0.0000  -37.5000 2404.0842   17.2617
    7.5000    0.0000  -37.5000 2379.9541   17.5274
   -7.5000    7.5000  -37.5000 2383.0718   17.6269
    0.0000    7.5000  -37.5000 2398.8259   17.4926
    7.5000    7.5000  -37.5000 2375.6685   17.7458
   -7.5000   15.0000  -37.5000 2366.1438   17.8258
    0.0000   15.0000  -37.5000 2384.2339   17.7072
    7.5000   15.0000  -37.5000 2364.0513   17.9722
   -7.5000   22.5000  -37.5000 2340.1736   18.2976
    0.0000   22.5000  -37.5000 2360.7563   18.2249
    7.5000   22.5000  -37.5000 2338.6719   18.4500
   -7.5000   30.0000  -37.5000 2293.5215   19.1201
    0.0000   30.0000  -37.5000 2315.3777   19.0825
    7.5000   30.0000  -37.5000 2291.5305   19.3008
   -7.5000   37.5000  -37.5000 2221.8755   20.3809
    0.0000   37.5000  -37.5000 2245.9382   20.3863
    7.5000   37.5000  -37.5000 2222.0955   20.5855
   -7.5000   45.0000  -37.5000 2118.7107   22.0705
    0.0000   45.0000  -37.5000 2139.3489   22.0319
    7.5000   45.0000  -37.5000 2118.3220   22.2279
   -7.5000  -45.0000  -30.0000 2416.4663   18.2098
    0.0000  -45.0000  -30.0000 2428.1367   18.1888
    7.5000  -45.0000  -30.0000 2414.0054   18.4641
   -7.5000  -37.5000  -30.0000 2444.8752   17.7280
    0.0000  -37.5000  -30.0000 2463.6448   17.7055
    7.5000  -37.5000  -30.0000 2435.4028   17.9755
   -7.5000  -30.0000  -30.0000 2480.4092   17.3056
    0.0000  -30.0000  -30.0000 2493.7788   17.2959
    7.5000  -30.0000  -30.0000 2466.9912   17.5257
   -7.5000  -22.5000  -30.0000 2501.3772   16.9654
    0.0000  -22.5000  -30.0000 2510.3323   16.9101
    7.5000  -22.5000  -30.0000 2490.5603   17.1463
   -7.5000  -15.0000  -30.0000 2512.4204   16.6779
    0.0000  -15.0000  -30.0000 2524.8699   16.5487
    7.5000  -15.0000  -30.0000 2502.5969   16.7863
   -7.5000   -7.5000  -30.0000 2523.4304   16.5854
    0.0000   -7.5000  -30.0000 2536.3875   16.4177
    7.5000   -7.5000  -30.0000 2519.6492   16.6793
   -7.5000    0.0000  -30.0000 2529.6685   16.6336
    0.0000    0.0000  -30.0000 2541.3994   16.4814
    7.5000    0.0000  -30.0000 2526.2803   16.7369
   -7.5000    7.5000  -30.0000 2531.8284   16.9109
    0.0000    7.5000  -30.0000 2551.3276   16.7586
    7.5000    7.5000  -30.0000 2532.4131   16.9539
   -7.5000   15.0000  -30.0000 2510.4956   17.1895
    0.0000   15.0000  -30.0000 2531.9792   17.0750
    7.5000   15.0000  -30.0000 2514.8982   17.2893
   -7.5000   22.5000  -30.0000 2486.0686   17.6772
    0.0000   22.5000  -30.0000 2505.7297   17.5990
    7.5000   22.5000  -30.0000 2483.8562   17.8221
   -7.5000   30.0000  -30.0000 2430.9985   18.4654
    0.0000   30.0000  -30.0000 2455.6699   18.3860
    7.5000   30.0000  -30.0000 2429.6699   18.6098
   -7.5000   37.5000  -30.0000 2350.9546   19.6120
    0.0000   37.5000  -30.0000 2377.2461   19.5403
    7.5000   37.5000  -30.0000 2359.2095   19.7720
   -7.5000   45.0000  -30.0000 2243.9648   21.1734
    0.0000   45.0000  -30.0000 2272.2781   21.0736
    7.5000   45.0000  -30.0000 2252.2344   21.3189
   -7.5000  -45.0000  -22.5000 2512.2065   17.5012
    0.0000  -45.0000  -22.5000 2526.6064   17.4585
    7.5000  -45.0000  -22.5000 2508.3689   17.7283
   -7.5000  -37.5000  -22.5000 2548.9521   16.9854
    0.0000  -37.5000  -22.5000 2564.3564   16.9322
    7.5000  -37.5000  -22.5000 2539.8801   17.1843
   -7.5000  -30.0000  -22.5000 2579.0146   16.5736
    0.0000  -30.0000  -22.5000 2592.3774   16.5086
    7.5000  -30.0000  -22.5000 2568.0801   16.7480
   -7.5000  -22.5000  -22.5000 2599.0242   16.1608
    0.0000  -22.5000  -22.5000 2609.4546   16.0667
    7.5000  -22.5000  -22.5000 2585.7168   16.3587
   -7.5000  -15.0000  -22.5000 2616.8462   15.8433
    0.0000  -15.0000  -22.5000 2627.0020   15.7620
    7.5000  -15.0000  -22.5000 2604.8748   16.0092
   -7.5000   -7.5000  -22.5000 2631.7415   15.7042
    0.0000   -7.5000  -22.5000 2644.0015   15.5439
    7.5000   -7.5000  -22.5000 2633.7161   15.8184
   -7.5000    0.0000  -22.5000 2640.6304   15.7313
    0.0000    0.0000  -22.5000 2655.3137   15.5576
    7.5000    0.0000  -22.5000 2644.1060   15.8178
   -7.5000    7.5000  -22.5000 2643.9807   15.9816
    0.0000    7.5000  -22.5000 2668.9016   15.8415
    7.5000    7.5000  -22.5000 2650.8733   16.0312
   -7.5000   15.0000  -22.5000 2631.5513   16.3851
    0.0000   15.0000  -22.5000 2659.5276   16.2474
    7.5000   15.0000  -22.5000 2637.1890   16.4089
   -7.5000   22.5000  -22.5000 2606.2593   16.9306
    0.0000   22.5000  -22.5000 2630.6228   16.8179
    7.5000   22.5000  -22.5000 2608.0242   17.0111
   -7.5000   30.0000  -22.5000 2548.1350   17.6941
    0.0000   30.0000  -22.5000 2574.7166   17.5677
    7.5000   30.0000  -22.5000 2552.3772   17.8164
   -7.5000   37.5000  -22.5000 2464.4697   18.7480
    0.0000   37.5000  -22.5000 2488.3945   18.6175
    7.5000   37.5000  -22.5000 2474.2207   18.8748
   -7.5000   45.0000  -22.5000 2350.6440   20.2154
    0.0000   45.0000  -22.5000 2379.5623   20.0215
    7.5000   45.0000  -22.5000 2367.5239   20.2941
   -7.5000  -45.0000  -15.0000 2568.5747   16.9476
    0.0000  -45.0000  -15.0000 2583.5632   16.9129
    7.5000  -45.0000  -15.0000 2558.1382   17.1624
   -7.5000  -37.5000  -15.0000 2602.1277   16.3571
    0.0000  -37.5000  -15.0000 2617.6182   16.2887
    7.5000  -37.5000  -15.0000 2595.2930   16.5256
   -7.5000  -30.0000  -15.0000 2625.5217   15.8622
    0.0000  -30.0000  -15.0000 2642.8464   15.8033
    7.5000  -30.0000  -15.0000 2623.6240   16.0290
   -7.5000  -22.5000  -15.0000 2651.7910   15.4308
    0.0000  -22.5000  -15.0000 2663.6436   15.3481
    7.5000  -22.5000  -15.0000 2643.8748   15.5734
   -7.5000  -15.0000  -15.0000 2678.1489   15.1090
    0.0000  -15.0000  -15.0000 2686.6445   15.0174
    7.5000  -15.0000  -15.0000 2665.7844   15.2657
   -7.5000   -7.5000  -15.0000 2702.0288   14.9246
    0.0000   -7.5000  -15.0000 2720.7275   14.8055
    7.5000   -7.5000  -15.0000 2706.6853   15.0462
   -7.5000    0.0000  -15.0000 2722.7617   14.9075
    0.0000    0.0000  -15.0000 2745.4932   14.7393
    7.5000    0.0000  -15.0000 2729.0508   15.0187
   -7.5000    7.5000  -15.0000 2726.1423   15.1055
    0.0000    7.5000  -15.0000 2757.4434   14.9568
    7.5000    7.5000  -15.0000 2735.2639   15.1962
   -7.5000   15.0000  -15.0000 2720.4050   15.5217
    0.0000   15.0000  -15.0000 2753.7498   15.3897
    7.5000   15.0000  -15.0000 2730.3843   15.5694
   -7.5000   22.5000  -15.0000 2696.0073   16.1180
    0.0000   22.5000  -15.0000 2727.1912   16.0106
    7.5000   22.5000  -15.0000 2707.3147   16.2272
   -7.5000   30.0000  -15.0000 2634.1938   16.8481
    0.0000   30.0000  -15.0000 2666.1897   16.7568
    7.5000   30.0000  -15.0000 2648.7021   16.9960
   -7.5000   37.5000  -15.0000 2545.2874   17.8605
    0.0000   37.5000  -15.0000 2572.4897   17.7208
    7.5000   37.5000  -15.0000 2557.9487   17.9939
   -7.5000   45.0000  -15.0000 2428.8547   19.2827
    0.0000   45.0000  -15.0000 2451.5706   19.0713
    7.5000   45.0000  -15.0000 2441.7495   19.3276
   -7.5000  -45.0000   -7.5000 2595.5254   16.4808
    0.0000  -45.0000   -7.5000 2612.1731   16.4272
    7.5000  -45.0000   -7.5000 2589.0195   16.7053
   -7.5000  -37.5000   -7.5000 2620.2651   15.7933
    0.0000  -37.5000   -7.5000 2638.6230   15.7366
    7.5000  -37.5000   -7.5000 2618.0364   15.9911
   -7.5000  -30.0000   -7.5000 2646.4250   15.2469
    0.0000  -30.0000   -7.5000 2664.2551   15.1779
    7.5000  -30.0000   -7.5000 2644.5422   15.4386
   -7.5000  -22.5000   -7.5000 2680.0098   14.8073
    0.0000  -22.5000   -7.5000 2693.7502   14.7327
    7.5000  -22.5000   -7.5000 2673.9329   14.9468
   -7.5000  -15.0000   -7.5000 2712.1816   14.4606
    0.0000  -15.0000   -7.5000 2722.1797   14.4125
    7.5000  -15.0000   -7.5000 2709.8835   14.6031
   -7.5000   -7.5000   -7.5000 2752.6089   14.2893
    0.0000   -7.5000   -7.5000 2772.0391   14.2456
    7.5000   -7.5000   -7.5000 2762.4487   14.4265
   -7.5000    0.0000   -7.5000 2784.2974   14.2772
    0.0000    0.0000   -7.5000 2818.9124   14.1563
    7.5000    0.0000   -7.5000 2800.5222   14.3948
   -7.5000    7.5000   -7.5000 2797.3772   14.4227
    0.0000    7.5000   -7.5000 2839.3840   14.2939
    7.5000    7.5000   -7.5000 2817.2793   14.5471
   -7.5000   15.0000   -7.5000 2799.0354   14.8311
    0.0000   15.0000   -7.5000 2838.1990   14.7142
    7.5000   15.0000   -7.5000 2816.9011   14.9196
   -7.5000   22.5000   -7.5000 2768.2200   15.3592
    0.0000   22.5000   -7.5000 2803.8333   15.3097
    7.5000   22.5000   -7.5000 2790.3464   15.5296
   -7.5000   30.0000   -7.5000 2699.3394   16.0985
    0.0000   30.0000   -7.5000 2731.8447   16.0225
    7.5000   30.0000   -7.5000 2718.8215   16.2789
   -7.5000   37.5000   -7.5000 2605.8513   17.1142
    0.0000   37.5000   -7.5000 2635.1831   16.9673
    7.5000   37.5000   -7.5000 2620.7085   17.2575
   -7.5000   45.0000   -7.5000 2484.3557   18.4536
    0.0000   45.0000   -7.5000 2504.5518   18.2813
    7.5000   45.0000   -7.5000 2490.7793   18.5738
   -7.5000  -45.0000    0.0000 2604.4341   16.2901
    0.0000  -45.0000    0.0000 2620.9155   16.1814
    7.5000  -45.0000    0.0000 2605.9888   16.5073
   -7.5000  -37.5000    0.0000 2619.2532   15.5096
    0.0000  -37.5000    0.0000 2636.0566   15.4401
    7.5000  -37.5000    0.0000 2623.2429   15.7137
   -7.5000  -30.0000    0.0000 2646.5686   14.9046
    0.0000  -30.0000    0.0000 2663.0176   14.8361
    7.5000  -30.0000    0.0000 2649.1719   15.0810
   -7.5000  -22.5000    0.0000 2686.5476   14.3928
    0.0000  -22.5000    0.0000 2703.0815   14.3269
    7.5000  -22.5000    0.0000 2688.7703   14.5463
   -7.5000  -15.0000    0.0000 2719.7871   14.0392
    0.0000  -15.0000    0.0000 2739.7671   13.9844
    7.5000  -15.0000    0.0000 2729.1199   14.1967
   -7.5000   -7.5000    0.0000 2769.1121   13.9197
    0.0000   -7.5000    0.0000 2797.8347   13.9413
    7.5000   -7.5000    0.0000 2790.0381   14.0783
   -7.5000    0.0000    0.0000 2816.6628   13.9687
    0.0000    0.0000    0.0000 2862.0586   14.0032
    7.5000    0.0000    0.0000 2841.5315   14.1179
   -7.5000    7.5000    0.0000 2854.0127   14.0390
    0.0000    7.5000    0.0000 2902.0769   14.0478
    7.5000    7.5000    0.0000 2872.1799   14.2093
   -7.5000   15.0000    0.0000 2856.2195   14.3372
    0.0000   15.0000    0.0000 2908.5271   14.3263
    7.5000   15.0000    0.0000 2879.3816   14.4954
   -7.5000   22.5000    0.0000 2810.5601   14.9007
    0.0000   22.5000    0.0000 2861.1543   14.8499
    7.5000   22.5000    0.0000 2843.5684   15.0385
   -7.5000   30.0000    0.0000 2725.4670   15.6701
    0.0000   30.0000    0.0000 2766.2292   15.5911
    7.5000   30.0000    0.0000 2748.0979   15.8003
   -7.5000   37.5000    0.0000 2633.3652   16.6747
    0.0000   37.5000    0.0000 2663.4578   16.5725
    7.5000   37.5000    0.0000 2643.9004   16.7735
   -7.5000   45.0000    0.0000 2507.3599   18.0307
    0.0000   45.0000    0.0000 2529.1692   17.8681
    7.5000   45.0000    0.0000 2515.5508   18.0367
   -7.5000  -45.0000    7.5000 2592.8179   16.1853
    0.0000  -45.0000    7.5000 2615.7676   16.1326
    7.5000  -45.0000    7.5000 2602.2683   16.4891
   -7.5000  -37.5000    7.5000 2605.0969   15.3736
    0.0000  -37.5000    7.5000 2624.7671   15.3380
    7.5000  -37.5000    7.5000 2611.5991   15.6603
   -7.5000  -30.0000    7.5000 2629.8096   14.7400
    0.0000  -30.0000    7.5000 2647.5637   14.6863
    7.5000  -30.0000    7.5000 2639.7583   14.9992
   -7.5000  -22.5000    7.5000 2668.8738   14.2604
    0.0000  -22.5000    7.5000 2687.0781   14.1882
    7.5000  -22.5000    7.5000 2682.7529   14.4702
   -7.5000  -15.0000    7.5000 2709.4639   13.9558
    0.0000  -15.0000    7.5000 2731.1753   13.8774
    7.5000  -15.0000    7.5000 2727.2847   14.1212
   -7.5000   -7.5000    7.5000 2764.6282   13.8540
    0.0000   -7.5000    7.5000 2796.5403   13.8395
    7.5000   -7.5000    7.5000 2790.2280   14.0203
   -7.5000    0.0000    7.5000 2822.9724   13.9585
    0.0000    0.0000    7.5000 2867.9968   14.0879
    7.5000    0.0000    7.5000 2845.2849   14.1033
   -7.5000    7.5000    7.5000 2874.4436   14.0987
    0.0000    7.5000    7.5000 2934.7937   14.1684
    7.5000    7.5000    7.5000 2891.6367   14.1828
   -7.5000   15.0000    7.5000 2885.1438   14.3625
    0.0000   15.0000    7.5000 2947.4043   14.2902
    7.5000   15.0000    7.5000 2895.7944   14.3439
   -7.5000   22.5000    7.5000 2831.6545   14.8558
    0.0000   22.5000    7.5000 2892.4717   14.7721
    7.5000   22.5000    7.5000 2857.8835   14.8060
   -7.5000   30.0000    7.5000 2739.5374   15.5727
    0.0000   30.0000    7.5000 2782.4387   15.5186
    7.5000   30.0000    7.5000 2761.9573   15.6014
   -7.5000   37.5000    7.5000 2637.4927   16.5099
    0.0000   37.5000    7.5000 2655.4673   16.4811
    7.5000   37.5000    7.5000 2642.9133   16.5861
   -7.5000   45.0000    7.5000 2505.7927   17.9374
    0.0000   45.0000    7.5000 2519.0396   17.7856
    7.5000   45.0000    7.5000 2510.7993   17.9214
   -7.5000  -45.0000   15.0000 2558.1858   16.4365
    0.0000  -45.0000   15.0000 2581.3193   16.3415
    7.5000  -45.0000   15.0000 2566.3960   16.8261
   -7.5000  -37.5000   15.0000 2570.7886   15.5519
    0.0000  -37.5000   15.0000 2592.6597   15.4609
    7.5000  -37.5000   15.0000 2585.9678   15.8702
   -7.5000  -30.0000   15.0000 2596.9114   14.9433
    0.0000  -30.0000   15.0000 2619.6379   14.8051
    7.5000  -30.0000   15.0000 2618.1375   15.1735
   -7.5000  -22.5000   15.0000 2636.8298   14.4615
    0.0000  -22.5000   15.0000 2659.2200   14.3438
    7.5000  -22.5000   15.0000 2658.2690   14.6494
   -7.5000  -15.0000   15.0000 2681.4302   14.1642
    0.0000  -15.0000   15.0000 2705.5811   14.0871
    7.5000  -15.0000   15.0000 2704.9746   14.3064
   -7.5000   -7.5000   15.0000 2740.0901   14.0956
    0.0000   -7.5000   15.0000 2772.5396   14.0641
    7.5000   -7.5000   15.0000 2766.1404   14.2000
   -7.5000    0.0000   15.0000 2798.0630   14.2067
    0.0000    0.0000   15.0000 2836.4497   14.2875
    7.5000    0.0000   15.0000 2818.2856   14.2918
   -7.5000    7.5000   15.0000 2851.9199   14.3954
    0.0000    7.5000   15.0000 2897.7373   14.3317
    7.5000    7.5000   15.0000 2861.3010   14.3743
   -7.5000   15.0000   15.0000 2871.4885   14.7121
    0.0000   15.0000   15.0000 2921.5278   14.5577
    7.5000   15.0000   15.0000 2871.2927   14.6011
   -7.5000   22.5000   15.0000 2819.2773   15.1120
    0.0000   22.5000   15.0000 2872.1699   15.0467
    7.5000   22.5000   15.0000 2835.3108   15.0779
   -7.5000   30.0000   15.0000 2722.7166   15.7409
    0.0000   30.0000   15.0000 2766.8877   15.6837
    7.5000   30.0000   15.0000 2739.5898   15.7820
   -7.5000   37.5000   15.0000 2604.3364   16.7089
    0.0000   37.5000   15.0000 2626.3965   16.6416
    7.5000   37.5000   15.0000 2612.0627   16.7918
   -7.5000   45.0000   15.0000 2479.2791   18.1008
    0.0000   45.0000   15.0000 2493.4065   17.9526
    7.5000   45.0000   15.0000 2483.5481   18.1189
   -7.5000  -45.0000   22.5000 2500.4353   17.0811
    0.0000  -45.0000   22.5000 2524.7698   16.9926
    7.5000  -45.0000   22.5000 2515.6748   17.4309
   -7.5000  -37.5000   22.5000 2519.6658   16.1177
    0.0000  -37.5000   22.5000 2547.9170   16.0272
    7.5000  -37.5000   22.5000 2536.8687   16.4169
   -7.5000  -30.0000   22.5000 2555.3262   15.4987
    0.0000  -30.0000   22.5000 2584.0784   15.3983
    7.5000  -30.0000   22.5000 2573.6853   15.6832
   -7.5000  -22.5000   22.5000 2597.9065   14.9755
    0.0000  -22.5000   22.5000 2627.0200   14.8740
    7.5000  -22.5000   22.5000 2613.7656   15.1479
   -7.5000  -15.0000   22.5000 2640.7847   14.6703
    0.0000  -15.0000   22.5000 2666.6931   14.5743
    7.5000  -15.0000   22.5000 2663.3848   14.8005
   -7.5000   -7.5000   22.5000 2701.4636   14.5984
    0.0000   -7.5000   22.5000 2725.7429   14.4896
    7.5000   -7.5000   22.5000 2722.2539   14.6627
   -7.5000    0.0000   22.5000 2753.6785   14.6724
    0.0000    0.0000   22.5000 2780.3899   14.5519
    7.5000    0.0000   22.5000 2775.0635   14.6810
   -7.5000    7.5000   22.5000 2796.6912   14.8199
    0.0000    7.5000   22.5000 2835.5842   14.5589
    7.5000    7.5000   22.5000 2817.2925   14.7364
   -7.5000   15.0000   22.5000 2808.5825   15.1180
    0.0000   15.0000   22.5000 2848.7625   14.8539
    7.5000   15.0000   22.5000 2822.3428   15.0109
   -7.5000   22.5000   22.5000 2764.4417   15.5210
    0.0000   22.5000   22.5000 2806.6609   15.3236
    7.5000   22.5000   22.5000 2778.4602   15.4515
   -7.5000   30.0000   22.5000 2680.8335   16.2025
    0.0000   30.0000   22.5000 2720.3882   16.0682
    7.5000   30.0000   22.5000 2694.4595   16.2552
   -7.5000   37.5000   22.5000 2560.1741   17.2091
    0.0000   37.5000   22.5000 2588.8376   17.0775
    7.5000   37.5000   22.5000 2570.8745   17.2860
   -7.5000   45.0000   22.5000 2430.4585   18.5905
    0.0000   45.0000   22.5000 2450.5278   18.3873
    7.5000   45.0000   22.5000 2438.9919   18.5916
   -7.5000  -45.0000   30.0000 2439.6846   18.0478
    0.0000  -45.0000   30.0000 2462.0679   17.9708
    7.5000  -45.0000   30.0000 2446.5833   18.3412
   -7.5000  -37.5000   30.0000 2472.0571   17.0409
    0.0000  -37.5000   30.0000 2494.5417   16.9196
    7.5000  -37.5000   30.0000 2477.4951   17.3138
   -7.5000  -30.0000   30.0000 2505.6414   16.3098
    0.0000  -30.0000   30.0000 2526.1465   16.1316
    7.5000  -30.0000   30.0000 2513.5071   16.4918
   -7.5000  -22.5000   30.0000 2548.6606   15.7512
    0.0000  -22.5000   30.0000 2573.6042   15.5364
    7.5000  -22.5000   30.0000 2560.0305   15.8689
   -7.5000  -15.0000   30.0000 2589.3118   15.3581
    0.0000  -15.0000   30.0000 2614.7927   15.1710
    7.5000  -15.0000   30.0000 2608.6482   15.4899
   -7.5000   -7.5000   30.0000 2639.3645   15.1865
    0.0000   -7.5000   30.0000 2666.0269   15.0304
    7.5000   -7.5000   30.0000 2663.3887   15.2895
   -7.5000    0.0000   30.0000 2684.1340   15.2606
    0.0000    0.0000   30.0000 2715.7312   15.0182
    7.5000    0.0000   30.0000 2705.8953   15.2552
   -7.5000    7.5000   30.0000 2718.5081   15.4035
    0.0000    7.5000   30.0000 2751.2478   15.1002
    7.5000    7.5000   30.0000 2738.1428   15.3524
   -7.5000   15.0000   30.0000 2723.9404   15.6864
    0.0000   15.0000   30.0000 2754.3965   15.4115
    7.5000   15.0000   30.0000 2736.3782   15.6268
   -7.5000   22.5000   30.0000 2680.2593   16.1237
    0.0000   22.5000   30.0000 2705.8047   15.8904
    7.5000   22.5000   30.0000 2688.6289   16.0633
   -7.5000   30.0000   30.0000 2601.9019   16.8357
    0.0000   30.0000   30.0000 2635.5615   16.6437
    7.5000   30.0000   30.0000 2615.5247   16.8361
   -7.5000   37.5000   30.0000 2498.3762   17.9350
    0.0000   37.5000   30.0000 2528.1975   17.7458
    7.5000   37.5000   30.0000 2509.8809   17.9375
   -7.5000   45.0000   30.0000 2372.8564   19.3488
    0.0000   45.0000   30.0000 2400.6921   19.1160
    7.5000   45.0000   30.0000 2386.8491   19.3255
   -7.5000  -45.0000   37.5000 2374.1528   19.0984
    0.0000  -45.0000   37.5000 2399.7805   18.9828
    7.5000  -45.0000   37.5000 2383.3599   19.4250
   -7.5000  -37.5000   37.5000 2414.5518   18.0280
    0.0000  -37.5000   37.5000 2436.4202   17.8643
    7.5000  -37.5000   37.5000 2422.0190   18.3151
   -7.5000  -30.0000   37.5000 2448.1133   17.2170
    0.0000  -30.0000   37.5000 2468.4639   16.9920
    7.5000  -30.0000   37.5000 2459.1643   17.4503
   -7.5000  -22.5000   37.5000 2491.1772   16.6236
    0.0000  -22.5000   37.5000 2514.5916   16.3717
    7.5000  -22.5000   37.5000 2504.6140   16.7709
   -7.5000  -15.0000   37.5000 2533.7129   16.1936
    0.0000  -15.0000   37.5000 2556.5654   15.9675
    7.5000  -15.0000   37.5000 2547.2227   16.3149
   -7.5000   -7.5000   37.5000 2567.0710   16.0231
    0.0000   -7.5000   37.5000 2596.9885   15.8180
    7.5000   -7.5000   37.5000 2588.5962   16.1099
   -7.5000    0.0000   37.5000 2606.1338   16.0931
    0.0000    0.0000   37.5000 2637.5215   15.8053
    7.5000    0.0000   37.5000 2623.9785   16.0967
   -7.5000    7.5000   37.5000 2630.4893   16.2237
    0.0000    7.5000   37.5000 2658.7666   15.9132
    7.5000    7.5000   37.5000 2644.8823   16.1765
   -7.5000   15.0000   37.5000 2627.9517   16.5292
    0.0000   15.0000   37.5000 2651.9583   16.2223
    7.5000   15.0000   37.5000 2638.1990   16.4384
   -7.5000   22.5000   37.5000 2581.1340   17.0068
    0.0000   22.5000   37.5000 2604.0537   16.7556
    7.5000   22.5000   37.5000 2591.7512   16.9314
   -7.5000   30.0000   37.5000 2513.1436   17.7128
    0.0000   30.0000   37.5000 2538.8835   17.4543
    7.5000   30.0000   37.5000 2529.5356   17.6792
   -7.5000   37.5000   37.5000 2424.6633   18.8035
    0.0000   37.5000   37.5000 2454.2119   18.5275
    7.5000   37.5000   37.5000 2438.8489   18.7429
   -7.5000   45.0000   37.5000 2315.1389   20.2413
    0.0000   45.0000   37.5000 2344.4333   19.9841
    7.5000   45.0000   37.5000 2325.0007   20.1651
   -7.5000  -45.0000   45.0000 2310.1311   20.2335
    0.0000  -45.0000   45.0000 2331.0239   20.1436
    7.5000  -45.0000   45.0000 2316.5818   20.6412
   -7.5000  -37.5000   45.0000 2356.1924   19.1384
    0.0000  -37.5000   45.0000 2377.0222   18.9474
    7.5000  -37.5000   45.0000 2362.4880   19.4292
   -7.5000  -30.0000   45.0000 2388.4094   18.2768
    0.0000  -30.0000   45.0000 2412.6543   18.0236
    7.5000  -30.0000   45.0000 2401.4209   18.5063
   -7.5000  -22.5000   45.0000 2429.1748   17.6702
    0.0000  -22.5000   45.0000 2454.2454   17.4355
    7.5000  -22.5000   45.0000 2448.2925   17.8346
   -7.5000  -15.0000   45.0000 2464.8354   17.2438
    0.0000  -15.0000   45.0000 2492.3669   17.0177
    7.5000  -15.0000   45.0000 2484.6931   17.4123
   -7.5000   -7.5000   45.0000 2492.4536   17.0898
    0.0000   -7.5000   45.0000 2518.5525   16.8299
    7.5000   -7.5000   45.0000 2510.7151   17.1645
   -7.5000    0.0000   45.0000 2518.2297   17.1500
    0.0000    0.0000   45.0000 2542.1763   16.8740
    7.5000    0.0000   45.0000 2528.5239   17.1444
   -7.5000    7.5000   45.0000 2539.0889   17.3512
    0.0000    7.5000   45.0000 2558.5151   17.0772
    7.5000    7.5000   45.0000 2543.7256   17.2993
   -7.5000   15.0000   45.0000 2524.2607   17.6818
    0.0000   15.0000   45.0000 2547.1609   17.4009
    7.5000   15.0000   45.0000 2534.2212   17.5950
   -7.5000   22.5000   45.0000 2479.5713   18.2048
    0.0000   22.5000   45.0000 2503.6924   17.9666
    7.5000   22.5000   45.0000 2491.9021   18.1339
   -7.5000   30.0000   45.0000 2415.7036   18.9394
    0.0000   30.0000   45.0000 2439.0552   18.6974
    7.5000   30.0000   45.0000 2430.8345   18.8655
   -7.5000   37.5000   45.0000 2344.2119   19.9430
    0.0000   37.5000   45.0000 2370.7847   19.6583
    7.5000   37.5000   45.0000 2363.5439   19.8245
   -7.5000   45.0000   45.0000 2247.9692   21.3627
    0.0000   45.0000   45.0000 2272.7517   21.0665
    7.5000   45.0000   45.0000 2261.8347   21.2112

---------------------------------------------------------------------
imgreg_4dfp /opt/freesurfer/average/711-2C_as_mni_average_305 /opt/freesurfer/average/711-2B_as_mni_average_305_mask talsrcimg_g11 none talsrcimg_to_711-2C_as_mni_average_305_t4 1283
---------------------------------------------------------------------

freesurfer imgreg_4dfp.c
/opt/freesurfer/average/711-2C_as_mni_average_305.4dfp.img
       256       256       256         1
  1.000000  1.000000  1.000000
orientation T byte_order littleendian
Reading image: /opt/freesurfer/average/711-2C_as_mni_average_305.4dfp.img
dimensions:      256       256       256
mmppix:       1.0000   -1.0000   -1.0000
center:     128.0000 -129.0000 -129.0000
/opt/freesurfer/average/711-2B_as_mni_average_305_mask.4dfp.img
       256       256       256         1
  1.000000  1.000000  1.000000
orientation T byte_order littleendian
Reading mask: /opt/freesurfer/average/711-2B_as_mni_average_305_mask.4dfp.img (2306576 pixels)
talsrcimg_g11.4dfp.img
       256       256       256         1
  1.000000  1.000000  1.000000
orientation T byte_order littleendian
Reading image: talsrcimg_g11.4dfp.img
dimensions:      256       256       256
mmppix:       1.0000   -1.0000   -1.0000
center:     128.0000 -129.0000 -129.0000
rotation matrix determinant  1.000000
fimgreg.f
image alignment mode   1283 decimal      503 hex
parameters
    0.0000   15.0000    7.5000    0.0000    0.0000    0.0000
eta,q 0.92313 14.34919
niter,ni,del,rscale     5    3   12.0000    1.2000
parameter  2  0.677266 ->  0.500000 qaram    1.1500
parameter  4  1.083780 ->  0.500000 qaram    1.1500
parameters
    0.8128   11.5500    7.2849   -3.4500   -1.7456   -0.7247
eta,q 0.93185 14.06305
  0.0957  0.0726  0.0801  0.0686  0.0730  0.0707
  0.0863  0.0721  0.0775  0.0685  0.0696  0.0693
  0.0786  0.0729  0.0738  0.0700  0.0680  0.0685
  0.0752  0.0749  0.0716  0.0718  0.0688  0.0680
  0.0761  0.0777  0.0731  0.0740  0.0718  0.0682
  0.0801  0.0813  0.0774  0.0757  0.0773  0.0702
  0.0872  0.0878  0.0824  0.0800  0.0851  0.0733
niter,ni,del,rscale     6    3   12.0000    1.2000
parameters
    1.0860   13.9307    6.5192   -6.3489   -2.9945   -0.8101
eta,q 0.93709 13.93361
  0.0877  0.0865  0.0752  0.0685  0.0688  0.0670
  0.0775  0.0789  0.0703  0.0649  0.0649  0.0653
  0.0709  0.0715  0.0667  0.0635  0.0630  0.0641
  0.0681  0.0682  0.0669  0.0664  0.0634  0.0629
  0.0707  0.0669  0.0700  0.0705  0.0661  0.0626
  0.0764  0.0687  0.0747  0.0743  0.0701  0.0648
  0.0837  0.0715  0.0792  0.0780  0.0755  0.0682
niter,ni,del,rscale     5    3   12.0000    1.2000
parameters
    1.7245   15.7172    5.9663   -7.9878   -3.5880   -1.1869
eta,q 0.93945 13.98196
  0.0850  0.0809  0.0724  0.0672  0.0689  0.0655
  0.0746  0.0745  0.0679  0.0645  0.0645  0.0627
  0.0669  0.0680  0.0621  0.0613  0.0613  0.0611
  0.0629  0.0628  0.0611  0.0608  0.0607  0.0605
  0.0642  0.0615  0.0650  0.0651  0.0632  0.0611
  0.0694  0.0654  0.0710  0.0713  0.0674  0.0635
  0.0775  0.0696  0.0768  0.0769  0.0723  0.0673
niter,ni,del,rscale     4    3   12.0000    1.2000
parameters
    1.9330   16.6683    5.6221   -9.3245   -3.7853   -1.7450
eta,q 0.93974 14.02852
  0.0813  0.0778  0.0717  0.0661  0.0690  0.0650
  0.0711  0.0707  0.0681  0.0638  0.0647  0.0622
  0.0638  0.0643  0.0625  0.0608  0.0615  0.0607
  0.0605  0.0606  0.0604  0.0603  0.0603  0.0602
  0.0633  0.0618  0.0632  0.0630  0.0621  0.0611
  0.0700  0.0656  0.0691  0.0679  0.0656  0.0637
  0.0782  0.0708  0.0753  0.0741  0.0700  0.0672
niter,ni,del,rscale     3    3   12.0000    1.2000
parameters
    1.9740   17.2143    5.2385  -10.3046   -3.9065   -1.9877
eta,q 0.94019 14.04090
  0.0798  0.0749  0.0709  0.0661  0.0686  0.0653
  0.0700  0.0695  0.0674  0.0637  0.0640  0.0626
  0.0630  0.0643  0.0620  0.0605  0.0609  0.0606
  0.0603  0.0603  0.0600  0.0600  0.0598  0.0598
  0.0634  0.0615  0.0632  0.0625  0.0616  0.0606
  0.0702  0.0657  0.0687  0.0664  0.0647  0.0633
  0.0788  0.0722  0.0744  0.0710  0.0690  0.0664
niter,ni,del,rscale     2    3   12.0000    1.2000
parameters
    1.9910   17.4111    4.8086  -10.8654   -4.0270   -2.1000
eta,q 0.94044 14.03198
  0.0793  0.0734  0.0702  0.0668  0.0683  0.0656
  0.0695  0.0697  0.0670  0.0642  0.0634  0.0626
  0.0625  0.0642  0.0619  0.0610  0.0603  0.0605
  0.0598  0.0598  0.0597  0.0596  0.0596  0.0595
  0.0628  0.0613  0.0630  0.0619  0.0614  0.0605
  0.0697  0.0663  0.0685  0.0658  0.0642  0.0632
  0.0788  0.0743  0.0740  0.0695  0.0684  0.0660
niter,ni,del,rscale     1    3   12.0000    1.2000
parameters
    2.0250   17.4850    4.4804  -11.2037   -4.1303   -2.1400
eta,q 0.94044 14.02069
  0.0791  0.0735  0.0703  0.0674  0.0683  0.0659
  0.0695  0.0700  0.0671  0.0646  0.0632  0.0627
  0.0624  0.0640  0.0624  0.0614  0.0601  0.0605
  0.0596  0.0596  0.0595  0.0596  0.0596  0.0596
  0.0623  0.0614  0.0624  0.0616  0.0614  0.0605
  0.0692  0.0671  0.0679  0.0657  0.0641  0.0632
  0.0787  0.0754  0.0736  0.0691  0.0682  0.0658
registration optimization eta report
parameter search radius
    6.0000    6.9000    6.0000    6.9000    6.0000    6.0000
100000*second partial in parameter space
       53.       29.       32.       17.       24.       17.
  0.0791  0.0735  0.0703  0.0674  0.0683  0.0659
  0.0695  0.0700  0.0671  0.0646  0.0632  0.0627
  0.0624  0.0640  0.0624  0.0614  0.0601  0.0605
  0.0596  0.0596  0.0595  0.0596  0.0596  0.0596
  0.0623  0.0614  0.0624  0.0616  0.0614  0.0605
  0.0692  0.0671  0.0679  0.0657  0.0641  0.0632
  0.0787  0.0754  0.0736  0.0691  0.0682  0.0658
    2.0250   17.4850    4.4804  -11.2037   -4.1303   -2.1400
eta,q 0.94044 14.02069

---------------------------------------------------------------------
imgreg_4dfp /opt/freesurfer/average/711-2C_as_mni_average_305 /opt/freesurfer/average/711-2B_as_mni_average_305_mask talsrcimg_g11 none talsrcimg_to_711-2C_as_mni_average_305_t4 3335
---------------------------------------------------------------------

freesurfer imgreg_4dfp.c
/opt/freesurfer/average/711-2C_as_mni_average_305.4dfp.img
       256       256       256         1
  1.000000  1.000000  1.000000
orientation T byte_order littleendian
Reading image: /opt/freesurfer/average/711-2C_as_mni_average_305.4dfp.img
dimensions:      256       256       256
mmppix:       1.0000   -1.0000   -1.0000
center:     128.0000 -129.0000 -129.0000
/opt/freesurfer/average/711-2B_as_mni_average_305_mask.4dfp.img
       256       256       256         1
  1.000000  1.000000  1.000000
orientation T byte_order littleendian
Reading mask: /opt/freesurfer/average/711-2B_as_mni_average_305_mask.4dfp.img (2306576 pixels)
talsrcimg_g11.4dfp.img
       256       256       256         1
  1.000000  1.000000  1.000000
orientation T byte_order littleendian
Reading image: talsrcimg_g11.4dfp.img
dimensions:      256       256       256
mmppix:       1.0000   -1.0000   -1.0000
center:     128.0000 -129.0000 -129.0000
fimgreg.f
image alignment mode   3335 decimal      D07 hex
parameters
    2.0250   17.4850    4.4804   -0.3293   -1.9219   -2.1605
    2.2645    7.7858   -3.7244   19.1524   -7.2024  -19.3793
eta,q 0.93969 14.16369
niter,ni,del,rscale     5    3    5.0000    1.2000
parameter  4  1.142249 ->  0.500000 qaram    1.1500
parameter  5  7.579680 ->  0.500000 qaram    1.1500
parameter  6  1.381514 ->  0.500000 qaram    1.1500
parameter 10  0.635168 ->  0.500000 qaram    1.1500
parameters
    1.8567   17.2565    4.7785   -4.4693   -6.0619   -6.3005
    1.2508    7.0967   -1.6922   15.0124   -7.1289  -16.5392
eta,q 0.95589 13.86365
  0.0635  0.0615  0.0627  0.0561  0.0475  0.0445  0.0480  0.0502  0.0491  0.0451  0.0458  0.0470
  0.0617  0.0607  0.0615  0.0566  0.0504  0.0456  0.0468  0.0476  0.0476  0.0444  0.0450  0.0459
  0.0606  0.0604  0.0607  0.0579  0.0536  0.0478  0.0462  0.0462  0.0466  0.0446  0.0446  0.0450
  0.0603  0.0603  0.0603  0.0603  0.0569  0.0513  0.0461  0.0461  0.0460  0.0459  0.0444  0.0444
  0.0609  0.0605  0.0604  0.0635  0.0601  0.0557  0.0467  0.0470  0.0459  0.0478  0.0445  0.0441
  0.0624  0.0611  0.0609  0.0674  0.0637  0.0608  0.0478  0.0490  0.0461  0.0503  0.0450  0.0443
  0.0646  0.0622  0.0618  0.0714  0.0675  0.0660  0.0494  0.0521  0.0469  0.0532  0.0457  0.0448
niter,ni,del,rscale     7    3    5.0000    1.2000
parameter  4  0.554019 ->  0.500000 qaram    1.3225
parameter  5  2.241190 ->  0.500000 qaram    1.3225
parameter  6  0.650834 ->  0.500000 qaram    1.3225
parameters
    1.8882   17.1342    4.8208   -9.2303  -10.8229  -11.0615
    0.7064    7.1575   -1.8407   14.2773   -8.6110  -16.6629
eta,q 0.96384 13.16721
  0.0481  0.0468  0.0467  0.0435  0.0362  0.0365  0.0389  0.0414  0.0388  0.0403  0.0370  0.0377
  0.0460  0.0454  0.0453  0.0432  0.0376  0.0362  0.0374  0.0388  0.0374  0.0382  0.0364  0.0369
  0.0446  0.0445  0.0444  0.0435  0.0403  0.0368  0.0364  0.0369  0.0365  0.0367  0.0362  0.0364
  0.0441  0.0441  0.0441  0.0441  0.0433  0.0382  0.0362  0.0362  0.0362  0.0362  0.0362  0.0362
  0.0445  0.0445  0.0444  0.0455  0.0469  0.0411  0.0368  0.0368  0.0366  0.0372  0.0365  0.0363
  0.0458  0.0457  0.0452  0.0482  0.0506  0.0457  0.0380  0.0386  0.0376  0.0392  0.0371  0.0369
  0.0479  0.0476  0.0465  0.0521  0.0546  0.0514  0.0399  0.0413  0.0390  0.0422  0.0381  0.0379
niter,ni,del,rscale     7    3    5.0000    1.2000
parameter  5  0.719993 ->  0.500000 qaram    1.5209
parameters
    1.9884   17.2404    4.9223   -9.1304  -16.2980  -12.2452
    0.5295    7.2149   -1.7752   13.5526   -9.3698  -18.7997
eta,q 0.96618 12.80942
  0.0405  0.0401  0.0385  0.0399  0.0344  0.0378  0.0370  0.0392  0.0364  0.0377  0.0349  0.0346
  0.0382  0.0380  0.0372  0.0378  0.0341  0.0356  0.0354  0.0366  0.0351  0.0354  0.0343  0.0340
  0.0367  0.0366  0.0365  0.0365  0.0345  0.0343  0.0344  0.0347  0.0343  0.0342  0.0340  0.0338
  0.0362  0.0361  0.0362  0.0362  0.0362  0.0341  0.0340  0.0340  0.0340  0.0340  0.0340  0.0339
  0.0365  0.0366  0.0363  0.0365  0.0390  0.0350  0.0344  0.0346  0.0343  0.0349  0.0342  0.0344
  0.0377  0.0377  0.0370  0.0375  0.0425  0.0369  0.0356  0.0364  0.0350  0.0365  0.0347  0.0353
  0.0398  0.0394  0.0381  0.0398  0.0466  0.0406  0.0373  0.0391  0.0363  0.0390  0.0355  0.0364
niter,ni,del,rscale     7    3    5.0000    1.2000
parameters
    2.0437   17.7113    4.6846   -8.6983  -18.3987  -12.6866
    0.3068    7.2214   -1.6301   14.4426   -9.5628  -20.2087
eta,q 0.96653 12.70639
  0.0379  0.0386  0.0353  0.0374  0.0372  0.0379  0.0363  0.0385  0.0360  0.0389  0.0347  0.0344
  0.0357  0.0363  0.0343  0.0353  0.0349  0.0354  0.0348  0.0359  0.0347  0.0360  0.0341  0.0338
  0.0343  0.0347  0.0338  0.0340  0.0338  0.0339  0.0338  0.0342  0.0338  0.0342  0.0336  0.0335
  0.0338  0.0338  0.0337  0.0336  0.0337  0.0336  0.0335  0.0335  0.0335  0.0335  0.0335  0.0335
  0.0342  0.0337  0.0340  0.0339  0.0351  0.0345  0.0339  0.0341  0.0338  0.0339  0.0337  0.0339
  0.0355  0.0345  0.0348  0.0347  0.0379  0.0360  0.0350  0.0359  0.0345  0.0350  0.0341  0.0346
  0.0376  0.0359  0.0361  0.0369  0.0414  0.0387  0.0367  0.0385  0.0358  0.0368  0.0348  0.0356
niter,ni,del,rscale     6    3    5.0000    1.2000
parameters
    2.0592   18.0084    4.4482   -8.7165  -18.9713  -12.8835
    0.1582    7.2560   -1.4444   15.2189   -9.9035  -20.7483
eta,q 0.96659 12.67975
  0.0373  0.0376  0.0350  0.0367  0.0382  0.0379  0.0363  0.0383  0.0358  0.0385  0.0345  0.0346
  0.0352  0.0355  0.0340  0.0348  0.0356  0.0354  0.0347  0.0358  0.0345  0.0357  0.0339  0.0339
  0.0339  0.0341  0.0335  0.0336  0.0340  0.0338  0.0337  0.0341  0.0337  0.0340  0.0335  0.0335
  0.0335  0.0335  0.0334  0.0334  0.0334  0.0334  0.0334  0.0334  0.0334  0.0334  0.0334  0.0334
  0.0339  0.0336  0.0338  0.0337  0.0341  0.0343  0.0338  0.0340  0.0336  0.0338  0.0336  0.0336
  0.0352  0.0344  0.0345  0.0346  0.0365  0.0356  0.0349  0.0357  0.0344  0.0349  0.0340  0.0342
  0.0372  0.0359  0.0357  0.0368  0.0393  0.0382  0.0365  0.0383  0.0356  0.0367  0.0347  0.0351
niter,ni,del,rscale     5    3    5.0000    1.2000
parameters
    2.0634   18.1909    4.2738   -8.8311  -19.3943  -13.1199
    0.0639    7.2866   -1.2457   15.7225  -10.2090  -21.0081
eta,q 0.96660 12.64146
  0.0372  0.0371  0.0350  0.0366  0.0382  0.0378  0.0362  0.0382  0.0357  0.0379  0.0345  0.0347
  0.0351  0.0352  0.0341  0.0347  0.0356  0.0353  0.0347  0.0358  0.0345  0.0354  0.0339  0.0339
  0.0339  0.0339  0.0335  0.0336  0.0340  0.0337  0.0337  0.0340  0.0337  0.0339  0.0335  0.0335
  0.0334  0.0334  0.0334  0.0334  0.0334  0.0334  0.0334  0.0334  0.0334  0.0334  0.0334  0.0334
  0.0338  0.0336  0.0337  0.0337  0.0340  0.0343  0.0337  0.0339  0.0336  0.0338  0.0336  0.0336
  0.0351  0.0345  0.0344  0.0346  0.0362  0.0356  0.0348  0.0356  0.0343  0.0350  0.0340  0.0341
  0.0372  0.0361  0.0356  0.0368  0.0390  0.0381  0.0364  0.0382  0.0355  0.0367  0.0347  0.0349
niter,ni,del,rscale     4    3    5.0000    1.2000
parameters
    2.0580   18.3456    4.1189   -8.9660  -19.7615  -13.4080
    0.0086    7.2976   -1.0595   16.1376  -10.4743  -21.1713
eta,q 0.96663 12.59661
  0.0371  0.0369  0.0350  0.0365  0.0381  0.0377  0.0362  0.0382  0.0357  0.0376  0.0344  0.0347
  0.0351  0.0350  0.0341  0.0346  0.0355  0.0352  0.0347  0.0357  0.0344  0.0352  0.0338  0.0339
  0.0338  0.0339  0.0335  0.0335  0.0339  0.0336  0.0337  0.0340  0.0336  0.0338  0.0335  0.0335
  0.0334  0.0334  0.0334  0.0334  0.0334  0.0334  0.0334  0.0334  0.0334  0.0334  0.0334  0.0334
  0.0338  0.0336  0.0337  0.0337  0.0339  0.0343  0.0337  0.0339  0.0335  0.0338  0.0335  0.0336
  0.0351  0.0345  0.0344  0.0346  0.0360  0.0356  0.0347  0.0356  0.0342  0.0350  0.0339  0.0340
  0.0372  0.0360  0.0355  0.0367  0.0388  0.0380  0.0363  0.0382  0.0354  0.0366  0.0346  0.0348
niter,ni,del,rscale     3    3    5.0000    1.2000
parameters
    2.0473   18.4919    3.9569   -9.1134  -20.1279  -13.7438
   -0.0341    7.2927   -0.8982   16.5423  -10.6750  -21.2708
eta,q 0.96666 12.54490
  0.0371  0.0367  0.0350  0.0365  0.0379  0.0376  0.0362  0.0381  0.0356  0.0374  0.0344  0.0346
  0.0351  0.0349  0.0340  0.0346  0.0354  0.0352  0.0346  0.0357  0.0343  0.0352  0.0338  0.0339
  0.0338  0.0338  0.0335  0.0335  0.0339  0.0336  0.0337  0.0340  0.0336  0.0338  0.0335  0.0335
  0.0334  0.0334  0.0334  0.0333  0.0333  0.0334  0.0333  0.0333  0.0333  0.0333  0.0333  0.0333
  0.0338  0.0336  0.0337  0.0338  0.0338  0.0343  0.0337  0.0339  0.0335  0.0338  0.0335  0.0335
  0.0351  0.0345  0.0344  0.0346  0.0358  0.0357  0.0347  0.0356  0.0342  0.0349  0.0339  0.0340
  0.0372  0.0360  0.0355  0.0367  0.0387  0.0380  0.0362  0.0382  0.0354  0.0365  0.0345  0.0347
niter,ni,del,rscale     2    3    5.0000    1.2000
parameters
    2.0291   18.6568    3.7689   -9.2946  -20.5467  -14.1671
   -0.0595    7.2749   -0.7723   17.0219  -10.8107  -21.3075
eta,q 0.96672 12.47963
  0.0370  0.0367  0.0349  0.0364  0.0376  0.0376  0.0361  0.0381  0.0354  0.0373  0.0344  0.0345
  0.0350  0.0349  0.0339  0.0345  0.0353  0.0351  0.0346  0.0356  0.0342  0.0351  0.0338  0.0338
  0.0338  0.0338  0.0334  0.0335  0.0338  0.0335  0.0336  0.0339  0.0335  0.0337  0.0334  0.0334
  0.0333  0.0333  0.0333  0.0333  0.0333  0.0333  0.0333  0.0333  0.0333  0.0333  0.0333  0.0333
  0.0338  0.0336  0.0336  0.0338  0.0337  0.0343  0.0336  0.0339  0.0335  0.0337  0.0334  0.0334
  0.0351  0.0344  0.0344  0.0346  0.0357  0.0358  0.0346  0.0356  0.0341  0.0348  0.0338  0.0339
  0.0371  0.0358  0.0355  0.0366  0.0385  0.0380  0.0361  0.0382  0.0353  0.0363  0.0345  0.0346
niter,ni,del,rscale     1    3    5.0000    1.2000
parameters
    2.0063   18.8659    3.5274   -9.5493  -21.1275  -14.7473
   -0.0895    7.2618   -0.7327   17.6894  -10.7381  -21.2022
eta,q 0.96684 12.38429
  0.0369  0.0366  0.0348  0.0363  0.0372  0.0374  0.0359  0.0380  0.0352  0.0373  0.0343  0.0344
  0.0349  0.0348  0.0338  0.0344  0.0350  0.0350  0.0344  0.0355  0.0341  0.0351  0.0337  0.0337
  0.0337  0.0337  0.0333  0.0334  0.0336  0.0334  0.0335  0.0338  0.0334  0.0337  0.0333  0.0333
  0.0333  0.0333  0.0333  0.0333  0.0332  0.0332  0.0332  0.0332  0.0332  0.0332  0.0332  0.0332
  0.0337  0.0335  0.0336  0.0338  0.0337  0.0343  0.0335  0.0337  0.0334  0.0335  0.0333  0.0333
  0.0350  0.0342  0.0344  0.0346  0.0355  0.0359  0.0345  0.0355  0.0340  0.0345  0.0337  0.0337
  0.0371  0.0355  0.0354  0.0366  0.0384  0.0382  0.0360  0.0381  0.0352  0.0360  0.0343  0.0343
registration optimization eta report
parameter search radius
    2.4000    2.4000    2.4000    9.5220   10.9503    9.5220
    7.2000    7.2000    7.2000    8.2800    7.2000    7.2000
100000*second partial in parameter space
       65.       48.       32.        4.        4.        5.
        5.        9.        4.        5.        2.        2.
  0.0369  0.0366  0.0348  0.0363  0.0372  0.0374  0.0359  0.0380  0.0352  0.0373  0.0343  0.0344
  0.0349  0.0348  0.0338  0.0344  0.0350  0.0350  0.0344  0.0355  0.0341  0.0351  0.0337  0.0337
  0.0337  0.0337  0.0333  0.0334  0.0336  0.0334  0.0335  0.0338  0.0334  0.0337  0.0333  0.0333
  0.0333  0.0333  0.0333  0.0333  0.0332  0.0332  0.0332  0.0332  0.0332  0.0332  0.0332  0.0332
  0.0337  0.0335  0.0336  0.0338  0.0337  0.0343  0.0335  0.0337  0.0334  0.0335  0.0333  0.0333
  0.0350  0.0342  0.0344  0.0346  0.0355  0.0359  0.0345  0.0355  0.0340  0.0345  0.0337  0.0337
  0.0371  0.0355  0.0354  0.0366  0.0384  0.0382  0.0360  0.0381  0.0352  0.0360  0.0343  0.0343
    2.0063   18.8659    3.5274   -9.5493  -21.1275  -14.7473
   -0.0895    7.2618   -0.7327   17.6894  -10.7381  -21.2022
eta,q 0.96684 12.38429

---------------------------------------------------------------------
imgreg_4dfp /opt/freesurfer/average/711-2C_as_mni_average_305 /opt/freesurfer/average/711-2B_as_mni_average_305_mask talsrcimg_g11 none talsrcimg_to_711-2C_as_mni_average_305_t4 2311
---------------------------------------------------------------------

freesurfer imgreg_4dfp.c
/opt/freesurfer/average/711-2C_as_mni_average_305.4dfp.img
       256       256       256         1
  1.000000  1.000000  1.000000
orientation T byte_order littleendian
Reading image: /opt/freesurfer/average/711-2C_as_mni_average_305.4dfp.img
dimensions:      256       256       256
mmppix:       1.0000   -1.0000   -1.0000
center:     128.0000 -129.0000 -129.0000
/opt/freesurfer/average/711-2B_as_mni_average_305_mask.4dfp.img
       256       256       256         1
  1.000000  1.000000  1.000000
orientation T byte_order littleendian
Reading mask: /opt/freesurfer/average/711-2B_as_mni_average_305_mask.4dfp.img (2306576 pixels)
talsrcimg_g11.4dfp.img
       256       256       256         1
  1.000000  1.000000  1.000000
orientation T byte_order littleendian
Reading image: talsrcimg_g11.4dfp.img
dimensions:      256       256       256
mmppix:       1.0000   -1.0000   -1.0000
center:     128.0000 -129.0000 -129.0000
fimgreg.f
image alignment mode   2311 decimal      907 hex
parameters
    2.0063   18.8659    3.5274   -9.5493  -21.1275  -14.7473
   -0.0895    7.2618   -0.7327   17.6894  -10.7381  -21.2022
eta,q 0.96684 12.38429
niter,ni,del,rscale     5    3    5.0000    0.8000
parameters
    1.9828   19.1597    3.1396  -10.5007  -22.2929  -16.0393
   -0.2549    7.3219   -1.2193   18.6632   -9.9370  -20.5136
eta,q 0.96730 12.12839
  0.0348  0.0348  0.0336  0.0336  0.0334  0.0337  0.0340  0.0352  0.0336  0.0347  0.0334  0.0334
  0.0339  0.0340  0.0332  0.0332  0.0330  0.0331  0.0333  0.0339  0.0331  0.0337  0.0331  0.0330
  0.0333  0.0334  0.0331  0.0330  0.0329  0.0328  0.0329  0.0331  0.0328  0.0331  0.0328  0.0328
  0.0332  0.0332  0.0331  0.0331  0.0330  0.0329  0.0328  0.0328  0.0328  0.0328  0.0327  0.0327
  0.0334  0.0332  0.0334  0.0333  0.0332  0.0335  0.0330  0.0330  0.0330  0.0328  0.0327  0.0327
  0.0340  0.0334  0.0338  0.0337  0.0335  0.0343  0.0334  0.0338  0.0334  0.0330  0.0328  0.0328
  0.0349  0.0339  0.0343  0.0340  0.0340  0.0352  0.0342  0.0351  0.0339  0.0336  0.0331  0.0331
niter,ni,del,rscale     4    3    5.0000    0.7000
parameter  3  0.563345 ->  0.500000 qaram    1.1500
parameter  5  0.676329 ->  0.500000 qaram    1.1500
parameters
    2.0041   19.8140    2.3346  -11.2309  -24.7079  -17.2605
   -0.4857    7.2920   -1.9440   20.3760   -9.0244  -20.2011
eta,q 0.96849 11.81433
  0.0340  0.0345  0.0324  0.0328  0.0321  0.0325  0.0327  0.0336  0.0325  0.0341  0.0323  0.0320
  0.0333  0.0337  0.0323  0.0324  0.0319  0.0320  0.0321  0.0326  0.0320  0.0331  0.0319  0.0317
  0.0328  0.0331  0.0323  0.0323  0.0320  0.0318  0.0319  0.0320  0.0318  0.0323  0.0317  0.0316
  0.0327  0.0327  0.0325  0.0323  0.0322  0.0319  0.0318  0.0318  0.0318  0.0318  0.0315  0.0315
  0.0328  0.0325  0.0328  0.0325  0.0327  0.0323  0.0319  0.0320  0.0320  0.0315  0.0315  0.0315
  0.0332  0.0325  0.0332  0.0328  0.0331  0.0331  0.0323  0.0326  0.0325  0.0316  0.0316  0.0317
  0.0339  0.0328  0.0338  0.0332  0.0336  0.0341  0.0329  0.0336  0.0331  0.0320  0.0318  0.0318
niter,ni,del,rscale     5    3    5.0000    0.8000
parameters
    2.0111   20.5751    1.7131  -11.3770  -25.9387  -18.0310
   -0.4409    7.1747   -2.0721   21.3161   -8.9289  -20.4661
eta,q 0.96915 11.67608
  0.0332  0.0344  0.0315  0.0322  0.0319  0.0321  0.0322  0.0331  0.0323  0.0334  0.0316  0.0313
  0.0322  0.0331  0.0312  0.0315  0.0313  0.0314  0.0315  0.0319  0.0315  0.0322  0.0312  0.0310
  0.0317  0.0321  0.0311  0.0311  0.0310  0.0310  0.0311  0.0311  0.0311  0.0314  0.0309  0.0309
  0.0315  0.0315  0.0312  0.0311  0.0311  0.0310  0.0309  0.0309  0.0309  0.0309  0.0309  0.0309
  0.0317  0.0312  0.0315  0.0313  0.0315  0.0313  0.0311  0.0312  0.0311  0.0309  0.0309  0.0309
  0.0322  0.0312  0.0321  0.0317  0.0323  0.0321  0.0315  0.0320  0.0316  0.0313  0.0312  0.0311
  0.0331  0.0316  0.0330  0.0322  0.0332  0.0333  0.0322  0.0333  0.0324  0.0320  0.0315  0.0314
niter,ni,del,rscale     4    3    5.0000    0.7000
parameters
    1.9625   20.9252    1.4138  -11.4161  -26.3755  -18.3518
   -0.4294    7.0946   -2.0262   21.7787   -8.9357  -20.6030
eta,q 0.96927 11.63159
  0.0320  0.0325  0.0313  0.0317  0.0318  0.0318  0.0317  0.0324  0.0319  0.0324  0.0313  0.0311
  0.0313  0.0317  0.0309  0.0312  0.0312  0.0312  0.0312  0.0315  0.0312  0.0316  0.0310  0.0309
  0.0310  0.0312  0.0308  0.0309  0.0308  0.0309  0.0309  0.0309  0.0309  0.0310  0.0308  0.0308
  0.0309  0.0308  0.0308  0.0308  0.0308  0.0308  0.0308  0.0308  0.0307  0.0308  0.0307  0.0307
  0.0310  0.0308  0.0310  0.0309  0.0310  0.0309  0.0309  0.0310  0.0309  0.0308  0.0308  0.0308
  0.0315  0.0310  0.0313  0.0312  0.0315  0.0315  0.0312  0.0316  0.0312  0.0312  0.0310  0.0309
  0.0321  0.0314  0.0319  0.0317  0.0322  0.0323  0.0317  0.0326  0.0318  0.0318  0.0313  0.0311
niter,ni,del,rscale     3    3    5.0000    0.6000
parameters
    1.9301   21.0778    1.2874  -11.4321  -26.5778  -18.4679
   -0.4513    7.0574   -2.0010   21.9729   -8.9188  -20.7105
eta,q 0.96929 11.61381
  0.0316  0.0317  0.0312  0.0314  0.0316  0.0316  0.0314  0.0320  0.0315  0.0318  0.0311  0.0310
  0.0311  0.0312  0.0309  0.0310  0.0311  0.0311  0.0310  0.0313  0.0311  0.0312  0.0309  0.0308
  0.0308  0.0309  0.0307  0.0308  0.0308  0.0308  0.0308  0.0308  0.0308  0.0309  0.0307  0.0307
  0.0307  0.0307  0.0307  0.0307  0.0307  0.0307  0.0307  0.0307  0.0307  0.0307  0.0307  0.0307
  0.0308  0.0307  0.0308  0.0308  0.0309  0.0308  0.0308  0.0309  0.0308  0.0308  0.0308  0.0308
  0.0311  0.0310  0.0310  0.0311  0.0312  0.0312  0.0310  0.0313  0.0311  0.0311  0.0309  0.0309
  0.0316  0.0313  0.0314  0.0314  0.0318  0.0317  0.0314  0.0320  0.0315  0.0316  0.0311  0.0310
niter,ni,del,rscale     2    3    5.0000    0.5000
parameters
    1.9169   21.1474    1.2365  -11.4490  -26.6676  -18.4995
   -0.4642    7.0338   -1.9921   22.0737   -8.9323  -20.7813
eta,q 0.96930 11.60766
  0.0313  0.0313  0.0311  0.0312  0.0314  0.0313  0.0312  0.0316  0.0313  0.0315  0.0310  0.0309
  0.0310  0.0310  0.0309  0.0309  0.0310  0.0310  0.0309  0.0311  0.0309  0.0311  0.0308  0.0308
  0.0308  0.0308  0.0307  0.0308  0.0308  0.0308  0.0308  0.0308  0.0308  0.0308  0.0307  0.0307
  0.0307  0.0307  0.0307  0.0307  0.0307  0.0307  0.0307  0.0307  0.0307  0.0307  0.0307  0.0307
  0.0308  0.0307  0.0308  0.0308  0.0308  0.0308  0.0308  0.0308  0.0308  0.0308  0.0307  0.0307
  0.0310  0.0309  0.0309  0.0309  0.0310  0.0310  0.0309  0.0311  0.0309  0.0310  0.0308  0.0308
  0.0313  0.0312  0.0311  0.0312  0.0314  0.0314  0.0312  0.0316  0.0313  0.0314  0.0310  0.0309
niter,ni,del,rscale     1    3    5.0000    0.4000
parameters
    1.9077   21.1804    1.2174  -11.4617  -26.7013  -18.4970
   -0.4781    7.0172   -1.9847   22.1180   -8.9214  -20.8329
eta,q 0.96930 11.60625
  0.0311  0.0311  0.0309  0.0310  0.0311  0.0311  0.0310  0.0313  0.0311  0.0312  0.0309  0.0308
  0.0309  0.0309  0.0308  0.0308  0.0309  0.0309  0.0308  0.0309  0.0309  0.0309  0.0308  0.0308
  0.0307  0.0308  0.0307  0.0307  0.0307  0.0308  0.0307  0.0308  0.0307  0.0308  0.0307  0.0307
  0.0307  0.0307  0.0307  0.0307  0.0307  0.0307  0.0307  0.0307  0.0307  0.0307  0.0307  0.0307
  0.0307  0.0307  0.0307  0.0307  0.0308  0.0307  0.0307  0.0308  0.0307  0.0307  0.0307  0.0307
  0.0309  0.0308  0.0308  0.0309  0.0309  0.0309  0.0308  0.0310  0.0309  0.0309  0.0308  0.0308
  0.0311  0.0310  0.0310  0.0310  0.0312  0.0311  0.0310  0.0313  0.0311  0.0311  0.0309  0.0308
registration optimization eta report
parameter search radius
    0.8000    0.8000    0.9200    2.4000    2.7600    2.4000
    2.4000    2.4000    2.4000    2.4000    2.4000    2.4000
100000*second partial in parameter space
       60.       56.       30.        6.        6.        7.
        6.       10.        6.        8.        3.        2.
  0.0311  0.0311  0.0309  0.0310  0.0311  0.0311  0.0310  0.0313  0.0311  0.0312  0.0309  0.0308
  0.0309  0.0309  0.0308  0.0308  0.0309  0.0309  0.0308  0.0309  0.0309  0.0309  0.0308  0.0308
  0.0307  0.0308  0.0307  0.0307  0.0307  0.0308  0.0307  0.0308  0.0307  0.0308  0.0307  0.0307
  0.0307  0.0307  0.0307  0.0307  0.0307  0.0307  0.0307  0.0307  0.0307  0.0307  0.0307  0.0307
  0.0307  0.0307  0.0307  0.0307  0.0308  0.0307  0.0307  0.0308  0.0307  0.0307  0.0307  0.0307
  0.0309  0.0308  0.0308  0.0309  0.0309  0.0309  0.0308  0.0310  0.0309  0.0309  0.0308  0.0308
  0.0311  0.0310  0.0310  0.0310  0.0312  0.0311  0.0310  0.0313  0.0311  0.0311  0.0309  0.0308
    1.9077   21.1804    1.2174  -11.4617  -26.7013  -18.4970
   -0.4781    7.0172   -1.9847   22.1180   -8.9214  -20.8329
eta,q 0.96930 11.60625

---------------------------------------------------------------------
imgreg_4dfp /opt/freesurfer/average/711-2C_as_mni_average_305 /opt/freesurfer/average/711-2B_as_mni_average_305_mask talsrcimg_g11 none talsrcimg_to_711-2C_as_mni_average_305_t4 2311
---------------------------------------------------------------------

freesurfer imgreg_4dfp.c
/opt/freesurfer/average/711-2C_as_mni_average_305.4dfp.img
       256       256       256         1
  1.000000  1.000000  1.000000
orientation T byte_order littleendian
Reading image: /opt/freesurfer/average/711-2C_as_mni_average_305.4dfp.img
dimensions:      256       256       256
mmppix:       1.0000   -1.0000   -1.0000
center:     128.0000 -129.0000 -129.0000
/opt/freesurfer/average/711-2B_as_mni_average_305_mask.4dfp.img
       256       256       256         1
  1.000000  1.000000  1.000000
orientation T byte_order littleendian
Reading mask: /opt/freesurfer/average/711-2B_as_mni_average_305_mask.4dfp.img (2306576 pixels)
talsrcimg_g11.4dfp.img
       256       256       256         1
  1.000000  1.000000  1.000000
orientation T byte_order littleendian
Reading image: talsrcimg_g11.4dfp.img
dimensions:      256       256       256
mmppix:       1.0000   -1.0000   -1.0000
center:     128.0000 -129.0000 -129.0000
fimgreg.f
image alignment mode   2311 decimal      907 hex
parameters
    1.9077   21.1804    1.2174  -11.4617  -26.7013  -18.4970
   -0.4781    7.0172   -1.9847   22.1180   -8.9214  -20.8329
eta,q 0.96930 11.60624
niter,ni,del,rscale     5    3    5.0000    0.8000
parameters
    1.9126   21.1942    1.2194  -11.3784  -26.7276  -18.6646
   -0.4418    7.0378   -1.9709   22.1818   -8.9135  -20.7148
eta,q 0.96930 11.60030
  0.0322  0.0321  0.0315  0.0320  0.0319  0.0322  0.0320  0.0330  0.0321  0.0325  0.0314  0.0313
  0.0314  0.0314  0.0310  0.0313  0.0313  0.0314  0.0313  0.0317  0.0313  0.0315  0.0310  0.0309
  0.0309  0.0309  0.0308  0.0309  0.0309  0.0309  0.0308  0.0310  0.0309  0.0309  0.0308  0.0308
  0.0307  0.0307  0.0307  0.0307  0.0307  0.0307  0.0307  0.0307  0.0307  0.0307  0.0307  0.0307
  0.0309  0.0309  0.0308  0.0309  0.0309  0.0309  0.0308  0.0310  0.0309  0.0309  0.0308  0.0308
  0.0314  0.0313  0.0310  0.0313  0.0313  0.0315  0.0313  0.0317  0.0313  0.0315  0.0310  0.0309
  0.0322  0.0321  0.0315  0.0319  0.0320  0.0325  0.0319  0.0329  0.0321  0.0324  0.0314  0.0312
niter,ni,del,rscale     4    3    5.0000    0.7000
parameters
    1.9108   21.2067    1.1678  -11.3951  -26.7477  -18.6786
   -0.4612    7.0300   -1.9742   22.1694   -8.9186  -20.7159
eta,q 0.96930 11.59613
  0.0319  0.0318  0.0312  0.0317  0.0317  0.0319  0.0317  0.0324  0.0318  0.0320  0.0312  0.0311
  0.0312  0.0312  0.0309  0.0311  0.0312  0.0313  0.0311  0.0315  0.0312  0.0313  0.0309  0.0309
  0.0308  0.0308  0.0308  0.0308  0.0308  0.0309  0.0308  0.0309  0.0308  0.0309  0.0308  0.0307
  0.0307  0.0307  0.0307  0.0307  0.0307  0.0307  0.0307  0.0307  0.0307  0.0307  0.0307  0.0307
  0.0308  0.0308  0.0308  0.0308  0.0308  0.0308  0.0308  0.0309  0.0308  0.0309  0.0308  0.0308
  0.0312  0.0312  0.0310  0.0312  0.0312  0.0312  0.0311  0.0315  0.0312  0.0313  0.0309  0.0309
  0.0319  0.0318  0.0313  0.0317  0.0317  0.0320  0.0317  0.0324  0.0318  0.0321  0.0312  0.0311
niter,ni,del,rscale     3    3    5.0000    0.6000
parameters
    1.9096   21.2128    1.1593  -11.4279  -26.7486  -18.6401
   -0.4747    7.0271   -1.9708   22.1730   -8.9297  -20.7580
eta,q 0.96930 11.59673
  0.0316  0.0315  0.0311  0.0314  0.0314  0.0316  0.0314  0.0320  0.0315  0.0317  0.0311  0.0310
  0.0311  0.0311  0.0309  0.0310  0.0311  0.0312  0.0310  0.0313  0.0311  0.0312  0.0309  0.0308
  0.0308  0.0308  0.0307  0.0308  0.0308  0.0308  0.0308  0.0308  0.0308  0.0308  0.0307  0.0307
  0.0307  0.0307  0.0307  0.0307  0.0307  0.0307  0.0307  0.0307  0.0307  0.0307  0.0307  0.0307
  0.0308  0.0308  0.0308  0.0308  0.0308  0.0308  0.0308  0.0308  0.0308  0.0308  0.0308  0.0307
  0.0311  0.0311  0.0309  0.0311  0.0310  0.0311  0.0310  0.0313  0.0311  0.0312  0.0309  0.0308
  0.0316  0.0315  0.0311  0.0314  0.0315  0.0316  0.0314  0.0320  0.0315  0.0317  0.0311  0.0310
niter,ni,del,rscale     2    3    5.0000    0.5000
parameters
    1.9067   21.2108    1.1709  -11.4375  -26.7461  -18.5824
   -0.4818    7.0221   -1.9747   22.1623   -8.9235  -20.7936
eta,q 0.96930 11.59993
  0.0313  0.0313  0.0310  0.0312  0.0312  0.0314  0.0312  0.0316  0.0313  0.0314  0.0310  0.0309
  0.0310  0.0310  0.0308  0.0309  0.0310  0.0310  0.0309  0.0311  0.0309  0.0310  0.0308  0.0308
  0.0308  0.0308  0.0307  0.0308  0.0308  0.0308  0.0308  0.0308  0.0308  0.0308  0.0307  0.0307
  0.0307  0.0307  0.0307  0.0307  0.0307  0.0307  0.0307  0.0307  0.0307  0.0307  0.0307  0.0307
  0.0308  0.0308  0.0307  0.0308  0.0308  0.0308  0.0308  0.0308  0.0308  0.0308  0.0307  0.0307
  0.0310  0.0310  0.0308  0.0309  0.0309  0.0310  0.0309  0.0311  0.0309  0.0310  0.0308  0.0308
  0.0313  0.0313  0.0310  0.0312  0.0312  0.0313  0.0312  0.0316  0.0313  0.0314  0.0310  0.0309
niter,ni,del,rscale     1    3    5.0000    0.4000
parameters
    1.9044   21.2061    1.1869  -11.4587  -26.7342  -18.5380
   -0.4851    7.0156   -1.9858   22.1568   -8.9013  -20.8359
eta,q 0.96930 11.60242
  0.0311  0.0311  0.0309  0.0310  0.0311  0.0311  0.0310  0.0313  0.0311  0.0312  0.0309  0.0308
  0.0309  0.0309  0.0308  0.0309  0.0309  0.0309  0.0308  0.0310  0.0309  0.0309  0.0308  0.0308
  0.0307  0.0307  0.0307  0.0307  0.0307  0.0308  0.0307  0.0308  0.0307  0.0308  0.0307  0.0307
  0.0307  0.0307  0.0307  0.0307  0.0307  0.0307  0.0307  0.0307  0.0307  0.0307  0.0307  0.0307
  0.0307  0.0307  0.0307  0.0307  0.0307  0.0307  0.0307  0.0308  0.0307  0.0308  0.0307  0.0307
  0.0309  0.0309  0.0308  0.0309  0.0309  0.0309  0.0308  0.0310  0.0309  0.0309  0.0308  0.0308
  0.0311  0.0311  0.0309  0.0310  0.0310  0.0311  0.0310  0.0313  0.0311  0.0312  0.0309  0.0308
registration optimization eta report
parameter search radius
    0.8000    0.8000    0.8000    2.4000    2.4000    2.4000
    2.4000    2.4000    2.4000    2.4000    2.4000    2.4000
100000*second partial in parameter space
       59.       56.       30.        6.        6.        7.
        6.       10.        6.        8.        3.        2.
  0.0311  0.0311  0.0309  0.0310  0.0311  0.0311  0.0310  0.0313  0.0311  0.0312  0.0309  0.0308
  0.0309  0.0309  0.0308  0.0309  0.0309  0.0309  0.0308  0.0310  0.0309  0.0309  0.0308  0.0308
  0.0307  0.0307  0.0307  0.0307  0.0307  0.0308  0.0307  0.0308  0.0307  0.0308  0.0307  0.0307
  0.0307  0.0307  0.0307  0.0307  0.0307  0.0307  0.0307  0.0307  0.0307  0.0307  0.0307  0.0307
  0.0307  0.0307  0.0307  0.0307  0.0307  0.0307  0.0307  0.0308  0.0307  0.0308  0.0307  0.0307
  0.0309  0.0309  0.0308  0.0309  0.0309  0.0309  0.0308  0.0310  0.0309  0.0309  0.0308  0.0308
  0.0311  0.0311  0.0309  0.0310  0.0310  0.0311  0.0310  0.0313  0.0311  0.0312  0.0309  0.0308
    1.9044   21.2061    1.1869  -11.4587  -26.7342  -18.5380
   -0.4851    7.0156   -1.9858   22.1568   -8.9013  -20.8359
eta,q 0.96930 11.60242

---------------------------------------------------------------------
compute_vox2vox talsrcimg talsrcimg_to_711-2C_as_mni_average_305_t4 /opt/freesurfer/average/711-2C_as_mni_average_305
---------------------------------------------------------------------

freesurfer compute_vox2vox.c
Reading: talsrcimg.4dfp.ifh
Reading: talsrcimg_to_711-2C_as_mni_average_305_t4
Reading: /opt/freesurfer/average/711-2C_as_mni_average_305.4dfp.ifh
Writing: talsrcimg_to_711-2C_as_mni_average_305_t4_vox2vox.txt

start time Tue Mar 10 02:06:26 CET 2026
end		time Tue Mar 10 02:07:53 CET 2026

mpr2mni305 success

avi2talxfm orig_nu.mgz /opt/freesurfer/average/mni305.cor.mgz talsrcimg_to_711-2C_as_mni_average_305_t4_vox2vox.txt transforms/talairach.auto.xfm
avi2talxfm done
mv -f /out/sourcedata/freesurfer/sub-v1s4x0050686_ses-1/mri/talsrcimg_to_711-2C_as_mni_average_305_t4_vox2vox.txt /out/sourcedata/freesurfer/sub-v1s4x0050686_ses-1/mri/transforms/talsrcimg_to_711-2C_as_mni_average_305_t4_vox2vox.txt
lta_convert --src orig_nu.mgz --trg /opt/freesurfer/average/mni305.cor.mgz --inxfm transforms/talairach.auto.xfm --outlta transforms/talairach.auto.xfm.lta --subject fsaverage
7.3.2

--src: orig_nu.mgz src image (geometry).
--trg: /opt/freesurfer/average/mni305.cor.mgz trg image (geometry).
--inmni: transforms/talairach.auto.xfm input MNI/XFM transform.
--outlta: transforms/talairach.auto.xfm.lta output LTA.
--s: fsaverage subject name
 LTA read, type : 1
 1.11981  -0.09139  -0.01857   1.36574;
 0.12078   1.12957   0.32204  -22.55134;
-0.00618  -0.34408   1.26700   34.31378;
 0.00000   0.00000   0.00000   1.00000;
setting subject to fsaverage
Writing  LTA to file transforms/talairach.auto.xfm.lta...
lta_convert successful.
 
 
Started at Tue Mar 10 02:06:26 CET 2026
Ended   at Tue Mar 10 02:07:53 CET 2026
talairach_avi done
