status file for recon-all
Tue Mar 10 05:05:59 CET 2026
#@# Tessellate rh Tue Mar 10 05:05:59 CET 2026
#@# Smooth1 rh Tue Mar 10 05:06:02 CET 2026
#@# Inflation1 rh Tue Mar 10 05:06:05 CET 2026
#@# QSphere rh Tue Mar 10 05:06:19 CET 2026
#@# Fix Topology rh Tue Mar 10 05:07:44 CET 2026
#@# Smooth2 rh Tue Mar 10 05:14:30 CET 2026
#@# Inflation2 rh Tue Mar 10 05:14:33 CET 2026
#@# Curv .H and .K rh Tue Mar 10 05:14:50 CET 2026
#@# Sphere rh Tue Mar 10 05:15:37 CET 2026
#@# Surf Reg rh Tue Mar 10 05:21:25 CET 2026
#@# Jacobian white rh Tue Mar 10 05:26:28 CET 2026
#@# AvgCurv rh Tue Mar 10 05:26:29 CET 2026
#@# Cortical Parc rh Tue Mar 10 05:26:30 CET 2026
#@# white curv rh Tue Mar 10 05:32:40 CET 2026
#@# white area rh Tue Mar 10 05:32:42 CET 2026
#@# pial curv rh Tue Mar 10 05:32:43 CET 2026
#@# pial area rh Tue Mar 10 05:32:45 CET 2026
#@# thickness rh Tue Mar 10 05:32:46 CET 2026
#@# area and vertex vol rh Tue Mar 10 05:33:15 CET 2026
#@# Curvature Stats rh Tue Mar 10 05:33:17 CET 2026
#@# Cortical Parc 2 rh Tue Mar 10 05:33:19 CET 2026
#@# Cortical Parc 3 rh Tue Mar 10 05:33:32 CET 2026
#@# WM/GM Contrast rh Tue Mar 10 05:33:42 CET 2026
recon-all -s sub-v1s4x0050701_ses-1 finished without error at Tue Mar 10 05:33:45 CET 2026



#New# invocation of recon-all 



status file for recon-all
Tue Mar 10 05:41:57 CET 2026
#@# white curv rh Tue Mar 10 05:41:57 CET 2026
#@# white area rh Tue Mar 10 05:41:57 CET 2026
#@# pial curv rh Tue Mar 10 05:41:57 CET 2026
#@# pial area rh Tue Mar 10 05:41:57 CET 2026
#@# thickness rh Tue Mar 10 05:41:57 CET 2026
#@# area and vertex vol rh Tue Mar 10 05:41:57 CET 2026
#@# Parcellation Stats rh Tue Mar 10 05:41:57 CET 2026
#@# Parcellation Stats 2 rh Tue Mar 10 05:42:16 CET 2026
#@# Parcellation Stats 3 rh Tue Mar 10 05:42:26 CET 2026
#@# BA_exvivo Labels rh Tue Mar 10 05:42:35 CET 2026
recon-all -s sub-v1s4x0050701_ses-1 finished without error at Tue Mar 10 05:45:22 CET 2026
