status file for recon-all
Tue Mar 10 04:39:19 CET 2026
#@# Tessellate lh Tue Mar 10 04:39:19 CET 2026
#@# Smooth1 lh Tue Mar 10 04:39:22 CET 2026
#@# Inflation1 lh Tue Mar 10 04:39:25 CET 2026
#@# QSphere lh Tue Mar 10 04:39:40 CET 2026
#@# Fix Topology lh Tue Mar 10 04:40:50 CET 2026
#@# Smooth2 lh Tue Mar 10 04:48:10 CET 2026
#@# Inflation2 lh Tue Mar 10 04:48:13 CET 2026
#@# Curv .H and .K lh Tue Mar 10 04:48:29 CET 2026
#@# Sphere lh Tue Mar 10 04:49:14 CET 2026
#@# Surf Reg lh Tue Mar 10 04:54:05 CET 2026
#@# Jacobian white lh Tue Mar 10 04:58:37 CET 2026
#@# AvgCurv lh Tue Mar 10 04:58:38 CET 2026
#@# Cortical Parc lh Tue Mar 10 04:58:39 CET 2026
#@# white curv lh Tue Mar 10 05:04:52 CET 2026
#@# white area lh Tue Mar 10 05:04:54 CET 2026
#@# pial curv lh Tue Mar 10 05:04:55 CET 2026
#@# pial area lh Tue Mar 10 05:04:57 CET 2026
#@# thickness lh Tue Mar 10 05:04:58 CET 2026
#@# area and vertex vol lh Tue Mar 10 05:05:27 CET 2026
#@# Curvature Stats lh Tue Mar 10 05:05:28 CET 2026
#@# Cortical Parc 2 lh Tue Mar 10 05:05:31 CET 2026
#@# Cortical Parc 3 lh Tue Mar 10 05:05:44 CET 2026
#@# WM/GM Contrast lh Tue Mar 10 05:05:54 CET 2026
recon-all -s sub-v1s4x0050701_ses-1 finished without error at Tue Mar 10 05:05:57 CET 2026



#New# invocation of recon-all 



status file for recon-all
Tue Mar 10 05:38:29 CET 2026
#@# white curv lh Tue Mar 10 05:38:29 CET 2026
#@# white area lh Tue Mar 10 05:38:29 CET 2026
#@# pial curv lh Tue Mar 10 05:38:29 CET 2026
#@# pial area lh Tue Mar 10 05:38:29 CET 2026
#@# thickness lh Tue Mar 10 05:38:29 CET 2026
#@# area and vertex vol lh Tue Mar 10 05:38:29 CET 2026
#@# Parcellation Stats lh Tue Mar 10 05:38:29 CET 2026
#@# Parcellation Stats 2 lh Tue Mar 10 05:38:48 CET 2026
#@# Parcellation Stats 3 lh Tue Mar 10 05:38:57 CET 2026
#@# BA_exvivo Labels lh Tue Mar 10 05:39:06 CET 2026
recon-all -s sub-v1s4x0050701_ses-1 finished without error at Tue Mar 10 05:41:55 CET 2026
