status file for recon-all
Tue Mar 10 02:55:48 CET 2026
#@# MotionCor Tue Mar 10 02:55:50 CET 2026
#@# Talairach Tue Mar 10 02:56:00 CET 2026
#@# Talairach Failure Detection Tue Mar 10 03:00:25 CET 2026
#@# Nu Intensity Correction Tue Mar 10 03:00:25 CET 2026
#@# Intensity Normalization Tue Mar 10 03:03:40 CET 2026
recon-all -s sub-v1s4x0050707_ses-1 finished without error at Tue Mar 10 03:05:08 CET 2026



#New# invocation of recon-all 



status file for recon-all
Tue Mar 10 03:12:22 CET 2026
#@# EM Registration Tue Mar 10 03:12:22 CET 2026
recon-all -s sub-v1s4x0050707_ses-1 finished without error at Tue Mar 10 03:14:04 CET 2026



#New# invocation of recon-all 



status file for recon-all
Tue Mar 10 03:14:07 CET 2026
#@# CA Normalize Tue Mar 10 03:14:07 CET 2026
#@# CA Reg Tue Mar 10 03:15:28 CET 2026
#@# SubCort Seg Tue Mar 10 04:13:59 CET 2026
#@# CC Seg Tue Mar 10 04:41:26 CET 2026
#@# Merge ASeg Tue Mar 10 04:42:00 CET 2026
#@# Intensity Normalization2 Tue Mar 10 04:42:00 CET 2026
#@# Mask BFS Tue Mar 10 04:44:10 CET 2026
#@# WM Segmentation Tue Mar 10 04:44:11 CET 2026
#@# Fill Tue Mar 10 04:46:03 CET 2026
recon-all -s sub-v1s4x0050707_ses-1 finished without error at Tue Mar 10 04:47:05 CET 2026



#New# invocation of recon-all 



status file for recon-all
Tue Mar 10 05:33:34 CET 2026
#@# white curv lh Tue Mar 10 05:33:34 CET 2026
#@# white area lh Tue Mar 10 05:33:34 CET 2026
#@# pial curv lh Tue Mar 10 05:33:34 CET 2026
#@# pial area lh Tue Mar 10 05:33:34 CET 2026
#@# thickness lh Tue Mar 10 05:33:34 CET 2026
#@# area and vertex vol lh Tue Mar 10 05:33:34 CET 2026
#@# white curv rh Tue Mar 10 05:33:34 CET 2026
#@# white area rh Tue Mar 10 05:33:34 CET 2026
#@# pial curv rh Tue Mar 10 05:33:34 CET 2026
#@# pial area rh Tue Mar 10 05:33:34 CET 2026
#@# thickness rh Tue Mar 10 05:33:34 CET 2026
#@# area and vertex vol rh Tue Mar 10 05:33:34 CET 2026
#@# Cortical ribbon mask Tue Mar 10 05:33:34 CET 2026
recon-all -s sub-v1s4x0050707_ses-1 finished without error at Tue Mar 10 05:37:51 CET 2026



#New# invocation of recon-all 



status file for recon-all
Tue Mar 10 05:44:04 CET 2026
#@# white curv lh Tue Mar 10 05:44:04 CET 2026
#@# white area lh Tue Mar 10 05:44:04 CET 2026
#@# pial curv lh Tue Mar 10 05:44:04 CET 2026
#@# pial area lh Tue Mar 10 05:44:04 CET 2026
#@# thickness lh Tue Mar 10 05:44:04 CET 2026
#@# area and vertex vol lh Tue Mar 10 05:44:04 CET 2026
#@# white curv rh Tue Mar 10 05:44:04 CET 2026
#@# white area rh Tue Mar 10 05:44:04 CET 2026
#@# pial curv rh Tue Mar 10 05:44:04 CET 2026
#@# pial area rh Tue Mar 10 05:44:04 CET 2026
#@# thickness rh Tue Mar 10 05:44:04 CET 2026
#@# area and vertex vol rh Tue Mar 10 05:44:04 CET 2026
#@# Curvature Stats lh Tue Mar 10 05:44:04 CET 2026
#@# Curvature Stats rh Tue Mar 10 05:44:07 CET 2026
#@# Relabel Hypointensities Tue Mar 10 05:44:09 CET 2026
#@# APas-to-ASeg Tue Mar 10 05:44:23 CET 2026
#@# AParc-to-ASeg aparc Tue Mar 10 05:44:31 CET 2026
#@# AParc-to-ASeg aparc.a2009s Tue Mar 10 05:44:58 CET 2026
#@# AParc-to-ASeg aparc.DKTatlas Tue Mar 10 05:45:24 CET 2026
#@# WMParc Tue Mar 10 05:45:51 CET 2026
#@# ASeg Stats Tue Mar 10 05:49:45 CET 2026
recon-all -s sub-v1s4x0050707_ses-1 finished without error at Tue Mar 10 05:50:26 CET 2026
