status file for recon-all
Tue Mar 10 05:10:09 CET 2026
#@# Tessellate rh Tue Mar 10 05:10:09 CET 2026
#@# Smooth1 rh Tue Mar 10 05:10:13 CET 2026
#@# Inflation1 rh Tue Mar 10 05:10:15 CET 2026
#@# QSphere rh Tue Mar 10 05:10:27 CET 2026
#@# Fix Topology rh Tue Mar 10 05:11:35 CET 2026
#@# Smooth2 rh Tue Mar 10 05:16:35 CET 2026
#@# Inflation2 rh Tue Mar 10 05:16:38 CET 2026
#@# Curv .H and .K rh Tue Mar 10 05:16:52 CET 2026
#@# Sphere rh Tue Mar 10 05:17:33 CET 2026
#@# Surf Reg rh Tue Mar 10 05:22:07 CET 2026
#@# Jacobian white rh Tue Mar 10 05:26:21 CET 2026
#@# AvgCurv rh Tue Mar 10 05:26:22 CET 2026
#@# Cortical Parc rh Tue Mar 10 05:26:23 CET 2026
#@# white curv rh Tue Mar 10 05:32:32 CET 2026
#@# white area rh Tue Mar 10 05:32:34 CET 2026
#@# pial curv rh Tue Mar 10 05:32:34 CET 2026
#@# pial area rh Tue Mar 10 05:32:36 CET 2026
#@# thickness rh Tue Mar 10 05:32:37 CET 2026
#@# area and vertex vol rh Tue Mar 10 05:33:03 CET 2026
#@# Curvature Stats rh Tue Mar 10 05:33:04 CET 2026
#@# Cortical Parc 2 rh Tue Mar 10 05:33:06 CET 2026
#@# Cortical Parc 3 rh Tue Mar 10 05:33:18 CET 2026
#@# WM/GM Contrast rh Tue Mar 10 05:33:28 CET 2026
recon-all -s sub-v1s4x0050707_ses-1 finished without error at Tue Mar 10 05:33:31 CET 2026



#New# invocation of recon-all 



status file for recon-all
Tue Mar 10 05:41:00 CET 2026
#@# white curv rh Tue Mar 10 05:41:00 CET 2026
#@# white area rh Tue Mar 10 05:41:00 CET 2026
#@# pial curv rh Tue Mar 10 05:41:00 CET 2026
#@# pial area rh Tue Mar 10 05:41:00 CET 2026
#@# thickness rh Tue Mar 10 05:41:00 CET 2026
#@# area and vertex vol rh Tue Mar 10 05:41:00 CET 2026
#@# Parcellation Stats rh Tue Mar 10 05:41:00 CET 2026
#@# Parcellation Stats 2 rh Tue Mar 10 05:41:17 CET 2026
#@# Parcellation Stats 3 rh Tue Mar 10 05:41:25 CET 2026
#@# BA_exvivo Labels rh Tue Mar 10 05:41:33 CET 2026
recon-all -s sub-v1s4x0050707_ses-1 finished without error at Tue Mar 10 05:44:01 CET 2026
