status file for recon-all
Tue Mar 10 02:39:49 CET 2026
#@# MotionCor Tue Mar 10 02:39:51 CET 2026
#@# Talairach Tue Mar 10 02:40:02 CET 2026
#@# Talairach Failure Detection Tue Mar 10 02:44:29 CET 2026
#@# Nu Intensity Correction Tue Mar 10 02:44:29 CET 2026
#@# Intensity Normalization Tue Mar 10 02:47:49 CET 2026
recon-all -s sub-v1s4x0050700_ses-1 finished without error at Tue Mar 10 02:49:21 CET 2026



#New# invocation of recon-all 



status file for recon-all
Tue Mar 10 02:56:40 CET 2026
#@# EM Registration Tue Mar 10 02:56:40 CET 2026
recon-all -s sub-v1s4x0050700_ses-1 finished without error at Tue Mar 10 02:59:11 CET 2026



#New# invocation of recon-all 



status file for recon-all
Tue Mar 10 02:59:14 CET 2026
#@# CA Normalize Tue Mar 10 02:59:14 CET 2026
#@# CA Reg Tue Mar 10 03:00:34 CET 2026
#@# SubCort Seg Tue Mar 10 03:52:31 CET 2026
#@# CC Seg Tue Mar 10 04:23:04 CET 2026
#@# Merge ASeg Tue Mar 10 04:23:41 CET 2026
#@# Intensity Normalization2 Tue Mar 10 04:23:41 CET 2026
#@# Mask BFS Tue Mar 10 04:26:06 CET 2026
#@# WM Segmentation Tue Mar 10 04:26:06 CET 2026
#@# Fill Tue Mar 10 04:27:56 CET 2026
recon-all -s sub-v1s4x0050700_ses-1 finished without error at Tue Mar 10 04:29:00 CET 2026



#New# invocation of recon-all 



status file for recon-all
Tue Mar 10 05:21:31 CET 2026
#@# white curv lh Tue Mar 10 05:21:31 CET 2026
#@# white area lh Tue Mar 10 05:21:31 CET 2026
#@# pial curv lh Tue Mar 10 05:21:31 CET 2026
#@# pial area lh Tue Mar 10 05:21:31 CET 2026
#@# thickness lh Tue Mar 10 05:21:31 CET 2026
#@# area and vertex vol lh Tue Mar 10 05:21:31 CET 2026
#@# white curv rh Tue Mar 10 05:21:31 CET 2026
#@# white area rh Tue Mar 10 05:21:31 CET 2026
#@# pial curv rh Tue Mar 10 05:21:31 CET 2026
#@# pial area rh Tue Mar 10 05:21:31 CET 2026
#@# thickness rh Tue Mar 10 05:21:31 CET 2026
#@# area and vertex vol rh Tue Mar 10 05:21:31 CET 2026
#@# Cortical ribbon mask Tue Mar 10 05:21:31 CET 2026
recon-all -s sub-v1s4x0050700_ses-1 finished without error at Tue Mar 10 05:25:28 CET 2026



#New# invocation of recon-all 



status file for recon-all
Tue Mar 10 05:32:21 CET 2026
#@# white curv lh Tue Mar 10 05:32:21 CET 2026
#@# white area lh Tue Mar 10 05:32:21 CET 2026
#@# pial curv lh Tue Mar 10 05:32:21 CET 2026
#@# pial area lh Tue Mar 10 05:32:21 CET 2026
#@# thickness lh Tue Mar 10 05:32:21 CET 2026
#@# area and vertex vol lh Tue Mar 10 05:32:21 CET 2026
#@# white curv rh Tue Mar 10 05:32:21 CET 2026
#@# white area rh Tue Mar 10 05:32:21 CET 2026
#@# pial curv rh Tue Mar 10 05:32:21 CET 2026
#@# pial area rh Tue Mar 10 05:32:21 CET 2026
#@# thickness rh Tue Mar 10 05:32:21 CET 2026
#@# area and vertex vol rh Tue Mar 10 05:32:21 CET 2026
#@# Curvature Stats lh Tue Mar 10 05:32:21 CET 2026
#@# Curvature Stats rh Tue Mar 10 05:32:23 CET 2026
#@# Relabel Hypointensities Tue Mar 10 05:32:26 CET 2026
#@# APas-to-ASeg Tue Mar 10 05:32:41 CET 2026
#@# AParc-to-ASeg aparc Tue Mar 10 05:32:50 CET 2026
#@# AParc-to-ASeg aparc.a2009s Tue Mar 10 05:33:26 CET 2026
#@# AParc-to-ASeg aparc.DKTatlas Tue Mar 10 05:34:05 CET 2026
#@# WMParc Tue Mar 10 05:34:42 CET 2026
#@# ASeg Stats Tue Mar 10 05:38:49 CET 2026
recon-all -s sub-v1s4x0050700_ses-1 finished without error at Tue Mar 10 05:39:34 CET 2026
