status file for recon-all
Tue Mar 10 04:29:04 CET 2026
#@# Tessellate lh Tue Mar 10 04:29:04 CET 2026
#@# Smooth1 lh Tue Mar 10 04:29:08 CET 2026
#@# Inflation1 lh Tue Mar 10 04:29:11 CET 2026
#@# QSphere lh Tue Mar 10 04:29:25 CET 2026
#@# Fix Topology lh Tue Mar 10 04:30:28 CET 2026
#@# Smooth2 lh Tue Mar 10 04:36:34 CET 2026
#@# Inflation2 lh Tue Mar 10 04:36:37 CET 2026
#@# Curv .H and .K lh Tue Mar 10 04:36:51 CET 2026
#@# Sphere lh Tue Mar 10 04:37:38 CET 2026
#@# Surf Reg lh Tue Mar 10 04:42:13 CET 2026
#@# Jacobian white lh Tue Mar 10 04:46:35 CET 2026
#@# AvgCurv lh Tue Mar 10 04:46:36 CET 2026
#@# Cortical Parc lh Tue Mar 10 04:46:37 CET 2026
#@# white curv lh Tue Mar 10 04:53:34 CET 2026
#@# white area lh Tue Mar 10 04:53:36 CET 2026
#@# pial curv lh Tue Mar 10 04:53:37 CET 2026
#@# pial area lh Tue Mar 10 04:53:39 CET 2026
#@# thickness lh Tue Mar 10 04:53:39 CET 2026
#@# area and vertex vol lh Tue Mar 10 04:54:09 CET 2026
#@# Curvature Stats lh Tue Mar 10 04:54:10 CET 2026
#@# Cortical Parc 2 lh Tue Mar 10 04:54:13 CET 2026
#@# Cortical Parc 3 lh Tue Mar 10 04:54:27 CET 2026
#@# WM/GM Contrast lh Tue Mar 10 04:54:37 CET 2026
recon-all -s sub-v1s4x0050700_ses-1 finished without error at Tue Mar 10 04:54:40 CET 2026



#New# invocation of recon-all 



status file for recon-all
Tue Mar 10 05:25:34 CET 2026
#@# white curv lh Tue Mar 10 05:25:34 CET 2026
#@# white area lh Tue Mar 10 05:25:34 CET 2026
#@# pial curv lh Tue Mar 10 05:25:34 CET 2026
#@# pial area lh Tue Mar 10 05:25:34 CET 2026
#@# thickness lh Tue Mar 10 05:25:34 CET 2026
#@# area and vertex vol lh Tue Mar 10 05:25:34 CET 2026
#@# Parcellation Stats lh Tue Mar 10 05:25:34 CET 2026
#@# Parcellation Stats 2 lh Tue Mar 10 05:25:53 CET 2026
#@# Parcellation Stats 3 lh Tue Mar 10 05:26:03 CET 2026
#@# BA_exvivo Labels lh Tue Mar 10 05:26:13 CET 2026
recon-all -s sub-v1s4x0050700_ses-1 finished without error at Tue Mar 10 05:28:50 CET 2026
