status file for recon-all
Tue Mar 10 04:54:43 CET 2026
#@# Tessellate rh Tue Mar 10 04:54:43 CET 2026
#@# Smooth1 rh Tue Mar 10 04:54:46 CET 2026
#@# Inflation1 rh Tue Mar 10 04:54:49 CET 2026
#@# QSphere rh Tue Mar 10 04:55:03 CET 2026
#@# Fix Topology rh Tue Mar 10 04:56:33 CET 2026
#@# Smooth2 rh Tue Mar 10 05:02:58 CET 2026
#@# Inflation2 rh Tue Mar 10 05:03:01 CET 2026
#@# Curv .H and .K rh Tue Mar 10 05:03:16 CET 2026
#@# Sphere rh Tue Mar 10 05:04:03 CET 2026
#@# Surf Reg rh Tue Mar 10 05:08:39 CET 2026
#@# Jacobian white rh Tue Mar 10 05:13:18 CET 2026
#@# AvgCurv rh Tue Mar 10 05:13:18 CET 2026
#@# Cortical Parc rh Tue Mar 10 05:13:19 CET 2026
#@# white curv rh Tue Mar 10 05:20:18 CET 2026
#@# white area rh Tue Mar 10 05:20:20 CET 2026
#@# pial curv rh Tue Mar 10 05:20:21 CET 2026
#@# pial area rh Tue Mar 10 05:20:23 CET 2026
#@# thickness rh Tue Mar 10 05:20:24 CET 2026
#@# area and vertex vol rh Tue Mar 10 05:20:54 CET 2026
#@# Curvature Stats rh Tue Mar 10 05:20:55 CET 2026
#@# Cortical Parc 2 rh Tue Mar 10 05:20:58 CET 2026
#@# Cortical Parc 3 rh Tue Mar 10 05:21:12 CET 2026
#@# WM/GM Contrast rh Tue Mar 10 05:21:22 CET 2026
recon-all -s sub-v1s4x0050700_ses-1 finished without error at Tue Mar 10 05:21:26 CET 2026



#New# invocation of recon-all 



status file for recon-all
Tue Mar 10 05:28:53 CET 2026
#@# white curv rh Tue Mar 10 05:28:53 CET 2026
#@# white area rh Tue Mar 10 05:28:53 CET 2026
#@# pial curv rh Tue Mar 10 05:28:53 CET 2026
#@# pial area rh Tue Mar 10 05:28:53 CET 2026
#@# thickness rh Tue Mar 10 05:28:53 CET 2026
#@# area and vertex vol rh Tue Mar 10 05:28:53 CET 2026
#@# Parcellation Stats rh Tue Mar 10 05:28:53 CET 2026
#@# Parcellation Stats 2 rh Tue Mar 10 05:29:11 CET 2026
#@# Parcellation Stats 3 rh Tue Mar 10 05:29:21 CET 2026
#@# BA_exvivo Labels rh Tue Mar 10 05:29:30 CET 2026
recon-all -s sub-v1s4x0050700_ses-1 finished without error at Tue Mar 10 05:32:15 CET 2026
