/out/sourcedata/freesurfer/sub-v1s4x0050688_ses-1/mri
/opt/freesurfer/bin/talairach_avi
--i orig_nu.mgz --xfm transforms/talairach.auto.xfm
talairach_avi 7.3.2
Linux dna075 5.14.0-427.37.1.el9_4.x86_64 #1 SMP PREEMPT_DYNAMIC Fri Sep 13 12:41:50 EDT 2024 x86_64 x86_64 x86_64 GNU/Linux
Tue Mar 10 02:07:19 CET 2026
mri_convert orig_nu.mgz talsrcimg.img 
reading from orig_nu.mgz...
TR=0.00, TE=0.00, TI=0.00, flip angle=0.00
i_ras = (-1, 4.19095e-09, -3.72529e-09)
j_ras = (1.86265e-09, -2.98023e-08, -1)
k_ras = (-4.65661e-09, 1, 0)
writing to talsrcimg.img...
Analyze Output Matrix
-1.00000   0.00000  -0.00000   134.13757;
 0.00000  -0.00000   1.00000  -118.71011;
-0.00000  -1.00000   0.00000   136.77983;
 0.00000   0.00000   0.00000   1.00000;
--------------------
INFO: set hdr.hist.orient to -1
mpr2mni305 talsrcimg
Tue Mar 10 02:07:20 CET 2026
/opt/freesurfer/bin/mpr2mni305 talsrcimg
mpr2mni305 7.3.2
target=711-2C_as_mni_average_305

---------------------------------------------------------------------
analyzeto4dfp talsrcimg -O0 -y
---------------------------------------------------------------------

freesurfer ifh2hdr.c
Tue Mar 10 02:07:20 2026
Writing: talsrcimg.4dfp.hdr
freesurfer analyzeto4dfp.c
Reading: talsrcimg.hdr
header size 348 bytes
hdr.dime.datatype	offset=70	value=2
hdr.dime.bitpix		offset=72	value=8
hdr.hist.orient		offset=252	value=-1
dimensionality     4
dimensions       256       256       256         1
Reading: talsrcimg.img
Writing: talsrcimg.4dfp.img
Writing: talsrcimg.4dfp.ifh
ifh2hdr talsrcimg -r0to244
ori=2

---------------------------------------------------------------------
gauss_4dfp talsrcimg 1.1
---------------------------------------------------------------------

freesurfer gauss_4dfp.c
Reading: talsrcimg.4dfp.img
Writing: talsrcimg_g11.4dfp.img
image dimensions 256 256 256 padded to 288 288 288
processing volume 1freesurfer ifh2hdr.c
Tue Mar 10 02:07:21 2026
Writing: talsrcimg_g11.4dfp.hdr

Writing: talsrcimg_g11.4dfp.ifh
including: talsrcimg.4dfp.img.rec in talsrcimg_g11.4dfp.img.rec

---------------------------------------------------------------------
imgreg_4dfp /opt/freesurfer/average/711-2C_as_mni_average_305 none talsrcimg_g11 none talsrcimg_to_711-2C_as_mni_average_305_t4 4355
---------------------------------------------------------------------

freesurfer imgreg_4dfp.c
/opt/freesurfer/average/711-2C_as_mni_average_305.4dfp.img
       256       256       256         1
  1.000000  1.000000  1.000000
orientation T byte_order littleendian
Reading image: /opt/freesurfer/average/711-2C_as_mni_average_305.4dfp.img
dimensions:      256       256       256
mmppix:       1.0000   -1.0000   -1.0000
center:     128.0000 -129.0000 -129.0000
talsrcimg_g11.4dfp.img
       256       256       256         1
  1.000000  1.000000  1.000000
orientation T byte_order littleendian
Reading image: talsrcimg_g11.4dfp.img
dimensions:      256       256       256
mmppix:       1.0000   -1.0000   -1.0000
center:     128.0000 -129.0000 -129.0000
t4_read: open error in t4_sub.f l:  41 t4_file(1:l)talsrcimg_to_711-2C_as_mni_average_305_t4 
t4_read: transform initialized to I4
rotation matrix determinant  1.000000
image alignment mode   4355 decimal     1103 hex
   -7.5000  -45.0000  -45.0000 9788.4814   14.4459
    0.0000  -45.0000  -45.000010191.1943   14.4384
    7.5000  -45.0000  -45.0000 9639.7959   14.4321
   -7.5000  -37.5000  -45.000010174.0527   14.4263
    0.0000  -37.5000  -45.000010582.3047   14.4167
    7.5000  -37.5000  -45.000010000.0664   14.4072
   -7.5000  -30.0000  -45.000010702.3027   14.3814
    0.0000  -30.0000  -45.000011125.4609   14.3747
    7.5000  -30.0000  -45.000010514.7490   14.3658
   -7.5000  -22.5000  -45.000011111.2881   14.3722
    0.0000  -22.5000  -45.000011538.1436   14.3694
    7.5000  -22.5000  -45.000010912.8340   14.3640
   -7.5000  -15.0000  -45.000011391.3809   14.3721
    0.0000  -15.0000  -45.000011847.9365   14.3703
    7.5000  -15.0000  -45.000011189.3086   14.3671
   -7.5000   -7.5000  -45.000011566.7842   14.3700
    0.0000   -7.5000  -45.000012049.2266   14.3662
    7.5000   -7.5000  -45.000011392.3662   14.3624
   -7.5000    0.0000  -45.000011637.2051   14.3641
    0.0000    0.0000  -45.000012121.5146   14.3566
    7.5000    0.0000  -45.000011472.2441   14.3500
   -7.5000    7.5000  -45.000010907.2832   14.4196
    0.0000    7.5000  -45.000011366.0938   14.4100
    7.5000    7.5000  -45.000010731.6768   14.4005
   -7.5000   15.0000  -45.000010222.0303   14.7790
    0.0000   15.0000  -45.000010630.3203   14.7729
    7.5000   15.0000  -45.000010067.7305   14.7635
   -7.5000   22.5000  -45.0000 9511.8271   15.2474
    0.0000   22.5000  -45.0000 9888.5098   15.2426
    7.5000   22.5000  -45.0000 9402.4766   15.2343
   -7.5000   30.0000  -45.0000 8835.6270   15.5872
    0.0000   30.0000  -45.0000 9207.6357   15.5839
    7.5000   30.0000  -45.0000 8776.7461   15.5784
   -7.5000   37.5000  -45.0000 8531.2236   16.1572
    0.0000   37.5000  -45.0000 8886.7949   16.1461
    7.5000   37.5000  -45.0000 8477.9834   16.1400
   -7.5000   45.0000  -45.0000 7987.6304   16.3889
    0.0000   45.0000  -45.0000 8306.3340   16.3702
    7.5000   45.0000  -45.0000 7904.4873   16.3581
   -7.5000  -45.0000  -37.500010440.8574   14.4557
    0.0000  -45.0000  -37.500010842.5977   14.4442
    7.5000  -45.0000  -37.500010253.3154   14.4288
   -7.5000  -37.5000  -37.500010830.0820   14.4367
    0.0000  -37.5000  -37.500011249.4863   14.4230
    7.5000  -37.5000  -37.500010644.7227   14.4068
   -7.5000  -30.0000  -37.500011409.5449   14.3979
    0.0000  -30.0000  -37.500011863.8232   14.3870
    7.5000  -30.0000  -37.500011207.7500   14.3727
   -7.5000  -22.5000  -37.500011874.0186   14.3956
    0.0000  -22.5000  -37.500012334.2070   14.3891
    7.5000  -22.5000  -37.500011650.8477   14.3758
   -7.5000  -15.0000  -37.500012169.3203   14.3959
    0.0000  -15.0000  -37.500012653.2012   14.3906
    7.5000  -15.0000  -37.500011955.2734   14.3764
   -7.5000   -7.5000  -37.500012335.3047   14.3865
    0.0000   -7.5000  -37.500012831.1836   14.3788
    7.5000   -7.5000  -37.500012173.0547   14.3639
   -7.5000    0.0000  -37.500012386.6709   14.3739
    0.0000    0.0000  -37.500012907.7549   14.3624
    7.5000    0.0000  -37.500012245.8408   14.3469
   -7.5000    7.5000  -37.500011595.7842   14.4299
    0.0000    7.5000  -37.500012093.8555   14.4163
    7.5000    7.5000  -37.500011444.2822   14.4001
   -7.5000   15.0000  -37.500010847.9131   14.7942
    0.0000   15.0000  -37.500011305.4268   14.7841
    7.5000   15.0000  -37.500010698.7402   14.7699
   -7.5000   22.5000  -37.500010119.4004   15.2706
    0.0000   22.5000  -37.500010552.3252   15.2614
    7.5000   22.5000  -37.500010017.4766   15.2457
   -7.5000   30.0000  -37.5000 9410.7607   15.6121
    0.0000   30.0000  -37.5000 9791.9717   15.6062
    7.5000   30.0000  -37.5000 9317.9854   15.5904
   -7.5000   37.5000  -37.5000 9066.9307   16.1793
    0.0000   37.5000  -37.5000 9421.5508   16.1673
    7.5000   37.5000  -37.5000 9013.2891   16.1503
   -7.5000   45.0000  -37.5000 8415.2539   16.3994
    0.0000   45.0000  -37.5000 8758.3232   16.3801
    7.5000   45.0000  -37.5000 8380.7637   16.3600
   -7.5000  -45.0000  -30.000011256.9912   15.0799
    0.0000  -45.0000  -30.000011678.9717   15.0708
    7.5000  -45.0000  -30.000011029.2051   15.0556
   -7.5000  -37.5000  -30.000011671.1123   15.0663
    0.0000  -37.5000  -30.000012129.8721   15.0533
    7.5000  -37.5000  -30.000011448.4980   15.0370
   -7.5000  -30.0000  -30.000012289.2939   15.0370
    0.0000  -30.0000  -30.000012780.3613   15.0259
    7.5000  -30.0000  -30.000012065.3086   15.0090
   -7.5000  -22.5000  -30.000012775.7871   15.0401
    0.0000  -22.5000  -30.000013290.2197   15.0345
    7.5000  -22.5000  -30.000012573.3213   15.0162
   -7.5000  -15.0000  -30.000013103.1855   15.0356
    0.0000  -15.0000  -30.000013644.3857   15.0337
    7.5000  -15.0000  -30.000012916.0918   15.0143
   -7.5000   -7.5000  -30.000013283.5127   15.0140
    0.0000   -7.5000  -30.000013836.0732   15.0104
    7.5000   -7.5000  -30.000013127.3457   14.9929
   -7.5000    0.0000  -30.000013308.1416   14.9946
    0.0000    0.0000  -30.000013918.8203   14.9856
    7.5000    0.0000  -30.000013196.9307   14.9701
   -7.5000    7.5000  -30.000012460.9834   15.0593
    0.0000    7.5000  -30.000013022.4141   15.0463
    7.5000    7.5000  -30.000012344.2021   15.0300
   -7.5000   15.0000  -30.000011644.1572   15.4520
    0.0000   15.0000  -30.000012160.7725   15.4410
    7.5000   15.0000  -30.000011534.1387   15.4240
   -7.5000   22.5000  -30.000010885.2393   15.9526
    0.0000   22.5000  -30.000011374.0947   15.9419
    7.5000   22.5000  -30.000010825.9219   15.9205
   -7.5000   30.0000  -30.000010086.4004   16.3072
    0.0000   30.0000  -30.000010522.7227   16.3039
    7.5000   30.0000  -30.000010040.2607   16.2827
   -7.5000   37.5000  -30.0000 9694.8516   16.8881
    0.0000   37.5000  -30.000010106.7939   16.8826
    7.5000   37.5000  -30.0000 9685.3682   16.8631
   -7.5000   45.0000  -30.0000 8994.7773   17.1183
    0.0000   45.0000  -30.0000 9377.4189   17.1061
    7.5000   45.0000  -30.0000 8988.5654   17.0872
   -7.5000  -45.0000  -22.500011979.9180   15.5922
    0.0000  -45.0000  -22.500012454.0820   15.5895
    7.5000  -45.0000  -22.500011766.7607   15.5850
   -7.5000  -37.5000  -22.500012406.3799   15.5845
    0.0000  -37.5000  -22.500012930.3506   15.5766
    7.5000  -37.5000  -22.500012185.4346   15.5669
   -7.5000  -30.0000  -22.500013052.6602   15.5608
    0.0000  -30.0000  -22.500013615.5391   15.5541
    7.5000  -30.0000  -22.500012859.3945   15.5395
   -7.5000  -22.5000  -22.500013594.1738   15.5643
    0.0000  -22.5000  -22.500014187.0352   15.5637
    7.5000  -22.5000  -22.500013430.3604   15.5478
   -7.5000  -15.0000  -22.500013988.5586   15.5543
    0.0000  -15.0000  -22.500014609.1650   15.5594
    7.5000  -15.0000  -22.500013822.0205   15.5466
   -7.5000   -7.5000  -22.500014182.0732   15.5256
    0.0000   -7.5000  -22.500014828.1045   15.5295
    7.5000   -7.5000  -22.500014073.8340   15.5226
   -7.5000    0.0000  -22.500014179.3564   15.5040
    0.0000    0.0000  -22.500014888.8018   15.5014
    7.5000    0.0000  -22.500014115.6699   15.4966
   -7.5000    7.5000  -22.500013256.4268   15.5773
    0.0000    7.5000  -22.500013891.1162   15.5693
    7.5000    7.5000  -22.500013171.9639   15.5597
   -7.5000   15.0000  -22.500012406.7959   15.9932
    0.0000   15.0000  -22.500013011.3936   15.9857
    7.5000   15.0000  -22.500012349.4736   15.9702
   -7.5000   22.5000  -22.500011612.0068   16.5091
    0.0000   22.5000  -22.500012177.1748   16.5012
    7.5000   22.5000  -22.500011589.0352   16.4807
   -7.5000   30.0000  -22.500010761.8730   16.8727
    0.0000   30.0000  -22.500011265.5000   16.8737
    7.5000   30.0000  -22.500010754.5352   16.8579
   -7.5000   37.5000  -22.500010313.1797   17.4617
    0.0000   37.5000  -22.500010772.8584   17.4627
    7.5000   37.5000  -22.500010300.2295   17.4535
   -7.5000   45.0000  -22.5000 9523.3730   17.7092
    0.0000   45.0000  -22.5000 9943.1230   17.7040
    7.5000   45.0000  -22.5000 9531.2285   17.6953
   -7.5000  -45.0000  -15.000012623.7031   15.9425
    0.0000  -45.0000  -15.000013158.0557   15.9435
    7.5000  -45.0000  -15.000012448.9297   15.9495
   -7.5000  -37.5000  -15.000013071.5811   15.9362
    0.0000  -37.5000  -15.000013641.3252   15.9323
    7.5000  -37.5000  -15.000012876.9102   15.9300
   -7.5000  -30.0000  -15.000013788.5439   15.9083
    0.0000  -30.0000  -15.000014396.8291   15.9059
    7.5000  -30.0000  -15.000013623.3877   15.8969
   -7.5000  -22.5000  -15.000014376.9082   15.9054
    0.0000  -22.5000  -15.000015010.7461   15.9085
    7.5000  -22.5000  -15.000014212.8506   15.9007
   -7.5000  -15.0000  -15.000014827.9121   15.8930
    0.0000  -15.0000  -15.000015489.3350   15.9013
    7.5000  -15.0000  -15.000014644.2051   15.9005
   -7.5000   -7.5000  -15.000015020.3369   15.8685
    0.0000   -7.5000  -15.000015744.1328   15.8760
    7.5000   -7.5000  -15.000014914.9727   15.8816
   -7.5000    0.0000  -15.000015031.6895   15.8523
    0.0000    0.0000  -15.000015818.5439   15.8534
    7.5000    0.0000  -15.000014982.4414   15.8590
   -7.5000    7.5000  -15.000014040.8018   15.9288
    0.0000    7.5000  -15.000014783.4062   15.9249
    7.5000    7.5000  -15.000014010.7246   15.9226
   -7.5000   15.0000  -15.000013153.7432   16.3517
    0.0000   15.0000  -15.000013872.5361   16.3483
    7.5000   15.0000  -15.000013157.4746   16.3377
   -7.5000   22.5000  -15.000012304.2578   16.8709
    0.0000   22.5000  -15.000012978.5801   16.8668
    7.5000   22.5000  -15.000012346.3096   16.8536
   -7.5000   30.0000  -15.000011382.9785   17.2424
    0.0000   30.0000  -15.000011990.1152   17.2449
    7.5000   30.0000  -15.000011433.3701   17.2399
   -7.5000   37.5000  -15.000010894.1309   17.8441
    0.0000   37.5000  -15.000011450.2646   17.8447
    7.5000   37.5000  -15.000010911.1367   17.8477
   -7.5000   45.0000  -15.000010089.1104   18.1156
    0.0000   45.0000  -15.000010561.1104   18.1103
    7.5000   45.0000  -15.000010104.4014   18.1103
   -7.5000  -45.0000   -7.500013284.3779   16.1105
    0.0000  -45.0000   -7.500013838.4902   16.1082
    7.5000  -45.0000   -7.500013165.7490   16.1121
   -7.5000  -37.5000   -7.500013727.2207   16.0974
    0.0000  -37.5000   -7.500014308.7969   16.0917
    7.5000  -37.5000   -7.500013572.9893   16.0885
   -7.5000  -30.0000   -7.500014490.8330   16.0563
    0.0000  -30.0000   -7.500015131.5576   16.0533
    7.5000  -30.0000   -7.500014364.6865   16.0467
   -7.5000  -22.5000   -7.500015142.9727   16.0463
    0.0000  -22.5000   -7.500015820.0977   16.0481
    7.5000  -22.5000   -7.500014997.7832   16.0452
   -7.5000  -15.0000   -7.500015624.2900   16.0387
    0.0000  -15.0000   -7.500016380.0146   16.0435
    7.5000  -15.0000   -7.500015464.2637   16.0468
   -7.5000   -7.5000   -7.500015935.9482   16.0278
    0.0000   -7.5000   -7.500016753.4941   16.0309
    7.5000   -7.5000   -7.500015806.3594   16.0370
   -7.5000    0.0000   -7.500016004.7646   16.0194
    0.0000    0.0000   -7.500016953.4160   16.0171
    7.5000    0.0000   -7.500015967.8750   16.0207
   -7.5000    7.5000   -7.500014966.7256   16.0899
    0.0000    7.5000   -7.500015893.5820   16.0841
    7.5000    7.5000   -7.500014984.9590   16.0810
   -7.5000   15.0000   -7.500014010.6211   16.5024
    0.0000   15.0000   -7.500014871.6289   16.4991
    7.5000   15.0000   -7.500014039.0508   16.4910
   -7.5000   22.5000   -7.500013111.5439   17.0180
    0.0000   22.5000   -7.500013884.5332   17.0151
    7.5000   22.5000   -7.500013100.6777   17.0077
   -7.5000   30.0000   -7.500012125.7295   17.3995
    0.0000   30.0000   -7.500012801.6025   17.3998
    7.5000   30.0000   -7.500012101.7305   17.3993
   -7.5000   37.5000   -7.500011600.8896   18.0213
    0.0000   37.5000   -7.500012208.9160   18.0151
    7.5000   37.5000   -7.500011570.3691   18.0184
   -7.5000   45.0000   -7.500010768.8584   18.3119
    0.0000   45.0000   -7.500011301.3867   18.2983
    7.5000   45.0000   -7.500010738.0479   18.2953
   -7.5000  -45.0000    0.000013841.3389   16.1459
    0.0000  -45.0000    0.000014426.8643   16.1368
    7.5000  -45.0000    0.000013798.8105   16.1296
   -7.5000  -37.5000    0.000014250.9863   16.1247
    0.0000  -37.5000    0.000014862.8789   16.1134
    7.5000  -37.5000    0.000014204.3535   16.1028
   -7.5000  -30.0000    0.000015070.3486   16.0755
    0.0000  -30.0000    0.000015774.8564   16.0676
    7.5000  -30.0000    0.000015027.7588   16.0576
   -7.5000  -22.5000    0.000015780.2510   16.0655
    0.0000  -22.5000    0.000016546.8457   16.0619
    7.5000  -22.5000    0.000015670.3965   16.0556
   -7.5000  -15.0000    0.000016399.6719   16.0647
    0.0000  -15.0000    0.000017227.7578   16.0622
    7.5000  -15.0000    0.000016206.6270   16.0582
   -7.5000   -7.5000    0.000016882.4648   16.0614
    0.0000   -7.5000    0.000017867.4785   16.0566
    7.5000   -7.5000    0.000016642.0938   16.0520
   -7.5000    0.0000    0.000017092.3496   16.0545
    0.0000    0.0000    0.000018295.4375   16.0455
    7.5000    0.0000    0.000016968.3164   16.0380
   -7.5000    7.5000    0.000015976.6924   16.1172
    0.0000    7.5000    0.000017069.7637   16.1059
    7.5000    7.5000    0.000015855.6836   16.0953
   -7.5000   15.0000    0.000014855.8711   16.5194
    0.0000   15.0000    0.000015749.1895   16.5122
    7.5000   15.0000    0.000014684.9219   16.5016
   -7.5000   22.5000    0.000013850.6201   17.0371
    0.0000   22.5000    0.000014614.7705   17.0313
    7.5000   22.5000    0.000013655.2207   17.0218
   -7.5000   30.0000    0.000012839.5586   17.4278
    0.0000   30.0000    0.000013513.7168   17.4235
    7.5000   30.0000    0.000012698.3389   17.4169
   -7.5000   37.5000    0.000012298.0303   18.0631
    0.0000   37.5000    0.000012920.8057   18.0499
    7.5000   37.5000    0.000012192.9717   18.0427
   -7.5000   45.0000    0.000011420.0752   18.3566
    0.0000   45.0000    0.000011988.0156   18.3349
    7.5000   45.0000    0.000011324.4512   18.3211
   -7.5000  -45.0000    7.500013390.5645   16.1705
    0.0000  -45.0000    7.500013996.0449   16.1580
    7.5000  -45.0000    7.500013380.1611   16.1411
   -7.5000  -37.5000    7.500013763.1016   16.1494
    0.0000  -37.5000    7.500014415.7676   16.1343
    7.5000  -37.5000    7.500013745.4287   16.1167
   -7.5000  -30.0000    7.500014572.7744   16.1060
    0.0000  -30.0000    7.500015288.7441   16.0939
    7.5000  -30.0000    7.500014541.4062   16.0783
   -7.5000  -22.5000    7.500015289.5488   16.1032
    0.0000  -22.5000    7.500016060.9014   16.0958
    7.5000  -22.5000    7.500015163.9678   16.0812
   -7.5000  -15.0000    7.500015961.0049   16.1032
    0.0000  -15.0000    7.500016798.4492   16.0974
    7.5000  -15.0000    7.500015672.7939   16.0815
   -7.5000   -7.5000    7.500016513.2988   16.0928
    0.0000   -7.5000    7.500017538.4648   16.0845
    7.5000   -7.5000    7.500016169.4414   16.0678
   -7.5000    0.0000    7.500016841.6914   16.0790
    0.0000    0.0000    7.500017946.4629   16.0665
    7.5000    0.0000    7.500016442.3457   16.0495
   -7.5000    7.5000    7.500015728.0947   16.1418
    0.0000    7.5000    7.500016616.1855   16.1268
    7.5000    7.5000    7.500015277.9443   16.1091
   -7.5000   15.0000    7.500014534.9902   16.5492
    0.0000   15.0000    7.500015264.0605   16.5378
    7.5000   15.0000    7.500014124.4473   16.5224
   -7.5000   22.5000    7.500013438.9473   17.0760
    0.0000   22.5000    7.500014163.2793   17.0657
    7.5000   22.5000    7.500013163.1719   17.0484
   -7.5000   30.0000    7.500012453.4277   17.4699
    0.0000   30.0000    7.500013185.3574   17.4633
    7.5000   30.0000    7.500012314.3115   17.4457
   -7.5000   37.5000    7.500011939.4600   18.1044
    0.0000   37.5000    7.500012620.6514   18.0912
    7.5000   37.5000    7.500011850.7930   18.0723
   -7.5000   45.0000    7.500011060.7236   18.3868
    0.0000   45.0000    7.500011659.7754   18.3656
    7.5000   45.0000    7.500010987.8604   18.3435
   -7.5000  -45.0000   15.000012948.8418   16.1925
    0.0000  -45.0000   15.000013559.5625   16.1828
    7.5000  -45.0000   15.000012858.6738   16.1663
   -7.5000  -37.5000   15.000013298.8564   16.1776
    0.0000  -37.5000   15.000013916.5176   16.1637
    7.5000  -37.5000   15.000013175.8799   16.1460
   -7.5000  -30.0000   15.000014028.9287   16.1461
    0.0000  -30.0000   15.000014681.9268   16.1343
    7.5000  -30.0000   15.000013884.6084   16.1160
   -7.5000  -22.5000   15.000014634.6328   16.1497
    0.0000  -22.5000   15.000015363.4902   16.1439
    7.5000  -22.5000   15.000014449.0449   16.1242
   -7.5000  -15.0000   15.000015132.2393   16.1453
    0.0000  -15.0000   15.000015984.3066   16.1433
    7.5000  -15.0000   15.000014917.9180   16.1225
   -7.5000   -7.5000   15.000015546.9961   16.1221
    0.0000   -7.5000   15.000016591.7871   16.1182
    7.5000   -7.5000   15.000015361.3682   16.0994
   -7.5000    0.0000   15.000015818.1934   16.1009
    0.0000    0.0000   15.000016921.0840   16.0913
    7.5000    0.0000   15.000015630.1641   16.0746
   -7.5000    7.5000   15.000014855.3662   16.1701
    0.0000    7.5000   15.000015709.9238   16.1562
    7.5000    7.5000   15.000014535.5430   16.1385
   -7.5000   15.0000   15.000013796.4600   16.5917
    0.0000   15.0000   15.000014582.4570   16.5799
    7.5000   15.0000   15.000013525.6826   16.5616
   -7.5000   22.5000   15.000012794.6309   17.1257
    0.0000   22.5000   15.000013573.8662   17.1144
    7.5000   22.5000   15.000012658.1436   17.0914
   -7.5000   30.0000   15.000011870.4619   17.5159
    0.0000   30.0000   15.000012635.4580   17.5123
    7.5000   30.0000   15.000011846.8242   17.4896
   -7.5000   37.5000   15.000011391.3799   18.1397
    0.0000   37.5000   15.000012091.4395   18.1339
    7.5000   37.5000   15.000011384.7012   18.1129
   -7.5000   45.0000   15.000010514.7031   18.4109
    0.0000   45.0000   15.000011107.5029   18.3979
    7.5000   45.0000   15.000010503.6562   18.3774
   -7.5000  -45.0000   22.500012329.0039   16.1861
    0.0000  -45.0000   22.500012895.7188   16.1833
    7.5000  -45.0000   22.500012190.8896   16.1786
   -7.5000  -37.5000   22.500012611.9053   16.1781
    0.0000  -37.5000   22.500013189.6670   16.1699
    7.5000  -37.5000   22.500012484.3525   16.1599
   -7.5000  -30.0000   22.500013244.4375   16.1535
    0.0000  -30.0000   22.500013879.6240   16.1465
    7.5000  -30.0000   22.500013141.2158   16.1314
   -7.5000  -22.5000   22.500013736.0068   16.1571
    0.0000  -22.5000   22.500014401.8828   16.1565
    7.5000  -22.5000   22.500013634.3535   16.1400
   -7.5000  -15.0000   22.500014124.5654   16.1468
    0.0000  -15.0000   22.500014881.6221   16.1520
    7.5000  -15.0000   22.500014074.8525   16.1388
   -7.5000   -7.5000   22.500014471.8193   16.1170
    0.0000   -7.5000   22.500015385.9092   16.1210
    7.5000   -7.5000   22.500014476.3271   16.1138
   -7.5000    0.0000   22.500014737.5449   16.0946
    0.0000    0.0000   22.500015630.3564   16.0919
    7.5000    0.0000   22.500014657.7354   16.0869
   -7.5000    7.5000   22.500013815.8613   16.1706
    0.0000    7.5000   22.500014582.8398   16.1624
    7.5000    7.5000   22.500013685.3633   16.1524
   -7.5000   15.0000   22.500012851.6924   16.6024
    0.0000   15.0000   22.500013612.6396   16.5946
    7.5000   15.0000   22.500012774.5049   16.5785
   -7.5000   22.5000   22.500011993.0518   17.1353
    0.0000   22.5000   22.500012727.3496   17.1271
    7.5000   22.5000   22.500011974.3096   17.1058
   -7.5000   30.0000   22.500011167.4844   17.5179
    0.0000   30.0000   22.500011853.8623   17.5189
    7.5000   30.0000   22.500011176.1064   17.5024
   -7.5000   37.5000   22.500010720.3867   18.1293
    0.0000   37.5000   22.500011360.1211   18.1304
    7.5000   37.5000   22.500010738.6533   18.1209
   -7.5000   45.0000   22.5000 9890.5957   18.3997
    0.0000   45.0000   22.500010447.7930   18.3943
    7.5000   45.0000   22.5000 9886.2422   18.3853
   -7.5000  -45.0000   30.000011401.9062   16.1897
    0.0000  -45.0000   30.000011944.1006   16.1908
    7.5000  -45.0000   30.000011349.1963   16.1968
   -7.5000  -37.5000   30.000011659.1260   16.1834
    0.0000  -37.5000   30.000012199.6768   16.1794
    7.5000  -37.5000   30.000011614.9873   16.1771
   -7.5000  -30.0000   30.000012224.9062   16.1550
    0.0000  -30.0000   30.000012790.0654   16.1526
    7.5000  -30.0000   30.000012213.2041   16.1434
   -7.5000  -22.5000   30.000012675.7402   16.1519
    0.0000  -22.5000   30.000013272.4619   16.1550
    7.5000  -22.5000   30.000012677.7139   16.1472
   -7.5000  -15.0000   30.000013059.0967   16.1391
    0.0000  -15.0000   30.000013703.9043   16.1476
    7.5000  -15.0000   30.000013093.8193   16.1468
   -7.5000   -7.5000   30.000013385.9824   16.1143
    0.0000   -7.5000   30.000014098.6484   16.1219
    7.5000   -7.5000   30.000013412.1260   16.1276
   -7.5000    0.0000   30.000013593.2119   16.0980
    0.0000    0.0000   30.000014297.8584   16.0991
    7.5000    0.0000   30.000013582.0654   16.1048
   -7.5000    7.5000   30.000012733.2627   16.1759
    0.0000    7.5000   30.000013373.1270   16.1719
    7.5000    7.5000   30.000012672.8193   16.1696
   -7.5000   15.0000   30.000011860.6602   16.6061
    0.0000   15.0000   30.000012486.6113   16.6027
    7.5000   15.0000   30.000011837.9824   16.5919
   -7.5000   22.5000   30.000011082.8369   17.1324
    0.0000   22.5000   30.000011692.3643   17.1282
    7.5000   22.5000   30.000011101.7852   17.1149
   -7.5000   30.0000   30.000010327.7900   17.5125
    0.0000   30.0000   30.000010879.4805   17.5150
    7.5000   30.0000   30.000010321.6270   17.5100
   -7.5000   37.5000   30.0000 9919.8232   18.1249
    0.0000   37.5000   30.000010424.7959   18.1255
    7.5000   37.5000   30.0000 9914.0977   18.1286
   -7.5000   45.0000   30.0000 9163.6465   18.4072
    0.0000   45.0000   30.0000 9634.8506   18.4018
    7.5000   45.0000   30.0000 9169.8896   18.4018
   -7.5000  -45.0000   37.500010860.6904   16.3266
    0.0000  -45.0000   37.500011380.5029   16.3245
    7.5000  -45.0000   37.500010906.8926   16.3285
   -7.5000  -37.5000   37.500011110.2188   16.3136
    0.0000  -37.5000   37.500011606.8799   16.3078
    7.5000  -37.5000   37.500011143.6807   16.3045
   -7.5000  -30.0000   37.500011660.5391   16.2720
    0.0000  -30.0000   37.500012156.2041   16.2690
    7.5000  -30.0000   37.500011677.5674   16.2621
   -7.5000  -22.5000   37.500012109.7812   16.2618
    0.0000  -22.5000   37.500012622.5830   16.2637
    7.5000  -22.5000   37.500012110.8770   16.2607
   -7.5000  -15.0000   37.500012469.8916   16.2535
    0.0000  -15.0000   37.500013070.5762   16.2587
    7.5000  -15.0000   37.500012535.9844   16.2620
   -7.5000   -7.5000   37.500012767.6348   16.2419
    0.0000   -7.5000   37.500013412.1055   16.2454
    7.5000   -7.5000   37.500012824.3916   16.2517
   -7.5000    0.0000   37.500012976.9502   16.2332
    0.0000    0.0000   37.500013577.7393   16.2311
    7.5000    0.0000   37.500012985.8154   16.2348
   -7.5000    7.5000   37.500012145.6963   16.3059
    0.0000    7.5000   37.500012689.6650   16.3001
    7.5000    7.5000   37.500012134.3564   16.2968
   -7.5000   15.0000   37.500011306.0479   16.7294
    0.0000   15.0000   37.500011845.1445   16.7260
    7.5000   15.0000   37.500011321.5537   16.7176
   -7.5000   22.5000   37.500010583.3867   17.2585
    0.0000   22.5000   37.500011115.3760   17.2557
    7.5000   22.5000   37.500010619.3740   17.2480
   -7.5000   30.0000   37.5000 9863.8525   17.6528
    0.0000   30.0000   37.500010353.7871   17.6534
    7.5000   30.0000   37.5000 9881.6953   17.6529
   -7.5000   37.5000   37.5000 9454.0059   18.2913
    0.0000   37.5000   37.5000 9935.1582   18.2853
    7.5000   37.5000   37.5000 9465.0527   18.2888
   -7.5000   45.0000   37.5000 8764.4131   18.5968
    0.0000   45.0000   37.5000 9207.5420   18.5831
    7.5000   45.0000   37.5000 8766.0830   18.5801
   -7.5000  -45.0000   45.0000 9969.9092   16.5471
    0.0000  -45.0000   45.000010402.7695   16.5370
    7.5000  -45.0000   45.000010004.6211   16.5292
   -7.5000  -37.5000   45.000010201.9336   16.5266
    0.0000  -37.5000   45.000010623.0479   16.5143
    7.5000  -37.5000   45.000010210.2236   16.5029
   -7.5000  -30.0000   45.000010702.1768   16.4765
    0.0000  -30.0000   45.000011117.2568   16.4677
    7.5000  -30.0000   45.000010677.8184   16.4568
   -7.5000  -22.5000   45.000011112.8818   16.4659
    0.0000  -22.5000   45.000011545.6494   16.4613
    7.5000  -22.5000   45.000011079.6045   16.4541
   -7.5000  -15.0000   45.000011425.9424   16.4633
    0.0000  -15.0000   45.000011943.2871   16.4598
    7.5000  -15.0000   45.000011460.6240   16.4550
   -7.5000   -7.5000   45.000011668.1807   16.4581
    0.0000   -7.5000   45.000012202.1973   16.4522
    7.5000   -7.5000   45.000011691.4551   16.4470
   -7.5000    0.0000   45.000011833.4023   16.4505
    0.0000    0.0000   45.000012355.9189   16.4405
    7.5000    0.0000   45.000011821.3135   16.4325
   -7.5000    7.5000   45.000011054.6494   16.5186
    0.0000    7.5000   45.000011558.4941   16.5063
    7.5000    7.5000   45.000011051.6475   16.4950
   -7.5000   15.0000   45.000010315.6768   16.9463
    0.0000   15.0000   45.000010785.7285   16.9382
    7.5000   15.0000   45.000010343.8906   16.9267
   -7.5000   22.5000   45.0000 9673.0127   17.4955
    0.0000   22.5000   45.000010119.3311   17.4885
    7.5000   22.5000   45.0000 9706.3711   17.4777
   -7.5000   30.0000   45.0000 9036.2305   17.9147
    0.0000   30.0000   45.0000 9443.1328   17.9090
    7.5000   30.0000   45.0000 9061.2852   17.9012
   -7.5000   37.5000   45.0000 8687.1143   18.5875
    0.0000   37.5000   45.0000 9093.5352   18.5725
    7.5000   37.5000   45.0000 8704.4199   18.5644
   -7.5000   45.0000   45.0000 8037.6577   18.9204
    0.0000   45.0000   45.0000 8439.6523   18.8965
    7.5000   45.0000   45.0000 8069.6157   18.8815

---------------------------------------------------------------------
imgreg_4dfp /opt/freesurfer/average/711-2C_as_mni_average_305 /opt/freesurfer/average/711-2B_as_mni_average_305_mask talsrcimg_g11 none talsrcimg_to_711-2C_as_mni_average_305_t4 4355
---------------------------------------------------------------------

freesurfer imgreg_4dfp.c
/opt/freesurfer/average/711-2C_as_mni_average_305.4dfp.img
       256       256       256         1
  1.000000  1.000000  1.000000
orientation T byte_order littleendian
Reading image: /opt/freesurfer/average/711-2C_as_mni_average_305.4dfp.img
dimensions:      256       256       256
mmppix:       1.0000   -1.0000   -1.0000
center:     128.0000 -129.0000 -129.0000
/opt/freesurfer/average/711-2B_as_mni_average_305_mask.4dfp.img
       256       256       256         1
  1.000000  1.000000  1.000000
orientation T byte_order littleendian
Reading mask: /opt/freesurfer/average/711-2B_as_mni_average_305_mask.4dfp.img (2306576 pixels)
talsrcimg_g11.4dfp.img
       256       256       256         1
  1.000000  1.000000  1.000000
orientation T byte_order littleendian
Reading image: talsrcimg_g11.4dfp.img
dimensions:      256       256       256
mmppix:       1.0000   -1.0000   -1.0000
center:     128.0000 -129.0000 -129.0000
rotation matrix determinant  1.000000
image alignment mode   4355 decimal     1103 hex
   -7.5000  -45.0000  -45.0000 2278.7778   20.0812
    0.0000  -45.0000  -45.0000 2279.9980   20.2048
    7.5000  -45.0000  -45.0000 2250.3506   20.3824
   -7.5000  -37.5000  -45.0000 2303.3240   19.8000
    0.0000  -37.5000  -45.0000 2299.7236   19.8805
    7.5000  -37.5000  -45.0000 2273.4653   20.0902
   -7.5000  -30.0000  -45.0000 2325.2166   19.6727
    0.0000  -30.0000  -45.0000 2320.1108   19.7467
    7.5000  -30.0000  -45.0000 2288.4050   19.9784
   -7.5000  -22.5000  -45.0000 2341.0420   19.5936
    0.0000  -22.5000  -45.0000 2338.0901   19.6681
    7.5000  -22.5000  -45.0000 2303.5286   19.9875
   -7.5000  -15.0000  -45.0000 2345.0862   19.5972
    0.0000  -15.0000  -45.0000 2349.5154   19.6547
    7.5000  -15.0000  -45.0000 2317.1069   19.9502
   -7.5000   -7.5000  -45.0000 2334.7021   19.6118
    0.0000   -7.5000  -45.0000 2349.5042   19.5947
    7.5000   -7.5000  -45.0000 2316.6248   19.9353
   -7.5000    0.0000  -45.0000 2335.3447   19.5761
    0.0000    0.0000  -45.0000 2349.2976   19.5157
    7.5000    0.0000  -45.0000 2315.5564   19.8591
   -7.5000    7.5000  -45.0000 2326.1990   19.8088
    0.0000    7.5000  -45.0000 2341.4304   19.7018
    7.5000    7.5000  -45.0000 2314.9124   19.9914
   -7.5000   15.0000  -45.0000 2309.7249   20.4260
    0.0000   15.0000  -45.0000 2321.1892   20.3350
    7.5000   15.0000  -45.0000 2296.5566   20.5719
   -7.5000   22.5000  -45.0000 2264.0110   21.5287
    0.0000   22.5000  -45.0000 2282.2693   21.3929
    7.5000   22.5000  -45.0000 2257.6765   21.5737
   -7.5000   30.0000  -45.0000 2198.3123   22.9437
    0.0000   30.0000  -45.0000 2221.9917   22.8043
    7.5000   30.0000  -45.0000 2192.5420   22.9495
   -7.5000   37.5000  -45.0000 2116.7815   24.6251
    0.0000   37.5000  -45.0000 2135.6299   24.5161
    7.5000   37.5000  -45.0000 2113.3350   24.6585
   -7.5000   45.0000  -45.0000 2019.7305   26.7896
    0.0000   45.0000  -45.0000 2033.0560   26.6635
    7.5000   45.0000  -45.0000 2009.2543   26.9380
   -7.5000  -45.0000  -37.5000 2386.4834   18.3951
    0.0000  -45.0000  -37.5000 2383.0752   18.4749
    7.5000  -45.0000  -37.5000 2350.3550   18.7141
   -7.5000  -37.5000  -37.5000 2409.4712   18.1868
    0.0000  -37.5000  -37.5000 2407.7073   18.1976
    7.5000  -37.5000  -37.5000 2375.8496   18.4097
   -7.5000  -30.0000  -37.5000 2430.6855   18.0929
    0.0000  -30.0000  -37.5000 2431.1384   18.0968
    7.5000  -30.0000  -37.5000 2397.1997   18.3182
   -7.5000  -22.5000  -37.5000 2447.5383   18.0707
    0.0000  -22.5000  -37.5000 2447.1077   18.0307
    7.5000  -22.5000  -37.5000 2414.1721   18.3016
   -7.5000  -15.0000  -37.5000 2448.5000   18.0472
    0.0000  -15.0000  -37.5000 2452.8486   18.0414
    7.5000  -15.0000  -37.5000 2424.7876   18.3019
   -7.5000   -7.5000  -37.5000 2439.0171   18.1184
    0.0000   -7.5000  -37.5000 2448.9585   18.0829
    7.5000   -7.5000  -37.5000 2423.9690   18.3572
   -7.5000    0.0000  -37.5000 2432.4714   18.1516
    0.0000    0.0000  -37.5000 2446.2644   18.0663
    7.5000    0.0000  -37.5000 2419.4055   18.3926
   -7.5000    7.5000  -37.5000 2419.2607   18.4408
    0.0000    7.5000  -37.5000 2440.7791   18.3297
    7.5000    7.5000  -37.5000 2413.0334   18.5982
   -7.5000   15.0000  -37.5000 2403.1062   18.9533
    0.0000   15.0000  -37.5000 2419.6094   18.8772
    7.5000   15.0000  -37.5000 2390.1836   19.1258
   -7.5000   22.5000  -37.5000 2363.0916   19.9269
    0.0000   22.5000  -37.5000 2379.1499   19.8272
    7.5000   22.5000  -37.5000 2356.1714   19.9961
   -7.5000   30.0000  -37.5000 2298.7285   21.1532
    0.0000   30.0000  -37.5000 2315.8157   21.0071
    7.5000   30.0000  -37.5000 2290.5078   21.1403
   -7.5000   37.5000  -37.5000 2212.3701   22.6542
    0.0000   37.5000  -37.5000 2229.2368   22.5281
    7.5000   37.5000  -37.5000 2208.9614   22.6716
   -7.5000   45.0000  -37.5000 2100.0361   24.6437
    0.0000   45.0000  -37.5000 2117.3628   24.5315
    7.5000   45.0000  -37.5000 2101.9177   24.7266
   -7.5000  -45.0000  -30.0000 2532.9458   17.5339
    0.0000  -45.0000  -30.0000 2526.4478   17.5985
    7.5000  -45.0000  -30.0000 2490.3118   17.8757
   -7.5000  -37.5000  -30.0000 2556.1882   17.3405
    0.0000  -37.5000  -30.0000 2551.9285   17.3754
    7.5000  -37.5000  -30.0000 2514.0334   17.6113
   -7.5000  -30.0000  -30.0000 2571.8706   17.2361
    0.0000  -30.0000  -30.0000 2570.6438   17.2692
    7.5000  -30.0000  -30.0000 2537.5444   17.5275
   -7.5000  -22.5000  -30.0000 2581.5967   17.2988
    0.0000  -22.5000  -30.0000 2588.9771   17.2828
    7.5000  -22.5000  -30.0000 2555.9585   17.5281
   -7.5000  -15.0000  -30.0000 2591.4226   17.2622
    0.0000  -15.0000  -30.0000 2598.4292   17.2603
    7.5000  -15.0000  -30.0000 2565.2542   17.4720
   -7.5000   -7.5000  -30.0000 2588.2002   17.2895
    0.0000   -7.5000  -30.0000 2597.4065   17.2641
    7.5000   -7.5000  -30.0000 2573.2415   17.4959
   -7.5000    0.0000  -30.0000 2578.5876   17.3930
    0.0000    0.0000  -30.0000 2591.4971   17.3384
    7.5000    0.0000  -30.0000 2567.0557   17.6056
   -7.5000    7.5000  -30.0000 2563.9119   17.7443
    0.0000    7.5000  -30.0000 2579.9724   17.6619
    7.5000    7.5000  -30.0000 2561.4700   17.8902
   -7.5000   15.0000  -30.0000 2540.9849   18.3040
    0.0000   15.0000  -30.0000 2560.1040   18.1949
    7.5000   15.0000  -30.0000 2535.1980   18.4692
   -7.5000   22.5000  -30.0000 2501.7695   19.1786
    0.0000   22.5000  -30.0000 2523.7495   19.0647
    7.5000   22.5000  -30.0000 2499.4104   19.2747
   -7.5000   30.0000  -30.0000 2429.9751   20.2839
    0.0000   30.0000  -30.0000 2452.4275   20.1334
    7.5000   30.0000  -30.0000 2430.0085   20.3425
   -7.5000   37.5000  -30.0000 2336.3923   21.6614
    0.0000   37.5000  -30.0000 2359.5183   21.5153
    7.5000   37.5000  -30.0000 2340.7559   21.6957
   -7.5000   45.0000  -30.0000 2221.1504   23.5827
    0.0000   45.0000  -30.0000 2245.5125   23.3835
    7.5000   45.0000  -30.0000 2223.3523   23.6298
   -7.5000  -45.0000  -22.5000 2642.1282   16.6036
    0.0000  -45.0000  -22.5000 2641.9460   16.6557
    7.5000  -45.0000  -22.5000 2607.7212   16.9302
   -7.5000  -37.5000  -22.5000 2661.4668   16.3947
    0.0000  -37.5000  -22.5000 2666.2444   16.4592
    7.5000  -37.5000  -22.5000 2631.7007   16.6987
   -7.5000  -30.0000  -22.5000 2668.2998   16.2994
    0.0000  -30.0000  -22.5000 2677.0820   16.3568
    7.5000  -30.0000  -22.5000 2644.3459   16.6144
   -7.5000  -22.5000  -22.5000 2683.7471   16.3078
    0.0000  -22.5000  -22.5000 2688.2815   16.3332
    7.5000  -22.5000  -22.5000 2662.1091   16.5934
   -7.5000  -15.0000  -22.5000 2696.3347   16.3333
    0.0000  -15.0000  -22.5000 2701.4321   16.3361
    7.5000  -15.0000  -22.5000 2671.5808   16.5976
   -7.5000   -7.5000  -22.5000 2700.0759   16.3120
    0.0000   -7.5000  -22.5000 2712.6804   16.3198
    7.5000   -7.5000  -22.5000 2685.9944   16.5772
   -7.5000    0.0000  -22.5000 2687.8069   16.4595
    0.0000    0.0000  -22.5000 2707.6108   16.4470
    7.5000    0.0000  -22.5000 2675.6973   16.7228
   -7.5000    7.5000  -22.5000 2682.6912   16.8034
    0.0000    7.5000  -22.5000 2703.9736   16.7674
    7.5000    7.5000  -22.5000 2679.0928   17.0304
   -7.5000   15.0000  -22.5000 2657.5156   17.4295
    0.0000   15.0000  -22.5000 2684.2812   17.3498
    7.5000   15.0000  -22.5000 2658.3801   17.5910
   -7.5000   22.5000  -22.5000 2617.8447   18.2883
    0.0000   22.5000  -22.5000 2644.3535   18.1923
    7.5000   22.5000  -22.5000 2625.6025   18.3937
   -7.5000   30.0000  -22.5000 2540.1978   19.3381
    0.0000   30.0000  -22.5000 2570.1008   19.1935
    7.5000   30.0000  -22.5000 2552.7407   19.4323
   -7.5000   37.5000  -22.5000 2445.2869   20.6400
    0.0000   37.5000  -22.5000 2470.7969   20.4944
    7.5000   37.5000  -22.5000 2456.0989   20.7242
   -7.5000   45.0000  -22.5000 2322.5149   22.3912
    0.0000   45.0000  -22.5000 2341.7896   22.2307
    7.5000   45.0000  -22.5000 2326.5754   22.5038
   -7.5000  -45.0000  -15.0000 2683.1697   15.7733
    0.0000  -45.0000  -15.0000 2694.4539   15.8414
    7.5000  -45.0000  -15.0000 2663.1252   16.1597
   -7.5000  -37.5000  -15.0000 2707.8921   15.4977
    0.0000  -37.5000  -15.0000 2721.2554   15.5586
    7.5000  -37.5000  -15.0000 2684.0015   15.8400
   -7.5000  -30.0000  -15.0000 2724.8076   15.3559
    0.0000  -30.0000  -15.0000 2733.6584   15.4113
    7.5000  -30.0000  -15.0000 2703.3228   15.7285
   -7.5000  -22.5000  -15.0000 2740.2102   15.3396
    0.0000  -22.5000  -15.0000 2744.8225   15.3879
    7.5000  -22.5000  -15.0000 2726.3452   15.7233
   -7.5000  -15.0000  -15.0000 2759.0884   15.3545
    0.0000  -15.0000  -15.0000 2764.0547   15.4404
    7.5000  -15.0000  -15.0000 2741.1626   15.6708
   -7.5000   -7.5000  -15.0000 2766.4106   15.3842
    0.0000   -7.5000  -15.0000 2782.5127   15.4274
    7.5000   -7.5000  -15.0000 2755.2021   15.7036
   -7.5000    0.0000  -15.0000 2762.1472   15.5220
    0.0000    0.0000  -15.0000 2786.7468   15.5734
    7.5000    0.0000  -15.0000 2759.5227   15.8720
   -7.5000    7.5000  -15.0000 2756.9387   15.9126
    0.0000    7.5000  -15.0000 2788.6562   15.9338
    7.5000    7.5000  -15.0000 2764.3872   16.2182
   -7.5000   15.0000  -15.0000 2741.7864   16.5691
    0.0000   15.0000  -15.0000 2780.2549   16.5381
    7.5000   15.0000  -15.0000 2754.0718   16.7554
   -7.5000   22.5000  -15.0000 2697.8306   17.4038
    0.0000   22.5000  -15.0000 2740.0745   17.3760
    7.5000   22.5000  -15.0000 2717.9827   17.5814
   -7.5000   30.0000  -15.0000 2619.5791   18.3948
    0.0000   30.0000  -15.0000 2652.9761   18.3606
    7.5000   30.0000  -15.0000 2642.0039   18.5530
   -7.5000   37.5000  -15.0000 2523.5713   19.6366
    0.0000   37.5000  -15.0000 2549.7693   19.5398
    7.5000   37.5000  -15.0000 2532.5698   19.8185
   -7.5000   45.0000  -15.0000 2396.9651   21.3364
    0.0000   45.0000  -15.0000 2415.3752   21.2271
    7.5000   45.0000  -15.0000 2401.9282   21.5428
   -7.5000  -45.0000   -7.5000 2702.7761   15.1300
    0.0000  -45.0000   -7.5000 2718.6370   15.1597
    7.5000  -45.0000   -7.5000 2697.4224   15.5265
   -7.5000  -37.5000   -7.5000 2730.7161   14.8162
    0.0000  -37.5000   -7.5000 2745.2212   14.8254
    7.5000  -37.5000   -7.5000 2716.0393   15.1528
   -7.5000  -30.0000   -7.5000 2750.3137   14.6418
    0.0000  -30.0000   -7.5000 2756.9004   14.6217
    7.5000  -30.0000   -7.5000 2740.2053   14.9486
   -7.5000  -22.5000   -7.5000 2777.0830   14.5818
    0.0000  -22.5000   -7.5000 2782.9963   14.5997
    7.5000  -22.5000   -7.5000 2768.3335   14.8808
   -7.5000  -15.0000   -7.5000 2792.1340   14.6189
    0.0000  -15.0000   -7.5000 2810.4487   14.6604
    7.5000  -15.0000   -7.5000 2788.7546   14.8599
   -7.5000   -7.5000   -7.5000 2810.7559   14.7077
    0.0000   -7.5000   -7.5000 2834.4690   14.7240
    7.5000   -7.5000   -7.5000 2810.5203   14.9099
   -7.5000    0.0000   -7.5000 2818.3564   14.8427
    0.0000    0.0000   -7.5000 2859.4956   14.9152
    7.5000    0.0000   -7.5000 2830.3457   15.1133
   -7.5000    7.5000   -7.5000 2825.5334   15.2087
    0.0000    7.5000   -7.5000 2866.1316   15.2608
    7.5000    7.5000   -7.5000 2834.3037   15.4921
   -7.5000   15.0000   -7.5000 2810.8618   15.8282
    0.0000   15.0000   -7.5000 2848.9634   15.8536
    7.5000   15.0000   -7.5000 2822.2329   16.0337
   -7.5000   22.5000   -7.5000 2764.8665   16.6155
    0.0000   22.5000   -7.5000 2806.9502   16.6296
    7.5000   22.5000   -7.5000 2786.8567   16.7817
   -7.5000   30.0000   -7.5000 2681.3823   17.5785
    0.0000   30.0000   -7.5000 2718.3921   17.5323
    7.5000   30.0000   -7.5000 2702.7517   17.7147
   -7.5000   37.5000   -7.5000 2577.7014   18.8412
    0.0000   37.5000   -7.5000 2605.2581   18.7371
    7.5000   37.5000   -7.5000 2589.3977   18.9429
   -7.5000   45.0000   -7.5000 2445.8035   20.5600
    0.0000   45.0000   -7.5000 2463.2795   20.3894
    7.5000   45.0000   -7.5000 2448.7837   20.6779
   -7.5000  -45.0000    0.0000 2710.0000   14.7667
    0.0000  -45.0000    0.0000 2718.5603   14.7307
    7.5000  -45.0000    0.0000 2704.2805   15.0892
   -7.5000  -37.5000    0.0000 2727.1555   14.4557
    0.0000  -37.5000    0.0000 2737.0391   14.4193
    7.5000  -37.5000    0.0000 2724.7290   14.7524
   -7.5000  -30.0000    0.0000 2752.6526   14.2401
    0.0000  -30.0000    0.0000 2762.4338   14.2297
    7.5000  -30.0000    0.0000 2750.3945   14.5053
   -7.5000  -22.5000    0.0000 2785.5830   14.1924
    0.0000  -22.5000    0.0000 2795.3914   14.1929
    7.5000  -22.5000    0.0000 2787.0225   14.3965
   -7.5000  -15.0000    0.0000 2813.0225   14.2304
    0.0000  -15.0000    0.0000 2834.0461   14.2297
    7.5000  -15.0000    0.0000 2822.3447   14.3697
   -7.5000   -7.5000    0.0000 2841.7957   14.3891
    0.0000   -7.5000    0.0000 2871.7212   14.3913
    7.5000   -7.5000    0.0000 2855.1655   14.4180
   -7.5000    0.0000    0.0000 2865.1899   14.6312
    0.0000    0.0000    0.0000 2913.9392   14.6468
    7.5000    0.0000    0.0000 2883.6506   14.6470
   -7.5000    7.5000    0.0000 2879.5649   14.8938
    0.0000    7.5000    0.0000 2925.9258   14.9094
    7.5000    7.5000    0.0000 2888.8589   14.9725
   -7.5000   15.0000    0.0000 2857.9568   15.3496
    0.0000   15.0000    0.0000 2898.8306   15.3154
    7.5000   15.0000    0.0000 2868.1362   15.4089
   -7.5000   22.5000    0.0000 2802.9971   16.1375
    0.0000   22.5000    0.0000 2842.8774   15.9722
    7.5000   22.5000    0.0000 2817.7380   16.0679
   -7.5000   30.0000    0.0000 2713.3931   17.1871
    0.0000   30.0000    0.0000 2751.9124   16.9608
    7.5000   30.0000    0.0000 2731.2517   17.0854
   -7.5000   37.5000    0.0000 2606.9641   18.4697
    0.0000   37.5000    0.0000 2632.3516   18.2611
    7.5000   37.5000    0.0000 2617.3875   18.4179
   -7.5000   45.0000    0.0000 2474.6694   20.1700
    0.0000   45.0000    0.0000 2490.1523   19.9333
    7.5000   45.0000    0.0000 2472.2549   20.0900
   -7.5000  -45.0000    7.5000 2694.8350   14.6658
    0.0000  -45.0000    7.5000 2706.3079   14.6427
    7.5000  -45.0000    7.5000 2694.6201   14.9674
   -7.5000  -37.5000    7.5000 2711.1118   14.3649
    0.0000  -37.5000    7.5000 2726.4639   14.3514
    7.5000  -37.5000    7.5000 2716.1309   14.6347
   -7.5000  -30.0000    7.5000 2736.7070   14.1939
    0.0000  -30.0000    7.5000 2749.0002   14.1747
    7.5000  -30.0000    7.5000 2745.2605   14.3755
   -7.5000  -22.5000    7.5000 2771.8911   14.1287
    0.0000  -22.5000    7.5000 2788.2954   14.1137
    7.5000  -22.5000    7.5000 2783.6243   14.2258
   -7.5000  -15.0000    7.5000 2815.9121   14.1839
    0.0000  -15.0000    7.5000 2834.6670   14.1460
    7.5000  -15.0000    7.5000 2824.2891   14.1847
   -7.5000   -7.5000    7.5000 2864.1597   14.3850
    0.0000   -7.5000    7.5000 2890.2932   14.3560
    7.5000   -7.5000    7.5000 2871.4475   14.2467
   -7.5000    0.0000    7.5000 2898.3589   14.5853
    0.0000    0.0000    7.5000 2941.2280   14.5830
    7.5000    0.0000    7.5000 2905.7070   14.4324
   -7.5000    7.5000    7.5000 2910.7795   14.8458
    0.0000    7.5000    7.5000 2959.6208   14.7455
    7.5000    7.5000    7.5000 2916.0435   14.6468
   -7.5000   15.0000    7.5000 2886.7515   15.1611
    0.0000   15.0000    7.5000 2927.6724   14.9414
    7.5000   15.0000    7.5000 2889.4229   14.9901
   -7.5000   22.5000    7.5000 2820.8477   15.8709
    0.0000   22.5000    7.5000 2860.5061   15.6274
    7.5000   22.5000    7.5000 2827.6638   15.7019
   -7.5000   30.0000    7.5000 2726.9500   16.9286
    0.0000   30.0000    7.5000 2766.0439   16.7068
    7.5000   30.0000    7.5000 2742.8252   16.7992
   -7.5000   37.5000    7.5000 2610.3000   18.3075
    0.0000   37.5000    7.5000 2630.1868   18.1647
    7.5000   37.5000    7.5000 2616.1826   18.2821
   -7.5000   45.0000    7.5000 2474.0637   20.0525
    0.0000   45.0000    7.5000 2485.5620   19.9192
    7.5000   45.0000    7.5000 2472.2866   19.9982
   -7.5000  -45.0000   15.0000 2674.1138   14.9027
    0.0000  -45.0000   15.0000 2693.8127   14.8638
    7.5000  -45.0000   15.0000 2680.6523   15.1155
   -7.5000  -37.5000   15.0000 2693.2610   14.6384
    0.0000  -37.5000   15.0000 2709.5725   14.5799
    7.5000  -37.5000   15.0000 2696.3550   14.7600
   -7.5000  -30.0000   15.0000 2711.5620   14.4462
    0.0000  -30.0000   15.0000 2726.9136   14.3981
    7.5000  -30.0000   15.0000 2720.4226   14.5278
   -7.5000  -22.5000   15.0000 2743.1782   14.3085
    0.0000  -22.5000   15.0000 2761.1609   14.2556
    7.5000  -22.5000   15.0000 2756.7974   14.3161
   -7.5000  -15.0000   15.0000 2794.1060   14.2949
    0.0000  -15.0000   15.0000 2813.8406   14.2683
    7.5000  -15.0000   15.0000 2802.1650   14.2579
   -7.5000   -7.5000   15.0000 2851.7283   14.3935
    0.0000   -7.5000   15.0000 2874.4031   14.4111
    7.5000   -7.5000   15.0000 2851.5134   14.3130
   -7.5000    0.0000   15.0000 2888.2917   14.6224
    0.0000    0.0000   15.0000 2924.9663   14.6500
    7.5000    0.0000   15.0000 2890.8652   14.5563
   -7.5000    7.5000   15.0000 2904.5146   14.9103
    0.0000    7.5000   15.0000 2943.9023   14.7773
    7.5000    7.5000   15.0000 2904.0515   14.7196
   -7.5000   15.0000   15.0000 2873.0293   15.3366
    0.0000   15.0000   15.0000 2922.6643   15.0755
    7.5000   15.0000   15.0000 2878.2214   15.0762
   -7.5000   22.5000   15.0000 2800.3093   16.0309
    0.0000   22.5000   15.0000 2846.1667   15.8471
    7.5000   22.5000   15.0000 2818.1372   15.8772
   -7.5000   30.0000   15.0000 2700.5564   17.0218
    0.0000   30.0000   15.0000 2745.1587   16.8531
    7.5000   30.0000   15.0000 2731.6196   16.9526
   -7.5000   37.5000   15.0000 2582.2627   18.4204
    0.0000   37.5000   15.0000 2610.8271   18.2346
    7.5000   37.5000   15.0000 2604.0483   18.3890
   -7.5000   45.0000   15.0000 2450.2866   20.1739
    0.0000   45.0000   15.0000 2464.9465   20.0113
    7.5000   45.0000   15.0000 2457.8423   20.2074
   -7.5000  -45.0000   22.5000 2640.6160   15.4036
    0.0000  -45.0000   22.5000 2664.2864   15.3102
    7.5000  -45.0000   22.5000 2650.3477   15.5178
   -7.5000  -37.5000   22.5000 2660.3352   15.0922
    0.0000  -37.5000   22.5000 2679.5027   14.9725
    7.5000  -37.5000   22.5000 2670.3850   15.1316
   -7.5000  -30.0000   22.5000 2682.4119   14.8288
    0.0000  -30.0000   22.5000 2697.7786   14.7431
    7.5000  -30.0000   22.5000 2695.3662   14.8575
   -7.5000  -22.5000   22.5000 2713.1924   14.6319
    0.0000  -22.5000   22.5000 2728.9575   14.5450
    7.5000  -22.5000   22.5000 2728.8196   14.6569
   -7.5000  -15.0000   22.5000 2757.0166   14.5689
    0.0000  -15.0000   22.5000 2773.7876   14.4821
    7.5000  -15.0000   22.5000 2775.8918   14.5545
   -7.5000   -7.5000   22.5000 2809.6807   14.6424
    0.0000   -7.5000   22.5000 2831.4143   14.5941
    7.5000   -7.5000   22.5000 2822.3230   14.6222
   -7.5000    0.0000   22.5000 2851.2268   14.8267
    0.0000    0.0000   22.5000 2879.0564   14.7350
    7.5000    0.0000   22.5000 2861.1423   14.8112
   -7.5000    7.5000   22.5000 2865.4854   15.1704
    0.0000    7.5000   22.5000 2902.6252   14.9301
    7.5000    7.5000   22.5000 2875.4922   15.0382
   -7.5000   15.0000   22.5000 2829.1206   15.6719
    0.0000   15.0000   22.5000 2879.0303   15.4151
    7.5000   15.0000   22.5000 2847.5090   15.5358
   -7.5000   22.5000   22.5000 2749.3245   16.4612
    0.0000   22.5000   22.5000 2796.1743   16.2894
    7.5000   22.5000   22.5000 2778.7505   16.4010
   -7.5000   30.0000   22.5000 2649.6968   17.5517
    0.0000   30.0000   22.5000 2692.4116   17.3811
    7.5000   30.0000   22.5000 2680.5557   17.5127
   -7.5000   37.5000   22.5000 2538.2083   18.9181
    0.0000   37.5000   22.5000 2570.1257   18.6709
    7.5000   37.5000   22.5000 2564.4910   18.8531
   -7.5000   45.0000   22.5000 2406.1270   20.6432
    0.0000   45.0000   22.5000 2431.9949   20.4739
    7.5000   45.0000   22.5000 2421.4192   20.6500
   -7.5000  -45.0000   30.0000 2586.3972   16.0036
    0.0000  -45.0000   30.0000 2614.1379   15.8548
    7.5000  -45.0000   30.0000 2598.6572   16.0875
   -7.5000  -37.5000   30.0000 2609.8025   15.6401
    0.0000  -37.5000   30.0000 2635.3354   15.4779
    7.5000  -37.5000   30.0000 2620.9836   15.6695
   -7.5000  -30.0000   30.0000 2638.6145   15.3804
    0.0000  -30.0000   30.0000 2659.0156   15.1828
    7.5000  -30.0000   30.0000 2651.7700   15.3599
   -7.5000  -22.5000   30.0000 2664.8533   15.2177
    0.0000  -22.5000   30.0000 2687.1687   15.0357
    7.5000  -22.5000   30.0000 2683.0120   15.1837
   -7.5000  -15.0000   30.0000 2702.8647   15.1625
    0.0000  -15.0000   30.0000 2721.8250   14.9941
    7.5000  -15.0000   30.0000 2725.9141   15.1090
   -7.5000   -7.5000   30.0000 2746.8118   15.1938
    0.0000   -7.5000   30.0000 2771.4807   15.0195
    7.5000   -7.5000   30.0000 2771.0559   15.1135
   -7.5000    0.0000   30.0000 2780.0178   15.3464
    0.0000    0.0000   30.0000 2808.3765   15.1332
    7.5000    0.0000   30.0000 2800.7019   15.2527
   -7.5000    7.5000   30.0000 2790.4265   15.6763
    0.0000    7.5000   30.0000 2826.1484   15.3872
    7.5000    7.5000   30.0000 2809.9602   15.5344
   -7.5000   15.0000   30.0000 2754.2717   16.2738
    0.0000   15.0000   30.0000 2792.2090   15.9878
    7.5000   15.0000   30.0000 2778.8230   16.1317
   -7.5000   22.5000   30.0000 2682.9102   17.1056
    0.0000   22.5000   30.0000 2720.4194   16.9084
    7.5000   22.5000   30.0000 2714.3896   17.0405
   -7.5000   30.0000   30.0000 2586.3696   18.2398
    0.0000   30.0000   30.0000 2622.7488   18.0063
    7.5000   30.0000   30.0000 2618.4258   18.1877
   -7.5000   37.5000   30.0000 2480.4292   19.6520
    0.0000   37.5000   30.0000 2510.5725   19.3848
    7.5000   37.5000   30.0000 2502.4004   19.5824
   -7.5000   45.0000   30.0000 2353.0054   21.3713
    0.0000   45.0000   30.0000 2382.2800   21.0979
    7.5000   45.0000   30.0000 2379.5938   21.2679
   -7.5000  -45.0000   37.5000 2526.1611   16.7175
    0.0000  -45.0000   37.5000 2553.0303   16.5064
    7.5000  -45.0000   37.5000 2544.2893   16.7427
   -7.5000  -37.5000   37.5000 2554.5166   16.3784
    0.0000  -37.5000   37.5000 2574.6680   16.0928
    7.5000  -37.5000   37.5000 2569.3879   16.3306
   -7.5000  -30.0000   37.5000 2578.6680   16.0648
    0.0000  -30.0000   37.5000 2597.2029   15.7802
    7.5000  -30.0000   37.5000 2595.9138   16.0229
   -7.5000  -22.5000   37.5000 2607.5249   15.9124
    0.0000  -22.5000   37.5000 2627.1328   15.6406
    7.5000  -22.5000   37.5000 2627.1912   15.8519
   -7.5000  -15.0000   37.5000 2636.1284   15.8677
    0.0000  -15.0000   37.5000 2660.6584   15.6122
    7.5000  -15.0000   37.5000 2662.9490   15.7762
   -7.5000   -7.5000   37.5000 2674.3181   15.9302
    0.0000   -7.5000   37.5000 2704.1106   15.6656
    7.5000   -7.5000   37.5000 2695.6477   15.8240
   -7.5000    0.0000   37.5000 2698.1042   16.0622
    0.0000    0.0000   37.5000 2727.8748   15.7588
    7.5000    0.0000   37.5000 2716.4241   15.9282
   -7.5000    7.5000   37.5000 2706.0879   16.3975
    0.0000    7.5000   37.5000 2733.9131   16.0728
    7.5000    7.5000   37.5000 2721.8723   16.2670
   -7.5000   15.0000   37.5000 2669.3000   17.0179
    0.0000   15.0000   37.5000 2697.1760   16.7304
    7.5000   15.0000   37.5000 2692.7908   16.8746
   -7.5000   22.5000   37.5000 2601.9541   17.9197
    0.0000   22.5000   37.5000 2635.6426   17.6661
    7.5000   22.5000   37.5000 2633.4543   17.7931
   -7.5000   30.0000   37.5000 2512.1370   19.0574
    0.0000   30.0000   37.5000 2547.3845   18.7682
    7.5000   30.0000   37.5000 2543.4033   18.9142
   -7.5000   37.5000   37.5000 2407.2607   20.4424
    0.0000   37.5000   37.5000 2445.0737   20.1408
    7.5000   37.5000   37.5000 2439.7195   20.2846
   -7.5000   45.0000   37.5000 2291.7173   22.2480
    0.0000   45.0000   37.5000 2324.3105   21.9854
    7.5000   45.0000   37.5000 2319.8862   22.1058
   -7.5000  -45.0000   45.0000 2466.5405   17.6035
    0.0000  -45.0000   45.0000 2486.6636   17.2964
    7.5000  -45.0000   45.0000 2484.8850   17.5784
   -7.5000  -37.5000   45.0000 2495.0806   17.3235
    0.0000  -37.5000   45.0000 2516.6499   16.9468
    7.5000  -37.5000   45.0000 2514.8164   17.1858
   -7.5000  -30.0000   45.0000 2521.2908   17.0122
    0.0000  -30.0000   45.0000 2539.1160   16.6233
    7.5000  -30.0000   45.0000 2533.6924   16.8797
   -7.5000  -22.5000   45.0000 2545.5481   16.8411
    0.0000  -22.5000   45.0000 2561.9285   16.4848
    7.5000  -22.5000   45.0000 2559.3516   16.7113
   -7.5000  -15.0000   45.0000 2562.3708   16.7664
    0.0000  -15.0000   45.0000 2587.0061   16.4022
    7.5000  -15.0000   45.0000 2587.2961   16.6451
   -7.5000   -7.5000   45.0000 2585.9370   16.8133
    0.0000   -7.5000   45.0000 2609.9197   16.4825
    7.5000   -7.5000   45.0000 2606.0864   16.6566
   -7.5000    0.0000   45.0000 2610.8357   17.0025
    0.0000    0.0000   45.0000 2632.3606   16.6563
    7.5000    0.0000   45.0000 2621.8655   16.7987
   -7.5000    7.5000   45.0000 2603.7661   17.3948
    0.0000    7.5000   45.0000 2628.8818   17.0844
    7.5000    7.5000   45.0000 2616.8396   17.2447
   -7.5000   15.0000   45.0000 2570.0066   18.0376
    0.0000   15.0000   45.0000 2593.4148   17.7721
    7.5000   15.0000   45.0000 2589.6702   17.9270
   -7.5000   22.5000   45.0000 2510.6897   18.9811
    0.0000   22.5000   45.0000 2542.6777   18.6804
    7.5000   22.5000   45.0000 2539.7434   18.8463
   -7.5000   30.0000   45.0000 2431.5071   20.1505
    0.0000   30.0000   45.0000 2463.8523   19.7727
    7.5000   30.0000   45.0000 2465.2090   19.9032
   -7.5000   37.5000   45.0000 2335.1091   21.4806
    0.0000   37.5000   45.0000 2368.9146   21.0858
    7.5000   37.5000   45.0000 2367.2551   21.2485
   -7.5000   45.0000   45.0000 2224.8962   23.3410
    0.0000   45.0000   45.0000 2259.9087   22.9828
    7.5000   45.0000   45.0000 2257.3359   23.0922

---------------------------------------------------------------------
imgreg_4dfp /opt/freesurfer/average/711-2C_as_mni_average_305 /opt/freesurfer/average/711-2B_as_mni_average_305_mask talsrcimg_g11 none talsrcimg_to_711-2C_as_mni_average_305_t4 1283
---------------------------------------------------------------------

freesurfer imgreg_4dfp.c
/opt/freesurfer/average/711-2C_as_mni_average_305.4dfp.img
       256       256       256         1
  1.000000  1.000000  1.000000
orientation T byte_order littleendian
Reading image: /opt/freesurfer/average/711-2C_as_mni_average_305.4dfp.img
dimensions:      256       256       256
mmppix:       1.0000   -1.0000   -1.0000
center:     128.0000 -129.0000 -129.0000
/opt/freesurfer/average/711-2B_as_mni_average_305_mask.4dfp.img
       256       256       256         1
  1.000000  1.000000  1.000000
orientation T byte_order littleendian
Reading mask: /opt/freesurfer/average/711-2B_as_mni_average_305_mask.4dfp.img (2306576 pixels)
talsrcimg_g11.4dfp.img
       256       256       256         1
  1.000000  1.000000  1.000000
orientation T byte_order littleendian
Reading image: talsrcimg_g11.4dfp.img
dimensions:      256       256       256
mmppix:       1.0000   -1.0000   -1.0000
center:     128.0000 -129.0000 -129.0000
rotation matrix determinant  1.000000
fimgreg.f
image alignment mode   1283 decimal      503 hex
parameters
    0.0000    7.5000    7.5000    0.0000    0.0000    0.0000
eta,q 0.92762 14.83830
niter,ni,del,rscale     5    3   12.0000    1.2000
parameter  4  0.620647 ->  0.500000 qaram    1.1500
parameter  5  0.556276 ->  0.500000 qaram    1.1500
parameters
    0.4122    7.9155   10.3335   -3.4500   -3.4500   -2.6796
eta,q 0.93860 14.77035
  0.0836  0.0789  0.0798  0.0657  0.0654  0.0633
  0.0745  0.0736  0.0756  0.0658  0.0631  0.0614
  0.0693  0.0695  0.0721  0.0663  0.0633  0.0616
  0.0686  0.0682  0.0687  0.0673  0.0659  0.0629
  0.0699  0.0699  0.0671  0.0692  0.0691  0.0647
  0.0733  0.0728  0.0679  0.0729  0.0733  0.0673
  0.0787  0.0756  0.0695  0.0782  0.0787  0.0717
niter,ni,del,rscale     6    3   12.0000    1.2000
parameters
    1.0050    7.1751    7.7110   -5.2447   -4.2380   -2.2693
eta,q 0.94136 14.81615
  0.0809  0.0675  0.0625  0.0615  0.0667  0.0633
  0.0717  0.0632  0.0589  0.0601  0.0623  0.0607
  0.0639  0.0613  0.0585  0.0590  0.0591  0.0586
  0.0614  0.0616  0.0614  0.0582  0.0588  0.0585
  0.0636  0.0629  0.0639  0.0596  0.0616  0.0593
  0.0684  0.0662  0.0659  0.0646  0.0652  0.0605
  0.0737  0.0710  0.0691  0.0712  0.0709  0.0615
niter,ni,del,rscale     5    3   12.0000    1.2000
parameters
    1.1185    8.3670    7.4545   -6.3182   -4.3773   -1.7016
eta,q 0.94176 14.85046
  0.0761  0.0682  0.0661  0.0605  0.0676  0.0634
  0.0657  0.0637  0.0611  0.0605  0.0630  0.0603
  0.0595  0.0605  0.0585  0.0589  0.0590  0.0582
  0.0586  0.0587  0.0583  0.0581  0.0582  0.0582
  0.0617  0.0581  0.0612  0.0582  0.0602  0.0586
  0.0667  0.0592  0.0635  0.0606  0.0633  0.0599
  0.0728  0.0632  0.0654  0.0655  0.0682  0.0611
niter,ni,del,rscale     4    3   12.0000    1.2000
parameters
    1.2170    8.5977    6.9631   -7.3575   -4.4984   -1.6020
eta,q 0.94133 14.91023
  0.0757  0.0652  0.0651  0.0602  0.0673  0.0634
  0.0657  0.0621  0.0609  0.0596  0.0629  0.0600
  0.0593  0.0601  0.0586  0.0597  0.0595  0.0582
  0.0582  0.0583  0.0582  0.0579  0.0586  0.0586
  0.0609  0.0587  0.0612  0.0582  0.0602  0.0595
  0.0660  0.0609  0.0637  0.0599  0.0634  0.0605
  0.0733  0.0650  0.0657  0.0640  0.0677  0.0622
niter,ni,del,rscale     3    3   12.0000    1.2000
parameters
    1.2245    8.9232    6.2872   -9.0628   -4.6895   -1.9645
eta,q 0.94057 14.98958
  0.0754  0.0652  0.0645  0.0595  0.0664  0.0631
  0.0654  0.0617  0.0608  0.0581  0.0625  0.0602
  0.0594  0.0600  0.0591  0.0594  0.0604  0.0591
  0.0587  0.0587  0.0586  0.0585  0.0595  0.0595
  0.0613  0.0593  0.0610  0.0581  0.0606  0.0600
  0.0665  0.0609  0.0639  0.0598  0.0635  0.0612
  0.0739  0.0641  0.0662  0.0636  0.0669  0.0636
niter,ni,del,rscale     2    3   12.0000    1.2000
parameters
    1.2384    9.6391    5.1232  -12.1866   -4.2799   -3.3187
eta,q 0.94410 14.96543
  0.0753  0.0657  0.0635  0.0583  0.0661  0.0581
  0.0655  0.0606  0.0595  0.0564  0.0612  0.0568
  0.0598  0.0586  0.0585  0.0565  0.0576  0.0561
  0.0594  0.0594  0.0596  0.0589  0.0559  0.0559
  0.0620  0.0593  0.0613  0.0588  0.0568  0.0569
  0.0666  0.0597  0.0637  0.0598  0.0597  0.0591
  0.0736  0.0623  0.0665  0.0633  0.0640  0.0624
niter,ni,del,rscale     1    3   12.0000    1.2000
parameters
    0.7736   11.8279    4.2847  -15.2416   -3.9138   -3.5394
eta,q 0.94806 14.96018
  0.0703  0.0675  0.0628  0.0544  0.0665  0.0561
  0.0610  0.0623  0.0572  0.0532  0.0602  0.0534
  0.0563  0.0576  0.0536  0.0519  0.0549  0.0520
  0.0559  0.0556  0.0544  0.0536  0.0522  0.0520
  0.0595  0.0545  0.0577  0.0562  0.0527  0.0529
  0.0660  0.0542  0.0626  0.0592  0.0578  0.0541
  0.0736  0.0576  0.0668  0.0623  0.0644  0.0562
registration optimization eta report
parameter search radius
    6.0000    6.0000    6.0000    6.9000    6.9000    6.0000
100000*second partial in parameter space
       44.       20.       29.       10.       28.       12.
  0.0703  0.0675  0.0628  0.0544  0.0665  0.0561
  0.0610  0.0623  0.0572  0.0532  0.0602  0.0534
  0.0563  0.0576  0.0536  0.0519  0.0549  0.0520
  0.0559  0.0556  0.0544  0.0536  0.0522  0.0520
  0.0595  0.0545  0.0577  0.0562  0.0527  0.0529
  0.0660  0.0542  0.0626  0.0592  0.0578  0.0541
  0.0736  0.0576  0.0668  0.0623  0.0644  0.0562
    0.7736   11.8279    4.2847  -15.2416   -3.9138   -3.5394
eta,q 0.94806 14.96018

---------------------------------------------------------------------
imgreg_4dfp /opt/freesurfer/average/711-2C_as_mni_average_305 /opt/freesurfer/average/711-2B_as_mni_average_305_mask talsrcimg_g11 none talsrcimg_to_711-2C_as_mni_average_305_t4 3335
---------------------------------------------------------------------

freesurfer imgreg_4dfp.c
/opt/freesurfer/average/711-2C_as_mni_average_305.4dfp.img
       256       256       256         1
  1.000000  1.000000  1.000000
orientation T byte_order littleendian
Reading image: /opt/freesurfer/average/711-2C_as_mni_average_305.4dfp.img
dimensions:      256       256       256
mmppix:       1.0000   -1.0000   -1.0000
center:     128.0000 -129.0000 -129.0000
/opt/freesurfer/average/711-2B_as_mni_average_305_mask.4dfp.img
       256       256       256         1
  1.000000  1.000000  1.000000
orientation T byte_order littleendian
Reading mask: /opt/freesurfer/average/711-2B_as_mni_average_305_mask.4dfp.img (2306576 pixels)
talsrcimg_g11.4dfp.img
       256       256       256         1
  1.000000  1.000000  1.000000
orientation T byte_order littleendian
Reading image: talsrcimg_g11.4dfp.img
dimensions:      256       256       256
mmppix:       1.0000   -1.0000   -1.0000
center:     128.0000 -129.0000 -129.0000
fimgreg.f
image alignment mode   3335 decimal      D07 hex
parameters
    0.7736   11.8279    4.2847   -0.4235   -3.5906   -3.7424
    4.1653    8.1958   -6.1590   25.8323   -6.8255  -26.2276
eta,q 0.94856 14.96666
niter,ni,del,rscale     5    3    5.0000    1.2000
parameter  2 -1.127784 -> -0.500000 qaram    1.1500
parameter  4  1.069911 ->  0.500000 qaram    1.1500
parameter  5  2.609814 ->  0.500000 qaram    1.1500
parameter  6  1.041300 ->  0.500000 qaram    1.1500
parameter 11 -0.550556 -> -0.500000 qaram    1.1500
parameters
    0.8404   13.2079    3.5133   -4.5635   -7.7306   -7.8824
    3.0777    8.0676   -4.1433   26.6051   -2.6855  -23.7557
eta,q 0.96256 14.67824
  0.0552  0.0561  0.0508  0.0464  0.0402  0.0376  0.0413  0.0443  0.0416  0.0422  0.0421  0.0413
  0.0532  0.0542  0.0501  0.0467  0.0418  0.0382  0.0395  0.0410  0.0401  0.0403  0.0404  0.0396
  0.0519  0.0527  0.0498  0.0478  0.0440  0.0397  0.0386  0.0390  0.0390  0.0390  0.0391  0.0384
  0.0514  0.0514  0.0501  0.0498  0.0469  0.0423  0.0385  0.0384  0.0384  0.0383  0.0382  0.0377
  0.0517  0.0505  0.0508  0.0526  0.0499  0.0462  0.0394  0.0393  0.0383  0.0383  0.0378  0.0374
  0.0529  0.0499  0.0518  0.0559  0.0531  0.0510  0.0412  0.0415  0.0386  0.0392  0.0377  0.0377
  0.0549  0.0497  0.0532  0.0596  0.0566  0.0563  0.0435  0.0446  0.0393  0.0410  0.0380  0.0383
niter,ni,del,rscale     7    3    5.0000    1.2000
parameter  2 -0.759176 -> -0.500000 qaram    1.3225
parameter  5  1.365708 ->  0.500000 qaram    1.3225
parameters
    1.1424   14.7949    3.5836   -6.5870  -12.4916  -11.4380
    2.8186    7.8147   -3.7163   26.4494   -1.2379  -24.7078
eta,q 0.96890 14.11092
  0.0426  0.0451  0.0383  0.0376  0.0314  0.0334  0.0345  0.0367  0.0338  0.0348  0.0336  0.0328
  0.0400  0.0420  0.0367  0.0365  0.0323  0.0317  0.0326  0.0337  0.0324  0.0328  0.0325  0.0319
  0.0383  0.0394  0.0358  0.0357  0.0337  0.0314  0.0315  0.0319  0.0316  0.0316  0.0317  0.0312
  0.0374  0.0374  0.0355  0.0355  0.0356  0.0326  0.0313  0.0313  0.0313  0.0312  0.0312  0.0311
  0.0375  0.0360  0.0358  0.0365  0.0384  0.0347  0.0318  0.0320  0.0314  0.0317  0.0312  0.0317
  0.0385  0.0354  0.0366  0.0390  0.0416  0.0381  0.0330  0.0343  0.0320  0.0330  0.0316  0.0327
  0.0406  0.0359  0.0379  0.0427  0.0449  0.0427  0.0349  0.0375  0.0333  0.0351  0.0325  0.0340
niter,ni,del,rscale     7    3    5.0000    1.2000
parameter  5  0.559075 ->  0.500000 qaram    1.5209
parameters
    1.1643   15.4535    3.6446   -6.3090  -17.9668  -11.4519
    2.5889    7.7538   -4.1644   26.6241   -0.9477  -25.6612
eta,q 0.97072 13.80240
  0.0354  0.0382  0.0337  0.0342  0.0304  0.0346  0.0329  0.0352  0.0317  0.0336  0.0314  0.0312
  0.0331  0.0349  0.0322  0.0324  0.0294  0.0321  0.0309  0.0321  0.0304  0.0314  0.0304  0.0301
  0.0316  0.0325  0.0312  0.0314  0.0297  0.0302  0.0297  0.0301  0.0296  0.0299  0.0297  0.0294
  0.0311  0.0311  0.0308  0.0308  0.0308  0.0293  0.0294  0.0293  0.0293  0.0293  0.0293  0.0293
  0.0315  0.0309  0.0311  0.0307  0.0326  0.0302  0.0299  0.0300  0.0298  0.0298  0.0295  0.0299
  0.0330  0.0319  0.0320  0.0317  0.0354  0.0319  0.0313  0.0322  0.0308  0.0311  0.0301  0.0310
  0.0353  0.0342  0.0334  0.0341  0.0389  0.0348  0.0333  0.0354  0.0324  0.0332  0.0311  0.0325
niter,ni,del,rscale     7    3    5.0000    1.2000
parameters
    1.1486   15.6393    3.7554   -6.4348  -17.7181  -11.3848
    2.5860    7.7051   -4.2291   26.8709   -0.9943  -25.7024
eta,q 0.97072 13.82585
  0.0336  0.0357  0.0322  0.0323  0.0353  0.0347  0.0330  0.0351  0.0319  0.0336  0.0312  0.0318
  0.0312  0.0323  0.0307  0.0305  0.0322  0.0321  0.0309  0.0320  0.0305  0.0313  0.0302  0.0305
  0.0298  0.0302  0.0297  0.0296  0.0299  0.0301  0.0297  0.0300  0.0296  0.0298  0.0296  0.0296
  0.0293  0.0293  0.0293  0.0292  0.0293  0.0293  0.0293  0.0293  0.0293  0.0293  0.0293  0.0293
  0.0298  0.0297  0.0295  0.0294  0.0301  0.0301  0.0298  0.0300  0.0296  0.0297  0.0295  0.0296
  0.0313  0.0315  0.0303  0.0304  0.0318  0.0318  0.0310  0.0322  0.0306  0.0310  0.0302  0.0305
  0.0337  0.0343  0.0317  0.0327  0.0347  0.0347  0.0329  0.0353  0.0320  0.0330  0.0313  0.0319
niter,ni,del,rscale     6    3    5.0000    1.2000
parameters
    1.1487   15.6648    3.7472   -6.4356  -17.7166  -11.3708
    2.5712    7.7116   -4.2521   26.9153   -1.0058  -25.7259
eta,q 0.97072 13.82955
  0.0336  0.0351  0.0320  0.0324  0.0350  0.0347  0.0330  0.0352  0.0319  0.0334  0.0312  0.0318
  0.0312  0.0319  0.0306  0.0306  0.0320  0.0321  0.0309  0.0321  0.0305  0.0312  0.0302  0.0305
  0.0298  0.0299  0.0296  0.0296  0.0298  0.0301  0.0297  0.0301  0.0296  0.0297  0.0296  0.0296
  0.0293  0.0293  0.0293  0.0293  0.0293  0.0293  0.0293  0.0293  0.0293  0.0293  0.0293  0.0293
  0.0298  0.0299  0.0296  0.0294  0.0302  0.0301  0.0298  0.0299  0.0296  0.0298  0.0295  0.0296
  0.0312  0.0318  0.0305  0.0304  0.0320  0.0319  0.0311  0.0321  0.0305  0.0312  0.0302  0.0305
  0.0336  0.0349  0.0321  0.0326  0.0349  0.0348  0.0329  0.0352  0.0320  0.0332  0.0313  0.0318
registration optimization eta report
parameter search radius
    2.4000    3.1740    2.4000    8.2800   10.9503    8.2800
    7.2000    7.2000    7.2000    7.2000    8.2800    7.2000
100000*second partial in parameter space
       76.       56.       47.        5.        5.        8.
        7.       11.        5.        8.        3.        5.
  0.0336  0.0351  0.0320  0.0324  0.0350  0.0347  0.0330  0.0352  0.0319  0.0334  0.0312  0.0318
  0.0312  0.0319  0.0306  0.0306  0.0320  0.0321  0.0309  0.0321  0.0305  0.0312  0.0302  0.0305
  0.0298  0.0299  0.0296  0.0296  0.0298  0.0301  0.0297  0.0301  0.0296  0.0297  0.0296  0.0296
  0.0293  0.0293  0.0293  0.0293  0.0293  0.0293  0.0293  0.0293  0.0293  0.0293  0.0293  0.0293
  0.0298  0.0299  0.0296  0.0294  0.0302  0.0301  0.0298  0.0299  0.0296  0.0298  0.0295  0.0296
  0.0312  0.0318  0.0305  0.0304  0.0320  0.0319  0.0311  0.0321  0.0305  0.0312  0.0302  0.0305
  0.0336  0.0349  0.0321  0.0326  0.0349  0.0348  0.0329  0.0352  0.0320  0.0332  0.0313  0.0318
    1.1487   15.6648    3.7472   -6.4356  -17.7166  -11.3708
    2.5712    7.7116   -4.2521   26.9153   -1.0058  -25.7259
eta,q 0.97072 13.82955

---------------------------------------------------------------------
imgreg_4dfp /opt/freesurfer/average/711-2C_as_mni_average_305 /opt/freesurfer/average/711-2B_as_mni_average_305_mask talsrcimg_g11 none talsrcimg_to_711-2C_as_mni_average_305_t4 2311
---------------------------------------------------------------------

freesurfer imgreg_4dfp.c
/opt/freesurfer/average/711-2C_as_mni_average_305.4dfp.img
       256       256       256         1
  1.000000  1.000000  1.000000
orientation T byte_order littleendian
Reading image: /opt/freesurfer/average/711-2C_as_mni_average_305.4dfp.img
dimensions:      256       256       256
mmppix:       1.0000   -1.0000   -1.0000
center:     128.0000 -129.0000 -129.0000
/opt/freesurfer/average/711-2B_as_mni_average_305_mask.4dfp.img
       256       256       256         1
  1.000000  1.000000  1.000000
orientation T byte_order littleendian
Reading mask: /opt/freesurfer/average/711-2B_as_mni_average_305_mask.4dfp.img (2306576 pixels)
talsrcimg_g11.4dfp.img
       256       256       256         1
  1.000000  1.000000  1.000000
orientation T byte_order littleendian
Reading image: talsrcimg_g11.4dfp.img
dimensions:      256       256       256
mmppix:       1.0000   -1.0000   -1.0000
center:     128.0000 -129.0000 -129.0000
fimgreg.f
image alignment mode   2311 decimal      907 hex
parameters
    1.1487   15.6648    3.7472   -6.4356  -17.7166  -11.3708
    2.5712    7.7116   -4.2521   26.9153   -1.0058  -25.7259
eta,q 0.97072 13.82955
niter,ni,del,rscale     5    3    5.0000    0.8000
parameters
    1.1543   15.6564    3.7630   -5.9775  -18.1054  -11.2864
    2.4869    7.7332   -4.2409   26.8693   -0.9449  -25.7705
eta,q 0.97077 13.83713
  0.0312  0.0308  0.0306  0.0303  0.0303  0.0315  0.0309  0.0320  0.0305  0.0311  0.0300  0.0304
  0.0302  0.0299  0.0299  0.0298  0.0296  0.0303  0.0299  0.0305  0.0298  0.0301  0.0296  0.0298
  0.0295  0.0294  0.0295  0.0294  0.0293  0.0295  0.0294  0.0296  0.0294  0.0294  0.0293  0.0294
  0.0293  0.0293  0.0293  0.0293  0.0293  0.0292  0.0292  0.0292  0.0292  0.0292  0.0292  0.0292
  0.0295  0.0295  0.0294  0.0293  0.0295  0.0296  0.0295  0.0295  0.0294  0.0295  0.0293  0.0294
  0.0301  0.0300  0.0298  0.0295  0.0300  0.0303  0.0301  0.0304  0.0298  0.0301  0.0295  0.0298
  0.0312  0.0308  0.0305  0.0300  0.0306  0.0313  0.0310  0.0320  0.0305  0.0312  0.0300  0.0305
niter,ni,del,rscale     4    3    5.0000    0.7000
parameters
    1.1448   15.6676    3.7956   -5.9666  -18.2105  -11.2902
    2.4783    7.7400   -4.2344   26.8558   -0.9377  -25.7748
eta,q 0.97077 13.82956
  0.0307  0.0304  0.0303  0.0299  0.0302  0.0310  0.0306  0.0314  0.0302  0.0307  0.0298  0.0302
  0.0299  0.0298  0.0297  0.0295  0.0296  0.0300  0.0298  0.0302  0.0297  0.0299  0.0295  0.0297
  0.0294  0.0294  0.0294  0.0293  0.0293  0.0294  0.0294  0.0295  0.0293  0.0294  0.0293  0.0293
  0.0292  0.0292  0.0292  0.0292  0.0292  0.0292  0.0292  0.0292  0.0292  0.0292  0.0292  0.0292
  0.0294  0.0294  0.0293  0.0293  0.0294  0.0295  0.0294  0.0294  0.0293  0.0294  0.0293  0.0293
  0.0299  0.0297  0.0296  0.0295  0.0297  0.0301  0.0298  0.0302  0.0297  0.0299  0.0295  0.0297
  0.0307  0.0304  0.0302  0.0299  0.0302  0.0309  0.0306  0.0314  0.0302  0.0307  0.0298  0.0302
niter,ni,del,rscale     3    3    5.0000    0.6000
parameters
    1.1481   15.6733    3.8032   -5.8937  -18.3023  -11.3255
    2.4590    7.7660   -4.2196   26.8413   -0.9454  -25.7817
eta,q 0.97078 13.82552
  0.0303  0.0301  0.0300  0.0297  0.0299  0.0305  0.0302  0.0308  0.0299  0.0303  0.0296  0.0299
  0.0297  0.0296  0.0296  0.0294  0.0295  0.0298  0.0296  0.0300  0.0295  0.0297  0.0294  0.0295
  0.0293  0.0293  0.0293  0.0293  0.0293  0.0294  0.0293  0.0294  0.0293  0.0293  0.0293  0.0293
  0.0292  0.0292  0.0292  0.0292  0.0292  0.0292  0.0292  0.0292  0.0292  0.0292  0.0292  0.0292
  0.0293  0.0293  0.0293  0.0292  0.0294  0.0294  0.0293  0.0294  0.0293  0.0293  0.0293  0.0293
  0.0297  0.0296  0.0295  0.0294  0.0296  0.0299  0.0297  0.0299  0.0295  0.0297  0.0294  0.0295
  0.0303  0.0301  0.0299  0.0297  0.0300  0.0305  0.0302  0.0308  0.0299  0.0303  0.0296  0.0299
niter,ni,del,rscale     2    3    5.0000    0.5000
parameters
    1.1511   15.6801    3.8053   -5.8168  -18.3770  -11.3574
    2.4474    7.7936   -4.2048   26.8388   -0.9229  -25.7842
eta,q 0.97079 13.82331
  0.0300  0.0298  0.0297  0.0295  0.0297  0.0302  0.0299  0.0303  0.0297  0.0300  0.0295  0.0297
  0.0296  0.0295  0.0294  0.0294  0.0294  0.0296  0.0295  0.0297  0.0294  0.0295  0.0294  0.0294
  0.0293  0.0293  0.0293  0.0293  0.0292  0.0293  0.0293  0.0294  0.0293  0.0293  0.0292  0.0293
  0.0292  0.0292  0.0292  0.0292  0.0292  0.0292  0.0292  0.0292  0.0292  0.0292  0.0292  0.0292
  0.0293  0.0293  0.0293  0.0292  0.0293  0.0294  0.0293  0.0293  0.0293  0.0293  0.0292  0.0293
  0.0296  0.0295  0.0294  0.0293  0.0295  0.0297  0.0295  0.0297  0.0294  0.0295  0.0293  0.0294
  0.0300  0.0298  0.0297  0.0295  0.0297  0.0302  0.0299  0.0303  0.0297  0.0300  0.0295  0.0297
niter,ni,del,rscale     1    3    5.0000    0.4000
parameters
    1.1529   15.6885    3.8061   -5.7512  -18.4511  -11.3919
    2.4328    7.8157   -4.1983   26.8324   -0.9061  -25.8009
eta,q 0.97079 13.82051
  0.0297  0.0296  0.0295  0.0294  0.0295  0.0298  0.0296  0.0299  0.0295  0.0297  0.0294  0.0295
  0.0294  0.0294  0.0294  0.0293  0.0293  0.0295  0.0294  0.0295  0.0294  0.0294  0.0293  0.0293
  0.0293  0.0293  0.0293  0.0292  0.0292  0.0293  0.0293  0.0293  0.0293  0.0293  0.0292  0.0292
  0.0292  0.0292  0.0292  0.0292  0.0292  0.0292  0.0292  0.0292  0.0292  0.0292  0.0292  0.0292
  0.0293  0.0293  0.0292  0.0292  0.0293  0.0293  0.0293  0.0293  0.0292  0.0293  0.0292  0.0292
  0.0294  0.0294  0.0294  0.0293  0.0294  0.0295  0.0294  0.0295  0.0294  0.0294  0.0293  0.0294
  0.0297  0.0296  0.0295  0.0294  0.0296  0.0299  0.0297  0.0299  0.0295  0.0297  0.0294  0.0295
registration optimization eta report
parameter search radius
    0.8000    0.8000    0.8000    2.4000    2.4000    2.4000
    2.4000    2.4000    2.4000    2.4000    2.4000    2.4000
100000*second partial in parameter space
       76.       59.       50.        3.        6.       11.
        8.       12.        6.        8.        3.        6.
  0.0297  0.0296  0.0295  0.0294  0.0295  0.0298  0.0296  0.0299  0.0295  0.0297  0.0294  0.0295
  0.0294  0.0294  0.0294  0.0293  0.0293  0.0295  0.0294  0.0295  0.0294  0.0294  0.0293  0.0293
  0.0293  0.0293  0.0293  0.0292  0.0292  0.0293  0.0293  0.0293  0.0293  0.0293  0.0292  0.0292
  0.0292  0.0292  0.0292  0.0292  0.0292  0.0292  0.0292  0.0292  0.0292  0.0292  0.0292  0.0292
  0.0293  0.0293  0.0292  0.0292  0.0293  0.0293  0.0293  0.0293  0.0292  0.0293  0.0292  0.0292
  0.0294  0.0294  0.0294  0.0293  0.0294  0.0295  0.0294  0.0295  0.0294  0.0294  0.0293  0.0294
  0.0297  0.0296  0.0295  0.0294  0.0296  0.0299  0.0297  0.0299  0.0295  0.0297  0.0294  0.0295
    1.1529   15.6885    3.8061   -5.7512  -18.4511  -11.3919
    2.4328    7.8157   -4.1983   26.8324   -0.9061  -25.8009
eta,q 0.97079 13.82051

---------------------------------------------------------------------
imgreg_4dfp /opt/freesurfer/average/711-2C_as_mni_average_305 /opt/freesurfer/average/711-2B_as_mni_average_305_mask talsrcimg_g11 none talsrcimg_to_711-2C_as_mni_average_305_t4 2311
---------------------------------------------------------------------

freesurfer imgreg_4dfp.c
/opt/freesurfer/average/711-2C_as_mni_average_305.4dfp.img
       256       256       256         1
  1.000000  1.000000  1.000000
orientation T byte_order littleendian
Reading image: /opt/freesurfer/average/711-2C_as_mni_average_305.4dfp.img
dimensions:      256       256       256
mmppix:       1.0000   -1.0000   -1.0000
center:     128.0000 -129.0000 -129.0000
/opt/freesurfer/average/711-2B_as_mni_average_305_mask.4dfp.img
       256       256       256         1
  1.000000  1.000000  1.000000
orientation T byte_order littleendian
Reading mask: /opt/freesurfer/average/711-2B_as_mni_average_305_mask.4dfp.img (2306576 pixels)
talsrcimg_g11.4dfp.img
       256       256       256         1
  1.000000  1.000000  1.000000
orientation T byte_order littleendian
Reading image: talsrcimg_g11.4dfp.img
dimensions:      256       256       256
mmppix:       1.0000   -1.0000   -1.0000
center:     128.0000 -129.0000 -129.0000
fimgreg.f
image alignment mode   2311 decimal      907 hex
parameters
    1.1529   15.6885    3.8061   -5.7512  -18.4511  -11.3919
    2.4328    7.8157   -4.1983   26.8324   -0.9061  -25.8009
eta,q 0.97079 13.82052
niter,ni,del,rscale     5    3    5.0000    0.8000
parameters
    1.1511   15.6947    3.7836   -6.0592  -18.1665  -11.2987
    2.4890    7.7218   -4.2412   26.8927   -0.9369  -25.8008
eta,q 0.97077 13.82855
  0.0312  0.0307  0.0304  0.0300  0.0307  0.0315  0.0310  0.0319  0.0305  0.0312  0.0299  0.0304
  0.0301  0.0299  0.0298  0.0295  0.0299  0.0303  0.0300  0.0305  0.0298  0.0301  0.0296  0.0298
  0.0294  0.0294  0.0294  0.0293  0.0294  0.0295  0.0294  0.0295  0.0294  0.0294  0.0293  0.0294
  0.0292  0.0292  0.0292  0.0292  0.0292  0.0292  0.0292  0.0292  0.0292  0.0292  0.0292  0.0292
  0.0294  0.0294  0.0294  0.0293  0.0294  0.0295  0.0294  0.0295  0.0294  0.0294  0.0293  0.0294
  0.0301  0.0299  0.0298  0.0296  0.0298  0.0303  0.0300  0.0305  0.0298  0.0301  0.0296  0.0298
  0.0312  0.0307  0.0305  0.0303  0.0303  0.0313  0.0309  0.0322  0.0305  0.0311  0.0300  0.0305
niter,ni,del,rscale     4    3    5.0000    0.7000
parameters
    1.1485   15.6762    3.7913   -5.9633  -18.2216  -11.2978
    2.4753    7.7444   -4.2350   26.8700   -0.9357  -25.7813
eta,q 0.97077 13.82936
  0.0307  0.0304  0.0302  0.0299  0.0302  0.0310  0.0306  0.0314  0.0302  0.0307  0.0298  0.0302
  0.0299  0.0297  0.0297  0.0295  0.0296  0.0300  0.0298  0.0302  0.0297  0.0299  0.0295  0.0297
  0.0294  0.0293  0.0294  0.0293  0.0293  0.0294  0.0294  0.0295  0.0293  0.0294  0.0293  0.0293
  0.0292  0.0292  0.0292  0.0292  0.0292  0.0292  0.0292  0.0292  0.0292  0.0292  0.0292  0.0292
  0.0294  0.0294  0.0293  0.0293  0.0294  0.0295  0.0294  0.0294  0.0293  0.0294  0.0293  0.0293
  0.0299  0.0298  0.0297  0.0294  0.0297  0.0301  0.0298  0.0301  0.0297  0.0299  0.0295  0.0296
  0.0307  0.0304  0.0302  0.0299  0.0302  0.0309  0.0306  0.0314  0.0302  0.0307  0.0298  0.0302
niter,ni,del,rscale     3    3    5.0000    0.6000
parameters
    1.1487   15.6767    3.7991   -5.8898  -18.2990  -11.3291
    2.4584    7.7681   -4.2214   26.8473   -0.9334  -25.7794
eta,q 0.97079 13.82598
  0.0303  0.0301  0.0300  0.0297  0.0300  0.0305  0.0302  0.0308  0.0299  0.0303  0.0296  0.0299
  0.0297  0.0296  0.0296  0.0294  0.0295  0.0298  0.0296  0.0300  0.0295  0.0297  0.0294  0.0295
  0.0293  0.0293  0.0293  0.0293  0.0293  0.0294  0.0293  0.0294  0.0293  0.0293  0.0293  0.0293
  0.0292  0.0292  0.0292  0.0292  0.0292  0.0292  0.0292  0.0292  0.0292  0.0292  0.0292  0.0292
  0.0293  0.0293  0.0293  0.0292  0.0294  0.0294  0.0293  0.0294  0.0293  0.0293  0.0293  0.0293
  0.0297  0.0296  0.0295  0.0294  0.0296  0.0299  0.0297  0.0299  0.0295  0.0297  0.0294  0.0295
  0.0303  0.0301  0.0299  0.0297  0.0300  0.0305  0.0302  0.0308  0.0299  0.0303  0.0296  0.0299
niter,ni,del,rscale     2    3    5.0000    0.5000
parameters
    1.1512   15.6819    3.8027   -5.8210  -18.3793  -11.3621
    2.4449    7.7890   -4.1980   26.8411   -0.9217  -25.7824
eta,q 0.97079 13.82271
  0.0300  0.0298  0.0297  0.0295  0.0297  0.0302  0.0299  0.0303  0.0297  0.0300  0.0295  0.0297
  0.0296  0.0295  0.0295  0.0294  0.0294  0.0296  0.0295  0.0297  0.0294  0.0295  0.0294  0.0294
  0.0293  0.0293  0.0293  0.0293  0.0292  0.0293  0.0293  0.0294  0.0293  0.0293  0.0292  0.0293
  0.0292  0.0292  0.0292  0.0292  0.0292  0.0292  0.0292  0.0292  0.0292  0.0292  0.0292  0.0292
  0.0293  0.0293  0.0293  0.0292  0.0293  0.0294  0.0293  0.0293  0.0293  0.0293  0.0292  0.0293
  0.0295  0.0295  0.0294  0.0293  0.0295  0.0297  0.0295  0.0297  0.0294  0.0296  0.0293  0.0294
  0.0300  0.0298  0.0297  0.0295  0.0297  0.0302  0.0299  0.0303  0.0297  0.0300  0.0295  0.0297
niter,ni,del,rscale     1    3    5.0000    0.4000
parameters
    1.1525   15.6907    3.8063   -5.7581  -18.4514  -11.3926
    2.4261    7.8173   -4.1887   26.8370   -0.9217  -25.8028
eta,q 0.97079 13.82032
  0.0297  0.0296  0.0295  0.0294  0.0295  0.0298  0.0296  0.0299  0.0295  0.0297  0.0294  0.0295
  0.0294  0.0294  0.0294  0.0293  0.0293  0.0295  0.0294  0.0295  0.0294  0.0294  0.0293  0.0293
  0.0293  0.0292  0.0293  0.0292  0.0292  0.0293  0.0293  0.0293  0.0293  0.0293  0.0292  0.0292
  0.0292  0.0292  0.0292  0.0292  0.0292  0.0292  0.0292  0.0292  0.0292  0.0292  0.0292  0.0292
  0.0293  0.0293  0.0292  0.0292  0.0293  0.0293  0.0293  0.0293  0.0292  0.0293  0.0292  0.0292
  0.0294  0.0294  0.0294  0.0293  0.0294  0.0295  0.0294  0.0295  0.0293  0.0294  0.0293  0.0293
  0.0297  0.0296  0.0295  0.0294  0.0296  0.0299  0.0296  0.0299  0.0295  0.0297  0.0294  0.0295
registration optimization eta report
parameter search radius
    0.8000    0.8000    0.8000    2.4000    2.4000    2.4000
    2.4000    2.4000    2.4000    2.4000    2.4000    2.4000
100000*second partial in parameter space
       75.       60.       50.        3.        6.       11.
        8.       12.        6.        8.        3.        6.
  0.0297  0.0296  0.0295  0.0294  0.0295  0.0298  0.0296  0.0299  0.0295  0.0297  0.0294  0.0295
  0.0294  0.0294  0.0294  0.0293  0.0293  0.0295  0.0294  0.0295  0.0294  0.0294  0.0293  0.0293
  0.0293  0.0292  0.0293  0.0292  0.0292  0.0293  0.0293  0.0293  0.0293  0.0293  0.0292  0.0292
  0.0292  0.0292  0.0292  0.0292  0.0292  0.0292  0.0292  0.0292  0.0292  0.0292  0.0292  0.0292
  0.0293  0.0293  0.0292  0.0292  0.0293  0.0293  0.0293  0.0293  0.0292  0.0293  0.0292  0.0292
  0.0294  0.0294  0.0294  0.0293  0.0294  0.0295  0.0294  0.0295  0.0293  0.0294  0.0293  0.0293
  0.0297  0.0296  0.0295  0.0294  0.0296  0.0299  0.0296  0.0299  0.0295  0.0297  0.0294  0.0295
    1.1525   15.6907    3.8063   -5.7581  -18.4514  -11.3926
    2.4261    7.8173   -4.1887   26.8370   -0.9217  -25.8028
eta,q 0.97079 13.82032

---------------------------------------------------------------------
compute_vox2vox talsrcimg talsrcimg_to_711-2C_as_mni_average_305_t4 /opt/freesurfer/average/711-2C_as_mni_average_305
---------------------------------------------------------------------

freesurfer compute_vox2vox.c
Reading: talsrcimg.4dfp.ifh
Reading: talsrcimg_to_711-2C_as_mni_average_305_t4
Reading: /opt/freesurfer/average/711-2C_as_mni_average_305.4dfp.ifh
Writing: talsrcimg_to_711-2C_as_mni_average_305_t4_vox2vox.txt

start time Tue Mar 10 02:07:20 CET 2026
end		time Tue Mar 10 02:07:33 CET 2026

mpr2mni305 success

avi2talxfm orig_nu.mgz /opt/freesurfer/average/mni305.cor.mgz talsrcimg_to_711-2C_as_mni_average_305_t4_vox2vox.txt transforms/talairach.auto.xfm
avi2talxfm done
mv -f /out/sourcedata/freesurfer/sub-v1s4x0050688_ses-1/mri/talsrcimg_to_711-2C_as_mni_average_305_t4_vox2vox.txt /out/sourcedata/freesurfer/sub-v1s4x0050688_ses-1/mri/transforms/talsrcimg_to_711-2C_as_mni_average_305_t4_vox2vox.txt
lta_convert --src orig_nu.mgz --trg /opt/freesurfer/average/mni305.cor.mgz --inxfm transforms/talairach.auto.xfm --outlta transforms/talairach.auto.xfm.lta --subject fsaverage
7.3.2

--src: orig_nu.mgz src image (geometry).
--trg: /opt/freesurfer/average/mni305.cor.mgz trg image (geometry).
--inmni: transforms/talairach.auto.xfm input MNI/XFM transform.
--outlta: transforms/talairach.auto.xfm.lta output LTA.
--s: fsaverage subject name
 LTA read, type : 1
 1.05788  -0.07647  -0.05567  -4.34613;
 0.02448   1.02811   0.32458  -22.23621;
 0.04628  -0.34227   1.11659  -22.01561;
 0.00000   0.00000   0.00000   1.00000;
setting subject to fsaverage
Writing  LTA to file transforms/talairach.auto.xfm.lta...
lta_convert successful.
 
 
Started at Tue Mar 10 02:07:19 CET 2026
Ended   at Tue Mar 10 02:07:34 CET 2026
talairach_avi done
