status file for recon-all
Tue Mar 10 04:22:27 CET 2026
#@# Tessellate lh Tue Mar 10 04:22:27 CET 2026
#@# Smooth1 lh Tue Mar 10 04:22:31 CET 2026
#@# Inflation1 lh Tue Mar 10 04:22:34 CET 2026
#@# QSphere lh Tue Mar 10 04:22:48 CET 2026
#@# Fix Topology lh Tue Mar 10 04:24:01 CET 2026
#@# Smooth2 lh Tue Mar 10 04:31:02 CET 2026
#@# Inflation2 lh Tue Mar 10 04:31:06 CET 2026
#@# Curv .H and .K lh Tue Mar 10 04:31:22 CET 2026
#@# Sphere lh Tue Mar 10 04:32:11 CET 2026
#@# Surf Reg lh Tue Mar 10 04:35:24 CET 2026
#@# Jacobian white lh Tue Mar 10 04:40:05 CET 2026
#@# AvgCurv lh Tue Mar 10 04:40:06 CET 2026
#@# Cortical Parc lh Tue Mar 10 04:40:07 CET 2026
#@# white curv lh Tue Mar 10 04:47:40 CET 2026
#@# white area lh Tue Mar 10 04:47:42 CET 2026
#@# pial curv lh Tue Mar 10 04:47:43 CET 2026
#@# pial area lh Tue Mar 10 04:47:45 CET 2026
#@# thickness lh Tue Mar 10 04:47:46 CET 2026
#@# area and vertex vol lh Tue Mar 10 04:48:20 CET 2026
#@# Curvature Stats lh Tue Mar 10 04:48:22 CET 2026
#@# Cortical Parc 2 lh Tue Mar 10 04:48:24 CET 2026
#@# Cortical Parc 3 lh Tue Mar 10 04:48:39 CET 2026
#@# WM/GM Contrast lh Tue Mar 10 04:48:50 CET 2026
recon-all -s sub-v1s4x0050695_ses-1 finished without error at Tue Mar 10 04:48:54 CET 2026



#New# invocation of recon-all 



status file for recon-all
Tue Mar 10 05:23:50 CET 2026
#@# white curv lh Tue Mar 10 05:23:50 CET 2026
#@# white area lh Tue Mar 10 05:23:50 CET 2026
#@# pial curv lh Tue Mar 10 05:23:50 CET 2026
#@# pial area lh Tue Mar 10 05:23:50 CET 2026
#@# thickness lh Tue Mar 10 05:23:50 CET 2026
#@# area and vertex vol lh Tue Mar 10 05:23:50 CET 2026
#@# Parcellation Stats lh Tue Mar 10 05:23:50 CET 2026
#@# Parcellation Stats 2 lh Tue Mar 10 05:24:10 CET 2026
#@# Parcellation Stats 3 lh Tue Mar 10 05:24:22 CET 2026
#@# BA_exvivo Labels lh Tue Mar 10 05:24:32 CET 2026
recon-all -s sub-v1s4x0050695_ses-1 finished without error at Tue Mar 10 05:27:35 CET 2026
