status file for recon-all
Tue Mar 10 02:22:56 CET 2026
#@# MotionCor Tue Mar 10 02:22:58 CET 2026
#@# Talairach Tue Mar 10 02:23:07 CET 2026
#@# Talairach Failure Detection Tue Mar 10 02:27:38 CET 2026
#@# Nu Intensity Correction Tue Mar 10 02:27:38 CET 2026
#@# Intensity Normalization Tue Mar 10 02:30:56 CET 2026
recon-all -s sub-v1s4x0050695_ses-1 finished without error at Tue Mar 10 02:32:24 CET 2026



#New# invocation of recon-all 



status file for recon-all
Tue Mar 10 02:39:49 CET 2026
#@# EM Registration Tue Mar 10 02:39:49 CET 2026
recon-all -s sub-v1s4x0050695_ses-1 finished without error at Tue Mar 10 02:42:37 CET 2026



#New# invocation of recon-all 



status file for recon-all
Tue Mar 10 02:42:41 CET 2026
#@# CA Normalize Tue Mar 10 02:42:41 CET 2026
#@# CA Reg Tue Mar 10 02:44:03 CET 2026
#@# SubCort Seg Tue Mar 10 03:42:29 CET 2026
#@# CC Seg Tue Mar 10 04:15:47 CET 2026
#@# Merge ASeg Tue Mar 10 04:17:03 CET 2026
#@# Intensity Normalization2 Tue Mar 10 04:17:03 CET 2026
#@# Mask BFS Tue Mar 10 04:19:25 CET 2026
#@# WM Segmentation Tue Mar 10 04:19:26 CET 2026
#@# Fill Tue Mar 10 04:21:21 CET 2026
recon-all -s sub-v1s4x0050695_ses-1 finished without error at Tue Mar 10 04:22:23 CET 2026



#New# invocation of recon-all 



status file for recon-all
Tue Mar 10 05:18:08 CET 2026
#@# white curv lh Tue Mar 10 05:18:08 CET 2026
#@# white area lh Tue Mar 10 05:18:08 CET 2026
#@# pial curv lh Tue Mar 10 05:18:08 CET 2026
#@# pial area lh Tue Mar 10 05:18:08 CET 2026
#@# thickness lh Tue Mar 10 05:18:08 CET 2026
#@# area and vertex vol lh Tue Mar 10 05:18:08 CET 2026
#@# white curv rh Tue Mar 10 05:18:08 CET 2026
#@# white area rh Tue Mar 10 05:18:08 CET 2026
#@# pial curv rh Tue Mar 10 05:18:08 CET 2026
#@# pial area rh Tue Mar 10 05:18:08 CET 2026
#@# thickness rh Tue Mar 10 05:18:08 CET 2026
#@# area and vertex vol rh Tue Mar 10 05:18:08 CET 2026
#@# Cortical ribbon mask Tue Mar 10 05:18:08 CET 2026
recon-all -s sub-v1s4x0050695_ses-1 finished without error at Tue Mar 10 05:23:46 CET 2026



#New# invocation of recon-all 



status file for recon-all
Tue Mar 10 05:31:44 CET 2026
#@# white curv lh Tue Mar 10 05:31:44 CET 2026
#@# white area lh Tue Mar 10 05:31:44 CET 2026
#@# pial curv lh Tue Mar 10 05:31:44 CET 2026
#@# pial area lh Tue Mar 10 05:31:44 CET 2026
#@# thickness lh Tue Mar 10 05:31:44 CET 2026
#@# area and vertex vol lh Tue Mar 10 05:31:44 CET 2026
#@# white curv rh Tue Mar 10 05:31:44 CET 2026
#@# white area rh Tue Mar 10 05:31:44 CET 2026
#@# pial curv rh Tue Mar 10 05:31:44 CET 2026
#@# pial area rh Tue Mar 10 05:31:44 CET 2026
#@# thickness rh Tue Mar 10 05:31:44 CET 2026
#@# area and vertex vol rh Tue Mar 10 05:31:44 CET 2026
#@# Curvature Stats lh Tue Mar 10 05:31:44 CET 2026
#@# Curvature Stats rh Tue Mar 10 05:31:47 CET 2026
#@# Relabel Hypointensities Tue Mar 10 05:31:50 CET 2026
#@# APas-to-ASeg Tue Mar 10 05:32:07 CET 2026
#@# AParc-to-ASeg aparc Tue Mar 10 05:32:17 CET 2026
#@# AParc-to-ASeg aparc.a2009s Tue Mar 10 05:32:54 CET 2026
#@# AParc-to-ASeg aparc.DKTatlas Tue Mar 10 05:33:32 CET 2026
#@# WMParc Tue Mar 10 05:34:08 CET 2026
#@# ASeg Stats Tue Mar 10 05:38:44 CET 2026
recon-all -s sub-v1s4x0050695_ses-1 finished without error at Tue Mar 10 05:39:28 CET 2026
