status file for recon-all
Tue Mar 10 04:33:40 CET 2026
#@# Tessellate rh Tue Mar 10 04:33:40 CET 2026
#@# Smooth1 rh Tue Mar 10 04:33:43 CET 2026
#@# Inflation1 rh Tue Mar 10 04:33:46 CET 2026
#@# QSphere rh Tue Mar 10 04:33:58 CET 2026
#@# Fix Topology rh Tue Mar 10 04:35:06 CET 2026
#@# Smooth2 rh Tue Mar 10 04:41:12 CET 2026
#@# Inflation2 rh Tue Mar 10 04:41:15 CET 2026
#@# Curv .H and .K rh Tue Mar 10 04:41:29 CET 2026
#@# Sphere rh Tue Mar 10 04:42:16 CET 2026
#@# Surf Reg rh Tue Mar 10 04:44:35 CET 2026
#@# Jacobian white rh Tue Mar 10 04:48:47 CET 2026
#@# AvgCurv rh Tue Mar 10 04:48:48 CET 2026
#@# Cortical Parc rh Tue Mar 10 04:48:49 CET 2026
#@# white curv rh Tue Mar 10 04:55:33 CET 2026
#@# white area rh Tue Mar 10 04:55:35 CET 2026
#@# pial curv rh Tue Mar 10 04:55:35 CET 2026
#@# pial area rh Tue Mar 10 04:55:37 CET 2026
#@# thickness rh Tue Mar 10 04:55:38 CET 2026
#@# area and vertex vol rh Tue Mar 10 04:56:11 CET 2026
#@# Curvature Stats rh Tue Mar 10 04:56:12 CET 2026
#@# Cortical Parc 2 rh Tue Mar 10 04:56:14 CET 2026
#@# Cortical Parc 3 rh Tue Mar 10 04:56:28 CET 2026
#@# WM/GM Contrast rh Tue Mar 10 04:56:40 CET 2026
recon-all -s sub-v1s4x0050693_ses-1 finished without error at Tue Mar 10 04:56:43 CET 2026



#New# invocation of recon-all 



status file for recon-all
Tue Mar 10 05:04:48 CET 2026
#@# white curv rh Tue Mar 10 05:04:49 CET 2026
#@# white area rh Tue Mar 10 05:04:49 CET 2026
#@# pial curv rh Tue Mar 10 05:04:49 CET 2026
#@# pial area rh Tue Mar 10 05:04:49 CET 2026
#@# thickness rh Tue Mar 10 05:04:49 CET 2026
#@# area and vertex vol rh Tue Mar 10 05:04:49 CET 2026
#@# Parcellation Stats rh Tue Mar 10 05:04:49 CET 2026
#@# Parcellation Stats 2 rh Tue Mar 10 05:05:08 CET 2026
#@# Parcellation Stats 3 rh Tue Mar 10 05:05:18 CET 2026
#@# BA_exvivo Labels rh Tue Mar 10 05:05:28 CET 2026
recon-all -s sub-v1s4x0050693_ses-1 finished without error at Tue Mar 10 05:08:13 CET 2026
