status file for recon-all
Tue Mar 10 02:18:23 CET 2026
#@# MotionCor Tue Mar 10 02:18:25 CET 2026
#@# Talairach Tue Mar 10 02:18:36 CET 2026
#@# Talairach Failure Detection Tue Mar 10 02:23:01 CET 2026
#@# Nu Intensity Correction Tue Mar 10 02:23:01 CET 2026
#@# Intensity Normalization Tue Mar 10 02:26:16 CET 2026
recon-all -s sub-v1s4x0050693_ses-1 finished without error at Tue Mar 10 02:27:58 CET 2026



#New# invocation of recon-all 



status file for recon-all
Tue Mar 10 02:35:08 CET 2026
#@# EM Registration Tue Mar 10 02:35:08 CET 2026
recon-all -s sub-v1s4x0050693_ses-1 finished without error at Tue Mar 10 02:38:25 CET 2026



#New# invocation of recon-all 



status file for recon-all
Tue Mar 10 02:38:28 CET 2026
#@# CA Normalize Tue Mar 10 02:38:28 CET 2026
#@# CA Reg Tue Mar 10 02:39:49 CET 2026
#@# SubCort Seg Tue Mar 10 03:32:11 CET 2026
#@# CC Seg Tue Mar 10 04:03:52 CET 2026
#@# Merge ASeg Tue Mar 10 04:04:24 CET 2026
#@# Intensity Normalization2 Tue Mar 10 04:04:24 CET 2026
#@# Mask BFS Tue Mar 10 04:06:37 CET 2026
#@# WM Segmentation Tue Mar 10 04:06:38 CET 2026
#@# Fill Tue Mar 10 04:08:26 CET 2026
recon-all -s sub-v1s4x0050693_ses-1 finished without error at Tue Mar 10 04:09:31 CET 2026



#New# invocation of recon-all 



status file for recon-all
Tue Mar 10 04:56:48 CET 2026
#@# white curv lh Tue Mar 10 04:56:48 CET 2026
#@# white area lh Tue Mar 10 04:56:48 CET 2026
#@# pial curv lh Tue Mar 10 04:56:48 CET 2026
#@# pial area lh Tue Mar 10 04:56:48 CET 2026
#@# thickness lh Tue Mar 10 04:56:48 CET 2026
#@# area and vertex vol lh Tue Mar 10 04:56:48 CET 2026
#@# white curv rh Tue Mar 10 04:56:48 CET 2026
#@# white area rh Tue Mar 10 04:56:48 CET 2026
#@# pial curv rh Tue Mar 10 04:56:49 CET 2026
#@# pial area rh Tue Mar 10 04:56:49 CET 2026
#@# thickness rh Tue Mar 10 04:56:49 CET 2026
#@# area and vertex vol rh Tue Mar 10 04:56:49 CET 2026
#@# Cortical ribbon mask Tue Mar 10 04:56:49 CET 2026
recon-all -s sub-v1s4x0050693_ses-1 finished without error at Tue Mar 10 05:01:25 CET 2026



#New# invocation of recon-all 



status file for recon-all
Tue Mar 10 05:08:16 CET 2026
#@# white curv lh Tue Mar 10 05:08:17 CET 2026
#@# white area lh Tue Mar 10 05:08:17 CET 2026
#@# pial curv lh Tue Mar 10 05:08:17 CET 2026
#@# pial area lh Tue Mar 10 05:08:17 CET 2026
#@# thickness lh Tue Mar 10 05:08:17 CET 2026
#@# area and vertex vol lh Tue Mar 10 05:08:17 CET 2026
#@# white curv rh Tue Mar 10 05:08:17 CET 2026
#@# white area rh Tue Mar 10 05:08:17 CET 2026
#@# pial curv rh Tue Mar 10 05:08:17 CET 2026
#@# pial area rh Tue Mar 10 05:08:17 CET 2026
#@# thickness rh Tue Mar 10 05:08:17 CET 2026
#@# area and vertex vol rh Tue Mar 10 05:08:17 CET 2026
#@# Curvature Stats lh Tue Mar 10 05:08:17 CET 2026
#@# Curvature Stats rh Tue Mar 10 05:08:19 CET 2026
#@# Relabel Hypointensities Tue Mar 10 05:08:22 CET 2026
#@# APas-to-ASeg Tue Mar 10 05:08:36 CET 2026
#@# AParc-to-ASeg aparc Tue Mar 10 05:08:46 CET 2026
#@# AParc-to-ASeg aparc.a2009s Tue Mar 10 05:09:17 CET 2026
#@# AParc-to-ASeg aparc.DKTatlas Tue Mar 10 05:09:50 CET 2026
#@# WMParc Tue Mar 10 05:10:21 CET 2026
#@# ASeg Stats Tue Mar 10 05:14:15 CET 2026
recon-all -s sub-v1s4x0050693_ses-1 finished without error at Tue Mar 10 05:14:58 CET 2026
