status file for recon-all
Tue Mar 10 03:56:55 CET 2026
#@# Tessellate lh Tue Mar 10 03:56:55 CET 2026
#@# Smooth1 lh Tue Mar 10 03:56:59 CET 2026
#@# Inflation1 lh Tue Mar 10 03:57:02 CET 2026
#@# QSphere lh Tue Mar 10 03:57:18 CET 2026
#@# Fix Topology lh Tue Mar 10 03:58:58 CET 2026
#@# Smooth2 lh Tue Mar 10 04:05:01 CET 2026
#@# Inflation2 lh Tue Mar 10 04:05:05 CET 2026
#@# Curv .H and .K lh Tue Mar 10 04:05:22 CET 2026
#@# Sphere lh Tue Mar 10 04:06:13 CET 2026
#@# Surf Reg lh Tue Mar 10 04:10:35 CET 2026
#@# Jacobian white lh Tue Mar 10 04:15:03 CET 2026
#@# AvgCurv lh Tue Mar 10 04:15:04 CET 2026
#@# Cortical Parc lh Tue Mar 10 04:15:05 CET 2026
#@# white curv lh Tue Mar 10 04:22:21 CET 2026
#@# white area lh Tue Mar 10 04:22:23 CET 2026
#@# pial curv lh Tue Mar 10 04:22:24 CET 2026
#@# pial area lh Tue Mar 10 04:22:27 CET 2026
#@# thickness lh Tue Mar 10 04:22:28 CET 2026
#@# area and vertex vol lh Tue Mar 10 04:23:03 CET 2026
#@# Curvature Stats lh Tue Mar 10 04:23:04 CET 2026
#@# Cortical Parc 2 lh Tue Mar 10 04:23:07 CET 2026
#@# Cortical Parc 3 lh Tue Mar 10 04:23:22 CET 2026
#@# WM/GM Contrast lh Tue Mar 10 04:23:33 CET 2026
recon-all -s sub-v1s4x0050691_ses-1 finished without error at Tue Mar 10 04:23:37 CET 2026



#New# invocation of recon-all 



status file for recon-all
Tue Mar 10 04:54:43 CET 2026
#@# white curv lh Tue Mar 10 04:54:43 CET 2026
#@# white area lh Tue Mar 10 04:54:43 CET 2026
#@# pial curv lh Tue Mar 10 04:54:43 CET 2026
#@# pial area lh Tue Mar 10 04:54:43 CET 2026
#@# thickness lh Tue Mar 10 04:54:43 CET 2026
#@# area and vertex vol lh Tue Mar 10 04:54:43 CET 2026
#@# Parcellation Stats lh Tue Mar 10 04:54:43 CET 2026
#@# Parcellation Stats 2 lh Tue Mar 10 04:55:07 CET 2026
#@# Parcellation Stats 3 lh Tue Mar 10 04:55:18 CET 2026
#@# BA_exvivo Labels lh Tue Mar 10 04:55:31 CET 2026
recon-all -s sub-v1s4x0050691_ses-1 finished without error at Tue Mar 10 04:58:39 CET 2026
