/out/sourcedata/freesurfer/sub-v1s4x0050704_ses-1/mri
/opt/freesurfer/bin/talairach_avi
--i orig_nu.mgz --xfm transforms/talairach.auto.xfm
talairach_avi 7.3.2
Linux dna049 5.14.0-427.37.1.el9_4.x86_64 #1 SMP PREEMPT_DYNAMIC Fri Sep 13 12:41:50 EDT 2024 x86_64 x86_64 x86_64 GNU/Linux
Tue Mar 10 02:55:03 CET 2026
mri_convert orig_nu.mgz talsrcimg.img 
reading from orig_nu.mgz...
TR=0.00, TE=0.00, TI=0.00, flip angle=0.00
i_ras = (-1, 1.39698e-09, 0)
j_ras = (0, 1.86265e-09, -1)
k_ras = (-5.00586e-09, 1, 3.72529e-09)
writing to talsrcimg.img...
Analyze Output Matrix
-1.00000   0.00000  -0.00000   130.93004;
 0.00000   0.00000   1.00000  -118.45551;
 0.00000  -1.00000   0.00000   133.43764;
 0.00000   0.00000   0.00000   1.00000;
--------------------
INFO: set hdr.hist.orient to -1
mpr2mni305 talsrcimg
Tue Mar 10 02:55:03 CET 2026
/opt/freesurfer/bin/mpr2mni305 talsrcimg
mpr2mni305 7.3.2
target=711-2C_as_mni_average_305

---------------------------------------------------------------------
analyzeto4dfp talsrcimg -O0 -y
---------------------------------------------------------------------

freesurfer ifh2hdr.c
Tue Mar 10 02:55:04 2026
Writing: talsrcimg.4dfp.hdr
freesurfer analyzeto4dfp.c
Reading: talsrcimg.hdr
header size 348 bytes
hdr.dime.datatype	offset=70	value=2
hdr.dime.bitpix		offset=72	value=8
hdr.hist.orient		offset=252	value=-1
dimensionality     4
dimensions       256       256       256         1
Reading: talsrcimg.img
Writing: talsrcimg.4dfp.img
Writing: talsrcimg.4dfp.ifh
ifh2hdr talsrcimg -r0to255
ori=2

---------------------------------------------------------------------
gauss_4dfp talsrcimg 1.1
---------------------------------------------------------------------

freesurfer gauss_4dfp.c
Reading: talsrcimg.4dfp.img
Writing: talsrcimg_g11.4dfp.img
image dimensions 256 256 256 padded to 288 288 288
processing volume 1freesurfer ifh2hdr.c
Tue Mar 10 02:55:05 2026
Writing: talsrcimg_g11.4dfp.hdr

Writing: talsrcimg_g11.4dfp.ifh
including: talsrcimg.4dfp.img.rec in talsrcimg_g11.4dfp.img.rec

---------------------------------------------------------------------
imgreg_4dfp /opt/freesurfer/average/711-2C_as_mni_average_305 none talsrcimg_g11 none talsrcimg_to_711-2C_as_mni_average_305_t4 4355
---------------------------------------------------------------------

freesurfer imgreg_4dfp.c
/opt/freesurfer/average/711-2C_as_mni_average_305.4dfp.img
       256       256       256         1
  1.000000  1.000000  1.000000
orientation T byte_order littleendian
Reading image: /opt/freesurfer/average/711-2C_as_mni_average_305.4dfp.img
dimensions:      256       256       256
mmppix:       1.0000   -1.0000   -1.0000
center:     128.0000 -129.0000 -129.0000
talsrcimg_g11.4dfp.img
       256       256       256         1
  1.000000  1.000000  1.000000
orientation T byte_order littleendian
Reading image: talsrcimg_g11.4dfp.img
dimensions:      256       256       256
mmppix:       1.0000   -1.0000   -1.0000
center:     128.0000 -129.0000 -129.0000
t4_read: open error in t4_sub.f l:  41 t4_file(1:l)talsrcimg_to_711-2C_as_mni_average_305_t4 
t4_read: transform initialized to I4
rotation matrix determinant  1.000000
image alignment mode   4355 decimal     1103 hex
   -7.5000  -45.0000  -45.0000 8858.5225   12.0126
    0.0000  -45.0000  -45.0000 9226.7041   12.0041
    7.5000  -45.0000  -45.0000 8873.0811   11.9969
   -7.5000  -37.5000  -45.0000 9342.5059   11.8765
    0.0000  -37.5000  -45.0000 9739.2539   11.8724
    7.5000  -37.5000  -45.0000 9373.9756   11.8721
   -7.5000  -30.0000  -45.000010139.8994   11.7931
    0.0000  -30.0000  -45.000010560.7285   11.7936
    7.5000  -30.0000  -45.000010169.0703   11.7963
   -7.5000  -22.5000  -45.000010949.7197   11.7576
    0.0000  -22.5000  -45.000011408.4541   11.7582
    7.5000  -22.5000  -45.000010974.7734   11.7559
   -7.5000  -15.0000  -45.000011505.3135   11.7484
    0.0000  -15.0000  -45.000011981.0205   11.7448
    7.5000  -15.0000  -45.000011521.9512   11.7343
   -7.5000   -7.5000  -45.000011987.6455   11.7245
    0.0000   -7.5000  -45.000012498.6992   11.7169
    7.5000   -7.5000  -45.000012006.1133   11.7044
   -7.5000    0.0000  -45.000012333.8203   11.7092
    0.0000    0.0000  -45.000012884.9268   11.7016
    7.5000    0.0000  -45.000012356.8223   11.6941
   -7.5000    7.5000  -45.000011803.7412   11.7188
    0.0000    7.5000  -45.000012312.2930   11.7152
    7.5000    7.5000  -45.000011807.4248   11.7150
   -7.5000   15.0000  -45.000011189.3105   11.7408
    0.0000   15.0000  -45.000011694.7158   11.7416
    7.5000   15.0000  -45.000011188.7578   11.7444
   -7.5000   22.5000  -45.000010496.7080   11.8501
    0.0000   22.5000  -45.000010966.6494   11.8513
    7.5000   22.5000  -45.000010520.8975   11.8494
   -7.5000   30.0000  -45.0000 9826.8271   11.9737
    0.0000   30.0000  -45.000010315.5762   11.9727
    7.5000   30.0000  -45.0000 9874.8750   11.9671
   -7.5000   37.5000  -45.0000 9587.9609   12.2903
    0.0000   37.5000  -45.000010032.2100   12.2825
    7.5000   37.5000  -45.0000 9598.8955   12.2752
   -7.5000   45.0000  -45.0000 8973.8301   12.3185
    0.0000   45.0000  -45.0000 9385.3369   12.3114
    7.5000   45.0000  -45.0000 8985.7500   12.3138
   -7.5000  -45.0000  -37.5000 9343.9854   11.9956
    0.0000  -45.0000  -37.5000 9733.2451   11.9884
    7.5000  -45.0000  -37.5000 9368.8066   11.9876
   -7.5000  -37.5000  -37.5000 9899.0703   11.8629
    0.0000  -37.5000  -37.500010305.6885   11.8608
    7.5000  -37.5000  -37.5000 9943.3438   11.8666
   -7.5000  -30.0000  -37.500010783.8613   11.7767
    0.0000  -30.0000  -37.500011234.1631   11.7809
    7.5000  -30.0000  -37.500010815.6807   11.7897
   -7.5000  -22.5000  -37.500011645.7559   11.7361
    0.0000  -22.5000  -37.500012131.1172   11.7410
    7.5000  -22.5000  -37.500011648.1699   11.7457
   -7.5000  -15.0000  -37.500012236.3594   11.7239
    0.0000  -15.0000  -37.500012742.1172   11.7239
    7.5000  -15.0000  -37.500012247.9932   11.7213
   -7.5000   -7.5000  -37.500012723.7021   11.7033
    0.0000   -7.5000  -37.500013276.4834   11.6979
    7.5000   -7.5000  -37.500012748.9707   11.6927
   -7.5000    0.0000  -37.500013086.6074   11.6940
    0.0000    0.0000  -37.500013679.2090   11.6876
    7.5000    0.0000  -37.500013110.1934   11.6863
   -7.5000    7.5000  -37.500012494.0664   11.7056
    0.0000    7.5000  -37.500013046.4990   11.7040
    7.5000    7.5000  -37.500012508.3232   11.7096
   -7.5000   15.0000  -37.500011828.2500   11.7246
    0.0000   15.0000  -37.500012320.8105   11.7290
    7.5000   15.0000  -37.500011826.3955   11.7378
   -7.5000   22.5000  -37.500011086.7354   11.8269
    0.0000   22.5000  -37.500011543.2959   11.8325
    7.5000   22.5000  -37.500011088.4775   11.8376
   -7.5000   30.0000  -37.500010433.4443   11.9491
    0.0000   30.0000  -37.500010856.3057   11.9514
    7.5000   30.0000  -37.500010430.6396   11.9526
   -7.5000   37.5000  -37.500010140.6035   12.2657
    0.0000   37.5000  -37.500010553.3486   12.2600
    7.5000   37.5000  -37.500010145.8613   12.2591
   -7.5000   45.0000  -37.5000 9461.9668   12.2976
    0.0000   45.0000  -37.5000 9863.2109   12.2937
    7.5000   45.0000  -37.5000 9489.5869   12.3008
   -7.5000  -45.0000  -30.0000 9950.6592   12.5185
    0.0000  -45.0000  -30.000010389.7930   12.5141
    7.5000  -45.0000  -30.0000 9994.5791   12.5209
   -7.5000  -37.5000  -30.000010588.6357   12.3827
    0.0000  -37.5000  -30.000011054.4268   12.3833
    7.5000  -37.5000  -30.000010646.9873   12.3959
   -7.5000  -30.0000  -30.000011539.3984   12.2897
    0.0000  -30.0000  -30.000012033.5322   12.2957
    7.5000  -30.0000  -30.000011573.4863   12.3104
   -7.5000  -22.5000  -30.000012440.2344   12.2411
    0.0000  -22.5000  -30.000012951.4102   12.2468
    7.5000  -22.5000  -30.000012449.2158   12.2569
   -7.5000  -15.0000  -30.000013074.0137   12.2249
    0.0000  -15.0000  -30.000013586.3760   12.2257
    7.5000  -15.0000  -30.000013065.6484   12.2294
   -7.5000   -7.5000  -30.000013594.0869   12.2069
    0.0000   -7.5000  -30.000014159.8496   12.2033
    7.5000   -7.5000  -30.000013636.9141   12.2051
   -7.5000    0.0000  -30.000013995.9902   12.2035
    0.0000    0.0000  -30.000014612.6328   12.1997
    7.5000    0.0000  -30.000014051.8320   12.2056
   -7.5000    7.5000  -30.000013363.7588   12.2183
    0.0000    7.5000  -30.000013984.3857   12.2193
    7.5000    7.5000  -30.000013416.0850   12.2316
   -7.5000   15.0000  -30.000012647.1318   12.2353
    0.0000   15.0000  -30.000013208.3438   12.2414
    7.5000   15.0000  -30.000012673.2305   12.2561
   -7.5000   22.5000  -30.000011854.5107   12.3342
    0.0000   22.5000  -30.000012367.4229   12.3404
    7.5000   22.5000  -30.000011888.0576   12.3512
   -7.5000   30.0000  -30.000011159.2354   12.4623
    0.0000   30.0000  -30.000011622.2656   12.4643
    7.5000   30.0000  -30.000011179.5449   12.4703
   -7.5000   37.5000  -30.000010859.5400   12.7946
    0.0000   37.5000  -30.000011283.7588   12.7898
    7.5000   37.5000  -30.000010876.4561   12.7934
   -7.5000   45.0000  -30.000010133.1689   12.8401
    0.0000   45.0000  -30.000010518.7129   12.8382
    7.5000   45.0000  -30.000010178.8945   12.8504
   -7.5000  -45.0000  -22.500010559.1133   12.9370
    0.0000  -45.0000  -22.500011024.9492   12.9335
    7.5000  -45.0000  -22.500010615.4736   12.9405
   -7.5000  -37.5000  -22.500011264.8232   12.7957
    0.0000  -37.5000  -22.500011764.5557   12.7960
    7.5000  -37.5000  -22.500011332.1855   12.8087
   -7.5000  -30.0000  -22.500012265.2637   12.6996
    0.0000  -30.0000  -22.500012801.6230   12.7022
    7.5000  -30.0000  -22.500012299.5537   12.7156
   -7.5000  -22.5000  -22.500013222.2148   12.6490
    0.0000  -22.5000  -22.500013742.1162   12.6497
    7.5000  -22.5000  -22.500013197.0391   12.6570
   -7.5000  -15.0000  -22.500013898.2617   12.6326
    0.0000  -15.0000  -22.500014442.9590   12.6294
    7.5000  -15.0000  -22.500013866.1045   12.6300
   -7.5000   -7.5000  -22.500014487.5791   12.6144
    0.0000   -7.5000  -22.500015107.0771   12.6097
    7.5000   -7.5000  -22.500014491.4766   12.6102
   -7.5000    0.0000  -22.500014935.2109   12.6108
    0.0000    0.0000  -22.500015607.9434   12.6078
    7.5000    0.0000  -22.500014959.6562   12.6139
   -7.5000    7.5000  -22.500014281.5654   12.6261
    0.0000    7.5000  -22.500014955.4746   12.6267
    7.5000    7.5000  -22.500014307.7324   12.6392
   -7.5000   15.0000  -22.500013517.1016   12.6435
    0.0000   15.0000  -22.500014159.4277   12.6464
    7.5000   15.0000  -22.500013543.4004   12.6597
   -7.5000   22.5000  -22.500012642.0254   12.7457
    0.0000   22.5000  -22.500013260.2285   12.7465
    7.5000   22.5000  -22.500012690.1270   12.7543
   -7.5000   30.0000  -22.500011862.4346   12.8794
    0.0000   30.0000  -22.500012417.6328   12.8765
    7.5000   30.0000  -22.500011927.3496   12.8789
   -7.5000   37.5000  -22.500011522.9854   13.2233
    0.0000   37.5000  -22.500012022.8545   13.2165
    7.5000   37.5000  -22.500011579.5996   13.2171
   -7.5000   45.0000  -22.500010760.5566   13.2766
    0.0000   45.0000  -22.500011182.7705   13.2724
    7.5000   45.0000  -22.500010819.8740   13.2844
   -7.5000  -45.0000  -15.000011130.8506   13.2120
    0.0000  -45.0000  -15.000011653.2949   13.2070
    7.5000  -45.0000  -15.000011208.7686   13.2078
   -7.5000  -37.5000  -15.000011905.0967   13.0645
    0.0000  -37.5000  -15.000012459.4541   13.0622
    7.5000  -37.5000  -15.000011976.6982   13.0694
   -7.5000  -30.0000  -15.000012930.8760   12.9692
    0.0000  -30.0000  -15.000013516.0361   12.9673
    7.5000  -30.0000  -15.000012981.9688   12.9752
   -7.5000  -22.5000  -15.000013922.3262   12.9230
    0.0000  -22.5000  -15.000014509.7100   12.9187
    7.5000  -22.5000  -15.000013921.7461   12.9191
   -7.5000  -15.0000  -15.000014640.6416   12.9098
    0.0000  -15.0000  -15.000015278.1836   12.9026
    7.5000  -15.0000  -15.000014609.9971   12.8951
   -7.5000   -7.5000  -15.000015296.4482   12.8883
    0.0000   -7.5000  -15.000015987.6055   12.8814
    7.5000   -7.5000  -15.000015275.1328   12.8744
   -7.5000    0.0000  -15.000015824.2451   12.8786
    0.0000    0.0000  -15.000016571.1348   12.8742
    7.5000    0.0000  -15.000015821.8379   12.8744
   -7.5000    7.5000  -15.000015147.8125   12.8918
    0.0000    7.5000  -15.000015937.2324   12.8899
    7.5000    7.5000  -15.000015162.9873   12.8970
   -7.5000   15.0000  -15.000014322.8105   12.9121
    0.0000   15.0000  -15.000015121.9736   12.9106
    7.5000   15.0000  -15.000014379.2510   12.9184
   -7.5000   22.5000  -15.000013367.6221   13.0226
    0.0000   22.5000  -15.000014142.9590   13.0182
    7.5000   22.5000  -15.000013476.2227   13.0190
   -7.5000   30.0000  -15.000012529.8613   13.1617
    0.0000   30.0000  -15.000013222.4814   13.1551
    7.5000   30.0000  -15.000012646.7773   13.1504
   -7.5000   37.5000  -15.000012141.5088   13.5119
    0.0000   37.5000  -15.000012756.3711   13.5028
    7.5000   37.5000  -15.000012246.8477   13.4967
   -7.5000   45.0000  -15.000011324.7363   13.5675
    0.0000   45.0000  -15.000011851.1094   13.5595
    7.5000   45.0000  -15.000011411.4023   13.5671
   -7.5000  -45.0000   -7.500011729.6572   13.3449
    0.0000  -45.0000   -7.500012285.3115   13.3371
    7.5000  -45.0000   -7.500011830.7520   13.3307
   -7.5000  -37.5000   -7.500012545.2500   13.1935
    0.0000  -37.5000   -7.500013139.9922   13.1891
    7.5000  -37.5000   -7.500012629.2324   13.1899
   -7.5000  -30.0000   -7.500013626.5635   13.1005
    0.0000  -30.0000   -7.500014253.6338   13.0980
    7.5000  -30.0000   -7.500013672.8477   13.1007
   -7.5000  -22.5000   -7.500014638.3184   13.0600
    0.0000  -22.5000   -7.500015309.3818   13.0561
    7.5000  -22.5000   -7.500014666.2314   13.0519
   -7.5000  -15.0000   -7.500015380.0781   13.0499
    0.0000  -15.0000   -7.500016111.5742   13.0427
    7.5000  -15.0000   -7.500015388.6895   13.0296
   -7.5000   -7.5000   -7.500016049.3828   13.0246
    0.0000   -7.5000   -7.500016859.6035   13.0161
    7.5000   -7.5000   -7.500016070.6396   13.0024
   -7.5000    0.0000   -7.500016636.0508   13.0086
    0.0000    0.0000   -7.500017537.4238   13.0016
    7.5000    0.0000   -7.500016664.3223   12.9949
   -7.5000    7.5000   -7.500016001.1523   13.0194
    0.0000    7.5000   -7.500016973.0957   13.0155
    7.5000    7.5000   -7.500016060.1924   13.0163
   -7.5000   15.0000   -7.500015159.6133   13.0429
    0.0000   15.0000   -7.500016160.8027   13.0407
    7.5000   15.0000   -7.500015260.0293   13.0435
   -7.5000   22.5000   -7.500014130.2881   13.1592
    0.0000   22.5000   -7.500015078.6689   13.1556
    7.5000   22.5000   -7.500014280.1123   13.1517
   -7.5000   30.0000   -7.500013192.1211   13.3027
    0.0000   30.0000   -7.500014063.2598   13.2973
    7.5000   30.0000   -7.500013356.9316   13.2888
   -7.5000   37.5000   -7.500012783.3301   13.6543
    0.0000   37.5000   -7.500013580.8955   13.6444
    7.5000   37.5000   -7.500012895.4258   13.6346
   -7.5000   45.0000   -7.500011919.8789   13.7094
    0.0000   45.0000   -7.500012594.5049   13.6998
    7.5000   45.0000   -7.500011992.7910   13.7029
   -7.5000  -45.0000    0.000012226.0840   13.3839
    0.0000  -45.0000    0.000012797.0088   13.3742
    7.5000  -45.0000    0.000012321.9141   13.3662
   -7.5000  -37.5000    0.000013052.9307   13.2327
    0.0000  -37.5000    0.000013692.6992   13.2279
    7.5000  -37.5000    0.000013169.6084   13.2274
   -7.5000  -30.0000    0.000014172.9668   13.1398
    0.0000  -30.0000    0.000014847.8711   13.1402
    7.5000  -30.0000    0.000014281.1943   13.1429
   -7.5000  -22.5000    0.000015195.6055   13.1002
    0.0000  -22.5000    0.000015942.5693   13.1008
    7.5000  -22.5000    0.000015316.8779   13.0979
   -7.5000  -15.0000    0.000015975.5732   13.0901
    0.0000  -15.0000    0.000016786.9883   13.0861
    7.5000  -15.0000    0.000016102.5625   13.0742
   -7.5000   -7.5000    0.000016693.8066   13.0640
    0.0000   -7.5000    0.000017570.1562   13.0555
    7.5000   -7.5000    0.000016813.9082   13.0415
   -7.5000    0.0000    0.000017309.7949   13.0473
    0.0000    0.0000    0.000018300.2695   13.0386
    7.5000    0.0000    0.000017407.9863   13.0302
   -7.5000    7.5000    0.000016762.4902   13.0578
    0.0000    7.5000    0.000017951.3281   13.0535
    7.5000    7.5000    0.000016848.1074   13.0531
   -7.5000   15.0000    0.000015991.4424   13.0818
    0.0000   15.0000    0.000017282.6797   13.0825
    7.5000   15.0000    0.000016091.9033   13.0854
   -7.5000   22.5000    0.000014870.5420   13.1986
    0.0000   22.5000    0.000016101.6299   13.1998
    7.5000   22.5000    0.000015007.7744   13.1974
   -7.5000   30.0000    0.000013826.7295   13.3445
    0.0000   30.0000    0.000014887.0146   13.3433
    7.5000   30.0000    0.000013980.1914   13.3369
   -7.5000   37.5000    0.000013355.8438   13.6962
    0.0000   37.5000    0.000014286.6348   13.6874
    7.5000   37.5000    0.000013467.2266   13.6792
   -7.5000   45.0000    0.000012414.1055   13.7530
    0.0000   45.0000    0.000013215.6494   13.7449
    7.5000   45.0000    0.000012492.4395   13.7475
   -7.5000  -45.0000    7.500011796.2803   13.4184
    0.0000  -45.0000    7.500012330.9502   13.4104
    7.5000  -45.0000    7.500011905.3770   13.4096
   -7.5000  -37.5000    7.500012610.7422   13.2701
    0.0000  -37.5000    7.500013202.5361   13.2678
    7.5000  -37.5000    7.500012761.2354   13.2742
   -7.5000  -30.0000    7.500013664.8447   13.1737
    0.0000  -30.0000    7.500014273.5957   13.1784
    7.5000  -30.0000    7.500013831.2188   13.1883
   -7.5000  -22.5000    7.500014667.9150   13.1283
    0.0000  -22.5000    7.500015295.1152   13.1337
    7.5000  -22.5000    7.500014825.8115   13.1389
   -7.5000  -15.0000    7.500015443.5703   13.1146
    0.0000  -15.0000    7.500016160.0615   13.1146
    7.5000  -15.0000    7.500015593.8623   13.1116
   -7.5000   -7.5000    7.500016102.3398   13.0916
    0.0000   -7.5000    7.500016953.9414   13.0856
    7.5000   -7.5000    7.500016242.9463   13.0797
   -7.5000    0.0000    7.500016734.9219   13.0813
    0.0000    0.0000    7.500017747.2676   13.0741
    7.5000    0.0000    7.500016828.7559   13.0727
   -7.5000    7.5000    7.500016258.7666   13.0942
    0.0000    7.5000    7.500017508.2812   13.0924
    7.5000    7.5000    7.500016348.4707   13.0988
   -7.5000   15.0000    7.500015560.0225   13.1154
    0.0000   15.0000    7.500017027.7070   13.1203
    7.5000   15.0000    7.500015698.8105   13.1303
   -7.5000   22.5000    7.500014488.7080   13.2255
    0.0000   22.5000    7.500015823.2852   13.2317
    7.5000   22.5000    7.500014643.1426   13.2375
   -7.5000   30.0000    7.500013408.8838   13.3715
    0.0000   30.0000    7.500014509.4482   13.3740
    7.5000   30.0000    7.500013567.1270   13.3754
   -7.5000   37.5000    7.500012893.6904   13.7256
    0.0000   37.5000    7.500013820.9668   13.7194
    7.5000   37.5000    7.500013035.9297   13.7183
   -7.5000   45.0000    7.500011957.5059   13.7884
    0.0000   45.0000    7.500012720.0742   13.7841
    7.5000   45.0000    7.500012085.4766   13.7920
   -7.5000  -45.0000   15.000011272.8633   13.4427
    0.0000  -45.0000   15.000011790.7041   13.4379
    7.5000  -45.0000   15.000011430.1172   13.4453
   -7.5000  -37.5000   15.000012086.7617   13.2968
    0.0000  -37.5000   15.000012659.3330   13.2975
    7.5000  -37.5000   15.000012257.1191   13.3110
   -7.5000  -30.0000   15.000013127.5488   13.1970
    0.0000  -30.0000   15.000013688.2295   13.2034
    7.5000  -30.0000   15.000013252.6611   13.2192
   -7.5000  -22.5000   15.000014093.4932   13.1448
    0.0000  -22.5000   15.000014683.8193   13.1509
    7.5000  -22.5000   15.000014174.8477   13.1618
   -7.5000  -15.0000   15.000014833.6172   13.1273
    0.0000  -15.0000   15.000015484.3828   13.1282
    7.5000  -15.0000   15.000014886.6396   13.1322
   -7.5000   -7.5000   15.000015457.2881   13.1080
    0.0000   -7.5000   15.000016202.2598   13.1041
    7.5000   -7.5000   15.000015515.7500   13.1062
   -7.5000    0.0000   15.000016037.8301   13.1044
    0.0000    0.0000   15.000016887.8574   13.1004
    7.5000    0.0000   15.000016111.6074   13.1067
   -7.5000    7.5000   15.000015490.5020   13.1203
    0.0000    7.5000   15.000016522.5898   13.1214
    7.5000    7.5000   15.000015634.5928   13.1346
   -7.5000   15.0000   15.000014725.1865   13.1385
    0.0000   15.0000   15.000015830.6348   13.1451
    7.5000   15.0000   15.000014938.4521   13.1609
   -7.5000   22.5000   15.000013672.7686   13.2419
    0.0000   22.5000   15.000014625.3037   13.2485
    7.5000   22.5000   15.000013858.8027   13.2601
   -7.5000   30.0000   15.000012743.5166   13.3863
    0.0000   30.0000   15.000013584.3809   13.3883
    7.5000   30.0000   15.000012919.0342   13.3948
   -7.5000   37.5000   15.000012268.1875   13.7432
    0.0000   37.5000   15.000013015.6133   13.7380
    7.5000   37.5000   15.000012451.4854   13.7419
   -7.5000   45.0000   15.000011427.5381   13.8104
    0.0000   45.0000   15.000012063.4160   13.8083
    7.5000   45.0000   15.000011546.2705   13.8214
   -7.5000  -45.0000   22.500010720.2480   13.4307
    0.0000  -45.0000   22.500011231.1768   13.4270
    7.5000  -45.0000   22.500010816.0869   13.4344
   -7.5000  -37.5000   22.500011501.6270   13.2840
    0.0000  -37.5000   22.500012043.6758   13.2843
    7.5000  -37.5000   22.500011594.7803   13.2975
   -7.5000  -30.0000   22.500012476.0703   13.1842
    0.0000  -30.0000   22.500013017.2354   13.1870
    7.5000  -30.0000   22.500012530.9873   13.2008
   -7.5000  -22.5000   22.500013323.8389   13.1317
    0.0000  -22.5000   22.500013874.1787   13.1325
    7.5000  -22.5000   22.500013358.5703   13.1400
   -7.5000  -15.0000   22.500013978.3047   13.1147
    0.0000  -15.0000   22.500014528.7344   13.1114
    7.5000  -15.0000   22.500014023.1475   13.1120
   -7.5000   -7.5000   22.500014565.0000   13.0957
    0.0000   -7.5000   22.500015129.9648   13.0909
    7.5000   -7.5000   22.500014607.9863   13.0914
   -7.5000    0.0000   22.500015084.2285   13.0920
    0.0000    0.0000   22.500015766.7158   13.0889
    7.5000    0.0000   22.500015202.4238   13.0952
   -7.5000    7.5000   22.500014512.5723   13.1079
    0.0000    7.5000   22.500015316.7002   13.1086
    7.5000    7.5000   22.500014682.3672   13.1215
   -7.5000   15.0000   22.500013753.1562   13.1260
    0.0000   15.0000   22.500014489.7109   13.1289
    7.5000   15.0000   22.500013880.4629   13.1428
   -7.5000   22.5000   22.500012789.7246   13.2301
    0.0000   22.5000   22.500013452.8877   13.2309
    7.5000   22.5000   22.500012889.5576   13.2390
   -7.5000   30.0000   22.500011969.5303   13.3728
    0.0000   30.0000   22.500012598.7861   13.3698
    7.5000   30.0000   22.500012083.3623   13.3723
   -7.5000   37.5000   22.500011569.6201   13.7299
    0.0000   37.5000   22.500012180.4775   13.7228
    7.5000   37.5000   22.500011698.4561   13.7235
   -7.5000   45.0000   22.500010789.6777   13.7953
    0.0000   45.0000   22.500011337.2734   13.7910
    7.5000   45.0000   22.500010894.4717   13.8034
   -7.5000  -45.0000   30.0000 9982.7842   13.4607
    0.0000  -45.0000   30.000010456.1846   13.4554
    7.5000  -45.0000   30.000010060.2305   13.4563
   -7.5000  -37.5000   30.000010728.4922   13.3096
    0.0000  -37.5000   30.000011196.3975   13.3074
    7.5000  -37.5000   30.000010783.7383   13.3149
   -7.5000  -30.0000   30.000011619.0518   13.2121
    0.0000  -30.0000   30.000012097.8359   13.2105
    7.5000  -30.0000   30.000011665.4766   13.2186
   -7.5000  -22.5000   30.000012371.3994   13.1649
    0.0000  -22.5000   30.000012859.7666   13.1606
    7.5000  -22.5000   30.000012412.2178   13.1610
   -7.5000  -15.0000   30.000012976.3096   13.1513
    0.0000  -15.0000   30.000013472.8125   13.1439
    7.5000  -15.0000   30.000013024.4951   13.1361
   -7.5000   -7.5000   30.000013514.8750   13.1292
    0.0000   -7.5000   30.000014047.2422   13.1220
    7.5000   -7.5000   30.000013584.4512   13.1147
   -7.5000    0.0000   30.000013996.5674   13.1193
    0.0000    0.0000   30.000014615.1309   13.1147
    7.5000    0.0000   30.000014137.4463   13.1149
   -7.5000    7.5000   30.000013477.5732   13.1329
    0.0000    7.5000   30.000014113.4473   13.1310
    7.5000    7.5000   30.000013599.0986   13.1384
   -7.5000   15.0000   30.000012758.2549   13.1537
    0.0000   15.0000   30.000013303.3037   13.1523
    7.5000   15.0000   30.000012796.9434   13.1605
   -7.5000   22.5000   30.000011870.1279   13.2654
    0.0000   22.5000   30.000012385.6436   13.2611
    7.5000   22.5000   30.000011911.5811   13.2620
   -7.5000   30.0000   30.000011141.2969   13.4101
    0.0000   30.0000   30.000011668.6885   13.4033
    7.5000   30.0000   30.000011208.1514   13.3984
   -7.5000   37.5000   30.000010818.6865   13.7687
    0.0000   37.5000   30.000011310.7637   13.7592
    7.5000   37.5000   30.000010885.3730   13.7529
   -7.5000   45.0000   30.000010092.7510   13.8310
    0.0000   45.0000   30.000010554.4004   13.8227
    7.5000   45.0000   30.000010152.1172   13.8305
   -7.5000  -45.0000   37.5000 9564.8877   13.5721
    0.0000  -45.0000   37.500010021.1807   13.5636
    7.5000  -45.0000   37.5000 9643.6738   13.5575
   -7.5000  -37.5000   37.500010250.4365   13.4154
    0.0000  -37.5000   37.500010712.0645   13.4107
    7.5000  -37.5000   37.500010323.2959   13.4123
   -7.5000  -30.0000   37.500011122.1807   13.3187
    0.0000  -30.0000   37.500011593.2939   13.3163
    7.5000  -30.0000   37.500011185.2100   13.3198
   -7.5000  -22.5000   37.500011852.3027   13.2769
    0.0000  -22.5000   37.500012336.4502   13.2730
    7.5000  -22.5000   37.500011913.1631   13.2688
   -7.5000  -15.0000   37.500012451.1035   13.2671
    0.0000  -15.0000   37.500012947.1748   13.2595
    7.5000  -15.0000   37.500012496.2314   13.2458
   -7.5000   -7.5000   37.500012981.4863   13.2416
    0.0000   -7.5000   37.500013532.7998   13.2324
    7.5000   -7.5000   37.500013039.5928   13.2183
   -7.5000    0.0000   37.500013457.8926   13.2252
    0.0000    0.0000   37.500014060.1748   13.2176
    7.5000    0.0000   37.500013554.1885   13.2110
   -7.5000    7.5000   37.500012911.3564   13.2358
    0.0000    7.5000   37.500013487.6689   13.2316
    7.5000    7.5000   37.500013005.0713   13.2331
   -7.5000   15.0000   37.500012220.1309   13.2593
    0.0000   15.0000   37.500012717.5723   13.2572
    7.5000   15.0000   37.500012247.0049   13.2608
   -7.5000   22.5000   37.500011364.5713   13.3794
    0.0000   22.5000   37.500011838.5000   13.3756
    7.5000   22.5000   37.500011394.4355   13.3719
   -7.5000   30.0000   37.500010687.7666   13.5309
    0.0000   30.0000   37.500011151.3193   13.5251
    7.5000   30.0000   37.500010745.9082   13.5162
   -7.5000   37.5000   37.500010409.9131   13.8947
    0.0000   37.5000   37.500010856.5957   13.8840
    7.5000   37.5000   37.500010457.5596   13.8738
   -7.5000   45.0000   37.5000 9723.7432   13.9576
    0.0000   45.0000   37.500010144.9590   13.9472
    7.5000   45.0000   37.5000 9746.8467   13.9508
   -7.5000  -45.0000   45.0000 8811.2500   13.8255
    0.0000  -45.0000   45.0000 9258.4014   13.8168
    7.5000  -45.0000   45.0000 8884.6680   13.8097
   -7.5000  -37.5000   45.0000 9410.4473   13.6652
    0.0000  -37.5000   45.0000 9871.5391   13.6607
    7.5000  -37.5000   45.0000 9495.3008   13.6607
   -7.5000  -30.0000   45.000010211.4541   13.5653
    0.0000  -30.0000   45.000010687.3203   13.5661
    7.5000  -30.0000   45.000010293.8760   13.5689
   -7.5000  -22.5000   45.000010880.8281   13.5213
    0.0000  -22.5000   45.000011343.0391   13.5229
    7.5000  -22.5000   45.000010926.6484   13.5199
   -7.5000  -15.0000   45.000011422.0703   13.5086
    0.0000  -15.0000   45.000011896.6670   13.5062
    7.5000  -15.0000   45.000011479.2148   13.4945
   -7.5000   -7.5000   45.000011917.4365   13.4807
    0.0000   -7.5000   45.000012415.5527   13.4738
    7.5000   -7.5000   45.000011976.3506   13.4605
   -7.5000    0.0000   45.000012338.0371   13.4647
    0.0000    0.0000   45.000012878.4004   13.4570
    7.5000    0.0000   45.000012417.0635   13.4494
   -7.5000    7.5000   45.000011836.6592   13.4775
    0.0000    7.5000   45.000012350.4004   13.4736
    7.5000    7.5000   45.000011906.6797   13.4737
   -7.5000   15.0000   45.000011188.1182   13.5032
    0.0000   15.0000   45.000011657.8584   13.5043
    7.5000   15.0000   45.000011224.8857   13.5072
   -7.5000   22.5000   45.000010423.4365   13.6197
    0.0000   22.5000   45.000010859.8770   13.6220
    7.5000   22.5000   45.000010440.1582   13.6195
   -7.5000   30.0000   45.0000 9801.7881   13.7720
    0.0000   30.0000   45.000010216.8887   13.7727
    7.5000   30.0000   45.0000 9844.5596   13.7670
   -7.5000   37.5000   45.0000 9549.3486   14.1412
    0.0000   37.5000   45.0000 9963.6025   14.1343
    7.5000   37.5000   45.0000 9600.4727   14.1275
   -7.5000   45.0000   45.0000 8936.3262   14.2159
    0.0000   45.0000   45.0000 9333.8877   14.2089
    7.5000   45.0000   45.0000 8967.5518   14.2135

---------------------------------------------------------------------
imgreg_4dfp /opt/freesurfer/average/711-2C_as_mni_average_305 /opt/freesurfer/average/711-2B_as_mni_average_305_mask talsrcimg_g11 none talsrcimg_to_711-2C_as_mni_average_305_t4 4355
---------------------------------------------------------------------

freesurfer imgreg_4dfp.c
/opt/freesurfer/average/711-2C_as_mni_average_305.4dfp.img
       256       256       256         1
  1.000000  1.000000  1.000000
orientation T byte_order littleendian
Reading image: /opt/freesurfer/average/711-2C_as_mni_average_305.4dfp.img
dimensions:      256       256       256
mmppix:       1.0000   -1.0000   -1.0000
center:     128.0000 -129.0000 -129.0000
/opt/freesurfer/average/711-2B_as_mni_average_305_mask.4dfp.img
       256       256       256         1
  1.000000  1.000000  1.000000
orientation T byte_order littleendian
Reading mask: /opt/freesurfer/average/711-2B_as_mni_average_305_mask.4dfp.img (2306576 pixels)
talsrcimg_g11.4dfp.img
       256       256       256         1
  1.000000  1.000000  1.000000
orientation T byte_order littleendian
Reading image: talsrcimg_g11.4dfp.img
dimensions:      256       256       256
mmppix:       1.0000   -1.0000   -1.0000
center:     128.0000 -129.0000 -129.0000
rotation matrix determinant  1.000000
image alignment mode   4355 decimal     1103 hex
   -7.5000  -45.0000  -45.0000 2246.4275   15.9951
    0.0000  -45.0000  -45.0000 2253.4451   15.9168
    7.5000  -45.0000  -45.0000 2240.4915   16.0014
   -7.5000  -37.5000  -45.0000 2259.5222   15.5022
    0.0000  -37.5000  -45.0000 2272.3174   15.4164
    7.5000  -37.5000  -45.0000 2258.2500   15.5510
   -7.5000  -30.0000  -45.0000 2279.2329   15.0846
    0.0000  -30.0000  -45.0000 2293.6045   15.0349
    7.5000  -30.0000  -45.0000 2279.3979   15.1684
   -7.5000  -22.5000  -45.0000 2311.3450   14.8005
    0.0000  -22.5000  -45.0000 2326.4951   14.7590
    7.5000  -22.5000  -45.0000 2310.8445   14.8802
   -7.5000  -15.0000  -45.0000 2332.5222   14.5752
    0.0000  -15.0000  -45.0000 2344.5317   14.4945
    7.5000  -15.0000  -45.0000 2327.9639   14.6055
   -7.5000   -7.5000  -45.0000 2344.2058   14.3391
    0.0000   -7.5000  -45.0000 2364.3064   14.1853
    7.5000   -7.5000  -45.0000 2340.0471   14.3426
   -7.5000    0.0000  -45.0000 2337.0276   14.1830
    0.0000    0.0000  -45.0000 2362.9331   14.0272
    7.5000    0.0000  -45.0000 2341.1367   14.1515
   -7.5000    7.5000  -45.0000 2339.0620   14.1375
    0.0000    7.5000  -45.0000 2359.3921   13.9770
    7.5000    7.5000  -45.0000 2344.6006   14.0973
   -7.5000   15.0000  -45.0000 2344.2141   14.2228
    0.0000   15.0000  -45.0000 2363.7434   14.0616
    7.5000   15.0000  -45.0000 2345.0276   14.1972
   -7.5000   22.5000  -45.0000 2329.1030   14.6388
    0.0000   22.5000  -45.0000 2353.1672   14.4183
    7.5000   22.5000  -45.0000 2337.8879   14.5859
   -7.5000   30.0000  -45.0000 2288.7795   15.2214
    0.0000   30.0000  -45.0000 2322.6960   15.0078
    7.5000   30.0000  -45.0000 2307.8340   15.1394
   -7.5000   37.5000  -45.0000 2243.4814   16.0201
    0.0000   37.5000  -45.0000 2272.0823   15.7850
    7.5000   37.5000  -45.0000 2257.7427   15.8991
   -7.5000   45.0000  -45.0000 2169.3706   17.0809
    0.0000   45.0000  -45.0000 2200.8010   16.8471
    7.5000   45.0000  -45.0000 2185.0874   16.9316
   -7.5000  -45.0000  -37.5000 2334.9485   14.7229
    0.0000  -45.0000  -37.5000 2350.7490   14.6471
    7.5000  -45.0000  -37.5000 2330.8372   14.7794
   -7.5000  -37.5000  -37.5000 2357.4993   14.2781
    0.0000  -37.5000  -37.5000 2374.3879   14.1750
    7.5000  -37.5000  -37.5000 2355.4324   14.3735
   -7.5000  -30.0000  -37.5000 2387.4155   13.9499
    0.0000  -30.0000  -37.5000 2406.5520   13.8445
    7.5000  -30.0000  -37.5000 2382.9675   14.0097
   -7.5000  -22.5000  -37.5000 2415.7988   13.6747
    0.0000  -22.5000  -37.5000 2434.6079   13.5617
    7.5000  -22.5000  -37.5000 2408.4448   13.7179
   -7.5000  -15.0000  -37.5000 2434.3032   13.5021
    0.0000  -15.0000  -37.5000 2449.0391   13.3592
    7.5000  -15.0000  -37.5000 2426.3086   13.5122
   -7.5000   -7.5000  -37.5000 2437.9187   13.3179
    0.0000   -7.5000  -37.5000 2461.6646   13.1344
    7.5000   -7.5000  -37.5000 2434.9197   13.2924
   -7.5000    0.0000  -37.5000 2438.9224   13.1839
    0.0000    0.0000  -37.5000 2466.0845   12.9924
    7.5000    0.0000  -37.5000 2439.8818   13.1109
   -7.5000    7.5000  -37.5000 2435.6572   13.1447
    0.0000    7.5000  -37.5000 2460.7239   12.9751
    7.5000    7.5000  -37.5000 2444.3076   13.1099
   -7.5000   15.0000  -37.5000 2440.0144   13.2150
    0.0000   15.0000  -37.5000 2459.7915   13.0552
    7.5000   15.0000  -37.5000 2445.2185   13.2091
   -7.5000   22.5000  -37.5000 2424.9255   13.5160
    0.0000   22.5000  -37.5000 2447.9004   13.3467
    7.5000   22.5000  -37.5000 2433.5837   13.5291
   -7.5000   30.0000  -37.5000 2392.9788   14.0472
    0.0000   30.0000  -37.5000 2418.4353   13.8375
    7.5000   30.0000  -37.5000 2403.9971   13.9910
   -7.5000   37.5000  -37.5000 2339.6807   14.7637
    0.0000   37.5000  -37.5000 2369.9202   14.5414
    7.5000   37.5000  -37.5000 2351.8809   14.6615
   -7.5000   45.0000  -37.5000 2263.1030   15.7270
    0.0000   45.0000  -37.5000 2294.8767   15.5050
    7.5000   45.0000  -37.5000 2275.9062   15.6423
   -7.5000  -45.0000  -30.0000 2467.8704   14.1130
    0.0000  -45.0000  -30.0000 2485.0940   14.0205
    7.5000  -45.0000  -30.0000 2464.2771   14.1906
   -7.5000  -37.5000  -30.0000 2497.9666   13.6953
    0.0000  -37.5000  -30.0000 2521.8684   13.6118
    7.5000  -37.5000  -30.0000 2496.1089   13.7966
   -7.5000  -30.0000  -30.0000 2531.3403   13.3699
    0.0000  -30.0000  -30.0000 2555.8491   13.2470
    7.5000  -30.0000  -30.0000 2526.7710   13.4419
   -7.5000  -22.5000  -30.0000 2554.9507   13.0881
    0.0000  -22.5000  -30.0000 2572.1602   12.9366
    7.5000  -22.5000  -30.0000 2546.4509   13.1153
   -7.5000  -15.0000  -30.0000 2567.5786   12.8995
    0.0000  -15.0000  -30.0000 2581.2334   12.7004
    7.5000  -15.0000  -30.0000 2562.4146   12.8636
   -7.5000   -7.5000  -30.0000 2573.5127   12.7470
    0.0000   -7.5000  -30.0000 2594.4468   12.5444
    7.5000   -7.5000  -30.0000 2574.3308   12.6794
   -7.5000    0.0000  -30.0000 2578.8865   12.6403
    0.0000    0.0000  -30.0000 2602.3779   12.4400
    7.5000    0.0000  -30.0000 2585.1133   12.5724
   -7.5000    7.5000  -30.0000 2580.4717   12.6232
    0.0000    7.5000  -30.0000 2609.4028   12.4446
    7.5000    7.5000  -30.0000 2594.0754   12.5842
   -7.5000   15.0000  -30.0000 2579.9248   12.7012
    0.0000   15.0000  -30.0000 2605.2273   12.5430
    7.5000   15.0000  -30.0000 2592.1707   12.7030
   -7.5000   22.5000  -30.0000 2568.2073   12.9786
    0.0000   22.5000  -30.0000 2595.7783   12.8049
    7.5000   22.5000  -30.0000 2582.3184   12.9866
   -7.5000   30.0000  -30.0000 2539.9641   13.4592
    0.0000   30.0000  -30.0000 2569.3770   13.2501
    7.5000   30.0000  -30.0000 2551.9656   13.4112
   -7.5000   37.5000  -30.0000 2478.0251   14.1477
    0.0000   37.5000  -30.0000 2511.2266   13.9187
    7.5000   37.5000  -30.0000 2499.0759   14.0449
   -7.5000   45.0000  -30.0000 2397.1230   15.0675
    0.0000   45.0000  -30.0000 2427.2629   14.8036
    7.5000   45.0000  -30.0000 2417.7109   14.9870
   -7.5000  -45.0000  -22.5000 2566.6599   13.5192
    0.0000  -45.0000  -22.5000 2588.5493   13.4104
    7.5000  -45.0000  -22.5000 2567.5554   13.5616
   -7.5000  -37.5000  -22.5000 2601.8115   13.0998
    0.0000  -37.5000  -22.5000 2627.1633   12.9994
    7.5000  -37.5000  -22.5000 2602.0994   13.1563
   -7.5000  -30.0000  -22.5000 2635.0488   12.7662
    0.0000  -30.0000  -22.5000 2658.9963   12.6445
    7.5000  -30.0000  -22.5000 2632.7222   12.7996
   -7.5000  -22.5000  -22.5000 2655.8965   12.4414
    0.0000  -22.5000  -22.5000 2670.1262   12.3253
    7.5000  -22.5000  -22.5000 2651.3030   12.4501
   -7.5000  -15.0000  -22.5000 2666.1367   12.1955
    0.0000  -15.0000  -22.5000 2683.1328   12.0373
    7.5000  -15.0000  -22.5000 2665.6870   12.1643
   -7.5000   -7.5000  -22.5000 2678.5947   12.0412
    0.0000   -7.5000  -22.5000 2698.9133   11.8698
    7.5000   -7.5000  -22.5000 2686.5073   11.9930
   -7.5000    0.0000  -22.5000 2686.6675   11.9329
    0.0000    0.0000  -22.5000 2714.3875   11.7914
    7.5000    0.0000  -22.5000 2697.7683   11.9200
   -7.5000    7.5000  -22.5000 2695.0537   11.9749
    0.0000    7.5000  -22.5000 2727.8948   11.8138
    7.5000    7.5000  -22.5000 2712.9216   11.9408
   -7.5000   15.0000  -22.5000 2697.7935   12.1002
    0.0000   15.0000  -22.5000 2729.2439   11.9286
    7.5000   15.0000  -22.5000 2712.8232   12.0851
   -7.5000   22.5000  -22.5000 2687.7878   12.3510
    0.0000   22.5000  -22.5000 2724.1987   12.1626
    7.5000   22.5000  -22.5000 2707.9656   12.3489
   -7.5000   30.0000  -22.5000 2653.5991   12.8060
    0.0000   30.0000  -22.5000 2688.9978   12.5846
    7.5000   30.0000  -22.5000 2679.1816   12.7318
   -7.5000   37.5000  -22.5000 2590.4795   13.4478
    0.0000   37.5000  -22.5000 2626.5171   13.2044
    7.5000   37.5000  -22.5000 2621.9841   13.3232
   -7.5000   45.0000  -22.5000 2505.9958   14.3210
    0.0000   45.0000  -22.5000 2533.4583   14.0814
    7.5000   45.0000  -22.5000 2530.9553   14.2215
   -7.5000  -45.0000  -15.0000 2626.7871   13.0007
    0.0000  -45.0000  -15.0000 2651.0142   12.9149
    7.5000  -45.0000  -15.0000 2634.7290   13.0609
   -7.5000  -37.5000  -15.0000 2662.1953   12.5752
    0.0000  -37.5000  -15.0000 2691.2634   12.4974
    7.5000  -37.5000  -15.0000 2669.2720   12.6107
   -7.5000  -30.0000  -15.0000 2693.2998   12.2064
    0.0000  -30.0000  -15.0000 2720.7048   12.0991
    7.5000  -30.0000  -15.0000 2697.9092   12.2107
   -7.5000  -22.5000  -15.0000 2715.0061   11.8494
    0.0000  -22.5000  -15.0000 2732.2168   11.7370
    7.5000  -22.5000  -15.0000 2711.5989   11.8410
   -7.5000  -15.0000  -15.0000 2729.4438   11.5639
    0.0000  -15.0000  -15.0000 2749.1082   11.4393
    7.5000  -15.0000  -15.0000 2728.4021   11.5466
   -7.5000   -7.5000  -15.0000 2753.7461   11.3714
    0.0000   -7.5000  -15.0000 2775.5483   11.2584
    7.5000   -7.5000  -15.0000 2760.4595   11.3640
   -7.5000    0.0000  -15.0000 2762.8613   11.2788
    0.0000    0.0000  -15.0000 2789.1604   11.1752
    7.5000    0.0000  -15.0000 2778.8755   11.3027
   -7.5000    7.5000  -15.0000 2773.2974   11.3250
    0.0000    7.5000  -15.0000 2808.6741   11.2155
    7.5000    7.5000  -15.0000 2792.4814   11.3415
   -7.5000   15.0000  -15.0000 2778.4067   11.5048
    0.0000   15.0000  -15.0000 2820.3970   11.3794
    7.5000   15.0000  -15.0000 2804.7839   11.4872
   -7.5000   22.5000  -15.0000 2772.3623   11.7388
    0.0000   22.5000  -15.0000 2819.6035   11.5905
    7.5000   22.5000  -15.0000 2801.4949   11.7634
   -7.5000   30.0000  -15.0000 2730.9666   12.1581
    0.0000   30.0000  -15.0000 2778.0435   11.9724
    7.5000   30.0000  -15.0000 2768.0596   12.1184
   -7.5000   37.5000  -15.0000 2665.7009   12.7713
    0.0000   37.5000  -15.0000 2706.1270   12.5556
    7.5000   37.5000  -15.0000 2702.1338   12.6960
   -7.5000   45.0000  -15.0000 2577.9241   13.6288
    0.0000   45.0000  -15.0000 2612.5166   13.4000
    7.5000   45.0000  -15.0000 2605.3613   13.5509
   -7.5000  -45.0000   -7.5000 2662.5291   12.6069
    0.0000  -45.0000   -7.5000 2689.5984   12.4993
    7.5000  -45.0000   -7.5000 2670.0701   12.6519
   -7.5000  -37.5000   -7.5000 2692.2927   12.1817
    0.0000  -37.5000   -7.5000 2717.0796   12.0771
    7.5000  -37.5000   -7.5000 2698.7935   12.2109
   -7.5000  -30.0000   -7.5000 2721.6240   11.7858
    0.0000  -30.0000   -7.5000 2744.0464   11.6649
    7.5000  -30.0000   -7.5000 2720.8899   11.7710
   -7.5000  -22.5000   -7.5000 2740.9429   11.3956
    0.0000  -22.5000   -7.5000 2760.0994   11.2850
    7.5000  -22.5000   -7.5000 2741.2019   11.3499
   -7.5000  -15.0000   -7.5000 2761.3093   11.0926
    0.0000  -15.0000   -7.5000 2783.5466   10.9735
    7.5000  -15.0000   -7.5000 2765.3909   11.0483
   -7.5000   -7.5000   -7.5000 2792.1924   10.8900
    0.0000   -7.5000   -7.5000 2818.8057   10.7910
    7.5000   -7.5000   -7.5000 2804.7192   10.8459
   -7.5000    0.0000   -7.5000 2811.3420   10.7881
    0.0000    0.0000   -7.5000 2844.4614   10.7141
    7.5000    0.0000   -7.5000 2833.0791   10.7730
   -7.5000    7.5000   -7.5000 2831.3843   10.8664
    0.0000    7.5000   -7.5000 2870.3542   10.8054
    7.5000    7.5000   -7.5000 2857.7244   10.8502
   -7.5000   15.0000   -7.5000 2845.4966   11.0135
    0.0000   15.0000   -7.5000 2891.4092   10.9712
    7.5000   15.0000   -7.5000 2873.3564   11.0254
   -7.5000   22.5000   -7.5000 2831.9023   11.2475
    0.0000   22.5000   -7.5000 2885.4265   11.1669
    7.5000   22.5000   -7.5000 2868.1370   11.2771
   -7.5000   30.0000   -7.5000 2787.9692   11.6281
    0.0000   30.0000   -7.5000 2835.8447   11.5005
    7.5000   30.0000   -7.5000 2823.5715   11.6163
   -7.5000   37.5000   -7.5000 2719.0044   12.2147
    0.0000   37.5000   -7.5000 2765.7578   12.0464
    7.5000   37.5000   -7.5000 2752.1350   12.1328
   -7.5000   45.0000   -7.5000 2624.7507   13.0657
    0.0000   45.0000   -7.5000 2663.1870   12.8711
    7.5000   45.0000   -7.5000 2651.2131   12.9665
   -7.5000  -45.0000    0.0000 2669.7834   12.4452
    0.0000  -45.0000    0.0000 2696.3169   12.3012
    7.5000  -45.0000    0.0000 2679.5566   12.4394
   -7.5000  -37.5000    0.0000 2690.3167   12.0175
    0.0000  -37.5000    0.0000 2714.7954   11.8750
    7.5000  -37.5000    0.0000 2695.9324   11.9845
   -7.5000  -30.0000    0.0000 2710.9304   11.5502
    0.0000  -30.0000    0.0000 2733.9868   11.4178
    7.5000  -30.0000    0.0000 2716.6804   11.5317
   -7.5000  -22.5000    0.0000 2729.6084   11.1365
    0.0000  -22.5000    0.0000 2753.2056   11.0129
    7.5000  -22.5000    0.0000 2741.4939   11.1184
   -7.5000  -15.0000    0.0000 2756.7563   10.8047
    0.0000  -15.0000    0.0000 2780.9189   10.6882
    7.5000  -15.0000    0.0000 2775.3479   10.7784
   -7.5000   -7.5000    0.0000 2802.7949   10.5995
    0.0000   -7.5000    0.0000 2829.6318   10.4990
    7.5000   -7.5000    0.0000 2825.7407   10.5589
   -7.5000    0.0000    0.0000 2837.7937   10.5405
    0.0000    0.0000    0.0000 2873.5698   10.4708
    7.5000    0.0000    0.0000 2865.7336   10.5173
   -7.5000    7.5000    0.0000 2876.7241   10.6425
    0.0000    7.5000    0.0000 2919.9583   10.6443
    7.5000    7.5000    0.0000 2905.2341   10.6187
   -7.5000   15.0000    0.0000 2891.5034   10.8283
    0.0000   15.0000    0.0000 2949.3328   10.9117
    7.5000   15.0000    0.0000 2929.6731   10.8136
   -7.5000   22.5000    0.0000 2871.7341   11.0103
    0.0000   22.5000    0.0000 2936.3948   11.0576
    7.5000   22.5000    0.0000 2916.1775   11.0121
   -7.5000   30.0000    0.0000 2820.4478   11.3267
    0.0000   30.0000    0.0000 2871.9402   11.2859
    7.5000   30.0000    0.0000 2857.3887   11.3007
   -7.5000   37.5000    0.0000 2748.9324   11.8616
    0.0000   37.5000    0.0000 2796.1775   11.7361
    7.5000   37.5000    0.0000 2786.9229   11.7650
   -7.5000   45.0000    0.0000 2644.9597   12.7024
    0.0000   45.0000    0.0000 2688.7634   12.5249
    7.5000   45.0000    0.0000 2678.3928   12.5894
   -7.5000  -45.0000    7.5000 2660.5020   12.4863
    0.0000  -45.0000    7.5000 2687.2410   12.2998
    7.5000  -45.0000    7.5000 2668.3638   12.4779
   -7.5000  -37.5000    7.5000 2672.3635   12.0188
    0.0000  -37.5000    7.5000 2698.4990   11.8605
    7.5000  -37.5000    7.5000 2681.7749   12.0376
   -7.5000  -30.0000    7.5000 2686.9053   11.5110
    0.0000  -30.0000    7.5000 2708.5352   11.3465
    7.5000  -30.0000    7.5000 2696.4761   11.5590
   -7.5000  -22.5000    7.5000 2713.5706   11.0896
    0.0000  -22.5000    7.5000 2732.9204   10.9086
    7.5000  -22.5000    7.5000 2732.6807   11.0999
   -7.5000  -15.0000    7.5000 2744.3767   10.7258
    0.0000  -15.0000    7.5000 2766.2698   10.5712
    7.5000  -15.0000    7.5000 2765.8208   10.7187
   -7.5000   -7.5000    7.5000 2793.2866   10.5343
    0.0000   -7.5000    7.5000 2825.8882   10.4227
    7.5000   -7.5000    7.5000 2819.2490   10.5046
   -7.5000    0.0000    7.5000 2848.9934   10.4824
    0.0000    0.0000    7.5000 2887.5049   10.4283
    7.5000    0.0000    7.5000 2870.8774   10.4334
   -7.5000    7.5000    7.5000 2907.2002   10.5697
    0.0000    7.5000    7.5000 2954.8525   10.6263
    7.5000    7.5000    7.5000 2933.5774   10.5421
   -7.5000   15.0000    7.5000 2922.0188   10.7738
    0.0000   15.0000    7.5000 2999.0627   10.8969
    7.5000   15.0000    7.5000 2964.4614   10.7579
   -7.5000   22.5000    7.5000 2889.3928   10.9835
    0.0000   22.5000    7.5000 2967.7664   11.0489
    7.5000   22.5000    7.5000 2949.1177   10.9336
   -7.5000   30.0000    7.5000 2827.3906   11.2733
    0.0000   30.0000    7.5000 2883.2852   11.2500
    7.5000   30.0000    7.5000 2873.0801   11.2352
   -7.5000   37.5000    7.5000 2754.2378   11.7727
    0.0000   37.5000    7.5000 2801.7642   11.6448
    7.5000   37.5000    7.5000 2791.3118   11.6766
   -7.5000   45.0000    7.5000 2649.8289   12.5990
    0.0000   45.0000    7.5000 2689.2910   12.3956
    7.5000   45.0000    7.5000 2685.2422   12.4886
   -7.5000  -45.0000   15.0000 2625.6187   12.7325
    0.0000  -45.0000   15.0000 2656.2717   12.4950
    7.5000  -45.0000   15.0000 2644.8513   12.7243
   -7.5000  -37.5000   15.0000 2638.6777   12.2291
    0.0000  -37.5000   15.0000 2672.8516   12.0476
    7.5000  -37.5000   15.0000 2660.7163   12.2540
   -7.5000  -30.0000   15.0000 2652.3369   11.7377
    0.0000  -30.0000   15.0000 2672.7754   11.5296
    7.5000  -30.0000   15.0000 2666.4714   11.7238
   -7.5000  -22.5000   15.0000 2685.5325   11.2771
    0.0000  -22.5000   15.0000 2701.8562   11.0761
    7.5000  -22.5000   15.0000 2698.0220   11.2312
   -7.5000  -15.0000   15.0000 2715.2415   10.8924
    0.0000  -15.0000   15.0000 2734.4263   10.7141
    7.5000  -15.0000   15.0000 2733.2578   10.8426
   -7.5000   -7.5000   15.0000 2769.7405   10.6750
    0.0000   -7.5000   15.0000 2798.8530   10.5339
    7.5000   -7.5000   15.0000 2795.7532   10.6129
   -7.5000    0.0000   15.0000 2830.9766   10.5822
    0.0000    0.0000   15.0000 2865.6184   10.4792
    7.5000    0.0000   15.0000 2857.7917   10.5416
   -7.5000    7.5000   15.0000 2895.1650   10.6473
    0.0000    7.5000   15.0000 2942.0688   10.5923
    7.5000    7.5000   15.0000 2923.0679   10.6158
   -7.5000   15.0000   15.0000 2918.4346   10.7689
    0.0000   15.0000   15.0000 2995.9365   10.7649
    7.5000   15.0000   15.0000 2966.5647   10.7680
   -7.5000   22.5000   15.0000 2885.1177   10.9544
    0.0000   22.5000   15.0000 2967.6426   10.8612
    7.5000   22.5000   15.0000 2941.3669   10.9296
   -7.5000   30.0000   15.0000 2814.9258   11.3486
    0.0000   30.0000   15.0000 2880.0530   11.2038
    7.5000   30.0000   15.0000 2863.1829   11.2991
   -7.5000   37.5000   15.0000 2731.9438   11.9297
    0.0000   37.5000   15.0000 2778.4636   11.7522
    7.5000   37.5000   15.0000 2769.0181   11.8305
   -7.5000   45.0000   15.0000 2631.6367   12.7583
    0.0000   45.0000   15.0000 2664.1733   12.5558
    7.5000   45.0000   15.0000 2658.8337   12.6532
   -7.5000  -45.0000   22.5000 2585.2029   13.1712
    0.0000  -45.0000   22.5000 2616.6748   12.9244
    7.5000  -45.0000   22.5000 2600.0459   13.1470
   -7.5000  -37.5000   22.5000 2601.2114   12.6447
    0.0000  -37.5000   22.5000 2631.8506   12.4340
    7.5000  -37.5000   22.5000 2618.2715   12.6302
   -7.5000  -30.0000   22.5000 2618.7971   12.1169
    0.0000  -30.0000   22.5000 2641.2651   11.8964
    7.5000  -30.0000   22.5000 2626.7209   12.0717
   -7.5000  -22.5000   22.5000 2653.6528   11.6261
    0.0000  -22.5000   22.5000 2672.1562   11.3751
    7.5000  -22.5000   22.5000 2663.5061   11.5461
   -7.5000  -15.0000   22.5000 2683.6870   11.2314
    0.0000  -15.0000   22.5000 2705.3381   10.9989
    7.5000  -15.0000   22.5000 2706.9717   11.1432
   -7.5000   -7.5000   22.5000 2738.4722   10.9861
    0.0000   -7.5000   22.5000 2760.7520   10.7552
    7.5000   -7.5000   22.5000 2765.6887   10.8595
   -7.5000    0.0000   22.5000 2797.3030   10.8650
    0.0000    0.0000   22.5000 2826.6677   10.6727
    7.5000    0.0000   22.5000 2829.8376   10.7677
   -7.5000    7.5000   22.5000 2850.3052   10.8926
    0.0000    7.5000   22.5000 2893.8748   10.7507
    7.5000    7.5000   22.5000 2886.3474   10.8143
   -7.5000   15.0000   22.5000 2875.3594   10.9696
    0.0000   15.0000   22.5000 2925.5955   10.8508
    7.5000   15.0000   22.5000 2913.2380   10.9288
   -7.5000   22.5000   22.5000 2848.5264   11.1503
    0.0000   22.5000   22.5000 2912.0491   10.9672
    7.5000   22.5000   22.5000 2894.5681   11.0863
   -7.5000   30.0000   22.5000 2785.3501   11.5749
    0.0000   30.0000   22.5000 2848.2778   11.3579
    7.5000   30.0000   22.5000 2833.1096   11.4786
   -7.5000   37.5000   22.5000 2696.5786   12.2171
    0.0000   37.5000   22.5000 2741.9590   12.0149
    7.5000   37.5000   22.5000 2734.3633   12.1052
   -7.5000   45.0000   22.5000 2594.7168   13.0841
    0.0000   45.0000   22.5000 2630.3003   12.8621
    7.5000   45.0000   22.5000 2623.0479   12.9617
   -7.5000  -45.0000   30.0000 2527.0806   13.6927
    0.0000  -45.0000   30.0000 2556.9136   13.4349
    7.5000  -45.0000   30.0000 2543.4460   13.6577
   -7.5000  -37.5000   30.0000 2550.8982   13.1376
    0.0000  -37.5000   30.0000 2577.0317   12.8677
    7.5000  -37.5000   30.0000 2563.0752   13.0633
   -7.5000  -30.0000   30.0000 2575.2170   12.5607
    0.0000  -30.0000   30.0000 2599.1392   12.2830
    7.5000  -30.0000   30.0000 2584.4546   12.4741
   -7.5000  -22.5000   30.0000 2609.5330   12.0466
    0.0000  -22.5000   30.0000 2639.3418   11.7566
    7.5000  -22.5000   30.0000 2627.9673   11.9206
   -7.5000  -15.0000   30.0000 2641.5488   11.6509
    0.0000  -15.0000   30.0000 2672.2598   11.3360
    7.5000  -15.0000   30.0000 2669.6160   11.4990
   -7.5000   -7.5000   30.0000 2692.6299   11.3796
    0.0000   -7.5000   30.0000 2724.0730   11.1088
    7.5000   -7.5000   30.0000 2726.1213   11.2380
   -7.5000    0.0000   30.0000 2744.0786   11.2715
    0.0000    0.0000   30.0000 2780.8335   11.0455
    7.5000    0.0000   30.0000 2784.4768   11.1562
   -7.5000    7.5000   30.0000 2788.2075   11.3149
    0.0000    7.5000   30.0000 2824.8611   11.1186
    7.5000    7.5000   30.0000 2829.0232   11.1967
   -7.5000   15.0000   30.0000 2800.3081   11.3993
    0.0000   15.0000   30.0000 2840.4172   11.1805
    7.5000   15.0000   30.0000 2836.5117   11.2794
   -7.5000   22.5000   30.0000 2774.2913   11.6024
    0.0000   22.5000   30.0000 2830.2461   11.3671
    7.5000   22.5000   30.0000 2817.8896   11.4709
   -7.5000   30.0000   30.0000 2725.2539   12.0257
    0.0000   30.0000   30.0000 2781.6292   11.8066
    7.5000   30.0000   30.0000 2768.2844   11.9175
   -7.5000   37.5000   30.0000 2645.7627   12.6857
    0.0000   37.5000   30.0000 2686.3416   12.4473
    7.5000   37.5000   30.0000 2682.6152   12.5573
   -7.5000   45.0000   30.0000 2546.5205   13.5687
    0.0000   45.0000   30.0000 2575.6721   13.3197
    7.5000   45.0000   30.0000 2572.6509   13.4506
   -7.5000  -45.0000   37.5000 2466.2258   14.3181
    0.0000  -45.0000   37.5000 2495.2100   14.0047
    7.5000  -45.0000   37.5000 2483.5173   14.1848
   -7.5000  -37.5000   37.5000 2487.3884   13.7099
    0.0000  -37.5000   37.5000 2519.3650   13.4012
    7.5000  -37.5000   37.5000 2506.0107   13.5921
   -7.5000  -30.0000   37.5000 2514.4270   13.1509
    0.0000  -30.0000   37.5000 2547.2490   12.8198
    7.5000  -30.0000   37.5000 2537.0439   13.0203
   -7.5000  -22.5000   37.5000 2554.8540   12.6322
    0.0000  -22.5000   37.5000 2591.9182   12.2977
    7.5000  -22.5000   37.5000 2583.8438   12.4602
   -7.5000  -15.0000   37.5000 2594.3833   12.2142
    0.0000  -15.0000   37.5000 2628.5481   11.8891
    7.5000  -15.0000   37.5000 2625.1309   12.0347
   -7.5000   -7.5000   37.5000 2634.8740   11.9808
    0.0000   -7.5000   37.5000 2676.0823   11.6957
    7.5000   -7.5000   37.5000 2669.5852   11.7905
   -7.5000    0.0000   37.5000 2681.0032   11.8762
    0.0000    0.0000   37.5000 2723.3252   11.6301
    7.5000    0.0000   37.5000 2721.5110   11.7151
   -7.5000    7.5000   37.5000 2710.7996   11.9004
    0.0000    7.5000   37.5000 2753.5239   11.6680
    7.5000    7.5000   37.5000 2757.9934   11.7642
   -7.5000   15.0000   37.5000 2714.9419   12.0033
    0.0000   15.0000   37.5000 2756.0229   11.7458
    7.5000   15.0000   37.5000 2758.3184   11.8632
   -7.5000   22.5000   37.5000 2686.9033   12.2444
    0.0000   22.5000   37.5000 2731.5378   11.9940
    7.5000   22.5000   37.5000 2727.2852   12.1240
   -7.5000   30.0000   37.5000 2642.6135   12.6653
    0.0000   30.0000   37.5000 2687.3367   12.4163
    7.5000   30.0000   37.5000 2686.3647   12.5279
   -7.5000   37.5000   37.5000 2573.6855   13.3372
    0.0000   37.5000   37.5000 2612.3958   13.0706
    7.5000   37.5000   37.5000 2611.0669   13.1706
   -7.5000   45.0000   37.5000 2485.7012   14.2205
    0.0000   45.0000   37.5000 2513.3098   13.9408
    7.5000   45.0000   37.5000 2510.5776   14.0570
   -7.5000  -45.0000   45.0000 2392.6836   15.1297
    0.0000  -45.0000   45.0000 2422.3135   14.8144
    7.5000  -45.0000   45.0000 2410.3044   14.9530
   -7.5000  -37.5000   45.0000 2417.0085   14.4826
    0.0000  -37.5000   45.0000 2452.5706   14.1851
    7.5000  -37.5000   45.0000 2442.5754   14.3404
   -7.5000  -30.0000   45.0000 2447.4160   13.9244
    0.0000  -30.0000   45.0000 2484.9736   13.5684
    7.5000  -30.0000   45.0000 2475.2712   13.7684
   -7.5000  -22.5000   45.0000 2491.4670   13.3635
    0.0000  -22.5000   45.0000 2526.0918   13.0247
    7.5000  -22.5000   45.0000 2518.5557   13.1986
   -7.5000  -15.0000   45.0000 2527.6887   12.9374
    0.0000  -15.0000   45.0000 2561.3774   12.6128
    7.5000  -15.0000   45.0000 2557.3027   12.7636
   -7.5000   -7.5000   45.0000 2563.9126   12.7375
    0.0000   -7.5000   45.0000 2603.2861   12.4382
    7.5000   -7.5000   45.0000 2598.4727   12.5402
   -7.5000    0.0000   45.0000 2598.4309   12.6872
    0.0000    0.0000   45.0000 2643.8320   12.3791
    7.5000    0.0000   45.0000 2639.0093   12.4842
   -7.5000    7.5000   45.0000 2621.2749   12.7163
    0.0000    7.5000   45.0000 2664.1062   12.4358
    7.5000    7.5000   45.0000 2668.5208   12.5352
   -7.5000   15.0000   45.0000 2618.3584   12.8437
    0.0000   15.0000   45.0000 2659.6558   12.5934
    7.5000   15.0000   45.0000 2663.4248   12.6901
   -7.5000   22.5000   45.0000 2592.8728   13.1109
    0.0000   22.5000   45.0000 2632.8533   12.8673
    7.5000   22.5000   45.0000 2633.7861   12.9769
   -7.5000   30.0000   45.0000 2549.4041   13.5180
    0.0000   30.0000   45.0000 2588.4255   13.2380
    7.5000   30.0000   45.0000 2592.1140   13.3454
   -7.5000   37.5000   45.0000 2489.4788   14.1313
    0.0000   37.5000   45.0000 2526.1057   13.8320
    7.5000   37.5000   45.0000 2528.4631   13.9309
   -7.5000   45.0000   45.0000 2412.2217   15.0294
    0.0000   45.0000   45.0000 2443.2004   14.7176
    7.5000   45.0000   45.0000 2435.6333   14.8220

---------------------------------------------------------------------
imgreg_4dfp /opt/freesurfer/average/711-2C_as_mni_average_305 /opt/freesurfer/average/711-2B_as_mni_average_305_mask talsrcimg_g11 none talsrcimg_to_711-2C_as_mni_average_305_t4 1283
---------------------------------------------------------------------

freesurfer imgreg_4dfp.c
/opt/freesurfer/average/711-2C_as_mni_average_305.4dfp.img
       256       256       256         1
  1.000000  1.000000  1.000000
orientation T byte_order littleendian
Reading image: /opt/freesurfer/average/711-2C_as_mni_average_305.4dfp.img
dimensions:      256       256       256
mmppix:       1.0000   -1.0000   -1.0000
center:     128.0000 -129.0000 -129.0000
/opt/freesurfer/average/711-2B_as_mni_average_305_mask.4dfp.img
       256       256       256         1
  1.000000  1.000000  1.000000
orientation T byte_order littleendian
Reading mask: /opt/freesurfer/average/711-2B_as_mni_average_305_mask.4dfp.img (2306576 pixels)
talsrcimg_g11.4dfp.img
       256       256       256         1
  1.000000  1.000000  1.000000
orientation T byte_order littleendian
Reading image: talsrcimg_g11.4dfp.img
dimensions:      256       256       256
mmppix:       1.0000   -1.0000   -1.0000
center:     128.0000 -129.0000 -129.0000
rotation matrix determinant  1.000000
fimgreg.f
image alignment mode   1283 decimal      503 hex
parameters
    0.0000   15.0000    7.5000    0.0000    0.0000    0.0000
eta,q 0.93965 10.89227
niter,ni,del,rscale     5    3   12.0000    1.2000
parameter  3 -0.709856 -> -0.500000 qaram    1.1500
parameter  4  1.442425 ->  0.500000 qaram    1.1500
parameter  5  0.516262 ->  0.500000 qaram    1.1500
parameters
    1.9168   15.1473   10.9500   -3.4500   -3.4500   -2.1203
eta,q 0.95132 10.73781
  0.0826  0.0675  0.0700  0.0512  0.0515  0.0520
  0.0718  0.0612  0.0644  0.0512  0.0497  0.0497
  0.0631  0.0581  0.0608  0.0528  0.0499  0.0487
  0.0587  0.0585  0.0584  0.0556  0.0515  0.0496
  0.0587  0.0599  0.0563  0.0588  0.0548  0.0525
  0.0605  0.0617  0.0552  0.0615  0.0601  0.0571
  0.0637  0.0653  0.0561  0.0650  0.0657  0.0630
niter,ni,del,rscale     7    3   12.0000    1.2000
parameter  4  1.068729 ->  0.500000 qaram    1.3225
parameters
    2.8094   17.1454    9.3887   -7.4175   -2.6224   -3.1311
eta,q 0.95817 10.91015
  0.0697  0.0666  0.0514  0.0407  0.0540  0.0475
  0.0605  0.0581  0.0476  0.0418  0.0478  0.0434
  0.0528  0.0519  0.0467  0.0437  0.0435  0.0419
  0.0487  0.0480  0.0463  0.0466  0.0422  0.0421
  0.0482  0.0463  0.0478  0.0502  0.0424  0.0441
  0.0523  0.0479  0.0531  0.0559  0.0449  0.0473
  0.0612  0.0518  0.0626  0.0622  0.0492  0.0522
niter,ni,del,rscale     7    3   12.0000    1.2000
parameters
    2.4447   18.1036    8.2018   -9.8849   -2.4904   -2.9253
eta,q 0.96201 10.91964
  0.0579  0.0599  0.0485  0.0453  0.0501  0.0479
  0.0478  0.0520  0.0426  0.0390  0.0441  0.0426
  0.0424  0.0453  0.0405  0.0379  0.0392  0.0392
  0.0418  0.0417  0.0408  0.0405  0.0380  0.0380
  0.0443  0.0407  0.0433  0.0444  0.0398  0.0387
  0.0509  0.0443  0.0485  0.0502  0.0434  0.0416
  0.0623  0.0521  0.0562  0.0566  0.0490  0.0467
niter,ni,del,rscale     6    3   12.0000    1.2000
parameters
    2.3009   18.4389    7.5158  -10.1157   -2.6385   -2.7437
eta,q 0.96282 10.93486
  0.0577  0.0558  0.0486  0.0511  0.0490  0.0474
  0.0468  0.0477  0.0418  0.0437  0.0429  0.0421
  0.0399  0.0419  0.0381  0.0380  0.0382  0.0385
  0.0380  0.0380  0.0377  0.0374  0.0373  0.0372
  0.0409  0.0385  0.0405  0.0405  0.0396  0.0378
  0.0483  0.0445  0.0457  0.0450  0.0438  0.0410
  0.0594  0.0533  0.0533  0.0518  0.0496  0.0465
niter,ni,del,rscale     5    3   12.0000    1.2000
parameters
    2.3171   18.5055    7.4612  -10.2010   -2.7105   -2.7106
eta,q 0.96293 10.93573
  0.0588  0.0539  0.0511  0.0513  0.0492  0.0470
  0.0476  0.0463  0.0431  0.0442  0.0431  0.0416
  0.0398  0.0407  0.0385  0.0380  0.0382  0.0382
  0.0372  0.0372  0.0371  0.0371  0.0371  0.0371
  0.0399  0.0386  0.0393  0.0402  0.0394  0.0378
  0.0474  0.0452  0.0440  0.0446  0.0436  0.0412
  0.0585  0.0543  0.0508  0.0513  0.0493  0.0470
niter,ni,del,rscale     4    3   12.0000    1.2000
parameters
    2.3362   18.5377    7.4328  -10.2425   -2.7405   -2.6967
eta,q 0.96298 10.93589
  0.0588  0.0537  0.0512  0.0514  0.0493  0.0469
  0.0476  0.0462  0.0431  0.0444  0.0432  0.0416
  0.0398  0.0405  0.0384  0.0381  0.0383  0.0381
  0.0371  0.0371  0.0370  0.0370  0.0370  0.0370
  0.0398  0.0386  0.0392  0.0400  0.0393  0.0378
  0.0474  0.0453  0.0440  0.0444  0.0435  0.0412
  0.0585  0.0544  0.0507  0.0512  0.0491  0.0471
registration optimization eta report
parameter search radius
    6.0000    6.0000    6.9000    7.9350    6.9000    6.0000
100000*second partial in parameter space
       59.       46.       29.       22.       25.       28.
  0.0588  0.0537  0.0512  0.0514  0.0493  0.0469
  0.0476  0.0462  0.0431  0.0444  0.0432  0.0416
  0.0398  0.0405  0.0384  0.0381  0.0383  0.0381
  0.0371  0.0371  0.0370  0.0370  0.0370  0.0370
  0.0398  0.0386  0.0392  0.0400  0.0393  0.0378
  0.0474  0.0453  0.0440  0.0444  0.0435  0.0412
  0.0585  0.0544  0.0507  0.0512  0.0491  0.0471
    2.3362   18.5377    7.4328  -10.2425   -2.7405   -2.6967
eta,q 0.96298 10.93589

---------------------------------------------------------------------
imgreg_4dfp /opt/freesurfer/average/711-2C_as_mni_average_305 /opt/freesurfer/average/711-2B_as_mni_average_305_mask talsrcimg_g11 none talsrcimg_to_711-2C_as_mni_average_305_t4 3335
---------------------------------------------------------------------

freesurfer imgreg_4dfp.c
/opt/freesurfer/average/711-2C_as_mni_average_305.4dfp.img
       256       256       256         1
  1.000000  1.000000  1.000000
orientation T byte_order littleendian
Reading image: /opt/freesurfer/average/711-2C_as_mni_average_305.4dfp.img
dimensions:      256       256       256
mmppix:       1.0000   -1.0000   -1.0000
center:     128.0000 -129.0000 -129.0000
/opt/freesurfer/average/711-2B_as_mni_average_305_mask.4dfp.img
       256       256       256         1
  1.000000  1.000000  1.000000
orientation T byte_order littleendian
Reading mask: /opt/freesurfer/average/711-2B_as_mni_average_305_mask.4dfp.img (2306576 pixels)
talsrcimg_g11.4dfp.img
       256       256       256         1
  1.000000  1.000000  1.000000
orientation T byte_order littleendian
Reading image: talsrcimg_g11.4dfp.img
dimensions:      256       256       256
mmppix:       1.0000   -1.0000   -1.0000
center:     128.0000 -129.0000 -129.0000
fimgreg.f
image alignment mode   3335 decimal      D07 hex
parameters
    2.3362   18.5377    7.4328   -0.2250   -1.6626   -1.7062
    3.7807    5.5365   -4.6996   17.5405   -4.7813  -17.7612
eta,q 0.96320 10.88202
niter,ni,del,rscale     5    3    5.0000    1.2000
parameter  4  0.840922 ->  0.500000 qaram    1.1500
parameter  5  0.610857 ->  0.500000 qaram    1.1500
parameters
    2.4675   18.5902    7.8235   -4.3650   -5.8026   -4.5427
    3.6478    6.2945   -4.0286   15.8373   -3.1178  -20.6113
eta,q 0.96658 10.28898
  0.0413  0.0402  0.0391  0.0352  0.0350  0.0348  0.0373  0.0398  0.0368  0.0356  0.0352  0.0339
  0.0389  0.0384  0.0379  0.0353  0.0344  0.0341  0.0355  0.0371  0.0354  0.0345  0.0345  0.0335
  0.0374  0.0372  0.0372  0.0359  0.0346  0.0340  0.0344  0.0350  0.0344  0.0338  0.0341  0.0334
  0.0368  0.0368  0.0368  0.0367  0.0355  0.0344  0.0340  0.0340  0.0339  0.0339  0.0337  0.0337
  0.0371  0.0371  0.0368  0.0380  0.0370  0.0352  0.0345  0.0342  0.0341  0.0348  0.0337  0.0341
  0.0383  0.0382  0.0372  0.0399  0.0390  0.0365  0.0357  0.0355  0.0348  0.0365  0.0339  0.0349
  0.0404  0.0399  0.0380  0.0425  0.0414  0.0388  0.0375  0.0379  0.0359  0.0386  0.0343  0.0360
niter,ni,del,rscale     6    3    5.0000    1.2000
parameters
    2.4635   18.6233    7.7135   -6.0610   -6.1515   -4.8211
    3.4580    6.2627   -4.4914   16.0480   -3.4111  -20.8088
eta,q 0.96685 10.15981
  0.0377  0.0368  0.0351  0.0352  0.0360  0.0358  0.0365  0.0384  0.0354  0.0363  0.0342  0.0344
  0.0353  0.0350  0.0341  0.0338  0.0347  0.0343  0.0347  0.0357  0.0341  0.0347  0.0336  0.0337
  0.0339  0.0338  0.0335  0.0332  0.0337  0.0333  0.0335  0.0338  0.0334  0.0337  0.0333  0.0332
  0.0334  0.0334  0.0334  0.0334  0.0332  0.0332  0.0332  0.0332  0.0332  0.0332  0.0332  0.0332
  0.0339  0.0338  0.0337  0.0342  0.0335  0.0337  0.0337  0.0338  0.0336  0.0334  0.0333  0.0334
  0.0354  0.0349  0.0343  0.0355  0.0348  0.0347  0.0350  0.0357  0.0346  0.0344  0.0337  0.0338
  0.0376  0.0366  0.0353  0.0375  0.0368  0.0360  0.0368  0.0385  0.0360  0.0361  0.0344  0.0345
niter,ni,del,rscale     5    3    5.0000    1.2000
parameters
    2.4571   18.6876    7.6552   -6.0681   -6.2386   -4.8653
    3.4956    6.2841   -4.5020   16.1497   -3.4133  -20.9355
eta,q 0.96686 10.15694
  0.0375  0.0365  0.0349  0.0363  0.0361  0.0360  0.0367  0.0384  0.0356  0.0362  0.0343  0.0345
  0.0351  0.0347  0.0339  0.0345  0.0348  0.0344  0.0348  0.0357  0.0343  0.0346  0.0337  0.0337
  0.0336  0.0336  0.0333  0.0334  0.0337  0.0333  0.0336  0.0338  0.0335  0.0336  0.0333  0.0332
  0.0332  0.0332  0.0332  0.0331  0.0331  0.0332  0.0332  0.0332  0.0331  0.0332  0.0331  0.0331
  0.0337  0.0335  0.0334  0.0336  0.0334  0.0336  0.0336  0.0338  0.0334  0.0335  0.0333  0.0334
  0.0352  0.0345  0.0340  0.0346  0.0346  0.0346  0.0348  0.0356  0.0343  0.0345  0.0337  0.0338
  0.0374  0.0361  0.0350  0.0362  0.0365  0.0358  0.0366  0.0384  0.0357  0.0361  0.0343  0.0345
niter,ni,del,rscale     4    3    5.0000    1.2000
parameters
    2.4544   18.7059    7.6355   -6.0523   -6.2549   -4.8724
    3.4964    6.2940   -4.5086   16.1959   -3.4189  -20.9838
eta,q 0.96686 10.15835
  0.0375  0.0364  0.0350  0.0363  0.0362  0.0360  0.0366  0.0384  0.0356  0.0361  0.0343  0.0345
  0.0351  0.0346  0.0339  0.0345  0.0348  0.0344  0.0348  0.0357  0.0343  0.0346  0.0337  0.0337
  0.0336  0.0335  0.0333  0.0334  0.0337  0.0333  0.0336  0.0338  0.0335  0.0336  0.0333  0.0332
  0.0331  0.0331  0.0331  0.0331  0.0331  0.0331  0.0331  0.0331  0.0331  0.0331  0.0331  0.0331
  0.0337  0.0335  0.0334  0.0336  0.0334  0.0336  0.0336  0.0338  0.0334  0.0335  0.0333  0.0334
  0.0352  0.0346  0.0340  0.0346  0.0345  0.0345  0.0348  0.0356  0.0343  0.0345  0.0337  0.0338
  0.0374  0.0362  0.0350  0.0361  0.0365  0.0358  0.0366  0.0383  0.0357  0.0361  0.0343  0.0345
registration optimization eta report
parameter search radius
    2.4000    2.4000    2.4000    8.2800    8.2800    7.2000
    7.2000    7.2000    7.2000    7.2000    7.2000    7.2000
100000*second partial in parameter space
       74.       54.       31.        4.        5.        5.
        7.       10.        5.        6.        2.        3.
  0.0375  0.0364  0.0350  0.0363  0.0362  0.0360  0.0366  0.0384  0.0356  0.0361  0.0343  0.0345
  0.0351  0.0346  0.0339  0.0345  0.0348  0.0344  0.0348  0.0357  0.0343  0.0346  0.0337  0.0337
  0.0336  0.0335  0.0333  0.0334  0.0337  0.0333  0.0336  0.0338  0.0335  0.0336  0.0333  0.0332
  0.0331  0.0331  0.0331  0.0331  0.0331  0.0331  0.0331  0.0331  0.0331  0.0331  0.0331  0.0331
  0.0337  0.0335  0.0334  0.0336  0.0334  0.0336  0.0336  0.0338  0.0334  0.0335  0.0333  0.0334
  0.0352  0.0346  0.0340  0.0346  0.0345  0.0345  0.0348  0.0356  0.0343  0.0345  0.0337  0.0338
  0.0374  0.0362  0.0350  0.0361  0.0365  0.0358  0.0366  0.0383  0.0357  0.0361  0.0343  0.0345
    2.4544   18.7059    7.6355   -6.0523   -6.2549   -4.8724
    3.4964    6.2940   -4.5086   16.1959   -3.4189  -20.9838
eta,q 0.96686 10.15835

---------------------------------------------------------------------
imgreg_4dfp /opt/freesurfer/average/711-2C_as_mni_average_305 /opt/freesurfer/average/711-2B_as_mni_average_305_mask talsrcimg_g11 none talsrcimg_to_711-2C_as_mni_average_305_t4 2311
---------------------------------------------------------------------

freesurfer imgreg_4dfp.c
/opt/freesurfer/average/711-2C_as_mni_average_305.4dfp.img
       256       256       256         1
  1.000000  1.000000  1.000000
orientation T byte_order littleendian
Reading image: /opt/freesurfer/average/711-2C_as_mni_average_305.4dfp.img
dimensions:      256       256       256
mmppix:       1.0000   -1.0000   -1.0000
center:     128.0000 -129.0000 -129.0000
/opt/freesurfer/average/711-2B_as_mni_average_305_mask.4dfp.img
       256       256       256         1
  1.000000  1.000000  1.000000
orientation T byte_order littleendian
Reading mask: /opt/freesurfer/average/711-2B_as_mni_average_305_mask.4dfp.img (2306576 pixels)
talsrcimg_g11.4dfp.img
       256       256       256         1
  1.000000  1.000000  1.000000
orientation T byte_order littleendian
Reading image: talsrcimg_g11.4dfp.img
dimensions:      256       256       256
mmppix:       1.0000   -1.0000   -1.0000
center:     128.0000 -129.0000 -129.0000
fimgreg.f
image alignment mode   2311 decimal      907 hex
parameters
    2.4544   18.7059    7.6355   -6.0523   -6.2549   -4.8724
    3.4964    6.2940   -4.5086   16.1959   -3.4189  -20.9838
eta,q 0.96686 10.15835
niter,ni,del,rscale     5    3    5.0000    0.8000
parameters
    2.4418   18.6939    7.5839   -6.2858   -5.7814   -5.1537
    3.4972    6.2771   -4.4913   16.1825   -3.5056  -21.1354
eta,q 0.96692 10.15100
  0.0351  0.0346  0.0339  0.0342  0.0345  0.0343  0.0347  0.0356  0.0343  0.0345  0.0336  0.0337
  0.0340  0.0338  0.0335  0.0335  0.0339  0.0336  0.0338  0.0342  0.0336  0.0338  0.0333  0.0333
  0.0333  0.0333  0.0332  0.0332  0.0334  0.0331  0.0333  0.0334  0.0332  0.0333  0.0331  0.0331
  0.0331  0.0331  0.0331  0.0331  0.0331  0.0331  0.0331  0.0331  0.0331  0.0331  0.0331  0.0331
  0.0334  0.0333  0.0333  0.0333  0.0332  0.0334  0.0333  0.0334  0.0332  0.0333  0.0331  0.0332
  0.0341  0.0338  0.0336  0.0338  0.0335  0.0339  0.0338  0.0342  0.0336  0.0338  0.0333  0.0334
  0.0351  0.0346  0.0340  0.0343  0.0341  0.0345  0.0347  0.0356  0.0343  0.0346  0.0336  0.0337
niter,ni,del,rscale     4    3    5.0000    0.7000
parameters
    2.4306   18.6857    7.4723   -6.4047   -5.6906   -5.3594
    3.4831    6.2596   -4.4725   16.1986   -3.5714  -21.3354
eta,q 0.96695 10.13800
  0.0346  0.0342  0.0336  0.0339  0.0340  0.0341  0.0343  0.0350  0.0340  0.0342  0.0334  0.0335
  0.0338  0.0336  0.0333  0.0334  0.0336  0.0335  0.0336  0.0339  0.0335  0.0336  0.0332  0.0332
  0.0332  0.0332  0.0331  0.0331  0.0332  0.0331  0.0332  0.0333  0.0332  0.0332  0.0331  0.0331
  0.0331  0.0331  0.0331  0.0331  0.0331  0.0331  0.0331  0.0331  0.0331  0.0331  0.0331  0.0331
  0.0333  0.0332  0.0332  0.0332  0.0331  0.0333  0.0332  0.0333  0.0331  0.0332  0.0331  0.0332
  0.0338  0.0336  0.0334  0.0335  0.0335  0.0337  0.0336  0.0339  0.0334  0.0336  0.0332  0.0333
  0.0346  0.0342  0.0338  0.0340  0.0340  0.0342  0.0343  0.0350  0.0340  0.0342  0.0335  0.0336
niter,ni,del,rscale     3    3    5.0000    0.6000
parameters
    2.4216   18.6923    7.3968   -6.4604   -5.6371   -5.5180
    3.4685    6.2540   -4.4473   16.2320   -3.6136  -21.5046
eta,q 0.96696 10.12984
  0.0342  0.0339  0.0335  0.0337  0.0338  0.0338  0.0340  0.0345  0.0337  0.0339  0.0333  0.0334
  0.0335  0.0334  0.0332  0.0333  0.0334  0.0334  0.0335  0.0337  0.0334  0.0335  0.0332  0.0332
  0.0332  0.0331  0.0331  0.0331  0.0331  0.0331  0.0331  0.0332  0.0331  0.0332  0.0331  0.0331
  0.0331  0.0331  0.0331  0.0330  0.0330  0.0330  0.0330  0.0330  0.0330  0.0330  0.0330  0.0330
  0.0332  0.0331  0.0331  0.0331  0.0331  0.0332  0.0331  0.0332  0.0331  0.0331  0.0331  0.0331
  0.0336  0.0334  0.0333  0.0334  0.0333  0.0335  0.0335  0.0337  0.0333  0.0334  0.0332  0.0333
  0.0342  0.0339  0.0336  0.0337  0.0337  0.0339  0.0340  0.0345  0.0337  0.0339  0.0333  0.0334
niter,ni,del,rscale     2    3    5.0000    0.5000
parameters
    2.4139   18.6994    7.3323   -6.5072   -5.6002   -5.6624
    3.4654    6.2521   -4.4277   16.2592   -3.6722  -21.6413
eta,q 0.96698 10.12208
  0.0338  0.0336  0.0333  0.0335  0.0335  0.0336  0.0337  0.0340  0.0335  0.0336  0.0332  0.0333
  0.0334  0.0333  0.0331  0.0332  0.0333  0.0333  0.0333  0.0335  0.0332  0.0333  0.0331  0.0331
  0.0331  0.0331  0.0330  0.0331  0.0331  0.0331  0.0331  0.0331  0.0331  0.0331  0.0330  0.0330
  0.0330  0.0330  0.0330  0.0330  0.0330  0.0330  0.0330  0.0330  0.0330  0.0330  0.0330  0.0330
  0.0331  0.0331  0.0331  0.0331  0.0331  0.0331  0.0331  0.0331  0.0331  0.0331  0.0330  0.0331
  0.0334  0.0333  0.0332  0.0333  0.0332  0.0334  0.0333  0.0335  0.0332  0.0333  0.0331  0.0332
  0.0338  0.0336  0.0334  0.0335  0.0335  0.0337  0.0337  0.0340  0.0335  0.0336  0.0332  0.0333
niter,ni,del,rscale     1    3    5.0000    0.4000
parameters
    2.4094   18.7064    7.2864   -6.5451   -5.5774   -5.7710
    3.4582    6.2582   -4.3967   16.2739   -3.6970  -21.7604
eta,q 0.96698 10.11582
  0.0335  0.0334  0.0332  0.0333  0.0333  0.0334  0.0334  0.0337  0.0333  0.0334  0.0331  0.0332
  0.0332  0.0332  0.0331  0.0331  0.0332  0.0332  0.0332  0.0333  0.0332  0.0332  0.0331  0.0331
  0.0331  0.0331  0.0330  0.0330  0.0331  0.0330  0.0331  0.0331  0.0331  0.0331  0.0330  0.0330
  0.0330  0.0330  0.0330  0.0330  0.0330  0.0330  0.0330  0.0330  0.0330  0.0330  0.0330  0.0330
  0.0331  0.0331  0.0331  0.0331  0.0331  0.0331  0.0331  0.0331  0.0330  0.0331  0.0330  0.0331
  0.0333  0.0332  0.0331  0.0332  0.0332  0.0332  0.0332  0.0333  0.0331  0.0332  0.0331  0.0331
  0.0335  0.0334  0.0333  0.0333  0.0333  0.0335  0.0334  0.0337  0.0333  0.0334  0.0332  0.0332
registration optimization eta report
parameter search radius
    0.8000    0.8000    0.8000    2.4000    2.4000    2.4000
    2.4000    2.4000    2.4000    2.4000    2.4000    2.4000
100000*second partial in parameter space
       80.       60.       35.        5.        6.        7.
        7.       11.        5.        7.        2.        4.
  0.0335  0.0334  0.0332  0.0333  0.0333  0.0334  0.0334  0.0337  0.0333  0.0334  0.0331  0.0332
  0.0332  0.0332  0.0331  0.0331  0.0332  0.0332  0.0332  0.0333  0.0332  0.0332  0.0331  0.0331
  0.0331  0.0331  0.0330  0.0330  0.0331  0.0330  0.0331  0.0331  0.0331  0.0331  0.0330  0.0330
  0.0330  0.0330  0.0330  0.0330  0.0330  0.0330  0.0330  0.0330  0.0330  0.0330  0.0330  0.0330
  0.0331  0.0331  0.0331  0.0331  0.0331  0.0331  0.0331  0.0331  0.0330  0.0331  0.0330  0.0331
  0.0333  0.0332  0.0331  0.0332  0.0332  0.0332  0.0332  0.0333  0.0331  0.0332  0.0331  0.0331
  0.0335  0.0334  0.0333  0.0333  0.0333  0.0335  0.0334  0.0337  0.0333  0.0334  0.0332  0.0332
    2.4094   18.7064    7.2864   -6.5451   -5.5774   -5.7710
    3.4582    6.2582   -4.3967   16.2739   -3.6970  -21.7604
eta,q 0.96698 10.11582

---------------------------------------------------------------------
imgreg_4dfp /opt/freesurfer/average/711-2C_as_mni_average_305 /opt/freesurfer/average/711-2B_as_mni_average_305_mask talsrcimg_g11 none talsrcimg_to_711-2C_as_mni_average_305_t4 2311
---------------------------------------------------------------------

freesurfer imgreg_4dfp.c
/opt/freesurfer/average/711-2C_as_mni_average_305.4dfp.img
       256       256       256         1
  1.000000  1.000000  1.000000
orientation T byte_order littleendian
Reading image: /opt/freesurfer/average/711-2C_as_mni_average_305.4dfp.img
dimensions:      256       256       256
mmppix:       1.0000   -1.0000   -1.0000
center:     128.0000 -129.0000 -129.0000
/opt/freesurfer/average/711-2B_as_mni_average_305_mask.4dfp.img
       256       256       256         1
  1.000000  1.000000  1.000000
orientation T byte_order littleendian
Reading mask: /opt/freesurfer/average/711-2B_as_mni_average_305_mask.4dfp.img (2306576 pixels)
talsrcimg_g11.4dfp.img
       256       256       256         1
  1.000000  1.000000  1.000000
orientation T byte_order littleendian
Reading image: talsrcimg_g11.4dfp.img
dimensions:      256       256       256
mmppix:       1.0000   -1.0000   -1.0000
center:     128.0000 -129.0000 -129.0000
fimgreg.f
image alignment mode   2311 decimal      907 hex
parameters
    2.4094   18.7064    7.2864   -6.5451   -5.5774   -5.7710
    3.4582    6.2582   -4.3967   16.2739   -3.6970  -21.7604
eta,q 0.96698 10.11583
niter,ni,del,rscale     5    3    5.0000    0.8000
parameters
    2.4189   18.7291    7.2831   -6.3826   -5.7562   -5.5832
    3.4431    6.2833   -4.4791   16.3331   -3.6326  -21.5242
eta,q 0.96697 10.12895
  0.0350  0.0345  0.0339  0.0343  0.0341  0.0347  0.0347  0.0355  0.0341  0.0345  0.0336  0.0338
  0.0339  0.0337  0.0334  0.0336  0.0336  0.0338  0.0338  0.0342  0.0335  0.0337  0.0333  0.0334
  0.0332  0.0332  0.0331  0.0331  0.0332  0.0332  0.0332  0.0333  0.0332  0.0332  0.0331  0.0331
  0.0330  0.0330  0.0330  0.0330  0.0330  0.0330  0.0330  0.0330  0.0330  0.0330  0.0330  0.0330
  0.0332  0.0332  0.0331  0.0332  0.0332  0.0332  0.0332  0.0333  0.0332  0.0332  0.0331  0.0331
  0.0339  0.0337  0.0334  0.0335  0.0336  0.0337  0.0338  0.0341  0.0336  0.0337  0.0333  0.0334
  0.0350  0.0344  0.0339  0.0340  0.0344  0.0344  0.0347  0.0355  0.0343  0.0344  0.0336  0.0336
niter,ni,del,rscale     4    3    5.0000    0.7000
parameters
    2.4260   18.7238    7.3319   -6.4104   -5.7057   -5.5300
    3.4591    6.2764   -4.4739   16.3015   -3.6025  -21.5275
eta,q 0.96697 10.13164
  0.0346  0.0342  0.0338  0.0339  0.0340  0.0342  0.0343  0.0350  0.0339  0.0341  0.0334  0.0336
  0.0337  0.0335  0.0334  0.0334  0.0335  0.0336  0.0336  0.0339  0.0335  0.0336  0.0332  0.0333
  0.0332  0.0331  0.0331  0.0331  0.0332  0.0331  0.0332  0.0333  0.0331  0.0332  0.0331  0.0331
  0.0330  0.0330  0.0330  0.0330  0.0330  0.0330  0.0330  0.0330  0.0330  0.0330  0.0330  0.0330
  0.0332  0.0332  0.0331  0.0332  0.0331  0.0332  0.0332  0.0332  0.0331  0.0332  0.0331  0.0331
  0.0337  0.0336  0.0333  0.0335  0.0334  0.0336  0.0336  0.0339  0.0334  0.0336  0.0332  0.0333
  0.0345  0.0342  0.0337  0.0339  0.0340  0.0341  0.0343  0.0350  0.0339  0.0342  0.0334  0.0335
niter,ni,del,rscale     3    3    5.0000    0.6000
parameters
    2.4217   18.7120    7.3381   -6.4551   -5.6505   -5.5813
    3.4639    6.2665   -4.4562   16.2827   -3.6292  -21.5758
eta,q 0.96697 10.12805
  0.0342  0.0339  0.0335  0.0337  0.0337  0.0339  0.0340  0.0344  0.0337  0.0339  0.0333  0.0334
  0.0335  0.0334  0.0333  0.0333  0.0334  0.0334  0.0335  0.0337  0.0333  0.0334  0.0332  0.0332
  0.0331  0.0331  0.0331  0.0331  0.0331  0.0331  0.0331  0.0332  0.0331  0.0331  0.0331  0.0331
  0.0330  0.0330  0.0330  0.0330  0.0330  0.0330  0.0330  0.0330  0.0330  0.0330  0.0330  0.0330
  0.0332  0.0331  0.0331  0.0331  0.0331  0.0332  0.0331  0.0332  0.0331  0.0331  0.0331  0.0331
  0.0336  0.0334  0.0332  0.0334  0.0333  0.0335  0.0335  0.0337  0.0333  0.0334  0.0332  0.0333
  0.0342  0.0339  0.0335  0.0337  0.0337  0.0339  0.0340  0.0345  0.0337  0.0339  0.0333  0.0334
niter,ni,del,rscale     2    3    5.0000    0.5000
parameters
    2.4144   18.7094    7.3160   -6.5087   -5.6109   -5.6770
    3.4650    6.2607   -4.4202   16.2699   -3.6658  -21.6679
eta,q 0.96698 10.12134
  0.0338  0.0336  0.0334  0.0335  0.0335  0.0336  0.0337  0.0340  0.0335  0.0336  0.0332  0.0333
  0.0334  0.0333  0.0332  0.0332  0.0333  0.0333  0.0333  0.0335  0.0332  0.0333  0.0331  0.0331
  0.0331  0.0331  0.0330  0.0331  0.0331  0.0331  0.0331  0.0331  0.0331  0.0331  0.0330  0.0330
  0.0330  0.0330  0.0330  0.0330  0.0330  0.0330  0.0330  0.0330  0.0330  0.0330  0.0330  0.0330
  0.0331  0.0331  0.0331  0.0331  0.0331  0.0331  0.0331  0.0331  0.0331  0.0331  0.0330  0.0331
  0.0334  0.0333  0.0332  0.0333  0.0332  0.0334  0.0333  0.0335  0.0332  0.0333  0.0331  0.0332
  0.0338  0.0336  0.0334  0.0335  0.0335  0.0337  0.0337  0.0340  0.0335  0.0336  0.0332  0.0333
niter,ni,del,rscale     1    3    5.0000    0.4000
parameters
    2.4089   18.7103    7.2813   -6.5357   -5.5821   -5.7801
    3.4602    6.2579   -4.4043   16.2827   -3.6946  -21.7499
eta,q 0.96699 10.11588
  0.0335  0.0334  0.0332  0.0333  0.0333  0.0334  0.0334  0.0336  0.0333  0.0334  0.0331  0.0332
  0.0332  0.0332  0.0331  0.0331  0.0332  0.0332  0.0332  0.0333  0.0332  0.0332  0.0331  0.0331
  0.0331  0.0331  0.0330  0.0330  0.0331  0.0330  0.0331  0.0331  0.0331  0.0331  0.0330  0.0330
  0.0330  0.0330  0.0330  0.0330  0.0330  0.0330  0.0330  0.0330  0.0330  0.0330  0.0330  0.0330
  0.0331  0.0331  0.0331  0.0331  0.0331  0.0331  0.0331  0.0331  0.0330  0.0331  0.0330  0.0330
  0.0332  0.0332  0.0331  0.0332  0.0332  0.0332  0.0332  0.0333  0.0331  0.0332  0.0331  0.0331
  0.0335  0.0334  0.0333  0.0333  0.0333  0.0335  0.0334  0.0337  0.0333  0.0334  0.0332  0.0332
registration optimization eta report
parameter search radius
    0.8000    0.8000    0.8000    2.4000    2.4000    2.4000
    2.4000    2.4000    2.4000    2.4000    2.4000    2.4000
100000*second partial in parameter space
       79.       60.       35.        5.        6.        7.
        7.       11.        5.        7.        2.        4.
  0.0335  0.0334  0.0332  0.0333  0.0333  0.0334  0.0334  0.0336  0.0333  0.0334  0.0331  0.0332
  0.0332  0.0332  0.0331  0.0331  0.0332  0.0332  0.0332  0.0333  0.0332  0.0332  0.0331  0.0331
  0.0331  0.0331  0.0330  0.0330  0.0331  0.0330  0.0331  0.0331  0.0331  0.0331  0.0330  0.0330
  0.0330  0.0330  0.0330  0.0330  0.0330  0.0330  0.0330  0.0330  0.0330  0.0330  0.0330  0.0330
  0.0331  0.0331  0.0331  0.0331  0.0331  0.0331  0.0331  0.0331  0.0330  0.0331  0.0330  0.0330
  0.0332  0.0332  0.0331  0.0332  0.0332  0.0332  0.0332  0.0333  0.0331  0.0332  0.0331  0.0331
  0.0335  0.0334  0.0333  0.0333  0.0333  0.0335  0.0334  0.0337  0.0333  0.0334  0.0332  0.0332
    2.4089   18.7103    7.2813   -6.5357   -5.5821   -5.7801
    3.4602    6.2579   -4.4043   16.2827   -3.6946  -21.7499
eta,q 0.96699 10.11588

---------------------------------------------------------------------
compute_vox2vox talsrcimg talsrcimg_to_711-2C_as_mni_average_305_t4 /opt/freesurfer/average/711-2C_as_mni_average_305
---------------------------------------------------------------------

freesurfer compute_vox2vox.c
Reading: talsrcimg.4dfp.ifh
Reading: talsrcimg_to_711-2C_as_mni_average_305_t4
Reading: /opt/freesurfer/average/711-2C_as_mni_average_305.4dfp.ifh
Writing: talsrcimg_to_711-2C_as_mni_average_305_t4_vox2vox.txt

start time Tue Mar 10 02:55:03 CET 2026
end		time Tue Mar 10 02:56:32 CET 2026

mpr2mni305 success

avi2talxfm orig_nu.mgz /opt/freesurfer/average/mni305.cor.mgz talsrcimg_to_711-2C_as_mni_average_305_t4_vox2vox.txt transforms/talairach.auto.xfm
avi2talxfm done
mv -f /out/sourcedata/freesurfer/sub-v1s4x0050704_ses-1/mri/talsrcimg_to_711-2C_as_mni_average_305_t4_vox2vox.txt /out/sourcedata/freesurfer/sub-v1s4x0050704_ses-1/mri/transforms/talsrcimg_to_711-2C_as_mni_average_305_t4_vox2vox.txt
lta_convert --src orig_nu.mgz --trg /opt/freesurfer/average/mni305.cor.mgz --inxfm transforms/talairach.auto.xfm --outlta transforms/talairach.auto.xfm.lta --subject fsaverage
7.3.2

--src: orig_nu.mgz src image (geometry).
--trg: /opt/freesurfer/average/mni305.cor.mgz trg image (geometry).
--inmni: transforms/talairach.auto.xfm input MNI/XFM transform.
--outlta: transforms/talairach.auto.xfm.lta output LTA.
--s: fsaverage subject name
 LTA read, type : 1
 1.06499  -0.06154  -0.05320  -2.35384;
 0.05119   1.01776   0.23257  -23.73024;
 0.04085  -0.17839   1.01653  -20.70639;
 0.00000   0.00000   0.00000   1.00000;
setting subject to fsaverage
Writing  LTA to file transforms/talairach.auto.xfm.lta...
lta_convert successful.
 
 
Started at Tue Mar 10 02:55:03 CET 2026
Ended   at Tue Mar 10 02:56:32 CET 2026
talairach_avi done
