status file for recon-all
Tue Mar 10 04:39:56 CET 2026
#@# Tessellate rh Tue Mar 10 04:39:56 CET 2026
#@# Smooth1 rh Tue Mar 10 04:39:59 CET 2026
#@# Inflation1 rh Tue Mar 10 04:40:02 CET 2026
#@# QSphere rh Tue Mar 10 04:40:14 CET 2026
#@# Fix Topology rh Tue Mar 10 04:41:31 CET 2026
#@# Smooth2 rh Tue Mar 10 04:46:10 CET 2026
#@# Inflation2 rh Tue Mar 10 04:46:13 CET 2026
#@# Curv .H and .K rh Tue Mar 10 04:46:25 CET 2026
#@# Sphere rh Tue Mar 10 04:47:08 CET 2026
#@# Surf Reg rh Tue Mar 10 04:49:28 CET 2026
#@# Jacobian white rh Tue Mar 10 04:52:44 CET 2026
#@# AvgCurv rh Tue Mar 10 04:52:45 CET 2026
#@# Cortical Parc rh Tue Mar 10 04:52:46 CET 2026
#@# white curv rh Tue Mar 10 04:58:38 CET 2026
#@# white area rh Tue Mar 10 04:58:40 CET 2026
#@# pial curv rh Tue Mar 10 04:58:41 CET 2026
#@# pial area rh Tue Mar 10 04:58:42 CET 2026
#@# thickness rh Tue Mar 10 04:58:43 CET 2026
#@# area and vertex vol rh Tue Mar 10 04:59:09 CET 2026
#@# Curvature Stats rh Tue Mar 10 04:59:11 CET 2026
#@# Cortical Parc 2 rh Tue Mar 10 04:59:13 CET 2026
#@# Cortical Parc 3 rh Tue Mar 10 04:59:25 CET 2026
#@# WM/GM Contrast rh Tue Mar 10 04:59:34 CET 2026
recon-all -s sub-v1s4x0050697_ses-1 finished without error at Tue Mar 10 04:59:38 CET 2026



#New# invocation of recon-all 



status file for recon-all
Tue Mar 10 05:07:45 CET 2026
#@# white curv rh Tue Mar 10 05:07:45 CET 2026
#@# white area rh Tue Mar 10 05:07:45 CET 2026
#@# pial curv rh Tue Mar 10 05:07:45 CET 2026
#@# pial area rh Tue Mar 10 05:07:45 CET 2026
#@# thickness rh Tue Mar 10 05:07:45 CET 2026
#@# area and vertex vol rh Tue Mar 10 05:07:45 CET 2026
#@# Parcellation Stats rh Tue Mar 10 05:07:45 CET 2026
#@# Parcellation Stats 2 rh Tue Mar 10 05:08:02 CET 2026
#@# Parcellation Stats 3 rh Tue Mar 10 05:08:09 CET 2026
#@# BA_exvivo Labels rh Tue Mar 10 05:08:17 CET 2026
recon-all -s sub-v1s4x0050697_ses-1 finished without error at Tue Mar 10 05:10:48 CET 2026
