status file for recon-all
Tue Mar 10 04:18:24 CET 2026
#@# Tessellate lh Tue Mar 10 04:18:24 CET 2026
#@# Smooth1 lh Tue Mar 10 04:18:28 CET 2026
#@# Inflation1 lh Tue Mar 10 04:18:31 CET 2026
#@# QSphere lh Tue Mar 10 04:18:44 CET 2026
#@# Fix Topology lh Tue Mar 10 04:20:01 CET 2026
#@# Smooth2 lh Tue Mar 10 04:25:01 CET 2026
#@# Inflation2 lh Tue Mar 10 04:25:04 CET 2026
#@# Curv .H and .K lh Tue Mar 10 04:25:17 CET 2026
#@# Sphere lh Tue Mar 10 04:25:58 CET 2026
#@# Surf Reg lh Tue Mar 10 04:29:16 CET 2026
#@# Jacobian white lh Tue Mar 10 04:32:53 CET 2026
#@# AvgCurv lh Tue Mar 10 04:32:54 CET 2026
#@# Cortical Parc lh Tue Mar 10 04:32:55 CET 2026
#@# white curv lh Tue Mar 10 04:38:51 CET 2026
#@# white area lh Tue Mar 10 04:38:53 CET 2026
#@# pial curv lh Tue Mar 10 04:38:53 CET 2026
#@# pial area lh Tue Mar 10 04:38:55 CET 2026
#@# thickness lh Tue Mar 10 04:38:56 CET 2026
#@# area and vertex vol lh Tue Mar 10 04:39:23 CET 2026
#@# Curvature Stats lh Tue Mar 10 04:39:24 CET 2026
#@# Cortical Parc 2 lh Tue Mar 10 04:39:27 CET 2026
#@# Cortical Parc 3 lh Tue Mar 10 04:39:40 CET 2026
#@# WM/GM Contrast lh Tue Mar 10 04:39:50 CET 2026
recon-all -s sub-v1s4x0050697_ses-1 finished without error at Tue Mar 10 04:39:53 CET 2026



#New# invocation of recon-all 



status file for recon-all
Tue Mar 10 05:04:43 CET 2026
#@# white curv lh Tue Mar 10 05:04:43 CET 2026
#@# white area lh Tue Mar 10 05:04:43 CET 2026
#@# pial curv lh Tue Mar 10 05:04:43 CET 2026
#@# pial area lh Tue Mar 10 05:04:43 CET 2026
#@# thickness lh Tue Mar 10 05:04:43 CET 2026
#@# area and vertex vol lh Tue Mar 10 05:04:43 CET 2026
#@# Parcellation Stats lh Tue Mar 10 05:04:43 CET 2026
#@# Parcellation Stats 2 lh Tue Mar 10 05:04:59 CET 2026
#@# Parcellation Stats 3 lh Tue Mar 10 05:05:06 CET 2026
#@# BA_exvivo Labels lh Tue Mar 10 05:05:15 CET 2026
recon-all -s sub-v1s4x0050697_ses-1 finished without error at Tue Mar 10 05:07:43 CET 2026
