status file for recon-all
Tue Mar 10 02:31:26 CET 2026
#@# MotionCor Tue Mar 10 02:31:28 CET 2026
#@# Talairach Tue Mar 10 02:31:40 CET 2026
#@# Talairach Failure Detection Tue Mar 10 02:36:09 CET 2026
#@# Nu Intensity Correction Tue Mar 10 02:36:09 CET 2026
#@# Intensity Normalization Tue Mar 10 02:39:28 CET 2026
recon-all -s sub-v1s4x0050697_ses-1 finished without error at Tue Mar 10 02:41:03 CET 2026



#New# invocation of recon-all 



status file for recon-all
Tue Mar 10 02:48:08 CET 2026
#@# EM Registration Tue Mar 10 02:48:08 CET 2026
recon-all -s sub-v1s4x0050697_ses-1 finished without error at Tue Mar 10 02:49:47 CET 2026



#New# invocation of recon-all 



status file for recon-all
Tue Mar 10 02:49:52 CET 2026
#@# CA Normalize Tue Mar 10 02:49:52 CET 2026
#@# CA Reg Tue Mar 10 02:51:15 CET 2026
#@# SubCort Seg Tue Mar 10 03:43:41 CET 2026
#@# CC Seg Tue Mar 10 04:12:33 CET 2026
#@# Merge ASeg Tue Mar 10 04:13:10 CET 2026
#@# Intensity Normalization2 Tue Mar 10 04:13:10 CET 2026
#@# Mask BFS Tue Mar 10 04:15:25 CET 2026
#@# WM Segmentation Tue Mar 10 04:15:26 CET 2026
#@# Fill Tue Mar 10 04:17:14 CET 2026
recon-all -s sub-v1s4x0050697_ses-1 finished without error at Tue Mar 10 04:18:18 CET 2026



#New# invocation of recon-all 



status file for recon-all
Tue Mar 10 04:59:41 CET 2026
#@# white curv lh Tue Mar 10 04:59:41 CET 2026
#@# white area lh Tue Mar 10 04:59:41 CET 2026
#@# pial curv lh Tue Mar 10 04:59:41 CET 2026
#@# pial area lh Tue Mar 10 04:59:41 CET 2026
#@# thickness lh Tue Mar 10 04:59:41 CET 2026
#@# area and vertex vol lh Tue Mar 10 04:59:41 CET 2026
#@# white curv rh Tue Mar 10 04:59:41 CET 2026
#@# white area rh Tue Mar 10 04:59:41 CET 2026
#@# pial curv rh Tue Mar 10 04:59:41 CET 2026
#@# pial area rh Tue Mar 10 04:59:41 CET 2026
#@# thickness rh Tue Mar 10 04:59:41 CET 2026
#@# area and vertex vol rh Tue Mar 10 04:59:41 CET 2026
#@# Cortical ribbon mask Tue Mar 10 04:59:41 CET 2026
recon-all -s sub-v1s4x0050697_ses-1 finished without error at Tue Mar 10 05:04:40 CET 2026



#New# invocation of recon-all 



status file for recon-all
Tue Mar 10 05:10:53 CET 2026
#@# white curv lh Tue Mar 10 05:10:53 CET 2026
#@# white area lh Tue Mar 10 05:10:53 CET 2026
#@# pial curv lh Tue Mar 10 05:10:53 CET 2026
#@# pial area lh Tue Mar 10 05:10:53 CET 2026
#@# thickness lh Tue Mar 10 05:10:53 CET 2026
#@# area and vertex vol lh Tue Mar 10 05:10:53 CET 2026
#@# white curv rh Tue Mar 10 05:10:53 CET 2026
#@# white area rh Tue Mar 10 05:10:53 CET 2026
#@# pial curv rh Tue Mar 10 05:10:53 CET 2026
#@# pial area rh Tue Mar 10 05:10:53 CET 2026
#@# thickness rh Tue Mar 10 05:10:53 CET 2026
#@# area and vertex vol rh Tue Mar 10 05:10:53 CET 2026
#@# Curvature Stats lh Tue Mar 10 05:10:53 CET 2026
#@# Curvature Stats rh Tue Mar 10 05:10:56 CET 2026
#@# Relabel Hypointensities Tue Mar 10 05:10:58 CET 2026
#@# APas-to-ASeg Tue Mar 10 05:11:13 CET 2026
#@# AParc-to-ASeg aparc Tue Mar 10 05:11:21 CET 2026
#@# AParc-to-ASeg aparc.a2009s Tue Mar 10 05:11:49 CET 2026
#@# AParc-to-ASeg aparc.DKTatlas Tue Mar 10 05:12:19 CET 2026
#@# WMParc Tue Mar 10 05:12:45 CET 2026
#@# ASeg Stats Tue Mar 10 05:16:27 CET 2026
recon-all -s sub-v1s4x0050697_ses-1 finished without error at Tue Mar 10 05:17:07 CET 2026
