status file for recon-all
Tue Mar 10 04:34:19 CET 2026
#@# Tessellate rh Tue Mar 10 04:34:19 CET 2026
#@# Smooth1 rh Tue Mar 10 04:34:22 CET 2026
#@# Inflation1 rh Tue Mar 10 04:34:25 CET 2026
#@# QSphere rh Tue Mar 10 04:34:44 CET 2026
#@# Fix Topology rh Tue Mar 10 04:36:48 CET 2026
#@# Smooth2 rh Tue Mar 10 04:43:05 CET 2026
#@# Inflation2 rh Tue Mar 10 04:43:08 CET 2026
#@# Curv .H and .K rh Tue Mar 10 04:43:30 CET 2026
#@# Sphere rh Tue Mar 10 04:44:15 CET 2026
#@# Surf Reg rh Tue Mar 10 04:50:32 CET 2026
#@# Jacobian white rh Tue Mar 10 04:56:43 CET 2026
#@# AvgCurv rh Tue Mar 10 04:56:44 CET 2026
#@# Cortical Parc rh Tue Mar 10 04:56:45 CET 2026
#@# white curv rh Tue Mar 10 05:03:56 CET 2026
#@# white area rh Tue Mar 10 05:03:58 CET 2026
#@# pial curv rh Tue Mar 10 05:03:58 CET 2026
#@# pial area rh Tue Mar 10 05:04:00 CET 2026
#@# thickness rh Tue Mar 10 05:04:01 CET 2026
#@# area and vertex vol rh Tue Mar 10 05:04:28 CET 2026
#@# Curvature Stats rh Tue Mar 10 05:04:30 CET 2026
#@# Cortical Parc 2 rh Tue Mar 10 05:04:32 CET 2026
#@# Cortical Parc 3 rh Tue Mar 10 05:04:45 CET 2026
#@# WM/GM Contrast rh Tue Mar 10 05:04:55 CET 2026
recon-all -s sub-v1s4x0050690_ses-1 finished without error at Tue Mar 10 05:04:58 CET 2026



#New# invocation of recon-all 



status file for recon-all
Tue Mar 10 05:13:34 CET 2026
#@# white curv rh Tue Mar 10 05:13:34 CET 2026
#@# white area rh Tue Mar 10 05:13:34 CET 2026
#@# pial curv rh Tue Mar 10 05:13:34 CET 2026
#@# pial area rh Tue Mar 10 05:13:34 CET 2026
#@# thickness rh Tue Mar 10 05:13:34 CET 2026
#@# area and vertex vol rh Tue Mar 10 05:13:34 CET 2026
#@# Parcellation Stats rh Tue Mar 10 05:13:34 CET 2026
#@# Parcellation Stats 2 rh Tue Mar 10 05:13:52 CET 2026
#@# Parcellation Stats 3 rh Tue Mar 10 05:14:02 CET 2026
#@# BA_exvivo Labels rh Tue Mar 10 05:14:11 CET 2026
recon-all -s sub-v1s4x0050690_ses-1 finished without error at Tue Mar 10 05:16:49 CET 2026
