/out/sourcedata/freesurfer/sub-v1s4x0050709_ses-1/mri
/opt/freesurfer/bin/talairach_avi
--i orig_nu.mgz --xfm transforms/talairach.auto.xfm
talairach_avi 7.3.2
Linux dna086 5.14.0-427.37.1.el9_4.x86_64 #1 SMP PREEMPT_DYNAMIC Fri Sep 13 12:41:50 EDT 2024 x86_64 x86_64 x86_64 GNU/Linux
Tue Mar 10 03:07:28 CET 2026
mri_convert orig_nu.mgz talsrcimg.img 
reading from orig_nu.mgz...
TR=0.00, TE=0.00, TI=0.00, flip angle=0.00
i_ras = (-1, -2.32831e-10, 0)
j_ras = (-1.86265e-09, -7.45058e-09, -1)
k_ras = (0, 1, -7.45058e-09)
writing to talsrcimg.img...
Analyze Output Matrix
-1.00000  -0.00000   0.00000   130.00449;
-0.00000  -0.00000   1.00000  -118.94149;
 0.00000  -1.00000  -0.00000   121.28200;
 0.00000   0.00000   0.00000   1.00000;
--------------------
INFO: set hdr.hist.orient to -1
mpr2mni305 talsrcimg
Tue Mar 10 03:07:28 CET 2026
/opt/freesurfer/bin/mpr2mni305 talsrcimg
mpr2mni305 7.3.2
target=711-2C_as_mni_average_305

---------------------------------------------------------------------
analyzeto4dfp talsrcimg -O0 -y
---------------------------------------------------------------------

freesurfer ifh2hdr.c
Tue Mar 10 03:07:29 2026
Writing: talsrcimg.4dfp.hdr
freesurfer analyzeto4dfp.c
Reading: talsrcimg.hdr
header size 348 bytes
hdr.dime.datatype	offset=70	value=2
hdr.dime.bitpix		offset=72	value=8
hdr.hist.orient		offset=252	value=-1
dimensionality     4
dimensions       256       256       256         1
Reading: talsrcimg.img
Writing: talsrcimg.4dfp.img
Writing: talsrcimg.4dfp.ifh
ifh2hdr talsrcimg -r0to250
ori=2

---------------------------------------------------------------------
gauss_4dfp talsrcimg 1.1
---------------------------------------------------------------------

freesurfer gauss_4dfp.c
Reading: talsrcimg.4dfp.img
Writing: talsrcimg_g11.4dfp.img
image dimensions 256 256 256 padded to 288 288 288
processing volume 1freesurfer ifh2hdr.c
Tue Mar 10 03:07:30 2026
Writing: talsrcimg_g11.4dfp.hdr

Writing: talsrcimg_g11.4dfp.ifh
including: talsrcimg.4dfp.img.rec in talsrcimg_g11.4dfp.img.rec

---------------------------------------------------------------------
imgreg_4dfp /opt/freesurfer/average/711-2C_as_mni_average_305 none talsrcimg_g11 none talsrcimg_to_711-2C_as_mni_average_305_t4 4355
---------------------------------------------------------------------

freesurfer imgreg_4dfp.c
/opt/freesurfer/average/711-2C_as_mni_average_305.4dfp.img
       256       256       256         1
  1.000000  1.000000  1.000000
orientation T byte_order littleendian
Reading image: /opt/freesurfer/average/711-2C_as_mni_average_305.4dfp.img
dimensions:      256       256       256
mmppix:       1.0000   -1.0000   -1.0000
center:     128.0000 -129.0000 -129.0000
talsrcimg_g11.4dfp.img
       256       256       256         1
  1.000000  1.000000  1.000000
orientation T byte_order littleendian
Reading image: talsrcimg_g11.4dfp.img
dimensions:      256       256       256
mmppix:       1.0000   -1.0000   -1.0000
center:     128.0000 -129.0000 -129.0000
t4_read: open error in t4_sub.f l:  41 t4_file(1:l)talsrcimg_to_711-2C_as_mni_average_305_t4 
t4_read: transform initialized to I4
rotation matrix determinant  1.000000
image alignment mode   4355 decimal     1103 hex
   -7.5000  -45.0000  -45.0000 8770.5010   12.8660
    0.0000  -45.0000  -45.0000 9157.2764   12.8837
    7.5000  -45.0000  -45.0000 8787.7041   12.8876
   -7.5000  -37.5000  -45.0000 9228.0166   12.7343
    0.0000  -37.5000  -45.0000 9647.5137   12.7528
    7.5000  -37.5000  -45.0000 9247.4014   12.7628
   -7.5000  -30.0000  -45.000010061.7578   12.6821
    0.0000  -30.0000  -45.000010521.4785   12.6954
    7.5000  -30.0000  -45.000010058.2686   12.7103
   -7.5000  -22.5000  -45.000010911.6045   12.6688
    0.0000  -22.5000  -45.000011398.0322   12.6755
    7.5000  -22.5000  -45.000010876.0459   12.6895
   -7.5000  -15.0000  -45.000011464.7598   12.6678
    0.0000  -15.0000  -45.000011994.7627   12.6736
    7.5000  -15.0000  -45.000011413.0137   12.6828
   -7.5000   -7.5000  -45.000011922.9746   12.6804
    0.0000   -7.5000  -45.000012463.1758   12.6921
    7.5000   -7.5000  -45.000011828.6328   12.6968
   -7.5000    0.0000  -45.000012236.0859   12.6931
    0.0000    0.0000  -45.000012752.4209   12.7107
    7.5000    0.0000  -45.000012098.5098   12.7150
   -7.5000    7.5000  -45.000011604.4268   12.6922
    0.0000    7.5000  -45.000012112.3750   12.7104
    7.5000    7.5000  -45.000011486.8350   12.7201
   -7.5000   15.0000  -45.000010956.6914   12.6825
    0.0000   15.0000  -45.000011456.8594   12.6957
    7.5000   15.0000  -45.000010839.9053   12.7107
   -7.5000   22.5000  -45.000010275.1035   12.7945
    0.0000   22.5000  -45.000010748.1426   12.8014
    7.5000   22.5000  -45.000010182.7725   12.8163
   -7.5000   30.0000  -45.0000 9590.9424   12.9089
    0.0000   30.0000  -45.000010055.1963   12.9188
    7.5000   30.0000  -45.0000 9527.3672   12.9313
   -7.5000   37.5000  -45.0000 9311.3623   13.2688
    0.0000   37.5000  -45.0000 9753.1260   13.2862
    7.5000   37.5000  -45.0000 9226.9902   13.2962
   -7.5000   45.0000  -45.0000 8676.3057   13.3209
    0.0000   45.0000  -45.0000 9077.6328   13.3441
    7.5000   45.0000  -45.0000 8580.6182   13.3548
   -7.5000  -45.0000  -37.5000 9264.7754   12.7850
    0.0000  -45.0000  -37.5000 9666.7510   12.8066
    7.5000  -45.0000  -37.5000 9278.1201   12.8093
   -7.5000  -37.5000  -37.5000 9793.3320   12.6506
    0.0000  -37.5000  -37.500010239.6719   12.6718
    7.5000  -37.5000  -37.5000 9808.1748   12.6809
   -7.5000  -30.0000  -37.500010702.5391   12.5962
    0.0000  -30.0000  -37.500011202.9551   12.6117
    7.5000  -30.0000  -37.500010684.6113   12.6276
   -7.5000  -22.5000  -37.500011618.2520   12.5840
    0.0000  -22.5000  -37.500012149.1777   12.5942
    7.5000  -22.5000  -37.500011578.6191   12.6112
   -7.5000  -15.0000  -37.500012213.1660   12.5863
    0.0000  -15.0000  -37.500012780.1309   12.5969
    7.5000  -15.0000  -37.500012143.8877   12.6093
   -7.5000   -7.5000  -37.500012676.8984   12.6018
    0.0000   -7.5000  -37.500013241.1162   12.6183
    7.5000   -7.5000  -37.500012568.8545   12.6239
   -7.5000    0.0000  -37.500012975.0684   12.6142
    0.0000    0.0000  -37.500013524.9199   12.6355
    7.5000    0.0000  -37.500012845.1025   12.6386
   -7.5000    7.5000  -37.500012290.1885   12.6092
    0.0000    7.5000  -37.500012856.3008   12.6299
    7.5000    7.5000  -37.500012185.5986   12.6387
   -7.5000   15.0000  -37.500011552.6562   12.5966
    0.0000   15.0000  -37.500012118.0693   12.6121
    7.5000   15.0000  -37.500011485.5195   12.6280
   -7.5000   22.5000  -37.500010818.7852   12.7081
    0.0000   22.5000  -37.500011342.0791   12.7185
    7.5000   22.5000  -37.500010761.7549   12.7360
   -7.5000   30.0000  -37.500010134.9785   12.8252
    0.0000   30.0000  -37.500010625.7598   12.8406
    7.5000   30.0000  -37.500010079.0801   12.8571
   -7.5000   37.5000  -37.5000 9854.8525   13.1840
    0.0000   37.5000  -37.500010310.2012   13.2057
    7.5000   37.5000  -37.5000 9761.0498   13.2173
   -7.5000   45.0000  -37.5000 9166.4424   13.2358
    0.0000   45.0000  -37.5000 9594.6885   13.2623
    7.5000   45.0000  -37.5000 9052.6426   13.2717
   -7.5000  -45.0000  -30.0000 9932.0449   13.2875
    0.0000  -45.0000  -30.000010402.1279   13.3131
    7.5000  -45.0000  -30.0000 9996.5283   13.3141
   -7.5000  -37.5000  -30.000010532.7266   13.1415
    0.0000  -37.5000  -30.000011034.5996   13.1636
    7.5000  -37.5000  -30.000010590.3164   13.1715
   -7.5000  -30.0000  -30.000011509.7158   13.0832
    0.0000  -30.0000  -30.000012066.2959   13.0965
    7.5000  -30.0000  -30.000011533.4805   13.1118
   -7.5000  -22.5000  -30.000012470.3857   13.0755
    0.0000  -22.5000  -30.000013063.9434   13.0840
    7.5000  -22.5000  -30.000012470.8262   13.1008
   -7.5000  -15.0000  -30.000013105.2197   13.0840
    0.0000  -15.0000  -30.000013702.5205   13.0959
    7.5000  -15.0000  -30.000013077.7881   13.1078
   -7.5000   -7.5000  -30.000013587.4863   13.1016
    0.0000   -7.5000  -30.000014204.1426   13.1219
    7.5000   -7.5000  -30.000013531.4717   13.1262
   -7.5000    0.0000  -30.000013896.9844   13.1101
    0.0000    0.0000  -30.000014532.0068   13.1353
    7.5000    0.0000  -30.000013820.0742   13.1368
   -7.5000    7.5000  -30.000013204.9014   13.0986
    0.0000    7.5000  -30.000013825.5156   13.1202
    7.5000    7.5000  -30.000013109.8271   13.1277
   -7.5000   15.0000  -30.000012407.5420   13.0837
    0.0000   15.0000  -30.000013021.9072   13.0970
    7.5000   15.0000  -30.000012342.9922   13.1123
   -7.5000   22.5000  -30.000011614.5752   13.2028
    0.0000   22.5000  -30.000012183.0479   13.2109
    7.5000   22.5000  -30.000011560.5068   13.2279
   -7.5000   30.0000  -30.000010853.1250   13.3309
    0.0000   30.0000  -30.000011400.3711   13.3471
    7.5000   30.0000  -30.000010806.7773   13.3639
   -7.5000   37.5000  -30.000010540.2197   13.7051
    0.0000   37.5000  -30.000011051.5684   13.7303
    7.5000   37.5000  -30.000010464.1846   13.7405
   -7.5000   45.0000  -30.0000 9800.3301   13.7623
    0.0000   45.0000  -30.000010257.2930   13.7906
    7.5000   45.0000  -30.0000 9707.2920   13.7977
   -7.5000  -45.0000  -22.500010578.1035   13.7481
    0.0000  -45.0000  -22.500011087.2598   13.7728
    7.5000  -45.0000  -22.500010642.9727   13.7728
   -7.5000  -37.5000  -22.500011253.3750   13.5956
    0.0000  -37.5000  -22.500011793.7393   13.6147
    7.5000  -37.5000  -22.500011298.6963   13.6217
   -7.5000  -30.0000  -22.500012299.0918   13.5380
    0.0000  -30.0000  -22.500012867.1367   13.5454
    7.5000  -30.0000  -22.500012295.1396   13.5579
   -7.5000  -22.5000  -22.500013293.8184   13.5346
    0.0000  -22.5000  -22.500013935.0703   13.5364
    7.5000  -22.5000  -22.500013264.2471   13.5483
   -7.5000  -15.0000  -22.500013992.7217   13.5456
    0.0000  -15.0000  -22.500014638.4258   13.5527
    7.5000  -15.0000  -22.500013943.8730   13.5594
   -7.5000   -7.5000  -22.500014522.8770   13.5604
    0.0000   -7.5000  -22.500015213.9531   13.5787
    7.5000   -7.5000  -22.500014468.1562   13.5799
   -7.5000    0.0000  -22.500014868.7744   13.5643
    0.0000    0.0000  -22.500015585.7607   13.5886
    7.5000    0.0000  -22.500014811.0068   13.5892
   -7.5000    7.5000  -22.500014151.6367   13.5511
    0.0000    7.5000  -22.500014824.4258   13.5698
    7.5000    7.5000  -22.500014049.1787   13.5765
   -7.5000   15.0000  -22.500013313.6846   13.5385
    0.0000   15.0000  -22.500013964.8574   13.5459
    7.5000   15.0000  -22.500013217.5957   13.5584
   -7.5000   22.5000  -22.500012441.5752   13.6652
    0.0000   22.5000  -22.500013065.7363   13.6664
    7.5000   22.5000  -22.500012373.3564   13.6785
   -7.5000   30.0000  -22.500011605.1973   13.7996
    0.0000   30.0000  -22.500012179.4512   13.8095
    7.5000   30.0000  -22.500011541.9307   13.8207
   -7.5000   37.5000  -22.500011250.2490   14.1846
    0.0000   37.5000  -22.500011795.8564   14.2071
    7.5000   37.5000  -22.500011172.3965   14.2131
   -7.5000   45.0000  -22.500010443.0615   14.2444
    0.0000   45.0000  -22.500010938.1357   14.2692
    7.5000   45.0000  -22.500010363.8086   14.2741
   -7.5000  -45.0000  -15.000011197.1855   14.1020
    0.0000  -45.0000  -15.000011735.7773   14.1227
    7.5000  -45.0000  -15.000011254.2129   14.1238
   -7.5000  -37.5000  -15.000011931.0986   13.9497
    0.0000  -37.5000  -15.000012519.8291   13.9656
    7.5000  -37.5000  -15.000011973.8506   13.9738
   -7.5000  -30.0000  -15.000013031.2021   13.8945
    0.0000  -30.0000  -15.000013648.3994   13.8987
    7.5000  -30.0000  -15.000013016.4648   13.9101
   -7.5000  -22.5000  -15.000014075.3369   13.8911
    0.0000  -22.5000  -15.000014757.6357   13.8885
    7.5000  -22.5000  -15.000014035.4072   13.8969
   -7.5000  -15.0000  -15.000014845.6982   13.8994
    0.0000  -15.0000  -15.000015573.7773   13.9011
    7.5000  -15.0000  -15.000014795.9854   13.9039
   -7.5000   -7.5000  -15.000015475.9453   13.9102
    0.0000   -7.5000  -15.000016222.1045   13.9235
    7.5000   -7.5000  -15.000015409.2373   13.9234
   -7.5000    0.0000  -15.000015880.7969   13.9133
    0.0000    0.0000  -15.000016645.6934   13.9337
    7.5000    0.0000  -15.000015811.2646   13.9354
   -7.5000    7.5000  -15.000015053.1709   13.9040
    0.0000    7.5000  -15.000015758.8750   13.9195
    7.5000    7.5000  -15.000014954.2471   13.9273
   -7.5000   15.0000  -15.000014196.7871   13.8949
    0.0000   15.0000  -15.000014869.9014   13.8991
    7.5000   15.0000  -15.000014095.0752   13.9105
   -7.5000   22.5000  -15.000013291.6689   14.0248
    0.0000   22.5000  -15.000013948.2334   14.0217
    7.5000   22.5000  -15.000013205.4785   14.0305
   -7.5000   30.0000  -15.000012393.5957   14.1606
    0.0000   30.0000  -15.000012993.6338   14.1641
    7.5000   30.0000  -15.000012328.7998   14.1705
   -7.5000   37.5000  -15.000011976.9912   14.5523
    0.0000   37.5000  -15.000012552.4951   14.5698
    7.5000   37.5000  -15.000011902.8955   14.5734
   -7.5000   45.0000  -15.000011105.6084   14.6170
    0.0000   45.0000  -15.000011635.0049   14.6375
    7.5000   45.0000  -15.000011034.0977   14.6431
   -7.5000  -45.0000   -7.500011846.1992   14.2934
    0.0000  -45.0000   -7.500012446.7676   14.3115
    7.5000  -45.0000   -7.500011926.7822   14.3148
   -7.5000  -37.5000   -7.500012624.5723   14.1452
    0.0000  -37.5000   -7.500013248.5645   14.1619
    7.5000  -37.5000   -7.500012686.4844   14.1720
   -7.5000  -30.0000   -7.500013734.9824   14.0901
    0.0000  -30.0000   -7.500014426.6533   14.0981
    7.5000  -30.0000   -7.500013766.8838   14.1116
   -7.5000  -22.5000   -7.500014832.7441   14.0809
    0.0000  -22.5000   -7.500015563.7920   14.0815
    7.5000  -22.5000   -7.500014810.1494   14.0918
   -7.5000  -15.0000   -7.500015701.9424   14.0832
    0.0000  -15.0000   -7.500016483.9199   14.0849
    7.5000  -15.0000   -7.500015642.1074   14.0897
   -7.5000   -7.5000   -7.500016476.2539   14.0937
    0.0000   -7.5000   -7.500017273.0078   14.1046
    7.5000   -7.5000   -7.500016361.2715   14.1066
   -7.5000    0.0000   -7.500016957.6680   14.1021
    0.0000    0.0000   -7.500017723.5215   14.1200
    7.5000    0.0000   -7.500016824.7383   14.1239
   -7.5000    7.5000   -7.500016070.1797   14.0988
    0.0000    7.5000   -7.500016750.0195   14.1151
    7.5000    7.5000   -7.500015924.7979   14.1248
   -7.5000   15.0000   -7.500015105.3799   14.0905
    0.0000   15.0000   -7.500015766.7510   14.0985
    7.5000   15.0000   -7.500014989.7959   14.1120
   -7.5000   22.5000   -7.500014139.6025   14.2153
    0.0000   22.5000   -7.500014795.8525   14.2158
    7.5000   22.5000   -7.500014037.7178   14.2269
   -7.5000   30.0000   -7.500013204.0186   14.3502
    0.0000   30.0000   -7.500013842.7314   14.3544
    7.5000   30.0000   -7.500013089.0967   14.3625
   -7.5000   37.5000   -7.500012761.4346   14.7459
    0.0000   37.5000   -7.500013375.1025   14.7621
    7.5000   37.5000   -7.500012635.8008   14.7686
   -7.5000   45.0000   -7.500011833.6436   14.8208
    0.0000   45.0000   -7.500012395.1152   14.8419
    7.5000   45.0000   -7.500011723.8389   14.8513
   -7.5000  -45.0000    0.000012415.9766   14.3263
    0.0000  -45.0000    0.000013071.0498   14.3456
    7.5000  -45.0000    0.000012502.1377   14.3500
   -7.5000  -37.5000    0.000013191.9834   14.1803
    0.0000  -37.5000    0.000013906.2705   14.2007
    7.5000  -37.5000    0.000013297.3311   14.2119
   -7.5000  -30.0000    0.000014315.4141   14.1229
    0.0000  -30.0000    0.000015108.2422   14.1374
    7.5000  -30.0000    0.000014406.2285   14.1539
   -7.5000  -22.5000    0.000015454.1826   14.1084
    0.0000  -22.5000    0.000016292.4668   14.1157
    7.5000  -22.5000    0.000015483.0645   14.1311
   -7.5000  -15.0000    0.000016400.1035   14.1073
    0.0000  -15.0000    0.000017257.6621   14.1136
    7.5000  -15.0000    0.000016351.2490   14.1237
   -7.5000   -7.5000    0.000017285.7988   14.1208
    0.0000   -7.5000    0.000018219.6426   14.1336
    7.5000   -7.5000    0.000017173.4180   14.1389
   -7.5000    0.0000    0.000017983.9609   14.1347
    0.0000    0.0000    0.000018879.3477   14.1539
    7.5000    0.0000    0.000017802.6602   14.1588
   -7.5000    7.5000    0.000017152.9238   14.1338
    0.0000    7.5000    0.000017949.7383   14.1537
    7.5000    7.5000    0.000016939.0352   14.1645
   -7.5000   15.0000    0.000016122.9463   14.1233
    0.0000   15.0000    0.000016858.1680   14.1378
    7.5000   15.0000    0.000015893.9873   14.1543
   -7.5000   22.5000    0.000014978.0635   14.2431
    0.0000   22.5000    0.000015743.4453   14.2506
    7.5000   22.5000    0.000014793.3770   14.2670
   -7.5000   30.0000    0.000013900.7070   14.3791
    0.0000   30.0000    0.000014653.2100   14.3899
    7.5000   30.0000    0.000013731.6396   14.4036
   -7.5000   37.5000    0.000013428.6641   14.7776
    0.0000   37.5000    0.000014143.2549   14.7966
    7.5000   37.5000    0.000013233.2891   14.8077
   -7.5000   45.0000    0.000012444.4932   14.8621
    0.0000   45.0000    0.000013079.8389   14.8876
    7.5000   45.0000    0.000012272.7354   14.8995
   -7.5000  -45.0000    7.500012053.8340   14.2961
    0.0000  -45.0000    7.500012677.8252   14.3201
    7.5000  -45.0000    7.500012144.7666   14.3234
   -7.5000  -37.5000    7.500012816.5801   14.1458
    0.0000  -37.5000    7.500013476.2148   14.1694
    7.5000  -37.5000    7.500012892.3291   14.1798
   -7.5000  -30.0000    7.500013913.2119   14.0849
    0.0000  -30.0000    7.500014640.7520   14.1022
    7.5000  -30.0000    7.500013980.6924   14.1202
   -7.5000  -22.5000    7.500014998.5430   14.0714
    0.0000  -22.5000    7.500015801.3262   14.0827
    7.5000  -22.5000    7.500015048.1045   14.1019
   -7.5000  -15.0000    7.500015895.6602   14.0740
    0.0000  -15.0000    7.500016763.7637   14.0858
    7.5000  -15.0000    7.500015883.9824   14.0998
   -7.5000   -7.5000    7.500016730.1035   14.0915
    0.0000   -7.5000    7.500017728.8672   14.1098
    7.5000   -7.5000    7.500016693.1699   14.1163
   -7.5000    0.0000    7.500017473.3438   14.1052
    0.0000    0.0000    7.500018648.1934   14.1290
    7.5000    0.0000    7.500017341.7012   14.1327
   -7.5000    7.5000    7.500016775.6895   14.0995
    0.0000    7.5000    7.500017982.6758   14.1226
    7.5000    7.5000    7.500016592.6973   14.1326
   -7.5000   15.0000    7.500015801.8545   14.0854
    0.0000   15.0000    7.500016938.7578   14.1027
    7.5000   15.0000    7.500015606.4668   14.1206
   -7.5000   22.5000    7.500014603.7363   14.2055
    0.0000   22.5000    7.500015637.5840   14.2170
    7.5000   22.5000    7.500014442.0742   14.2367
   -7.5000   30.0000    7.500013500.4990   14.3465
    0.0000   30.0000    7.500014395.4209   14.3636
    7.5000   30.0000    7.500013352.8594   14.3822
   -7.5000   37.5000    7.500012971.5068   14.7476
    0.0000   37.5000    7.500013750.3428   14.7718
    7.5000   37.5000    7.500012860.8564   14.7849
   -7.5000   45.0000    7.500012054.7129   14.8341
    0.0000   45.0000    7.500012712.3096   14.8638
    7.5000   45.0000    7.500011942.4209   14.8746
   -7.5000  -45.0000   15.000011614.2725   14.2683
    0.0000  -45.0000   15.000012180.8477   14.2957
    7.5000  -45.0000   15.000011658.8906   14.2968
   -7.5000  -37.5000   15.000012348.8711   14.1115
    0.0000  -37.5000   15.000012943.8193   14.1352
    7.5000  -37.5000   15.000012402.9316   14.1437
   -7.5000  -30.0000   15.000013420.1221   14.0488
    0.0000  -30.0000   15.000014083.5615   14.0632
    7.5000  -30.0000   15.000013475.9961   14.0796
   -7.5000  -22.5000   15.000014458.7031   14.0407
    0.0000  -22.5000   15.000015220.2617   14.0497
    7.5000  -22.5000   15.000014494.6953   14.0678
   -7.5000  -15.0000   15.000015241.0010   14.0498
    0.0000  -15.0000   15.000016126.3730   14.0625
    7.5000  -15.0000   15.000015294.5947   14.0753
   -7.5000   -7.5000   15.000015988.9160   14.0686
    0.0000   -7.5000   15.000017016.4902   14.0904
    7.5000   -7.5000   15.000016026.1035   14.0951
   -7.5000    0.0000   15.000016627.8125   14.0778
    0.0000    0.0000   15.000017833.8750   14.1049
    7.5000    0.0000   15.000016611.5957   14.1064
   -7.5000    7.5000   15.000015942.2227   14.0654
    0.0000    7.5000   15.000017113.3262   14.0886
    7.5000    7.5000   15.000015924.4814   14.0967
   -7.5000   15.0000   15.000014968.8906   14.0494
    0.0000   15.0000   15.000016037.5752   14.0637
    7.5000   15.0000   15.000014936.8877   14.0801
   -7.5000   22.5000   15.000013836.3936   14.1742
    0.0000   22.5000   15.000014796.7510   14.1829
    7.5000   22.5000   15.000013803.8096   14.2012
   -7.5000   30.0000   15.000012845.7031   14.3190
    0.0000   30.0000   15.000013690.1504   14.3365
    7.5000   30.0000   15.000012818.8955   14.3545
   -7.5000   37.5000   15.000012335.4590   14.7210
    0.0000   37.5000   15.000013090.7363   14.7480
    7.5000   37.5000   15.000012312.6016   14.7590
   -7.5000   45.0000   15.000011479.2822   14.8021
    0.0000   45.0000   15.000012110.3242   14.8325
    7.5000   45.0000   15.000011408.3662   14.8401
   -7.5000  -45.0000   22.500010987.9541   14.2728
    0.0000  -45.0000   22.500011549.1475   14.2983
    7.5000  -45.0000   22.500011052.9004   14.2984
   -7.5000  -37.5000   22.500011695.5996   14.1144
    0.0000  -37.5000   22.500012320.4043   14.1343
    7.5000  -37.5000   22.500011785.0762   14.1416
   -7.5000  -30.0000   22.500012719.2715   14.0546
    0.0000  -30.0000   22.500013398.9238   14.0623
    7.5000  -30.0000   22.500012783.5928   14.0753
   -7.5000  -22.5000   22.500013627.7822   14.0511
    0.0000  -22.5000   22.500014357.5059   14.0530
    7.5000  -22.5000   22.500013681.5254   14.0653
   -7.5000  -15.0000   22.500014334.5674   14.0626
    0.0000  -15.0000   22.500015137.0791   14.0699
    7.5000  -15.0000   22.500014387.4023   14.0768
   -7.5000   -7.5000   22.500015008.7314   14.0779
    0.0000   -7.5000   22.500015925.9297   14.0968
    7.5000   -7.5000   22.500015044.6025   14.0981
   -7.5000    0.0000   22.500015567.2617   14.0819
    0.0000    0.0000   22.500016603.0469   14.1072
    7.5000    0.0000   22.500015604.3691   14.1078
   -7.5000    7.5000   22.500014832.9590   14.0682
    0.0000    7.5000   22.500015752.9473   14.0877
    7.5000    7.5000   22.500014856.8535   14.0946
   -7.5000   15.0000   22.500013920.8408   14.0551
    0.0000   15.0000   22.500014717.3672   14.0628
    7.5000   15.0000   22.500013940.9346   14.0758
   -7.5000   22.5000   22.500012922.4902   14.1846
    0.0000   22.5000   22.500013687.2695   14.1858
    7.5000   22.5000   22.500012923.2295   14.1983
   -7.5000   30.0000   22.500012069.0293   14.3283
    0.0000   30.0000   22.500012751.6299   14.3385
    7.5000   30.0000   22.500012058.0908   14.3502
   -7.5000   37.5000   22.500011649.2373   14.7280
    0.0000   37.5000   22.500012277.0459   14.7514
    7.5000   37.5000   22.500011629.5732   14.7577
   -7.5000   45.0000   22.500010842.4346   14.8009
    0.0000   45.0000   22.500011419.6504   14.8267
    7.5000   45.0000   22.500010800.7207   14.8318
   -7.5000  -45.0000   30.000010228.6982   14.3809
    0.0000  -45.0000   30.000010757.0479   14.4021
    7.5000  -45.0000   30.000010282.9756   14.4034
   -7.5000  -37.5000   30.000010862.0664   14.2247
    0.0000  -37.5000   30.000011462.5352   14.2410
    7.5000  -37.5000   30.000010961.7432   14.2494
   -7.5000  -30.0000   30.000011821.4238   14.1681
    0.0000  -30.0000   30.000012436.8848   14.1725
    7.5000  -30.0000   30.000011879.0391   14.1842
   -7.5000  -22.5000   30.000012636.8955   14.1647
    0.0000  -22.5000   30.000013266.6260   14.1621
    7.5000  -22.5000   30.000012649.3516   14.1707
   -7.5000  -15.0000   30.000013287.9854   14.1733
    0.0000  -15.0000   30.000013970.7383   14.1750
    7.5000  -15.0000   30.000013288.0889   14.1779
   -7.5000   -7.5000   30.000013923.9004   14.1843
    0.0000   -7.5000   30.000014703.7568   14.1979
    7.5000   -7.5000   30.000013925.0820   14.1979
   -7.5000    0.0000   30.000014402.2715   14.1873
    0.0000    0.0000   30.000015242.8447   14.2083
    7.5000    0.0000   30.000014424.3975   14.2101
   -7.5000    7.5000   30.000013690.7305   14.1778
    0.0000    7.5000   30.000014412.3125   14.1937
    7.5000    7.5000   30.000013703.3125   14.2018
   -7.5000   15.0000   30.000012833.5850   14.1686
    0.0000   15.0000   30.000013455.2256   14.1729
    7.5000   15.0000   30.000012821.7900   14.1846
   -7.5000   22.5000   30.000011953.8135   14.3004
    0.0000   22.5000   30.000012528.1768   14.2972
    7.5000   22.5000   30.000011915.3945   14.3062
   -7.5000   30.0000   30.000011209.4551   14.4424
    0.0000   30.0000   30.000011757.2441   14.4459
    7.5000   30.0000   30.000011174.3594   14.4525
   -7.5000   37.5000   30.000010863.6104   14.8442
    0.0000   37.5000   30.000011408.6211   14.8622
    7.5000   37.5000   30.000010833.3105   14.8660
   -7.5000   45.0000   30.000010119.5977   14.9168
    0.0000   45.0000   30.000010612.7861   14.9378
    7.5000   45.0000   30.000010067.0703   14.9437
   -7.5000  -45.0000   37.5000 9852.7695   14.5590
    0.0000  -45.0000   37.500010312.6133   14.5784
    7.5000  -45.0000   37.5000 9864.5195   14.5824
   -7.5000  -37.5000   37.500010498.2939   14.4061
    0.0000  -37.5000   37.500010980.1230   14.4236
    7.5000  -37.5000   37.500010517.5430   14.4341
   -7.5000  -30.0000   37.500011400.8213   14.3497
    0.0000  -30.0000   37.500011926.9531   14.3580
    7.5000  -30.0000   37.500011412.1816   14.3717
   -7.5000  -22.5000   37.500012179.1816   14.3404
    0.0000  -22.5000   37.500012733.6328   14.3412
    7.5000  -22.5000   37.500012152.7344   14.3519
   -7.5000  -15.0000   37.500012813.6191   14.3424
    0.0000  -15.0000   37.500013429.9092   14.3447
    7.5000  -15.0000   37.500012793.6426   14.3503
   -7.5000   -7.5000   37.500013396.4473   14.3527
    0.0000   -7.5000   37.500014114.8945   14.3646
    7.5000   -7.5000   37.500013370.7031   14.3676
   -7.5000    0.0000   37.500013825.5127   14.3610
    0.0000    0.0000   37.500014543.5947   14.3802
    7.5000    0.0000   37.500013824.4775   14.3847
   -7.5000    7.5000   37.500013099.5186   14.3581
    0.0000    7.5000   37.500013723.6494   14.3751
    7.5000    7.5000   37.500013096.6152   14.3852
   -7.5000   15.0000   37.500012281.7207   14.3501
    0.0000   15.0000   37.500012823.3535   14.3584
    7.5000   15.0000   37.500012244.4209   14.3721
   -7.5000   22.5000   37.500011445.3086   14.4796
    0.0000   22.5000   37.500011966.8320   14.4802
    7.5000   22.5000   37.500011391.9131   14.4919
   -7.5000   30.0000   37.500010756.0703   14.6224
    0.0000   30.0000   37.500011263.4258   14.6273
    7.5000   30.0000   37.500010709.0928   14.6365
   -7.5000   37.5000   37.500010482.5176   15.0319
    0.0000   37.5000   37.500010959.3066   15.0495
    7.5000   37.5000   37.500010426.0215   15.0573
   -7.5000   45.0000   37.5000 9769.0801   15.1163
    0.0000   45.0000   37.500010212.4541   15.1389
    7.5000   45.0000   37.5000 9699.5312   15.1493
   -7.5000  -45.0000   45.0000 9109.6182   14.7623
    0.0000  -45.0000   45.0000 9503.2246   14.7826
    7.5000  -45.0000   45.0000 9100.9453   14.7869
   -7.5000  -37.5000   45.0000 9698.6465   14.6069
    0.0000  -37.5000   45.000010124.6357   14.6281
    7.5000  -37.5000   45.0000 9697.8564   14.6389
   -7.5000  -30.0000   45.000010555.3320   14.5464
    0.0000  -30.0000   45.000011015.6494   14.5622
    7.5000  -30.0000   45.000010548.7275   14.5789
   -7.5000  -22.5000   45.000011263.4414   14.5315
    0.0000  -22.5000   45.000011749.2793   14.5406
    7.5000  -22.5000   45.000011236.5596   14.5573
   -7.5000  -15.0000   45.000011832.7686   14.5300
    0.0000  -15.0000   45.000012369.7441   14.5383
    7.5000  -15.0000   45.000011792.2168   14.5501
   -7.5000   -7.5000   45.000012341.6152   14.5435
    0.0000   -7.5000   45.000012951.1729   14.5577
    7.5000   -7.5000   45.000012287.7695   14.5639
   -7.5000    0.0000   45.000012694.4014   14.5576
    0.0000    0.0000   45.000013291.5635   14.5778
    7.5000    0.0000   45.000012653.9258   14.5825
   -7.5000    7.5000   45.000012021.4385   14.5572
    0.0000    7.5000   45.000012573.6416   14.5780
    7.5000    7.5000   45.000011992.8711   14.5883
   -7.5000   15.0000   45.000011275.9873   14.5468
    0.0000   15.0000   45.000011790.2334   14.5625
    7.5000   15.0000   45.000011230.7383   14.5793
   -7.5000   22.5000   45.000010498.1963   14.6747
    0.0000   22.5000   45.000010988.7100   14.6840
    7.5000   22.5000   45.000010459.9717   14.7017
   -7.5000   30.0000   45.0000 9871.4492   14.8246
    0.0000   30.0000   45.000010343.0742   14.8377
    7.5000   30.0000   45.0000 9835.3818   14.8535
   -7.5000   37.5000   45.0000 9633.2158   15.2495
    0.0000   37.5000   45.000010081.3057   15.2705
    7.5000   37.5000   45.0000 9574.5420   15.2831
   -7.5000   45.0000   45.0000 8995.8906   15.3613
    0.0000   45.0000   45.0000 9388.2002   15.3883
    7.5000   45.0000   45.0000 8922.9336   15.4006

---------------------------------------------------------------------
imgreg_4dfp /opt/freesurfer/average/711-2C_as_mni_average_305 /opt/freesurfer/average/711-2B_as_mni_average_305_mask talsrcimg_g11 none talsrcimg_to_711-2C_as_mni_average_305_t4 4355
---------------------------------------------------------------------

freesurfer imgreg_4dfp.c
/opt/freesurfer/average/711-2C_as_mni_average_305.4dfp.img
       256       256       256         1
  1.000000  1.000000  1.000000
orientation T byte_order littleendian
Reading image: /opt/freesurfer/average/711-2C_as_mni_average_305.4dfp.img
dimensions:      256       256       256
mmppix:       1.0000   -1.0000   -1.0000
center:     128.0000 -129.0000 -129.0000
/opt/freesurfer/average/711-2B_as_mni_average_305_mask.4dfp.img
       256       256       256         1
  1.000000  1.000000  1.000000
orientation T byte_order littleendian
Reading mask: /opt/freesurfer/average/711-2B_as_mni_average_305_mask.4dfp.img (2306576 pixels)
talsrcimg_g11.4dfp.img
       256       256       256         1
  1.000000  1.000000  1.000000
orientation T byte_order littleendian
Reading image: talsrcimg_g11.4dfp.img
dimensions:      256       256       256
mmppix:       1.0000   -1.0000   -1.0000
center:     128.0000 -129.0000 -129.0000
rotation matrix determinant  1.000000
image alignment mode   4355 decimal     1103 hex
   -7.5000  -45.0000  -45.0000 2214.2368   17.6860
    0.0000  -45.0000  -45.0000 2232.1489   17.5843
    7.5000  -45.0000  -45.0000 2224.0139   17.6743
   -7.5000  -37.5000  -45.0000 2232.0090   17.0456
    0.0000  -37.5000  -45.0000 2250.3608   16.9640
    7.5000  -37.5000  -45.0000 2243.7424   17.0918
   -7.5000  -30.0000  -45.0000 2267.0195   16.5619
    0.0000  -30.0000  -45.0000 2287.3682   16.5292
    7.5000  -30.0000  -45.0000 2274.7715   16.5974
   -7.5000  -22.5000  -45.0000 2310.4282   16.1540
    0.0000  -22.5000  -45.0000 2328.6191   16.1061
    7.5000  -22.5000  -45.0000 2310.5017   16.1575
   -7.5000  -15.0000  -45.0000 2338.2803   15.8135
    0.0000  -15.0000  -45.0000 2358.7507   15.7663
    7.5000  -15.0000  -45.0000 2338.2568   15.8267
   -7.5000   -7.5000  -45.0000 2353.3442   15.5236
    0.0000   -7.5000  -45.0000 2372.7390   15.4735
    7.5000   -7.5000  -45.0000 2343.3127   15.5716
   -7.5000    0.0000  -45.0000 2351.4207   15.3406
    0.0000    0.0000  -45.0000 2362.4580   15.3031
    7.5000    0.0000  -45.0000 2336.2578   15.4119
   -7.5000    7.5000  -45.0000 2351.8066   15.3225
    0.0000    7.5000  -45.0000 2363.5046   15.2469
    7.5000    7.5000  -45.0000 2336.6184   15.4121
   -7.5000   15.0000  -45.0000 2346.9199   15.4137
    0.0000   15.0000  -45.0000 2363.1177   15.3437
    7.5000   15.0000  -45.0000 2332.0664   15.5177
   -7.5000   22.5000  -45.0000 2327.0840   15.8336
    0.0000   22.5000  -45.0000 2342.3225   15.7954
    7.5000   22.5000  -45.0000 2308.7771   15.9536
   -7.5000   30.0000  -45.0000 2281.1853   16.5344
    0.0000   30.0000  -45.0000 2298.1682   16.4836
    7.5000   30.0000  -45.0000 2263.8721   16.6992
   -7.5000   37.5000  -45.0000 2219.2861   17.5533
    0.0000   37.5000  -45.0000 2229.1943   17.5312
    7.5000   37.5000  -45.0000 2194.9045   17.7584
   -7.5000   45.0000  -45.0000 2128.8779   18.8899
    0.0000   45.0000  -45.0000 2137.2063   18.9016
    7.5000   45.0000  -45.0000 2102.1926   19.1624
   -7.5000  -45.0000  -37.5000 2305.6538   16.2343
    0.0000  -45.0000  -37.5000 2322.5347   16.1828
    7.5000  -45.0000  -37.5000 2316.4644   16.2983
   -7.5000  -37.5000  -37.5000 2335.0803   15.6613
    0.0000  -37.5000  -37.5000 2359.1699   15.6155
    7.5000  -37.5000  -37.5000 2345.9819   15.7088
   -7.5000  -30.0000  -37.5000 2378.0396   15.2157
    0.0000  -30.0000  -37.5000 2402.9290   15.1844
    7.5000  -30.0000  -37.5000 2383.7209   15.2657
   -7.5000  -22.5000  -37.5000 2418.2124   14.9091
    0.0000  -22.5000  -37.5000 2438.9141   14.8356
    7.5000  -22.5000  -37.5000 2416.1091   14.9017
   -7.5000  -15.0000  -37.5000 2440.8784   14.6101
    0.0000  -15.0000  -37.5000 2461.9280   14.5561
    7.5000  -15.0000  -37.5000 2438.3030   14.6141
   -7.5000   -7.5000  -37.5000 2452.6208   14.3485
    0.0000   -7.5000  -37.5000 2469.5574   14.3175
    7.5000   -7.5000  -37.5000 2444.1030   14.3742
   -7.5000    0.0000  -37.5000 2454.6985   14.2022
    0.0000    0.0000  -37.5000 2463.1040   14.1484
    7.5000    0.0000  -37.5000 2437.8579   14.2682
   -7.5000    7.5000  -37.5000 2454.3071   14.1704
    0.0000    7.5000  -37.5000 2464.6814   14.1361
    7.5000    7.5000  -37.5000 2436.5986   14.2847
   -7.5000   15.0000  -37.5000 2443.2693   14.2745
    0.0000   15.0000  -37.5000 2457.9905   14.2214
    7.5000   15.0000  -37.5000 2428.7283   14.3844
   -7.5000   22.5000  -37.5000 2419.5923   14.6105
    0.0000   22.5000  -37.5000 2439.7214   14.5826
    7.5000   22.5000  -37.5000 2407.2383   14.7583
   -7.5000   30.0000  -37.5000 2379.6506   15.2401
    0.0000   30.0000  -37.5000 2396.3313   15.2135
    7.5000   30.0000  -37.5000 2358.5710   15.4160
   -7.5000   37.5000  -37.5000 2316.2795   16.1837
    0.0000   37.5000  -37.5000 2325.5312   16.1566
    7.5000   37.5000  -37.5000 2284.1045   16.3836
   -7.5000   45.0000  -37.5000 2220.2573   17.3955
    0.0000   45.0000  -37.5000 2231.1899   17.4188
    7.5000   45.0000  -37.5000 2189.5745   17.6461
   -7.5000  -45.0000  -30.0000 2443.7163   15.5135
    0.0000  -45.0000  -30.0000 2466.5625   15.4668
    7.5000  -45.0000  -30.0000 2462.2197   15.5546
   -7.5000  -37.5000  -30.0000 2479.6035   14.9976
    0.0000  -37.5000  -30.0000 2504.9451   14.9679
    7.5000  -37.5000  -30.0000 2495.6533   15.0687
   -7.5000  -30.0000  -30.0000 2520.0134   14.5886
    0.0000  -30.0000  -30.0000 2549.8430   14.5113
    7.5000  -30.0000  -30.0000 2529.9275   14.6216
   -7.5000  -22.5000  -30.0000 2550.8074   14.2279
    0.0000  -22.5000  -30.0000 2581.4060   14.1215
    7.5000  -22.5000  -30.0000 2558.4468   14.2534
   -7.5000  -15.0000  -30.0000 2570.5596   13.9271
    0.0000  -15.0000  -30.0000 2592.7668   13.8490
    7.5000  -15.0000  -30.0000 2573.8193   13.9293
   -7.5000   -7.5000  -30.0000 2584.3699   13.7235
    0.0000   -7.5000  -30.0000 2598.5073   13.6492
    7.5000   -7.5000  -30.0000 2579.4336   13.7179
   -7.5000    0.0000  -30.0000 2591.9121   13.5907
    0.0000    0.0000  -30.0000 2605.8284   13.5622
    7.5000    0.0000  -30.0000 2578.2983   13.6639
   -7.5000    7.5000  -30.0000 2598.4690   13.5503
    0.0000    7.5000  -30.0000 2617.0022   13.5311
    7.5000    7.5000  -30.0000 2585.7361   13.6550
   -7.5000   15.0000  -30.0000 2590.6355   13.6821
    0.0000   15.0000  -30.0000 2611.8694   13.6434
    7.5000   15.0000  -30.0000 2575.8472   13.7844
   -7.5000   22.5000  -30.0000 2566.6519   14.0197
    0.0000   22.5000  -30.0000 2586.2402   13.9808
    7.5000   22.5000  -30.0000 2555.0522   14.1548
   -7.5000   30.0000  -30.0000 2519.0793   14.6235
    0.0000   30.0000  -30.0000 2540.8328   14.5697
    7.5000   30.0000  -30.0000 2503.6348   14.7705
   -7.5000   37.5000  -30.0000 2449.8855   15.4842
    0.0000   37.5000  -30.0000 2464.2715   15.4603
    7.5000   37.5000  -30.0000 2423.5557   15.6654
   -7.5000   45.0000  -30.0000 2347.9714   16.6217
    0.0000   45.0000  -30.0000 2359.6284   16.6191
    7.5000   45.0000  -30.0000 2321.0618   16.8080
   -7.5000  -45.0000  -22.5000 2548.6721   14.8171
    0.0000  -45.0000  -22.5000 2573.8271   14.7265
    7.5000  -45.0000  -22.5000 2570.0852   14.8099
   -7.5000  -37.5000  -22.5000 2589.0950   14.3218
    0.0000  -37.5000  -22.5000 2616.5935   14.2656
    7.5000  -37.5000  -22.5000 2603.0645   14.3497
   -7.5000  -30.0000  -22.5000 2625.9673   13.8919
    0.0000  -30.0000  -22.5000 2648.4019   13.7956
    7.5000  -30.0000  -22.5000 2631.8584   13.8898
   -7.5000  -22.5000  -22.5000 2646.9927   13.4833
    0.0000  -22.5000  -22.5000 2673.3657   13.3704
    7.5000  -22.5000  -22.5000 2653.2317   13.4987
   -7.5000  -15.0000  -22.5000 2664.5037   13.2172
    0.0000  -15.0000  -22.5000 2690.9363   13.0802
    7.5000  -15.0000  -22.5000 2670.7268   13.2033
   -7.5000   -7.5000  -22.5000 2684.8821   13.0016
    0.0000   -7.5000  -22.5000 2706.6641   12.9000
    7.5000   -7.5000  -22.5000 2684.5388   12.9848
   -7.5000    0.0000  -22.5000 2700.4734   12.8482
    0.0000    0.0000  -22.5000 2723.2625   12.7945
    7.5000    0.0000  -22.5000 2692.8923   12.9083
   -7.5000    7.5000  -22.5000 2718.0566   12.8148
    0.0000    7.5000  -22.5000 2739.9814   12.7855
    7.5000    7.5000  -22.5000 2701.2000   12.9061
   -7.5000   15.0000  -22.5000 2712.8450   12.9933
    0.0000   15.0000  -22.5000 2737.5591   12.9353
    7.5000   15.0000  -22.5000 2699.0364   13.0735
   -7.5000   22.5000  -22.5000 2686.2078   13.3789
    0.0000   22.5000  -22.5000 2713.8074   13.2873
    7.5000   22.5000  -22.5000 2681.1409   13.4614
   -7.5000   30.0000  -22.5000 2636.6750   13.9469
    0.0000   30.0000  -22.5000 2659.8196   13.8527
    7.5000   30.0000  -22.5000 2626.9272   14.0308
   -7.5000   37.5000  -22.5000 2566.1782   14.7234
    0.0000   37.5000  -22.5000 2583.7805   14.6656
    7.5000   37.5000  -22.5000 2543.0291   14.8494
   -7.5000   45.0000  -22.5000 2457.8542   15.8066
    0.0000   45.0000  -22.5000 2469.9568   15.7627
    7.5000   45.0000  -22.5000 2433.1748   15.9492
   -7.5000  -45.0000  -15.0000 2611.7581   14.2487
    0.0000  -45.0000  -15.0000 2642.5046   14.1596
    7.5000  -45.0000  -15.0000 2631.8853   14.2441
   -7.5000  -37.5000  -15.0000 2649.2332   13.7488
    0.0000  -37.5000  -15.0000 2681.7617   13.6577
    7.5000  -37.5000  -15.0000 2664.4751   13.7575
   -7.5000  -30.0000  -15.0000 2681.4915   13.2850
    0.0000  -30.0000  -15.0000 2708.7690   13.1846
    7.5000  -30.0000  -15.0000 2689.0203   13.2642
   -7.5000  -22.5000  -15.0000 2702.9021   12.8830
    0.0000  -22.5000  -15.0000 2728.4673   12.7455
    7.5000  -22.5000  -15.0000 2710.0701   12.8363
   -7.5000  -15.0000  -15.0000 2725.5530   12.5652
    0.0000  -15.0000  -15.0000 2755.7529   12.4337
    7.5000  -15.0000  -15.0000 2734.7173   12.5431
   -7.5000   -7.5000  -15.0000 2757.0681   12.3466
    0.0000   -7.5000  -15.0000 2781.9834   12.2374
    7.5000   -7.5000  -15.0000 2760.4805   12.3579
   -7.5000    0.0000  -15.0000 2777.3030   12.2051
    0.0000    0.0000  -15.0000 2806.8870   12.0839
    7.5000    0.0000  -15.0000 2770.3242   12.2498
   -7.5000    7.5000  -15.0000 2796.0605   12.1280
    0.0000    7.5000  -15.0000 2822.0801   12.0141
    7.5000    7.5000  -15.0000 2778.7771   12.2007
   -7.5000   15.0000  -15.0000 2800.7358   12.3076
    0.0000   15.0000  -15.0000 2822.1677   12.2017
    7.5000   15.0000  -15.0000 2780.9412   12.3743
   -7.5000   22.5000  -15.0000 2775.6538   12.7459
    0.0000   22.5000  -15.0000 2805.1719   12.6316
    7.5000   22.5000  -15.0000 2765.4900   12.8130
   -7.5000   30.0000  -15.0000 2720.6345   13.2795
    0.0000   30.0000  -15.0000 2745.7004   13.1944
    7.5000   30.0000  -15.0000 2708.8406   13.3918
   -7.5000   37.5000  -15.0000 2642.0764   13.9974
    0.0000   37.5000  -15.0000 2665.8147   13.9187
    7.5000   37.5000  -15.0000 2623.7920   14.1444
   -7.5000   45.0000  -15.0000 2532.5442   15.0218
    0.0000   45.0000  -15.0000 2553.1938   14.9857
    7.5000   45.0000  -15.0000 2508.3154   15.2186
   -7.5000  -45.0000   -7.5000 2645.4131   13.8715
    0.0000  -45.0000   -7.5000 2682.1445   13.7702
    7.5000  -45.0000   -7.5000 2670.6748   13.8634
   -7.5000  -37.5000   -7.5000 2672.3528   13.3112
    0.0000  -37.5000   -7.5000 2705.1870   13.1840
    7.5000  -37.5000   -7.5000 2695.8545   13.3297
   -7.5000  -30.0000   -7.5000 2701.4863   12.8018
    0.0000  -30.0000   -7.5000 2733.5232   12.6824
    7.5000  -30.0000   -7.5000 2718.3718   12.7846
   -7.5000  -22.5000   -7.5000 2728.0410   12.3782
    0.0000  -22.5000   -7.5000 2753.1790   12.2153
    7.5000  -22.5000   -7.5000 2738.0850   12.3160
   -7.5000  -15.0000   -7.5000 2760.1572   12.0691
    0.0000  -15.0000   -7.5000 2785.0991   11.9193
    7.5000  -15.0000   -7.5000 2768.9380   12.0352
   -7.5000   -7.5000   -7.5000 2804.2795   11.8571
    0.0000   -7.5000   -7.5000 2827.8369   11.7259
    7.5000   -7.5000   -7.5000 2802.3096   11.8248
   -7.5000    0.0000   -7.5000 2838.8052   11.7235
    0.0000    0.0000   -7.5000 2862.9380   11.5506
    7.5000    0.0000   -7.5000 2823.6191   11.7314
   -7.5000    7.5000   -7.5000 2861.9797   11.6327
    0.0000    7.5000   -7.5000 2882.5247   11.4431
    7.5000    7.5000   -7.5000 2839.0840   11.6987
   -7.5000   15.0000   -7.5000 2866.0085   11.7718
    0.0000   15.0000   -7.5000 2889.9324   11.6077
    7.5000   15.0000   -7.5000 2839.5728   11.8605
   -7.5000   22.5000   -7.5000 2840.0625   12.1886
    0.0000   22.5000   -7.5000 2866.5796   12.0297
    7.5000   22.5000   -7.5000 2820.9644   12.2622
   -7.5000   30.0000   -7.5000 2782.3318   12.7085
    0.0000   30.0000   -7.5000 2807.9238   12.5798
    7.5000   30.0000   -7.5000 2762.4502   12.7988
   -7.5000   37.5000   -7.5000 2699.8740   13.3975
    0.0000   37.5000   -7.5000 2722.2239   13.2925
    7.5000   37.5000   -7.5000 2678.8516   13.5119
   -7.5000   45.0000   -7.5000 2584.0110   14.4134
    0.0000   45.0000   -7.5000 2603.9375   14.3271
    7.5000   45.0000   -7.5000 2563.6765   14.5774
   -7.5000  -45.0000    0.0000 2657.2097   13.6509
    0.0000  -45.0000    0.0000 2692.8652   13.5154
    7.5000  -45.0000    0.0000 2691.5400   13.6062
   -7.5000  -37.5000    0.0000 2672.7190   13.0286
    0.0000  -37.5000    0.0000 2708.7690   12.9197
    7.5000  -37.5000    0.0000 2703.0442   13.0129
   -7.5000  -30.0000    0.0000 2694.9365   12.4752
    0.0000  -30.0000    0.0000 2726.8398   12.3664
    7.5000  -30.0000    0.0000 2714.4658   12.4820
   -7.5000  -22.5000    0.0000 2722.4917   12.0403
    0.0000  -22.5000    0.0000 2751.8325   11.9179
    7.5000  -22.5000    0.0000 2737.6033   12.0168
   -7.5000  -15.0000    0.0000 2762.8889   11.7535
    0.0000  -15.0000    0.0000 2791.3286   11.5984
    7.5000  -15.0000    0.0000 2773.7805   11.6899
   -7.5000   -7.5000    0.0000 2820.6003   11.5652
    0.0000   -7.5000    0.0000 2847.5237   11.4197
    7.5000   -7.5000    0.0000 2822.5576   11.5042
   -7.5000    0.0000    0.0000 2872.4595   11.4730
    0.0000    0.0000    0.0000 2893.2095   11.3368
    7.5000    0.0000    0.0000 2861.7537   11.4623
   -7.5000    7.5000    0.0000 2909.9536   11.4680
    0.0000    7.5000    0.0000 2935.8342   11.2952
    7.5000    7.5000    0.0000 2883.6746   11.4870
   -7.5000   15.0000    0.0000 2921.1692   11.5299
    0.0000   15.0000    0.0000 2952.7957   11.3892
    7.5000   15.0000    0.0000 2890.7327   11.6068
   -7.5000   22.5000    0.0000 2887.0642   11.8425
    0.0000   22.5000    0.0000 2918.3862   11.7264
    7.5000   22.5000    0.0000 2861.1289   11.9052
   -7.5000   30.0000    0.0000 2820.9387   12.2874
    0.0000   30.0000    0.0000 2845.3572   12.2163
    7.5000   30.0000    0.0000 2798.9121   12.3554
   -7.5000   37.5000    0.0000 2733.8040   12.9876
    0.0000   37.5000    0.0000 2756.5933   12.9084
    7.5000   37.5000    0.0000 2717.3005   13.0361
   -7.5000   45.0000    0.0000 2615.5061   14.0152
    0.0000   45.0000    0.0000 2633.2312   13.9489
    7.5000   45.0000    0.0000 2601.3689   14.1106
   -7.5000  -45.0000    7.5000 2660.0898   13.5290
    0.0000  -45.0000    7.5000 2699.1699   13.3639
    7.5000  -45.0000    7.5000 2694.1001   13.4321
   -7.5000  -37.5000    7.5000 2662.9983   12.8978
    0.0000  -37.5000    7.5000 2697.7896   12.7219
    7.5000  -37.5000    7.5000 2690.5530   12.8502
   -7.5000  -30.0000    7.5000 2682.4038   12.3493
    0.0000  -30.0000    7.5000 2710.6208   12.1828
    7.5000  -30.0000    7.5000 2700.5452   12.3137
   -7.5000  -22.5000    7.5000 2713.1587   11.9523
    0.0000  -22.5000    7.5000 2740.8113   11.7883
    7.5000  -22.5000    7.5000 2731.7781   11.9057
   -7.5000  -15.0000    7.5000 2760.5798   11.6319
    0.0000  -15.0000    7.5000 2784.4351   11.4948
    7.5000  -15.0000    7.5000 2771.4172   11.5929
   -7.5000   -7.5000    7.5000 2821.1201   11.4293
    0.0000   -7.5000    7.5000 2848.2209   11.3420
    7.5000   -7.5000    7.5000 2822.7336   11.4129
   -7.5000    0.0000    7.5000 2883.2437   11.3673
    0.0000    0.0000    7.5000 2912.9456   11.3047
    7.5000    0.0000    7.5000 2873.6941   11.3513
   -7.5000    7.5000    7.5000 2940.1484   11.3666
    0.0000    7.5000    7.5000 2976.6633   11.3493
    7.5000    7.5000    7.5000 2919.4045   11.3809
   -7.5000   15.0000    7.5000 2959.1321   11.4892
    0.0000   15.0000    7.5000 3002.0215   11.4595
    7.5000   15.0000    7.5000 2931.8987   11.5191
   -7.5000   22.5000    7.5000 2921.4285   11.6844
    0.0000   22.5000    7.5000 2962.9443   11.6572
    7.5000   22.5000    7.5000 2898.5354   11.7402
   -7.5000   30.0000    7.5000 2845.0879   12.0978
    0.0000   30.0000    7.5000 2872.5784   12.0652
    7.5000   30.0000    7.5000 2823.8816   12.1610
   -7.5000   37.5000    7.5000 2744.7839   12.8109
    0.0000   37.5000    7.5000 2763.6431   12.7387
    7.5000   37.5000    7.5000 2735.2156   12.8456
   -7.5000   45.0000    7.5000 2630.7671   13.8467
    0.0000   45.0000    7.5000 2647.8340   13.7523
    7.5000   45.0000    7.5000 2617.0249   13.9077
   -7.5000  -45.0000   15.0000 2650.9590   13.6835
    0.0000  -45.0000   15.0000 2685.7988   13.4430
    7.5000  -45.0000   15.0000 2682.4033   13.5295
   -7.5000  -37.5000   15.0000 2647.7217   13.0382
    0.0000  -37.5000   15.0000 2671.5911   12.8216
    7.5000  -37.5000   15.0000 2670.0947   12.9564
   -7.5000  -30.0000   15.0000 2662.5527   12.4742
    0.0000  -30.0000   15.0000 2680.9998   12.2987
    7.5000  -30.0000   15.0000 2677.1067   12.4345
   -7.5000  -22.5000   15.0000 2699.5815   12.0562
    0.0000  -22.5000   15.0000 2720.4619   11.8920
    7.5000  -22.5000   15.0000 2710.8152   12.0217
   -7.5000  -15.0000   15.0000 2736.4497   11.6956
    0.0000  -15.0000   15.0000 2765.5554   11.5879
    7.5000  -15.0000   15.0000 2747.8389   11.6821
   -7.5000   -7.5000   15.0000 2801.7915   11.4825
    0.0000   -7.5000   15.0000 2828.8555   11.4224
    7.5000   -7.5000   15.0000 2805.8879   11.4751
   -7.5000    0.0000   15.0000 2869.4866   11.4051
    0.0000    0.0000   15.0000 2897.8696   11.3957
    7.5000    0.0000   15.0000 2861.0447   11.4148
   -7.5000    7.5000   15.0000 2935.2820   11.4187
    0.0000    7.5000   15.0000 2973.4568   11.4089
    7.5000    7.5000   15.0000 2919.0120   11.4604
   -7.5000   15.0000   15.0000 2955.5261   11.4800
    0.0000   15.0000   15.0000 3004.7827   11.4378
    7.5000   15.0000   15.0000 2933.7542   11.5356
   -7.5000   22.5000   15.0000 2910.9077   11.6924
    0.0000   22.5000   15.0000 2962.8557   11.5950
    7.5000   22.5000   15.0000 2895.9915   11.7601
   -7.5000   30.0000   15.0000 2834.1497   12.2001
    0.0000   30.0000   15.0000 2872.8845   12.1087
    7.5000   30.0000   15.0000 2821.4353   12.2477
   -7.5000   37.5000   15.0000 2729.2102   12.9351
    0.0000   37.5000   15.0000 2749.2290   12.8630
    7.5000   37.5000   15.0000 2715.1819   12.9681
   -7.5000   45.0000   15.0000 2614.6055   13.9364
    0.0000   45.0000   15.0000 2622.6602   13.8638
    7.5000   45.0000   15.0000 2596.9465   13.9786
   -7.5000  -45.0000   22.5000 2614.9143   14.0108
    0.0000  -45.0000   22.5000 2646.5576   13.8087
    7.5000  -45.0000   22.5000 2637.1929   13.9080
   -7.5000  -37.5000   22.5000 2612.3582   13.3279
    0.0000  -37.5000   22.5000 2638.9131   13.1737
    7.5000  -37.5000   22.5000 2635.5879   13.3136
   -7.5000  -30.0000   22.5000 2627.5640   12.7740
    0.0000  -30.0000   22.5000 2649.1204   12.5997
    7.5000  -30.0000   22.5000 2639.4453   12.7530
   -7.5000  -22.5000   22.5000 2666.8689   12.2974
    0.0000  -22.5000   22.5000 2689.8694   12.1439
    7.5000  -22.5000   22.5000 2676.5896   12.2582
   -7.5000  -15.0000   22.5000 2712.6013   11.9322
    0.0000  -15.0000   22.5000 2739.7073   11.8008
    7.5000  -15.0000   22.5000 2722.6758   11.9240
   -7.5000   -7.5000   22.5000 2776.1116   11.6913
    0.0000   -7.5000   22.5000 2798.3667   11.6120
    7.5000   -7.5000   22.5000 2776.3499   11.7136
   -7.5000    0.0000   22.5000 2839.8628   11.6058
    0.0000    0.0000   22.5000 2862.8103   11.5502
    7.5000    0.0000   22.5000 2830.0754   11.6438
   -7.5000    7.5000   22.5000 2896.7800   11.5761
    0.0000    7.5000   22.5000 2931.9985   11.5259
    7.5000    7.5000   22.5000 2876.6021   11.6422
   -7.5000   15.0000   22.5000 2912.2449   11.6530
    0.0000   15.0000   22.5000 2947.5227   11.5388
    7.5000   15.0000   22.5000 2891.9944   11.7369
   -7.5000   22.5000   22.5000 2880.8496   11.9123
    0.0000   22.5000   22.5000 2920.2358   11.7798
    7.5000   22.5000   22.5000 2862.1777   11.9823
   -7.5000   30.0000   22.5000 2813.1475   12.4534
    0.0000   30.0000   22.5000 2842.7668   12.3292
    7.5000   30.0000   22.5000 2793.8013   12.4907
   -7.5000   37.5000   22.5000 2707.6743   13.2498
    0.0000   37.5000   22.5000 2725.7896   13.1469
    7.5000   37.5000   22.5000 2691.6304   13.2651
   -7.5000   45.0000   22.5000 2583.9863   14.2769
    0.0000   45.0000   22.5000 2598.2158   14.1814
    7.5000   45.0000   22.5000 2567.3689   14.2780
   -7.5000  -45.0000   30.0000 2551.7615   14.5354
    0.0000  -45.0000   30.0000 2576.6094   14.3135
    7.5000  -45.0000   30.0000 2564.3152   14.4119
   -7.5000  -37.5000   30.0000 2553.9141   13.8014
    0.0000  -37.5000   30.0000 2580.9858   13.6284
    7.5000  -37.5000   30.0000 2574.3992   13.7807
   -7.5000  -30.0000   30.0000 2575.7375   13.1646
    0.0000  -30.0000   30.0000 2602.1584   12.9856
    7.5000  -30.0000   30.0000 2590.4336   13.1532
   -7.5000  -22.5000   30.0000 2621.1189   12.6727
    0.0000  -22.5000   30.0000 2651.4512   12.4804
    7.5000  -22.5000   30.0000 2635.2383   12.6444
   -7.5000  -15.0000   30.0000 2669.1218   12.2874
    0.0000  -15.0000   30.0000 2702.2546   12.1411
    7.5000  -15.0000   30.0000 2680.6365   12.2797
   -7.5000   -7.5000   30.0000 2737.5798   12.0662
    0.0000   -7.5000   30.0000 2761.0269   11.9349
    7.5000   -7.5000   30.0000 2735.0972   12.0982
   -7.5000    0.0000   30.0000 2791.9919   11.9499
    0.0000    0.0000   30.0000 2820.5303   11.8608
    7.5000    0.0000   30.0000 2783.6335   12.0179
   -7.5000    7.5000   30.0000 2831.5027   11.9309
    0.0000    7.5000   30.0000 2865.5552   11.8015
    7.5000    7.5000   30.0000 2813.0698   12.0160
   -7.5000   15.0000   30.0000 2840.9988   12.0614
    0.0000   15.0000   30.0000 2865.7024   11.8793
    7.5000   15.0000   30.0000 2816.7144   12.1113
   -7.5000   22.5000   30.0000 2815.2349   12.3279
    0.0000   22.5000   30.0000 2842.0315   12.2132
    7.5000   22.5000   30.0000 2796.9297   12.3828
   -7.5000   30.0000   30.0000 2760.8647   12.8744
    0.0000   30.0000   30.0000 2781.3945   12.7816
    7.5000   30.0000   30.0000 2740.1313   12.9282
   -7.5000   37.5000   30.0000 2665.5242   13.6650
    0.0000   37.5000   30.0000 2686.6443   13.5598
    7.5000   37.5000   30.0000 2650.1409   13.6951
   -7.5000   45.0000   30.0000 2544.2791   14.6862
    0.0000   45.0000   30.0000 2560.4106   14.5888
    7.5000   45.0000   30.0000 2528.6172   14.7394
   -7.5000  -45.0000   37.5000 2488.6108   15.1902
    0.0000  -45.0000   37.5000 2513.0667   14.8785
    7.5000  -45.0000   37.5000 2504.0439   14.9913
   -7.5000  -37.5000   37.5000 2505.6616   14.4191
    0.0000  -37.5000   37.5000 2524.5422   14.1441
    7.5000  -37.5000   37.5000 2520.3965   14.3180
   -7.5000  -30.0000   37.5000 2531.4561   13.7547
    0.0000  -30.0000   37.5000 2555.9385   13.4788
    7.5000  -30.0000   37.5000 2545.6099   13.6857
   -7.5000  -22.5000   37.5000 2580.4597   13.2158
    0.0000  -22.5000   37.5000 2613.1992   12.9824
    7.5000  -22.5000   37.5000 2592.5361   13.1751
   -7.5000  -15.0000   37.5000 2627.7136   12.8221
    0.0000  -15.0000   37.5000 2663.2498   12.6345
    7.5000  -15.0000   37.5000 2637.8687   12.8291
   -7.5000   -7.5000   37.5000 2688.1802   12.5927
    0.0000   -7.5000   37.5000 2719.2012   12.4260
    7.5000   -7.5000   37.5000 2687.5713   12.6151
   -7.5000    0.0000   37.5000 2734.9709   12.4741
    0.0000    0.0000   37.5000 2769.2527   12.3550
    7.5000    0.0000   37.5000 2731.1677   12.5419
   -7.5000    7.5000   37.5000 2767.0359   12.4565
    0.0000    7.5000   37.5000 2798.7695   12.2799
    7.5000    7.5000   37.5000 2752.4924   12.5615
   -7.5000   15.0000   37.5000 2764.0725   12.6027
    0.0000   15.0000   37.5000 2783.9878   12.4240
    7.5000   15.0000   37.5000 2740.4792   12.6848
   -7.5000   22.5000   37.5000 2736.2749   12.9273
    0.0000   22.5000   37.5000 2756.9163   12.8018
    7.5000   22.5000   37.5000 2713.8491   12.9757
   -7.5000   30.0000   37.5000 2683.4006   13.4867
    0.0000   30.0000   37.5000 2709.1431   13.3629
    7.5000   30.0000   37.5000 2667.7720   13.5182
   -7.5000   37.5000   37.5000 2601.5476   14.2688
    0.0000   37.5000   37.5000 2624.0618   14.1379
    7.5000   37.5000   37.5000 2584.5774   14.3242
   -7.5000   45.0000   37.5000 2490.2439   15.2320
    0.0000   45.0000   37.5000 2504.4417   15.1510
    7.5000   45.0000   37.5000 2473.2964   15.3379
   -7.5000  -45.0000   45.0000 2428.1960   15.9045
    0.0000  -45.0000   45.0000 2453.8271   15.5356
    7.5000  -45.0000   45.0000 2447.4985   15.7184
   -7.5000  -37.5000   45.0000 2448.4324   15.1574
    0.0000  -37.5000   45.0000 2475.4482   14.8096
    7.5000  -37.5000   45.0000 2466.6440   15.0023
   -7.5000  -30.0000   45.0000 2485.5825   14.4530
    0.0000  -30.0000   45.0000 2511.2327   14.1398
    7.5000  -30.0000   45.0000 2497.5383   14.3895
   -7.5000  -22.5000   45.0000 2534.6609   13.9368
    0.0000  -22.5000   45.0000 2563.5034   13.6657
    7.5000  -22.5000   45.0000 2544.5232   13.9108
   -7.5000  -15.0000   45.0000 2577.5598   13.5443
    0.0000  -15.0000   45.0000 2608.7959   13.3103
    7.5000  -15.0000   45.0000 2583.2834   13.5341
   -7.5000   -7.5000   45.0000 2630.1726   13.2955
    0.0000   -7.5000   45.0000 2656.3940   13.1274
    7.5000   -7.5000   45.0000 2622.0840   13.3150
   -7.5000    0.0000   45.0000 2664.8254   13.1874
    0.0000    0.0000   45.0000 2696.0537   13.0182
    7.5000    0.0000   45.0000 2656.0332   13.2549
   -7.5000    7.5000   45.0000 2688.3809   13.1676
    0.0000    7.5000   45.0000 2714.9929   12.9906
    7.5000    7.5000   45.0000 2674.0903   13.2719
   -7.5000   15.0000   45.0000 2681.1394   13.3631
    0.0000   15.0000   45.0000 2701.6790   13.2119
    7.5000   15.0000   45.0000 2660.5630   13.4547
   -7.5000   22.5000   45.0000 2647.5125   13.7311
    0.0000   22.5000   45.0000 2670.3569   13.5958
    7.5000   22.5000   45.0000 2632.3247   13.7818
   -7.5000   30.0000   45.0000 2596.9590   14.2666
    0.0000   30.0000   45.0000 2624.2344   14.1360
    7.5000   30.0000   45.0000 2583.2827   14.3202
   -7.5000   37.5000   45.0000 2526.5874   15.0019
    0.0000   37.5000   45.0000 2547.0251   14.8727
    7.5000   37.5000   45.0000 2509.6455   15.0573
   -7.5000   45.0000   45.0000 2427.1206   15.9540
    0.0000   45.0000   45.0000 2435.0854   15.8620
    7.5000   45.0000   45.0000 2403.9443   16.0605

---------------------------------------------------------------------
imgreg_4dfp /opt/freesurfer/average/711-2C_as_mni_average_305 /opt/freesurfer/average/711-2B_as_mni_average_305_mask talsrcimg_g11 none talsrcimg_to_711-2C_as_mni_average_305_t4 1283
---------------------------------------------------------------------

freesurfer imgreg_4dfp.c
/opt/freesurfer/average/711-2C_as_mni_average_305.4dfp.img
       256       256       256         1
  1.000000  1.000000  1.000000
orientation T byte_order littleendian
Reading image: /opt/freesurfer/average/711-2C_as_mni_average_305.4dfp.img
dimensions:      256       256       256
mmppix:       1.0000   -1.0000   -1.0000
center:     128.0000 -129.0000 -129.0000
/opt/freesurfer/average/711-2B_as_mni_average_305_mask.4dfp.img
       256       256       256         1
  1.000000  1.000000  1.000000
orientation T byte_order littleendian
Reading mask: /opt/freesurfer/average/711-2B_as_mni_average_305_mask.4dfp.img (2306576 pixels)
talsrcimg_g11.4dfp.img
       256       256       256         1
  1.000000  1.000000  1.000000
orientation T byte_order littleendian
Reading image: talsrcimg_g11.4dfp.img
dimensions:      256       256       256
mmppix:       1.0000   -1.0000   -1.0000
center:     128.0000 -129.0000 -129.0000
rotation matrix determinant  1.000000
fimgreg.f
image alignment mode   1283 decimal      503 hex
parameters
    0.0000   15.0000   15.0000    0.0000    0.0000    0.0000
eta,q 0.94271 11.45618
niter,ni,del,rscale     5    3   12.0000    1.2000
parameter  3  0.654335 ->  0.500000 qaram    1.1500
parameter  4  1.616220 ->  0.500000 qaram    1.1500
parameter  6 -0.509964 -> -0.500000 qaram    1.1500
parameters
   -0.7465   14.1062   11.5500   -3.4500    1.0961    3.4500
eta,q 0.95087 11.37719
  0.0681  0.0625  0.0565  0.0482  0.0587  0.0583
  0.0620  0.0599  0.0547  0.0503  0.0557  0.0547
  0.0591  0.0583  0.0550  0.0530  0.0534  0.0524
  0.0585  0.0581  0.0578  0.0543  0.0512  0.0507
  0.0609  0.0593  0.0633  0.0569  0.0507  0.0494
  0.0667  0.0617  0.0693  0.0607  0.0521  0.0492
  0.0741  0.0673  0.0748  0.0660  0.0555  0.0506
niter,ni,del,rscale     7    3   12.0000    1.2000
parameter  4  1.007247 ->  0.500000 qaram    1.3225
parameters
   -0.9451   15.4807   10.0917   -7.4175    0.0462    2.1095
eta,q 0.95780 11.32593
  0.0663  0.0622  0.0543  0.0448  0.0500  0.0502
  0.0559  0.0550  0.0506  0.0427  0.0460  0.0454
  0.0504  0.0511  0.0490  0.0434  0.0432  0.0427
  0.0491  0.0490  0.0479  0.0485  0.0425  0.0425
  0.0524  0.0478  0.0507  0.0546  0.0455  0.0461
  0.0592  0.0497  0.0568  0.0588  0.0512  0.0523
  0.0669  0.0537  0.0638  0.0625  0.0580  0.0580
niter,ni,del,rscale     7    3   12.0000    1.2000
parameters
   -0.5197   16.5179    8.6739   -9.6529   -0.4464    1.8353
eta,q 0.95912 11.45303
  0.0645  0.0601  0.0500  0.0472  0.0482  0.0511
  0.0541  0.0521  0.0449  0.0428  0.0438  0.0453
  0.0462  0.0456  0.0413  0.0409  0.0413  0.0419
  0.0422  0.0420  0.0417  0.0409  0.0408  0.0408
  0.0435  0.0423  0.0458  0.0453  0.0420  0.0418
  0.0498  0.0458  0.0526  0.0536  0.0456  0.0468
  0.0596  0.0511  0.0600  0.0597  0.0514  0.0529
niter,ni,del,rscale     6    3   12.0000    1.2000
parameters
   -0.4576   16.9181    7.8510  -10.4416   -0.6116    1.8247
eta,q 0.95915 11.48058
  0.0612  0.0565  0.0498  0.0502  0.0477  0.0508
  0.0499  0.0486  0.0444  0.0445  0.0433  0.0455
  0.0431  0.0426  0.0417  0.0410  0.0414  0.0420
  0.0409  0.0409  0.0409  0.0409  0.0408  0.0409
  0.0428  0.0423  0.0433  0.0422  0.0410  0.0412
  0.0497  0.0468  0.0481  0.0475  0.0436  0.0453
  0.0601  0.0522  0.0554  0.0553  0.0490  0.0513
niter,ni,del,rscale     5    3   12.0000    1.2000
parameters
   -0.4796   16.9038    7.5186  -10.6858   -0.5853    1.8677
eta,q 0.95922 11.48215
  0.0600  0.0543  0.0513  0.0512  0.0478  0.0506
  0.0487  0.0472  0.0447  0.0458  0.0433  0.0454
  0.0424  0.0422  0.0418  0.0414  0.0415  0.0420
  0.0409  0.0409  0.0408  0.0409  0.0408  0.0408
  0.0429  0.0426  0.0422  0.0418  0.0407  0.0411
  0.0495  0.0476  0.0466  0.0459  0.0429  0.0450
  0.0598  0.0541  0.0534  0.0533  0.0481  0.0508
niter,ni,del,rscale     4    3   12.0000    1.2000
parameters
   -0.4948   16.8592    7.4287  -10.7349   -0.5751    1.8900
eta,q 0.95925 11.48212
  0.0597  0.0542  0.0522  0.0516  0.0477  0.0504
  0.0484  0.0473  0.0451  0.0463  0.0432  0.0453
  0.0423  0.0423  0.0419  0.0416  0.0414  0.0419
  0.0408  0.0408  0.0408  0.0408  0.0408  0.0408
  0.0427  0.0425  0.0419  0.0417  0.0406  0.0411
  0.0492  0.0477  0.0460  0.0454  0.0429  0.0450
  0.0594  0.0545  0.0526  0.0526  0.0481  0.0507
niter,ni,del,rscale     3    3   12.0000    1.2000
parameters
   -0.4966   16.8415    7.4081  -10.7417   -0.5741    1.8977
eta,q 0.95926 11.48225
  0.0597  0.0543  0.0525  0.0516  0.0477  0.0504
  0.0484  0.0474  0.0452  0.0464  0.0432  0.0453
  0.0423  0.0423  0.0419  0.0416  0.0414  0.0419
  0.0407  0.0407  0.0407  0.0407  0.0407  0.0407
  0.0427  0.0424  0.0419  0.0416  0.0406  0.0411
  0.0491  0.0475  0.0458  0.0453  0.0429  0.0450
  0.0592  0.0545  0.0523  0.0524  0.0481  0.0507
registration optimization eta report
parameter search radius
    6.0000    6.0000    6.9000    7.9350    6.0000    6.9000
100000*second partial in parameter space
       53.       38.       25.       18.       21.       21.
  0.0597  0.0543  0.0525  0.0516  0.0477  0.0504
  0.0484  0.0474  0.0452  0.0464  0.0432  0.0453
  0.0423  0.0423  0.0419  0.0416  0.0414  0.0419
  0.0407  0.0407  0.0407  0.0407  0.0407  0.0407
  0.0427  0.0424  0.0419  0.0416  0.0406  0.0411
  0.0491  0.0475  0.0458  0.0453  0.0429  0.0450
  0.0592  0.0545  0.0523  0.0524  0.0481  0.0507
   -0.4966   16.8415    7.4081  -10.7417   -0.5741    1.8977
eta,q 0.95926 11.48225

---------------------------------------------------------------------
imgreg_4dfp /opt/freesurfer/average/711-2C_as_mni_average_305 /opt/freesurfer/average/711-2B_as_mni_average_305_mask talsrcimg_g11 none talsrcimg_to_711-2C_as_mni_average_305_t4 3335
---------------------------------------------------------------------

freesurfer imgreg_4dfp.c
/opt/freesurfer/average/711-2C_as_mni_average_305.4dfp.img
       256       256       256         1
  1.000000  1.000000  1.000000
orientation T byte_order littleendian
Reading image: /opt/freesurfer/average/711-2C_as_mni_average_305.4dfp.img
dimensions:      256       256       256
mmppix:       1.0000   -1.0000   -1.0000
center:     128.0000 -129.0000 -129.0000
/opt/freesurfer/average/711-2B_as_mni_average_305_mask.4dfp.img
       256       256       256         1
  1.000000  1.000000  1.000000
orientation T byte_order littleendian
Reading mask: /opt/freesurfer/average/711-2B_as_mni_average_305_mask.4dfp.img (2306576 pixels)
talsrcimg_g11.4dfp.img
       256       256       256         1
  1.000000  1.000000  1.000000
orientation T byte_order littleendian
Reading image: talsrcimg_g11.4dfp.img
dimensions:      256       256       256
mmppix:       1.0000   -1.0000   -1.0000
center:     128.0000 -129.0000 -129.0000
fimgreg.f
image alignment mode   3335 decimal      D07 hex
parameters
   -0.4966   16.8415    7.4081   -0.0599   -1.8123   -1.7572
   -3.4401    0.3666    3.3114   18.6605   -1.0019  -18.6372
eta,q 0.96018 11.44887
niter,ni,del,rscale     5    3    5.0000    1.2000
parameter  4  1.768411 ->  0.500000 qaram    1.1500
parameter  5  1.512713 ->  0.500000 qaram    1.1500
parameters
   -0.5950   17.1386    7.9074   -4.1999   -5.9523   -1.6047
   -4.0585    0.5208    2.9917   18.2730   -0.8502  -18.0350
eta,q 0.96730 11.22363
  0.0431  0.0430  0.0424  0.0343  0.0318  0.0353  0.0359  0.0377  0.0352  0.0359  0.0338  0.0347
  0.0412  0.0413  0.0411  0.0355  0.0325  0.0339  0.0341  0.0351  0.0339  0.0340  0.0333  0.0337
  0.0401  0.0403  0.0402  0.0372  0.0339  0.0330  0.0330  0.0334  0.0330  0.0330  0.0329  0.0330
  0.0398  0.0398  0.0398  0.0397  0.0359  0.0328  0.0328  0.0327  0.0327  0.0327  0.0327  0.0327
  0.0403  0.0399  0.0398  0.0427  0.0381  0.0332  0.0335  0.0332  0.0332  0.0333  0.0328  0.0328
  0.0416  0.0405  0.0402  0.0459  0.0407  0.0338  0.0350  0.0347  0.0342  0.0346  0.0332  0.0333
  0.0436  0.0417  0.0408  0.0494  0.0438  0.0350  0.0372  0.0374  0.0357  0.0366  0.0338  0.0341
niter,ni,del,rscale     6    3    5.0000    1.2000
parameter  4  0.771624 ->  0.500000 qaram    1.3225
parameters
   -0.5008   17.2493    8.1602   -8.9609   -9.9633   -1.6729
   -4.0782    0.2754    2.9797   18.3606   -1.8752  -18.6963
eta,q 0.96980 10.87074
  0.0373  0.0364  0.0351  0.0309  0.0313  0.0330  0.0338  0.0349  0.0327  0.0341  0.0310  0.0316
  0.0348  0.0344  0.0339  0.0309  0.0304  0.0315  0.0318  0.0324  0.0313  0.0321  0.0305  0.0308
  0.0333  0.0332  0.0330  0.0315  0.0303  0.0305  0.0306  0.0307  0.0305  0.0307  0.0303  0.0303
  0.0327  0.0327  0.0327  0.0327  0.0310  0.0302  0.0302  0.0302  0.0302  0.0302  0.0302  0.0302
  0.0331  0.0330  0.0328  0.0349  0.0326  0.0308  0.0307  0.0309  0.0305  0.0306  0.0304  0.0305
  0.0344  0.0340  0.0334  0.0379  0.0349  0.0317  0.0319  0.0328  0.0314  0.0319  0.0309  0.0311
  0.0366  0.0358  0.0342  0.0415  0.0375  0.0330  0.0338  0.0356  0.0327  0.0340  0.0317  0.0322
niter,ni,del,rscale     6    3    5.0000    1.2000
parameters
   -0.4341   17.3874    8.3025  -10.7116  -10.1600   -1.6467
   -4.2058    0.2884    2.8725   18.5626   -2.0576  -18.7165
eta,q 0.96999 10.76921
  0.0347  0.0340  0.0325  0.0326  0.0332  0.0329  0.0334  0.0352  0.0324  0.0340  0.0311  0.0316
  0.0323  0.0320  0.0312  0.0308  0.0315  0.0313  0.0316  0.0326  0.0311  0.0320  0.0305  0.0307
  0.0308  0.0307  0.0304  0.0301  0.0304  0.0304  0.0304  0.0307  0.0303  0.0306  0.0301  0.0302
  0.0302  0.0302  0.0302  0.0302  0.0300  0.0300  0.0300  0.0300  0.0300  0.0300  0.0300  0.0300
  0.0306  0.0304  0.0304  0.0310  0.0304  0.0305  0.0305  0.0306  0.0304  0.0304  0.0301  0.0302
  0.0320  0.0314  0.0310  0.0327  0.0316  0.0314  0.0317  0.0325  0.0312  0.0316  0.0305  0.0307
  0.0343  0.0332  0.0319  0.0356  0.0337  0.0327  0.0336  0.0353  0.0325  0.0336  0.0312  0.0317
niter,ni,del,rscale     5    3    5.0000    1.2000
parameters
   -0.4286   17.4275    8.3327  -10.6715  -10.2044   -1.5771
   -4.2055    0.2981    2.8709   18.6088   -2.0751  -18.7264
eta,q 0.96999 10.77378
  0.0344  0.0335  0.0321  0.0339  0.0334  0.0329  0.0335  0.0352  0.0325  0.0338  0.0311  0.0316
  0.0320  0.0316  0.0309  0.0317  0.0315  0.0313  0.0316  0.0325  0.0311  0.0319  0.0305  0.0307
  0.0305  0.0305  0.0302  0.0304  0.0304  0.0304  0.0304  0.0307  0.0303  0.0305  0.0301  0.0302
  0.0300  0.0300  0.0300  0.0300  0.0300  0.0300  0.0300  0.0300  0.0300  0.0300  0.0300  0.0300
  0.0305  0.0303  0.0303  0.0305  0.0303  0.0305  0.0304  0.0306  0.0303  0.0304  0.0301  0.0302
  0.0320  0.0314  0.0309  0.0316  0.0315  0.0314  0.0316  0.0325  0.0312  0.0318  0.0305  0.0307
  0.0344  0.0333  0.0319  0.0338  0.0335  0.0327  0.0335  0.0353  0.0325  0.0338  0.0311  0.0317
niter,ni,del,rscale     4    3    5.0000    1.2000
parameters
   -0.4271   17.4354    8.3463  -10.6696  -10.2255   -1.5566
   -4.2093    0.2999    2.8704   18.6206   -2.0772  -18.7209
eta,q 0.96999 10.77417
  0.0344  0.0334  0.0321  0.0339  0.0334  0.0329  0.0335  0.0352  0.0325  0.0338  0.0311  0.0316
  0.0320  0.0316  0.0309  0.0316  0.0316  0.0313  0.0316  0.0325  0.0311  0.0318  0.0305  0.0307
  0.0305  0.0304  0.0302  0.0304  0.0304  0.0304  0.0304  0.0307  0.0303  0.0305  0.0301  0.0302
  0.0300  0.0300  0.0300  0.0300  0.0300  0.0300  0.0300  0.0300  0.0300  0.0300  0.0300  0.0300
  0.0305  0.0304  0.0303  0.0305  0.0303  0.0305  0.0305  0.0306  0.0303  0.0304  0.0301  0.0302
  0.0320  0.0315  0.0309  0.0316  0.0315  0.0314  0.0316  0.0325  0.0311  0.0318  0.0305  0.0307
  0.0344  0.0334  0.0319  0.0338  0.0335  0.0327  0.0335  0.0353  0.0325  0.0338  0.0311  0.0316
registration optimization eta report
parameter search radius
    2.4000    2.4000    2.4000    9.5220    8.2800    7.2000
    7.2000    7.2000    7.2000    7.2000    7.2000    7.2000
100000*second partial in parameter space
       76.       59.       35.        4.        5.        5.
        7.       10.        5.        7.        2.        3.
  0.0344  0.0334  0.0321  0.0339  0.0334  0.0329  0.0335  0.0352  0.0325  0.0338  0.0311  0.0316
  0.0320  0.0316  0.0309  0.0316  0.0316  0.0313  0.0316  0.0325  0.0311  0.0318  0.0305  0.0307
  0.0305  0.0304  0.0302  0.0304  0.0304  0.0304  0.0304  0.0307  0.0303  0.0305  0.0301  0.0302
  0.0300  0.0300  0.0300  0.0300  0.0300  0.0300  0.0300  0.0300  0.0300  0.0300  0.0300  0.0300
  0.0305  0.0304  0.0303  0.0305  0.0303  0.0305  0.0305  0.0306  0.0303  0.0304  0.0301  0.0302
  0.0320  0.0315  0.0309  0.0316  0.0315  0.0314  0.0316  0.0325  0.0311  0.0318  0.0305  0.0307
  0.0344  0.0334  0.0319  0.0338  0.0335  0.0327  0.0335  0.0353  0.0325  0.0338  0.0311  0.0316
   -0.4271   17.4354    8.3463  -10.6696  -10.2255   -1.5566
   -4.2093    0.2999    2.8704   18.6206   -2.0772  -18.7209
eta,q 0.96999 10.77417

---------------------------------------------------------------------
imgreg_4dfp /opt/freesurfer/average/711-2C_as_mni_average_305 /opt/freesurfer/average/711-2B_as_mni_average_305_mask talsrcimg_g11 none talsrcimg_to_711-2C_as_mni_average_305_t4 2311
---------------------------------------------------------------------

freesurfer imgreg_4dfp.c
/opt/freesurfer/average/711-2C_as_mni_average_305.4dfp.img
       256       256       256         1
  1.000000  1.000000  1.000000
orientation T byte_order littleendian
Reading image: /opt/freesurfer/average/711-2C_as_mni_average_305.4dfp.img
dimensions:      256       256       256
mmppix:       1.0000   -1.0000   -1.0000
center:     128.0000 -129.0000 -129.0000
/opt/freesurfer/average/711-2B_as_mni_average_305_mask.4dfp.img
       256       256       256         1
  1.000000  1.000000  1.000000
orientation T byte_order littleendian
Reading mask: /opt/freesurfer/average/711-2B_as_mni_average_305_mask.4dfp.img (2306576 pixels)
talsrcimg_g11.4dfp.img
       256       256       256         1
  1.000000  1.000000  1.000000
orientation T byte_order littleendian
Reading image: talsrcimg_g11.4dfp.img
dimensions:      256       256       256
mmppix:       1.0000   -1.0000   -1.0000
center:     128.0000 -129.0000 -129.0000
fimgreg.f
image alignment mode   2311 decimal      907 hex
parameters
   -0.4271   17.4354    8.3463  -10.6696  -10.2255   -1.5566
   -4.2093    0.2999    2.8704   18.6206   -2.0772  -18.7209
eta,q 0.96999 10.77417
niter,ni,del,rscale     5    3    5.0000    0.8000
parameters
   -0.4127   17.4522    8.2993  -10.8273  -10.0664   -1.8210
   -4.2378    0.3526    2.8377   18.6069   -2.0471  -18.7010
eta,q 0.97000 10.75913
  0.0320  0.0316  0.0309  0.0309  0.0312  0.0312  0.0316  0.0325  0.0311  0.0318  0.0305  0.0307
  0.0309  0.0307  0.0304  0.0303  0.0306  0.0306  0.0307  0.0312  0.0305  0.0308  0.0302  0.0303
  0.0303  0.0302  0.0301  0.0301  0.0302  0.0301  0.0302  0.0303  0.0301  0.0302  0.0301  0.0300
  0.0300  0.0300  0.0300  0.0300  0.0300  0.0300  0.0300  0.0300  0.0300  0.0300  0.0300  0.0300
  0.0302  0.0302  0.0301  0.0302  0.0301  0.0303  0.0302  0.0302  0.0302  0.0302  0.0300  0.0301
  0.0309  0.0307  0.0305  0.0305  0.0304  0.0309  0.0307  0.0311  0.0305  0.0308  0.0302  0.0303
  0.0320  0.0315  0.0309  0.0310  0.0311  0.0314  0.0316  0.0325  0.0311  0.0318  0.0305  0.0307
niter,ni,del,rscale     4    3    5.0000    0.7000
parameters
   -0.4063   17.4578    8.2261  -10.8934   -9.9767   -1.9709
   -4.2504    0.3600    2.8383   18.5965   -1.9924  -18.7695
eta,q 0.97001 10.75295
  0.0315  0.0312  0.0306  0.0307  0.0309  0.0310  0.0313  0.0319  0.0309  0.0314  0.0304  0.0305
  0.0307  0.0305  0.0302  0.0303  0.0304  0.0305  0.0305  0.0309  0.0304  0.0306  0.0302  0.0302
  0.0302  0.0301  0.0300  0.0300  0.0301  0.0301  0.0301  0.0302  0.0301  0.0301  0.0300  0.0300
  0.0300  0.0300  0.0300  0.0300  0.0300  0.0300  0.0300  0.0300  0.0300  0.0300  0.0300  0.0300
  0.0302  0.0301  0.0301  0.0301  0.0301  0.0302  0.0302  0.0302  0.0301  0.0301  0.0300  0.0301
  0.0307  0.0305  0.0304  0.0303  0.0303  0.0306  0.0306  0.0308  0.0304  0.0306  0.0301  0.0302
  0.0315  0.0312  0.0307  0.0307  0.0308  0.0312  0.0312  0.0319  0.0309  0.0314  0.0303  0.0305
niter,ni,del,rscale     3    3    5.0000    0.6000
parameters
   -0.4064   17.4555    8.1691  -10.9379   -9.9243   -2.0647
   -4.2665    0.3680    2.8270   18.6194   -1.8996  -18.8533
eta,q 0.97001 10.74939
  0.0311  0.0309  0.0304  0.0305  0.0306  0.0308  0.0309  0.0314  0.0307  0.0310  0.0303  0.0304
  0.0305  0.0304  0.0302  0.0302  0.0303  0.0304  0.0304  0.0306  0.0303  0.0305  0.0301  0.0301
  0.0301  0.0301  0.0300  0.0300  0.0301  0.0301  0.0301  0.0302  0.0301  0.0301  0.0300  0.0300
  0.0300  0.0300  0.0300  0.0300  0.0300  0.0300  0.0300  0.0300  0.0300  0.0300  0.0300  0.0300
  0.0301  0.0301  0.0301  0.0301  0.0301  0.0301  0.0301  0.0301  0.0301  0.0301  0.0300  0.0300
  0.0305  0.0304  0.0303  0.0302  0.0303  0.0304  0.0304  0.0306  0.0303  0.0304  0.0301  0.0302
  0.0311  0.0309  0.0305  0.0305  0.0306  0.0309  0.0309  0.0314  0.0306  0.0310  0.0302  0.0304
niter,ni,del,rscale     2    3    5.0000    0.5000
parameters
   -0.4035   17.4548    8.1192  -10.9600   -9.8886   -2.1130
   -4.2864    0.3745    2.8022   18.6438   -1.8053  -18.9744
eta,q 0.97002 10.74882
  0.0308  0.0306  0.0303  0.0303  0.0304  0.0306  0.0306  0.0310  0.0305  0.0307  0.0302  0.0302
  0.0303  0.0303  0.0301  0.0301  0.0302  0.0303  0.0303  0.0304  0.0302  0.0303  0.0301  0.0301
  0.0301  0.0301  0.0300  0.0300  0.0300  0.0301  0.0301  0.0301  0.0300  0.0301  0.0300  0.0300
  0.0300  0.0300  0.0300  0.0300  0.0300  0.0300  0.0300  0.0300  0.0300  0.0300  0.0300  0.0300
  0.0301  0.0300  0.0300  0.0300  0.0300  0.0301  0.0301  0.0301  0.0301  0.0301  0.0300  0.0300
  0.0303  0.0303  0.0302  0.0302  0.0302  0.0303  0.0303  0.0304  0.0302  0.0303  0.0300  0.0301
  0.0308  0.0306  0.0304  0.0303  0.0304  0.0306  0.0306  0.0310  0.0305  0.0307  0.0302  0.0303
niter,ni,del,rscale     1    3    5.0000    0.4000
parameters
   -0.4006   17.4584    8.0795  -11.0133   -9.8754   -2.1242
   -4.3065    0.3740    2.7801   18.6972   -1.7240  -19.0730
eta,q 0.97002 10.74744
  0.0305  0.0304  0.0302  0.0302  0.0303  0.0304  0.0304  0.0306  0.0303  0.0305  0.0301  0.0301
  0.0302  0.0302  0.0301  0.0301  0.0301  0.0302  0.0302  0.0303  0.0301  0.0302  0.0300  0.0300
  0.0300  0.0300  0.0300  0.0300  0.0300  0.0300  0.0300  0.0301  0.0300  0.0300  0.0300  0.0300
  0.0300  0.0300  0.0300  0.0300  0.0300  0.0300  0.0300  0.0300  0.0300  0.0300  0.0300  0.0300
  0.0300  0.0300  0.0300  0.0300  0.0300  0.0300  0.0300  0.0301  0.0300  0.0300  0.0300  0.0300
  0.0302  0.0302  0.0301  0.0301  0.0301  0.0302  0.0302  0.0303  0.0301  0.0302  0.0300  0.0301
  0.0305  0.0304  0.0302  0.0302  0.0303  0.0304  0.0304  0.0306  0.0303  0.0304  0.0301  0.0302
registration optimization eta report
parameter search radius
    0.8000    0.8000    0.8000    2.4000    2.4000    2.4000
    2.4000    2.4000    2.4000    2.4000    2.4000    2.4000
100000*second partial in parameter space
       79.       61.       36.        4.        5.        7.
        7.       11.        5.        8.        2.        3.
  0.0305  0.0304  0.0302  0.0302  0.0303  0.0304  0.0304  0.0306  0.0303  0.0305  0.0301  0.0301
  0.0302  0.0302  0.0301  0.0301  0.0301  0.0302  0.0302  0.0303  0.0301  0.0302  0.0300  0.0300
  0.0300  0.0300  0.0300  0.0300  0.0300  0.0300  0.0300  0.0301  0.0300  0.0300  0.0300  0.0300
  0.0300  0.0300  0.0300  0.0300  0.0300  0.0300  0.0300  0.0300  0.0300  0.0300  0.0300  0.0300
  0.0300  0.0300  0.0300  0.0300  0.0300  0.0300  0.0300  0.0301  0.0300  0.0300  0.0300  0.0300
  0.0302  0.0302  0.0301  0.0301  0.0301  0.0302  0.0302  0.0303  0.0301  0.0302  0.0300  0.0301
  0.0305  0.0304  0.0302  0.0302  0.0303  0.0304  0.0304  0.0306  0.0303  0.0304  0.0301  0.0302
   -0.4006   17.4584    8.0795  -11.0133   -9.8754   -2.1242
   -4.3065    0.3740    2.7801   18.6972   -1.7240  -19.0730
eta,q 0.97002 10.74744

---------------------------------------------------------------------
imgreg_4dfp /opt/freesurfer/average/711-2C_as_mni_average_305 /opt/freesurfer/average/711-2B_as_mni_average_305_mask talsrcimg_g11 none talsrcimg_to_711-2C_as_mni_average_305_t4 2311
---------------------------------------------------------------------

freesurfer imgreg_4dfp.c
/opt/freesurfer/average/711-2C_as_mni_average_305.4dfp.img
       256       256       256         1
  1.000000  1.000000  1.000000
orientation T byte_order littleendian
Reading image: /opt/freesurfer/average/711-2C_as_mni_average_305.4dfp.img
dimensions:      256       256       256
mmppix:       1.0000   -1.0000   -1.0000
center:     128.0000 -129.0000 -129.0000
/opt/freesurfer/average/711-2B_as_mni_average_305_mask.4dfp.img
       256       256       256         1
  1.000000  1.000000  1.000000
orientation T byte_order littleendian
Reading mask: /opt/freesurfer/average/711-2B_as_mni_average_305_mask.4dfp.img (2306576 pixels)
talsrcimg_g11.4dfp.img
       256       256       256         1
  1.000000  1.000000  1.000000
orientation T byte_order littleendian
Reading image: talsrcimg_g11.4dfp.img
dimensions:      256       256       256
mmppix:       1.0000   -1.0000   -1.0000
center:     128.0000 -129.0000 -129.0000
fimgreg.f
image alignment mode   2311 decimal      907 hex
parameters
   -0.4006   17.4584    8.0795  -11.0133   -9.8754   -2.1242
   -4.3065    0.3740    2.7801   18.6972   -1.7240  -19.0730
eta,q 0.97002 10.74743
niter,ni,del,rscale     5    3    5.0000    0.8000
parameters
   -0.4086   17.4516    8.1108  -10.8471   -9.9708   -2.0058
   -4.2323    0.3398    2.8390   18.6709   -1.9228  -18.9175
eta,q 0.97001 10.75698
  0.0320  0.0315  0.0309  0.0310  0.0311  0.0315  0.0317  0.0324  0.0312  0.0317  0.0304  0.0308
  0.0309  0.0307  0.0304  0.0304  0.0305  0.0307  0.0307  0.0311  0.0305  0.0308  0.0302  0.0303
  0.0302  0.0302  0.0301  0.0301  0.0301  0.0302  0.0302  0.0303  0.0301  0.0302  0.0300  0.0301
  0.0300  0.0300  0.0300  0.0300  0.0300  0.0300  0.0300  0.0300  0.0300  0.0300  0.0300  0.0300
  0.0302  0.0302  0.0301  0.0301  0.0301  0.0301  0.0302  0.0303  0.0301  0.0302  0.0300  0.0301
  0.0309  0.0307  0.0304  0.0304  0.0305  0.0307  0.0307  0.0311  0.0305  0.0308  0.0302  0.0303
  0.0320  0.0315  0.0308  0.0308  0.0312  0.0313  0.0315  0.0325  0.0311  0.0318  0.0305  0.0307
niter,ni,del,rscale     4    3    5.0000    0.7000
parameters
   -0.4115   17.4526    8.1509  -10.8983   -9.9530   -2.0274
   -4.2532    0.3529    2.8459   18.6390   -1.9161  -18.8659
eta,q 0.97002 10.75279
  0.0315  0.0312  0.0307  0.0307  0.0309  0.0311  0.0312  0.0319  0.0309  0.0313  0.0303  0.0306
  0.0307  0.0305  0.0303  0.0303  0.0304  0.0305  0.0305  0.0309  0.0304  0.0306  0.0302  0.0302
  0.0302  0.0301  0.0301  0.0300  0.0301  0.0301  0.0301  0.0302  0.0301  0.0301  0.0300  0.0300
  0.0300  0.0300  0.0300  0.0300  0.0300  0.0300  0.0300  0.0300  0.0300  0.0300  0.0300  0.0300
  0.0302  0.0301  0.0301  0.0301  0.0301  0.0301  0.0301  0.0302  0.0301  0.0301  0.0300  0.0300
  0.0307  0.0305  0.0303  0.0303  0.0304  0.0306  0.0306  0.0308  0.0304  0.0306  0.0301  0.0302
  0.0315  0.0312  0.0306  0.0307  0.0309  0.0311  0.0312  0.0319  0.0309  0.0314  0.0304  0.0305
niter,ni,del,rscale     3    3    5.0000    0.6000
parameters
   -0.4071   17.4544    8.1356  -10.9361   -9.9139   -2.0862
   -4.2673    0.3635    2.8273   18.6405   -1.8663  -18.9145
eta,q 0.97002 10.74985
  0.0311  0.0309  0.0305  0.0305  0.0306  0.0308  0.0309  0.0314  0.0307  0.0310  0.0303  0.0304
  0.0305  0.0304  0.0302  0.0302  0.0303  0.0304  0.0304  0.0306  0.0303  0.0305  0.0301  0.0301
  0.0301  0.0301  0.0300  0.0300  0.0301  0.0301  0.0301  0.0302  0.0301  0.0301  0.0300  0.0300
  0.0300  0.0300  0.0300  0.0300  0.0300  0.0300  0.0300  0.0300  0.0300  0.0300  0.0300  0.0300
  0.0301  0.0301  0.0300  0.0301  0.0301  0.0301  0.0301  0.0301  0.0301  0.0301  0.0300  0.0300
  0.0305  0.0304  0.0302  0.0302  0.0303  0.0304  0.0304  0.0306  0.0303  0.0304  0.0301  0.0302
  0.0311  0.0309  0.0305  0.0305  0.0306  0.0309  0.0309  0.0314  0.0307  0.0310  0.0303  0.0304
niter,ni,del,rscale     2    3    5.0000    0.5000
parameters
   -0.4060   17.4584    8.1041  -10.9553   -9.8987   -2.1204
   -4.2898    0.3695    2.8066   18.6581   -1.7822  -19.0015
eta,q 0.97002 10.74887
  0.0308  0.0306  0.0303  0.0303  0.0304  0.0306  0.0306  0.0310  0.0305  0.0307  0.0302  0.0302
  0.0303  0.0303  0.0301  0.0301  0.0302  0.0303  0.0303  0.0304  0.0302  0.0303  0.0301  0.0301
  0.0301  0.0301  0.0300  0.0300  0.0300  0.0301  0.0300  0.0301  0.0300  0.0301  0.0300  0.0300
  0.0300  0.0300  0.0300  0.0300  0.0300  0.0300  0.0300  0.0300  0.0300  0.0300  0.0300  0.0300
  0.0301  0.0300  0.0300  0.0300  0.0300  0.0301  0.0301  0.0301  0.0301  0.0301  0.0300  0.0300
  0.0303  0.0303  0.0302  0.0302  0.0302  0.0303  0.0303  0.0304  0.0302  0.0303  0.0300  0.0301
  0.0308  0.0306  0.0303  0.0303  0.0304  0.0306  0.0306  0.0310  0.0305  0.0307  0.0302  0.0303
niter,ni,del,rscale     1    3    5.0000    0.4000
parameters
   -0.4017   17.4614    8.0729  -11.0024   -9.8827   -2.1228
   -4.3142    0.3721    2.7776   18.7012   -1.7039  -19.0835
eta,q 0.97003 10.74804
  0.0305  0.0304  0.0302  0.0302  0.0303  0.0304  0.0304  0.0306  0.0303  0.0305  0.0301  0.0301
  0.0302  0.0302  0.0301  0.0301  0.0301  0.0302  0.0302  0.0303  0.0301  0.0302  0.0300  0.0300
  0.0300  0.0300  0.0300  0.0300  0.0300  0.0300  0.0300  0.0301  0.0300  0.0300  0.0300  0.0300
  0.0300  0.0300  0.0300  0.0300  0.0300  0.0300  0.0300  0.0300  0.0300  0.0300  0.0300  0.0300
  0.0300  0.0300  0.0300  0.0300  0.0300  0.0300  0.0300  0.0300  0.0300  0.0300  0.0300  0.0300
  0.0302  0.0302  0.0301  0.0301  0.0301  0.0302  0.0302  0.0303  0.0301  0.0302  0.0300  0.0301
  0.0305  0.0304  0.0302  0.0302  0.0303  0.0304  0.0304  0.0306  0.0303  0.0304  0.0301  0.0302
registration optimization eta report
parameter search radius
    0.8000    0.8000    0.8000    2.4000    2.4000    2.4000
    2.4000    2.4000    2.4000    2.4000    2.4000    2.4000
100000*second partial in parameter space
       79.       61.       35.        4.        5.        7.
        7.       11.        5.        8.        2.        3.
  0.0305  0.0304  0.0302  0.0302  0.0303  0.0304  0.0304  0.0306  0.0303  0.0305  0.0301  0.0301
  0.0302  0.0302  0.0301  0.0301  0.0301  0.0302  0.0302  0.0303  0.0301  0.0302  0.0300  0.0300
  0.0300  0.0300  0.0300  0.0300  0.0300  0.0300  0.0300  0.0301  0.0300  0.0300  0.0300  0.0300
  0.0300  0.0300  0.0300  0.0300  0.0300  0.0300  0.0300  0.0300  0.0300  0.0300  0.0300  0.0300
  0.0300  0.0300  0.0300  0.0300  0.0300  0.0300  0.0300  0.0300  0.0300  0.0300  0.0300  0.0300
  0.0302  0.0302  0.0301  0.0301  0.0301  0.0302  0.0302  0.0303  0.0301  0.0302  0.0300  0.0301
  0.0305  0.0304  0.0302  0.0302  0.0303  0.0304  0.0304  0.0306  0.0303  0.0304  0.0301  0.0302
   -0.4017   17.4614    8.0729  -11.0024   -9.8827   -2.1228
   -4.3142    0.3721    2.7776   18.7012   -1.7039  -19.0835
eta,q 0.97003 10.74804

---------------------------------------------------------------------
compute_vox2vox talsrcimg talsrcimg_to_711-2C_as_mni_average_305_t4 /opt/freesurfer/average/711-2C_as_mni_average_305
---------------------------------------------------------------------

freesurfer compute_vox2vox.c
Reading: talsrcimg.4dfp.ifh
Reading: talsrcimg_to_711-2C_as_mni_average_305_t4
Reading: /opt/freesurfer/average/711-2C_as_mni_average_305.4dfp.ifh
Writing: talsrcimg_to_711-2C_as_mni_average_305_t4_vox2vox.txt

start time Tue Mar 10 03:07:28 CET 2026
end		time Tue Mar 10 03:07:42 CET 2026

mpr2mni305 success

avi2talxfm orig_nu.mgz /opt/freesurfer/average/mni305.cor.mgz talsrcimg_to_711-2C_as_mni_average_305_t4_vox2vox.txt transforms/talairach.auto.xfm
avi2talxfm done
mv -f /out/sourcedata/freesurfer/sub-v1s4x0050709_ses-1/mri/talsrcimg_to_711-2C_as_mni_average_305_t4_vox2vox.txt /out/sourcedata/freesurfer/sub-v1s4x0050709_ses-1/mri/transforms/talsrcimg_to_711-2C_as_mni_average_305_t4_vox2vox.txt
lta_convert --src orig_nu.mgz --trg /opt/freesurfer/average/mni305.cor.mgz --inxfm transforms/talairach.auto.xfm --outlta transforms/talairach.auto.xfm.lta --subject fsaverage
7.3.2

--src: orig_nu.mgz src image (geometry).
--trg: /opt/freesurfer/average/mni305.cor.mgz trg image (geometry).
--inmni: transforms/talairach.auto.xfm input MNI/XFM transform.
--outlta: transforms/talairach.auto.xfm.lta output LTA.
--s: fsaverage subject name
 LTA read, type : 1
 1.12178  -0.01396   0.05075  -0.93147;
 0.01229   0.98180   0.20850  -19.85860;
-0.03713  -0.20331   1.06483  -6.86971;
 0.00000   0.00000   0.00000   1.00000;
setting subject to fsaverage
Writing  LTA to file transforms/talairach.auto.xfm.lta...
lta_convert successful.
 
 
Started at Tue Mar 10 03:07:28 CET 2026
Ended   at Tue Mar 10 03:07:43 CET 2026
talairach_avi done
