/out/sourcedata/freesurfer/sub-v1s4x0050693_ses-1/mri
/opt/freesurfer/bin/talairach_avi
--i orig_nu.mgz --xfm transforms/talairach.auto.xfm
talairach_avi 7.3.2
Linux dna015 5.14.0-427.37.1.el9_4.x86_64 #1 SMP PREEMPT_DYNAMIC Fri Sep 13 12:41:50 EDT 2024 x86_64 x86_64 x86_64 GNU/Linux
Tue Mar 10 02:21:29 CET 2026
mri_convert orig_nu.mgz talsrcimg.img 
reading from orig_nu.mgz...
TR=0.00, TE=0.00, TI=0.00, flip angle=0.00
i_ras = (-1, -4.65661e-10, 0)
j_ras = (7.45058e-09, 1.49012e-08, -1)
k_ras = (0, 1, 0)
writing to talsrcimg.img...
Analyze Output Matrix
-1.00000   0.00000   0.00000   130.90132;
-0.00000   0.00000   1.00000  -114.77294;
 0.00000  -1.00000   0.00000   154.18947;
 0.00000   0.00000   0.00000   1.00000;
--------------------
INFO: set hdr.hist.orient to -1
mpr2mni305 talsrcimg
Tue Mar 10 02:21:30 CET 2026
/opt/freesurfer/bin/mpr2mni305 talsrcimg
mpr2mni305 7.3.2
target=711-2C_as_mni_average_305

---------------------------------------------------------------------
analyzeto4dfp talsrcimg -O0 -y
---------------------------------------------------------------------

freesurfer ifh2hdr.c
Tue Mar 10 02:21:30 2026
Writing: talsrcimg.4dfp.hdr
freesurfer analyzeto4dfp.c
Reading: talsrcimg.hdr
header size 348 bytes
hdr.dime.datatype	offset=70	value=2
hdr.dime.bitpix		offset=72	value=8
hdr.hist.orient		offset=252	value=-1
dimensionality     4
dimensions       256       256       256         1
Reading: talsrcimg.img
Writing: talsrcimg.4dfp.img
Writing: talsrcimg.4dfp.ifh
ifh2hdr talsrcimg -r0to227
ori=2

---------------------------------------------------------------------
gauss_4dfp talsrcimg 1.1
---------------------------------------------------------------------

freesurfer gauss_4dfp.c
Reading: talsrcimg.4dfp.img
Writing: talsrcimg_g11.4dfp.img
image dimensions 256 256 256 padded to 288 288 288
processing volume 1freesurfer ifh2hdr.c
Tue Mar 10 02:21:32 2026
Writing: talsrcimg_g11.4dfp.hdr

Writing: talsrcimg_g11.4dfp.ifh
including: talsrcimg.4dfp.img.rec in talsrcimg_g11.4dfp.img.rec

---------------------------------------------------------------------
imgreg_4dfp /opt/freesurfer/average/711-2C_as_mni_average_305 none talsrcimg_g11 none talsrcimg_to_711-2C_as_mni_average_305_t4 4355
---------------------------------------------------------------------

freesurfer imgreg_4dfp.c
/opt/freesurfer/average/711-2C_as_mni_average_305.4dfp.img
       256       256       256         1
  1.000000  1.000000  1.000000
orientation T byte_order littleendian
Reading image: /opt/freesurfer/average/711-2C_as_mni_average_305.4dfp.img
dimensions:      256       256       256
mmppix:       1.0000   -1.0000   -1.0000
center:     128.0000 -129.0000 -129.0000
talsrcimg_g11.4dfp.img
       256       256       256         1
  1.000000  1.000000  1.000000
orientation T byte_order littleendian
Reading image: talsrcimg_g11.4dfp.img
dimensions:      256       256       256
mmppix:       1.0000   -1.0000   -1.0000
center:     128.0000 -129.0000 -129.0000
t4_read: open error in t4_sub.f l:  41 t4_file(1:l)talsrcimg_to_711-2C_as_mni_average_305_t4 
t4_read: transform initialized to I4
rotation matrix determinant  1.000000
image alignment mode   4355 decimal     1103 hex
   -7.5000  -45.0000  -45.0000 9454.2510   14.2123
    0.0000  -45.0000  -45.0000 9872.5020   14.2153
    7.5000  -45.0000  -45.0000 9495.6963   14.2002
   -7.5000  -37.5000  -45.0000 9830.3428   14.1116
    0.0000  -37.5000  -45.000010284.1650   14.1133
    7.5000  -37.5000  -45.0000 9862.6885   14.0954
   -7.5000  -30.0000  -45.000010569.7822   14.0931
    0.0000  -30.0000  -45.000011028.7266   14.0885
    7.5000  -30.0000  -45.000010543.4629   14.0697
   -7.5000  -22.5000  -45.000011264.3418   14.0940
    0.0000  -22.5000  -45.000011768.4629   14.0839
    7.5000  -22.5000  -45.000011248.2158   14.0675
   -7.5000  -15.0000  -45.000011677.2178   14.0971
    0.0000  -15.0000  -45.000012213.0732   14.0877
    7.5000  -15.0000  -45.000011644.0811   14.0743
   -7.5000   -7.5000  -45.000011948.4980   14.0962
    0.0000   -7.5000  -45.000012505.0781   14.0935
    7.5000   -7.5000  -45.000011878.4609   14.0808
   -7.5000    0.0000  -45.000012038.3340   14.0922
    0.0000    0.0000  -45.000012622.0859   14.0949
    7.5000    0.0000  -45.000011966.9922   14.0801
   -7.5000    7.5000  -45.000011294.0977   14.0907
    0.0000    7.5000  -45.000011847.8857   14.0924
    7.5000    7.5000  -45.000011204.4932   14.0745
   -7.5000   15.0000  -45.000010497.2236   14.1132
    0.0000   15.0000  -45.000011018.2949   14.1089
    7.5000   15.0000  -45.000010416.1787   14.0901
   -7.5000   22.5000  -45.0000 9677.2861   14.2896
    0.0000   22.5000  -45.000010183.8574   14.2796
    7.5000   22.5000  -45.0000 9637.0596   14.2625
   -7.5000   30.0000  -45.0000 8946.1621   14.4811
    0.0000   30.0000  -45.0000 9414.7275   14.4699
    7.5000   30.0000  -45.0000 8905.4805   14.4562
   -7.5000   37.5000  -45.0000 8603.7910   14.9901
    0.0000   37.5000  -45.0000 9031.0225   14.9883
    7.5000   37.5000  -45.0000 8541.2256   14.9744
   -7.5000   45.0000  -45.0000 7953.8193   15.1428
    0.0000   45.0000  -45.0000 8324.2324   15.1512
    7.5000   45.0000  -45.0000 7864.6831   15.1377
   -7.5000  -45.0000  -37.500010010.3408   14.2154
    0.0000  -45.0000  -37.500010452.6465   14.2135
    7.5000  -45.0000  -37.500010045.7334   14.1947
   -7.5000  -37.5000  -37.500010431.9834   14.1208
    0.0000  -37.5000  -37.500010907.3242   14.1197
    7.5000  -37.5000  -37.500010465.8789   14.0995
   -7.5000  -30.0000  -37.500011232.9111   14.1070
    0.0000  -30.0000  -37.500011745.7842   14.1033
    7.5000  -30.0000  -37.500011226.1836   14.0839
   -7.5000  -22.5000  -37.500012016.9932   14.1068
    0.0000  -22.5000  -37.500012568.5957   14.0996
    7.5000  -22.5000  -37.500011977.6328   14.0825
   -7.5000  -15.0000  -37.500012450.9961   14.1043
    0.0000  -15.0000  -37.500013043.4023   14.0961
    7.5000  -15.0000  -37.500012423.3096   14.0807
   -7.5000   -7.5000  -37.500012707.3330   14.0984
    0.0000   -7.5000  -37.500013319.4395   14.0929
    7.5000   -7.5000  -37.500012660.7969   14.0768
   -7.5000    0.0000  -37.500012800.3936   14.0951
    0.0000    0.0000  -37.500013452.1123   14.0931
    7.5000    0.0000  -37.500012757.6182   14.0745
   -7.5000    7.5000  -37.500012007.3652   14.0999
    0.0000    7.5000  -37.500012611.3867   14.0987
    7.5000    7.5000  -37.500011909.2559   14.0785
   -7.5000   15.0000  -37.500011118.6709   14.1279
    0.0000   15.0000  -37.500011669.7520   14.1243
    7.5000   15.0000  -37.500011040.8174   14.1049
   -7.5000   22.5000  -37.500010253.3369   14.3034
    0.0000   22.5000  -37.500010792.3750   14.2956
    7.5000   22.5000  -37.500010218.9766   14.2776
   -7.5000   30.0000  -37.5000 9513.2754   14.4894
    0.0000   30.0000  -37.5000 9994.9834   14.4780
    7.5000   30.0000  -37.5000 9459.0537   14.4616
   -7.5000   37.5000  -37.5000 9129.6748   14.9927
    0.0000   37.5000  -37.5000 9581.6436   14.9865
    7.5000   37.5000  -37.5000 9077.6855   14.9695
   -7.5000   45.0000  -37.5000 8399.8145   15.1469
    0.0000   45.0000  -37.5000 8826.6963   15.1484
    7.5000   45.0000  -37.5000 8353.7041   15.1319
   -7.5000  -45.0000  -30.000010657.7285   14.8242
    0.0000  -45.0000  -30.000011152.9180   14.8175
    7.5000  -45.0000  -30.000010690.5557   14.7979
   -7.5000  -37.5000  -30.000011161.9688   14.7302
    0.0000  -37.5000  -30.000011701.2744   14.7243
    7.5000  -37.5000  -30.000011192.1445   14.7064
   -7.5000  -30.0000  -30.000012030.8271   14.7155
    0.0000  -30.0000  -30.000012594.2510   14.7098
    7.5000  -30.0000  -30.000012002.6035   14.6957
   -7.5000  -22.5000  -30.000012853.8711   14.7096
    0.0000  -22.5000  -30.000013472.5625   14.7033
    7.5000  -22.5000  -30.000012806.1455   14.6915
   -7.5000  -15.0000  -30.000013314.5576   14.7013
    0.0000  -15.0000  -30.000013966.2402   14.6945
    7.5000  -15.0000  -30.000013278.9785   14.6814
   -7.5000   -7.5000  -30.000013586.1084   14.6958
    0.0000   -7.5000  -30.000014251.0283   14.6886
    7.5000   -7.5000  -30.000013540.7324   14.6721
   -7.5000    0.0000  -30.000013711.4990   14.6984
    0.0000    0.0000  -30.000014400.3613   14.6916
    7.5000    0.0000  -30.000013652.1221   14.6722
   -7.5000    7.5000  -30.000012856.7148   14.7084
    0.0000    7.5000  -30.000013524.3594   14.7024
    7.5000    7.5000  -30.000012783.2100   14.6844
   -7.5000   15.0000  -30.000011909.8291   14.7375
    0.0000   15.0000  -30.000012526.5879   14.7318
    7.5000   15.0000  -30.000011829.8408   14.7179
   -7.5000   22.5000  -30.000010995.0039   14.9114
    0.0000   22.5000  -30.000011581.7578   14.9043
    7.5000   22.5000  -30.000010966.0352   14.8921
   -7.5000   30.0000  -30.000010225.5254   15.1047
    0.0000   30.0000  -30.000010771.0332   15.0946
    7.5000   30.0000  -30.000010180.0391   15.0812
   -7.5000   37.5000  -30.0000 9829.5234   15.6338
    0.0000   37.5000  -30.000010343.5439   15.6261
    7.5000   37.5000  -30.0000 9766.7021   15.6103
   -7.5000   45.0000  -30.0000 8999.3145   15.8151
    0.0000   45.0000  -30.0000 9494.3770   15.8102
    7.5000   45.0000  -30.0000 8973.4805   15.7938
   -7.5000  -45.0000  -22.500011316.9385   15.2979
    0.0000  -45.0000  -22.500011836.9248   15.2919
    7.5000  -45.0000  -22.500011340.3740   15.2762
   -7.5000  -37.5000  -22.500011889.9424   15.1985
    0.0000  -37.5000  -22.500012465.7656   15.1909
    7.5000  -37.5000  -22.500011896.0635   15.1783
   -7.5000  -30.0000  -22.500012759.0156   15.1777
    0.0000  -30.0000  -22.500013374.4824   15.1688
    7.5000  -30.0000  -22.500012740.9883   15.1615
   -7.5000  -22.5000  -22.500013613.4365   15.1681
    0.0000  -22.5000  -22.500014280.6660   15.1596
    7.5000  -22.5000  -22.500013575.6709   15.1546
   -7.5000  -15.0000  -22.500014134.3096   15.1609
    0.0000  -15.0000  -22.500014839.2617   15.1540
    7.5000  -15.0000  -22.500014082.9170   15.1464
   -7.5000   -7.5000  -22.500014425.8643   15.1611
    0.0000   -7.5000  -22.500015154.8379   15.1554
    7.5000   -7.5000  -22.500014377.9023   15.1428
   -7.5000    0.0000  -22.500014568.5400   15.1682
    0.0000    0.0000  -22.500015334.3398   15.1620
    7.5000    0.0000  -22.500014512.9707   15.1466
   -7.5000    7.5000  -22.500013683.5596   15.1760
    0.0000    7.5000  -22.500014431.4941   15.1683
    7.5000    7.5000  -22.500013601.6719   15.1557
   -7.5000   15.0000  -22.500012723.6953   15.1999
    0.0000   15.0000  -22.500013443.6973   15.1910
    7.5000   15.0000  -22.500012659.5215   15.1840
   -7.5000   22.5000  -22.500011788.4688   15.3718
    0.0000   22.5000  -22.500012469.7314   15.3628
    7.5000   22.5000  -22.500011755.5977   15.3584
   -7.5000   30.0000  -22.500010915.8662   15.5770
    0.0000   30.0000  -22.500011529.4902   15.5685
    7.5000   30.0000  -22.500010876.2305   15.5621
   -7.5000   37.5000  -22.500010437.6074   16.1320
    0.0000   37.5000  -22.500011007.9053   16.1274
    7.5000   37.5000  -22.500010406.5420   16.1171
   -7.5000   45.0000  -22.5000 9567.0967   16.3345
    0.0000   45.0000  -22.500010094.4453   16.3305
    7.5000   45.0000  -22.5000 9546.0537   16.3177
   -7.5000  -45.0000  -15.000011907.0938   15.6231
    0.0000  -45.0000  -15.000012448.5537   15.6218
    7.5000  -45.0000  -15.000011932.4014   15.6107
   -7.5000  -37.5000  -15.000012492.6064   15.5150
    0.0000  -37.5000  -15.000013100.0391   15.5100
    7.5000  -37.5000  -15.000012500.2969   15.5009
   -7.5000  -30.0000  -15.000013402.9785   15.4888
    0.0000  -30.0000  -15.000014084.5986   15.4788
    7.5000  -30.0000  -15.000013409.3799   15.4731
   -7.5000  -22.5000  -15.000014267.7324   15.4806
    0.0000  -22.5000  -15.000015006.8340   15.4688
    7.5000  -22.5000  -15.000014257.6230   15.4653
   -7.5000  -15.0000  -15.000014855.5498   15.4793
    0.0000  -15.0000  -15.000015627.7871   15.4707
    7.5000  -15.0000  -15.000014808.0020   15.4658
   -7.5000   -7.5000  -15.000015198.7705   15.4848
    0.0000   -7.5000  -15.000016014.7549   15.4815
    7.5000   -7.5000  -15.000015163.8184   15.4728
   -7.5000    0.0000  -15.000015384.8643   15.4910
    0.0000    0.0000  -15.000016215.3115   15.4893
    7.5000    0.0000  -15.000015342.1943   15.4786
   -7.5000    7.5000  -15.000014440.8525   15.4921
    0.0000    7.5000  -15.000015261.6025   15.4871
    7.5000    7.5000  -15.000014395.6758   15.4779
   -7.5000   15.0000  -15.000013461.1133   15.5106
    0.0000   15.0000  -15.000014254.7734   15.5007
    7.5000   15.0000  -15.000013437.7754   15.4953
   -7.5000   22.5000  -15.000012481.6045   15.6858
    0.0000   22.5000  -15.000013241.1006   15.6741
    7.5000   22.5000  -15.000012481.8633   15.6717
   -7.5000   30.0000  -15.000011530.5488   15.9035
    0.0000   30.0000  -15.000012215.0420   15.8948
    7.5000   30.0000  -15.000011517.7246   15.8920
   -7.5000   37.5000  -15.000011038.7051   16.4751
    0.0000   37.5000  -15.000011666.8438   16.4745
    7.5000   37.5000  -15.000011017.1670   16.4680
   -7.5000   45.0000  -15.000010132.0859   16.6862
    0.0000   45.0000  -15.000010704.9336   16.6886
    7.5000   45.0000  -15.000010109.7734   16.6794
   -7.5000  -45.0000   -7.500012509.1406   15.8003
    0.0000  -45.0000   -7.500013080.3154   15.8037
    7.5000  -45.0000   -7.500012540.0146   15.7918
   -7.5000  -37.5000   -7.500013107.9531   15.6869
    0.0000  -37.5000   -7.500013756.9834   15.6866
    7.5000  -37.5000   -7.500013140.8652   15.6735
   -7.5000  -30.0000   -7.500014060.6973   15.6612
    0.0000  -30.0000   -7.500014756.6396   15.6533
    7.5000  -30.0000   -7.500014096.1787   15.6405
   -7.5000  -22.5000   -7.500014924.1582   15.6585
    0.0000  -22.5000   -7.500015670.8301   15.6456
    7.5000  -22.5000   -7.500014927.8193   15.6352
   -7.5000  -15.0000   -7.500015597.5918   15.6624
    0.0000  -15.0000   -7.500016386.2500   15.6522
    7.5000  -15.0000   -7.500015554.9717   15.6436
   -7.5000   -7.5000   -7.500016060.0088   15.6670
    0.0000   -7.5000   -7.500016909.4902   15.6652
    7.5000   -7.5000   -7.500016007.7842   15.6555
   -7.5000    0.0000   -7.500016256.5957   15.6671
    0.0000    0.0000   -7.500017163.7090   15.6701
    7.5000    0.0000   -7.500016246.3115   15.6586
   -7.5000    7.5000   -7.500015268.6240   15.6637
    0.0000    7.5000   -7.500016123.6143   15.6635
    7.5000    7.5000   -7.500015249.0381   15.6503
   -7.5000   15.0000   -7.500014233.9551   15.6830
    0.0000   15.0000   -7.500015059.7324   15.6754
    7.5000   15.0000   -7.500014206.0020   15.6626
   -7.5000   22.5000   -7.500013185.1543   15.8664
    0.0000   22.5000   -7.500013979.2803   15.8539
    7.5000   22.5000   -7.500013161.7705   15.8439
   -7.5000   30.0000   -7.500012203.7979   16.0909
    0.0000   30.0000   -7.500012927.9307   16.0804
    7.5000   30.0000   -7.500012156.4824   16.0730
   -7.5000   37.5000   -7.500011687.5576   16.6645
    0.0000   37.5000   -7.500012388.2236   16.6652
    7.5000   37.5000   -7.500011612.5332   16.6561
   -7.5000   45.0000   -7.500010756.1719   16.8716
    0.0000   45.0000   -7.500011376.0947   16.8807
    7.5000   45.0000   -7.500010688.5078   16.8702
   -7.5000  -45.0000    0.000013026.5820   15.8621
    0.0000  -45.0000    0.000013587.6367   15.8655
    7.5000  -45.0000    0.000013038.2402   15.8486
   -7.5000  -37.5000    0.000013627.1943   15.7497
    0.0000  -37.5000    0.000014268.5879   15.7517
    7.5000  -37.5000    0.000013664.6250   15.7315
   -7.5000  -30.0000    0.000014569.8496   15.7294
    0.0000  -30.0000    0.000015278.8711   15.7245
    7.5000  -30.0000    0.000014665.8096   15.7032
   -7.5000  -22.5000    0.000015421.6924   15.7311
    0.0000  -22.5000    0.000016189.2109   15.7200
    7.5000  -22.5000    0.000015481.2178   15.7014
   -7.5000  -15.0000    0.000016175.8838   15.7349
    0.0000  -15.0000    0.000016972.1621   15.7244
    7.5000  -15.0000    0.000016167.0654   15.7095
   -7.5000   -7.5000    0.000016785.9668   15.7334
    0.0000   -7.5000    0.000017638.9355   15.7306
    7.5000   -7.5000    0.000016706.2207   15.7164
   -7.5000    0.0000    0.000017200.3320   15.7283
    0.0000    0.0000    0.000018139.4336   15.7314
    7.5000    0.0000    0.000017103.8535   15.7149
   -7.5000    7.5000    0.000016196.1562   15.7265
    0.0000    7.5000    0.000017110.9219   15.7284
    7.5000    7.5000    0.000016104.0615   15.7083
   -7.5000   15.0000    0.000015044.0391   15.7519
    0.0000   15.0000    0.000015947.1680   15.7471
    7.5000   15.0000    0.000014968.1250   15.7259
   -7.5000   22.5000    0.000013892.4219   15.9437
    0.0000   22.5000    0.000014730.3145   15.9326
    7.5000   22.5000    0.000013803.9424   15.9134
   -7.5000   30.0000    0.000012830.3135   16.1681
    0.0000   30.0000    0.000013617.2119   16.1557
    7.5000   30.0000    0.000012700.8125   16.1403
   -7.5000   37.5000    0.000012290.2139   16.7344
    0.0000   37.5000    0.000013049.4795   16.7324
    7.5000   37.5000    0.000012152.7422   16.7170
   -7.5000   45.0000    0.000011331.0293   16.9356
    0.0000   45.0000    0.000012002.0107   16.9450
    7.5000   45.0000    0.000011177.9512   16.9298
   -7.5000  -45.0000    7.500012544.7988   15.9052
    0.0000  -45.0000    7.500013075.5107   15.9031
    7.5000  -45.0000    7.500012620.1045   15.8820
   -7.5000  -37.5000    7.500013142.2666   15.7994
    0.0000  -37.5000    7.500013709.6738   15.7981
    7.5000  -37.5000    7.500013235.3623   15.7755
   -7.5000  -30.0000    7.500014075.3994   15.7840
    0.0000  -30.0000    7.500014688.3525   15.7799
    7.5000  -30.0000    7.500014189.6631   15.7582
   -7.5000  -22.5000    7.500014879.3096   15.7837
    0.0000  -22.5000    7.500015548.0908   15.7756
    7.5000  -22.5000    7.500014936.1328   15.7565
   -7.5000  -15.0000    7.500015644.3066   15.7808
    0.0000  -15.0000    7.500016371.0908   15.7717
    7.5000  -15.0000    7.500015607.0439   15.7545
   -7.5000   -7.5000    7.500016308.3730   15.7742
    0.0000   -7.5000    7.500017244.1250   15.7681
    7.5000   -7.5000    7.500016163.2422   15.7501
   -7.5000    0.0000    7.500016892.1172   15.7706
    0.0000    0.0000    7.500018015.3809   15.7683
    7.5000    0.0000    7.500016657.5801   15.7476
   -7.5000    7.5000    7.500015998.1650   15.7760
    0.0000    7.5000    7.500017053.0781   15.7747
    7.5000    7.5000    7.500015734.6904   15.7521
   -7.5000   15.0000    7.500014806.6660   15.8073
    0.0000   15.0000    7.500015701.2168   15.8033
    7.5000   15.0000    7.500014569.5615   15.7817
   -7.5000   22.5000    7.500013546.1914   15.9985
    0.0000   22.5000    7.500014345.3379   15.9898
    7.5000   22.5000    7.500013360.7051   15.9696
   -7.5000   30.0000    7.500012462.5127   16.2180
    0.0000   30.0000    7.500013189.7539   16.2052
    7.5000   30.0000    7.500012260.8691   16.1868
   -7.5000   37.5000    7.500011886.9062   16.7812
    0.0000   37.5000    7.500012580.7236   16.7743
    7.5000   37.5000    7.500011751.9150   16.7552
   -7.5000   45.0000    7.500010961.5625   16.9870
    0.0000   45.0000    7.500011569.9844   16.9887
    7.5000   45.0000    7.500010818.5742   16.9703
   -7.5000  -45.0000   15.000012055.7148   15.9185
    0.0000  -45.0000   15.000012572.6484   15.9113
    7.5000  -45.0000   15.000012120.7012   15.8903
   -7.5000  -37.5000   15.000012671.2900   15.8176
    0.0000  -37.5000   15.000013241.8633   15.8113
    7.5000  -37.5000   15.000012738.5947   15.7920
   -7.5000  -30.0000   15.000013638.3594   15.8018
    0.0000  -30.0000   15.000014255.9990   15.7957
    7.5000  -30.0000   15.000013634.0762   15.7806
   -7.5000  -22.5000   15.000014369.6777   15.7955
    0.0000  -22.5000   15.000015056.6094   15.7888
    7.5000  -22.5000   15.000014307.3291   15.7761
   -7.5000  -15.0000   15.000015043.9951   15.7866
    0.0000  -15.0000   15.000015823.2373   15.7793
    7.5000  -15.0000   15.000014902.4980   15.7653
   -7.5000   -7.5000   15.000015586.3740   15.7807
    0.0000   -7.5000   15.000016522.3262   15.7729
    7.5000   -7.5000   15.000015411.1982   15.7553
   -7.5000    0.0000   15.000016034.0742   15.7834
    0.0000    0.0000   15.000017107.6484   15.7761
    7.5000    0.0000   15.000015842.1719   15.7553
   -7.5000    7.5000   15.000015155.9678   15.7942
    0.0000    7.5000   15.000016103.4443   15.7878
    7.5000    7.5000   15.000014962.3555   15.7684
   -7.5000   15.0000   15.000014048.2148   15.8255
    0.0000   15.0000   15.000014854.4824   15.8194
    7.5000   15.0000   15.000013870.8027   15.8044
   -7.5000   22.5000   15.000012875.3477   16.0087
    0.0000   22.5000   15.000013620.7910   16.0010
    7.5000   22.5000   15.000012730.1104   15.9880
   -7.5000   30.0000   15.000011846.2217   16.2246
    0.0000   30.0000   15.000012547.1318   16.2137
    7.5000   30.0000   15.000011725.8555   16.1993
   -7.5000   37.5000   15.000011305.1289   16.7929
    0.0000   37.5000   15.000011925.9229   16.7845
    7.5000   37.5000   15.000011205.8291   16.7676
   -7.5000   45.0000   15.000010421.1084   17.0101
    0.0000   45.0000   15.000010947.6221   17.0048
    7.5000   45.0000   15.000010299.5312   16.9871
   -7.5000  -45.0000   22.500011536.8311   15.8806
    0.0000  -45.0000   22.500012081.8887   15.8744
    7.5000  -45.0000   22.500011493.3340   15.8581
   -7.5000  -37.5000   22.500012162.5352   15.7774
    0.0000  -37.5000   22.500012745.9199   15.7695
    7.5000  -37.5000   22.500012110.7471   15.7565
   -7.5000  -30.0000   22.500013061.8262   15.7558
    0.0000  -30.0000   22.500013693.2598   15.7465
    7.5000  -30.0000   22.500012993.0547   15.7390
   -7.5000  -22.5000   22.500013662.5273   15.7459
    0.0000  -22.5000   22.500014327.3271   15.7370
    7.5000  -22.5000   22.500013577.5439   15.7318
   -7.5000  -15.0000   22.500014170.0762   15.7383
    0.0000  -15.0000   22.500014878.9912   15.7312
    7.5000  -15.0000   22.500014102.8271   15.7233
   -7.5000   -7.5000   22.500014575.5459   15.7386
    0.0000   -7.5000   22.500015352.3662   15.7326
    7.5000   -7.5000   22.500014509.6006   15.7195
   -7.5000    0.0000   22.500014915.3877   15.7459
    0.0000    0.0000   22.500015709.4014   15.7395
    7.5000    0.0000   22.500014866.3105   15.7235
   -7.5000    7.5000   22.500014007.1904   15.7541
    0.0000    7.5000   22.500014737.9717   15.7460
    7.5000    7.5000   22.500013963.3008   15.7330
   -7.5000   15.0000   22.500012989.6719   15.7788
    0.0000   15.0000   22.500013643.1562   15.7696
    7.5000   15.0000   22.500012951.3281   15.7623
   -7.5000   22.5000   22.500011991.6904   15.9548
    0.0000   22.5000   22.500012626.3945   15.9455
    7.5000   22.5000   22.500011950.9346   15.9409
   -7.5000   30.0000   22.500011110.1865   16.1726
    0.0000   30.0000   22.500011727.6475   16.1637
    7.5000   30.0000   22.500011054.6152   16.1571
   -7.5000   37.5000   22.500010649.0410   16.7488
    0.0000   37.5000   22.500011212.8555   16.7440
    7.5000   37.5000   22.500010582.3438   16.7333
   -7.5000   45.0000   22.5000 9825.6074   16.9714
    0.0000   45.0000   22.500010307.3457   16.9673
    7.5000   45.0000   22.5000 9749.9883   16.9539
   -7.5000  -45.0000   30.000010747.7021   15.8595
    0.0000  -45.0000   30.000011218.5537   15.8581
    7.5000  -45.0000   30.000010660.7578   15.8469
   -7.5000  -37.5000   30.000011314.5840   15.7496
    0.0000  -37.5000   30.000011799.9688   15.7446
    7.5000  -37.5000   30.000011253.7461   15.7353
   -7.5000  -30.0000   30.000012122.0283   15.7230
    0.0000  -30.0000   30.000012641.7305   15.7128
    7.5000  -30.0000   30.000012083.8604   15.7071
   -7.5000  -22.5000   30.000012631.7764   15.7146
    0.0000  -22.5000   30.000013167.7461   15.7026
    7.5000  -22.5000   30.000012598.7285   15.6991
   -7.5000  -15.0000   30.000013066.1924   15.7132
    0.0000  -15.0000   30.000013615.6172   15.7046
    7.5000  -15.0000   30.000013020.2832   15.6996
   -7.5000   -7.5000   30.000013428.2080   15.7189
    0.0000   -7.5000   30.000014036.7334   15.7155
    7.5000   -7.5000   30.000013419.1680   15.7066
   -7.5000    0.0000   30.000013719.1172   15.7252
    0.0000    0.0000   30.000014333.6270   15.7235
    7.5000    0.0000   30.000013697.7607   15.7125
   -7.5000    7.5000   30.000012873.5693   15.7263
    0.0000    7.5000   30.000013427.6797   15.7212
    7.5000    7.5000   30.000012846.3906   15.7119
   -7.5000   15.0000   30.000011938.0029   15.7451
    0.0000   15.0000   30.000012472.5977   15.7351
    7.5000   15.0000   30.000011907.1025   15.7296
   -7.5000   22.5000   30.000011008.7061   15.9215
    0.0000   22.5000   30.000011560.4111   15.9096
    7.5000   22.5000   30.000010985.0986   15.9072
   -7.5000   30.0000   30.000010218.8691   16.1448
    0.0000   30.0000   30.000010727.2559   16.1360
    7.5000   30.0000   30.000010158.5801   16.1331
   -7.5000   37.5000   30.0000 9848.0283   16.7259
    0.0000   37.5000   30.000010334.0127   16.7253
    7.5000   37.5000   30.0000 9789.4834   16.7188
   -7.5000   45.0000   30.0000 9109.9551   16.9457
    0.0000   45.0000   30.0000 9543.1807   16.9482
    7.5000   45.0000   30.0000 9046.6338   16.9387
   -7.5000  -45.0000   37.500010241.2656   16.0458
    0.0000  -45.0000   37.500010644.4561   16.0492
    7.5000  -45.0000   37.500010192.3750   16.0368
   -7.5000  -37.5000   37.500010792.1943   15.9297
    0.0000  -37.5000   37.500011228.4004   15.9292
    7.5000  -37.5000   37.500010787.4824   15.9156
   -7.5000  -30.0000   37.500011592.9512   15.9041
    0.0000  -30.0000   37.500012038.4951   15.8956
    7.5000  -30.0000   37.500011588.1045   15.8823
   -7.5000  -22.5000   37.500012087.6445   15.9014
    0.0000  -22.5000   37.500012547.1973   15.8877
    7.5000  -22.5000   37.500012069.5996   15.8770
   -7.5000  -15.0000   37.500012516.9619   15.9046
    0.0000  -15.0000   37.500013002.3926   15.8941
    7.5000  -15.0000   37.500012479.4609   15.8850
   -7.5000   -7.5000   37.500012850.7197   15.9087
    0.0000   -7.5000   37.500013409.7432   15.9069
    7.5000   -7.5000   37.500012843.3877   15.8968
   -7.5000    0.0000   37.500013110.8623   15.9087
    0.0000    0.0000   37.500013658.1865   15.9118
    7.5000    0.0000   37.500013091.6367   15.8998
   -7.5000    7.5000   37.500012310.3330   15.9059
    0.0000    7.5000   37.500012791.4551   15.9054
    7.5000    7.5000   37.500012257.1348   15.8918
   -7.5000   15.0000   37.500011415.1875   15.9265
    0.0000   15.0000   37.500011878.8213   15.9182
    7.5000   15.0000   37.500011365.2734   15.9052
   -7.5000   22.5000   37.500010530.0752   16.1155
    0.0000   22.5000   37.500010996.1484   16.1023
    7.5000   22.5000   37.500010483.9912   16.0919
   -7.5000   30.0000   37.5000 9771.9062   16.3492
    0.0000   30.0000   37.500010238.2900   16.3383
    7.5000   30.0000   37.5000 9707.9766   16.3304
   -7.5000   37.5000   37.5000 9448.6025   16.9396
    0.0000   37.5000   37.5000 9887.8438   16.9405
    7.5000   37.5000   37.5000 9355.4307   16.9308
   -7.5000   45.0000   37.5000 8791.4443   17.1599
    0.0000   45.0000   37.5000 9154.0156   17.1694
    7.5000   45.0000   37.5000 8684.6523   17.1584
   -7.5000  -45.0000   45.0000 9353.1562   16.3111
    0.0000  -45.0000   45.0000 9736.9014   16.3144
    7.5000  -45.0000   45.0000 9359.3652   16.2966
   -7.5000  -37.5000   45.0000 9883.3086   16.1914
    0.0000  -37.5000   45.000010279.2803   16.1925
    7.5000  -37.5000   45.0000 9900.4951   16.1715
   -7.5000  -30.0000   45.000010637.5840   16.1693
    0.0000  -30.0000   45.000011051.2607   16.1632
    7.5000  -30.0000   45.000010645.0498   16.1414
   -7.5000  -22.5000   45.000011108.6904   16.1706
    0.0000  -22.5000   45.000011513.3623   16.1587
    7.5000  -22.5000   45.000011096.2148   16.1403
   -7.5000  -15.0000   45.000011491.4189   16.1745
    0.0000  -15.0000   45.000011912.1592   16.1640
    7.5000  -15.0000   45.000011444.9707   16.1493
   -7.5000   -7.5000   45.000011762.5518   16.1735
    0.0000   -7.5000   45.000012232.5078   16.1709
    7.5000   -7.5000   45.000011732.7002   16.1566
   -7.5000    0.0000   45.000011955.8730   16.1688
    0.0000    0.0000   45.000012441.4199   16.1718
    7.5000    0.0000   45.000011922.8594   16.1545
   -7.5000    7.5000   45.000011232.1885   16.1667
    0.0000    7.5000   45.000011699.4844   16.1679
    7.5000    7.5000   45.000011178.4053   16.1468
   -7.5000   15.0000   45.000010438.5078   16.1922
    0.0000   15.0000   45.000010892.0713   16.1863
    7.5000   15.0000   45.000010389.8994   16.1646
   -7.5000   22.5000   45.0000 9638.6416   16.3961
    0.0000   22.5000   45.000010074.7686   16.3842
    7.5000   22.5000   45.0000 9602.5957   16.3650
   -7.5000   30.0000   45.0000 8961.5420   16.6407
    0.0000   30.0000   45.0000 9382.2930   16.6282
    7.5000   30.0000   45.0000 8905.0820   16.6131
   -7.5000   37.5000   45.0000 8673.3984   17.2453
    0.0000   37.5000   45.0000 9083.1133   17.2438
    7.5000   37.5000   45.0000 8596.7529   17.2280
   -7.5000   45.0000   45.0000 8056.3101   17.4863
    0.0000   45.0000   45.0000 8415.0664   17.4961
    7.5000   45.0000   45.0000 7978.5630   17.4800

---------------------------------------------------------------------
imgreg_4dfp /opt/freesurfer/average/711-2C_as_mni_average_305 /opt/freesurfer/average/711-2B_as_mni_average_305_mask talsrcimg_g11 none talsrcimg_to_711-2C_as_mni_average_305_t4 4355
---------------------------------------------------------------------

freesurfer imgreg_4dfp.c
/opt/freesurfer/average/711-2C_as_mni_average_305.4dfp.img
       256       256       256         1
  1.000000  1.000000  1.000000
orientation T byte_order littleendian
Reading image: /opt/freesurfer/average/711-2C_as_mni_average_305.4dfp.img
dimensions:      256       256       256
mmppix:       1.0000   -1.0000   -1.0000
center:     128.0000 -129.0000 -129.0000
/opt/freesurfer/average/711-2B_as_mni_average_305_mask.4dfp.img
       256       256       256         1
  1.000000  1.000000  1.000000
orientation T byte_order littleendian
Reading mask: /opt/freesurfer/average/711-2B_as_mni_average_305_mask.4dfp.img (2306576 pixels)
talsrcimg_g11.4dfp.img
       256       256       256         1
  1.000000  1.000000  1.000000
orientation T byte_order littleendian
Reading image: talsrcimg_g11.4dfp.img
dimensions:      256       256       256
mmppix:       1.0000   -1.0000   -1.0000
center:     128.0000 -129.0000 -129.0000
rotation matrix determinant  1.000000
image alignment mode   4355 decimal     1103 hex
   -7.5000  -45.0000  -45.0000 2260.1265   17.9159
    0.0000  -45.0000  -45.0000 2277.3596   17.9698
    7.5000  -45.0000  -45.0000 2261.6899   18.1121
   -7.5000  -37.5000  -45.0000 2284.1086   17.6914
    0.0000  -37.5000  -45.0000 2296.1824   17.7205
    7.5000  -37.5000  -45.0000 2278.4299   17.8122
   -7.5000  -30.0000  -45.0000 2300.8318   17.6025
    0.0000  -30.0000  -45.0000 2310.0820   17.6224
    7.5000  -30.0000  -45.0000 2289.0710   17.7028
   -7.5000  -22.5000  -45.0000 2320.9050   17.5453
    0.0000  -22.5000  -45.0000 2330.3159   17.5872
    7.5000  -22.5000  -45.0000 2308.5791   17.6549
   -7.5000  -15.0000  -45.0000 2333.6309   17.4909
    0.0000  -15.0000  -45.0000 2340.8291   17.5258
    7.5000  -15.0000  -45.0000 2314.3418   17.6105
   -7.5000   -7.5000  -45.0000 2338.0332   17.4795
    0.0000   -7.5000  -45.0000 2346.2703   17.5175
    7.5000   -7.5000  -45.0000 2309.0981   17.6263
   -7.5000    0.0000  -45.0000 2320.5576   17.6132
    0.0000    0.0000  -45.0000 2334.0203   17.6674
    7.5000    0.0000  -45.0000 2295.4746   17.7568
   -7.5000    7.5000  -45.0000 2306.2371   17.9892
    0.0000    7.5000  -45.0000 2321.6396   17.9868
    7.5000    7.5000  -45.0000 2284.6919   18.1001
   -7.5000   15.0000  -45.0000 2286.0388   18.5030
    0.0000   15.0000  -45.0000 2295.4287   18.5053
    7.5000   15.0000  -45.0000 2264.5051   18.6745
   -7.5000   22.5000  -45.0000 2245.4929   19.3508
    0.0000   22.5000  -45.0000 2257.1938   19.3476
    7.5000   22.5000  -45.0000 2224.1531   19.5023
   -7.5000   30.0000  -45.0000 2187.5208   20.4990
    0.0000   30.0000  -45.0000 2201.3276   20.4645
    7.5000   30.0000  -45.0000 2163.2212   20.6977
   -7.5000   37.5000  -45.0000 2109.6963   21.9652
    0.0000   37.5000  -45.0000 2119.1614   21.9590
    7.5000   37.5000  -45.0000 2081.9949   22.2591
   -7.5000   45.0000  -45.0000 2015.7853   24.0300
    0.0000   45.0000  -45.0000 2020.1975   23.9573
    7.5000   45.0000  -45.0000 1982.6384   24.3585
   -7.5000  -45.0000  -37.5000 2354.5918   16.4989
    0.0000  -45.0000  -37.5000 2373.9980   16.4935
    7.5000  -45.0000  -37.5000 2354.7705   16.5475
   -7.5000  -37.5000  -37.5000 2382.5625   16.2850
    0.0000  -37.5000  -37.5000 2397.6047   16.2636
    7.5000  -37.5000  -37.5000 2380.1140   16.3270
   -7.5000  -30.0000  -37.5000 2410.5608   16.2053
    0.0000  -30.0000  -37.5000 2421.2578   16.1692
    7.5000  -30.0000  -37.5000 2400.5718   16.2055
   -7.5000  -22.5000  -37.5000 2430.1179   16.1221
    0.0000  -22.5000  -37.5000 2442.9639   16.1231
    7.5000  -22.5000  -37.5000 2418.0808   16.1685
   -7.5000  -15.0000  -37.5000 2440.7236   16.1030
    0.0000  -15.0000  -37.5000 2453.6643   16.1108
    7.5000  -15.0000  -37.5000 2424.6704   16.1678
   -7.5000   -7.5000  -37.5000 2443.7937   16.1651
    0.0000   -7.5000  -37.5000 2451.3108   16.1949
    7.5000   -7.5000  -37.5000 2417.8518   16.2428
   -7.5000    0.0000  -37.5000 2430.1174   16.3199
    0.0000    0.0000  -37.5000 2438.8901   16.3618
    7.5000    0.0000  -37.5000 2403.6331   16.4343
   -7.5000    7.5000  -37.5000 2410.4851   16.7151
    0.0000    7.5000  -37.5000 2427.2056   16.7456
    7.5000    7.5000  -37.5000 2388.2065   16.8240
   -7.5000   15.0000  -37.5000 2382.2812   17.1788
    0.0000   15.0000  -37.5000 2392.0037   17.2421
    7.5000   15.0000  -37.5000 2356.7659   17.3369
   -7.5000   22.5000  -37.5000 2342.6460   17.8961
    0.0000   22.5000  -37.5000 2355.3789   17.9422
    7.5000   22.5000  -37.5000 2315.4949   18.0769
   -7.5000   30.0000  -37.5000 2287.4268   18.9018
    0.0000   30.0000  -37.5000 2302.2205   18.9230
    7.5000   30.0000  -37.5000 2258.3245   19.0965
   -7.5000   37.5000  -37.5000 2206.7302   20.2398
    0.0000   37.5000  -37.5000 2213.8276   20.2721
    7.5000   37.5000  -37.5000 2174.8176   20.4977
   -7.5000   45.0000  -37.5000 2100.6123   22.0898
    0.0000   45.0000  -37.5000 2107.2898   22.1070
    7.5000   45.0000  -37.5000 2073.6760   22.3395
   -7.5000  -45.0000  -30.0000 2495.0452   15.7308
    0.0000  -45.0000  -30.0000 2514.6670   15.6910
    7.5000  -45.0000  -30.0000 2491.0581   15.7776
   -7.5000  -37.5000  -30.0000 2529.1233   15.5488
    0.0000  -37.5000  -30.0000 2546.8687   15.5179
    7.5000  -37.5000  -30.0000 2520.2434   15.5782
   -7.5000  -30.0000  -30.0000 2558.7749   15.4849
    0.0000  -30.0000  -30.0000 2572.1133   15.4204
    7.5000  -30.0000  -30.0000 2546.4553   15.4728
   -7.5000  -22.5000  -30.0000 2569.0740   15.3971
    0.0000  -22.5000  -30.0000 2583.8760   15.3411
    7.5000  -22.5000  -30.0000 2555.9888   15.4109
   -7.5000  -15.0000  -30.0000 2576.7717   15.3309
    0.0000  -15.0000  -30.0000 2591.0405   15.3062
    7.5000  -15.0000  -30.0000 2560.8374   15.3381
   -7.5000   -7.5000  -30.0000 2586.0525   15.3699
    0.0000   -7.5000  -30.0000 2593.3357   15.3830
    7.5000   -7.5000  -30.0000 2561.5054   15.4375
   -7.5000    0.0000  -30.0000 2579.4006   15.5955
    0.0000    0.0000  -30.0000 2587.1118   15.5899
    7.5000    0.0000  -30.0000 2548.9946   15.6440
   -7.5000    7.5000  -30.0000 2558.7241   16.0471
    0.0000    7.5000  -30.0000 2575.3772   16.0280
    7.5000    7.5000  -30.0000 2534.0959   16.0982
   -7.5000   15.0000  -30.0000 2527.5605   16.5434
    0.0000   15.0000  -30.0000 2538.8843   16.5753
    7.5000   15.0000  -30.0000 2496.8069   16.6610
   -7.5000   22.5000  -30.0000 2486.5476   17.1989
    0.0000   22.5000  -30.0000 2501.4778   17.2490
    7.5000   22.5000  -30.0000 2457.7190   17.3567
   -7.5000   30.0000  -30.0000 2426.6936   18.1190
    0.0000   30.0000  -30.0000 2442.2141   18.1570
    7.5000   30.0000  -30.0000 2398.0857   18.2882
   -7.5000   37.5000  -30.0000 2341.3406   19.4175
    0.0000   37.5000  -30.0000 2352.2485   19.4308
    7.5000   37.5000  -30.0000 2311.9475   19.6107
   -7.5000   45.0000  -30.0000 2219.2324   21.2059
    0.0000   45.0000  -30.0000 2232.9204   21.1766
    7.5000   45.0000  -30.0000 2199.8467   21.3882
   -7.5000  -45.0000  -22.5000 2602.4233   15.0015
    0.0000  -45.0000  -22.5000 2622.5842   14.9427
    7.5000  -45.0000  -22.5000 2603.0903   15.0487
   -7.5000  -37.5000  -22.5000 2639.6501   14.8093
    0.0000  -37.5000  -22.5000 2654.6851   14.7218
    7.5000  -37.5000  -22.5000 2629.7249   14.8119
   -7.5000  -30.0000  -22.5000 2656.3726   14.6763
    0.0000  -30.0000  -22.5000 2672.0486   14.6013
    7.5000  -30.0000  -22.5000 2648.4741   14.6857
   -7.5000  -22.5000  -22.5000 2668.4595   14.5500
    0.0000  -22.5000  -22.5000 2682.6182   14.4768
    7.5000  -22.5000  -22.5000 2656.7708   14.5958
   -7.5000  -15.0000  -22.5000 2677.2847   14.4539
    0.0000  -15.0000  -22.5000 2693.2798   14.4356
    7.5000  -15.0000  -22.5000 2666.3384   14.5264
   -7.5000   -7.5000  -22.5000 2688.8560   14.4677
    0.0000   -7.5000  -22.5000 2702.5686   14.4952
    7.5000   -7.5000  -22.5000 2673.2837   14.5483
   -7.5000    0.0000  -22.5000 2686.7231   14.7099
    0.0000    0.0000  -22.5000 2704.0872   14.6625
    7.5000    0.0000  -22.5000 2662.8147   14.7618
   -7.5000    7.5000  -22.5000 2678.7974   15.1372
    0.0000    7.5000  -22.5000 2700.7366   15.0932
    7.5000    7.5000  -22.5000 2654.0115   15.1644
   -7.5000   15.0000  -22.5000 2648.4309   15.7177
    0.0000   15.0000  -22.5000 2672.0608   15.7077
    7.5000   15.0000  -22.5000 2623.2739   15.7509
   -7.5000   22.5000  -22.5000 2610.7346   16.3964
    0.0000   22.5000  -22.5000 2632.7749   16.3983
    7.5000   22.5000  -22.5000 2587.8120   16.4863
   -7.5000   30.0000  -22.5000 2540.5386   17.2304
    0.0000   30.0000  -22.5000 2559.7793   17.2289
    7.5000   30.0000  -22.5000 2519.9570   17.3760
   -7.5000   37.5000  -22.5000 2449.8450   18.4040
    0.0000   37.5000  -22.5000 2465.8560   18.3904
    7.5000   37.5000  -22.5000 2423.8738   18.5744
   -7.5000   45.0000  -22.5000 2321.9009   20.1016
    0.0000   45.0000  -22.5000 2337.6033   20.0389
    7.5000   45.0000  -22.5000 2305.2329   20.2291
   -7.5000  -45.0000  -15.0000 2659.5466   14.3396
    0.0000  -45.0000  -15.0000 2680.3149   14.2961
    7.5000  -45.0000  -15.0000 2660.9431   14.4017
   -7.5000  -37.5000  -15.0000 2688.2520   14.0785
    0.0000  -37.5000  -15.0000 2713.8855   14.0265
    7.5000  -37.5000  -15.0000 2686.4690   14.1000
   -7.5000  -30.0000  -15.0000 2705.1958   13.8671
    0.0000  -30.0000  -15.0000 2732.2764   13.7902
    7.5000  -30.0000  -15.0000 2705.2310   13.8856
   -7.5000  -22.5000  -15.0000 2723.1145   13.7216
    0.0000  -22.5000  -15.0000 2740.9775   13.6504
    7.5000  -22.5000  -15.0000 2717.0715   13.7768
   -7.5000  -15.0000  -15.0000 2742.2493   13.6604
    0.0000  -15.0000  -15.0000 2758.8433   13.6138
    7.5000  -15.0000  -15.0000 2725.3179   13.7488
   -7.5000   -7.5000  -15.0000 2763.5601   13.6757
    0.0000   -7.5000  -15.0000 2780.8887   13.6912
    7.5000   -7.5000  -15.0000 2743.3425   13.8227
   -7.5000    0.0000  -15.0000 2767.3025   13.8611
    0.0000    0.0000  -15.0000 2788.0100   13.8070
    7.5000    0.0000  -15.0000 2746.4219   13.9852
   -7.5000    7.5000  -15.0000 2766.7334   14.2130
    0.0000    7.5000  -15.0000 2787.1536   14.1720
    7.5000    7.5000  -15.0000 2739.8582   14.3042
   -7.5000   15.0000  -15.0000 2737.8660   14.8142
    0.0000   15.0000  -15.0000 2767.8101   14.7585
    7.5000   15.0000  -15.0000 2717.2517   14.8697
   -7.5000   22.5000  -15.0000 2696.3503   15.5679
    0.0000   22.5000  -15.0000 2726.9045   15.5049
    7.5000   22.5000  -15.0000 2686.0657   15.6449
   -7.5000   30.0000  -15.0000 2621.1890   16.3643
    0.0000   30.0000  -15.0000 2644.7832   16.3270
    7.5000   30.0000  -15.0000 2605.9700   16.5155
   -7.5000   37.5000  -15.0000 2526.0554   17.4467
    0.0000   37.5000  -15.0000 2544.8953   17.4275
    7.5000   37.5000  -15.0000 2505.6511   17.6455
   -7.5000   45.0000  -15.0000 2402.4382   19.0434
    0.0000   45.0000  -15.0000 2415.8088   19.0212
    7.5000   45.0000  -15.0000 2379.9973   19.2303
   -7.5000  -45.0000   -7.5000 2688.3677   13.8532
    0.0000  -45.0000   -7.5000 2715.0857   13.7711
    7.5000  -45.0000   -7.5000 2691.9412   13.8394
   -7.5000  -37.5000   -7.5000 2706.9849   13.5019
    0.0000  -37.5000   -7.5000 2740.3105   13.4198
    7.5000  -37.5000   -7.5000 2717.1482   13.5104
   -7.5000  -30.0000   -7.5000 2727.7644   13.2302
    0.0000  -30.0000   -7.5000 2756.9941   13.1384
    7.5000  -30.0000   -7.5000 2737.5825   13.2655
   -7.5000  -22.5000   -7.5000 2751.2319   13.0814
    0.0000  -22.5000   -7.5000 2770.5767   12.9538
    7.5000  -22.5000   -7.5000 2754.0103   13.1080
   -7.5000  -15.0000   -7.5000 2780.2136   13.0497
    0.0000  -15.0000   -7.5000 2796.5322   12.9308
    7.5000  -15.0000   -7.5000 2768.5913   13.0888
   -7.5000   -7.5000   -7.5000 2814.7207   13.1294
    0.0000   -7.5000   -7.5000 2833.8877   13.0353
    7.5000   -7.5000   -7.5000 2797.2004   13.2267
   -7.5000    0.0000   -7.5000 2828.7808   13.2731
    0.0000    0.0000   -7.5000 2852.8779   13.1724
    7.5000    0.0000   -7.5000 2810.4270   13.4077
   -7.5000    7.5000   -7.5000 2840.1116   13.5405
    0.0000    7.5000   -7.5000 2860.2922   13.4447
    7.5000    7.5000   -7.5000 2812.3193   13.6895
   -7.5000   15.0000   -7.5000 2817.9363   14.0834
    0.0000   15.0000   -7.5000 2844.3677   13.9592
    7.5000   15.0000   -7.5000 2797.4124   14.1918
   -7.5000   22.5000   -7.5000 2766.6931   14.8138
    0.0000   22.5000   -7.5000 2798.8000   14.6946
    7.5000   22.5000   -7.5000 2754.0276   14.9197
   -7.5000   30.0000   -7.5000 2684.7812   15.6073
    0.0000   30.0000   -7.5000 2706.5239   15.5467
    7.5000   30.0000   -7.5000 2673.9861   15.7863
   -7.5000   37.5000   -7.5000 2579.2078   16.6469
    0.0000   37.5000   -7.5000 2600.2314   16.6029
    7.5000   37.5000   -7.5000 2564.8098   16.8641
   -7.5000   45.0000   -7.5000 2452.0437   18.1722
    0.0000   45.0000   -7.5000 2466.2292   18.1323
    7.5000   45.0000   -7.5000 2436.8186   18.4173
   -7.5000  -45.0000    0.0000 2690.0986   13.6225
    0.0000  -45.0000    0.0000 2714.4084   13.4396
    7.5000  -45.0000    0.0000 2697.4978   13.5236
   -7.5000  -37.5000    0.0000 2704.9507   13.2054
    0.0000  -37.5000    0.0000 2737.6814   13.0369
    7.5000  -37.5000    0.0000 2719.6436   13.1520
   -7.5000  -30.0000    0.0000 2723.7061   12.9086
    0.0000  -30.0000    0.0000 2748.9141   12.7486
    7.5000  -30.0000    0.0000 2740.5356   12.8998
   -7.5000  -22.5000    0.0000 2749.4863   12.7385
    0.0000  -22.5000    0.0000 2770.6567   12.5888
    7.5000  -22.5000    0.0000 2754.0251   12.7488
   -7.5000  -15.0000    0.0000 2781.5740   12.7593
    0.0000  -15.0000    0.0000 2796.5312   12.5820
    7.5000  -15.0000    0.0000 2778.9866   12.7454
   -7.5000   -7.5000    0.0000 2833.4216   12.8421
    0.0000   -7.5000    0.0000 2850.0469   12.7072
    7.5000   -7.5000    0.0000 2820.4739   12.8561
   -7.5000    0.0000    0.0000 2871.5286   13.0478
    0.0000    0.0000    0.0000 2895.9963   12.9310
    7.5000    0.0000    0.0000 2851.3684   13.0975
   -7.5000    7.5000    0.0000 2894.1201   13.2949
    0.0000    7.5000    0.0000 2918.8589   13.1744
    7.5000    7.5000    0.0000 2865.9453   13.4059
   -7.5000   15.0000    0.0000 2876.7605   13.7438
    0.0000   15.0000    0.0000 2907.9346   13.5932
    7.5000   15.0000    0.0000 2849.8101   13.8550
   -7.5000   22.5000    0.0000 2819.5300   14.3662
    0.0000   22.5000    0.0000 2848.3098   14.2489
    7.5000   22.5000    0.0000 2800.9961   14.4523
   -7.5000   30.0000    0.0000 2725.3259   15.1326
    0.0000   30.0000    0.0000 2753.2673   15.0444
    7.5000   30.0000    0.0000 2713.5613   15.2389
   -7.5000   37.5000    0.0000 2620.4851   16.1943
    0.0000   37.5000    0.0000 2642.3340   16.1022
    7.5000   37.5000    0.0000 2605.0208   16.3120
   -7.5000   45.0000    0.0000 2483.1108   17.7569
    0.0000   45.0000    0.0000 2502.4104   17.6881
    7.5000   45.0000    0.0000 2467.9404   17.8843
   -7.5000  -45.0000    7.5000 2680.0115   13.5540
    0.0000  -45.0000    7.5000 2702.7776   13.3041
    7.5000  -45.0000    7.5000 2692.0549   13.4807
   -7.5000  -37.5000    7.5000 2686.4177   13.1558
    0.0000  -37.5000    7.5000 2711.4365   12.9306
    7.5000  -37.5000    7.5000 2705.1453   13.1305
   -7.5000  -30.0000    7.5000 2708.3750   12.8969
    0.0000  -30.0000    7.5000 2725.5491   12.6794
    7.5000  -30.0000    7.5000 2720.3052   12.8652
   -7.5000  -22.5000    7.5000 2742.1458   12.7342
    0.0000  -22.5000    7.5000 2752.8486   12.5553
    7.5000  -22.5000    7.5000 2746.6155   12.7221
   -7.5000  -15.0000    7.5000 2780.3943   12.7343
    0.0000  -15.0000    7.5000 2793.0774   12.5770
    7.5000  -15.0000    7.5000 2777.3601   12.6926
   -7.5000   -7.5000    7.5000 2836.4653   12.8324
    0.0000   -7.5000    7.5000 2856.3184   12.7031
    7.5000   -7.5000    7.5000 2823.6624   12.7869
   -7.5000    0.0000    7.5000 2885.5322   13.0947
    0.0000    0.0000    7.5000 2916.2532   13.0396
    7.5000    0.0000    7.5000 2870.1543   13.0354
   -7.5000    7.5000    7.5000 2922.2944   13.3966
    0.0000    7.5000    7.5000 2963.3564   13.3256
    7.5000    7.5000    7.5000 2897.6226   13.3490
   -7.5000   15.0000    7.5000 2914.8801   13.6847
    0.0000   15.0000    7.5000 2949.3091   13.5876
    7.5000   15.0000    7.5000 2882.4902   13.6889
   -7.5000   22.5000    7.5000 2847.8662   14.1707
    0.0000   22.5000    7.5000 2881.0752   14.0073
    7.5000   22.5000    7.5000 2827.6165   14.1917
   -7.5000   30.0000    7.5000 2744.8650   14.8979
    0.0000   30.0000    7.5000 2775.5247   14.7299
    7.5000   30.0000    7.5000 2730.9146   14.9780
   -7.5000   37.5000    7.5000 2628.7280   16.0261
    0.0000   37.5000    7.5000 2647.3589   15.8984
    7.5000   37.5000    7.5000 2616.6267   16.0982
   -7.5000   45.0000    7.5000 2494.8132   17.5997
    0.0000   45.0000    7.5000 2509.3467   17.5072
    7.5000   45.0000    7.5000 2478.8774   17.6721
   -7.5000  -45.0000   15.0000 2654.2793   13.7445
    0.0000  -45.0000   15.0000 2670.3518   13.4615
    7.5000  -45.0000   15.0000 2670.1992   13.6823
   -7.5000  -37.5000   15.0000 2662.6150   13.3935
    0.0000  -37.5000   15.0000 2680.6489   13.1477
    7.5000  -37.5000   15.0000 2678.3616   13.3365
   -7.5000  -30.0000   15.0000 2680.1409   13.1615
    0.0000  -30.0000   15.0000 2694.8152   12.9322
    7.5000  -30.0000   15.0000 2686.4592   13.0719
   -7.5000  -22.5000   15.0000 2714.5752   12.9819
    0.0000  -22.5000   15.0000 2728.9822   12.8359
    7.5000  -22.5000   15.0000 2711.7949   12.9094
   -7.5000  -15.0000   15.0000 2756.2812   12.9137
    0.0000  -15.0000   15.0000 2772.0078   12.7973
    7.5000  -15.0000   15.0000 2746.0288   12.8574
   -7.5000   -7.5000   15.0000 2811.6895   12.9728
    0.0000   -7.5000   15.0000 2834.0479   12.9002
    7.5000   -7.5000   15.0000 2797.8894   12.9258
   -7.5000    0.0000   15.0000 2863.6511   13.2439
    0.0000    0.0000   15.0000 2894.6396   13.1881
    7.5000    0.0000   15.0000 2846.6960   13.1999
   -7.5000    7.5000   15.0000 2898.7019   13.5635
    0.0000    7.5000   15.0000 2941.4016   13.4449
    7.5000    7.5000   15.0000 2879.5237   13.4811
   -7.5000   15.0000   15.0000 2896.0046   13.8487
    0.0000   15.0000   15.0000 2935.2812   13.6613
    7.5000   15.0000   15.0000 2869.3943   13.7977
   -7.5000   22.5000   15.0000 2834.3367   14.2509
    0.0000   22.5000   15.0000 2867.2014   14.0828
    7.5000   22.5000   15.0000 2809.5837   14.2808
   -7.5000   30.0000   15.0000 2734.1213   14.9444
    0.0000   30.0000   15.0000 2765.6772   14.8210
    7.5000   30.0000   15.0000 2718.9736   15.0154
   -7.5000   37.5000   15.0000 2614.2910   16.1183
    0.0000   37.5000   15.0000 2630.7234   15.9756
    7.5000   37.5000   15.0000 2600.0452   16.1300
   -7.5000   45.0000   15.0000 2480.7539   17.6503
    0.0000   45.0000   15.0000 2490.0737   17.5264
    7.5000   45.0000   15.0000 2465.1802   17.6929
   -7.5000  -45.0000   22.5000 2621.8298   14.2484
    0.0000  -45.0000   22.5000 2636.7678   14.0160
    7.5000  -45.0000   22.5000 2627.8110   14.1157
   -7.5000  -37.5000   22.5000 2630.4690   13.8522
    0.0000  -37.5000   22.5000 2648.9180   13.6218
    7.5000  -37.5000   22.5000 2639.2551   13.7799
   -7.5000  -30.0000   22.5000 2650.0652   13.5794
    0.0000  -30.0000   22.5000 2666.9727   13.3603
    7.5000  -30.0000   22.5000 2653.1313   13.5000
   -7.5000  -22.5000   22.5000 2680.1799   13.3877
    0.0000  -22.5000   22.5000 2694.1443   13.1934
    7.5000  -22.5000   22.5000 2675.6997   13.3072
   -7.5000  -15.0000   22.5000 2716.3689   13.2393
    0.0000  -15.0000   22.5000 2735.9131   13.0962
    7.5000  -15.0000   22.5000 2714.8293   13.1956
   -7.5000   -7.5000   22.5000 2774.8818   13.2436
    0.0000   -7.5000   22.5000 2794.5662   13.1219
    7.5000   -7.5000   22.5000 2765.0251   13.2491
   -7.5000    0.0000   22.5000 2826.2439   13.4571
    0.0000    0.0000   22.5000 2852.7693   13.2981
    7.5000    0.0000   22.5000 2814.9441   13.4640
   -7.5000    7.5000   22.5000 2853.4348   13.7286
    0.0000    7.5000   22.5000 2886.9592   13.5017
    7.5000    7.5000   22.5000 2837.8289   13.7388
   -7.5000   15.0000   22.5000 2843.5659   14.1022
    0.0000   15.0000   22.5000 2871.3066   13.8320
    7.5000   15.0000   22.5000 2824.8455   14.0956
   -7.5000   22.5000   22.5000 2784.3538   14.6095
    0.0000   22.5000   22.5000 2814.7419   14.4297
    7.5000   22.5000   22.5000 2769.6506   14.6613
   -7.5000   30.0000   22.5000 2699.8455   15.3893
    0.0000   30.0000   22.5000 2729.7949   15.2758
    7.5000   30.0000   22.5000 2683.5791   15.4521
   -7.5000   37.5000   22.5000 2582.8259   16.5220
    0.0000   37.5000   22.5000 2600.9133   16.3806
    7.5000   37.5000   22.5000 2567.4941   16.5309
   -7.5000   45.0000   22.5000 2450.2358   18.0082
    0.0000   45.0000   22.5000 2463.6025   17.9033
    7.5000   45.0000   22.5000 2435.6682   18.0832
   -7.5000  -45.0000   30.0000 2558.1003   14.9284
    0.0000  -45.0000   30.0000 2573.5413   14.6280
    7.5000  -45.0000   30.0000 2565.3535   14.7339
   -7.5000  -37.5000   30.0000 2573.3813   14.4655
    0.0000  -37.5000   30.0000 2593.4077   14.1613
    7.5000  -37.5000   30.0000 2583.2756   14.3387
   -7.5000  -30.0000   30.0000 2598.8679   14.1129
    0.0000  -30.0000   30.0000 2616.7017   13.8191
    7.5000  -30.0000   30.0000 2601.7039   14.0177
   -7.5000  -22.5000   30.0000 2627.3860   13.8752
    0.0000  -22.5000   30.0000 2648.9783   13.6195
    7.5000  -22.5000   30.0000 2628.5244   13.8109
   -7.5000  -15.0000   30.0000 2665.0059   13.7020
    0.0000  -15.0000   30.0000 2687.6694   13.5028
    7.5000  -15.0000   30.0000 2661.0371   13.6644
   -7.5000   -7.5000   30.0000 2721.6260   13.7240
    0.0000   -7.5000   30.0000 2739.9846   13.5377
    7.5000   -7.5000   30.0000 2714.5164   13.7299
   -7.5000    0.0000   30.0000 2766.4663   13.8627
    0.0000    0.0000   30.0000 2789.8237   13.6919
    7.5000    0.0000   30.0000 2754.0527   13.9123
   -7.5000    7.5000   30.0000 2784.4341   14.1182
    0.0000    7.5000   30.0000 2810.4219   13.8478
    7.5000    7.5000   30.0000 2775.6284   14.1183
   -7.5000   15.0000   30.0000 2768.6655   14.5403
    0.0000   15.0000   30.0000 2787.6104   14.3015
    7.5000   15.0000   30.0000 2755.2512   14.5501
   -7.5000   22.5000   30.0000 2716.1687   15.1125
    0.0000   22.5000   30.0000 2743.9348   14.9297
    7.5000   22.5000   30.0000 2705.1262   15.1655
   -7.5000   30.0000   30.0000 2636.0127   15.9699
    0.0000   30.0000   30.0000 2666.6709   15.8019
    7.5000   30.0000   30.0000 2618.7944   16.0191
   -7.5000   37.5000   30.0000 2533.3455   17.0702
    0.0000   37.5000   30.0000 2562.5066   16.9384
    7.5000   37.5000   30.0000 2522.3616   17.1406
   -7.5000   45.0000   30.0000 2406.5845   18.5349
    0.0000   45.0000   30.0000 2426.9778   18.4571
    7.5000   45.0000   30.0000 2397.0059   18.6411
   -7.5000  -45.0000   37.5000 2482.9065   15.6983
    0.0000  -45.0000   37.5000 2494.9290   15.3233
    7.5000  -45.0000   37.5000 2491.3682   15.4466
   -7.5000  -37.5000   37.5000 2504.4695   15.1706
    0.0000  -37.5000   37.5000 2523.1973   14.8194
    7.5000  -37.5000   37.5000 2518.9990   15.0060
   -7.5000  -30.0000   37.5000 2530.9343   14.8133
    0.0000  -30.0000   37.5000 2551.2529   14.4412
    7.5000  -30.0000   37.5000 2541.0742   14.6639
   -7.5000  -22.5000   37.5000 2564.8618   14.5332
    0.0000  -22.5000   37.5000 2586.3809   14.1951
    7.5000  -22.5000   37.5000 2566.8137   14.3974
   -7.5000  -15.0000   37.5000 2606.2070   14.3681
    0.0000  -15.0000   37.5000 2630.1602   14.0780
    7.5000  -15.0000   37.5000 2602.4629   14.2821
   -7.5000   -7.5000   37.5000 2647.7900   14.3488
    0.0000   -7.5000   37.5000 2675.4409   14.1257
    7.5000   -7.5000   37.5000 2642.9790   14.3346
   -7.5000    0.0000   37.5000 2684.9751   14.4716
    0.0000    0.0000   37.5000 2713.7881   14.2681
    7.5000    0.0000   37.5000 2680.4016   14.4812
   -7.5000    7.5000   37.5000 2704.1709   14.7411
    0.0000    7.5000   37.5000 2726.7942   14.5197
    7.5000    7.5000   37.5000 2692.6143   14.7444
   -7.5000   15.0000   37.5000 2682.7046   15.2209
    0.0000   15.0000   37.5000 2697.8088   15.0214
    7.5000   15.0000   37.5000 2673.2249   15.2574
   -7.5000   22.5000   37.5000 2627.5515   15.8493
    0.0000   22.5000   37.5000 2650.3960   15.6466
    7.5000   22.5000   37.5000 2618.4128   15.8960
   -7.5000   30.0000   37.5000 2556.4253   16.7119
    0.0000   30.0000   37.5000 2588.7671   16.5428
    7.5000   30.0000   37.5000 2543.4238   16.7630
   -7.5000   37.5000   37.5000 2473.8142   17.7879
    0.0000   37.5000   37.5000 2499.6003   17.6592
    7.5000   37.5000   37.5000 2455.3784   17.8599
   -7.5000   45.0000   37.5000 2360.4897   19.2708
    0.0000   45.0000   37.5000 2373.1729   19.1704
    7.5000   45.0000   37.5000 2340.9509   19.3225
   -7.5000  -45.0000   45.0000 2405.2490   16.6541
    0.0000  -45.0000   45.0000 2418.5425   16.2754
    7.5000  -45.0000   45.0000 2409.7527   16.3992
   -7.5000  -37.5000   45.0000 2434.5791   16.1309
    0.0000  -37.5000   45.0000 2449.3977   15.7202
    7.5000  -37.5000   45.0000 2443.9290   15.8853
   -7.5000  -30.0000   45.0000 2466.9277   15.6945
    0.0000  -30.0000   45.0000 2485.5278   15.3104
    7.5000  -30.0000   45.0000 2471.0793   15.4604
   -7.5000  -22.5000   45.0000 2503.9270   15.3693
    0.0000  -22.5000   45.0000 2521.9282   15.0010
    7.5000  -22.5000   45.0000 2502.4976   15.1882
   -7.5000  -15.0000   45.0000 2538.7827   15.2092
    0.0000  -15.0000   45.0000 2558.1414   14.8907
    7.5000  -15.0000   45.0000 2530.7549   15.0796
   -7.5000   -7.5000   45.0000 2570.2412   15.1930
    0.0000   -7.5000   45.0000 2595.1038   14.9312
    7.5000   -7.5000   45.0000 2565.3149   15.1067
   -7.5000    0.0000   45.0000 2594.3188   15.3265
    0.0000    0.0000   45.0000 2619.5637   15.1029
    7.5000    0.0000   45.0000 2589.5359   15.2998
   -7.5000    7.5000   45.0000 2608.4688   15.6437
    0.0000    7.5000   45.0000 2628.7344   15.4686
    7.5000    7.5000   45.0000 2595.9065   15.6190
   -7.5000   15.0000   45.0000 2585.2722   16.1698
    0.0000   15.0000   45.0000 2604.4084   16.0300
    7.5000   15.0000   45.0000 2576.4719   16.1685
   -7.5000   22.5000   45.0000 2537.0850   16.8422
    0.0000   22.5000   45.0000 2558.0122   16.7010
    7.5000   22.5000   45.0000 2529.7874   16.8734
   -7.5000   30.0000   45.0000 2469.5225   17.6860
    0.0000   30.0000   45.0000 2498.1357   17.5656
    7.5000   30.0000   45.0000 2460.7854   17.7575
   -7.5000   37.5000   45.0000 2399.0918   18.6937
    0.0000   37.5000   45.0000 2426.0317   18.6040
    7.5000   37.5000   45.0000 2384.9807   18.7738
   -7.5000   45.0000   45.0000 2291.7847   20.1241
    0.0000   45.0000   45.0000 2309.9651   19.9869
    7.5000   45.0000   45.0000 2274.1140   20.1572

---------------------------------------------------------------------
imgreg_4dfp /opt/freesurfer/average/711-2C_as_mni_average_305 /opt/freesurfer/average/711-2B_as_mni_average_305_mask talsrcimg_g11 none talsrcimg_to_711-2C_as_mni_average_305_t4 1283
---------------------------------------------------------------------

freesurfer imgreg_4dfp.c
/opt/freesurfer/average/711-2C_as_mni_average_305.4dfp.img
       256       256       256         1
  1.000000  1.000000  1.000000
orientation T byte_order littleendian
Reading image: /opt/freesurfer/average/711-2C_as_mni_average_305.4dfp.img
dimensions:      256       256       256
mmppix:       1.0000   -1.0000   -1.0000
center:     128.0000 -129.0000 -129.0000
/opt/freesurfer/average/711-2B_as_mni_average_305_mask.4dfp.img
       256       256       256         1
  1.000000  1.000000  1.000000
orientation T byte_order littleendian
Reading mask: /opt/freesurfer/average/711-2B_as_mni_average_305_mask.4dfp.img (2306576 pixels)
talsrcimg_g11.4dfp.img
       256       256       256         1
  1.000000  1.000000  1.000000
orientation T byte_order littleendian
Reading image: talsrcimg_g11.4dfp.img
dimensions:      256       256       256
mmppix:       1.0000   -1.0000   -1.0000
center:     128.0000 -129.0000 -129.0000
rotation matrix determinant  1.000000
fimgreg.f
image alignment mode   1283 decimal      503 hex
parameters
    0.0000    7.5000    7.5000    0.0000    0.0000    0.0000
eta,q 0.92939 13.34983
niter,ni,del,rscale     5    3   12.0000    1.2000
parameter  4  0.773281 ->  0.500000 qaram    1.1500
parameters
   -0.9980   10.3485    9.1008   -3.4500   -0.6820    1.9251
eta,q 0.93987 13.51175
  0.0783  0.0837  0.0828  0.0612  0.0665  0.0672
  0.0711  0.0796  0.0786  0.0613  0.0629  0.0644
  0.0687  0.0744  0.0722  0.0622  0.0612  0.0623
  0.0703  0.0694  0.0666  0.0647  0.0614  0.0609
  0.0729  0.0667  0.0645  0.0697  0.0624  0.0601
  0.0774  0.0674  0.0679  0.0754  0.0648  0.0602
  0.0850  0.0712  0.0736  0.0826  0.0698  0.0626
niter,ni,del,rscale     5    3   12.0000    1.2000
parameters
   -0.8803   11.0352    8.3082   -6.8175   -1.1269    2.5347
eta,q 0.94377 13.41047
  0.0759  0.0750  0.0705  0.0596  0.0637  0.0625
  0.0660  0.0679  0.0644  0.0576  0.0591  0.0606
  0.0606  0.0625  0.0602  0.0568  0.0569  0.0588
  0.0601  0.0602  0.0599  0.0595  0.0568  0.0567
  0.0622  0.0604  0.0643  0.0628  0.0575  0.0559
  0.0668  0.0643  0.0701  0.0683  0.0604  0.0581
  0.0730  0.0695  0.0755  0.0748  0.0666  0.0617
niter,ni,del,rscale     4    3   12.0000    1.2000
parameters
   -0.8217   13.2665    7.6497   -9.3983   -1.4902    1.9156
eta,q 0.94493 13.36122
  0.0733  0.0729  0.0668  0.0569  0.0612  0.0580
  0.0640  0.0678  0.0599  0.0559  0.0566  0.0568
  0.0579  0.0619  0.0554  0.0545  0.0544  0.0562
  0.0562  0.0563  0.0555  0.0550  0.0546  0.0545
  0.0585  0.0554  0.0603  0.0580  0.0553  0.0543
  0.0642  0.0574  0.0656  0.0639  0.0574  0.0571
  0.0720  0.0601  0.0696  0.0710  0.0635  0.0618
niter,ni,del,rscale     3    3   12.0000    1.2000
parameters
   -0.8440   14.3995    6.4739  -12.1233   -1.5980    1.3362
eta,q 0.94679 13.40683
  0.0708  0.0697  0.0628  0.0545  0.0609  0.0570
  0.0608  0.0622  0.0565  0.0531  0.0564  0.0541
  0.0552  0.0572  0.0531  0.0531  0.0539  0.0533
  0.0551  0.0551  0.0546  0.0531  0.0531  0.0530
  0.0571  0.0547  0.0594  0.0559  0.0543  0.0533
  0.0618  0.0570  0.0642  0.0596  0.0568  0.0555
  0.0699  0.0615  0.0693  0.0664  0.0614  0.0594
niter,ni,del,rscale     2    3   12.0000    1.2000
parameters
   -0.8333   15.2042    5.9933  -12.8194   -1.6447    1.3730
eta,q 0.94761 13.41350
  0.0712  0.0675  0.0640  0.0579  0.0606  0.0576
  0.0598  0.0611  0.0569  0.0544  0.0557  0.0544
  0.0535  0.0560  0.0531  0.0524  0.0530  0.0528
  0.0532  0.0532  0.0529  0.0527  0.0524  0.0524
  0.0554  0.0534  0.0554  0.0537  0.0538  0.0523
  0.0610  0.0565  0.0604  0.0563  0.0562  0.0541
  0.0696  0.0619  0.0672  0.0604  0.0604  0.0577
niter,ni,del,rscale     1    3   12.0000    1.2000
parameters
   -0.7985   15.3442    5.9635  -12.8206   -1.6518    1.3705
eta,q 0.94760 13.41501
  0.0703  0.0648  0.0652  0.0593  0.0607  0.0575
  0.0589  0.0592  0.0581  0.0553  0.0557  0.0544
  0.0528  0.0545  0.0537  0.0528  0.0530  0.0529
  0.0524  0.0524  0.0524  0.0524  0.0524  0.0524
  0.0541  0.0536  0.0537  0.0534  0.0537  0.0523
  0.0598  0.0577  0.0584  0.0555  0.0561  0.0541
  0.0686  0.0643  0.0653  0.0590  0.0602  0.0579
registration optimization eta report
parameter search radius
    6.0000    6.0000    6.0000    6.9000    6.0000    6.0000
100000*second partial in parameter space
       49.       33.       36.       14.       22.       15.
  0.0703  0.0648  0.0652  0.0593  0.0607  0.0575
  0.0589  0.0592  0.0581  0.0553  0.0557  0.0544
  0.0528  0.0545  0.0537  0.0528  0.0530  0.0529
  0.0524  0.0524  0.0524  0.0524  0.0524  0.0524
  0.0541  0.0536  0.0537  0.0534  0.0537  0.0523
  0.0598  0.0577  0.0584  0.0555  0.0561  0.0541
  0.0686  0.0643  0.0653  0.0590  0.0602  0.0579
   -0.7985   15.3442    5.9635  -12.8206   -1.6518    1.3705
eta,q 0.94760 13.41501

---------------------------------------------------------------------
imgreg_4dfp /opt/freesurfer/average/711-2C_as_mni_average_305 /opt/freesurfer/average/711-2B_as_mni_average_305_mask talsrcimg_g11 none talsrcimg_to_711-2C_as_mni_average_305_t4 3335
---------------------------------------------------------------------

freesurfer imgreg_4dfp.c
/opt/freesurfer/average/711-2C_as_mni_average_305.4dfp.img
       256       256       256         1
  1.000000  1.000000  1.000000
orientation T byte_order littleendian
Reading image: /opt/freesurfer/average/711-2C_as_mni_average_305.4dfp.img
dimensions:      256       256       256
mmppix:       1.0000   -1.0000   -1.0000
center:     128.0000 -129.0000 -129.0000
/opt/freesurfer/average/711-2B_as_mni_average_305_mask.4dfp.img
       256       256       256         1
  1.000000  1.000000  1.000000
orientation T byte_order littleendian
Reading mask: /opt/freesurfer/average/711-2B_as_mni_average_305_mask.4dfp.img (2306576 pixels)
talsrcimg_g11.4dfp.img
       256       256       256         1
  1.000000  1.000000  1.000000
orientation T byte_order littleendian
Reading image: talsrcimg_g11.4dfp.img
dimensions:      256       256       256
mmppix:       1.0000   -1.0000   -1.0000
center:     128.0000 -129.0000 -129.0000
fimgreg.f
image alignment mode   3335 decimal      D07 hex
parameters
   -0.7985   15.3442    5.9635   -0.0701   -2.5362   -2.5336
   -2.9716    2.2791    2.3908   22.2508   -2.8825  -22.1807
eta,q 0.95096 13.33470
niter,ni,del,rscale     5    3    5.0000    1.2000
parameter  4  2.114823 ->  0.500000 qaram    1.1500
parameter  5  2.851541 ->  0.500000 qaram    1.1500
parameter 12 -0.788776 -> -0.500000 qaram    1.1500
parameters
   -0.9778   16.0914    6.1196   -4.2101   -6.6762   -5.2129
   -1.9362    2.2600    3.4041   21.0215   -0.6562  -18.0407
eta,q 0.96418 13.21963
  0.0519  0.0526  0.0516  0.0411  0.0352  0.0391  0.0425  0.0439  0.0409  0.0402  0.0401  0.0424
  0.0502  0.0509  0.0501  0.0424  0.0371  0.0383  0.0401  0.0406  0.0392  0.0382  0.0388  0.0403
  0.0493  0.0498  0.0492  0.0451  0.0398  0.0374  0.0383  0.0382  0.0379  0.0372  0.0378  0.0384
  0.0490  0.0490  0.0488  0.0488  0.0430  0.0377  0.0374  0.0373  0.0373  0.0373  0.0371  0.0370
  0.0495  0.0488  0.0490  0.0528  0.0466  0.0398  0.0375  0.0381  0.0374  0.0383  0.0370  0.0361
  0.0509  0.0491  0.0497  0.0568  0.0503  0.0434  0.0385  0.0405  0.0381  0.0403  0.0372  0.0358
  0.0530  0.0499  0.0509  0.0612  0.0542  0.0479  0.0403  0.0442  0.0393  0.0428  0.0379  0.0358
niter,ni,del,rscale     7    3    5.0000    1.2000
parameter  4  0.589682 ->  0.500000 qaram    1.3225
parameter  5  0.843103 ->  0.500000 qaram    1.3225
parameters
   -0.9782   16.0488    5.6616   -8.9711  -11.4372   -6.2267
   -1.7439    1.9198    3.9501   20.1554   -1.1448  -17.5509
eta,q 0.96775 12.79495
  0.0408  0.0390  0.0373  0.0350  0.0321  0.0342  0.0360  0.0371  0.0349  0.0349  0.0333  0.0349
  0.0381  0.0373  0.0363  0.0345  0.0321  0.0331  0.0341  0.0344  0.0337  0.0333  0.0327  0.0335
  0.0364  0.0362  0.0358  0.0345  0.0328  0.0326  0.0328  0.0327  0.0327  0.0325  0.0323  0.0326
  0.0358  0.0358  0.0358  0.0357  0.0345  0.0322  0.0323  0.0323  0.0323  0.0323  0.0323  0.0323
  0.0364  0.0362  0.0364  0.0386  0.0369  0.0324  0.0326  0.0330  0.0324  0.0329  0.0325  0.0324
  0.0381  0.0374  0.0375  0.0426  0.0402  0.0338  0.0338  0.0349  0.0331  0.0345  0.0329  0.0332
  0.0408  0.0393  0.0391  0.0469  0.0439  0.0366  0.0357  0.0382  0.0343  0.0366  0.0336  0.0343
niter,ni,del,rscale     7    3    5.0000    1.2000
parameters
   -0.9560   15.9058    5.9957  -10.0144  -14.8152   -6.3631
   -1.9470    1.9532    3.7118   19.9121   -0.8548  -17.2093
eta,q 0.96799 12.49617
  0.0368  0.0352  0.0350  0.0357  0.0333  0.0343  0.0353  0.0371  0.0341  0.0351  0.0333  0.0344
  0.0344  0.0336  0.0336  0.0337  0.0324  0.0329  0.0335  0.0344  0.0330  0.0332  0.0326  0.0332
  0.0328  0.0326  0.0327  0.0325  0.0320  0.0323  0.0324  0.0326  0.0322  0.0323  0.0322  0.0323
  0.0322  0.0322  0.0323  0.0322  0.0322  0.0320  0.0320  0.0320  0.0320  0.0320  0.0320  0.0320
  0.0327  0.0327  0.0323  0.0327  0.0335  0.0321  0.0325  0.0325  0.0324  0.0325  0.0321  0.0323
  0.0342  0.0340  0.0328  0.0347  0.0359  0.0327  0.0338  0.0342  0.0331  0.0337  0.0325  0.0330
  0.0367  0.0361  0.0338  0.0383  0.0392  0.0348  0.0357  0.0370  0.0343  0.0354  0.0331  0.0340
niter,ni,del,rscale     6    3    5.0000    1.2000
parameters
   -0.9834   16.0538    6.3726  -10.2741  -15.3615   -6.1230
   -1.9258    1.9622    3.5500   19.9133   -0.8709  -17.0341
eta,q 0.96807 12.45260
  0.0363  0.0354  0.0346  0.0358  0.0348  0.0345  0.0355  0.0369  0.0341  0.0353  0.0332  0.0343
  0.0339  0.0337  0.0333  0.0336  0.0331  0.0330  0.0336  0.0343  0.0329  0.0333  0.0325  0.0330
  0.0325  0.0325  0.0324  0.0324  0.0322  0.0323  0.0324  0.0325  0.0322  0.0322  0.0320  0.0322
  0.0320  0.0320  0.0320  0.0319  0.0319  0.0320  0.0319  0.0319  0.0319  0.0319  0.0319  0.0319
  0.0325  0.0322  0.0320  0.0322  0.0323  0.0320  0.0323  0.0325  0.0323  0.0324  0.0321  0.0322
  0.0340  0.0331  0.0325  0.0336  0.0335  0.0325  0.0336  0.0342  0.0331  0.0335  0.0325  0.0330
  0.0365  0.0347  0.0334  0.0367  0.0358  0.0343  0.0354  0.0370  0.0343  0.0351  0.0332  0.0339
niter,ni,del,rscale     5    3    5.0000    1.2000
parameters
   -0.9748   16.1085    6.4675  -10.3009  -15.3996   -6.1000
   -1.9158    1.9707    3.5173   19.9120   -0.8961  -16.9840
eta,q 0.96808 12.44908
  0.0363  0.0351  0.0341  0.0360  0.0351  0.0343  0.0354  0.0369  0.0342  0.0353  0.0332  0.0342
  0.0339  0.0335  0.0330  0.0337  0.0333  0.0329  0.0336  0.0343  0.0330  0.0333  0.0325  0.0329
  0.0324  0.0324  0.0322  0.0324  0.0323  0.0322  0.0324  0.0325  0.0322  0.0322  0.0320  0.0321
  0.0319  0.0319  0.0319  0.0319  0.0319  0.0319  0.0319  0.0319  0.0319  0.0319  0.0319  0.0319
  0.0324  0.0322  0.0321  0.0321  0.0322  0.0320  0.0323  0.0325  0.0323  0.0324  0.0321  0.0323
  0.0339  0.0332  0.0328  0.0334  0.0332  0.0326  0.0336  0.0342  0.0330  0.0335  0.0325  0.0330
  0.0363  0.0349  0.0338  0.0363  0.0354  0.0345  0.0354  0.0370  0.0342  0.0351  0.0332  0.0340
niter,ni,del,rscale     4    3    5.0000    1.2000
parameters
   -0.9715   16.1143    6.4809  -10.3038  -15.4012   -6.0959
   -1.9153    1.9748    3.5142   19.9102   -0.8989  -16.9782
eta,q 0.96807 12.44890
  0.0363  0.0350  0.0340  0.0360  0.0352  0.0343  0.0354  0.0369  0.0342  0.0353  0.0332  0.0342
  0.0339  0.0334  0.0329  0.0337  0.0333  0.0329  0.0336  0.0343  0.0330  0.0333  0.0325  0.0329
  0.0324  0.0323  0.0322  0.0324  0.0323  0.0322  0.0324  0.0325  0.0322  0.0322  0.0320  0.0321
  0.0319  0.0319  0.0319  0.0319  0.0319  0.0319  0.0319  0.0319  0.0319  0.0319  0.0319  0.0319
  0.0324  0.0323  0.0322  0.0321  0.0322  0.0320  0.0323  0.0325  0.0322  0.0324  0.0321  0.0323
  0.0339  0.0333  0.0328  0.0334  0.0332  0.0326  0.0336  0.0342  0.0330  0.0335  0.0325  0.0331
  0.0363  0.0350  0.0339  0.0363  0.0353  0.0345  0.0354  0.0370  0.0342  0.0351  0.0332  0.0340
registration optimization eta report
parameter search radius
    2.4000    2.4000    2.4000    9.5220    9.5220    7.2000
    7.2000    7.2000    7.2000    7.2000    7.2000    8.2800
100000*second partial in parameter space
       75.       54.       35.        5.        4.        5.
        7.       10.        4.        6.        2.        3.
  0.0363  0.0350  0.0340  0.0360  0.0352  0.0343  0.0354  0.0369  0.0342  0.0353  0.0332  0.0342
  0.0339  0.0334  0.0329  0.0337  0.0333  0.0329  0.0336  0.0343  0.0330  0.0333  0.0325  0.0329
  0.0324  0.0323  0.0322  0.0324  0.0323  0.0322  0.0324  0.0325  0.0322  0.0322  0.0320  0.0321
  0.0319  0.0319  0.0319  0.0319  0.0319  0.0319  0.0319  0.0319  0.0319  0.0319  0.0319  0.0319
  0.0324  0.0323  0.0322  0.0321  0.0322  0.0320  0.0323  0.0325  0.0322  0.0324  0.0321  0.0323
  0.0339  0.0333  0.0328  0.0334  0.0332  0.0326  0.0336  0.0342  0.0330  0.0335  0.0325  0.0331
  0.0363  0.0350  0.0339  0.0363  0.0353  0.0345  0.0354  0.0370  0.0342  0.0351  0.0332  0.0340
   -0.9715   16.1143    6.4809  -10.3038  -15.4012   -6.0959
   -1.9153    1.9748    3.5142   19.9102   -0.8989  -16.9782
eta,q 0.96807 12.44890

---------------------------------------------------------------------
imgreg_4dfp /opt/freesurfer/average/711-2C_as_mni_average_305 /opt/freesurfer/average/711-2B_as_mni_average_305_mask talsrcimg_g11 none talsrcimg_to_711-2C_as_mni_average_305_t4 2311
---------------------------------------------------------------------

freesurfer imgreg_4dfp.c
/opt/freesurfer/average/711-2C_as_mni_average_305.4dfp.img
       256       256       256         1
  1.000000  1.000000  1.000000
orientation T byte_order littleendian
Reading image: /opt/freesurfer/average/711-2C_as_mni_average_305.4dfp.img
dimensions:      256       256       256
mmppix:       1.0000   -1.0000   -1.0000
center:     128.0000 -129.0000 -129.0000
/opt/freesurfer/average/711-2B_as_mni_average_305_mask.4dfp.img
       256       256       256         1
  1.000000  1.000000  1.000000
orientation T byte_order littleendian
Reading mask: /opt/freesurfer/average/711-2B_as_mni_average_305_mask.4dfp.img (2306576 pixels)
talsrcimg_g11.4dfp.img
       256       256       256         1
  1.000000  1.000000  1.000000
orientation T byte_order littleendian
Reading image: talsrcimg_g11.4dfp.img
dimensions:      256       256       256
mmppix:       1.0000   -1.0000   -1.0000
center:     128.0000 -129.0000 -129.0000
fimgreg.f
image alignment mode   2311 decimal      907 hex
parameters
   -0.9715   16.1143    6.4809  -10.3038  -15.4012   -6.0959
   -1.9153    1.9748    3.5142   19.9102   -0.8989  -16.9782
eta,q 0.96807 12.44890
niter,ni,del,rscale     5    3    5.0000    0.8000
parameters
   -0.9638   16.1357    6.4692   -9.7563  -15.0239   -5.4011
   -1.8336    2.0421    3.5926   19.9789   -0.9089  -17.3482
eta,q 0.96815 12.56050
  0.0339  0.0334  0.0328  0.0330  0.0327  0.0329  0.0335  0.0342  0.0330  0.0334  0.0324  0.0325
  0.0328  0.0326  0.0323  0.0324  0.0323  0.0324  0.0326  0.0329  0.0324  0.0325  0.0321  0.0321
  0.0322  0.0321  0.0320  0.0321  0.0320  0.0321  0.0321  0.0321  0.0320  0.0320  0.0319  0.0319
  0.0319  0.0319  0.0319  0.0319  0.0319  0.0319  0.0319  0.0319  0.0318  0.0319  0.0319  0.0319
  0.0321  0.0321  0.0320  0.0319  0.0319  0.0319  0.0320  0.0321  0.0320  0.0320  0.0319  0.0320
  0.0328  0.0325  0.0324  0.0321  0.0321  0.0320  0.0325  0.0328  0.0324  0.0325  0.0321  0.0323
  0.0339  0.0333  0.0329  0.0326  0.0325  0.0325  0.0335  0.0340  0.0329  0.0333  0.0324  0.0328
niter,ni,del,rscale     4    3    5.0000    0.7000
parameters
   -0.9518   16.0928    6.4866   -9.4629  -14.8199   -5.1131
   -1.7947    2.0620    3.6369   20.0752   -0.9355  -17.3310
eta,q 0.96818 12.60999
  0.0334  0.0329  0.0326  0.0326  0.0324  0.0325  0.0331  0.0335  0.0327  0.0330  0.0323  0.0324
  0.0325  0.0323  0.0322  0.0322  0.0321  0.0322  0.0324  0.0326  0.0322  0.0324  0.0320  0.0321
  0.0320  0.0320  0.0319  0.0320  0.0319  0.0320  0.0320  0.0320  0.0319  0.0320  0.0318  0.0319
  0.0318  0.0318  0.0318  0.0318  0.0318  0.0318  0.0318  0.0318  0.0318  0.0318  0.0318  0.0318
  0.0320  0.0320  0.0319  0.0319  0.0319  0.0318  0.0319  0.0320  0.0319  0.0319  0.0319  0.0319
  0.0325  0.0324  0.0322  0.0320  0.0320  0.0320  0.0324  0.0325  0.0322  0.0323  0.0320  0.0321
  0.0333  0.0331  0.0326  0.0324  0.0323  0.0324  0.0331  0.0335  0.0327  0.0329  0.0322  0.0324
niter,ni,del,rscale     3    3    5.0000    0.6000
parameters
   -0.9457   16.0743    6.4950   -9.2595  -14.6628   -4.8204
   -1.7601    2.0880    3.6799   20.1767   -0.9460  -17.3444
eta,q 0.96820 12.65120
  0.0329  0.0326  0.0324  0.0323  0.0322  0.0324  0.0328  0.0331  0.0325  0.0327  0.0321  0.0322
  0.0323  0.0322  0.0321  0.0321  0.0320  0.0321  0.0322  0.0323  0.0321  0.0322  0.0319  0.0320
  0.0319  0.0319  0.0319  0.0319  0.0319  0.0319  0.0319  0.0319  0.0319  0.0319  0.0318  0.0318
  0.0318  0.0318  0.0318  0.0318  0.0318  0.0318  0.0318  0.0318  0.0318  0.0318  0.0318  0.0318
  0.0319  0.0319  0.0319  0.0318  0.0318  0.0318  0.0319  0.0319  0.0319  0.0319  0.0318  0.0318
  0.0323  0.0322  0.0321  0.0320  0.0320  0.0320  0.0322  0.0323  0.0321  0.0321  0.0319  0.0320
  0.0329  0.0327  0.0324  0.0323  0.0322  0.0323  0.0327  0.0330  0.0324  0.0326  0.0321  0.0322
niter,ni,del,rscale     2    3    5.0000    0.5000
parameters
   -0.9435   16.0640    6.5141   -9.0394  -14.4941   -4.5326
   -1.7311    2.1081    3.6956   20.3111   -0.9634  -17.2880
eta,q 0.96822 12.69238
  0.0326  0.0324  0.0322  0.0322  0.0321  0.0322  0.0324  0.0326  0.0322  0.0324  0.0320  0.0321
  0.0321  0.0321  0.0320  0.0320  0.0319  0.0320  0.0321  0.0322  0.0320  0.0321  0.0319  0.0319
  0.0319  0.0319  0.0318  0.0319  0.0318  0.0319  0.0319  0.0319  0.0318  0.0319  0.0318  0.0318
  0.0318  0.0318  0.0318  0.0318  0.0318  0.0318  0.0318  0.0318  0.0318  0.0318  0.0318  0.0318
  0.0319  0.0319  0.0318  0.0318  0.0318  0.0318  0.0318  0.0319  0.0318  0.0318  0.0318  0.0318
  0.0321  0.0321  0.0320  0.0319  0.0319  0.0319  0.0321  0.0321  0.0320  0.0320  0.0319  0.0319
  0.0326  0.0324  0.0322  0.0321  0.0321  0.0321  0.0324  0.0326  0.0322  0.0323  0.0320  0.0321
niter,ni,del,rscale     1    3    5.0000    0.4000
parameters
   -0.9420   16.0500    6.5400   -8.8151  -14.3082   -4.2800
   -1.7146    2.1203    3.7245   20.4523   -0.9676  -17.2529
eta,q 0.96824 12.73217
  0.0323  0.0322  0.0320  0.0320  0.0320  0.0321  0.0322  0.0323  0.0321  0.0322  0.0319  0.0320
  0.0320  0.0319  0.0319  0.0319  0.0319  0.0319  0.0320  0.0320  0.0319  0.0320  0.0318  0.0319
  0.0318  0.0318  0.0318  0.0318  0.0318  0.0318  0.0318  0.0318  0.0318  0.0318  0.0318  0.0318
  0.0318  0.0318  0.0318  0.0318  0.0318  0.0318  0.0318  0.0318  0.0318  0.0318  0.0318  0.0318
  0.0318  0.0318  0.0318  0.0318  0.0318  0.0318  0.0318  0.0318  0.0318  0.0318  0.0318  0.0318
  0.0320  0.0320  0.0319  0.0318  0.0318  0.0319  0.0320  0.0320  0.0319  0.0319  0.0318  0.0318
  0.0323  0.0322  0.0320  0.0320  0.0319  0.0320  0.0322  0.0323  0.0321  0.0321  0.0319  0.0320
registration optimization eta report
parameter search radius
    0.8000    0.8000    0.8000    2.4000    2.4000    2.4000
    2.4000    2.4000    2.4000    2.4000    2.4000    2.4000
100000*second partial in parameter space
       78.       61.       39.        4.        3.        4.
        7.        9.        5.        7.        3.        3.
  0.0323  0.0322  0.0320  0.0320  0.0320  0.0321  0.0322  0.0323  0.0321  0.0322  0.0319  0.0320
  0.0320  0.0319  0.0319  0.0319  0.0319  0.0319  0.0320  0.0320  0.0319  0.0320  0.0318  0.0319
  0.0318  0.0318  0.0318  0.0318  0.0318  0.0318  0.0318  0.0318  0.0318  0.0318  0.0318  0.0318
  0.0318  0.0318  0.0318  0.0318  0.0318  0.0318  0.0318  0.0318  0.0318  0.0318  0.0318  0.0318
  0.0318  0.0318  0.0318  0.0318  0.0318  0.0318  0.0318  0.0318  0.0318  0.0318  0.0318  0.0318
  0.0320  0.0320  0.0319  0.0318  0.0318  0.0319  0.0320  0.0320  0.0319  0.0319  0.0318  0.0318
  0.0323  0.0322  0.0320  0.0320  0.0319  0.0320  0.0322  0.0323  0.0321  0.0321  0.0319  0.0320
   -0.9420   16.0500    6.5400   -8.8151  -14.3082   -4.2800
   -1.7146    2.1203    3.7245   20.4523   -0.9676  -17.2529
eta,q 0.96824 12.73217

---------------------------------------------------------------------
imgreg_4dfp /opt/freesurfer/average/711-2C_as_mni_average_305 /opt/freesurfer/average/711-2B_as_mni_average_305_mask talsrcimg_g11 none talsrcimg_to_711-2C_as_mni_average_305_t4 2311
---------------------------------------------------------------------

freesurfer imgreg_4dfp.c
/opt/freesurfer/average/711-2C_as_mni_average_305.4dfp.img
       256       256       256         1
  1.000000  1.000000  1.000000
orientation T byte_order littleendian
Reading image: /opt/freesurfer/average/711-2C_as_mni_average_305.4dfp.img
dimensions:      256       256       256
mmppix:       1.0000   -1.0000   -1.0000
center:     128.0000 -129.0000 -129.0000
/opt/freesurfer/average/711-2B_as_mni_average_305_mask.4dfp.img
       256       256       256         1
  1.000000  1.000000  1.000000
orientation T byte_order littleendian
Reading mask: /opt/freesurfer/average/711-2B_as_mni_average_305_mask.4dfp.img (2306576 pixels)
talsrcimg_g11.4dfp.img
       256       256       256         1
  1.000000  1.000000  1.000000
orientation T byte_order littleendian
Reading image: talsrcimg_g11.4dfp.img
dimensions:      256       256       256
mmppix:       1.0000   -1.0000   -1.0000
center:     128.0000 -129.0000 -129.0000
fimgreg.f
image alignment mode   2311 decimal      907 hex
parameters
   -0.9420   16.0500    6.5400   -8.8151  -14.3082   -4.2800
   -1.7146    2.1203    3.7245   20.4523   -0.9676  -17.2529
eta,q 0.96824 12.73217
niter,ni,del,rscale     5    3    5.0000    0.8000
parameters
   -0.9413   16.0279    6.5405   -9.1713  -14.4846   -4.9507
   -1.8025    2.0823    3.7612   20.1076   -0.8959  -17.2118
eta,q 0.96820 12.65567
  0.0338  0.0332  0.0327  0.0326  0.0325  0.0326  0.0334  0.0340  0.0329  0.0331  0.0324  0.0326
  0.0327  0.0324  0.0322  0.0322  0.0321  0.0322  0.0325  0.0328  0.0323  0.0324  0.0321  0.0322
  0.0320  0.0319  0.0319  0.0319  0.0319  0.0319  0.0320  0.0320  0.0319  0.0319  0.0319  0.0319
  0.0318  0.0318  0.0318  0.0318  0.0318  0.0318  0.0318  0.0318  0.0318  0.0318  0.0318  0.0318
  0.0320  0.0320  0.0319  0.0318  0.0318  0.0319  0.0320  0.0320  0.0319  0.0320  0.0319  0.0319
  0.0327  0.0325  0.0322  0.0323  0.0321  0.0323  0.0326  0.0328  0.0323  0.0326  0.0320  0.0321
  0.0338  0.0333  0.0328  0.0331  0.0327  0.0336  0.0335  0.0341  0.0329  0.0335  0.0323  0.0326
niter,ni,del,rscale     4    3    5.0000    0.7000
parameters
   -0.9458   16.0352    6.4899   -9.2452  -14.6126   -4.9893
   -1.7886    2.0914    3.7058   20.1130   -0.9019  -17.2745
eta,q 0.96820 12.64240
  0.0333  0.0329  0.0325  0.0325  0.0323  0.0325  0.0331  0.0335  0.0326  0.0329  0.0322  0.0324
  0.0325  0.0323  0.0321  0.0321  0.0320  0.0322  0.0324  0.0326  0.0322  0.0323  0.0320  0.0321
  0.0320  0.0320  0.0319  0.0319  0.0319  0.0319  0.0320  0.0320  0.0319  0.0320  0.0318  0.0319
  0.0318  0.0318  0.0318  0.0318  0.0318  0.0318  0.0318  0.0318  0.0318  0.0318  0.0318  0.0318
  0.0320  0.0319  0.0319  0.0318  0.0319  0.0319  0.0319  0.0320  0.0319  0.0319  0.0319  0.0319
  0.0325  0.0323  0.0322  0.0321  0.0321  0.0321  0.0324  0.0325  0.0322  0.0323  0.0320  0.0321
  0.0333  0.0329  0.0326  0.0326  0.0324  0.0326  0.0331  0.0335  0.0327  0.0330  0.0322  0.0324
niter,ni,del,rscale     3    3    5.0000    0.6000
parameters
   -0.9455   16.0519    6.4919   -9.1886  -14.5882   -4.7726
   -1.7565    2.0942    3.6973   20.1940   -0.9283  -17.3274
eta,q 0.96821 12.66236
  0.0329  0.0327  0.0324  0.0323  0.0322  0.0323  0.0327  0.0330  0.0324  0.0327  0.0321  0.0322
  0.0323  0.0322  0.0320  0.0320  0.0320  0.0321  0.0322  0.0323  0.0321  0.0322  0.0319  0.0320
  0.0319  0.0319  0.0319  0.0319  0.0319  0.0319  0.0319  0.0319  0.0319  0.0319  0.0318  0.0318
  0.0318  0.0318  0.0318  0.0318  0.0318  0.0318  0.0318  0.0318  0.0318  0.0318  0.0318  0.0318
  0.0319  0.0319  0.0319  0.0318  0.0318  0.0318  0.0319  0.0319  0.0319  0.0319  0.0318  0.0318
  0.0323  0.0322  0.0320  0.0320  0.0320  0.0320  0.0322  0.0323  0.0321  0.0321  0.0319  0.0320
  0.0329  0.0326  0.0324  0.0323  0.0322  0.0323  0.0327  0.0330  0.0324  0.0326  0.0321  0.0322
niter,ni,del,rscale     2    3    5.0000    0.5000
parameters
   -0.9426   16.0568    6.5185   -9.0123  -14.4823   -4.5131
   -1.7319    2.1197    3.7011   20.3203   -0.9438  -17.2834
eta,q 0.96823 12.69551
  0.0326  0.0324  0.0322  0.0322  0.0321  0.0322  0.0324  0.0327  0.0322  0.0324  0.0320  0.0321
  0.0321  0.0321  0.0320  0.0320  0.0319  0.0320  0.0321  0.0322  0.0320  0.0321  0.0319  0.0319
  0.0319  0.0319  0.0318  0.0318  0.0318  0.0319  0.0319  0.0319  0.0318  0.0319  0.0318  0.0318
  0.0318  0.0318  0.0318  0.0318  0.0318  0.0318  0.0318  0.0318  0.0318  0.0318  0.0318  0.0318
  0.0319  0.0319  0.0318  0.0318  0.0318  0.0318  0.0318  0.0319  0.0318  0.0318  0.0318  0.0318
  0.0321  0.0321  0.0319  0.0319  0.0319  0.0319  0.0321  0.0321  0.0320  0.0320  0.0319  0.0319
  0.0326  0.0324  0.0322  0.0321  0.0321  0.0321  0.0324  0.0326  0.0322  0.0323  0.0320  0.0321
niter,ni,del,rscale     1    3    5.0000    0.4000
parameters
   -0.9417   16.0507    6.5372   -8.8094  -14.2869   -4.2793
   -1.7140    2.1216    3.7288   20.4609   -0.9681  -17.2497
eta,q 0.96823 12.73403
  0.0323  0.0322  0.0320  0.0320  0.0320  0.0321  0.0322  0.0323  0.0321  0.0322  0.0319  0.0320
  0.0320  0.0320  0.0319  0.0319  0.0319  0.0319  0.0320  0.0320  0.0319  0.0320  0.0318  0.0319
  0.0318  0.0318  0.0318  0.0318  0.0318  0.0318  0.0318  0.0318  0.0318  0.0318  0.0318  0.0318
  0.0318  0.0318  0.0318  0.0318  0.0318  0.0318  0.0318  0.0318  0.0318  0.0318  0.0318  0.0318
  0.0318  0.0318  0.0318  0.0318  0.0318  0.0318  0.0318  0.0318  0.0318  0.0318  0.0318  0.0318
  0.0320  0.0320  0.0319  0.0318  0.0318  0.0319  0.0320  0.0320  0.0319  0.0319  0.0318  0.0318
  0.0323  0.0322  0.0320  0.0320  0.0319  0.0320  0.0322  0.0323  0.0321  0.0321  0.0319  0.0320
registration optimization eta report
parameter search radius
    0.8000    0.8000    0.8000    2.4000    2.4000    2.4000
    2.4000    2.4000    2.4000    2.4000    2.4000    2.4000
100000*second partial in parameter space
       78.       61.       39.        4.        3.        4.
        7.       10.        5.        7.        3.        3.
  0.0323  0.0322  0.0320  0.0320  0.0320  0.0321  0.0322  0.0323  0.0321  0.0322  0.0319  0.0320
  0.0320  0.0320  0.0319  0.0319  0.0319  0.0319  0.0320  0.0320  0.0319  0.0320  0.0318  0.0319
  0.0318  0.0318  0.0318  0.0318  0.0318  0.0318  0.0318  0.0318  0.0318  0.0318  0.0318  0.0318
  0.0318  0.0318  0.0318  0.0318  0.0318  0.0318  0.0318  0.0318  0.0318  0.0318  0.0318  0.0318
  0.0318  0.0318  0.0318  0.0318  0.0318  0.0318  0.0318  0.0318  0.0318  0.0318  0.0318  0.0318
  0.0320  0.0320  0.0319  0.0318  0.0318  0.0319  0.0320  0.0320  0.0319  0.0319  0.0318  0.0318
  0.0323  0.0322  0.0320  0.0320  0.0319  0.0320  0.0322  0.0323  0.0321  0.0321  0.0319  0.0320
   -0.9417   16.0507    6.5372   -8.8094  -14.2869   -4.2793
   -1.7140    2.1216    3.7288   20.4609   -0.9681  -17.2497
eta,q 0.96823 12.73403

---------------------------------------------------------------------
compute_vox2vox talsrcimg talsrcimg_to_711-2C_as_mni_average_305_t4 /opt/freesurfer/average/711-2C_as_mni_average_305
---------------------------------------------------------------------

freesurfer compute_vox2vox.c
Reading: talsrcimg.4dfp.ifh
Reading: talsrcimg_to_711-2C_as_mni_average_305_t4
Reading: /opt/freesurfer/average/711-2C_as_mni_average_305.4dfp.ifh
Writing: talsrcimg_to_711-2C_as_mni_average_305_t4_vox2vox.txt

start time Tue Mar 10 02:21:30 CET 2026
end		time Tue Mar 10 02:22:58 CET 2026

mpr2mni305 success

avi2talxfm orig_nu.mgz /opt/freesurfer/average/mni305.cor.mgz talsrcimg_to_711-2C_as_mni_average_305_t4_vox2vox.txt transforms/talairach.auto.xfm
avi2talxfm done
mv -f /out/sourcedata/freesurfer/sub-v1s4x0050693_ses-1/mri/talsrcimg_to_711-2C_as_mni_average_305_t4_vox2vox.txt /out/sourcedata/freesurfer/sub-v1s4x0050693_ses-1/mri/transforms/talsrcimg_to_711-2C_as_mni_average_305_t4_vox2vox.txt
lta_convert --src orig_nu.mgz --trg /opt/freesurfer/average/mni305.cor.mgz --inxfm transforms/talairach.auto.xfm --outlta transforms/talairach.auto.xfm.lta --subject fsaverage
7.3.2

--src: orig_nu.mgz src image (geometry).
--trg: /opt/freesurfer/average/mni305.cor.mgz trg image (geometry).
--inmni: transforms/talairach.auto.xfm input MNI/XFM transform.
--outlta: transforms/talairach.auto.xfm.lta output LTA.
--s: fsaverage subject name
 LTA read, type : 1
 1.09564  -0.02777   0.01632  -1.17554;
 0.00239   1.00156   0.20161  -29.11178;
-0.04823  -0.23788   1.11785  -41.35242;
 0.00000   0.00000   0.00000   1.00000;
setting subject to fsaverage
Writing  LTA to file transforms/talairach.auto.xfm.lta...
lta_convert successful.
 
 
Started at Tue Mar 10 02:21:29 CET 2026
Ended   at Tue Mar 10 02:22:59 CET 2026
talairach_avi done
