status file for recon-all
Tue Mar 10 05:20:15 CET 2026
#@# Tessellate rh Tue Mar 10 05:20:15 CET 2026
#@# Smooth1 rh Tue Mar 10 05:20:19 CET 2026
#@# Inflation1 rh Tue Mar 10 05:20:21 CET 2026
#@# QSphere rh Tue Mar 10 05:20:33 CET 2026
#@# Fix Topology rh Tue Mar 10 05:21:45 CET 2026
#@# Smooth2 rh Tue Mar 10 05:26:28 CET 2026
#@# Inflation2 rh Tue Mar 10 05:26:31 CET 2026
#@# Curv .H and .K rh Tue Mar 10 05:26:43 CET 2026
#@# Sphere rh Tue Mar 10 05:27:26 CET 2026
#@# Surf Reg rh Tue Mar 10 05:29:26 CET 2026
#@# Jacobian white rh Tue Mar 10 05:32:33 CET 2026
#@# AvgCurv rh Tue Mar 10 05:32:34 CET 2026
#@# Cortical Parc rh Tue Mar 10 05:32:35 CET 2026
#@# white curv rh Tue Mar 10 05:38:22 CET 2026
#@# white area rh Tue Mar 10 05:38:24 CET 2026
#@# pial curv rh Tue Mar 10 05:38:24 CET 2026
#@# pial area rh Tue Mar 10 05:38:26 CET 2026
#@# thickness rh Tue Mar 10 05:38:26 CET 2026
#@# area and vertex vol rh Tue Mar 10 05:38:52 CET 2026
#@# Curvature Stats rh Tue Mar 10 05:38:54 CET 2026
#@# Cortical Parc 2 rh Tue Mar 10 05:38:56 CET 2026
#@# Cortical Parc 3 rh Tue Mar 10 05:39:08 CET 2026
#@# WM/GM Contrast rh Tue Mar 10 05:39:17 CET 2026
recon-all -s sub-v1s4x0050710_ses-1 finished without error at Tue Mar 10 05:39:20 CET 2026



#New# invocation of recon-all 



status file for recon-all
Tue Mar 10 05:47:00 CET 2026
#@# white curv rh Tue Mar 10 05:47:01 CET 2026
#@# white area rh Tue Mar 10 05:47:01 CET 2026
#@# pial curv rh Tue Mar 10 05:47:01 CET 2026
#@# pial area rh Tue Mar 10 05:47:01 CET 2026
#@# thickness rh Tue Mar 10 05:47:01 CET 2026
#@# area and vertex vol rh Tue Mar 10 05:47:01 CET 2026
#@# Parcellation Stats rh Tue Mar 10 05:47:01 CET 2026
#@# Parcellation Stats 2 rh Tue Mar 10 05:47:16 CET 2026
#@# Parcellation Stats 3 rh Tue Mar 10 05:47:24 CET 2026
#@# BA_exvivo Labels rh Tue Mar 10 05:47:33 CET 2026
recon-all -s sub-v1s4x0050710_ses-1 finished without error at Tue Mar 10 05:49:56 CET 2026
