status file for recon-all
Tue Mar 10 05:05:18 CET 2026
#@# Tessellate rh Tue Mar 10 05:05:18 CET 2026
#@# Smooth1 rh Tue Mar 10 05:05:21 CET 2026
#@# Inflation1 rh Tue Mar 10 05:05:25 CET 2026
#@# QSphere rh Tue Mar 10 05:05:41 CET 2026
#@# Fix Topology rh Tue Mar 10 05:07:36 CET 2026
#@# Smooth2 rh Tue Mar 10 05:14:44 CET 2026
#@# Inflation2 rh Tue Mar 10 05:14:47 CET 2026
#@# Curv .H and .K rh Tue Mar 10 05:15:06 CET 2026
#@# Sphere rh Tue Mar 10 05:15:57 CET 2026
#@# Surf Reg rh Tue Mar 10 05:19:08 CET 2026
#@# Jacobian white rh Tue Mar 10 05:26:09 CET 2026
#@# AvgCurv rh Tue Mar 10 05:26:11 CET 2026
#@# Cortical Parc rh Tue Mar 10 05:26:11 CET 2026
#@# white curv rh Tue Mar 10 05:34:10 CET 2026
#@# white area rh Tue Mar 10 05:34:12 CET 2026
#@# pial curv rh Tue Mar 10 05:34:13 CET 2026
#@# pial area rh Tue Mar 10 05:34:15 CET 2026
#@# thickness rh Tue Mar 10 05:34:16 CET 2026
#@# area and vertex vol rh Tue Mar 10 05:34:53 CET 2026
#@# Curvature Stats rh Tue Mar 10 05:34:55 CET 2026
#@# Cortical Parc 2 rh Tue Mar 10 05:34:58 CET 2026
#@# Cortical Parc 3 rh Tue Mar 10 05:35:12 CET 2026
#@# WM/GM Contrast rh Tue Mar 10 05:35:24 CET 2026
recon-all -s sub-v1s4x0050703_ses-1 finished without error at Tue Mar 10 05:35:27 CET 2026



#New# invocation of recon-all 



status file for recon-all
Tue Mar 10 05:45:06 CET 2026
#@# white curv rh Tue Mar 10 05:45:07 CET 2026
#@# white area rh Tue Mar 10 05:45:07 CET 2026
#@# pial curv rh Tue Mar 10 05:45:07 CET 2026
#@# pial area rh Tue Mar 10 05:45:07 CET 2026
#@# thickness rh Tue Mar 10 05:45:07 CET 2026
#@# area and vertex vol rh Tue Mar 10 05:45:07 CET 2026
#@# Parcellation Stats rh Tue Mar 10 05:45:07 CET 2026
#@# Parcellation Stats 2 rh Tue Mar 10 05:45:30 CET 2026
#@# Parcellation Stats 3 rh Tue Mar 10 05:45:41 CET 2026
#@# BA_exvivo Labels rh Tue Mar 10 05:45:53 CET 2026
recon-all -s sub-v1s4x0050703_ses-1 finished without error at Tue Mar 10 05:49:10 CET 2026
