status file for recon-all
Tue Mar 10 02:43:48 CET 2026
#@# MotionCor Tue Mar 10 02:43:50 CET 2026
#@# Talairach Tue Mar 10 02:44:01 CET 2026
#@# Talairach Failure Detection Tue Mar 10 02:48:28 CET 2026
#@# Nu Intensity Correction Tue Mar 10 02:48:28 CET 2026
#@# Intensity Normalization Tue Mar 10 02:51:46 CET 2026
recon-all -s sub-v1s4x0050703_ses-1 finished without error at Tue Mar 10 02:53:21 CET 2026



#New# invocation of recon-all 



status file for recon-all
Tue Mar 10 03:00:40 CET 2026
#@# EM Registration Tue Mar 10 03:00:40 CET 2026
recon-all -s sub-v1s4x0050703_ses-1 finished without error at Tue Mar 10 03:02:32 CET 2026



#New# invocation of recon-all 



status file for recon-all
Tue Mar 10 03:02:35 CET 2026
#@# CA Normalize Tue Mar 10 03:02:35 CET 2026
#@# CA Reg Tue Mar 10 03:03:55 CET 2026
#@# SubCort Seg Tue Mar 10 03:58:09 CET 2026
#@# CC Seg Tue Mar 10 04:31:55 CET 2026
#@# Merge ASeg Tue Mar 10 04:32:29 CET 2026
#@# Intensity Normalization2 Tue Mar 10 04:32:29 CET 2026
#@# Mask BFS Tue Mar 10 04:34:47 CET 2026
#@# WM Segmentation Tue Mar 10 04:34:48 CET 2026
#@# Fill Tue Mar 10 04:36:36 CET 2026
recon-all -s sub-v1s4x0050703_ses-1 finished without error at Tue Mar 10 04:37:40 CET 2026



#New# invocation of recon-all 



status file for recon-all
Tue Mar 10 05:35:32 CET 2026
#@# white curv lh Tue Mar 10 05:35:32 CET 2026
#@# white area lh Tue Mar 10 05:35:32 CET 2026
#@# pial curv lh Tue Mar 10 05:35:32 CET 2026
#@# pial area lh Tue Mar 10 05:35:32 CET 2026
#@# thickness lh Tue Mar 10 05:35:32 CET 2026
#@# area and vertex vol lh Tue Mar 10 05:35:32 CET 2026
#@# white curv rh Tue Mar 10 05:35:32 CET 2026
#@# white area rh Tue Mar 10 05:35:32 CET 2026
#@# pial curv rh Tue Mar 10 05:35:32 CET 2026
#@# pial area rh Tue Mar 10 05:35:32 CET 2026
#@# thickness rh Tue Mar 10 05:35:32 CET 2026
#@# area and vertex vol rh Tue Mar 10 05:35:32 CET 2026
#@# Cortical ribbon mask Tue Mar 10 05:35:32 CET 2026
recon-all -s sub-v1s4x0050703_ses-1 finished without error at Tue Mar 10 05:41:07 CET 2026



#New# invocation of recon-all 



status file for recon-all
Tue Mar 10 05:49:16 CET 2026
#@# white curv lh Tue Mar 10 05:49:16 CET 2026
#@# white area lh Tue Mar 10 05:49:16 CET 2026
#@# pial curv lh Tue Mar 10 05:49:16 CET 2026
#@# pial area lh Tue Mar 10 05:49:16 CET 2026
#@# thickness lh Tue Mar 10 05:49:16 CET 2026
#@# area and vertex vol lh Tue Mar 10 05:49:16 CET 2026
#@# white curv rh Tue Mar 10 05:49:16 CET 2026
#@# white area rh Tue Mar 10 05:49:16 CET 2026
#@# pial curv rh Tue Mar 10 05:49:16 CET 2026
#@# pial area rh Tue Mar 10 05:49:16 CET 2026
#@# thickness rh Tue Mar 10 05:49:16 CET 2026
#@# area and vertex vol rh Tue Mar 10 05:49:16 CET 2026
#@# Curvature Stats lh Tue Mar 10 05:49:16 CET 2026
#@# Curvature Stats rh Tue Mar 10 05:49:19 CET 2026
#@# Relabel Hypointensities Tue Mar 10 05:49:22 CET 2026
#@# APas-to-ASeg Tue Mar 10 05:49:39 CET 2026
#@# AParc-to-ASeg aparc Tue Mar 10 05:49:50 CET 2026
#@# AParc-to-ASeg aparc.a2009s Tue Mar 10 05:50:23 CET 2026
#@# AParc-to-ASeg aparc.DKTatlas Tue Mar 10 05:50:56 CET 2026
#@# WMParc Tue Mar 10 05:51:28 CET 2026
#@# ASeg Stats Tue Mar 10 05:56:10 CET 2026
recon-all -s sub-v1s4x0050703_ses-1 finished without error at Tue Mar 10 05:56:55 CET 2026
